Warning	19-10-2021 12:12:29	Microsoft-Windows-DistributedCOM	10016	None	"The application-specific permission settings do not grant Local Activation permission for the COM Server application with CLSID 
{9E175B6D-F52A-11D8-B9A5-505054503030}
 and APPID 
{9E175B9C-F52A-11D8-B9A5-505054503030}
 to the user LAPTOP-7EVMU4TQ\mahendra SID (S-1-5-21-38077573-387163758-1783380300-1002) from address LocalHost (Using LRPC) running in the application container Unavailable SID (S-1-15-2-3069428859-1051649847-2445250871-2226196090-2803132571-1997766929-18450308). This security permission can be modified using the Component Services administrative tool."
Warning	19-10-2021 12:11:57	Microsoft-Windows-DistributedCOM	10016	None	"The application-specific permission settings do not grant Local Activation permission for the COM Server application with CLSID 
{9E175B6D-F52A-11D8-B9A5-505054503030}
 and APPID 
{9E175B9C-F52A-11D8-B9A5-505054503030}
 to the user LAPTOP-7EVMU4TQ\mahendra SID (S-1-5-21-38077573-387163758-1783380300-1002) from address LocalHost (Using LRPC) running in the application container Unavailable SID (S-1-15-2-3069428859-1051649847-2445250871-2226196090-2803132571-1997766929-18450308). This security permission can be modified using the Component Services administrative tool."
Warning	19-10-2021 12:11:50	Microsoft-Windows-DistributedCOM	10016	None	"The application-specific permission settings do not grant Local Activation permission for the COM Server application with CLSID 
{9E175B6D-F52A-11D8-B9A5-505054503030}
 and APPID 
{9E175B9C-F52A-11D8-B9A5-505054503030}
 to the user LAPTOP-7EVMU4TQ\mahendra SID (S-1-5-21-38077573-387163758-1783380300-1002) from address LocalHost (Using LRPC) running in the application container Unavailable SID (S-1-15-2-3069428859-1051649847-2445250871-2226196090-2803132571-1997766929-18450308). This security permission can be modified using the Component Services administrative tool."
Warning	19-10-2021 12:10:39	Microsoft-Windows-DistributedCOM	10016	None	"The application-specific permission settings do not grant Local Activation permission for the COM Server application with CLSID 
{9E175B6D-F52A-11D8-B9A5-505054503030}
 and APPID 
{9E175B9C-F52A-11D8-B9A5-505054503030}
 to the user LAPTOP-7EVMU4TQ\mahendra SID (S-1-5-21-38077573-387163758-1783380300-1002) from address LocalHost (Using LRPC) running in the application container Unavailable SID (S-1-15-2-3069428859-1051649847-2445250871-2226196090-2803132571-1997766929-18450308). This security permission can be modified using the Component Services administrative tool."
Warning	19-10-2021 12:07:02	Microsoft-Windows-DistributedCOM	10016	None	"The application-specific permission settings do not grant Local Activation permission for the COM Server application with CLSID 
{9E175B6D-F52A-11D8-B9A5-505054503030}
 and APPID 
{9E175B9C-F52A-11D8-B9A5-505054503030}
 to the user LAPTOP-7EVMU4TQ\mahendra SID (S-1-5-21-38077573-387163758-1783380300-1002) from address LocalHost (Using LRPC) running in the application container Unavailable SID (S-1-15-2-3069428859-1051649847-2445250871-2226196090-2803132571-1997766929-18450308). This security permission can be modified using the Component Services administrative tool."
Warning	19-10-2021 12:03:02	Microsoft-Windows-DistributedCOM	10016	None	"The application-specific permission settings do not grant Local Activation permission for the COM Server application with CLSID 
{9E175B6D-F52A-11D8-B9A5-505054503030}
 and APPID 
{9E175B9C-F52A-11D8-B9A5-505054503030}
 to the user LAPTOP-7EVMU4TQ\mahendra SID (S-1-5-21-38077573-387163758-1783380300-1002) from address LocalHost (Using LRPC) running in the application container Unavailable SID (S-1-15-2-3069428859-1051649847-2445250871-2226196090-2803132571-1997766929-18450308). This security permission can be modified using the Component Services administrative tool."
Information	19-10-2021 12:00:00	EventLog	6013	None	The system uptime is 324852 seconds.
Warning	19-10-2021 11:56:33	Microsoft-Windows-DistributedCOM	10016	None	"The application-specific permission settings do not grant Local Activation permission for the COM Server application with CLSID 
{9E175B6D-F52A-11D8-B9A5-505054503030}
 and APPID 
{9E175B9C-F52A-11D8-B9A5-505054503030}
 to the user LAPTOP-7EVMU4TQ\mahendra SID (S-1-5-21-38077573-387163758-1783380300-1002) from address LocalHost (Using LRPC) running in the application container Unavailable SID (S-1-15-2-3069428859-1051649847-2445250871-2226196090-2803132571-1997766929-18450308). This security permission can be modified using the Component Services administrative tool."
Warning	19-10-2021 11:54:00	Microsoft-Windows-DistributedCOM	10016	None	"The application-specific permission settings do not grant Local Activation permission for the COM Server application with CLSID 
{9E175B6D-F52A-11D8-B9A5-505054503030}
 and APPID 
{9E175B9C-F52A-11D8-B9A5-505054503030}
 to the user LAPTOP-7EVMU4TQ\mahendra SID (S-1-5-21-38077573-387163758-1783380300-1002) from address LocalHost (Using LRPC) running in the application container Unavailable SID (S-1-15-2-3069428859-1051649847-2445250871-2226196090-2803132571-1997766929-18450308). This security permission can be modified using the Component Services administrative tool."
Warning	19-10-2021 11:53:54	Microsoft-Windows-DistributedCOM	10016	None	"The application-specific permission settings do not grant Local Activation permission for the COM Server application with CLSID 
{9E175B6D-F52A-11D8-B9A5-505054503030}
 and APPID 
{9E175B9C-F52A-11D8-B9A5-505054503030}
 to the user LAPTOP-7EVMU4TQ\mahendra SID (S-1-5-21-38077573-387163758-1783380300-1002) from address LocalHost (Using LRPC) running in the application container Unavailable SID (S-1-15-2-3069428859-1051649847-2445250871-2226196090-2803132571-1997766929-18450308). This security permission can be modified using the Component Services administrative tool."
Warning	19-10-2021 11:53:50	Microsoft-Windows-DistributedCOM	10016	None	"The application-specific permission settings do not grant Local Activation permission for the COM Server application with CLSID 
{9E175B6D-F52A-11D8-B9A5-505054503030}
 and APPID 
{9E175B9C-F52A-11D8-B9A5-505054503030}
 to the user LAPTOP-7EVMU4TQ\mahendra SID (S-1-5-21-38077573-387163758-1783380300-1002) from address LocalHost (Using LRPC) running in the application container Unavailable SID (S-1-15-2-3069428859-1051649847-2445250871-2226196090-2803132571-1997766929-18450308). This security permission can be modified using the Component Services administrative tool."
Warning	19-10-2021 11:53:38	Microsoft-Windows-DistributedCOM	10016	None	"The application-specific permission settings do not grant Local Activation permission for the COM Server application with CLSID 
{9E175B6D-F52A-11D8-B9A5-505054503030}
 and APPID 
{9E175B9C-F52A-11D8-B9A5-505054503030}
 to the user LAPTOP-7EVMU4TQ\mahendra SID (S-1-5-21-38077573-387163758-1783380300-1002) from address LocalHost (Using LRPC) running in the application container Unavailable SID (S-1-15-2-3069428859-1051649847-2445250871-2226196090-2803132571-1997766929-18450308). This security permission can be modified using the Component Services administrative tool."
Warning	19-10-2021 11:53:29	Microsoft-Windows-DistributedCOM	10016	None	"The application-specific permission settings do not grant Local Activation permission for the COM Server application with CLSID 
{9E175B6D-F52A-11D8-B9A5-505054503030}
 and APPID 
{9E175B9C-F52A-11D8-B9A5-505054503030}
 to the user LAPTOP-7EVMU4TQ\mahendra SID (S-1-5-21-38077573-387163758-1783380300-1002) from address LocalHost (Using LRPC) running in the application container Unavailable SID (S-1-15-2-3069428859-1051649847-2445250871-2226196090-2803132571-1997766929-18450308). This security permission can be modified using the Component Services administrative tool."
Information	19-10-2021 11:37:31	Microsoft-Windows-Kernel-General	16	None	The access history in hive \??\C:\ProgramData\Packages\Microsoft.WindowsNotepad_8wekyb3d8bbwe\S-1-5-21-38077573-387163758-1783380300-1002\SystemAppData\Helium\Cache\4c15689769aad169_COM15.dat was cleared updating 1 keys and creating 1 modified pages.
Information	19-10-2021 11:37:31	Microsoft-Windows-Kernel-General	16	None	The access history in hive \??\C:\Users\mahendra\AppData\Local\Packages\Microsoft.WindowsNotepad_8wekyb3d8bbwe\SystemAppData\Helium\UserClasses.dat was cleared updating 1 keys and creating 1 modified pages.
Information	19-10-2021 11:37:31	Microsoft-Windows-Kernel-General	16	None	The access history in hive \??\C:\Users\mahendra\AppData\Local\Packages\Microsoft.WindowsNotepad_8wekyb3d8bbwe\SystemAppData\Helium\User.dat was cleared updating 7 keys and creating 1 modified pages.
Warning	19-10-2021 11:34:42	Microsoft-Windows-DistributedCOM	10016	None	"The application-specific permission settings do not grant Local Activation permission for the COM Server application with CLSID 
{8BC3F05E-D86B-11D0-A075-00C04FB68820}
 and APPID 
{8BC3F05E-D86B-11D0-A075-00C04FB68820}
 to the user LAPTOP-7EVMU4TQ\mahendra SID (S-1-5-21-38077573-387163758-1783380300-1002) from address LocalHost (Using LRPC) running in the application container Unavailable SID (S-1-15-2-3069428859-1051649847-2445250871-2226196090-2803132571-1997766929-18450308). This security permission can be modified using the Component Services administrative tool."
Information	19-10-2021 11:33:39	Microsoft-Windows-Kernel-Power	105	(100)	Power source change.
Information	19-10-2021 11:21:28	Service Control Manager	7040	None	The start type of the Background Intelligent Transfer Service service was changed from auto start to demand start.
Information	19-10-2021 11:17:54	Service Control Manager	7040	None	The start type of the Background Intelligent Transfer Service service was changed from demand start to auto start.
Warning	19-10-2021 11:16:09	Microsoft-Windows-DistributedCOM	10016	None	"The application-specific permission settings do not grant Local Activation permission for the COM Server application with CLSID 
{2593F8B9-4EAF-457C-B68A-50F6B8EA6B54}
 and APPID 
{15C20B67-12E7-4BB6-92BB-7AFF07997402}
 to the user LAPTOP-7EVMU4TQ\mahendra SID (S-1-5-21-38077573-387163758-1783380300-1002) from address LocalHost (Using LRPC) running in the application container Unavailable SID (Unavailable). This security permission can be modified using the Component Services administrative tool."
Information	19-10-2021 11:09:40	Microsoft-Windows-Kernel-Power	105	(100)	Power source change.
Warning	19-10-2021 11:04:00	Microsoft-Windows-DistributedCOM	10016	None	"The application-specific permission settings do not grant Local Activation permission for the COM Server application with CLSID 
{2593F8B9-4EAF-457C-B68A-50F6B8EA6B54}
 and APPID 
{15C20B67-12E7-4BB6-92BB-7AFF07997402}
 to the user LAPTOP-7EVMU4TQ\mahendra SID (S-1-5-21-38077573-387163758-1783380300-1002) from address LocalHost (Using LRPC) running in the application container Unavailable SID (Unavailable). This security permission can be modified using the Component Services administrative tool."
Information	19-10-2021 10:59:21	Microsoft-Windows-Kernel-Power	105	(100)	Power source change.
Information	19-10-2021 10:59:16	Microsoft-Windows-Kernel-General	16	None	The access history in hive \??\C:\Users\mahendra\AppData\Local\Packages\Microsoft.ZuneMusic_8wekyb3d8bbwe\Settings\settings.dat was cleared updating 2 keys and creating 1 modified pages.
Warning	19-10-2021 10:49:38	Microsoft-Windows-DistributedCOM	10016	None	"The application-specific permission settings do not grant Local Activation permission for the COM Server application with CLSID 
{2593F8B9-4EAF-457C-B68A-50F6B8EA6B54}
 and APPID 
{15C20B67-12E7-4BB6-92BB-7AFF07997402}
 to the user LAPTOP-7EVMU4TQ\mahendra SID (S-1-5-21-38077573-387163758-1783380300-1002) from address LocalHost (Using LRPC) running in the application container Unavailable SID (Unavailable). This security permission can be modified using the Component Services administrative tool."
Warning	19-10-2021 10:47:05	Microsoft-Windows-DistributedCOM	10016	None	"The application-specific permission settings do not grant Local Activation permission for the COM Server application with CLSID 
{2593F8B9-4EAF-457C-B68A-50F6B8EA6B54}
 and APPID 
{15C20B67-12E7-4BB6-92BB-7AFF07997402}
 to the user LAPTOP-7EVMU4TQ\mahendra SID (S-1-5-21-38077573-387163758-1783380300-1002) from address LocalHost (Using LRPC) running in the application container Unavailable SID (Unavailable). This security permission can be modified using the Component Services administrative tool."
Warning	19-10-2021 10:46:56	Microsoft-Windows-DistributedCOM	10016	None	"The application-specific permission settings do not grant Local Activation permission for the COM Server application with CLSID 
{2593F8B9-4EAF-457C-B68A-50F6B8EA6B54}
 and APPID 
{15C20B67-12E7-4BB6-92BB-7AFF07997402}
 to the user LAPTOP-7EVMU4TQ\mahendra SID (S-1-5-21-38077573-387163758-1783380300-1002) from address LocalHost (Using LRPC) running in the application container Unavailable SID (Unavailable). This security permission can be modified using the Component Services administrative tool."
Information	19-10-2021 10:42:16	Microsoft-Windows-WindowsUpdateClient	19	Windows Update Agent	Installation Successful: Windows successfully installed the following update: Security Intelligence Update for Microsoft Defender Antivirus - KB2267602 (Version 1.351.667.0)
Information	19-10-2021 10:41:42	Microsoft-Windows-WindowsUpdateClient	43	Windows Update Agent	Installation Started: Windows has started installing the following update: Security Intelligence Update for Microsoft Defender Antivirus - KB2267602 (Version 1.351.667.0)
Information	19-10-2021 10:41:42	Microsoft-Windows-WindowsUpdateClient	44	Windows Update Agent	Windows Update started downloading an update.
Warning	19-10-2021 10:30:42	Microsoft-Windows-DistributedCOM	10016	None	"The application-specific permission settings do not grant Local Activation permission for the COM Server application with CLSID 
{2593F8B9-4EAF-457C-B68A-50F6B8EA6B54}
 and APPID 
{15C20B67-12E7-4BB6-92BB-7AFF07997402}
 to the user LAPTOP-7EVMU4TQ\mahendra SID (S-1-5-21-38077573-387163758-1783380300-1002) from address LocalHost (Using LRPC) running in the application container Unavailable SID (Unavailable). This security permission can be modified using the Component Services administrative tool."
Warning	19-10-2021 10:30:20	Microsoft-Windows-DistributedCOM	10016	None	"The application-specific permission settings do not grant Local Activation permission for the COM Server application with CLSID 
{2593F8B9-4EAF-457C-B68A-50F6B8EA6B54}
 and APPID 
{15C20B67-12E7-4BB6-92BB-7AFF07997402}
 to the user LAPTOP-7EVMU4TQ\mahendra SID (S-1-5-21-38077573-387163758-1783380300-1002) from address LocalHost (Using LRPC) running in the application container Unavailable SID (Unavailable). This security permission can be modified using the Component Services administrative tool."
Warning	19-10-2021 10:30:13	Microsoft-Windows-DistributedCOM	10016	None	"The application-specific permission settings do not grant Local Activation permission for the COM Server application with CLSID 
{2593F8B9-4EAF-457C-B68A-50F6B8EA6B54}
 and APPID 
{15C20B67-12E7-4BB6-92BB-7AFF07997402}
 to the user LAPTOP-7EVMU4TQ\mahendra SID (S-1-5-21-38077573-387163758-1783380300-1002) from address LocalHost (Using LRPC) running in the application container Unavailable SID (Unavailable). This security permission can be modified using the Component Services administrative tool."
Warning	19-10-2021 10:18:49	Microsoft-Windows-Kernel-Processor-Power	37	(7)	The speed of processor 7 in group 0 is being limited by system firmware. The processor has been in this reduced performance state for 161353 seconds since the last report.
Information	19-10-2021 10:15:59	Microsoft-Windows-Kernel-General	16	None	The access history in hive \??\C:\Users\mahendra\AppData\Local\Packages\AD2F1837.HPSupportAssistant_v10z8vjag6ke6\Settings\settings.dat was cleared updating 9 keys and creating 1 modified pages.
Information	19-10-2021 09:45:53	Microsoft-Windows-Kernel-Power	105	(100)	Power source change.
Information	19-10-2021 08:34:08	Microsoft-Windows-Kernel-General	1	(5)	"The system time has changed to ‎2021‎-‎10‎-‎19T03:04:08.342803200Z from ‎2021‎-‎10‎-‎19T03:04:08.342816700Z.

Change Reason: An application or system component changed the time.
Process: '\Device\HarddiskVolume3\Windows\System32\svchost.exe' (PID 12040).

RTC time: ‎2021‎-‎10‎-‎19T08:34:08.342803200Z
Current time zone bias: -330
RTC time is in UTC: false
System time was based on RTC time: false"
Information	19-10-2021 08:34:08	Microsoft-Windows-Kernel-General	24	(11)	The time zone information was refreshed with exit reason 0. Current time zone bias is -330.
Information	19-10-2021 08:34:08	Microsoft-Windows-Time-Service	35	None	The time service is now synchronizing the system time with the time source time.windows.com,0x9 (ntp.m|0x9|0.0.0.0:123->40.81.94.65:123) with reference id 1096700200. Current local stratum number is 4.
Information	19-10-2021 08:34:08	Microsoft-Windows-Time-Service	37	None	The time provider NtpClient is currently receiving valid time data from time.windows.com,0x9 (ntp.m|0x9|0.0.0.0:123->40.81.94.65:123).
Warning	19-10-2021 08:33:30	Microsoft-Windows-DistributedCOM	10016	None	"The application-specific permission settings do not grant Local Activation permission for the COM Server application with CLSID 
{2593F8B9-4EAF-457C-B68A-50F6B8EA6B54}
 and APPID 
{15C20B67-12E7-4BB6-92BB-7AFF07997402}
 to the user LAPTOP-7EVMU4TQ\mahendra SID (S-1-5-21-38077573-387163758-1783380300-1002) from address LocalHost (Using LRPC) running in the application container Unavailable SID (Unavailable). This security permission can be modified using the Component Services administrative tool."
Error	19-10-2021 08:33:23	Server	2505	None	The server could not bind to the transport \Device\NetBT_Tcpip_{9F961AE3-9423-4C8B-AB48-B1886999008B} because another computer on the network has the same name.  The server could not start.
Warning	19-10-2021 08:26:28	Microsoft-Windows-Time-Service	134	None	NtpClient was unable to set a manual peer to use as a time source because of DNS resolution error on 'time.windows.com,0x9'. NtpClient will try again in 15 minutes and double the reattempt interval thereafter. The error was: No such host is known. (0x80072AF9)
Information	19-10-2021 08:26:00	Microsoft-Windows-Winlogon	7001	(1101)	User Logon Notification for Customer Experience Improvement Program
Error	19-10-2021 08:25:51	Server	2505	None	The server could not bind to the transport \Device\NetBT_Tcpip_{59426481-F96A-490F-9157-08A6F626BD36} because another computer on the network has the same name.  The server could not start.
Information	19-10-2021 08:25:50	Microsoft-Windows-Power-Troubleshooter	1	None	"The system has returned from a low power state.

Sleep Time: ‎2021‎-‎10‎-‎19T02:38:33.641680000Z
Wake Time: ‎2021‎-‎10‎-‎19T02:55:48.678238500Z

Wake Source: Power Button"
Warning	19-10-2021 08:25:49	Microsoft-Windows-Time-Service	134	None	NtpClient was unable to set a manual peer to use as a time source because of DNS resolution error on 'time.windows.com,0x9'. NtpClient will try again in 15 minutes and double the reattempt interval thereafter. The error was: No such host is known. (0x80072AF9)
Information	19-10-2021 08:25:48	Microsoft-Windows-Kernel-Power	566	(268)	"The system session has transitioned from 115 to 117.

Reason: 5"
Information	19-10-2021 08:25:48	Microsoft-Windows-Kernel-Power	566	(268)	"The system session has transitioned from 114 to 115.

Reason: 5"
Information	19-10-2021 08:25:47	Microsoft-Windows-Kernel-Power	130	(33)	Firmware S3 times. SuspendStart: 166171423, SuspendEnd: 166171424
Information	19-10-2021 08:25:47	Microsoft-Windows-Kernel-Power	131	(33)	Firmware S3 times. ResumeCount: 1, FullResume: 1027, AverageResume: 1027
Information	19-10-2021 08:25:47	Microsoft-Windows-Kernel-General	1	(5)	"The system time has changed to ‎2021‎-‎10‎-‎19T02:55:47.500000000Z from ‎2021‎-‎10‎-‎19T02:38:46.666193500Z.

Change Reason: System time synchronized with the hardware clock.
Process: '' (PID 4).

RTC time: ‎2021‎-‎10‎-‎19T08:25:47.500000000Z
Current time zone bias: -330
RTC time is in UTC: false
System time was based on RTC time: false"
Information	19-10-2021 08:08:46	Microsoft-Windows-Kernel-Power	107	(102)	The system has resumed from sleep.
Information	19-10-2021 08:08:42	Microsoft-Windows-Kernel-Power	42	(64)	"The system is entering sleep.

Sleep Reason: System Idle"
Information	19-10-2021 08:08:34	Microsoft-Windows-Kernel-Power	566	(268)	"The system session has transitioned from 112 to 114.

Reason: 5"
Information	19-10-2021 08:08:22	Microsoft-Windows-Kernel-Power	566	(268)	"The system session has transitioned from 111 to 112.

Reason: 5"
Information	19-10-2021 08:03:19	Microsoft-Windows-Power-Troubleshooter	1	None	"The system has returned from a low power state.

Sleep Time: ‎2021‎-‎10‎-‎18T18:13:32.831149900Z
Wake Time: ‎2021‎-‎10‎-‎19T02:33:15.023410000Z

Wake Source: Unknown"
Information	19-10-2021 08:03:15	Microsoft-Windows-Kernel-Power	566	(268)	"The system session has transitioned from 109 to 111.

Reason: 5"
Error	19-10-2021 08:03:14	Server	2505	None	The server could not bind to the transport \Device\NetBT_Tcpip_{59426481-F96A-490F-9157-08A6F626BD36} because another computer on the network has the same name.  The server could not start.
Information	19-10-2021 08:03:12	Microsoft-Windows-Kernel-Power	566	(268)	"The system session has transitioned from 108 to 109.

Reason: 5"
Information	19-10-2021 08:03:12	Microsoft-Windows-Kernel-Boot	32	(58)	The bootmgr spent 0 ms waiting for user input.
Information	19-10-2021 08:03:12	Microsoft-Windows-Kernel-Boot	18	(57)	There are 0x1 boot options on this system.
Information	19-10-2021 08:03:12	Microsoft-Windows-Kernel-Boot	30	(21)	The firmware reported boot metrics.
Information	19-10-2021 08:03:09	Microsoft-Windows-Kernel-General	1	(5)	"The system time has changed to ‎2021‎-‎10‎-‎19T02:33:09.500000000Z from ‎2021‎-‎10‎-‎18T18:14:20.986376000Z.

Change Reason: System time synchronized with the hardware clock.
Process: '' (PID 4).

RTC time: ‎2021‎-‎10‎-‎19T08:03:09.500000000Z
Current time zone bias: -330
RTC time is in UTC: false
System time was based on RTC time: false"
Information	18-10-2021 23:44:20	Microsoft-Windows-Kernel-Power	107	(102)	The system has resumed from sleep.
Information	18-10-2021 23:43:48	Microsoft-Windows-Kernel-Power	42	(64)	"The system is entering sleep.

Sleep Reason: Application API"
Information	18-10-2021 23:43:33	Microsoft-Windows-Kernel-Power	566	(268)	"The system session has transitioned from 107 to 108.

Reason: 5"
Information	18-10-2021 23:43:32	Microsoft-Windows-Kernel-Power	187	(243)	User-mode process attempted to change the system state by calling SetSuspendState or SetSystemPowerState APIs.
Information	18-10-2021 23:43:30	Microsoft-Windows-Winlogon	7002	(1102)	User Logoff Notification for Customer Experience Improvement Program
Warning	18-10-2021 23:42:54	Microsoft-Windows-DNS-Client	1014	(1014)	Name resolution for the name cp501.prod.do.dsp.mp.microsoft.com timed out after none of the configured DNS servers responded. Client PID 3824.
Error	18-10-2021 23:42:33	Microsoft-Windows-DistributedCOM	10010	None	The server AppUp.IntelGraphicsExperience_1.100.3370.0_x64__8j3eq9eme6ctt!App.AppXk923mdpps0ped0321qkhh91zzcjntqsz.mca did not register with DCOM within the required timeout.
Information	18-10-2021 23:42:10	Microsoft-Windows-Kernel-Power	105	(100)	Power source change.
Information	18-10-2021 23:42:04	User32	1074	None	"The process Explorer.EXE has initiated the power off of computer LAPTOP-7EVMU4TQ on behalf of user LAPTOP-7EVMU4TQ\mahendra for the following reason: Other (Unplanned)
 Reason Code: 0x0
 Shutdown Type: power off
 Comment: "
Error	18-10-2021 23:42:05	Server	2505	None	The server could not bind to the transport \Device\NetBT_Tcpip_{9F961AE3-9423-4C8B-AB48-B1886999008B} because another computer on the network has the same name.  The server could not start.
Warning	18-10-2021 23:41:50	Microsoft-Windows-DNS-Client	1014	(1014)	Name resolution for the name v10.events.data.microsoft.com timed out after none of the configured DNS servers responded. Client PID 4472.
Error	18-10-2021 23:34:01	Service Control Manager	7000	None	"The Windows Search service failed to start due to the following error: 
The service did not respond to the start or control request in a timely fashion."
Error	18-10-2021 23:34:01	Service Control Manager	7009	None	A timeout was reached (30000 milliseconds) while waiting for the Windows Search service to connect.
Error	18-10-2021 23:33:28	Service Control Manager	7000	None	"The AppX Deployment Service (AppXSVC) service failed to start due to the following error: 
The service did not respond to the start or control request in a timely fashion."
Error	18-10-2021 23:33:28	Service Control Manager	7009	None	A timeout was reached (30000 milliseconds) while waiting for the AppX Deployment Service (AppXSVC) service to connect.
Information	18-10-2021 23:22:02	Microsoft-Windows-WindowsUpdateClient	19	Windows Update Agent	Installation Successful: Windows successfully installed the following update: Security Intelligence Update for Microsoft Defender Antivirus - KB2267602 (Version 1.351.640.0)
Warning	18-10-2021 23:21:16	Microsoft-Windows-DistributedCOM	10016	None	"The application-specific permission settings do not grant Local Activation permission for the COM Server application with CLSID 
{2593F8B9-4EAF-457C-B68A-50F6B8EA6B54}
 and APPID 
{15C20B67-12E7-4BB6-92BB-7AFF07997402}
 to the user LAPTOP-7EVMU4TQ\mahendra SID (S-1-5-21-38077573-387163758-1783380300-1002) from address LocalHost (Using LRPC) running in the application container Unavailable SID (Unavailable). This security permission can be modified using the Component Services administrative tool."
Information	18-10-2021 23:20:42	Microsoft-Windows-WindowsUpdateClient	43	Windows Update Agent	Installation Started: Windows has started installing the following update: Security Intelligence Update for Microsoft Defender Antivirus - KB2267602 (Version 1.351.640.0)
Information	18-10-2021 23:20:35	Microsoft-Windows-WindowsUpdateClient	44	Windows Update Agent	Windows Update started downloading an update.
Information	18-10-2021 23:17:28	Microsoft-Windows-Power-Troubleshooter	1	None	"The system has returned from a low power state.

Sleep Time: ‎2021‎-‎10‎-‎18T16:36:09.579118400Z
Wake Time: ‎2021‎-‎10‎-‎18T17:47:17.350535400Z

Wake Source: Power Button"
Information	18-10-2021 23:17:19	Microsoft-Windows-Time-Service	37	None	The time provider NtpClient is currently receiving valid time data from time.windows.com,0x9 (ntp.m|0x9|0.0.0.0:123->40.81.94.65:123).
Information	18-10-2021 23:17:17	Microsoft-Windows-Kernel-Power	566	(268)	"The system session has transitioned from 105 to 107.

Reason: 5"
Information	18-10-2021 23:17:16	Microsoft-Windows-Kernel-Power	566	(268)	"The system session has transitioned from 104 to 105.

Reason: 5"
Error	18-10-2021 23:17:21	Server	2505	None	The server could not bind to the transport \Device\NetBT_Tcpip_{9F961AE3-9423-4C8B-AB48-B1886999008B} because another computer on the network has the same name.  The server could not start.
Error	18-10-2021 23:17:18	Server	2505	None	The server could not bind to the transport \Device\NetBT_Tcpip_{59426481-F96A-490F-9157-08A6F626BD36} because another computer on the network has the same name.  The server could not start.
Information	18-10-2021 23:17:14	Microsoft-Windows-Kernel-Power	105	(100)	Power source change.
Information	18-10-2021 23:17:13	Microsoft-Windows-Kernel-Power	130	(33)	Firmware S3 times. SuspendStart: 164207267, SuspendEnd: 164207268
Information	18-10-2021 23:17:13	Microsoft-Windows-Kernel-Power	131	(33)	Firmware S3 times. ResumeCount: 5, FullResume: 1020, AverageResume: 1024
Information	18-10-2021 23:17:13	Microsoft-Windows-Kernel-General	1	(5)	"The system time has changed to ‎2021‎-‎10‎-‎18T17:47:13.500000000Z from ‎2021‎-‎10‎-‎18T16:36:37.950059300Z.

Change Reason: System time synchronized with the hardware clock.
Process: '' (PID 4).

RTC time: ‎2021‎-‎10‎-‎18T23:17:13.500000000Z
Current time zone bias: -330
RTC time is in UTC: false
System time was based on RTC time: false"
Information	18-10-2021 22:06:37	Microsoft-Windows-Kernel-Power	107	(102)	The system has resumed from sleep.
Warning	18-10-2021 22:06:32	Microsoft-Windows-DNS-Client	1014	(1014)	Name resolution for the name geover.prod.do.dsp.mp.microsoft.com timed out after none of the configured DNS servers responded. Client PID 3824.
Information	18-10-2021 22:06:32	Microsoft-Windows-Kernel-Power	42	(64)	"The system is entering sleep.

Sleep Reason: System Idle"
Information	18-10-2021 22:06:15	Microsoft-Windows-Kernel-Power	566	(268)	"The system session has transitioned from 102 to 104.

Reason: 5"
Information	18-10-2021 22:05:48	Microsoft-Windows-Kernel-Power	566	(268)	"The system session has transitioned from 101 to 102.

Reason: 5"
Information	18-10-2021 21:52:52	Microsoft-Windows-Kernel-Power	105	(100)	Power source change.
Error	18-10-2021 21:34:44	Service Control Manager	7034	None	The Energy Server Service queencreek service terminated unexpectedly.  It has done this 2 time(s).
Error	18-10-2021 21:33:14	Service Control Manager	7011	None	A timeout (30000 milliseconds) was reached while waiting for a transaction response from the RtkBtManServ service.
Error	18-10-2021 21:32:44	Service Control Manager	7011	None	A timeout (30000 milliseconds) was reached while waiting for a transaction response from the RtkBtManServ service.
Information	18-10-2021 21:32:21	Microsoft-Windows-Kernel-Power	566	(268)	"The system session has transitioned from 99 to 101.

Reason: 5"
Error	18-10-2021 21:32:14	Service Control Manager	7011	None	A timeout (30000 milliseconds) was reached while waiting for a transaction response from the RtkBtManServ service.
Error	18-10-2021 21:31:44	Service Control Manager	7011	None	A timeout (30000 milliseconds) was reached while waiting for a transaction response from the RtkBtManServ service.
Error	18-10-2021 21:31:14	Service Control Manager	7011	None	A timeout (30000 milliseconds) was reached while waiting for a transaction response from the RtkBtManServ service.
Information	18-10-2021 21:19:13	Microsoft-Windows-Kernel-Power	566	(268)	"The system session has transitioned from 98 to 99.

Reason: 5"
Information	18-10-2021 20:39:04	Microsoft-Windows-Kernel-Power	105	(100)	Power source change.
Warning	18-10-2021 20:34:44	Microsoft-Windows-DistributedCOM	10016	None	"The application-specific permission settings do not grant Local Activation permission for the COM Server application with CLSID 
{2593F8B9-4EAF-457C-B68A-50F6B8EA6B54}
 and APPID 
{15C20B67-12E7-4BB6-92BB-7AFF07997402}
 to the user LAPTOP-7EVMU4TQ\mahendra SID (S-1-5-21-38077573-387163758-1783380300-1002) from address LocalHost (Using LRPC) running in the application container Unavailable SID (Unavailable). This security permission can be modified using the Component Services administrative tool."
Information	18-10-2021 20:23:52	Microsoft-Windows-Kernel-Power	105	(100)	Power source change.
Information	18-10-2021 20:19:22	Microsoft-Windows-Kernel-Power	105	(100)	Power source change.
Information	18-10-2021 20:16:55	Microsoft-Windows-Kernel-Power	105	(100)	Power source change.
Error	18-10-2021 19:10:22	Service Control Manager	7009	None	A timeout was reached (30000 milliseconds) while waiting for the Intel(R) SUR QC Software Asset Manager service to connect.
Information	18-10-2021 19:08:14	Service Control Manager	7040	None	The start type of the Background Intelligent Transfer Service service was changed from auto start to demand start.
Information	18-10-2021 19:06:04	Service Control Manager	7040	None	The start type of the Background Intelligent Transfer Service service was changed from demand start to auto start.
Warning	18-10-2021 18:55:41	Microsoft-Windows-DNS-Client	1014	(1014)	Name resolution for the name ssl.gstatic.com timed out after none of the configured DNS servers responded. Client PID 5912.
Warning	18-10-2021 18:42:18	Microsoft-Windows-DistributedCOM	10016	None	"The application-specific permission settings do not grant Local Activation permission for the COM Server application with CLSID 
{2593F8B9-4EAF-457C-B68A-50F6B8EA6B54}
 and APPID 
{15C20B67-12E7-4BB6-92BB-7AFF07997402}
 to the user LAPTOP-7EVMU4TQ\mahendra SID (S-1-5-21-38077573-387163758-1783380300-1002) from address LocalHost (Using LRPC) running in the application container Unavailable SID (Unavailable). This security permission can be modified using the Component Services administrative tool."
Information	18-10-2021 18:30:49	Microsoft-Windows-Kernel-Power	105	(100)	Power source change.
Warning	18-10-2021 18:30:27	Microsoft-Windows-DistributedCOM	10016	None	"The application-specific permission settings do not grant Local Activation permission for the COM Server application with CLSID 
{2593F8B9-4EAF-457C-B68A-50F6B8EA6B54}
 and APPID 
{15C20B67-12E7-4BB6-92BB-7AFF07997402}
 to the user LAPTOP-7EVMU4TQ\mahendra SID (S-1-5-21-38077573-387163758-1783380300-1002) from address LocalHost (Using LRPC) running in the application container Unavailable SID (Unavailable). This security permission can be modified using the Component Services administrative tool."
Error	18-10-2021 18:22:41	Server	2505	None	The server could not bind to the transport \Device\NetBT_Tcpip_{9F961AE3-9423-4C8B-AB48-B1886999008B} because another computer on the network has the same name.  The server could not start.
Information	18-10-2021 18:22:24	Microsoft-Windows-Power-Troubleshooter	1	None	"The system has returned from a low power state.

Sleep Time: ‎2021‎-‎10‎-‎18T12:52:06.132621200Z
Wake Time: ‎2021‎-‎10‎-‎18T12:52:21.812547600Z

Wake Source: Power Button"
Error	18-10-2021 18:22:25	Server	2505	None	The server could not bind to the transport \Device\NetBT_Tcpip_{59426481-F96A-490F-9157-08A6F626BD36} because another computer on the network has the same name.  The server could not start.
Information	18-10-2021 18:22:21	Microsoft-Windows-Kernel-Power	566	(268)	"The system session has transitioned from 96 to 98.

Reason: 5"
Information	18-10-2021 18:22:21	Microsoft-Windows-Kernel-Power	566	(268)	"The system session has transitioned from 95 to 96.

Reason: 5"
Information	18-10-2021 18:22:20	Microsoft-Windows-Kernel-Power	130	(33)	Firmware S3 times. SuspendStart: 150749496, SuspendEnd: 150749497
Information	18-10-2021 18:22:20	Microsoft-Windows-Kernel-Power	131	(33)	Firmware S3 times. ResumeCount: 4, FullResume: 1024, AverageResume: 1024
Information	18-10-2021 18:22:20	Microsoft-Windows-Kernel-General	1	(5)	"The system time has changed to ‎2021‎-‎10‎-‎18T12:52:20.500000000Z from ‎2021‎-‎10‎-‎18T12:52:17.061041700Z.

Change Reason: System time synchronized with the hardware clock.
Process: '' (PID 4).

RTC time: ‎2021‎-‎10‎-‎18T18:22:20.500000000Z
Current time zone bias: -330
RTC time is in UTC: false
System time was based on RTC time: false"
Information	18-10-2021 18:22:17	Microsoft-Windows-Kernel-Power	107	(102)	The system has resumed from sleep.
Information	18-10-2021 18:22:12	Microsoft-Windows-Kernel-Power	42	(64)	"The system is entering sleep.

Sleep Reason: System Idle"
Information	18-10-2021 18:22:08	Microsoft-Windows-Kernel-Power	566	(268)	"The system session has transitioned from 93 to 95.

Reason: 5"
Information	18-10-2021 18:21:48	Microsoft-Windows-Kernel-Power	566	(268)	"The system session has transitioned from 92 to 93.

Reason: 5"
Warning	18-10-2021 18:17:52	Microsoft-Windows-DNS-Client	1014	(1014)	Name resolution for the name dns.google.com timed out after none of the configured DNS servers responded. Client PID 17192.
Error	18-10-2021 17:58:55	Server	2505	None	The server could not bind to the transport \Device\NetBT_Tcpip_{9F961AE3-9423-4C8B-AB48-B1886999008B} because another computer on the network has the same name.  The server could not start.
Information	18-10-2021 17:58:02	Microsoft-Windows-Kernel-Power	105	(100)	Power source change.
Warning	18-10-2021 17:57:48	Microsoft-Windows-DNS-Client	1014	(1014)	Name resolution for the name worldaz.tr.teams.microsoft.com timed out after none of the configured DNS servers responded. Client PID 9328.
Warning	18-10-2021 17:35:01	Microsoft-Windows-DistributedCOM	10016	None	"The application-specific permission settings do not grant Local Activation permission for the COM Server application with CLSID 
{2593F8B9-4EAF-457C-B68A-50F6B8EA6B54}
 and APPID 
{15C20B67-12E7-4BB6-92BB-7AFF07997402}
 to the user LAPTOP-7EVMU4TQ\mahendra SID (S-1-5-21-38077573-387163758-1783380300-1002) from address LocalHost (Using LRPC) running in the application container Unavailable SID (Unavailable). This security permission can be modified using the Component Services administrative tool."
Information	18-10-2021 17:34:27	Microsoft-Windows-Kernel-Power	105	(100)	Power source change.
Warning	18-10-2021 16:54:26	Microsoft-Windows-DistributedCOM	10016	None	"The application-specific permission settings do not grant Local Activation permission for the COM Server application with CLSID 
{2593F8B9-4EAF-457C-B68A-50F6B8EA6B54}
 and APPID 
{15C20B67-12E7-4BB6-92BB-7AFF07997402}
 to the user LAPTOP-7EVMU4TQ\mahendra SID (S-1-5-21-38077573-387163758-1783380300-1002) from address LocalHost (Using LRPC) running in the application container Unavailable SID (Unavailable). This security permission can be modified using the Component Services administrative tool."
Error	18-10-2021 16:35:41	Server	2505	None	The server could not bind to the transport \Device\NetBT_Tcpip_{9F961AE3-9423-4C8B-AB48-B1886999008B} because another computer on the network has the same name.  The server could not start.
Error	18-10-2021 16:28:58	Server	2505	None	The server could not bind to the transport \Device\NetBT_Tcpip_{9F961AE3-9423-4C8B-AB48-B1886999008B} because another computer on the network has the same name.  The server could not start.
Information	18-10-2021 16:28:55	Microsoft-Windows-Power-Troubleshooter	1	None	"The system has returned from a low power state.

Sleep Time: ‎2021‎-‎10‎-‎18T10:26:14.589741000Z
Wake Time: ‎2021‎-‎10‎-‎18T10:58:51.925500100Z

Wake Source: Power Button"
Error	18-10-2021 16:28:54	Server	2505	None	The server could not bind to the transport \Device\NetBT_Tcpip_{59426481-F96A-490F-9157-08A6F626BD36} because another computer on the network has the same name.  The server could not start.
Information	18-10-2021 16:28:51	Microsoft-Windows-Kernel-Power	566	(268)	"The system session has transitioned from 90 to 92.

Reason: 5"
Information	18-10-2021 16:28:50	Microsoft-Windows-Kernel-Power	566	(268)	"The system session has transitioned from 89 to 90.

Reason: 5"
Information	18-10-2021 16:28:49	Microsoft-Windows-Kernel-Power	130	(33)	Firmware S3 times. SuspendStart: 143941771, SuspendEnd: 143941772
Information	18-10-2021 16:28:49	Microsoft-Windows-Kernel-Power	131	(33)	Firmware S3 times. ResumeCount: 3, FullResume: 1025, AverageResume: 1025
Information	18-10-2021 16:28:49	Microsoft-Windows-Kernel-General	1	(5)	"The system time has changed to ‎2021‎-‎10‎-‎18T10:58:49.500000000Z from ‎2021‎-‎10‎-‎18T10:26:27.935454300Z.

Change Reason: System time synchronized with the hardware clock.
Process: '' (PID 4).

RTC time: ‎2021‎-‎10‎-‎18T16:28:49.500000000Z
Current time zone bias: -330
RTC time is in UTC: false
System time was based on RTC time: false"
Information	18-10-2021 15:56:27	Microsoft-Windows-Kernel-Power	107	(102)	The system has resumed from sleep.
Information	18-10-2021 15:56:23	Microsoft-Windows-Kernel-Power	42	(64)	"The system is entering sleep.

Sleep Reason: System Idle"
Information	18-10-2021 15:56:16	Microsoft-Windows-Kernel-Power	566	(268)	"The system session has transitioned from 87 to 89.

Reason: 5"
Information	18-10-2021 15:56:06	Microsoft-Windows-Kernel-Power	566	(268)	"The system session has transitioned from 86 to 87.

Reason: 5"
Error	18-10-2021 15:52:06	Server	2505	None	The server could not bind to the transport \Device\NetBT_Tcpip_{9F961AE3-9423-4C8B-AB48-B1886999008B} because another computer on the network has the same name.  The server could not start.
Information	18-10-2021 15:45:59	Service Control Manager	7040	None	The start type of the Background Intelligent Transfer Service service was changed from auto start to demand start.
Information	18-10-2021 15:43:41	Service Control Manager	7040	None	The start type of the Background Intelligent Transfer Service service was changed from demand start to auto start.
Warning	18-10-2021 15:42:42	Microsoft-Windows-DistributedCOM	10016	None	"The application-specific permission settings do not grant Local Activation permission for the COM Server application with CLSID 
{2593F8B9-4EAF-457C-B68A-50F6B8EA6B54}
 and APPID 
{15C20B67-12E7-4BB6-92BB-7AFF07997402}
 to the user LAPTOP-7EVMU4TQ\mahendra SID (S-1-5-21-38077573-387163758-1783380300-1002) from address LocalHost (Using LRPC) running in the application container Unavailable SID (Unavailable). This security permission can be modified using the Component Services administrative tool."
Error	18-10-2021 15:42:22	Server	2505	None	The server could not bind to the transport \Device\NetBT_Tcpip_{9F961AE3-9423-4C8B-AB48-B1886999008B} because another computer on the network has the same name.  The server could not start.
Information	18-10-2021 15:42:01	Microsoft-Windows-Power-Troubleshooter	1	None	"The system has returned from a low power state.

Sleep Time: ‎2021‎-‎10‎-‎18T09:57:19.169778000Z
Wake Time: ‎2021‎-‎10‎-‎18T10:11:57.839459100Z

Wake Source: Power Button"
Error	18-10-2021 15:42:01	Server	2505	None	The server could not bind to the transport \Device\NetBT_Tcpip_{59426481-F96A-490F-9157-08A6F626BD36} because another computer on the network has the same name.  The server could not start.
Information	18-10-2021 15:41:57	Microsoft-Windows-Kernel-Power	566	(268)	"The system session has transitioned from 84 to 86.

Reason: 5"
Information	18-10-2021 15:41:57	Microsoft-Windows-Kernel-Power	566	(268)	"The system session has transitioned from 83 to 84.

Reason: 5"
Information	18-10-2021 15:41:56	Microsoft-Windows-Kernel-Power	130	(33)	Firmware S3 times. SuspendStart: 143070310, SuspendEnd: 143070312
Information	18-10-2021 15:41:56	Microsoft-Windows-Kernel-Power	131	(33)	Firmware S3 times. ResumeCount: 2, FullResume: 1023, AverageResume: 1024
Information	18-10-2021 15:41:56	Microsoft-Windows-Kernel-General	1	(5)	"The system time has changed to ‎2021‎-‎10‎-‎18T10:11:56.500000000Z from ‎2021‎-‎10‎-‎18T09:57:31.100998900Z.

Change Reason: System time synchronized with the hardware clock.
Process: '' (PID 4).

RTC time: ‎2021‎-‎10‎-‎18T15:41:56.500000000Z
Current time zone bias: -330
RTC time is in UTC: false
System time was based on RTC time: false"
Information	18-10-2021 15:27:31	Microsoft-Windows-Kernel-Power	107	(102)	The system has resumed from sleep.
Information	18-10-2021 15:27:26	Microsoft-Windows-Kernel-Power	42	(64)	"The system is entering sleep.

Sleep Reason: System Idle"
Information	18-10-2021 15:27:20	Microsoft-Windows-Kernel-Power	566	(268)	"The system session has transitioned from 81 to 83.

Reason: 5"
Information	18-10-2021 15:27:03	Microsoft-Windows-Kernel-Power	566	(268)	"The system session has transitioned from 80 to 81.

Reason: 5"
Information	18-10-2021 15:06:34	Microsoft-Windows-Time-Service	158	None	The time provider 'VMICTimeProvider' has indicated that the current hardware and operating environment is not supported and has stopped. This behavior is expected for VMICTimeProvider on non-HyperV-guest environments. This may be the expected behavior for the current provider in the current operating environment as well.
Error	18-10-2021 14:52:57	Microsoft-Windows-WindowsUpdateClient	20	Windows Update Agent	Installation Failure: Windows failed to install the following update with error 0x80073D02: 9NMPJ99VJBWV-Microsoft.YourPhone.
Information	18-10-2021 14:52:53	Microsoft-Windows-WindowsUpdateClient	43	Windows Update Agent	Installation Started: Windows has started installing the following update: 9NMPJ99VJBWV-Microsoft.YourPhone
Information	18-10-2021 14:52:37	Microsoft-Windows-Kernel-General	16	None	The access history in hive \??\C:\ProgramData\Microsoft\Windows\AppRepository\Packages\Microsoft.YourPhone_1.21084.79.0_x64__8wekyb3d8bbwe\ActivationStore.dat was cleared updating 0 keys and creating 0 modified pages.
Information	18-10-2021 14:49:30	Microsoft-Windows-Time-Service	158	None	The time provider 'VMICTimeProvider' has indicated that the current hardware and operating environment is not supported and has stopped. This behavior is expected for VMICTimeProvider on non-HyperV-guest environments. This may be the expected behavior for the current provider in the current operating environment as well.
Information	18-10-2021 14:49:21	Microsoft-Windows-Power-Troubleshooter	1	None	"The system has returned from a low power state.

Sleep Time: ‎2021‎-‎10‎-‎18T09:15:17.917390700Z
Wake Time: ‎2021‎-‎10‎-‎18T09:18:58.254135800Z

Wake Source: Power Button"
Information	18-10-2021 14:48:58	Microsoft-Windows-Kernel-Power	566	(268)	"The system session has transitioned from 78 to 80.

Reason: 5"
Information	18-10-2021 14:48:52	Microsoft-Windows-Kernel-Power	566	(268)	"The system session has transitioned from 77 to 78.

Reason: 5"
Information	18-10-2021 14:48:51	Microsoft-Windows-Kernel-Power	130	(33)	Firmware S3 times. SuspendStart: 140750649, SuspendEnd: 140750651
Information	18-10-2021 14:48:51	Microsoft-Windows-Kernel-Power	131	(33)	Firmware S3 times. ResumeCount: 1, FullResume: 1026, AverageResume: 1026
Information	18-10-2021 14:48:51	Microsoft-Windows-Kernel-General	1	(5)	"The system time has changed to ‎2021‎-‎10‎-‎18T09:18:51.500000000Z from ‎2021‎-‎10‎-‎18T09:18:16.421848900Z.

Change Reason: System time synchronized with the hardware clock.
Process: '' (PID 4).

RTC time: ‎2021‎-‎10‎-‎18T14:48:51.500000000Z
Current time zone bias: -330
RTC time is in UTC: false
System time was based on RTC time: false"
Error	18-10-2021 14:48:57	Server	2505	None	The server could not bind to the transport \Device\NetBT_Tcpip_{9F961AE3-9423-4C8B-AB48-B1886999008B} because another computer on the network has the same name.  The server could not start.
Error	18-10-2021 14:48:56	Server	2505	None	The server could not bind to the transport \Device\NetBT_Tcpip_{59426481-F96A-490F-9157-08A6F626BD36} because another computer on the network has the same name.  The server could not start.
Information	18-10-2021 14:48:16	Microsoft-Windows-Kernel-Power	107	(102)	The system has resumed from sleep.
Information	18-10-2021 14:48:10	Microsoft-Windows-Kernel-Power	42	(64)	"The system is entering sleep.

Sleep Reason: Button or Lid"
Information	18-10-2021 14:47:26	Microsoft-Windows-Kernel-Power	566	(268)	"The system session has transitioned from 76 to 77.

Reason: 5"
Information	18-10-2021 14:45:12	Microsoft-Windows-Kernel-Power	105	(100)	Power source change.
Information	18-10-2021 14:42:13	Microsoft-Windows-Kernel-Power	566	(268)	"The system session has transitioned from 74 to 76.

Reason: 5"
Information	18-10-2021 14:38:50	Microsoft-Windows-Time-Service	158	None	The time provider 'VMICTimeProvider' has indicated that the current hardware and operating environment is not supported and has stopped. This behavior is expected for VMICTimeProvider on non-HyperV-guest environments. This may be the expected behavior for the current provider in the current operating environment as well.
Information	18-10-2021 14:28:13	Microsoft-Windows-Kernel-Power	566	(268)	"The system session has transitioned from 73 to 74.

Reason: 5"
Information	18-10-2021 14:26:51	Microsoft-Windows-WindowsUpdateClient	44	Windows Update Agent	Windows Update started downloading an update.
Information	18-10-2021 14:21:45	Microsoft-Windows-Time-Service	158	None	The time provider 'VMICTimeProvider' has indicated that the current hardware and operating environment is not supported and has stopped. This behavior is expected for VMICTimeProvider on non-HyperV-guest environments. This may be the expected behavior for the current provider in the current operating environment as well.
Information	18-10-2021 14:12:35	Microsoft-Windows-WindowsUpdateClient	19	Windows Update Agent	Installation Successful: Windows successfully installed the following update: 9NBLGGH42THS-Microsoft.Microsoft3DViewer
Information	18-10-2021 14:12:23	Microsoft-Windows-WindowsUpdateClient	43	Windows Update Agent	Installation Started: Windows has started installing the following update: 9NBLGGH42THS-Microsoft.Microsoft3DViewer
Information	18-10-2021 14:09:36	Microsoft-Windows-WindowsUpdateClient	44	Windows Update Agent	Windows Update started downloading an update.
Information	18-10-2021 14:09:30	Microsoft-Windows-WindowsUpdateClient	44	Windows Update Agent	Windows Update started downloading an update.
Information	18-10-2021 14:09:28	Microsoft-Windows-WindowsUpdateClient	44	Windows Update Agent	Windows Update started downloading an update.
Information	18-10-2021 14:04:24	Microsoft-Windows-Time-Service	37	None	The time provider NtpClient is currently receiving valid time data from time.windows.com,0x9 (ntp.m|0x9|0.0.0.0:123->40.81.94.65:123).
