Information	09-11-2021 09:58:32	Microsoft-Windows-HAL	16	None	The iommu fault reporting has been initialized.
Information	09-11-2021 09:58:32	Microsoft-Windows-Kernel-General	20	(6)	"The leap second configuration has been updated.
Reason: Leap second data initialized from registry during boot
Leap seconds enabled: true
New leap second count: 0
Old leap second count: 0"
Information	09-11-2021 09:58:32	Microsoft-Windows-Kernel-Boot	30	(21)	The firmware reported boot metrics.
Information	09-11-2021 09:58:32	Microsoft-Windows-Kernel-Boot	27	(33)	The boot type was 0x0.
Information	09-11-2021 09:58:32	Microsoft-Windows-Kernel-Boot	25	(32)	The boot menu policy was 0x1.
Information	09-11-2021 09:58:32	Microsoft-Windows-Kernel-Boot	238	(101)	EFI time zone bias: 2047. Daylight flags: 0. Firmware time: ‎2021‎-‎11‎-‎09T09:58:30.000000000Z.
Information	09-11-2021 09:58:32	Microsoft-Windows-Kernel-Boot	20	(31)	The last shutdown's success status was false. The last boot's success status was false.
Information	09-11-2021 09:58:32	Microsoft-Windows-Kernel-Boot	32	(58)	The bootmgr spent 0 ms waiting for user input.
Information	09-11-2021 09:58:32	Microsoft-Windows-Kernel-Boot	18	(57)	There are 0x1 boot options on this system.
Information	09-11-2021 09:58:32	Microsoft-Windows-Kernel-Boot	153	(62)	Virtualization-based security (policies: 0) is disabled.
Information	09-11-2021 09:58:32	Microsoft-Windows-Kernel-General	12	(1)	The operating system started at system time ‎2021‎-‎11‎-‎09T04:28:31.500000000Z.
Error	08-11-2021 16:25:09	Server	2505	None	The server could not bind to the transport \Device\NetBT_Tcpip_{9F961AE3-9423-4C8B-AB48-B1886999008B} because another computer on the network has the same name.  The server could not start.
Information	08-11-2021 16:25:07	Microsoft-Windows-Power-Troubleshooter	1	None	"The system has returned from a low power state.

Sleep Time: ‎2021‎-‎11‎-‎08T10:54:17.448100400Z
Wake Time: ‎2021‎-‎11‎-‎08T10:55:05.551832800Z

Wake Source: Power Button"
Information	08-11-2021 16:25:05	Microsoft-Windows-Kernel-Power	566	(268)	"The system session has transitioned from 268 to 270.

Reason: 7"
Error	08-11-2021 16:25:06	Server	2505	None	The server could not bind to the transport \Device\NetBT_Tcpip_{59426481-F96A-490F-9157-08A6F626BD36} because another computer on the network has the same name.  The server could not start.
Information	08-11-2021 16:25:04	Microsoft-Windows-Kernel-Power	566	(268)	"The system session has transitioned from 267 to 268.

Reason: 7"
Information	08-11-2021 16:25:02	Microsoft-Windows-Kernel-Power	130	(33)	Firmware S3 times. SuspendStart: 175612845, SuspendEnd: 175612846
Information	08-11-2021 16:25:02	Microsoft-Windows-Kernel-Power	131	(33)	Firmware S3 times. ResumeCount: 4, FullResume: 1031, AverageResume: 1032
Information	08-11-2021 16:25:02	Microsoft-Windows-Kernel-General	1	(5)	"The system time has changed to ‎2021‎-‎11‎-‎08T10:55:02.500000000Z from ‎2021‎-‎11‎-‎08T10:54:27.115086500Z.

Change Reason: System time synchronized with the hardware clock.
Process: '' (PID 4).

RTC time: ‎2021‎-‎11‎-‎08T16:25:02.500000000Z
Current time zone bias: -330
RTC time is in UTC: false
System time was based on RTC time: false"
Information	08-11-2021 16:24:27	Microsoft-Windows-Kernel-Power	107	(102)	The system has resumed from sleep.
Information	08-11-2021 16:24:22	Microsoft-Windows-Kernel-Power	42	(64)	"The system is entering sleep.

Sleep Reason: System Idle"
Information	08-11-2021 16:24:19	Microsoft-Windows-Kernel-Power	566	(268)	"The system session has transitioned from 265 to 267.

Reason: 7"
Information	08-11-2021 16:23:54	Microsoft-Windows-Kernel-Power	566	(268)	"The system session has transitioned from 264 to 265.

Reason: 7"
Information	08-11-2021 16:11:32	Service Control Manager	7040	None	The start type of the Touch Keyboard and Handwriting Panel Service service was changed from demand start to auto start.
Error	08-11-2021 16:10:35	Server	2505	None	The server could not bind to the transport \Device\NetBT_Tcpip_{9F961AE3-9423-4C8B-AB48-B1886999008B} because another computer on the network has the same name.  The server could not start.
Information	08-11-2021 16:10:31	Microsoft-Windows-Power-Troubleshooter	1	None	"The system has returned from a low power state.

Sleep Time: ‎2021‎-‎11‎-‎08T10:32:30.704967600Z
Wake Time: ‎2021‎-‎11‎-‎08T10:40:29.340904100Z

Wake Source: Power Button"
Error	08-11-2021 16:10:30	Server	2505	None	The server could not bind to the transport \Device\NetBT_Tcpip_{59426481-F96A-490F-9157-08A6F626BD36} because another computer on the network has the same name.  The server could not start.
Information	08-11-2021 16:10:29	Microsoft-Windows-Kernel-Power	566	(268)	"The system session has transitioned from 262 to 264.

Reason: 7"
Information	08-11-2021 16:10:28	Microsoft-Windows-Kernel-Power	566	(268)	"The system session has transitioned from 261 to 262.

Reason: 7"
Information	08-11-2021 16:10:26	Microsoft-Windows-Kernel-Power	130	(33)	Firmware S3 times. SuspendStart: 174772625, SuspendEnd: 174772626
Information	08-11-2021 16:10:26	Microsoft-Windows-Kernel-Power	131	(33)	Firmware S3 times. ResumeCount: 3, FullResume: 1032, AverageResume: 1032
Information	08-11-2021 16:10:26	Microsoft-Windows-Kernel-General	1	(5)	"The system time has changed to ‎2021‎-‎11‎-‎08T10:40:26.500000000Z from ‎2021‎-‎11‎-‎08T10:32:39.759293300Z.

Change Reason: System time synchronized with the hardware clock.
Process: '' (PID 4).

RTC time: ‎2021‎-‎11‎-‎08T16:10:26.500000000Z
Current time zone bias: -330
RTC time is in UTC: false
System time was based on RTC time: false"
Information	08-11-2021 16:02:39	Microsoft-Windows-Kernel-Power	107	(102)	The system has resumed from sleep.
Information	08-11-2021 16:02:35	Microsoft-Windows-Kernel-Power	42	(64)	"The system is entering sleep.

Sleep Reason: System Idle"
Information	08-11-2021 16:02:32	Microsoft-Windows-Kernel-Power	566	(268)	"The system session has transitioned from 259 to 261.

Reason: 7"
Information	08-11-2021 16:02:22	Microsoft-Windows-Kernel-Power	566	(268)	"The system session has transitioned from 258 to 259.

Reason: 7"
Error	08-11-2021 15:50:58	Server	2505	None	The server could not bind to the transport \Device\NetBT_Tcpip_{9F961AE3-9423-4C8B-AB48-B1886999008B} because another computer on the network has the same name.  The server could not start.
Information	08-11-2021 15:50:11	Microsoft-Windows-Power-Troubleshooter	1	None	"The system has returned from a low power state.

Sleep Time: ‎2021‎-‎11‎-‎08T08:03:26.899510900Z
Wake Time: ‎2021‎-‎11‎-‎08T10:20:05.915253800Z

Wake Source: Power Button"
Error	08-11-2021 15:50:06	Server	2505	None	The server could not bind to the transport \Device\NetBT_Tcpip_{59426481-F96A-490F-9157-08A6F626BD36} because another computer on the network has the same name.  The server could not start.
Information	08-11-2021 15:50:05	Microsoft-Windows-Kernel-Power	566	(268)	"The system session has transitioned from 256 to 258.

Reason: 7"
Information	08-11-2021 15:50:05	Microsoft-Windows-Kernel-Power	566	(268)	"The system session has transitioned from 255 to 256.

Reason: 7"
Information	08-11-2021 15:50:03	Microsoft-Windows-Kernel-Power	105	(100)	Power source change.
Information	08-11-2021 15:50:02	Microsoft-Windows-Kernel-Power	130	(33)	Firmware S3 times. SuspendStart: 174015722, SuspendEnd: 174015723
Information	08-11-2021 15:50:02	Microsoft-Windows-Kernel-Power	131	(33)	Firmware S3 times. ResumeCount: 2, FullResume: 1032, AverageResume: 1031
Information	08-11-2021 15:50:02	Microsoft-Windows-Kernel-General	1	(5)	"The system time has changed to ‎2021‎-‎11‎-‎08T10:20:02.500000000Z from ‎2021‎-‎11‎-‎08T08:03:46.836108400Z.

Change Reason: System time synchronized with the hardware clock.
Process: '' (PID 4).

RTC time: ‎2021‎-‎11‎-‎08T15:50:02.500000000Z
Current time zone bias: -330
RTC time is in UTC: false
System time was based on RTC time: false"
Information	08-11-2021 13:33:46	Microsoft-Windows-Kernel-Power	107	(102)	The system has resumed from sleep.
Information	08-11-2021 13:33:42	Microsoft-Windows-Kernel-Power	42	(64)	"The system is entering sleep.

Sleep Reason: Button or Lid"
Information	08-11-2021 13:33:35	Microsoft-Windows-Kernel-General	16	None	The access history in hive \??\C:\Users\mahendra\AppData\Local\Packages\Microsoft.LockApp_cw5n1h2txyewy\Settings\settings.dat was cleared updating 3 keys and creating 1 modified pages.
Information	08-11-2021 13:33:30	Microsoft-Windows-Kernel-Power	566	(268)	"The system session has transitioned from 254 to 255.

Reason: 7"
Information	08-11-2021 13:26:04	Microsoft-Windows-Kernel-Power	105	(100)	Power source change.
Warning	08-11-2021 13:15:28	Microsoft-Windows-Kernel-Processor-Power	37	(7)	The speed of processor 7 in group 0 is being limited by system firmware. The processor has been in this reduced performance state for 510948 seconds since the last report.
Information	08-11-2021 13:09:59	Service Control Manager	7040	None	The start type of the Background Intelligent Transfer Service service was changed from auto start to demand start.
Information	08-11-2021 13:07:30	Service Control Manager	7040	None	The start type of the Background Intelligent Transfer Service service was changed from demand start to auto start.
Information	08-11-2021 12:37:45	Microsoft-Windows-Kernel-General	16	None	The access history in hive \??\C:\Users\mahendra\AppData\Local\Packages\microsoft.windows.shellexperiencehost_cw5n1h2txyewy\AC\GEH\POF.dat was cleared updating 1 keys and creating 1 modified pages.
Error	08-11-2021 12:35:51	Server	2505	None	The server could not bind to the transport \Device\NetBT_Tcpip_{9F961AE3-9423-4C8B-AB48-B1886999008B} because another computer on the network has the same name.  The server could not start.
Information	08-11-2021 12:00:00	EventLog	6013	None	The system uptime is 761470 seconds.
Information	08-11-2021 11:38:37	Microsoft-Windows-Kernel-General	16	None	The access history in hive \??\C:\Users\mahendra\AppData\Local\Packages\5319275A.WhatsAppDesktop_cv1g1gvanyjgm\SystemAppData\Helium\UserClasses.dat was cleared updating 11 keys and creating 3 modified pages.
Information	08-11-2021 11:38:37	Microsoft-Windows-Kernel-General	16	None	The access history in hive \??\C:\Users\mahendra\AppData\Local\Packages\5319275A.WhatsAppDesktop_cv1g1gvanyjgm\SystemAppData\Helium\User.dat was cleared updating 8 keys and creating 1 modified pages.
Information	08-11-2021 11:27:50	Microsoft-Windows-Kernel-Power	105	(100)	Power source change.
Information	08-11-2021 10:22:40	Microsoft-Windows-Kernel-General	16	None	The access history in hive \??\C:\Users\mahendra\AppData\Local\Packages\Microsoft.WindowsFeedbackHub_8wekyb3d8bbwe\Settings\settings.dat was cleared updating 2 keys and creating 1 modified pages.
Information	08-11-2021 10:04:54	Microsoft-Windows-WindowsUpdateClient	19	Windows Update Agent	Installation Successful: Windows successfully installed the following update: Security Intelligence Update for Microsoft Defender Antivirus - KB2267602 (Version 1.353.616.0)
Information	08-11-2021 10:04:30	Microsoft-Windows-WindowsUpdateClient	43	Windows Update Agent	Installation Started: Windows has started installing the following update: Security Intelligence Update for Microsoft Defender Antivirus - KB2267602 (Version 1.353.616.0)
Information	08-11-2021 10:04:29	Microsoft-Windows-WindowsUpdateClient	44	Windows Update Agent	Windows Update started downloading an update.
Information	08-11-2021 10:03:21	Microsoft-Windows-Kernel-General	1	(5)	"The system time has changed to ‎2021‎-‎11‎-‎08T04:33:21.976903000Z from ‎2021‎-‎11‎-‎08T04:33:21.976782800Z.

Change Reason: An application or system component changed the time.
Process: '\Device\HarddiskVolume3\Windows\System32\svchost.exe' (PID 30536).

RTC time: ‎2021‎-‎11‎-‎08T10:03:21.976903000Z
Current time zone bias: -330
RTC time is in UTC: false
System time was based on RTC time: false"
Information	08-11-2021 10:03:21	Microsoft-Windows-Kernel-General	24	(11)	The time zone information was refreshed with exit reason 0. Current time zone bias is -330.
Information	08-11-2021 10:03:21	Microsoft-Windows-Kernel-General	1	(5)	"The system time has changed to ‎2021‎-‎11‎-‎08T04:33:21.973930200Z from ‎2021‎-‎11‎-‎08T04:33:21.973802800Z.

Change Reason: An application or system component changed the time.
Process: '\Device\HarddiskVolume3\Windows\System32\svchost.exe' (PID 30536).

RTC time: ‎2021‎-‎11‎-‎08T10:03:21.973930200Z
Current time zone bias: -330
RTC time is in UTC: false
System time was based on RTC time: false"
Information	08-11-2021 10:03:21	Microsoft-Windows-Kernel-General	24	(11)	The time zone information was refreshed with exit reason 0. Current time zone bias is -330.
Information	08-11-2021 10:03:21	Microsoft-Windows-Time-Service	35	None	The time service is now synchronizing the system time with the time source time.windows.com,0x9 (ntp.m|0x9|0.0.0.0:123->40.81.94.65:123) with reference id 1096700200. Current local stratum number is 4.
Information	08-11-2021 10:03:21	Microsoft-Windows-Kernel-General	1	(5)	"The system time has changed to ‎2021‎-‎11‎-‎08T04:33:21.970464400Z from ‎2021‎-‎11‎-‎08T04:33:23.755798300Z.

Change Reason: An application or system component changed the time.
Process: '\Device\HarddiskVolume3\Windows\System32\svchost.exe' (PID 30536).

RTC time: ‎2021‎-‎11‎-‎08T10:03:21.970464400Z
Current time zone bias: -330
RTC time is in UTC: false
System time was based on RTC time: false"
Information	08-11-2021 10:03:21	Microsoft-Windows-Kernel-General	24	(11)	The time zone information was refreshed with exit reason 0. Current time zone bias is -330.
Information	08-11-2021 10:03:23	Microsoft-Windows-Time-Service	37	None	The time provider NtpClient is currently receiving valid time data from time.windows.com,0x9 (ntp.m|0x9|0.0.0.0:123->40.81.94.65:123).
Error	08-11-2021 10:02:38	Server	2505	None	The server could not bind to the transport \Device\NetBT_Tcpip_{9F961AE3-9423-4C8B-AB48-B1886999008B} because another computer on the network has the same name.  The server could not start.
Information	08-11-2021 10:00:07	Service Control Manager	7040	None	The start type of the Windows Modules Installer service was changed from auto start to demand start.
Warning	08-11-2021 09:59:13	Microsoft-Windows-Time-Service	134	None	NtpClient was unable to set a manual peer to use as a time source because of DNS resolution error on 'time.windows.com,0x9'. NtpClient will try again in 15 minutes and double the reattempt interval thereafter. The error was: No such host is known. (0x80072AF9)
Information	08-11-2021 09:58:41	Microsoft-Windows-Power-Troubleshooter	1	None	"The system has returned from a low power state.

Sleep Time: ‎2021‎-‎11‎-‎08T03:09:46.274258000Z
Wake Time: ‎2021‎-‎11‎-‎08T04:28:36.057702600Z

Wake Source: Power Button"
Information	08-11-2021 09:58:36	Microsoft-Windows-Kernel-Power	566	(268)	"The system session has transitioned from 252 to 254.

Reason: 7"
Error	08-11-2021 09:58:37	Server	2505	None	The server could not bind to the transport \Device\NetBT_Tcpip_{59426481-F96A-490F-9157-08A6F626BD36} because another computer on the network has the same name.  The server could not start.
Information	08-11-2021 09:58:35	Microsoft-Windows-Time-Service	158	None	The time provider 'VMICTimeProvider' has indicated that the current hardware and operating environment is not supported and has stopped. This behavior is expected for VMICTimeProvider on non-HyperV-guest environments. This may be the expected behavior for the current provider in the current operating environment as well.
Warning	08-11-2021 09:58:35	Microsoft-Windows-Time-Service	134	None	NtpClient was unable to set a manual peer to use as a time source because of DNS resolution error on 'time.windows.com,0x9'. NtpClient will try again in 15 minutes and double the reattempt interval thereafter. The error was: No such host is known. (0x80072AF9)
Information	08-11-2021 09:58:35	Microsoft-Windows-Kernel-Power	566	(268)	"The system session has transitioned from 251 to 252.

Reason: 7"
Information	08-11-2021 09:58:33	Microsoft-Windows-Kernel-Power	105	(100)	Power source change.
Information	08-11-2021 09:58:32	Microsoft-Windows-Kernel-Power	130	(33)	Firmware S3 times. SuspendStart: 161105816, SuspendEnd: 161105819
Information	08-11-2021 09:58:32	Microsoft-Windows-Kernel-Power	131	(33)	Firmware S3 times. ResumeCount: 1, FullResume: 1031, AverageResume: 1031
Information	08-11-2021 09:58:32	Microsoft-Windows-Kernel-General	1	(5)	"The system time has changed to ‎2021‎-‎11‎-‎08T04:28:32.500000000Z from ‎2021‎-‎11‎-‎08T03:10:02.093537100Z.

Change Reason: System time synchronized with the hardware clock.
Process: '' (PID 4).

RTC time: ‎2021‎-‎11‎-‎08T09:58:32.500000000Z
Current time zone bias: -330
RTC time is in UTC: false
System time was based on RTC time: false"
Information	08-11-2021 08:40:02	Microsoft-Windows-Kernel-Power	107	(102)	The system has resumed from sleep.
Information	08-11-2021 08:39:57	Microsoft-Windows-Kernel-Power	42	(64)	"The system is entering sleep.

Sleep Reason: System Idle"
Information	08-11-2021 08:39:48	Microsoft-Windows-Kernel-Power	566	(268)	"The system session has transitioned from 249 to 251.

Reason: 7"
Information	08-11-2021 08:39:46	Microsoft-Windows-Kernel-Power	566	(268)	"The system session has transitioned from 248 to 249.

Reason: 7"
Information	08-11-2021 08:39:41	Microsoft-Windows-Kernel-Power	566	(268)	"The system session has transitioned from 246 to 248.

Reason: 7"
Information	08-11-2021 08:39:40	Microsoft-Windows-Kernel-Power	105	(100)	Power source change.
Information	08-11-2021 08:33:25	Microsoft-Windows-Time-Service	158	None	The time provider 'VMICTimeProvider' has indicated that the current hardware and operating environment is not supported and has stopped. This behavior is expected for VMICTimeProvider on non-HyperV-guest environments. This may be the expected behavior for the current provider in the current operating environment as well.
Information	08-11-2021 08:23:43	Microsoft-Windows-Kernel-Power	566	(268)	"The system session has transitioned from 245 to 246.

Reason: 7"
Information	08-11-2021 08:18:55	Service Control Manager	7040	None	The start type of the Windows Modules Installer service was changed from demand start to auto start.
Information	08-11-2021 08:18:55	Service Control Manager	7040	None	The start type of the Windows Modules Installer service was changed from auto start to demand start.
Information	08-11-2021 08:18:55	Service Control Manager	7040	None	The start type of the Windows Modules Installer service was changed from demand start to auto start.
Information	08-11-2021 08:18:54	Service Control Manager	7040	None	The start type of the Windows Modules Installer service was changed from auto start to demand start.
Information	08-11-2021 08:16:41	Service Control Manager	7040	None	The start type of the Windows Modules Installer service was changed from demand start to auto start.
Information	08-11-2021 08:16:39	Service Control Manager	7040	None	The start type of the Windows Modules Installer service was changed from auto start to demand start.
Information	08-11-2021 08:16:32	Service Control Manager	7040	None	The start type of the Windows Modules Installer service was changed from demand start to auto start.
Information	08-11-2021 08:16:31	Service Control Manager	7040	None	The start type of the Windows Modules Installer service was changed from auto start to demand start.
Information	08-11-2021 08:16:28	Service Control Manager	7040	None	The start type of the Windows Modules Installer service was changed from demand start to auto start.
Information	08-11-2021 08:16:10	Service Control Manager	7040	None	The start type of the Windows Modules Installer service was changed from auto start to demand start.
Warning	08-11-2021 08:16:06	Microsoft-Windows-Time-Service	134	None	NtpClient was unable to set a manual peer to use as a time source because of DNS resolution error on 'time.windows.com,0x9'. NtpClient will try again in 15 minutes and double the reattempt interval thereafter. The error was: No such host is known. (0x80072AF9)
Information	08-11-2021 08:16:06	Service Control Manager	7040	None	The start type of the Windows Modules Installer service was changed from demand start to auto start.
Information	08-11-2021 08:16:06	Service Control Manager	7040	None	The start type of the Windows Modules Installer service was changed from auto start to demand start.
Warning	08-11-2021 08:16:05	Microsoft-Windows-Time-Service	134	None	NtpClient was unable to set a manual peer to use as a time source because of DNS resolution error on 'time.windows.com,0x9'. NtpClient will try again in 15 minutes and double the reattempt interval thereafter. The error was: No such host is known. (0x80072AF9)
Information	08-11-2021 08:16:05	Microsoft-Windows-Time-Service	158	None	The time provider 'VMICTimeProvider' has indicated that the current hardware and operating environment is not supported and has stopped. This behavior is expected for VMICTimeProvider on non-HyperV-guest environments. This may be the expected behavior for the current provider in the current operating environment as well.
Information	08-11-2021 08:15:58	Service Control Manager	7040	None	The start type of the Windows Modules Installer service was changed from demand start to auto start.
Information	08-11-2021 08:15:33	Service Control Manager	7040	None	The start type of the Windows Modules Installer service was changed from auto start to demand start.
Information	08-11-2021 08:15:33	Service Control Manager	7040	None	The start type of the Windows Modules Installer service was changed from demand start to auto start.
Warning	08-11-2021 08:07:43	Microsoft-Windows-DistributedCOM	10016	None	"The application-specific permission settings do not grant Local Activation permission for the COM Server application with CLSID 
{2593F8B9-4EAF-457C-B68A-50F6B8EA6B54}
 and APPID 
{15C20B67-12E7-4BB6-92BB-7AFF07997402}
 to the user LAPTOP-7EVMU4TQ\mahendra SID (S-1-5-21-38077573-387163758-1783380300-1002) from address LocalHost (Using LRPC) running in the application container Unavailable SID (Unavailable). This security permission can be modified using the Component Services administrative tool."
Warning	08-11-2021 08:07:25	Microsoft-Windows-DistributedCOM	10016	None	"The application-specific permission settings do not grant Local Activation permission for the COM Server application with CLSID 
{2593F8B9-4EAF-457C-B68A-50F6B8EA6B54}
 and APPID 
{15C20B67-12E7-4BB6-92BB-7AFF07997402}
 to the user LAPTOP-7EVMU4TQ\mahendra SID (S-1-5-21-38077573-387163758-1783380300-1002) from address LocalHost (Using LRPC) running in the application container Unavailable SID (Unavailable). This security permission can be modified using the Component Services administrative tool."
Warning	08-11-2021 08:07:02	Microsoft-Windows-DistributedCOM	10016	None	"The application-specific permission settings do not grant Local Activation permission for the COM Server application with CLSID 
{2593F8B9-4EAF-457C-B68A-50F6B8EA6B54}
 and APPID 
{15C20B67-12E7-4BB6-92BB-7AFF07997402}
 to the user LAPTOP-7EVMU4TQ\mahendra SID (S-1-5-21-38077573-387163758-1783380300-1002) from address LocalHost (Using LRPC) running in the application container Unavailable SID (Unavailable). This security permission can be modified using the Component Services administrative tool."
Warning	08-11-2021 08:06:35	Microsoft-Windows-DistributedCOM	10016	None	"The application-specific permission settings do not grant Local Activation permission for the COM Server application with CLSID 
{2593F8B9-4EAF-457C-B68A-50F6B8EA6B54}
 and APPID 
{15C20B67-12E7-4BB6-92BB-7AFF07997402}
 to the user LAPTOP-7EVMU4TQ\mahendra SID (S-1-5-21-38077573-387163758-1783380300-1002) from address LocalHost (Using LRPC) running in the application container Unavailable SID (Unavailable). This security permission can be modified using the Component Services administrative tool."
Information	08-11-2021 08:05:08	Service Control Manager	7040	None	The start type of the Background Intelligent Transfer Service service was changed from auto start to demand start.
Information	08-11-2021 08:04:15	Microsoft-Windows-Kernel-General	16	None	The access history in hive \??\C:\ProgramData\Microsoft\Windows\AppRepository\Packages\MicrosoftWindows.Client.CBS_1000.22000.318.0_x64__cw5n1h2txyewy\ActivationStore.dat was cleared updating 0 keys and creating 0 modified pages.
Warning	08-11-2021 08:04:02	Microsoft-Windows-DistributedCOM	10016	None	"The application-specific permission settings do not grant Local Activation permission for the COM Server application with CLSID 
{6B3B8D23-FA8D-40B9-8DBD-B950333E2C52}
 and APPID 
{4839DDB7-58C2-48F5-8283-E1D1807D0D7D}
 to the user NT AUTHORITY\LOCAL SERVICE SID (S-1-5-19) from address LocalHost (Using LRPC) running in the application container Unavailable SID (Unavailable). This security permission can be modified using the Component Services administrative tool."
Warning	08-11-2021 08:04:02	Microsoft-Windows-DistributedCOM	10016	None	"The application-specific permission settings do not grant Local Activation permission for the COM Server application with CLSID 
{6B3B8D23-FA8D-40B9-8DBD-B950333E2C52}
 and APPID 
{4839DDB7-58C2-48F5-8283-E1D1807D0D7D}
 to the user NT AUTHORITY\LOCAL SERVICE SID (S-1-5-19) from address LocalHost (Using LRPC) running in the application container Unavailable SID (Unavailable). This security permission can be modified using the Component Services administrative tool."
Information	08-11-2021 08:03:59	Microsoft-Windows-Winlogon	7001	(1101)	User Logon Notification for Customer Experience Improvement Program
Information	08-11-2021 08:03:15	Microsoft-Windows-WindowsUpdateClient	19	Windows Update Agent	Installation Successful: Windows successfully installed the following update: 2021-11 Update for Windows 11 for x64-based Systems (KB5008295)
Information	08-11-2021 08:03:12	Service Control Manager	7040	None	The start type of the Windows Modules Installer service was changed from auto start to demand start.
Information	08-11-2021 08:02:01	Service Control Manager	7040	None	The start type of the Background Intelligent Transfer Service service was changed from demand start to auto start.
Information	08-11-2021 08:01:19	Microsoft-Windows-Kernel-General	16	None	The access history in hive \??\C:\WINDOWS\System32\SMI\Store\Machine\SCHEMA.DAT was cleared updating 1 keys and creating 1 modified pages.
Information	08-11-2021 08:00:23	Microsoft-Windows-Ntfs	98	None	Volume Windows (\Device\HarddiskVolumeShadowCopy8) is healthy.  No action is needed.
Information	08-11-2021 07:59:06	Service Control Manager	7040	None	The start type of the Windows Modules Installer service was changed from demand start to auto start.
Information	08-11-2021 07:59:04	Microsoft-Windows-WindowsUpdateClient	43	Windows Update Agent	Installation Started: Windows has started installing the following update: 2021-11 Update for Windows 11 for x64-based Systems (KB5008295)
Information	08-11-2021 07:55:01	Microsoft-Windows-Power-Troubleshooter	1	None	"The system has returned from a low power state.

Sleep Time: ‎2021‎-‎11‎-‎07T17:28:20.989158900Z
Wake Time: ‎2021‎-‎11‎-‎08T02:24:57.287791800Z

Wake Source: Unknown"
Information	08-11-2021 07:54:57	Microsoft-Windows-Kernel-Power	566	(268)	"The system session has transitioned from 243 to 245.

Reason: 7"
Error	08-11-2021 07:54:58	Server	2505	None	The server could not bind to the transport \Device\NetBT_Tcpip_{59426481-F96A-490F-9157-08A6F626BD36} because another computer on the network has the same name.  The server could not start.
Information	08-11-2021 07:54:56	Microsoft-Windows-Kernel-Power	566	(268)	"The system session has transitioned from 242 to 243.

Reason: 7"
Information	08-11-2021 07:54:56	Microsoft-Windows-Kernel-Boot	32	(58)	The bootmgr spent 0 ms waiting for user input.
Information	08-11-2021 07:54:56	Microsoft-Windows-Kernel-Boot	18	(57)	There are 0x1 boot options on this system.
Information	08-11-2021 07:54:56	Microsoft-Windows-Kernel-Boot	30	(21)	The firmware reported boot metrics.
Information	08-11-2021 07:54:55	Microsoft-Windows-Kernel-Power	105	(100)	Power source change.
Information	08-11-2021 07:54:54	Microsoft-Windows-Kernel-General	1	(5)	"The system time has changed to ‎2021‎-‎11‎-‎08T02:24:54.500000000Z from ‎2021‎-‎11‎-‎07T17:28:37.278204800Z.

Change Reason: System time synchronized with the hardware clock.
Process: '' (PID 4).

RTC time: ‎2021‎-‎11‎-‎08T07:54:54.500000000Z
Current time zone bias: -330
RTC time is in UTC: false
System time was based on RTC time: false"
Information	07-11-2021 22:58:37	Microsoft-Windows-Kernel-Power	107	(102)	The system has resumed from sleep.
Information	07-11-2021 22:58:26	Microsoft-Windows-Kernel-Power	42	(64)	"The system is entering sleep.

Sleep Reason: Application API"
Information	07-11-2021 22:58:22	Microsoft-Windows-Kernel-Power	566	(268)	"The system session has transitioned from 241 to 242.

Reason: 7"
Information	07-11-2021 22:58:20	Microsoft-Windows-Kernel-Power	187	(243)	User-mode process attempted to change the system state by calling SetSuspendState or SetSystemPowerState APIs.
Information	07-11-2021 22:58:19	Microsoft-Windows-Winlogon	7002	(1102)	User Logoff Notification for Customer Experience Improvement Program
Information	07-11-2021 22:58:11	User32	1074	None	"The process Explorer.EXE has initiated the power off of computer LAPTOP-7EVMU4TQ on behalf of user LAPTOP-7EVMU4TQ\mahendra for the following reason: Other (Unplanned)
 Reason Code: 0x0
 Shutdown Type: power off
 Comment: "
Information	07-11-2021 22:57:48	Microsoft-Windows-Power-Troubleshooter	1	None	"The system has returned from a low power state.

Sleep Time: ‎2021‎-‎11‎-‎07T17:11:37.241240200Z
Wake Time: ‎2021‎-‎11‎-‎07T17:27:45.896536000Z

Wake Source: Power Button"
Error	07-11-2021 22:57:49	Server	2505	None	The server could not bind to the transport \Device\NetBT_Tcpip_{59426481-F96A-490F-9157-08A6F626BD36} because another computer on the network has the same name.  The server could not start.
Information	07-11-2021 22:57:45	Microsoft-Windows-Kernel-Power	566	(268)	"The system session has transitioned from 239 to 241.

Reason: 7"
Information	07-11-2021 22:57:45	Microsoft-Windows-Kernel-Power	566	(268)	"The system session has transitioned from 238 to 239.

Reason: 7"
Information	07-11-2021 22:57:44	Microsoft-Windows-Kernel-Power	130	(33)	Firmware S3 times. SuspendStart: 158385749, SuspendEnd: 158385750
Information	07-11-2021 22:57:44	Microsoft-Windows-Kernel-Power	131	(33)	Firmware S3 times. ResumeCount: 3, FullResume: 1028, AverageResume: 1029
Information	07-11-2021 22:57:44	Microsoft-Windows-Kernel-General	1	(5)	"The system time has changed to ‎2021‎-‎11‎-‎07T17:27:44.500000000Z from ‎2021‎-‎11‎-‎07T17:11:52.549073000Z.

Change Reason: System time synchronized with the hardware clock.
Process: '' (PID 4).

RTC time: ‎2021‎-‎11‎-‎07T22:57:44.500000000Z
Current time zone bias: -330
RTC time is in UTC: false
System time was based on RTC time: false"
Information	07-11-2021 22:41:52	Microsoft-Windows-Kernel-Power	107	(102)	The system has resumed from sleep.
Information	07-11-2021 22:41:46	Microsoft-Windows-Kernel-Power	42	(64)	"The system is entering sleep.

Sleep Reason: System Idle"
Information	07-11-2021 22:41:41	Microsoft-Windows-Kernel-Power	566	(268)	"The system session has transitioned from 236 to 238.

Reason: 7"
Information	07-11-2021 22:37:54	Microsoft-Windows-Kernel-Power	566	(268)	"The system session has transitioned from 235 to 236.

Reason: 7"
Information	07-11-2021 22:36:24	Microsoft-Windows-Power-Troubleshooter	1	None	"The system has returned from a low power state.

Sleep Time: ‎2021‎-‎11‎-‎07T16:41:57.206644300Z
Wake Time: ‎2021‎-‎11‎-‎07T17:06:20.787351300Z

Wake Source: Power Button"
Error	07-11-2021 22:36:23	Server	2505	None	The server could not bind to the transport \Device\NetBT_Tcpip_{59426481-F96A-490F-9157-08A6F626BD36} because another computer on the network has the same name.  The server could not start.
Information	07-11-2021 22:36:20	Microsoft-Windows-Kernel-Power	566	(268)	"The system session has transitioned from 233 to 235.

Reason: 7"
Information	07-11-2021 22:36:20	Microsoft-Windows-Kernel-Power	566	(268)	"The system session has transitioned from 232 to 233.

Reason: 7"
Information	07-11-2021 22:36:19	Microsoft-Windows-Kernel-Power	130	(33)	Firmware S3 times. SuspendStart: 158052756, SuspendEnd: 158052757
Information	07-11-2021 22:36:19	Microsoft-Windows-Kernel-Power	131	(33)	Firmware S3 times. ResumeCount: 2, FullResume: 1031, AverageResume: 1029
Information	07-11-2021 22:36:19	Microsoft-Windows-Kernel-General	1	(5)	"The system time has changed to ‎2021‎-‎11‎-‎07T17:06:19.500000000Z from ‎2021‎-‎11‎-‎07T16:42:09.444926200Z.

Change Reason: System time synchronized with the hardware clock.
Process: '' (PID 4).

RTC time: ‎2021‎-‎11‎-‎07T22:36:19.500000000Z
Current time zone bias: -330
RTC time is in UTC: false
System time was based on RTC time: false"
Information	07-11-2021 22:12:09	Microsoft-Windows-Kernel-Power	107	(102)	The system has resumed from sleep.
Information	07-11-2021 22:12:04	Microsoft-Windows-Kernel-Power	42	(64)	"The system is entering sleep.

Sleep Reason: System Idle"
Information	07-11-2021 22:11:58	Microsoft-Windows-Kernel-Power	566	(268)	"The system session has transitioned from 230 to 232.

Reason: 7"
Information	07-11-2021 22:11:37	Microsoft-Windows-Kernel-Power	566	(268)	"The system session has transitioned from 229 to 230.

Reason: 7"
Information	07-11-2021 22:02:24	Service Control Manager	7040	None	The start type of the Background Intelligent Transfer Service service was changed from auto start to demand start.
Error	07-11-2021 21:59:44	Service Control Manager	7009	None	A timeout was reached (30000 milliseconds) while waiting for the Intel(R) SUR QC Software Asset Manager service to connect.
Information	07-11-2021 21:59:35	Service Control Manager	7040	None	The start type of the Background Intelligent Transfer Service service was changed from demand start to auto start.
Information	07-11-2021 21:59:06	Service Control Manager	7040	None	The start type of the Background Intelligent Transfer Service service was changed from auto start to demand start.
Information	07-11-2021 21:58:48	Microsoft-Windows-WindowsUpdateClient	19	Windows Update Agent	Installation Successful: Windows successfully installed the following update: Security Intelligence Update for Microsoft Defender Antivirus - KB2267602 (Version 1.353.584.0)
Warning	07-11-2021 21:58:08	Microsoft-Windows-DistributedCOM	10016	None	"The application-specific permission settings do not grant Local Activation permission for the COM Server application with CLSID 
{2593F8B9-4EAF-457C-B68A-50F6B8EA6B54}
 and APPID 
{15C20B67-12E7-4BB6-92BB-7AFF07997402}
 to the user LAPTOP-7EVMU4TQ\mahendra SID (S-1-5-21-38077573-387163758-1783380300-1002) from address LocalHost (Using LRPC) running in the application container Unavailable SID (Unavailable). This security permission can be modified using the Component Services administrative tool."
Information	07-11-2021 21:57:25	Microsoft-Windows-WindowsUpdateClient	43	Windows Update Agent	Installation Started: Windows has started installing the following update: Security Intelligence Update for Microsoft Defender Antivirus - KB2267602 (Version 1.353.584.0)
Information	07-11-2021 21:57:20	Microsoft-Windows-WindowsUpdateClient	44	Windows Update Agent	Windows Update started downloading an update.
Information	07-11-2021 21:56:05	Microsoft-Windows-Kernel-General	16	None	The access history in hive \??\C:\Users\mahendra\AppData\Local\Packages\Microsoft.BingWeather_8wekyb3d8bbwe\Settings\settings.dat was cleared updating 2 keys and creating 1 modified pages.
Error	07-11-2021 21:55:52	Server	2505	None	The server could not bind to the transport \Device\NetBT_Tcpip_{9F961AE3-9423-4C8B-AB48-B1886999008B} because another computer on the network has the same name.  The server could not start.
Information	07-11-2021 21:52:23	Service Control Manager	7040	None	The start type of the Background Intelligent Transfer Service service was changed from demand start to auto start.
Information	07-11-2021 21:49:45	Microsoft-Windows-Kernel-General	16	None	The access history in hive \??\C:\Users\mahendra\AppData\Local\Packages\windows.immersivecontrolpanel_cw5n1h2txyewy\Settings\settings.dat was cleared updating 2 keys and creating 1 modified pages.
Information	07-11-2021 21:48:56	Service Control Manager	7040	None	The start type of the Background Intelligent Transfer Service service was changed from auto start to demand start.
Information	07-11-2021 21:48:05	Microsoft-Windows-Kernel-General	16	None	The access history in hive \??\C:\Users\mahendra\AppData\Local\Packages\ad2f1837.hpjumpstarts_v10z8vjag6ke6\AC\GEH\POF.dat was cleared updating 1 keys and creating 1 modified pages.
Information	07-11-2021 21:47:39	Microsoft-Windows-Kernel-General	16	None	The access history in hive \??\C:\Users\mahendra\AppData\Local\Packages\Microsoft.People_8wekyb3d8bbwe\Settings\settings.dat was cleared updating 2 keys and creating 1 modified pages.
Information	07-11-2021 21:47:29	Microsoft-Windows-Kernel-General	16	None	The access history in hive \??\C:\Users\mahendra\AppData\Local\Packages\AppUp.IntelGraphicsExperience_8j3eq9eme6ctt\SystemAppData\Helium\UserClasses.dat was cleared updating 4 keys and creating 1 modified pages.
Information	07-11-2021 21:47:29	Microsoft-Windows-Kernel-General	16	None	The access history in hive \??\C:\Users\mahendra\AppData\Local\Packages\AppUp.IntelGraphicsExperience_8j3eq9eme6ctt\SystemAppData\Helium\User.dat was cleared updating 12 keys and creating 1 modified pages.
Information	07-11-2021 21:47:19	Microsoft-Windows-Kernel-General	16	None	The access history in hive \??\C:\Users\mahendra\AppData\Local\Packages\Microsoft.YourPhone_8wekyb3d8bbwe\Settings\settings.dat was cleared updating 27 keys and creating 10 modified pages.
Information	07-11-2021 21:47:14	Microsoft-Windows-Kernel-General	16	None	The access history in hive \??\C:\Users\mahendra\AppData\Local\Packages\AD2F1837.HPSystemEventUtility_v10z8vjag6ke6\Settings\settings.dat was cleared updating 2 keys and creating 1 modified pages.
Information	07-11-2021 21:47:04	Microsoft-Windows-Kernel-General	16	None	The access history in hive \??\C:\Users\mahendra\AppData\Local\Packages\Microsoft.Windows.StartMenuExperienceHost_cw5n1h2txyewy\Settings\settings.dat was cleared updating 7 keys and creating 1 modified pages.
Information	07-11-2021 21:46:51	Microsoft-Windows-Kernel-General	16	None	The access history in hive \??\C:\Users\mahendra\AppData\Local\Packages\MicrosoftWindows.Client.CBS_cw5n1h2txyewy\Settings\settings.dat was cleared updating 13 keys and creating 4 modified pages.
Information	07-11-2021 21:46:49	Service Control Manager	7040	None	The start type of the Background Intelligent Transfer Service service was changed from demand start to auto start.
Warning	07-11-2021 21:46:45	Microsoft-Windows-DistributedCOM	10016	None	"The application-specific permission settings do not grant Local Activation permission for the COM Server application with CLSID 
{6B3B8D23-FA8D-40B9-8DBD-B950333E2C52}
 and APPID 
{4839DDB7-58C2-48F5-8283-E1D1807D0D7D}
 to the user NT AUTHORITY\LOCAL SERVICE SID (S-1-5-19) from address LocalHost (Using LRPC) running in the application container Unavailable SID (Unavailable). This security permission can be modified using the Component Services administrative tool."
Warning	07-11-2021 21:46:45	Microsoft-Windows-DistributedCOM	10016	None	"The application-specific permission settings do not grant Local Activation permission for the COM Server application with CLSID 
{6B3B8D23-FA8D-40B9-8DBD-B950333E2C52}
 and APPID 
{4839DDB7-58C2-48F5-8283-E1D1807D0D7D}
 to the user NT AUTHORITY\LOCAL SERVICE SID (S-1-5-19) from address LocalHost (Using LRPC) running in the application container Unavailable SID (Unavailable). This security permission can be modified using the Component Services administrative tool."
Information	07-11-2021 21:46:39	Microsoft-Windows-Winlogon	7001	(1101)	User Logon Notification for Customer Experience Improvement Program
Information	07-11-2021 21:46:16	Microsoft-Windows-Power-Troubleshooter	1	None	"The system has returned from a low power state.

Sleep Time: ‎2021‎-‎11‎-‎07T15:46:27.442379700Z
Wake Time: ‎2021‎-‎11‎-‎07T16:16:14.823372800Z

Wake Source: Power Button"
Error	07-11-2021 21:46:16	Server	2505	None	The server could not bind to the transport \Device\NetBT_Tcpip_{59426481-F96A-490F-9157-08A6F626BD36} because another computer on the network has the same name.  The server could not start.
Information	07-11-2021 21:46:15	Microsoft-Windows-Kernel-Power	566	(268)	"The system session has transitioned from 227 to 229.

Reason: 7"
Information	07-11-2021 21:46:14	Microsoft-Windows-Kernel-Power	566	(268)	"The system session has transitioned from 226 to 227.

Reason: 7"
Information	07-11-2021 21:46:12	Microsoft-Windows-Kernel-Power	130	(33)	Firmware S3 times. SuspendStart: 156496089, SuspendEnd: 156496090
Information	07-11-2021 21:46:12	Microsoft-Windows-Kernel-Power	131	(33)	Firmware S3 times. ResumeCount: 1, FullResume: 1028, AverageResume: 1028
Information	07-11-2021 21:46:12	Microsoft-Windows-Kernel-General	1	(5)	"The system time has changed to ‎2021‎-‎11‎-‎07T16:16:12.500000000Z from ‎2021‎-‎11‎-‎07T15:46:42.755542700Z.

Change Reason: System time synchronized with the hardware clock.
Process: '' (PID 4).

RTC time: ‎2021‎-‎11‎-‎07T21:46:12.500000000Z
Current time zone bias: -330
RTC time is in UTC: false
System time was based on RTC time: false"
Information	07-11-2021 21:16:42	Microsoft-Windows-Kernel-Power	107	(102)	The system has resumed from sleep.
Information	07-11-2021 21:16:38	Microsoft-Windows-Kernel-Power	42	(64)	"The system is entering sleep.

Sleep Reason: System Idle"
Information	07-11-2021 21:16:27	Microsoft-Windows-Kernel-Power	566	(268)	"The system session has transitioned from 224 to 226.

Reason: 7"
Information	07-11-2021 21:16:09	Microsoft-Windows-Kernel-Power	566	(268)	"The system session has transitioned from 223 to 224.

Reason: 7"
Information	07-11-2021 21:11:10	Microsoft-Windows-Power-Troubleshooter	1	None	"The system has returned from a low power state.

Sleep Time: ‎2021‎-‎11‎-‎06T16:55:24.021501700Z
Wake Time: ‎2021‎-‎11‎-‎07T15:41:05.254044700Z

Wake Source: Unknown"
Information	07-11-2021 21:11:06	Microsoft-Windows-Kernel-Power	566	(268)	"The system session has transitioned from 221 to 223.

Reason: 7"
Information	07-11-2021 21:11:05	Microsoft-Windows-Kernel-Power	566	(268)	"The system session has transitioned from 220 to 221.

Reason: 7"
Information	07-11-2021 21:11:05	Microsoft-Windows-Kernel-Boot	32	(58)	The bootmgr spent 0 ms waiting for user input.
Information	07-11-2021 21:11:05	Microsoft-Windows-Kernel-Boot	18	(57)	There are 0x1 boot options on this system.
Information	07-11-2021 21:11:05	Microsoft-Windows-Kernel-Boot	30	(21)	The firmware reported boot metrics.
Error	07-11-2021 21:11:07	Server	2505	None	The server could not bind to the transport \Device\NetBT_Tcpip_{59426481-F96A-490F-9157-08A6F626BD36} because another computer on the network has the same name.  The server could not start.
Information	07-11-2021 21:11:02	Microsoft-Windows-Kernel-General	1	(5)	"The system time has changed to ‎2021‎-‎11‎-‎07T15:41:02.500000000Z from ‎2021‎-‎11‎-‎06T16:55:50.854921500Z.

Change Reason: System time synchronized with the hardware clock.
Process: '' (PID 4).

RTC time: ‎2021‎-‎11‎-‎07T21:11:02.500000000Z
Current time zone bias: -330
RTC time is in UTC: false
System time was based on RTC time: false"
Information	06-11-2021 22:25:50	Microsoft-Windows-Kernel-Power	107	(102)	The system has resumed from sleep.
Information	07-11-2021 21:11:03	EventLog	6013	None	The system uptime is 708129 seconds.
Information	06-11-2021 22:25:34	Microsoft-Windows-Kernel-Power	42	(64)	"The system is entering sleep.

Sleep Reason: Application API"
Information	06-11-2021 22:25:26	Service Control Manager	7040	None	The start type of the Background Intelligent Transfer Service service was changed from auto start to demand start.
Information	06-11-2021 22:25:24	Microsoft-Windows-Kernel-Power	566	(268)	"The system session has transitioned from 219 to 220.

Reason: 7"
Information	06-11-2021 22:25:24	Microsoft-Windows-Kernel-Power	187	(243)	User-mode process attempted to change the system state by calling SetSuspendState or SetSystemPowerState APIs.
Information	06-11-2021 22:25:22	Microsoft-Windows-Winlogon	7002	(1102)	User Logoff Notification for Customer Experience Improvement Program
Information	06-11-2021 22:25:08	User32	1074	None	"The process Explorer.EXE has initiated the power off of computer LAPTOP-7EVMU4TQ on behalf of user LAPTOP-7EVMU4TQ\mahendra for the following reason: Other (Unplanned)
 Reason Code: 0x0
 Shutdown Type: power off
 Comment: "
Warning	06-11-2021 22:24:55	Microsoft-Windows-DistributedCOM	10016	None	"The application-specific permission settings do not grant Local Activation permission for the COM Server application with CLSID 
{2593F8B9-4EAF-457C-B68A-50F6B8EA6B54}
 and APPID 
{15C20B67-12E7-4BB6-92BB-7AFF07997402}
 to the user LAPTOP-7EVMU4TQ\mahendra SID (S-1-5-21-38077573-387163758-1783380300-1002) from address LocalHost (Using LRPC) running in the application container Unavailable SID (Unavailable). This security permission can be modified using the Component Services administrative tool."
Error	06-11-2021 22:24:40	Server	2505	None	The server could not bind to the transport \Device\NetBT_Tcpip_{9F961AE3-9423-4C8B-AB48-B1886999008B} because another computer on the network has the same name.  The server could not start.
Information	06-11-2021 22:24:39	Microsoft-Windows-Power-Troubleshooter	1	None	"The system has returned from a low power state.

Sleep Time: ‎2021‎-‎11‎-‎06T16:51:04.330325800Z
Wake Time: ‎2021‎-‎11‎-‎06T16:54:37.515121300Z

Wake Source: Power Button"
Error	06-11-2021 22:24:39	Server	2505	None	The server could not bind to the transport \Device\NetBT_Tcpip_{59426481-F96A-490F-9157-08A6F626BD36} because another computer on the network has the same name.  The server could not start.
Information	06-11-2021 22:24:38	Microsoft-Windows-Kernel-Power	566	(268)	"The system session has transitioned from 217 to 219.

Reason: 7"
Information	06-11-2021 22:24:36	Microsoft-Windows-Kernel-Power	566	(268)	"The system session has transitioned from 216 to 217.

Reason: 7"
Information	06-11-2021 22:24:34	Microsoft-Windows-Kernel-Power	130	(33)	Firmware S3 times. SuspendStart: 156080892, SuspendEnd: 156080893
Information	06-11-2021 22:24:34	Microsoft-Windows-Kernel-Power	131	(33)	Firmware S3 times. ResumeCount: 1, FullResume: 1035, AverageResume: 1035
Information	06-11-2021 22:24:34	Microsoft-Windows-Kernel-General	1	(5)	"The system time has changed to ‎2021‎-‎11‎-‎06T16:54:34.500000000Z from ‎2021‎-‎11‎-‎06T16:51:23.043310900Z.

Change Reason: System time synchronized with the hardware clock.
Process: '' (PID 4).

RTC time: ‎2021‎-‎11‎-‎06T22:24:34.500000000Z
Current time zone bias: -330
RTC time is in UTC: false
System time was based on RTC time: false"
Information	06-11-2021 22:21:23	Microsoft-Windows-Kernel-Power	107	(102)	The system has resumed from sleep.
Information	06-11-2021 22:21:18	Microsoft-Windows-Kernel-Power	42	(64)	"The system is entering sleep.

Sleep Reason: System Idle"
Information	06-11-2021 22:21:08	Microsoft-Windows-Kernel-Power	566	(268)	"The system session has transitioned from 214 to 216.

Reason: 7"
Information	06-11-2021 22:20:59	Microsoft-Windows-Kernel-Power	566	(268)	"The system session has transitioned from 213 to 214.

Reason: 7"
Information	06-11-2021 22:20:09	Service Control Manager	7040	None	The start type of the Background Intelligent Transfer Service service was changed from demand start to auto start.
Warning	06-11-2021 22:01:40	Microsoft-Windows-DistributedCOM	10016	None	"The application-specific permission settings do not grant Local Activation permission for the COM Server application with CLSID 
{2593F8B9-4EAF-457C-B68A-50F6B8EA6B54}
 and APPID 
{15C20B67-12E7-4BB6-92BB-7AFF07997402}
 to the user LAPTOP-7EVMU4TQ\mahendra SID (S-1-5-21-38077573-387163758-1783380300-1002) from address LocalHost (Using LRPC) running in the application container Unavailable SID (Unavailable). This security permission can be modified using the Component Services administrative tool."
Warning	06-11-2021 21:57:52	Microsoft-Windows-DNS-Client	1014	(1014)	Name resolution for the name ssl.gstatic.com timed out after none of the configured DNS servers responded. Client PID 15760.
Information	06-11-2021 21:47:32	Microsoft-Windows-Kernel-Power	105	(100)	Power source change.
Information	06-11-2021 21:45:53	Microsoft-Windows-WindowsUpdateClient	19	Windows Update Agent	Installation Successful: Windows successfully installed the following update: 9MSSGKG348SP-MicrosoftWindows.Client.WebExperience
Information	06-11-2021 21:44:44	Microsoft-Windows-WindowsUpdateClient	19	Windows Update Agent	Installation Successful: Windows successfully installed the following update: 9NKSQGP7F2NH-5319275A.WhatsAppDesktop
Information	06-11-2021 21:44:36	Microsoft-Windows-Kernel-General	16	None	The access history in hive \??\C:\Users\mahendra\AppData\Local\Packages\5319275A.WhatsAppDesktop_cv1g1gvanyjgm\Settings\settings.dat was cleared updating 1 keys and creating 1 modified pages.
