Information	23-10-2021 11:41:14	Microsoft-Windows-Kernel-General	16	None	The access history in hive \??\C:\Users\mahendra\AppData\Local\Packages\Microsoft.XboxIdentityProvider_8wekyb3d8bbwe\Settings\settings.dat was cleared updating 2 keys and creating 1 modified pages.
Information	23-10-2021 11:41:12	Microsoft-Windows-Kernel-General	16	None	The access history in hive \??\C:\Users\mahendra\AppData\Local\Packages\Microsoft.XboxGamingOverlay_8wekyb3d8bbwe\Settings\settings.dat was cleared updating 6 keys and creating 1 modified pages.
Information	23-10-2021 11:31:40	Microsoft-Windows-Kernel-General	16	None	The access history in hive \??\C:\Users\mahendra\AppData\Local\Packages\MicrosoftWindows.Client.WebExperience_cw5n1h2txyewy\Settings\settings.dat was cleared updating 1 keys and creating 1 modified pages.
Information	23-10-2021 11:31:33	Microsoft-Windows-Kernel-General	16	None	The access history in hive \??\C:\Users\mahendra\AppData\Local\Packages\MicrosoftWindows.Client.WebExperience_cw5n1h2txyewy\SystemAppData\Helium\UserClasses.dat was cleared updating 12 keys and creating 1 modified pages.
Information	23-10-2021 11:31:33	Microsoft-Windows-Kernel-General	16	None	The access history in hive \??\C:\Users\mahendra\AppData\Local\Packages\MicrosoftWindows.Client.WebExperience_cw5n1h2txyewy\SystemAppData\Helium\User.dat was cleared updating 33 keys and creating 3 modified pages.
Information	23-10-2021 11:27:11	Microsoft-Windows-Kernel-General	16	None	The access history in hive \??\C:\Users\mahendra\AppData\Local\Packages\microsoft.windowscommunicationsapps_8wekyb3d8bbwe\Settings\settings.dat was cleared updating 32 keys and creating 9 modified pages.
Information	23-10-2021 11:26:12	Microsoft-Windows-Kernel-General	16	None	The access history in hive \??\C:\Users\mahendra\AppData\Local\Packages\Microsoft.WindowsStore_8wekyb3d8bbwe\Settings\settings.dat was cleared updating 11 keys and creating 3 modified pages.
Error	23-10-2021 11:26:08	Server	2505	None	The server could not bind to the transport \Device\NetBT_Tcpip_{9F961AE3-9423-4C8B-AB48-B1886999008B} because another computer on the network has the same name.  The server could not start.
Information	23-10-2021 11:24:23	Microsoft-Windows-Power-Troubleshooter	1	None	"The system has returned from a low power state.

Sleep Time: ‎2021‎-‎10‎-‎23T05:30:27.710729800Z
Wake Time: ‎2021‎-‎10‎-‎23T05:54:20.818624900Z

Wake Source: Power Button"
Error	23-10-2021 11:24:24	Server	2505	None	The server could not bind to the transport \Device\NetBT_Tcpip_{59426481-F96A-490F-9157-08A6F626BD36} because another computer on the network has the same name.  The server could not start.
Information	23-10-2021 11:24:20	Microsoft-Windows-Kernel-Power	566	(268)	"The system session has transitioned from 274 to 276.

Reason: 5"
Information	23-10-2021 11:24:20	Microsoft-Windows-Kernel-Power	566	(268)	"The system session has transitioned from 273 to 274.

Reason: 5"
Information	23-10-2021 11:24:19	Microsoft-Windows-Kernel-Power	130	(33)	Firmware S3 times. SuspendStart: 386976045, SuspendEnd: 386976046
Information	23-10-2021 11:24:19	Microsoft-Windows-Kernel-Power	131	(33)	Firmware S3 times. ResumeCount: 2, FullResume: 1024, AverageResume: 1025
Information	23-10-2021 11:24:19	Microsoft-Windows-Kernel-General	1	(5)	"The system time has changed to ‎2021‎-‎10‎-‎23T05:54:19.500000000Z from ‎2021‎-‎10‎-‎23T05:30:38.184508700Z.

Change Reason: System time synchronized with the hardware clock.
Process: '' (PID 4).

RTC time: ‎2021‎-‎10‎-‎23T11:24:19.500000000Z
Current time zone bias: -330
RTC time is in UTC: false
System time was based on RTC time: false"
Information	23-10-2021 11:00:38	Microsoft-Windows-Kernel-Power	107	(102)	The system has resumed from sleep.
Information	23-10-2021 11:00:32	Microsoft-Windows-Kernel-Power	42	(64)	"The system is entering sleep.

Sleep Reason: System Idle"
Information	23-10-2021 11:00:28	Microsoft-Windows-Kernel-Power	566	(268)	"The system session has transitioned from 271 to 273.

Reason: 5"
Information	23-10-2021 11:00:27	Microsoft-Windows-Kernel-Power	566	(268)	"The system session has transitioned from 270 to 271.

Reason: 5"
Warning	23-10-2021 10:56:53	Microsoft-Windows-DNS-Client	1014	(1014)	Name resolution for the name outlook.office365.com timed out after none of the configured DNS servers responded. Client PID 30512.
Information	23-10-2021 10:54:54	Service Control Manager	7040	None	The start type of the Background Intelligent Transfer Service service was changed from auto start to demand start.
Information	23-10-2021 10:54:43	Microsoft-Windows-Kernel-General	1	(5)	"The system time has changed to ‎2021‎-‎10‎-‎23T05:24:43.674913600Z from ‎2021‎-‎10‎-‎23T05:24:43.674094800Z.

Change Reason: An application or system component changed the time.
Process: '\Device\HarddiskVolume3\Windows\System32\svchost.exe' (PID 30864).

RTC time: ‎2021‎-‎10‎-‎23T10:54:43.674913600Z
Current time zone bias: -330
RTC time is in UTC: false
System time was based on RTC time: false"
Information	23-10-2021 10:54:43	Microsoft-Windows-Kernel-General	24	(11)	The time zone information was refreshed with exit reason 0. Current time zone bias is -330.
Information	23-10-2021 10:54:43	Microsoft-Windows-Time-Service	35	None	The time service is now synchronizing the system time with the time source time.windows.com,0x9 (ntp.m|0x9|0.0.0.0:123->40.81.94.65:123) with reference id 1096700200. Current local stratum number is 4.
Information	23-10-2021 10:54:43	Microsoft-Windows-Time-Service	37	None	The time provider NtpClient is currently receiving valid time data from time.windows.com,0x9 (ntp.m|0x9|0.0.0.0:123->40.81.94.65:123).
Warning	23-10-2021 10:54:15	Microsoft-Windows-DNS-Client	1014	(1014)	Name resolution for the name v20.events.data.microsoft.com timed out after none of the configured DNS servers responded. Client PID 4472.
Error	23-10-2021 10:53:58	Server	2505	None	The server could not bind to the transport \Device\NetBT_Tcpip_{9F961AE3-9423-4C8B-AB48-B1886999008B} because another computer on the network has the same name.  The server could not start.
Information	23-10-2021 10:53:19	Microsoft-Windows-Kernel-General	16	None	The access history in hive \??\C:\Users\mahendra\AppData\Local\Packages\Microsoft.People_8wekyb3d8bbwe\Settings\settings.dat was cleared updating 2 keys and creating 1 modified pages.
Warning	23-10-2021 10:52:47	Microsoft-Windows-Time-Service	134	None	NtpClient was unable to set a manual peer to use as a time source because of DNS resolution error on 'time.windows.com,0x9'. NtpClient will try again in 15 minutes and double the reattempt interval thereafter. The error was: No such host is known. (0x80072AF9)
Information	23-10-2021 10:52:34	Service Control Manager	7040	None	The start type of the Background Intelligent Transfer Service service was changed from demand start to auto start.
Warning	23-10-2021 10:52:25	Microsoft-Windows-DistributedCOM	10016	None	"The application-specific permission settings do not grant Local Activation permission for the COM Server application with CLSID 
{6B3B8D23-FA8D-40B9-8DBD-B950333E2C52}
 and APPID 
{4839DDB7-58C2-48F5-8283-E1D1807D0D7D}
 to the user NT AUTHORITY\LOCAL SERVICE SID (S-1-5-19) from address LocalHost (Using LRPC) running in the application container Unavailable SID (Unavailable). This security permission can be modified using the Component Services administrative tool."
Warning	23-10-2021 10:52:25	Microsoft-Windows-DistributedCOM	10016	None	"The application-specific permission settings do not grant Local Activation permission for the COM Server application with CLSID 
{6B3B8D23-FA8D-40B9-8DBD-B950333E2C52}
 and APPID 
{4839DDB7-58C2-48F5-8283-E1D1807D0D7D}
 to the user NT AUTHORITY\LOCAL SERVICE SID (S-1-5-19) from address LocalHost (Using LRPC) running in the application container Unavailable SID (Unavailable). This security permission can be modified using the Component Services administrative tool."
Information	23-10-2021 10:52:18	Microsoft-Windows-Winlogon	7001	(1101)	User Logon Notification for Customer Experience Improvement Program
Information	23-10-2021 10:52:10	Microsoft-Windows-Power-Troubleshooter	1	None	"The system has returned from a low power state.

Sleep Time: ‎2021‎-‎10‎-‎23T03:38:42.817885100Z
Wake Time: ‎2021‎-‎10‎-‎23T05:22:09.714739100Z

Wake Source: Power Button"
Error	23-10-2021 10:52:11	Server	2505	None	The server could not bind to the transport \Device\NetBT_Tcpip_{59426481-F96A-490F-9157-08A6F626BD36} because another computer on the network has the same name.  The server could not start.
Information	23-10-2021 10:52:09	Microsoft-Windows-Kernel-Power	566	(268)	"The system session has transitioned from 268 to 270.

Reason: 5"
Warning	23-10-2021 10:52:08	Microsoft-Windows-Time-Service	134	None	NtpClient was unable to set a manual peer to use as a time source because of DNS resolution error on 'time.windows.com,0x9'. NtpClient will try again in 15 minutes and double the reattempt interval thereafter. The error was: No such host is known. (0x80072AF9)
Information	23-10-2021 10:52:08	Microsoft-Windows-Kernel-Power	566	(268)	"The system session has transitioned from 267 to 268.

Reason: 5"
Information	23-10-2021 10:52:06	Microsoft-Windows-Kernel-Power	130	(33)	Firmware S3 times. SuspendStart: 386464756, SuspendEnd: 386464757
Information	23-10-2021 10:52:06	Microsoft-Windows-Kernel-Power	131	(33)	Firmware S3 times. ResumeCount: 1, FullResume: 1027, AverageResume: 1027
Information	23-10-2021 10:52:06	Microsoft-Windows-Kernel-General	1	(5)	"The system time has changed to ‎2021‎-‎10‎-‎23T05:22:06.500000000Z from ‎2021‎-‎10‎-‎23T03:38:56.404317500Z.

Change Reason: System time synchronized with the hardware clock.
Process: '' (PID 4).

RTC time: ‎2021‎-‎10‎-‎23T10:52:06.500000000Z
Current time zone bias: -330
RTC time is in UTC: false
System time was based on RTC time: false"
Information	23-10-2021 09:08:56	Microsoft-Windows-Kernel-Power	107	(102)	The system has resumed from sleep.
Information	23-10-2021 09:08:52	Microsoft-Windows-Kernel-Power	42	(64)	"The system is entering sleep.

Sleep Reason: System Idle"
Information	23-10-2021 09:08:43	Microsoft-Windows-Kernel-Power	566	(268)	"The system session has transitioned from 265 to 267.

Reason: 5"
Information	23-10-2021 09:08:17	Microsoft-Windows-Kernel-Power	566	(268)	"The system session has transitioned from 264 to 265.

Reason: 5"
Warning	23-10-2021 09:03:47	Microsoft-Windows-Time-Service	134	None	NtpClient was unable to set a manual peer to use as a time source because of DNS resolution error on 'time.windows.com,0x9'. NtpClient will try again in 15 minutes and double the reattempt interval thereafter. The error was: No such host is known. (0x80072AF9)
Information	23-10-2021 09:03:14	Microsoft-Windows-Power-Troubleshooter	1	None	"The system has returned from a low power state.

Sleep Time: ‎2021‎-‎10‎-‎22T20:41:23.711475700Z
Wake Time: ‎2021‎-‎10‎-‎23T03:33:11.132465100Z

Wake Source: Unknown"
Information	23-10-2021 09:03:12	Microsoft-Windows-Kernel-Power	566	(268)	"The system session has transitioned from 262 to 264.

Reason: 5"
Warning	23-10-2021 09:03:11	Microsoft-Windows-Time-Service	134	None	NtpClient was unable to set a manual peer to use as a time source because of DNS resolution error on 'time.windows.com,0x9'. NtpClient will try again in 15 minutes and double the reattempt interval thereafter. The error was: No such host is known. (0x80072AF9)
Information	23-10-2021 09:03:10	Microsoft-Windows-Kernel-Power	566	(268)	"The system session has transitioned from 261 to 262.

Reason: 5"
Information	23-10-2021 09:03:10	Microsoft-Windows-Kernel-Boot	32	(58)	The bootmgr spent 0 ms waiting for user input.
Information	23-10-2021 09:03:10	Microsoft-Windows-Kernel-Boot	18	(57)	There are 0x1 boot options on this system.
Information	23-10-2021 09:03:10	Microsoft-Windows-Kernel-Boot	30	(21)	The firmware reported boot metrics.
Error	23-10-2021 09:03:12	Server	2505	None	The server could not bind to the transport \Device\NetBT_Tcpip_{59426481-F96A-490F-9157-08A6F626BD36} because another computer on the network has the same name.  The server could not start.
Information	23-10-2021 09:03:07	Microsoft-Windows-Kernel-General	1	(5)	"The system time has changed to ‎2021‎-‎10‎-‎23T03:33:07.500000000Z from ‎2021‎-‎10‎-‎22T20:42:04.089644600Z.

Change Reason: System time synchronized with the hardware clock.
Process: '' (PID 4).

RTC time: ‎2021‎-‎10‎-‎23T09:03:07.500000000Z
Current time zone bias: -330
RTC time is in UTC: false
System time was based on RTC time: false"
Information	23-10-2021 02:12:04	Microsoft-Windows-Kernel-Power	107	(102)	The system has resumed from sleep.
Information	23-10-2021 02:11:43	Microsoft-Windows-Kernel-Power	105	(100)	Power source change.
Information	23-10-2021 02:11:43	Microsoft-Windows-Kernel-Power	42	(64)	"The system is entering sleep.

Sleep Reason: Application API"
Information	23-10-2021 02:11:24	Microsoft-Windows-Kernel-Power	566	(268)	"The system session has transitioned from 260 to 261.

Reason: 5"
Information	23-10-2021 02:11:23	Microsoft-Windows-Kernel-Power	187	(243)	User-mode process attempted to change the system state by calling SetSuspendState or SetSystemPowerState APIs.
Information	23-10-2021 02:11:22	Microsoft-Windows-Winlogon	7002	(1102)	User Logoff Notification for Customer Experience Improvement Program
Information	23-10-2021 02:10:56	User32	1074	None	"The process explorer.exe has initiated the power off of computer LAPTOP-7EVMU4TQ on behalf of user LAPTOP-7EVMU4TQ\mahendra for the following reason: Other (Unplanned)
 Reason Code: 0x0
 Shutdown Type: power off
 Comment: "
Information	23-10-2021 01:35:23	Microsoft-Windows-Kernel-Power	105	(100)	Power source change.
Information	23-10-2021 01:05:43	Service Control Manager	7040	None	The start type of the Background Intelligent Transfer Service service was changed from auto start to demand start.
Information	23-10-2021 01:03:34	Service Control Manager	7040	None	The start type of the Background Intelligent Transfer Service service was changed from demand start to auto start.
Warning	23-10-2021 00:21:42	Microsoft-Windows-DistributedCOM	10016	None	"The application-specific permission settings do not grant Local Activation permission for the COM Server application with CLSID 
{2593F8B9-4EAF-457C-B68A-50F6B8EA6B54}
 and APPID 
{15C20B67-12E7-4BB6-92BB-7AFF07997402}
 to the user LAPTOP-7EVMU4TQ\mahendra SID (S-1-5-21-38077573-387163758-1783380300-1002) from address LocalHost (Using LRPC) running in the application container Unavailable SID (Unavailable). This security permission can be modified using the Component Services administrative tool."
Warning	23-10-2021 00:20:46	Microsoft-Windows-DistributedCOM	10016	None	"The application-specific permission settings do not grant Local Activation permission for the COM Server application with CLSID 
{2593F8B9-4EAF-457C-B68A-50F6B8EA6B54}
 and APPID 
{15C20B67-12E7-4BB6-92BB-7AFF07997402}
 to the user LAPTOP-7EVMU4TQ\mahendra SID (S-1-5-21-38077573-387163758-1783380300-1002) from address LocalHost (Using LRPC) running in the application container Unavailable SID (Unavailable). This security permission can be modified using the Component Services administrative tool."
Warning	23-10-2021 00:01:36	Microsoft-Windows-DNS-Client	1014	(1014)	Name resolution for the name beacons.gvt2.com timed out after none of the configured DNS servers responded. Client PID 19876.
Error	23-10-2021 00:01:33	Server	2505	None	The server could not bind to the transport \Device\NetBT_Tcpip_{9F961AE3-9423-4C8B-AB48-B1886999008B} because another computer on the network has the same name.  The server could not start.
Information	22-10-2021 23:57:29	Microsoft-Windows-Kernel-Power	566	(268)	"The system session has transitioned from 258 to 260.

Reason: 5"
Information	22-10-2021 23:57:26	Microsoft-Windows-Kernel-Power	566	(268)	"The system session has transitioned from 257 to 258.

Reason: 5"
Warning	22-10-2021 23:49:20	Microsoft-Windows-DNS-Client	1014	(1014)	Name resolution for the name beacons.gcp.gvt2.com timed out after none of the configured DNS servers responded. Client PID 19876.
Error	22-10-2021 23:43:04	Server	2505	None	The server could not bind to the transport \Device\NetBT_Tcpip_{9F961AE3-9423-4C8B-AB48-B1886999008B} because another computer on the network has the same name.  The server could not start.
Information	22-10-2021 23:42:48	Microsoft-Windows-Kernel-Power	105	(100)	Power source change.
Warning	22-10-2021 23:37:30	Microsoft-Windows-DistributedCOM	10016	None	"The application-specific permission settings do not grant Local Activation permission for the COM Server application with CLSID 
{2593F8B9-4EAF-457C-B68A-50F6B8EA6B54}
 and APPID 
{15C20B67-12E7-4BB6-92BB-7AFF07997402}
 to the user LAPTOP-7EVMU4TQ\mahendra SID (S-1-5-21-38077573-387163758-1783380300-1002) from address LocalHost (Using LRPC) running in the application container Unavailable SID (Unavailable). This security permission can be modified using the Component Services administrative tool."
Warning	22-10-2021 23:32:08	BTHUSB	34	None	The local adapter does not support an important Low Energy controller state to support peripheral mode.  The minimum required supported state mask is 0x2491f7fffff, got 0xffffffff.  Low Energy peripheral role functionality will not be available.
Information	22-10-2021 23:32:08	BTHUSB	18	None	Windows cannot store Bluetooth authentication codes (link keys) on the local adapter. Bluetooth keyboards might not work in the system BIOS during startup.
Information	22-10-2021 23:27:29	Microsoft-Windows-WindowsUpdateClient	19	Windows Update Agent	Installation Successful: Windows successfully installed the following update: HP Inc. - SoftwareComponent - 4.2.805.0
Information	22-10-2021 23:27:29	Microsoft-Windows-UserPnp	20003	(7005)	Driver Management has concluded the process to add Service HpTouchpointAnalyticsService for Device Instance ID SWD\DRIVERENUM\{DBF3223D-8A64-4DAE-903E-E2FAD8D45BC8}#HPANALYTICSSOFTWARE&3&26699ED6&0 with the following status: 0.
Information	22-10-2021 23:26:43	Microsoft-Windows-WindowsUpdateClient	43	Windows Update Agent	Installation Started: Windows has started installing the following update: HP Inc. - SoftwareComponent - 4.2.805.0
Information	22-10-2021 23:26:34	Microsoft-Windows-WindowsUpdateClient	19	Windows Update Agent	Installation Successful: Windows successfully installed the following update: Security Intelligence Update for Microsoft Defender Antivirus - KB2267602 (Version 1.351.872.0)
Information	22-10-2021 23:25:57	Microsoft-Windows-WindowsUpdateClient	43	Windows Update Agent	Installation Started: Windows has started installing the following update: Security Intelligence Update for Microsoft Defender Antivirus - KB2267602 (Version 1.351.872.0)
Information	22-10-2021 23:25:57	Microsoft-Windows-WindowsUpdateClient	44	Windows Update Agent	Windows Update started downloading an update.
Information	22-10-2021 23:25:57	Microsoft-Windows-WindowsUpdateClient	44	Windows Update Agent	Windows Update started downloading an update.
Information	22-10-2021 23:25:57	Microsoft-Windows-WindowsUpdateClient	44	Windows Update Agent	Windows Update started downloading an update.
Warning	22-10-2021 23:19:18	Microsoft-Windows-DistributedCOM	10016	None	"The application-specific permission settings do not grant Local Activation permission for the COM Server application with CLSID 
{2593F8B9-4EAF-457C-B68A-50F6B8EA6B54}
 and APPID 
{15C20B67-12E7-4BB6-92BB-7AFF07997402}
 to the user LAPTOP-7EVMU4TQ\mahendra SID (S-1-5-21-38077573-387163758-1783380300-1002) from address LocalHost (Using LRPC) running in the application container Unavailable SID (Unavailable). This security permission can be modified using the Component Services administrative tool."
Information	22-10-2021 23:18:44	Microsoft-Windows-Kernel-General	16	None	The access history in hive \??\C:\Users\mahendra\AppData\Local\Packages\Microsoft.Windows.Photos_8wekyb3d8bbwe\Settings\settings.dat was cleared updating 28 keys and creating 6 modified pages.
Information	22-10-2021 23:18:22	Service Control Manager	7040	None	The start type of the Background Intelligent Transfer Service service was changed from auto start to demand start.
Information	22-10-2021 23:15:36	Service Control Manager	7040	None	The start type of the Background Intelligent Transfer Service service was changed from demand start to auto start.
Warning	22-10-2021 19:45:26	Microsoft-Windows-DNS-Client	1014	(1014)	Name resolution for the name disc501.prod.do.dsp.mp.microsoft.com timed out after none of the configured DNS servers responded. Client PID 3824.
Error	22-10-2021 19:45:23	Server	2505	None	The server could not bind to the transport \Device\NetBT_Tcpip_{9F961AE3-9423-4C8B-AB48-B1886999008B} because another computer on the network has the same name.  The server could not start.
Error	22-10-2021 19:44:19	Server	2505	None	The server could not bind to the transport \Device\NetBT_Tcpip_{9F961AE3-9423-4C8B-AB48-B1886999008B} because another computer on the network has the same name.  The server could not start.
Information	22-10-2021 19:44:06	Microsoft-Windows-Power-Troubleshooter	1	None	"The system has returned from a low power state.

Sleep Time: ‎2021‎-‎10‎-‎22T13:56:35.590686200Z
Wake Time: ‎2021‎-‎10‎-‎22T14:14:00.148739200Z

Wake Source: Power Button"
Information	22-10-2021 19:44:03	Microsoft-Windows-Time-Service	158	None	The time provider 'VMICTimeProvider' has indicated that the current hardware and operating environment is not supported and has stopped. This behavior is expected for VMICTimeProvider on non-HyperV-guest environments. This may be the expected behavior for the current provider in the current operating environment as well.
Error	22-10-2021 19:44:02	Server	2505	None	The server could not bind to the transport \Device\NetBT_Tcpip_{59426481-F96A-490F-9157-08A6F626BD36} because another computer on the network has the same name.  The server could not start.
Information	22-10-2021 19:43:58	Microsoft-Windows-Kernel-Power	566	(268)	"The system session has transitioned from 255 to 257.

Reason: 5"
Information	22-10-2021 19:43:58	Microsoft-Windows-Kernel-Power	566	(268)	"The system session has transitioned from 254 to 255.

Reason: 5"
Information	22-10-2021 19:43:57	Microsoft-Windows-Kernel-Power	130	(33)	Firmware S3 times. SuspendStart: 362985830, SuspendEnd: 362985831
Information	22-10-2021 19:43:57	Microsoft-Windows-Kernel-Power	131	(33)	Firmware S3 times. ResumeCount: 4, FullResume: 1029, AverageResume: 1027
Information	22-10-2021 19:43:57	Microsoft-Windows-Kernel-General	1	(5)	"The system time has changed to ‎2021‎-‎10‎-‎22T14:13:57.500000000Z from ‎2021‎-‎10‎-‎22T13:56:53.685472400Z.

Change Reason: System time synchronized with the hardware clock.
Process: '' (PID 4).

RTC time: ‎2021‎-‎10‎-‎22T19:43:57.500000000Z
Current time zone bias: -330
RTC time is in UTC: false
System time was based on RTC time: false"
Information	22-10-2021 19:26:53	Microsoft-Windows-Kernel-Power	107	(102)	The system has resumed from sleep.
Information	22-10-2021 19:26:49	Microsoft-Windows-Kernel-Power	42	(64)	"The system is entering sleep.

Sleep Reason: System Idle"
Information	22-10-2021 19:26:37	Microsoft-Windows-Kernel-Power	566	(268)	"The system session has transitioned from 252 to 254.

Reason: 5"
Information	22-10-2021 19:23:32	Microsoft-Windows-Time-Service	158	None	The time provider 'VMICTimeProvider' has indicated that the current hardware and operating environment is not supported and has stopped. This behavior is expected for VMICTimeProvider on non-HyperV-guest environments. This may be the expected behavior for the current provider in the current operating environment as well.
Error	22-10-2021 19:17:20	Service Control Manager	7009	None	A timeout was reached (30000 milliseconds) while waiting for the Intel(R) SUR QC Software Asset Manager service to connect.
Information	22-10-2021 19:16:31	Microsoft-Windows-Kernel-Power	566	(268)	"The system session has transitioned from 251 to 252.

Reason: 5"
Information	22-10-2021 19:14:20	Microsoft-Windows-WindowsUpdateClient	19	Windows Update Agent	Installation Successful: Windows successfully installed the following update: 9NBLGGH42THS-Microsoft.Microsoft3DViewer
Error	22-10-2021 19:14:13	Microsoft-Windows-WindowsUpdateClient	20	Windows Update Agent	Installation Failure: Windows failed to install the following update with error 0x80073D02: 9NMPJ99VJBWV-Microsoft.YourPhone.
Information	22-10-2021 19:14:10	Microsoft-Windows-WindowsUpdateClient	43	Windows Update Agent	Installation Started: Windows has started installing the following update: 9NMPJ99VJBWV-Microsoft.YourPhone
Information	22-10-2021 19:14:09	Microsoft-Windows-WindowsUpdateClient	43	Windows Update Agent	Installation Started: Windows has started installing the following update: 9NBLGGH42THS-Microsoft.Microsoft3DViewer
Information	22-10-2021 19:14:00	Microsoft-Windows-WindowsUpdateClient	44	Windows Update Agent	Windows Update started downloading an update.
Information	22-10-2021 19:14:00	Microsoft-Windows-WindowsUpdateClient	44	Windows Update Agent	Windows Update started downloading an update.
Warning	22-10-2021 19:10:43	Microsoft-Windows-DNS-Client	1014	(1014)	Name resolution for the name trouter2-azsc-asse-2-b.trouter.teams.microsoft.com timed out after none of the configured DNS servers responded. Client PID 3700.
Error	22-10-2021 19:10:31	Server	2505	None	The server could not bind to the transport \Device\NetBT_Tcpip_{9F961AE3-9423-4C8B-AB48-B1886999008B} because another computer on the network has the same name.  The server could not start.
Warning	22-10-2021 19:10:09	Microsoft-Windows-DNS-Client	1014	(1014)	Name resolution for the name presence.teams.microsoft.com timed out after none of the configured DNS servers responded. Client PID 30148.
Warning	22-10-2021 19:09:53	Microsoft-Windows-DNS-Client	1014	(1014)	Name resolution for the name downloads.hpanalytics.net timed out after none of the configured DNS servers responded. Client PID 2792.
Information	22-10-2021 19:06:27	Microsoft-Windows-Time-Service	158	None	The time provider 'VMICTimeProvider' has indicated that the current hardware and operating environment is not supported and has stopped. This behavior is expected for VMICTimeProvider on non-HyperV-guest environments. This may be the expected behavior for the current provider in the current operating environment as well.
Information	22-10-2021 19:05:48	Microsoft-Windows-Kernel-Power	566	(268)	"The system session has transitioned from 249 to 251.

Reason: 5"
Information	22-10-2021 19:05:33	Microsoft-Windows-Kernel-Power	566	(268)	"The system session has transitioned from 248 to 249.

Reason: 5"
Error	22-10-2021 19:04:10	Service Control Manager	7034	None	The Energy Server Service queencreek service terminated unexpectedly.  It has done this 3 time(s).
Information	22-10-2021 18:49:23	Microsoft-Windows-Time-Service	158	None	The time provider 'VMICTimeProvider' has indicated that the current hardware and operating environment is not supported and has stopped. This behavior is expected for VMICTimeProvider on non-HyperV-guest environments. This may be the expected behavior for the current provider in the current operating environment as well.
Information	22-10-2021 18:47:38	Microsoft-Windows-Kernel-Power	566	(268)	"The system session has transitioned from 246 to 248.

Reason: 5"
Information	22-10-2021 18:37:51	Microsoft-Windows-Kernel-Power	566	(268)	"The system session has transitioned from 245 to 246.

Reason: 5"
Information	22-10-2021 18:34:13	Service Control Manager	7040	None	The start type of the Windows Modules Installer service was changed from auto start to demand start.
Information	22-10-2021 18:32:20	Service Control Manager	7040	None	The start type of the Windows Modules Installer service was changed from demand start to auto start.
Information	22-10-2021 18:32:04	Microsoft-Windows-Time-Service	37	None	The time provider NtpClient is currently receiving valid time data from time.windows.com,0x9 (ntp.m|0x9|0.0.0.0:123->40.81.94.65:123).
Information	22-10-2021 18:32:03	Microsoft-Windows-Time-Service	158	None	The time provider 'VMICTimeProvider' has indicated that the current hardware and operating environment is not supported and has stopped. This behavior is expected for VMICTimeProvider on non-HyperV-guest environments. This may be the expected behavior for the current provider in the current operating environment as well.
Warning	22-10-2021 18:28:13	Microsoft-Windows-DNS-Client	1014	(1014)	Name resolution for the name trouter2-azsc-asse-2-b.trouter.teams.microsoft.com timed out after none of the configured DNS servers responded. Client PID 3700.
Information	22-10-2021 18:17:49	Service Control Manager	7040	None	The start type of the Background Intelligent Transfer Service service was changed from auto start to demand start.
Information	22-10-2021 18:15:36	Service Control Manager	7040	None	The start type of the Background Intelligent Transfer Service service was changed from demand start to auto start.
Error	22-10-2021 17:54:06	Server	2505	None	The server could not bind to the transport \Device\NetBT_Tcpip_{9F961AE3-9423-4C8B-AB48-B1886999008B} because another computer on the network has the same name.  The server could not start.
Warning	22-10-2021 17:52:28	Microsoft-Windows-DNS-Client	1014	(1014)	Name resolution for the name outlook.office.com timed out after none of the configured DNS servers responded. Client PID 30148.
Information	22-10-2021 16:35:59	Microsoft-Windows-Kernel-Power	105	(100)	Power source change.
Information	22-10-2021 16:35:38	Microsoft-Windows-Power-Troubleshooter	1	None	"The system has returned from a low power state.

Sleep Time: ‎2021‎-‎10‎-‎22T10:57:22.167277800Z
Wake Time: ‎2021‎-‎10‎-‎22T11:05:24.855030300Z

Wake Source: Power Button"
Error	22-10-2021 16:35:31	Server	2505	None	The server could not bind to the transport \Device\NetBT_Tcpip_{9F961AE3-9423-4C8B-AB48-B1886999008B} because another computer on the network has the same name.  The server could not start.
Error	22-10-2021 16:35:28	Server	2505	None	The server could not bind to the transport \Device\NetBT_Tcpip_{59426481-F96A-490F-9157-08A6F626BD36} because another computer on the network has the same name.  The server could not start.
Information	22-10-2021 16:35:24	Microsoft-Windows-Kernel-Power	566	(268)	"The system session has transitioned from 243 to 245.

Reason: 5"
Information	22-10-2021 16:35:24	Microsoft-Windows-Kernel-Power	566	(268)	"The system session has transitioned from 242 to 243.

Reason: 5"
Information	22-10-2021 16:35:23	Microsoft-Windows-Kernel-Power	130	(33)	Firmware S3 times. SuspendStart: 352699433, SuspendEnd: 352699434
Information	22-10-2021 16:35:23	Microsoft-Windows-Kernel-Power	131	(33)	Firmware S3 times. ResumeCount: 3, FullResume: 1025, AverageResume: 1026
Information	22-10-2021 16:35:23	Microsoft-Windows-Kernel-General	1	(5)	"The system time has changed to ‎2021‎-‎10‎-‎22T11:05:23.500000000Z from ‎2021‎-‎10‎-‎22T10:57:40.074903600Z.

Change Reason: System time synchronized with the hardware clock.
Process: '' (PID 4).

RTC time: ‎2021‎-‎10‎-‎22T16:35:23.500000000Z
Current time zone bias: -330
RTC time is in UTC: false
System time was based on RTC time: false"
Information	22-10-2021 16:27:40	Microsoft-Windows-Kernel-Power	107	(102)	The system has resumed from sleep.
Information	22-10-2021 16:27:35	Microsoft-Windows-Kernel-Power	42	(64)	"The system is entering sleep.

Sleep Reason: System Idle"
Information	22-10-2021 16:27:25	Microsoft-Windows-Kernel-Power	566	(268)	"The system session has transitioned from 240 to 242.

Reason: 5"
Information	22-10-2021 16:26:59	Microsoft-Windows-Kernel-Power	566	(268)	"The system session has transitioned from 239 to 240.

Reason: 5"
Information	22-10-2021 15:25:53	Microsoft-Windows-Kernel-Power	105	(100)	Power source change.
Information	22-10-2021 15:03:19	Microsoft-Windows-WindowsUpdateClient	19	Windows Update Agent	Installation Successful: Windows successfully installed the following update: Security Intelligence Update for Microsoft Defender Antivirus - KB2267602 (Version 1.351.853.0)
Information	22-10-2021 15:02:50	Microsoft-Windows-WindowsUpdateClient	43	Windows Update Agent	Installation Started: Windows has started installing the following update: Security Intelligence Update for Microsoft Defender Antivirus - KB2267602 (Version 1.351.853.0)
Information	22-10-2021 15:02:50	Microsoft-Windows-WindowsUpdateClient	44	Windows Update Agent	Windows Update started downloading an update.
Information	22-10-2021 15:00:06	Service Control Manager	7040	None	The start type of the Background Intelligent Transfer Service service was changed from auto start to demand start.
Warning	22-10-2021 14:58:18	Microsoft-Windows-DistributedCOM	10016	None	"The application-specific permission settings do not grant Local Activation permission for the COM Server application with CLSID 
{2593F8B9-4EAF-457C-B68A-50F6B8EA6B54}
 and APPID 
{15C20B67-12E7-4BB6-92BB-7AFF07997402}
 to the user LAPTOP-7EVMU4TQ\mahendra SID (S-1-5-21-38077573-387163758-1783380300-1002) from address LocalHost (Using LRPC) running in the application container Unavailable SID (Unavailable). This security permission can be modified using the Component Services administrative tool."
Information	22-10-2021 14:52:32	Service Control Manager	7040	None	The start type of the Background Intelligent Transfer Service service was changed from demand start to auto start.
Warning	22-10-2021 14:51:48	Microsoft-Windows-DistributedCOM	10016	None	"The application-specific permission settings do not grant Local Activation permission for the COM Server application with CLSID 
{2593F8B9-4EAF-457C-B68A-50F6B8EA6B54}
 and APPID 
{15C20B67-12E7-4BB6-92BB-7AFF07997402}
 to the user LAPTOP-7EVMU4TQ\mahendra SID (S-1-5-21-38077573-387163758-1783380300-1002) from address LocalHost (Using LRPC) running in the application container Unavailable SID (Unavailable). This security permission can be modified using the Component Services administrative tool."
Information	22-10-2021 14:51:17	Microsoft-Windows-Power-Troubleshooter	1	None	"The system has returned from a low power state.

Sleep Time: ‎2021‎-‎10‎-‎22T08:09:43.433584800Z
Wake Time: ‎2021‎-‎10‎-‎22T09:21:10.160255800Z

Wake Source: Power Button"
Error	22-10-2021 14:51:15	Server	2505	None	The server could not bind to the transport \Device\NetBT_Tcpip_{9F961AE3-9423-4C8B-AB48-B1886999008B} because another computer on the network has the same name.  The server could not start.
Error	22-10-2021 14:51:11	Server	2505	None	The server could not bind to the transport \Device\NetBT_Tcpip_{59426481-F96A-490F-9157-08A6F626BD36} because another computer on the network has the same name.  The server could not start.
Information	22-10-2021 14:51:09	Microsoft-Windows-Kernel-Power	566	(268)	"The system session has transitioned from 237 to 239.

Reason: 5"
Information	22-10-2021 14:51:09	Microsoft-Windows-Kernel-Power	566	(268)	"The system session has transitioned from 236 to 237.

Reason: 5"
Information	22-10-2021 14:51:07	Microsoft-Windows-Kernel-Power	105	(100)	Power source change.
Information	22-10-2021 14:51:06	Microsoft-Windows-Kernel-Power	130	(33)	Firmware S3 times. SuspendStart: 346908043, SuspendEnd: 346908045
Information	22-10-2021 14:51:06	Microsoft-Windows-Kernel-Power	131	(33)	Firmware S3 times. ResumeCount: 2, FullResume: 1027, AverageResume: 1027
Information	22-10-2021 14:51:06	Microsoft-Windows-Kernel-General	1	(5)	"The system time has changed to ‎2021‎-‎10‎-‎22T09:21:06.500000000Z from ‎2021‎-‎10‎-‎22T08:09:57.755997200Z.

Change Reason: System time synchronized with the hardware clock.
Process: '' (PID 4).

RTC time: ‎2021‎-‎10‎-‎22T14:51:06.500000000Z
Current time zone bias: -330
RTC time is in UTC: false
System time was based on RTC time: false"
Information	22-10-2021 13:39:57	Microsoft-Windows-Kernel-Power	107	(102)	The system has resumed from sleep.
Information	22-10-2021 13:39:52	Microsoft-Windows-Kernel-Power	42	(64)	"The system is entering sleep.

Sleep Reason: System Idle"
Information	22-10-2021 13:39:43	Microsoft-Windows-Kernel-Power	566	(268)	"The system session has transitioned from 234 to 236.

Reason: 5"
Information	22-10-2021 13:39:37	Microsoft-Windows-Kernel-Power	566	(268)	"The system session has transitioned from 233 to 234.

Reason: 5"
Information	22-10-2021 13:39:32	Microsoft-Windows-Kernel-Power	566	(268)	"The system session has transitioned from 231 to 233.

Reason: 5"
Information	22-10-2021 13:39:31	Microsoft-Windows-Kernel-Power	105	(100)	Power source change.
Information	22-10-2021 13:32:14	Microsoft-Windows-Kernel-Power	566	(268)	"The system session has transitioned from 230 to 231.

Reason: 5"
Information	22-10-2021 13:22:34	Microsoft-Windows-Kernel-Power	105	(100)	Power source change.
Information	22-10-2021 13:22:09	Microsoft-Windows-Power-Troubleshooter	1	None	"The system has returned from a low power state.

Sleep Time: ‎2021‎-‎10‎-‎22T07:49:52.322047700Z
Wake Time: ‎2021‎-‎10‎-‎22T07:52:01.818700700Z

Wake Source: Power Button"
Error	22-10-2021 13:22:06	Server	2505	None	The server could not bind to the transport \Device\NetBT_Tcpip_{9F961AE3-9423-4C8B-AB48-B1886999008B} because another computer on the network has the same name.  The server could not start.
Error	22-10-2021 13:22:05	Server	2505	None	The server could not bind to the transport \Device\NetBT_Tcpip_{59426481-F96A-490F-9157-08A6F626BD36} because another computer on the network has the same name.  The server could not start.
Information	22-10-2021 13:22:01	Microsoft-Windows-Kernel-Power	566	(268)	"The system session has transitioned from 228 to 230.

Reason: 5"
Information	22-10-2021 13:22:01	Microsoft-Windows-Kernel-Power	566	(268)	"The system session has transitioned from 227 to 228.

Reason: 5"
Information	22-10-2021 13:22:00	Microsoft-Windows-Kernel-Power	130	(33)	Firmware S3 times. SuspendStart: 345831124, SuspendEnd: 345831125
Information	22-10-2021 13:22:00	Microsoft-Windows-Kernel-Power	131	(33)	Firmware S3 times. ResumeCount: 1, FullResume: 1027, AverageResume: 1027
Information	22-10-2021 13:22:00	Microsoft-Windows-Kernel-General	1	(5)	"The system time has changed to ‎2021‎-‎10‎-‎22T07:52:00.500000000Z from ‎2021‎-‎10‎-‎22T07:50:09.413885400Z.

Change Reason: System time synchronized with the hardware clock.
Process: '' (PID 4).

RTC time: ‎2021‎-‎10‎-‎22T13:22:00.500000000Z
Current time zone bias: -330
RTC time is in UTC: false
System time was based on RTC time: false"
Information	22-10-2021 13:20:09	Microsoft-Windows-Kernel-Power	107	(102)	The system has resumed from sleep.
Information	22-10-2021 13:20:04	Microsoft-Windows-Kernel-Power	42	(64)	"The system is entering sleep.

Sleep Reason: System Idle"
Information	22-10-2021 13:19:54	Microsoft-Windows-Kernel-Power	566	(268)	"The system session has transitioned from 225 to 227.

Reason: 5"
Information	22-10-2021 13:19:52	Microsoft-Windows-Kernel-Power	566	(268)	"The system session has transitioned from 224 to 225.

Reason: 5"
Warning	22-10-2021 13:17:37	Microsoft-Windows-Kernel-Processor-Power	37	(7)	The speed of processor 7 in group 0 is being limited by system firmware. The processor has been in this reduced performance state for 148108 seconds since the last report.
Warning	22-10-2021 13:14:36	Microsoft-Windows-DistributedCOM	10016	None	"The application-specific permission settings do not grant Local Activation permission for the COM Server application with CLSID 
{2593F8B9-4EAF-457C-B68A-50F6B8EA6B54}
 and APPID 
{15C20B67-12E7-4BB6-92BB-7AFF07997402}
 to the user LAPTOP-7EVMU4TQ\mahendra SID (S-1-5-21-38077573-387163758-1783380300-1002) from address LocalHost (Using LRPC) running in the application container Unavailable SID (Unavailable). This security permission can be modified using the Component Services administrative tool."
Information	22-10-2021 13:04:46	Microsoft-Windows-Kernel-Power	105	(100)	Power source change.
Warning	22-10-2021 12:45:44	Microsoft-Windows-DistributedCOM	10016	None	"The application-specific permission settings do not grant Local Activation permission for the COM Server application with CLSID 
{2593F8B9-4EAF-457C-B68A-50F6B8EA6B54}
 and APPID 
{15C20B67-12E7-4BB6-92BB-7AFF07997402}
 to the user LAPTOP-7EVMU4TQ\mahendra SID (S-1-5-21-38077573-387163758-1783380300-1002) from address LocalHost (Using LRPC) running in the application container Unavailable SID (Unavailable). This security permission can be modified using the Component Services administrative tool."
Warning	22-10-2021 12:43:04	Microsoft-Windows-DistributedCOM	10016	None	"The application-specific permission settings do not grant Local Activation permission for the COM Server application with CLSID 
{2593F8B9-4EAF-457C-B68A-50F6B8EA6B54}
 and APPID 
{15C20B67-12E7-4BB6-92BB-7AFF07997402}
 to the user LAPTOP-7EVMU4TQ\mahendra SID (S-1-5-21-38077573-387163758-1783380300-1002) from address LocalHost (Using LRPC) running in the application container Unavailable SID (Unavailable). This security permission can be modified using the Component Services administrative tool."
Warning	22-10-2021 12:37:20	Microsoft-Windows-DistributedCOM	10016	None	"The application-specific permission settings do not grant Local Activation permission for the COM Server application with CLSID 
{2593F8B9-4EAF-457C-B68A-50F6B8EA6B54}
 and APPID 
{15C20B67-12E7-4BB6-92BB-7AFF07997402}
 to the user LAPTOP-7EVMU4TQ\mahendra SID (S-1-5-21-38077573-387163758-1783380300-1002) from address LocalHost (Using LRPC) running in the application container Unavailable SID (Unavailable). This security permission can be modified using the Component Services administrative tool."
Warning	22-10-2021 12:33:59	Microsoft-Windows-DistributedCOM	10016	None	"The application-specific permission settings do not grant Local Activation permission for the COM Server application with CLSID 
{2593F8B9-4EAF-457C-B68A-50F6B8EA6B54}
 and APPID 
{15C20B67-12E7-4BB6-92BB-7AFF07997402}
 to the user LAPTOP-7EVMU4TQ\mahendra SID (S-1-5-21-38077573-387163758-1783380300-1002) from address LocalHost (Using LRPC) running in the application container Unavailable SID (Unavailable). This security permission can be modified using the Component Services administrative tool."
Information	22-10-2021 12:25:58	Microsoft-Windows-Kernel-Power	566	(268)	"The system session has transitioned from 222 to 224.

Reason: 5"
Information	22-10-2021 12:22:18	Microsoft-Windows-Kernel-Power	566	(268)	"The system session has transitioned from 221 to 222.

Reason: 5"
Information	22-10-2021 12:00:00	EventLog	6013	None	The system uptime is 584050 seconds.
Information	22-10-2021 11:45:27	Service Control Manager	7040	None	The start type of the Background Intelligent Transfer Service service was changed from auto start to demand start.
Information	22-10-2021 11:43:01	Service Control Manager	7040	None	The start type of the Background Intelligent Transfer Service service was changed from demand start to auto start.
Warning	22-10-2021 11:42:02	Microsoft-Windows-DistributedCOM	10016	None	"The application-specific permission settings do not grant Local Activation permission for the COM Server application with CLSID 
{2593F8B9-4EAF-457C-B68A-50F6B8EA6B54}
 and APPID 
{15C20B67-12E7-4BB6-92BB-7AFF07997402}
 to the user LAPTOP-7EVMU4TQ\mahendra SID (S-1-5-21-38077573-387163758-1783380300-1002) from address LocalHost (Using LRPC) running in the application container Unavailable SID (Unavailable). This security permission can be modified using the Component Services administrative tool."
Information	22-10-2021 11:20:00	Microsoft-Windows-WindowsUpdateClient	19	Windows Update Agent	Installation Successful: Windows successfully installed the following update: Security Intelligence Update for Microsoft Defender Antivirus - KB2267602 (Version 1.351.843.0)
Information	22-10-2021 11:19:08	Microsoft-Windows-WindowsUpdateClient	43	Windows Update Agent	Installation Started: Windows has started installing the following update: Security Intelligence Update for Microsoft Defender Antivirus - KB2267602 (Version 1.351.843.0)
Information	22-10-2021 11:19:08	Microsoft-Windows-WindowsUpdateClient	44	Windows Update Agent	Windows Update started downloading an update.
Information	22-10-2021 11:13:58	Microsoft-Windows-Power-Troubleshooter	1	None	"The system has returned from a low power state.

Sleep Time: ‎2021‎-‎10‎-‎22T05:34:11.403437600Z
Wake Time: ‎2021‎-‎10‎-‎22T05:43:48.514596600Z

Wake Source: Unknown"
Information	22-10-2021 11:13:48	Microsoft-Windows-Kernel-Power	566	(268)	"The system session has transitioned from 219 to 221.

Reason: 5"
Information	22-10-2021 11:13:46	Microsoft-Windows-Kernel-Power	566	(268)	"The system session has transitioned from 218 to 219.

Reason: 5"
Information	22-10-2021 11:13:46	Microsoft-Windows-Kernel-Boot	32	(58)	The bootmgr spent 0 ms waiting for user input.
Information	22-10-2021 11:13:46	Microsoft-Windows-Kernel-Boot	18	(57)	There are 0x1 boot options on this system.
Information	22-10-2021 11:13:46	Microsoft-Windows-Kernel-Boot	30	(21)	The firmware reported boot metrics.
Error	22-10-2021 11:13:52	Server	2505	None	The server could not bind to the transport \Device\NetBT_Tcpip_{9F961AE3-9423-4C8B-AB48-B1886999008B} because another computer on the network has the same name.  The server could not start.
Error	22-10-2021 11:13:48	Server	2505	None	The server could not bind to the transport \Device\NetBT_Tcpip_{59426481-F96A-490F-9157-08A6F626BD36} because another computer on the network has the same name.  The server could not start.
Information	22-10-2021 11:13:43	Microsoft-Windows-Kernel-General	1	(5)	"The system time has changed to ‎2021‎-‎10‎-‎22T05:43:43.500000000Z from ‎2021‎-‎10‎-‎22T05:34:41.122120800Z.

Change Reason: System time synchronized with the hardware clock.
Process: '' (PID 4).

RTC time: ‎2021‎-‎10‎-‎22T11:13:43.500000000Z
Current time zone bias: -330
RTC time is in UTC: false
System time was based on RTC time: false"
Information	22-10-2021 11:04:41	Microsoft-Windows-Kernel-Power	107	(102)	The system has resumed from sleep.
Information	22-10-2021 11:04:37	Microsoft-Windows-Kernel-General	1	(5)	"The system time has changed to ‎2021‎-‎10‎-‎22T05:34:37.500000000Z from ‎2021‎-‎10‎-‎22T05:34:36.485943400Z.

Change Reason: System time synchronized with the hardware clock.
Process: '' (PID 4).

RTC time: ‎2021‎-‎10‎-‎22T11:04:37.500000000Z
Current time zone bias: -330
RTC time is in UTC: false
System time was based on RTC time: false"
Information	22-10-2021 11:04:32	Microsoft-Windows-Kernel-Power	42	(64)	"The system is entering sleep.

Sleep Reason: Battery"
Information	22-10-2021 11:04:24	Microsoft-Windows-UserModePowerService	12	(10)	Process C:\Windows\System32\svchost.exe (process ID:1644) reset policy scheme from {48684d4a-8524-4093-8a63-ea7132b79c1c} to {48684d4a-8524-4093-8a63-ea7132b79c1c}
Information	22-10-2021 11:04:24	Microsoft-Windows-Kernel-Power	105	(100)	Power source change.
Information	22-10-2021 11:04:15	Microsoft-Windows-Kernel-Power	566	(268)	"The system session has transitioned from 217 to 218.

Reason: 5"
Information	22-10-2021 11:04:11	Microsoft-Windows-Kernel-Power	524	(223)	Critical Battery Trigger Met
Information	22-10-2021 10:53:32	Microsoft-Windows-UserModePowerService	12	(10)	Process C:\Windows\System32\svchost.exe (process ID:1644) reset policy scheme from {48684d4a-8524-4093-8a63-ea7132b79c1c} to {48684d4a-8524-4093-8a63-ea7132b79c1c}
Warning	22-10-2021 09:41:55	Microsoft-Windows-DistributedCOM	10016	None	"The application-specific permission settings do not grant Local Activation permission for the COM Server application with CLSID 
{2593F8B9-4EAF-457C-B68A-50F6B8EA6B54}
 and APPID 
{15C20B67-12E7-4BB6-92BB-7AFF07997402}
 to the user LAPTOP-7EVMU4TQ\mahendra SID (S-1-5-21-38077573-387163758-1783380300-1002) from address LocalHost (Using LRPC) running in the application container Unavailable SID (Unavailable). This security permission can be modified using the Component Services administrative tool."
Warning	22-10-2021 09:41:37	Microsoft-Windows-DistributedCOM	10016	None	"The application-specific permission settings do not grant Local Activation permission for the COM Server application with CLSID 
{2593F8B9-4EAF-457C-B68A-50F6B8EA6B54}
 and APPID 
{15C20B67-12E7-4BB6-92BB-7AFF07997402}
 to the user LAPTOP-7EVMU4TQ\mahendra SID (S-1-5-21-38077573-387163758-1783380300-1002) from address LocalHost (Using LRPC) running in the application container Unavailable SID (Unavailable). This security permission can be modified using the Component Services administrative tool."
Information	22-10-2021 09:11:30	Service Control Manager	7040	None	The start type of the Background Intelligent Transfer Service service was changed from auto start to demand start.
Information	22-10-2021 09:08:45	Service Control Manager	7040	None	The start type of the Background Intelligent Transfer Service service was changed from demand start to auto start.
