Information	14-10-2021 17:29:29	Microsoft-Windows-Time-Service	158	None	The time provider 'VMICTimeProvider' has indicated that the current hardware and operating environment is not supported and has stopped. This behavior is expected for VMICTimeProvider on non-HyperV-guest environments. This may be the expected behavior for the current provider in the current operating environment as well.
Information	14-10-2021 17:12:25	Microsoft-Windows-Time-Service	158	None	The time provider 'VMICTimeProvider' has indicated that the current hardware and operating environment is not supported and has stopped. This behavior is expected for VMICTimeProvider on non-HyperV-guest environments. This may be the expected behavior for the current provider in the current operating environment as well.
Information	14-10-2021 16:55:21	Microsoft-Windows-Time-Service	158	None	The time provider 'VMICTimeProvider' has indicated that the current hardware and operating environment is not supported and has stopped. This behavior is expected for VMICTimeProvider on non-HyperV-guest environments. This may be the expected behavior for the current provider in the current operating environment as well.
Information	14-10-2021 16:38:02	Microsoft-Windows-Time-Service	37	None	The time provider NtpClient is currently receiving valid time data from time.windows.com,0x9 (ntp.m|0x9|0.0.0.0:123->168.61.215.74:123).
Information	14-10-2021 16:38:01	Microsoft-Windows-Time-Service	158	None	The time provider 'VMICTimeProvider' has indicated that the current hardware and operating environment is not supported and has stopped. This behavior is expected for VMICTimeProvider on non-HyperV-guest environments. This may be the expected behavior for the current provider in the current operating environment as well.
Error	14-10-2021 16:10:14	Server	2505	None	The server could not bind to the transport \Device\NetBT_Tcpip_{F615E4F9-16B6-4708-972E-0F8F3788020A} because another computer on the network has the same name.  The server could not start.
Warning	14-10-2021 15:48:09	Microsoft-Windows-DistributedCOM	10016	None	"The application-specific permission settings do not grant Local Activation permission for the COM Server application with CLSID 
{2593F8B9-4EAF-457C-B68A-50F6B8EA6B54}
 and APPID 
{15C20B67-12E7-4BB6-92BB-7AFF07997402}
 to the user LAPTOP-7EVMU4TQ\mahendra SID (S-1-5-21-38077573-387163758-1783380300-1002) from address LocalHost (Using LRPC) running in the application container Unavailable SID (Unavailable). This security permission can be modified using the Component Services administrative tool."
Information	14-10-2021 15:31:27	Service Control Manager	7040	None	The start type of the Background Intelligent Transfer Service service was changed from auto start to demand start.
Information	14-10-2021 15:29:12	Service Control Manager	7040	None	The start type of the Background Intelligent Transfer Service service was changed from demand start to auto start.
Warning	14-10-2021 15:28:13	Microsoft-Windows-DistributedCOM	10016	None	"The application-specific permission settings do not grant Local Activation permission for the COM Server application with CLSID 
{2593F8B9-4EAF-457C-B68A-50F6B8EA6B54}
 and APPID 
{15C20B67-12E7-4BB6-92BB-7AFF07997402}
 to the user LAPTOP-7EVMU4TQ\mahendra SID (S-1-5-21-38077573-387163758-1783380300-1002) from address LocalHost (Using LRPC) running in the application container Unavailable SID (Unavailable). This security permission can be modified using the Component Services administrative tool."
Warning	14-10-2021 15:23:21	Microsoft-Windows-DistributedCOM	10016	None	"The application-specific permission settings do not grant Local Activation permission for the COM Server application with CLSID 
{2593F8B9-4EAF-457C-B68A-50F6B8EA6B54}
 and APPID 
{15C20B67-12E7-4BB6-92BB-7AFF07997402}
 to the user LAPTOP-7EVMU4TQ\mahendra SID (S-1-5-21-38077573-387163758-1783380300-1002) from address LocalHost (Using LRPC) running in the application container Unavailable SID (Unavailable). This security permission can be modified using the Component Services administrative tool."
Error	14-10-2021 15:09:55	Server	2505	None	The server could not bind to the transport \Device\NetBT_Tcpip_{9F961AE3-9423-4C8B-AB48-B1886999008B} because another computer on the network has the same name.  The server could not start.
Information	14-10-2021 15:04:27	Microsoft-Windows-Kernel-Power	105	(100)	Power source change.
Information	14-10-2021 15:03:58	Microsoft-Windows-Power-Troubleshooter	1	None	"The system has returned from a low power state.

Sleep Time: ‎2021‎-‎10‎-‎14T07:26:36.091592300Z
Wake Time: ‎2021‎-‎10‎-‎14T09:33:52.520455300Z

Wake Source: Device -Intel(R) USB 3.1 eXtensible Host Controller - 1.10 (Microsoft)"
Error	14-10-2021 15:03:59	Server	2505	None	The server could not bind to the transport \Device\NetBT_Tcpip_{9F961AE3-9423-4C8B-AB48-B1886999008B} because another computer on the network has the same name.  The server could not start.
Error	14-10-2021 15:03:57	Server	2505	None	The server could not bind to the transport \Device\NetBT_Tcpip_{9F961AE3-9423-4C8B-AB48-B1886999008B} because another computer on the network has the same name.  The server could not start.
Error	14-10-2021 15:03:54	Server	2505	None	The server could not bind to the transport \Device\NetBT_Tcpip_{59426481-F96A-490F-9157-08A6F626BD36} because another computer on the network has the same name.  The server could not start.
Information	14-10-2021 15:03:52	Microsoft-Windows-Kernel-Power	566	(268)	"The system session has transitioned from 47 to 49.

Reason: 4"
Information	14-10-2021 15:03:52	Microsoft-Windows-Kernel-Power	566	(268)	"The system session has transitioned from 46 to 47.

Reason: 4"
Information	14-10-2021 15:03:50	Microsoft-Windows-Kernel-Power	105	(100)	Power source change.
Information	14-10-2021 15:03:49	Microsoft-Windows-Kernel-Power	130	(33)	Firmware S3 times. SuspendStart: 67749699, SuspendEnd: 67749700
Information	14-10-2021 15:03:49	Microsoft-Windows-Kernel-Power	131	(33)	Firmware S3 times. ResumeCount: 4, FullResume: 1023, AverageResume: 1025
Information	14-10-2021 15:03:49	Microsoft-Windows-Kernel-General	1	(5)	"The system time has changed to ‎2021‎-‎10‎-‎14T09:33:49.500000000Z from ‎2021‎-‎10‎-‎14T07:26:56.461786200Z.

Change Reason: System time synchronized with the hardware clock.
Process: '' (PID 4).

RTC time: ‎2021‎-‎10‎-‎14T15:03:49.500000000Z
Current time zone bias: -330
RTC time is in UTC: false
System time was based on RTC time: false"
Information	14-10-2021 12:56:56	Microsoft-Windows-Kernel-Power	107	(102)	The system has resumed from sleep.
Information	14-10-2021 12:56:50	Microsoft-Windows-Kernel-Power	42	(64)	"The system is entering sleep.

Sleep Reason: System Idle"
Information	14-10-2021 12:56:37	Microsoft-Windows-Kernel-Power	566	(268)	"The system session has transitioned from 44 to 46.

Reason: 4"
Information	14-10-2021 12:46:52	Microsoft-Windows-Kernel-Power	566	(268)	"The system session has transitioned from 43 to 44.

Reason: 4"
Information	14-10-2021 12:13:19	Service Control Manager	7040	None	The start type of the Background Intelligent Transfer Service service was changed from auto start to demand start.
Information	14-10-2021 12:10:13	Service Control Manager	7040	None	The start type of the Background Intelligent Transfer Service service was changed from demand start to auto start.
Warning	14-10-2021 12:09:11	Microsoft-Windows-DistributedCOM	10016	None	"The application-specific permission settings do not grant Local Activation permission for the COM Server application with CLSID 
{2593F8B9-4EAF-457C-B68A-50F6B8EA6B54}
 and APPID 
{15C20B67-12E7-4BB6-92BB-7AFF07997402}
 to the user LAPTOP-7EVMU4TQ\mahendra SID (S-1-5-21-38077573-387163758-1783380300-1002) from address LocalHost (Using LRPC) running in the application container Unavailable SID (Unavailable). This security permission can be modified using the Component Services administrative tool."
Error	14-10-2021 12:03:39	Server	2505	None	The server could not bind to the transport \Device\NetBT_Tcpip_{F615E4F9-16B6-4708-972E-0F8F3788020A} because another computer on the network has the same name.  The server could not start.
Information	14-10-2021 12:01:48	Microsoft-Windows-Kernel-General	16	None	The access history in hive \??\C:\ProgramData\Packages\Microsoft.SkypeApp_kzf8qxf38zg5c\S-1-5-21-38077573-387163758-1783380300-1002\SystemAppData\Helium\Cache\5b98b20d3235689_COM15.dat was cleared updating 1 keys and creating 1 modified pages.
Information	14-10-2021 12:01:48	Microsoft-Windows-Kernel-General	16	None	The access history in hive \??\C:\Users\mahendra\AppData\Local\Packages\Microsoft.SkypeApp_kzf8qxf38zg5c\SystemAppData\Helium\UserClasses.dat was cleared updating 1 keys and creating 1 modified pages.
Information	14-10-2021 12:01:48	Microsoft-Windows-Kernel-General	16	None	The access history in hive \??\C:\Users\mahendra\AppData\Local\Packages\Microsoft.SkypeApp_kzf8qxf38zg5c\SystemAppData\Helium\User.dat was cleared updating 3 keys and creating 1 modified pages.
Information	14-10-2021 12:00:00	EventLog	6013	None	The system uptime is 93394 seconds.
Information	14-10-2021 11:46:48	Microsoft-Windows-Kernel-General	16	None	The access history in hive \??\C:\ProgramData\Packages\PythonSoftwareFoundation.Python.3.9_qbz5n2kfra8p0\S-1-5-21-38077573-387163758-1783380300-1002\SystemAppData\Helium\Cache\87ccfe0ca20634ce_COM15.dat was cleared updating 1 keys and creating 1 modified pages.
Information	14-10-2021 11:46:48	Microsoft-Windows-Kernel-General	16	None	The access history in hive \??\C:\Users\mahendra\AppData\Local\Packages\PythonSoftwareFoundation.Python.3.9_qbz5n2kfra8p0\SystemAppData\Helium\UserClasses.dat was cleared updating 6 keys and creating 1 modified pages.
Information	14-10-2021 11:46:48	Microsoft-Windows-Kernel-General	16	None	The access history in hive \??\C:\Users\mahendra\AppData\Local\Packages\PythonSoftwareFoundation.Python.3.9_qbz5n2kfra8p0\SystemAppData\Helium\User.dat was cleared updating 7 keys and creating 1 modified pages.
Information	14-10-2021 11:28:26	Microsoft-Windows-Kernel-General	16	None	The access history in hive \??\C:\Users\mahendra\AppData\Local\Packages\microsoft.windows.photos_8wekyb3d8bbwe\AC\GEH\POF.dat was cleared updating 1 keys and creating 1 modified pages.
Information	14-10-2021 10:54:15	Microsoft-Windows-Kernel-Power	105	(100)	Power source change.
Information	14-10-2021 10:09:42	Service Control Manager	7040	None	The start type of the Background Intelligent Transfer Service service was changed from auto start to demand start.
Warning	14-10-2021 10:08:25	Microsoft-Windows-DistributedCOM	10016	None	"The application-specific permission settings do not grant Local Activation permission for the COM Server application with CLSID 
{2593F8B9-4EAF-457C-B68A-50F6B8EA6B54}
 and APPID 
{15C20B67-12E7-4BB6-92BB-7AFF07997402}
 to the user LAPTOP-7EVMU4TQ\mahendra SID (S-1-5-21-38077573-387163758-1783380300-1002) from address LocalHost (Using LRPC) running in the application container Unavailable SID (Unavailable). This security permission can be modified using the Component Services administrative tool."
Information	14-10-2021 10:07:09	Service Control Manager	7040	None	The start type of the Background Intelligent Transfer Service service was changed from demand start to auto start.
Warning	14-10-2021 10:06:09	Microsoft-Windows-DistributedCOM	10016	None	"The application-specific permission settings do not grant Local Activation permission for the COM Server application with CLSID 
{2593F8B9-4EAF-457C-B68A-50F6B8EA6B54}
 and APPID 
{15C20B67-12E7-4BB6-92BB-7AFF07997402}
 to the user LAPTOP-7EVMU4TQ\mahendra SID (S-1-5-21-38077573-387163758-1783380300-1002) from address LocalHost (Using LRPC) running in the application container Unavailable SID (Unavailable). This security permission can be modified using the Component Services administrative tool."
Error	14-10-2021 09:48:24	Server	2505	None	The server could not bind to the transport \Device\NetBT_Tcpip_{9F961AE3-9423-4C8B-AB48-B1886999008B} because another computer on the network has the same name.  The server could not start.
Warning	14-10-2021 09:47:00	Microsoft-Windows-DistributedCOM	10016	None	"The application-specific permission settings do not grant Local Activation permission for the COM Server application with CLSID 
{2593F8B9-4EAF-457C-B68A-50F6B8EA6B54}
 and APPID 
{15C20B67-12E7-4BB6-92BB-7AFF07997402}
 to the user LAPTOP-7EVMU4TQ\mahendra SID (S-1-5-21-38077573-387163758-1783380300-1002) from address LocalHost (Using LRPC) running in the application container Unavailable SID (Unavailable). This security permission can be modified using the Component Services administrative tool."
Error	14-10-2021 09:46:55	Server	2505	None	The server could not bind to the transport \Device\NetBT_Tcpip_{9F961AE3-9423-4C8B-AB48-B1886999008B} because another computer on the network has the same name.  The server could not start.
Warning	14-10-2021 09:46:48	Microsoft-Windows-DNS-Client	1014	(1014)	Name resolution for the name southeastasia-prod-2.notifications.teams.microsoft.com timed out after none of the configured DNS servers responded. Client PID 15420.
Error	14-10-2021 09:46:00	Server	2505	None	The server could not bind to the transport \Device\NetBT_Tcpip_{9F961AE3-9423-4C8B-AB48-B1886999008B} because another computer on the network has the same name.  The server could not start.
Error	14-10-2021 09:45:51	Tcpip	4199	None	The system detected an address conflict for IP address 192.168.1.100 with the system having network hardware address 90-0F-0C-00-F6-1F. Network operations on this system may be disrupted as a result.
Error	14-10-2021 09:45:51	Server	2505	None	The server could not bind to the transport \Device\NetBT_Tcpip_{9F961AE3-9423-4C8B-AB48-B1886999008B} because another computer on the network has the same name.  The server could not start.
Error	14-10-2021 09:45:25	Server	2505	None	The server could not bind to the transport \Device\NetBT_Tcpip_{59426481-F96A-490F-9157-08A6F626BD36} because another computer on the network has the same name.  The server could not start.
Information	14-10-2021 09:45:23	Microsoft-Windows-Power-Troubleshooter	1	None	"The system has returned from a low power state.

Sleep Time: ‎2021‎-‎10‎-‎14T04:03:25.876901000Z
Wake Time: ‎2021‎-‎10‎-‎14T04:15:21.857192900Z

Wake Source: Power Button"
Information	14-10-2021 09:45:21	Microsoft-Windows-Kernel-Power	566	(268)	"The system session has transitioned from 41 to 43.

Reason: 4"
Information	14-10-2021 09:45:21	Microsoft-Windows-Kernel-Power	566	(268)	"The system session has transitioned from 40 to 41.

Reason: 4"
Information	14-10-2021 09:45:20	Microsoft-Windows-Kernel-Power	130	(33)	Firmware S3 times. SuspendStart: 56258166, SuspendEnd: 56258167
Information	14-10-2021 09:45:20	Microsoft-Windows-Kernel-Power	131	(33)	Firmware S3 times. ResumeCount: 3, FullResume: 1025, AverageResume: 1025
Information	14-10-2021 09:45:20	Microsoft-Windows-Kernel-General	1	(5)	"The system time has changed to ‎2021‎-‎10‎-‎14T04:15:20.500000000Z from ‎2021‎-‎10‎-‎14T04:03:35.463739200Z.

Change Reason: System time synchronized with the hardware clock.
Process: '' (PID 4).

RTC time: ‎2021‎-‎10‎-‎14T09:45:20.500000000Z
Current time zone bias: -330
RTC time is in UTC: false
System time was based on RTC time: false"
Information	14-10-2021 09:33:35	Microsoft-Windows-Kernel-Power	107	(102)	The system has resumed from sleep.
Information	14-10-2021 09:33:30	Microsoft-Windows-Kernel-Power	42	(64)	"The system is entering sleep.

Sleep Reason: System Idle"
Information	14-10-2021 09:33:27	Microsoft-Windows-Kernel-Power	566	(268)	"The system session has transitioned from 38 to 40.

Reason: 4"
Information	14-10-2021 09:33:06	Microsoft-Windows-Kernel-Power	566	(268)	"The system session has transitioned from 37 to 38.

Reason: 4"
Error	14-10-2021 09:21:45	Server	2505	None	The server could not bind to the transport \Device\NetBT_Tcpip_{9F961AE3-9423-4C8B-AB48-B1886999008B} because another computer on the network has the same name.  The server could not start.
Information	14-10-2021 09:21:44	Microsoft-Windows-Power-Troubleshooter	1	None	"The system has returned from a low power state.

Sleep Time: ‎2021‎-‎10‎-‎14T03:49:56.658861200Z
Wake Time: ‎2021‎-‎10‎-‎14T03:51:41.792533100Z

Wake Source: Power Button"
Error	14-10-2021 09:21:45	Server	2505	None	The server could not bind to the transport \Device\NetBT_Tcpip_{59426481-F96A-490F-9157-08A6F626BD36} because another computer on the network has the same name.  The server could not start.
Information	14-10-2021 09:21:41	Microsoft-Windows-Kernel-Power	566	(268)	"The system session has transitioned from 35 to 37.

Reason: 4"
Information	14-10-2021 09:21:41	Microsoft-Windows-Kernel-Power	566	(268)	"The system session has transitioned from 34 to 35.

Reason: 4"
Information	14-10-2021 09:21:40	Microsoft-Windows-Kernel-Power	130	(33)	Firmware S3 times. SuspendStart: 55543473, SuspendEnd: 55543474
Information	14-10-2021 09:21:40	Microsoft-Windows-Kernel-Power	131	(33)	Firmware S3 times. ResumeCount: 2, FullResume: 1026, AverageResume: 1025
Information	14-10-2021 09:21:40	Microsoft-Windows-Kernel-General	1	(5)	"The system time has changed to ‎2021‎-‎10‎-‎14T03:51:40.500000000Z from ‎2021‎-‎10‎-‎14T03:50:11.300567500Z.

Change Reason: System time synchronized with the hardware clock.
Process: '' (PID 4).

RTC time: ‎2021‎-‎10‎-‎14T09:21:40.500000000Z
Current time zone bias: -330
RTC time is in UTC: false
System time was based on RTC time: false"
Information	14-10-2021 09:20:11	Microsoft-Windows-Kernel-Power	107	(102)	The system has resumed from sleep.
Information	14-10-2021 09:20:06	Microsoft-Windows-Kernel-Power	42	(64)	"The system is entering sleep.

Sleep Reason: System Idle"
Information	14-10-2021 09:19:57	Microsoft-Windows-Kernel-Power	566	(268)	"The system session has transitioned from 32 to 34.

Reason: 4"
Information	14-10-2021 09:19:47	Microsoft-Windows-Kernel-Power	566	(268)	"The system session has transitioned from 31 to 32.

Reason: 4"
Information	14-10-2021 09:18:52	Microsoft-Windows-Kernel-General	16	None	The access history in hive \??\C:\ProgramData\Microsoft\Provisioning\Microsoft-Desktop-Provisioning-Sequence.dat was cleared updating 0 keys and creating 0 modified pages.
Warning	14-10-2021 08:31:54	Microsoft-Windows-DistributedCOM	10016	None	"The application-specific permission settings do not grant Local Activation permission for the COM Server application with CLSID 
{2593F8B9-4EAF-457C-B68A-50F6B8EA6B54}
 and APPID 
{15C20B67-12E7-4BB6-92BB-7AFF07997402}
 to the user LAPTOP-7EVMU4TQ\mahendra SID (S-1-5-21-38077573-387163758-1783380300-1002) from address LocalHost (Using LRPC) running in the application container Unavailable SID (Unavailable). This security permission can be modified using the Component Services administrative tool."
Information	14-10-2021 08:29:47	Service Control Manager	7040	None	The start type of the Background Intelligent Transfer Service service was changed from auto start to demand start.
Information	14-10-2021 08:28:36	Microsoft-Windows-Kernel-General	16	None	The access history in hive \??\C:\Users\mahendra\AppData\Local\Packages\AppUp.IntelGraphicsExperience_8j3eq9eme6ctt\Settings\settings.dat was cleared updating 2 keys and creating 1 modified pages.
Error	14-10-2021 08:28:29	Server	2505	None	The server could not bind to the transport \Device\NetBT_Tcpip_{9F961AE3-9423-4C8B-AB48-B1886999008B} because another computer on the network has the same name.  The server could not start.
Information	14-10-2021 08:27:36	Service Control Manager	7040	None	The start type of the Background Intelligent Transfer Service service was changed from demand start to auto start.
Information	14-10-2021 08:27:06	Microsoft-Windows-Kernel-General	16	None	The access history in hive \??\C:\Users\mahendra\AppData\Local\Microsoft\Windows\UsrClass.dat was cleared updating 18672 keys and creating 1762 modified pages.
Information	14-10-2021 08:27:05	Microsoft-Windows-Kernel-General	16	None	The access history in hive \??\C:\Users\mahendra\ntuser.dat was cleared updating 9101 keys and creating 1107 modified pages.
Information	14-10-2021 08:27:05	Microsoft-Windows-Winlogon	7001	(1101)	User Logon Notification for Customer Experience Improvement Program
Information	14-10-2021 08:26:14	Microsoft-Windows-Power-Troubleshooter	1	None	"The system has returned from a low power state.

Sleep Time: ‎2021‎-‎10‎-‎14T02:40:17.887783400Z
Wake Time: ‎2021‎-‎10‎-‎14T02:56:13.682469300Z

Wake Source: Power Button"
Error	14-10-2021 08:26:14	Server	2505	None	The server could not bind to the transport \Device\NetBT_Tcpip_{59426481-F96A-490F-9157-08A6F626BD36} because another computer on the network has the same name.  The server could not start.
Information	14-10-2021 08:26:13	Microsoft-Windows-Kernel-Power	566	(268)	"The system session has transitioned from 29 to 31.

Reason: 4"
Information	14-10-2021 08:26:12	Microsoft-Windows-Kernel-Power	566	(268)	"The system session has transitioned from 28 to 29.

Reason: 4"
Information	14-10-2021 08:26:10	Microsoft-Windows-Kernel-Power	130	(33)	Firmware S3 times. SuspendStart: 52303921, SuspendEnd: 52303922
Information	14-10-2021 08:26:10	Microsoft-Windows-Kernel-Power	131	(33)	Firmware S3 times. ResumeCount: 1, FullResume: 1025, AverageResume: 1025
Information	14-10-2021 08:26:10	Microsoft-Windows-Kernel-General	1	(5)	"The system time has changed to ‎2021‎-‎10‎-‎14T02:56:10.500000000Z from ‎2021‎-‎10‎-‎14T02:40:31.101340900Z.

Change Reason: System time synchronized with the hardware clock.
Process: '' (PID 4).

RTC time: ‎2021‎-‎10‎-‎14T08:26:10.500000000Z
Current time zone bias: -330
RTC time is in UTC: false
System time was based on RTC time: false"
Information	14-10-2021 08:10:31	Microsoft-Windows-Kernel-Power	107	(102)	The system has resumed from sleep.
Information	14-10-2021 08:10:26	Microsoft-Windows-Kernel-Power	42	(64)	"The system is entering sleep.

Sleep Reason: System Idle"
Information	14-10-2021 08:10:18	Microsoft-Windows-Kernel-Power	566	(268)	"The system session has transitioned from 26 to 28.

Reason: 4"
Information	14-10-2021 08:10:17	Microsoft-Windows-Kernel-Power	566	(268)	"The system session has transitioned from 25 to 26.

Reason: 4"
Information	14-10-2021 08:05:14	Microsoft-Windows-Power-Troubleshooter	1	None	"The system has returned from a low power state.

Sleep Time: ‎2021‎-‎10‎-‎13T19:38:05.111765700Z
Wake Time: ‎2021‎-‎10‎-‎14T02:35:09.506043000Z

Wake Source: Unknown"
Error	14-10-2021 08:05:12	Server	2505	None	The server could not bind to the transport \Device\NetBT_Tcpip_{59426481-F96A-490F-9157-08A6F626BD36} because another computer on the network has the same name.  The server could not start.
Information	14-10-2021 08:05:09	Microsoft-Windows-Kernel-Power	566	(268)	"The system session has transitioned from 23 to 25.

Reason: 4"
Information	14-10-2021 08:05:08	Microsoft-Windows-Kernel-Power	566	(268)	"The system session has transitioned from 22 to 23.

Reason: 4"
Information	14-10-2021 08:05:08	Microsoft-Windows-Kernel-Boot	32	(58)	The bootmgr spent 0 ms waiting for user input.
Information	14-10-2021 08:05:08	Microsoft-Windows-Kernel-Boot	18	(57)	There are 0x1 boot options on this system.
Information	14-10-2021 08:05:08	Microsoft-Windows-Kernel-Boot	30	(21)	The firmware reported boot metrics.
Information	14-10-2021 08:05:04	Microsoft-Windows-Kernel-General	1	(5)	"The system time has changed to ‎2021‎-‎10‎-‎14T02:35:04.500000000Z from ‎2021‎-‎10‎-‎13T19:38:55.867253600Z.

Change Reason: System time synchronized with the hardware clock.
Process: '' (PID 4).

RTC time: ‎2021‎-‎10‎-‎14T08:05:04.500000000Z
Current time zone bias: -330
RTC time is in UTC: false
System time was based on RTC time: false"
Information	14-10-2021 01:08:55	Microsoft-Windows-Kernel-Power	107	(102)	The system has resumed from sleep.
Information	14-10-2021 01:08:22	Microsoft-Windows-Kernel-Power	42	(64)	"The system is entering sleep.

Sleep Reason: Application API"
Information	14-10-2021 01:08:05	Microsoft-Windows-Kernel-Power	566	(268)	"The system session has transitioned from 21 to 22.

Reason: 4"
Information	14-10-2021 01:08:05	Microsoft-Windows-Kernel-Power	187	(243)	User-mode process attempted to change the system state by calling SetSuspendState or SetSystemPowerState APIs.
Information	14-10-2021 01:07:48	Microsoft-Windows-Winlogon	7002	(1102)	User Logoff Notification for Customer Experience Improvement Program
Information	14-10-2021 01:07:47	User32	1074	None	"The process C:\WINDOWS\system32\winlogon.exe (LAPTOP-7EVMU4TQ) has initiated the power off of computer LAPTOP-7EVMU4TQ on behalf of user NT AUTHORITY\SYSTEM for the following reason: No title for this reason could be found
 Reason Code: 0x500ff
 Shutdown Type: power off
 Comment: "
Information	14-10-2021 01:07:36	Microsoft-Windows-Kernel-Power	105	(100)	Power source change.
Error	14-10-2021 01:07:23	Microsoft-Windows-DistributedCOM	10010	None	The server Microsoft.Windows.StartMenuExperienceHost_10.0.22000.37_neutral_neutral_cw5n1h2txyewy!App.AppX61hpp0btbpr7ww8e8y4q7ga99y3mb921.mca did not register with DCOM within the required timeout.
Error	14-10-2021 01:07:23	Microsoft-Windows-DistributedCOM	10010	None	The server MicrosoftWindows.Client.CBS_1000.22000.194.0_x64__cw5n1h2txyewy!Global.Accounts.AppXczw5m0gs1v24mkf1zqkkpebvayhcn73d.mca did not register with DCOM within the required timeout.
Information	14-10-2021 01:07:09	User32	1074	None	"The process Explorer.EXE has initiated the power off of computer LAPTOP-7EVMU4TQ on behalf of user LAPTOP-7EVMU4TQ\mahendra for the following reason: Other (Unplanned)
 Reason Code: 0x0
 Shutdown Type: power off
 Comment: "
Warning	14-10-2021 01:04:58	Microsoft-Windows-DistributedCOM	10016	None	"The application-specific permission settings do not grant Local Activation permission for the COM Server application with CLSID 
{2593F8B9-4EAF-457C-B68A-50F6B8EA6B54}
 and APPID 
{15C20B67-12E7-4BB6-92BB-7AFF07997402}
 to the user LAPTOP-7EVMU4TQ\mahendra SID (S-1-5-21-38077573-387163758-1783380300-1002) from address LocalHost (Using LRPC) running in the application container Unavailable SID (Unavailable). This security permission can be modified using the Component Services administrative tool."
Warning	14-10-2021 00:26:45	Microsoft-Windows-DistributedCOM	10016	None	"The application-specific permission settings do not grant Local Activation permission for the COM Server application with CLSID 
{2593F8B9-4EAF-457C-B68A-50F6B8EA6B54}
 and APPID 
{15C20B67-12E7-4BB6-92BB-7AFF07997402}
 to the user LAPTOP-7EVMU4TQ\mahendra SID (S-1-5-21-38077573-387163758-1783380300-1002) from address LocalHost (Using LRPC) running in the application container Unavailable SID (Unavailable). This security permission can be modified using the Component Services administrative tool."
Information	14-10-2021 00:13:40	Microsoft-Windows-Kernel-General	16	None	The access history in hive \??\C:\Users\mahendra\AppData\Local\Packages\Microsoft.MicrosoftOfficeHub_8wekyb3d8bbwe\Settings\settings.dat was cleared updating 3 keys and creating 1 modified pages.
Error	13-10-2021 23:41:55	Server	2505	None	The server could not bind to the transport \Device\NetBT_Tcpip_{9F961AE3-9423-4C8B-AB48-B1886999008B} because another computer on the network has the same name.  The server could not start.
Information	13-10-2021 23:33:39	Microsoft-Windows-WindowsUpdateClient	19	Windows Update Agent	Installation Successful: Windows successfully installed the following update: Security Intelligence Update for Microsoft Defender Antivirus - KB2267602 (Version 1.351.353.0)
Information	13-10-2021 23:33:00	Microsoft-Windows-WindowsUpdateClient	43	Windows Update Agent	Installation Started: Windows has started installing the following update: Security Intelligence Update for Microsoft Defender Antivirus - KB2267602 (Version 1.351.353.0)
Information	13-10-2021 23:32:54	Microsoft-Windows-WindowsUpdateClient	44	Windows Update Agent	Windows Update started downloading an update.
Information	13-10-2021 23:26:07	Microsoft-Windows-Kernel-Power	105	(100)	Power source change.
Information	13-10-2021 23:21:15	Microsoft-Windows-Kernel-General	1	(5)	"The system time has changed to ‎2021‎-‎10‎-‎13T17:51:15.324196300Z from ‎2021‎-‎10‎-‎13T17:51:15.323566700Z.

Change Reason: An application or system component changed the time.
Process: '\Device\HarddiskVolume3\Windows\System32\svchost.exe' (PID 6448).

RTC time: ‎2021‎-‎10‎-‎13T23:21:15.324196300Z
Current time zone bias: -330
RTC time is in UTC: false
System time was based on RTC time: false"
Information	13-10-2021 23:21:15	Microsoft-Windows-Kernel-General	24	(11)	The time zone information was refreshed with exit reason 0. Current time zone bias is -330.
Information	13-10-2021 23:21:15	Microsoft-Windows-Time-Service	35	None	The time service is now synchronizing the system time with the time source time.windows.com,0x9 (ntp.m|0x9|0.0.0.0:123->40.81.94.65:123) with reference id 1096700200. Current local stratum number is 4.
Information	13-10-2021 23:21:15	Microsoft-Windows-Time-Service	37	None	The time provider NtpClient is currently receiving valid time data from time.windows.com,0x9 (ntp.m|0x9|0.0.0.0:123->40.81.94.65:123).
Warning	13-10-2021 22:58:00	Microsoft-Windows-DNS-Client	1014	(1014)	Name resolution for the name r1---sn-ci5gup-cvhe7.googlevideo.com timed out after none of the configured DNS servers responded. Client PID 18200.
Information	13-10-2021 22:53:30	Service Control Manager	7040	None	The start type of the Background Intelligent Transfer Service service was changed from auto start to demand start.
Information	13-10-2021 22:50:47	Service Control Manager	7040	None	The start type of the Background Intelligent Transfer Service service was changed from demand start to auto start.
Warning	13-10-2021 22:50:20	Microsoft-Windows-DNS-Client	1014	(1014)	Name resolution for the name mozilla.cloudflare-dns.com timed out after none of the configured DNS servers responded. Client PID 11612.
Warning	13-10-2021 22:49:57	Microsoft-Windows-DNS-Client	1014	(1014)	Name resolution for the name vortex.data.microsoft.com timed out after none of the configured DNS servers responded. Client PID 7616.
Error	13-10-2021 22:49:56	Server	2505	None	The server could not bind to the transport \Device\NetBT_Tcpip_{9F961AE3-9423-4C8B-AB48-B1886999008B} because another computer on the network has the same name.  The server could not start.
Warning	13-10-2021 22:49:54	Microsoft-Windows-DNS-Client	1014	(1014)	Name resolution for the name clientservices.googleapis.com timed out after none of the configured DNS servers responded. Client PID 18200.
Warning	13-10-2021 22:49:44	Microsoft-Windows-DistributedCOM	10016	None	"The application-specific permission settings do not grant Local Activation permission for the COM Server application with CLSID 
{2593F8B9-4EAF-457C-B68A-50F6B8EA6B54}
 and APPID 
{15C20B67-12E7-4BB6-92BB-7AFF07997402}
 to the user LAPTOP-7EVMU4TQ\mahendra SID (S-1-5-21-38077573-387163758-1783380300-1002) from address LocalHost (Using LRPC) running in the application container Unavailable SID (Unavailable). This security permission can be modified using the Component Services administrative tool."
Information	13-10-2021 22:37:02	Service Control Manager	7040	None	The start type of the Background Intelligent Transfer Service service was changed from auto start to demand start.
Information	13-10-2021 22:34:53	Service Control Manager	7040	None	The start type of the Background Intelligent Transfer Service service was changed from demand start to auto start.
Error	13-10-2021 21:39:42	Server	2505	None	The server could not bind to the transport \Device\NetBT_Tcpip_{9F961AE3-9423-4C8B-AB48-B1886999008B} because another computer on the network has the same name.  The server could not start.
Information	13-10-2021 21:39:36	Microsoft-Windows-Power-Troubleshooter	1	None	"The system has returned from a low power state.

Sleep Time: ‎2021‎-‎10‎-‎13T15:51:24.273449800Z
Wake Time: ‎2021‎-‎10‎-‎13T16:09:34.632489900Z

Wake Source: Power Button"
Information	13-10-2021 21:39:34	Microsoft-Windows-Kernel-Power	566	(268)	"The system session has transitioned from 19 to 21.

Reason: 4"
Error	13-10-2021 21:39:35	Server	2505	None	The server could not bind to the transport \Device\NetBT_Tcpip_{59426481-F96A-490F-9157-08A6F626BD36} because another computer on the network has the same name.  The server could not start.
Information	13-10-2021 21:39:32	Microsoft-Windows-Kernel-Power	566	(268)	"The system session has transitioned from 18 to 19.

Reason: 4"
Information	13-10-2021 21:39:30	Microsoft-Windows-Kernel-Power	130	(33)	Firmware S3 times. SuspendStart: 39395323, SuspendEnd: 39395324
Information	13-10-2021 21:39:30	Microsoft-Windows-Kernel-Power	131	(33)	Firmware S3 times. ResumeCount: 2, FullResume: 1026, AverageResume: 1023
Information	13-10-2021 21:39:30	Microsoft-Windows-Kernel-General	1	(5)	"The system time has changed to ‎2021‎-‎10‎-‎13T16:09:30.500000000Z from ‎2021‎-‎10‎-‎13T15:51:46.141005300Z.

Change Reason: System time synchronized with the hardware clock.
Process: '' (PID 4).

RTC time: ‎2021‎-‎10‎-‎13T21:39:30.500000000Z
Current time zone bias: -330
RTC time is in UTC: false
System time was based on RTC time: false"
Information	13-10-2021 21:21:46	Microsoft-Windows-Kernel-Power	107	(102)	The system has resumed from sleep.
Information	13-10-2021 21:21:41	Microsoft-Windows-Kernel-Power	42	(64)	"The system is entering sleep.

Sleep Reason: System Idle"
Information	13-10-2021 21:21:26	Microsoft-Windows-Kernel-Power	566	(268)	"The system session has transitioned from 16 to 18.

Reason: 4"
Information	13-10-2021 21:21:16	Microsoft-Windows-Kernel-Power	566	(268)	"The system session has transitioned from 15 to 16.

Reason: 4"
Warning	13-10-2021 21:06:19	Microsoft-Windows-DistributedCOM	10016	None	"The application-specific permission settings do not grant Local Activation permission for the COM Server application with CLSID 
{2593F8B9-4EAF-457C-B68A-50F6B8EA6B54}
 and APPID 
{15C20B67-12E7-4BB6-92BB-7AFF07997402}
 to the user LAPTOP-7EVMU4TQ\mahendra SID (S-1-5-21-38077573-387163758-1783380300-1002) from address LocalHost (Using LRPC) running in the application container Unavailable SID (Unavailable). This security permission can be modified using the Component Services administrative tool."
Warning	13-10-2021 21:04:34	Microsoft-Windows-DistributedCOM	10016	None	"The application-specific permission settings do not grant Local Activation permission for the COM Server application with CLSID 
{2593F8B9-4EAF-457C-B68A-50F6B8EA6B54}
 and APPID 
{15C20B67-12E7-4BB6-92BB-7AFF07997402}
 to the user LAPTOP-7EVMU4TQ\mahendra SID (S-1-5-21-38077573-387163758-1783380300-1002) from address LocalHost (Using LRPC) running in the application container Unavailable SID (Unavailable). This security permission can be modified using the Component Services administrative tool."
Warning	13-10-2021 20:59:13	Microsoft-Windows-DistributedCOM	10016	None	"The application-specific permission settings do not grant Local Activation permission for the COM Server application with CLSID 
{2593F8B9-4EAF-457C-B68A-50F6B8EA6B54}
 and APPID 
{15C20B67-12E7-4BB6-92BB-7AFF07997402}
 to the user LAPTOP-7EVMU4TQ\mahendra SID (S-1-5-21-38077573-387163758-1783380300-1002) from address LocalHost (Using LRPC) running in the application container Unavailable SID (Unavailable). This security permission can be modified using the Component Services administrative tool."
Warning	13-10-2021 20:58:33	Microsoft-Windows-DistributedCOM	10016	None	"The application-specific permission settings do not grant Local Activation permission for the COM Server application with CLSID 
{2593F8B9-4EAF-457C-B68A-50F6B8EA6B54}
 and APPID 
{15C20B67-12E7-4BB6-92BB-7AFF07997402}
 to the user LAPTOP-7EVMU4TQ\mahendra SID (S-1-5-21-38077573-387163758-1783380300-1002) from address LocalHost (Using LRPC) running in the application container Unavailable SID (Unavailable). This security permission can be modified using the Component Services administrative tool."
Warning	13-10-2021 20:57:20	Microsoft-Windows-DistributedCOM	10016	None	"The application-specific permission settings do not grant Local Activation permission for the COM Server application with CLSID 
{2593F8B9-4EAF-457C-B68A-50F6B8EA6B54}
 and APPID 
{15C20B67-12E7-4BB6-92BB-7AFF07997402}
 to the user LAPTOP-7EVMU4TQ\mahendra SID (S-1-5-21-38077573-387163758-1783380300-1002) from address LocalHost (Using LRPC) running in the application container Unavailable SID (Unavailable). This security permission can be modified using the Component Services administrative tool."
Warning	13-10-2021 20:55:23	Microsoft-Windows-DistributedCOM	10016	None	"The application-specific permission settings do not grant Local Activation permission for the COM Server application with CLSID 
{2593F8B9-4EAF-457C-B68A-50F6B8EA6B54}
 and APPID 
{15C20B67-12E7-4BB6-92BB-7AFF07997402}
 to the user LAPTOP-7EVMU4TQ\mahendra SID (S-1-5-21-38077573-387163758-1783380300-1002) from address LocalHost (Using LRPC) running in the application container Unavailable SID (Unavailable). This security permission can be modified using the Component Services administrative tool."
Warning	13-10-2021 20:40:05	Microsoft-Windows-DistributedCOM	10016	None	"The application-specific permission settings do not grant Local Activation permission for the COM Server application with CLSID 
{2593F8B9-4EAF-457C-B68A-50F6B8EA6B54}
 and APPID 
{15C20B67-12E7-4BB6-92BB-7AFF07997402}
 to the user LAPTOP-7EVMU4TQ\mahendra SID (S-1-5-21-38077573-387163758-1783380300-1002) from address LocalHost (Using LRPC) running in the application container Unavailable SID (Unavailable). This security permission can be modified using the Component Services administrative tool."
Information	13-10-2021 20:35:02	Microsoft-Windows-Kernel-Power	105	(100)	Power source change.
Warning	13-10-2021 20:34:02	Microsoft-Windows-DistributedCOM	10016	None	"The application-specific permission settings do not grant Local Activation permission for the COM Server application with CLSID 
{2593F8B9-4EAF-457C-B68A-50F6B8EA6B54}
 and APPID 
{15C20B67-12E7-4BB6-92BB-7AFF07997402}
 to the user LAPTOP-7EVMU4TQ\mahendra SID (S-1-5-21-38077573-387163758-1783380300-1002) from address LocalHost (Using LRPC) running in the application container Unavailable SID (Unavailable). This security permission can be modified using the Component Services administrative tool."
Warning	13-10-2021 20:24:05	Microsoft-Windows-DistributedCOM	10016	None	"The application-specific permission settings do not grant Local Activation permission for the COM Server application with CLSID 
{2593F8B9-4EAF-457C-B68A-50F6B8EA6B54}
 and APPID 
{15C20B67-12E7-4BB6-92BB-7AFF07997402}
 to the user LAPTOP-7EVMU4TQ\mahendra SID (S-1-5-21-38077573-387163758-1783380300-1002) from address LocalHost (Using LRPC) running in the application container Unavailable SID (Unavailable). This security permission can be modified using the Component Services administrative tool."
Error	13-10-2021 19:04:29	Service Control Manager	7009	None	A timeout was reached (30000 milliseconds) while waiting for the Intel(R) SUR QC Software Asset Manager service to connect.
Information	13-10-2021 18:44:08	Microsoft-Windows-Kernel-Power	566	(268)	"The system session has transitioned from 13 to 15.

Reason: 4"
Information	13-10-2021 18:38:12	Microsoft-Windows-Kernel-Power	566	(268)	"The system session has transitioned from 12 to 13.

Reason: 4"
Information	13-10-2021 18:35:25	Service Control Manager	7040	None	The start type of the Background Intelligent Transfer Service service was changed from auto start to demand start.
Information	13-10-2021 18:33:21	Service Control Manager	7040	None	The start type of the Background Intelligent Transfer Service service was changed from demand start to auto start.
Warning	13-10-2021 18:05:36	Microsoft-Windows-DNS-Client	1014	(1014)	Name resolution for the name config.teams.microsoft.com timed out after none of the configured DNS servers responded. Client PID 14032.
Error	13-10-2021 18:05:34	Server	2505	None	The server could not bind to the transport \Device\NetBT_Tcpip_{9F961AE3-9423-4C8B-AB48-B1886999008B} because another computer on the network has the same name.  The server could not start.
Information	13-10-2021 18:05:31	Microsoft-Windows-Power-Troubleshooter	1	None	"The system has returned from a low power state.

Sleep Time: ‎2021‎-‎10‎-‎13T12:13:10.513044700Z
Wake Time: ‎2021‎-‎10‎-‎13T12:35:26.678600200Z

Wake Source: Power Button"
Error	13-10-2021 18:05:32	Server	2505	None	The server could not bind to the transport \Device\NetBT_Tcpip_{9F961AE3-9423-4C8B-AB48-B1886999008B} because another computer on the network has the same name.  The server could not start.
Error	13-10-2021 18:05:29	Server	2505	None	The server could not bind to the transport \Device\NetBT_Tcpip_{59426481-F96A-490F-9157-08A6F626BD36} because another computer on the network has the same name.  The server could not start.
Information	13-10-2021 18:05:25	Microsoft-Windows-Kernel-Power	566	(268)	"The system session has transitioned from 10 to 12.

Reason: 4"
Information	13-10-2021 18:05:25	Microsoft-Windows-Kernel-Power	566	(268)	"The system session has transitioned from 9 to 10.

Reason: 4"
Information	13-10-2021 18:05:24	Microsoft-Windows-Kernel-Power	130	(33)	Firmware S3 times. SuspendStart: 27621977, SuspendEnd: 27621979
Information	13-10-2021 18:05:24	Microsoft-Windows-Kernel-Power	131	(33)	Firmware S3 times. ResumeCount: 1, FullResume: 1019, AverageResume: 1019
Information	13-10-2021 18:05:24	Microsoft-Windows-Kernel-General	1	(5)	"The system time has changed to ‎2021‎-‎10‎-‎13T12:35:24.500000000Z from ‎2021‎-‎10‎-‎13T12:13:53.583064500Z.

Change Reason: System time synchronized with the hardware clock.
Process: '' (PID 4).

RTC time: ‎2021‎-‎10‎-‎13T18:05:24.500000000Z
Current time zone bias: -330
RTC time is in UTC: false
System time was based on RTC time: false"
Information	13-10-2021 17:43:53	Microsoft-Windows-Kernel-Power	107	(102)	The system has resumed from sleep.
Information	13-10-2021 17:43:49	Microsoft-Windows-Kernel-Power	42	(64)	"The system is entering sleep.

Sleep Reason: System Idle"
Information	13-10-2021 17:43:13	Microsoft-Windows-Kernel-Power	566	(268)	"The system session has transitioned from 7 to 9.

Reason: 4"
Information	13-10-2021 17:33:36	Service Control Manager	7045	None	"A service was installed in the system.

Service Name:  MpKsl91fe5191
Service File Name:  C:\ProgramData\Microsoft\Windows Defender\Definition Updates\{D360B3FF-815B-4AF9-9067-AE0714FA7A97}\MpKslDrv.sys
Service Type:  kernel mode driver
Service Start Type:  demand start
Service Account:  "
Information	13-10-2021 17:32:34	Microsoft-Windows-Kernel-Power	566	(268)	"The system session has transitioned from 6 to 7.

Reason: 4"
Information	13-10-2021 17:15:37	Microsoft-Windows-Kernel-General	16	None	The access history in hive \??\C:\Users\mahendra\AppData\Local\Packages\Microsoft.WindowsTerminal_8wekyb3d8bbwe\SystemAppData\Helium\UserClasses.dat was cleared updating 1 keys and creating 1 modified pages.
Information	13-10-2021 17:15:37	Microsoft-Windows-Kernel-General	16	None	The access history in hive \??\C:\Users\mahendra\AppData\Local\Packages\Microsoft.WindowsTerminal_8wekyb3d8bbwe\SystemAppData\Helium\User.dat was cleared updating 1 keys and creating 1 modified pages.
Information	13-10-2021 16:45:36	Service Control Manager	7040	None	The start type of the Background Intelligent Transfer Service service was changed from auto start to demand start.
Warning	13-10-2021 16:44:07	Microsoft-Windows-DistributedCOM	10016	None	"The application-specific permission settings do not grant Local Activation permission for the COM Server application with CLSID 
{2593F8B9-4EAF-457C-B68A-50F6B8EA6B54}
 and APPID 
{15C20B67-12E7-4BB6-92BB-7AFF07997402}
 to the user LAPTOP-7EVMU4TQ\mahendra SID (S-1-5-21-38077573-387163758-1783380300-1002) from address LocalHost (Using LRPC) running in the application container Unavailable SID (Unavailable). This security permission can be modified using the Component Services administrative tool."
Information	13-10-2021 16:39:31	Service Control Manager	7040	None	The start type of the Background Intelligent Transfer Service service was changed from demand start to auto start.
Warning	13-10-2021 16:30:13	Microsoft-Windows-DistributedCOM	10016	None	"The application-specific permission settings do not grant Local Activation permission for the COM Server application with CLSID 
{2593F8B9-4EAF-457C-B68A-50F6B8EA6B54}
 and APPID 
{15C20B67-12E7-4BB6-92BB-7AFF07997402}
 to the user LAPTOP-7EVMU4TQ\mahendra SID (S-1-5-21-38077573-387163758-1783380300-1002) from address LocalHost (Using LRPC) running in the application container Unavailable SID (Unavailable). This security permission can be modified using the Component Services administrative tool."
Warning	13-10-2021 16:29:52	Microsoft-Windows-DistributedCOM	10016	None	"The application-specific permission settings do not grant Local Activation permission for the COM Server application with CLSID 
{2593F8B9-4EAF-457C-B68A-50F6B8EA6B54}
 and APPID 
{15C20B67-12E7-4BB6-92BB-7AFF07997402}
 to the user LAPTOP-7EVMU4TQ\mahendra SID (S-1-5-21-38077573-387163758-1783380300-1002) from address LocalHost (Using LRPC) running in the application container Unavailable SID (Unavailable). This security permission can be modified using the Component Services administrative tool."
Information	13-10-2021 15:30:54	Service Control Manager	7040	None	The start type of the Background Intelligent Transfer Service service was changed from auto start to demand start.
Information	13-10-2021 15:28:36	Service Control Manager	7040	None	The start type of the Background Intelligent Transfer Service service was changed from demand start to auto start.
Information	13-10-2021 15:23:48	Microsoft-Windows-Time-Service	158	None	The time provider 'VMICTimeProvider' has indicated that the current hardware and operating environment is not supported and has stopped. This behavior is expected for VMICTimeProvider on non-HyperV-guest environments. This may be the expected behavior for the current provider in the current operating environment as well.
Information	13-10-2021 15:06:44	Microsoft-Windows-Time-Service	158	None	The time provider 'VMICTimeProvider' has indicated that the current hardware and operating environment is not supported and has stopped. This behavior is expected for VMICTimeProvider on non-HyperV-guest environments. This may be the expected behavior for the current provider in the current operating environment as well.
Information	13-10-2021 14:55:18	Microsoft-Windows-Kernel-Power	566	(268)	"The system session has transitioned from 4 to 6.

Reason: 4"
Information	13-10-2021 14:49:44	Microsoft-Windows-Kernel-Power	566	(268)	"The system session has transitioned from 3 to 4.

Reason: 4"
Information	13-10-2021 14:49:40	Microsoft-Windows-Time-Service	158	None	The time provider 'VMICTimeProvider' has indicated that the current hardware and operating environment is not supported and has stopped. This behavior is expected for VMICTimeProvider on non-HyperV-guest environments. This may be the expected behavior for the current provider in the current operating environment as well.
Information	13-10-2021 14:48:48	Microsoft-Windows-Ntfs	98	None	Volume Windows (\Device\HarddiskVolumeShadowCopy8) is healthy.  No action is needed.
Error	13-10-2021 14:48:23	Service Control Manager	7011	None	A timeout (30000 milliseconds) was reached while waiting for a transaction response from the RtkBtManServ service.
Error	13-10-2021 14:47:53	Service Control Manager	7011	None	A timeout (30000 milliseconds) was reached while waiting for a transaction response from the HPSysInfoCap service.
Error	13-10-2021 14:47:23	Service Control Manager	7011	None	A timeout (30000 milliseconds) was reached while waiting for a transaction response from the RtkBtManServ service.
Information	13-10-2021 14:44:56	Service Control Manager	7040	None	The start type of the Windows Modules Installer service was changed from auto start to demand start.
Information	13-10-2021 14:44:52	Service Control Manager	7040	None	The start type of the Windows Modules Installer service was changed from demand start to auto start.
Error	13-10-2021 14:37:07	Service Control Manager	7011	None	A timeout (30000 milliseconds) was reached while waiting for a transaction response from the RtkBtManServ service.
Error	13-10-2021 14:36:37	Service Control Manager	7011	None	A timeout (30000 milliseconds) was reached while waiting for a transaction response from the RtkBtManServ service.
Information	13-10-2021 14:35:58	Service Control Manager	7040	None	The start type of the Windows Modules Installer service was changed from auto start to demand start.
Information	13-10-2021 14:35:57	Microsoft-Windows-Kernel-General	15	(10)	Hive \??\C:\WINDOWS\System32\SMI\Store\Machine\SCHEMA.DAT was reorganized with a starting size of 10481664 bytes and an ending size of 10473472 bytes.
Information	13-10-2021 14:35:52	Microsoft-Windows-Kernel-General	15	(10)	Hive \??\C:\Windows.old\Windows\System32\Config\SYSTEM was reorganized with a starting size of 27164672 bytes and an ending size of 27172864 bytes.
Information	13-10-2021 14:33:15	Service Control Manager	7040	None	The start type of the Background Intelligent Transfer Service service was changed from auto start to demand start.
