Information	01-11-2021 21:39:10	Microsoft-Windows-Kernel-General	1	(5)	"The system time has changed to ‎2021‎-‎11‎-‎01T16:09:10.500000000Z from ‎2021‎-‎11‎-‎01T14:17:47.976252400Z.

Change Reason: System time synchronized with the hardware clock.
Process: '' (PID 4).

RTC time: ‎2021‎-‎11‎-‎01T21:39:10.500000000Z
Current time zone bias: -330
RTC time is in UTC: false
System time was based on RTC time: false"
Information	01-11-2021 19:47:47	Microsoft-Windows-Kernel-Power	107	(102)	The system has resumed from sleep.
Information	01-11-2021 19:47:43	Microsoft-Windows-Kernel-Power	42	(64)	"The system is entering sleep.

Sleep Reason: System Idle"
Information	01-11-2021 19:47:36	Microsoft-Windows-Kernel-Power	566	(268)	"The system session has transitioned from 92 to 94.

Reason: 7"
Information	01-11-2021 19:47:27	Microsoft-Windows-Kernel-Power	566	(268)	"The system session has transitioned from 91 to 92.

Reason: 7"
Warning	01-11-2021 19:24:48	Microsoft-Windows-DNS-Client	1014	(1014)	Name resolution for the name clients4.google.com timed out after none of the configured DNS servers responded. Client PID 18916.
Information	01-11-2021 19:17:33	Microsoft-Windows-WindowsUpdateClient	19	Windows Update Agent	Installation Successful: Windows successfully installed the following update: Security Intelligence Update for Microsoft Defender Antivirus - KB2267602 (Version 1.353.206.0)
Information	01-11-2021 19:16:47	Microsoft-Windows-WindowsUpdateClient	43	Windows Update Agent	Installation Started: Windows has started installing the following update: Security Intelligence Update for Microsoft Defender Antivirus - KB2267602 (Version 1.353.206.0)
Information	01-11-2021 19:16:47	Microsoft-Windows-WindowsUpdateClient	44	Windows Update Agent	Windows Update started downloading an update.
Information	01-11-2021 18:52:44	Service Control Manager	7040	None	The start type of the Background Intelligent Transfer Service service was changed from auto start to demand start.
Information	01-11-2021 18:50:28	Service Control Manager	7040	None	The start type of the Background Intelligent Transfer Service service was changed from demand start to auto start.
Warning	01-11-2021 18:49:27	Microsoft-Windows-DistributedCOM	10016	None	"The application-specific permission settings do not grant Local Activation permission for the COM Server application with CLSID 
{2593F8B9-4EAF-457C-B68A-50F6B8EA6B54}
 and APPID 
{15C20B67-12E7-4BB6-92BB-7AFF07997402}
 to the user LAPTOP-7EVMU4TQ\mahendra SID (S-1-5-21-38077573-387163758-1783380300-1002) from address LocalHost (Using LRPC) running in the application container Unavailable SID (Unavailable). This security permission can be modified using the Component Services administrative tool."
Warning	01-11-2021 18:49:00	Microsoft-Windows-DistributedCOM	10016	None	"The application-specific permission settings do not grant Local Activation permission for the COM Server application with CLSID 
{2593F8B9-4EAF-457C-B68A-50F6B8EA6B54}
 and APPID 
{15C20B67-12E7-4BB6-92BB-7AFF07997402}
 to the user LAPTOP-7EVMU4TQ\mahendra SID (S-1-5-21-38077573-387163758-1783380300-1002) from address LocalHost (Using LRPC) running in the application container Unavailable SID (Unavailable). This security permission can be modified using the Component Services administrative tool."
Error	01-11-2021 18:48:48	Server	2505	None	The server could not bind to the transport \Device\NetBT_Tcpip_{9F961AE3-9423-4C8B-AB48-B1886999008B} because another computer on the network has the same name.  The server could not start.
Information	01-11-2021 18:48:43	Microsoft-Windows-Power-Troubleshooter	1	None	"The system has returned from a low power state.

Sleep Time: ‎2021‎-‎11‎-‎01T12:52:20.659837000Z
Wake Time: ‎2021‎-‎11‎-‎01T13:18:42.225717000Z

Wake Source: Power Button"
Error	01-11-2021 18:48:43	Server	2505	None	The server could not bind to the transport \Device\NetBT_Tcpip_{59426481-F96A-490F-9157-08A6F626BD36} because another computer on the network has the same name.  The server could not start.
Information	01-11-2021 18:48:42	Microsoft-Windows-Kernel-Power	566	(268)	"The system session has transitioned from 89 to 91.

Reason: 7"
Information	01-11-2021 18:48:41	Microsoft-Windows-Kernel-Power	566	(268)	"The system session has transitioned from 88 to 89.

Reason: 7"
Information	01-11-2021 18:48:40	Microsoft-Windows-Kernel-Power	105	(100)	Power source change.
Information	01-11-2021 18:48:39	Microsoft-Windows-Kernel-Power	130	(33)	Firmware S3 times. SuspendStart: 65137305, SuspendEnd: 65137306
Information	01-11-2021 18:48:39	Microsoft-Windows-Kernel-Power	131	(33)	Firmware S3 times. ResumeCount: 7, FullResume: 1030, AverageResume: 1030
Information	01-11-2021 18:48:39	Microsoft-Windows-Kernel-General	1	(5)	"The system time has changed to ‎2021‎-‎11‎-‎01T13:18:39.500000000Z from ‎2021‎-‎11‎-‎01T12:52:27.521769500Z.

Change Reason: System time synchronized with the hardware clock.
Process: '' (PID 4).

RTC time: ‎2021‎-‎11‎-‎01T18:48:39.500000000Z
Current time zone bias: -330
RTC time is in UTC: false
System time was based on RTC time: false"
Information	01-11-2021 18:22:27	Microsoft-Windows-Kernel-Power	107	(102)	The system has resumed from sleep.
Information	01-11-2021 18:22:23	Microsoft-Windows-Kernel-Power	42	(64)	"The system is entering sleep.

Sleep Reason: System Idle"
Information	01-11-2021 18:22:21	Microsoft-Windows-Kernel-Power	566	(268)	"The system session has transitioned from 86 to 88.

Reason: 7"
Error	01-11-2021 18:15:00	Service Control Manager	7009	None	A timeout was reached (30000 milliseconds) while waiting for the Intel(R) SUR QC Software Asset Manager service to connect.
Information	01-11-2021 18:03:38	Service Control Manager	7040	None	The start type of the Background Intelligent Transfer Service service was changed from auto start to demand start.
Information	01-11-2021 18:03:08	Microsoft-Windows-Kernel-Power	566	(268)	"The system session has transitioned from 85 to 86.

Reason: 7"
Information	01-11-2021 18:00:28	Service Control Manager	7040	None	The start type of the Background Intelligent Transfer Service service was changed from demand start to auto start.
Information	01-11-2021 17:59:41	Microsoft-Windows-Power-Troubleshooter	1	None	"The system has returned from a low power state.

Sleep Time: ‎2021‎-‎11‎-‎01T11:22:46.929189900Z
Wake Time: ‎2021‎-‎11‎-‎01T12:29:38.406049400Z

Wake Source: Power Button"
Information	01-11-2021 17:59:38	Microsoft-Windows-Kernel-Power	566	(268)	"The system session has transitioned from 83 to 85.

Reason: 7"
Information	01-11-2021 17:59:38	Microsoft-Windows-Kernel-Power	566	(268)	"The system session has transitioned from 82 to 83.

Reason: 7"
Error	01-11-2021 17:59:41	Server	2505	None	The server could not bind to the transport \Device\NetBT_Tcpip_{59426481-F96A-490F-9157-08A6F626BD36} because another computer on the network has the same name.  The server could not start.
Information	01-11-2021 17:59:34	Microsoft-Windows-UserModePowerService	12	(10)	Process C:\Windows\System32\svchost.exe (process ID:1676) reset policy scheme from {48684d4a-8524-4093-8a63-ea7132b79c1c} to {48684d4a-8524-4093-8a63-ea7132b79c1c}
Information	01-11-2021 17:59:34	Microsoft-Windows-Kernel-Power	105	(100)	Power source change.
Information	01-11-2021 17:59:33	Microsoft-Windows-Kernel-Power	130	(33)	Firmware S3 times. SuspendStart: 63763260, SuspendEnd: 63763261
Information	01-11-2021 17:59:33	Microsoft-Windows-Kernel-Power	131	(33)	Firmware S3 times. ResumeCount: 6, FullResume: 1032, AverageResume: 1030
Information	01-11-2021 17:59:33	Microsoft-Windows-Kernel-General	1	(5)	"The system time has changed to ‎2021‎-‎11‎-‎01T12:29:33.500000000Z from ‎2021‎-‎11‎-‎01T11:22:54.000844600Z.

Change Reason: System time synchronized with the hardware clock.
Process: '' (PID 4).

RTC time: ‎2021‎-‎11‎-‎01T17:59:33.500000000Z
Current time zone bias: -330
RTC time is in UTC: false
System time was based on RTC time: false"
Information	01-11-2021 16:52:54	Microsoft-Windows-Kernel-Power	107	(102)	The system has resumed from sleep.
Information	01-11-2021 16:52:49	Microsoft-Windows-Kernel-Power	42	(64)	"The system is entering sleep.

Sleep Reason: Button or Lid"
Information	01-11-2021 16:52:47	Microsoft-Windows-UserModePowerService	12	(10)	Process C:\Windows\System32\svchost.exe (process ID:1676) reset policy scheme from {48684d4a-8524-4093-8a63-ea7132b79c1c} to {48684d4a-8524-4093-8a63-ea7132b79c1c}
Information	01-11-2021 16:52:47	Microsoft-Windows-Kernel-Power	566	(268)	"The system session has transitioned from 81 to 82.

Reason: 7"
Warning	01-11-2021 16:41:17	Microsoft-Windows-DistributedCOM	10016	None	"The application-specific permission settings do not grant Local Activation permission for the COM Server application with CLSID 
{2593F8B9-4EAF-457C-B68A-50F6B8EA6B54}
 and APPID 
{15C20B67-12E7-4BB6-92BB-7AFF07997402}
 to the user LAPTOP-7EVMU4TQ\mahendra SID (S-1-5-21-38077573-387163758-1783380300-1002) from address LocalHost (Using LRPC) running in the application container Unavailable SID (Unavailable). This security permission can be modified using the Component Services administrative tool."
Warning	01-11-2021 16:25:20	Microsoft-Windows-DistributedCOM	10016	None	"The application-specific permission settings do not grant Local Activation permission for the COM Server application with CLSID 
{2593F8B9-4EAF-457C-B68A-50F6B8EA6B54}
 and APPID 
{15C20B67-12E7-4BB6-92BB-7AFF07997402}
 to the user LAPTOP-7EVMU4TQ\mahendra SID (S-1-5-21-38077573-387163758-1783380300-1002) from address LocalHost (Using LRPC) running in the application container Unavailable SID (Unavailable). This security permission can be modified using the Component Services administrative tool."
Error	01-11-2021 16:25:00	Server	2505	None	The server could not bind to the transport \Device\NetBT_Tcpip_{9F961AE3-9423-4C8B-AB48-B1886999008B} because another computer on the network has the same name.  The server could not start.
Information	01-11-2021 16:24:57	Microsoft-Windows-Power-Troubleshooter	1	None	"The system has returned from a low power state.

Sleep Time: ‎2021‎-‎11‎-‎01T10:44:30.662455100Z
Wake Time: ‎2021‎-‎11‎-‎01T10:54:54.948261100Z

Wake Source: Power Button"
Error	01-11-2021 16:24:58	Server	2505	None	The server could not bind to the transport \Device\NetBT_Tcpip_{59426481-F96A-490F-9157-08A6F626BD36} because another computer on the network has the same name.  The server could not start.
Information	01-11-2021 16:24:54	Microsoft-Windows-Kernel-Power	566	(268)	"The system session has transitioned from 79 to 81.

Reason: 7"
Information	01-11-2021 16:24:54	Microsoft-Windows-Kernel-Power	566	(268)	"The system session has transitioned from 78 to 79.

Reason: 7"
Information	01-11-2021 16:24:53	Microsoft-Windows-Kernel-Power	130	(33)	Firmware S3 times. SuspendStart: 62082733, SuspendEnd: 62082734
Information	01-11-2021 16:24:53	Microsoft-Windows-Kernel-Power	131	(33)	Firmware S3 times. ResumeCount: 5, FullResume: 1030, AverageResume: 1029
Information	01-11-2021 16:24:53	Microsoft-Windows-Kernel-General	1	(5)	"The system time has changed to ‎2021‎-‎11‎-‎01T10:54:53.500000000Z from ‎2021‎-‎11‎-‎01T10:44:43.007921200Z.

Change Reason: System time synchronized with the hardware clock.
Process: '' (PID 4).

RTC time: ‎2021‎-‎11‎-‎01T16:24:53.500000000Z
Current time zone bias: -330
RTC time is in UTC: false
System time was based on RTC time: false"
Information	01-11-2021 16:14:43	Microsoft-Windows-Kernel-Power	107	(102)	The system has resumed from sleep.
Information	01-11-2021 16:14:38	Microsoft-Windows-Kernel-Power	42	(64)	"The system is entering sleep.

Sleep Reason: System Idle"
Information	01-11-2021 16:14:32	Microsoft-Windows-Kernel-Power	566	(268)	"The system session has transitioned from 76 to 78.

Reason: 7"
Information	01-11-2021 16:14:17	Microsoft-Windows-Kernel-Power	566	(268)	"The system session has transitioned from 75 to 76.

Reason: 7"
Information	01-11-2021 15:35:20	Microsoft-Windows-Power-Troubleshooter	1	None	"The system has returned from a low power state.

Sleep Time: ‎2021‎-‎11‎-‎01T09:57:50.129698000Z
Wake Time: ‎2021‎-‎11‎-‎01T10:05:16.834567700Z

Wake Source: Power Button"
Error	01-11-2021 15:35:20	Server	2505	None	The server could not bind to the transport \Device\NetBT_Tcpip_{9F961AE3-9423-4C8B-AB48-B1886999008B} because another computer on the network has the same name.  The server could not start.
Error	01-11-2021 15:35:20	Server	2505	None	The server could not bind to the transport \Device\NetBT_Tcpip_{59426481-F96A-490F-9157-08A6F626BD36} because another computer on the network has the same name.  The server could not start.
Information	01-11-2021 15:35:16	Microsoft-Windows-Kernel-Power	566	(268)	"The system session has transitioned from 73 to 75.

Reason: 7"
Information	01-11-2021 15:35:16	Microsoft-Windows-Kernel-Power	566	(268)	"The system session has transitioned from 72 to 73.

Reason: 7"
Information	01-11-2021 15:35:15	Microsoft-Windows-Kernel-Power	130	(33)	Firmware S3 times. SuspendStart: 59715192, SuspendEnd: 59715193
Information	01-11-2021 15:35:15	Microsoft-Windows-Kernel-Power	131	(33)	Firmware S3 times. ResumeCount: 4, FullResume: 1026, AverageResume: 1029
Information	01-11-2021 15:35:15	Microsoft-Windows-Kernel-General	1	(5)	"The system time has changed to ‎2021‎-‎11‎-‎01T10:05:15.500000000Z from ‎2021‎-‎11‎-‎01T09:58:04.968831500Z.

Change Reason: System time synchronized with the hardware clock.
Process: '' (PID 4).

RTC time: ‎2021‎-‎11‎-‎01T15:35:15.500000000Z
Current time zone bias: -330
RTC time is in UTC: false
System time was based on RTC time: false"
Information	01-11-2021 15:28:04	Microsoft-Windows-Kernel-Power	107	(102)	The system has resumed from sleep.
Information	01-11-2021 15:28:00	Microsoft-Windows-Kernel-Power	42	(64)	"The system is entering sleep.

Sleep Reason: System Idle"
Information	01-11-2021 15:27:53	Microsoft-Windows-Kernel-Power	566	(268)	"The system session has transitioned from 70 to 72.

Reason: 7"
Information	01-11-2021 15:27:30	Microsoft-Windows-Kernel-Power	566	(268)	"The system session has transitioned from 69 to 70.

Reason: 7"
Error	01-11-2021 14:50:53	Server	2505	None	The server could not bind to the transport \Device\NetBT_Tcpip_{9F961AE3-9423-4C8B-AB48-B1886999008B} because another computer on the network has the same name.  The server could not start.
Information	01-11-2021 14:50:36	Microsoft-Windows-Kernel-Power	566	(268)	"The system session has transitioned from 67 to 69.

Reason: 7"
Information	01-11-2021 14:50:00	Microsoft-Windows-Kernel-Power	566	(268)	"The system session has transitioned from 66 to 67.

Reason: 7"
Warning	01-11-2021 13:42:25	Microsoft-Windows-DistributedCOM	10016	None	"The application-specific permission settings do not grant Local Activation permission for the COM Server application with CLSID 
{2593F8B9-4EAF-457C-B68A-50F6B8EA6B54}
 and APPID 
{15C20B67-12E7-4BB6-92BB-7AFF07997402}
 to the user LAPTOP-7EVMU4TQ\mahendra SID (S-1-5-21-38077573-387163758-1783380300-1002) from address LocalHost (Using LRPC) running in the application container Unavailable SID (Unavailable). This security permission can be modified using the Component Services administrative tool."
Error	01-11-2021 13:42:16	Server	2505	None	The server could not bind to the transport \Device\NetBT_Tcpip_{9F961AE3-9423-4C8B-AB48-B1886999008B} because another computer on the network has the same name.  The server could not start.
Information	01-11-2021 13:38:07	Microsoft-Windows-Power-Troubleshooter	1	None	"The system has returned from a low power state.

Sleep Time: ‎2021‎-‎11‎-‎01T08:01:51.665336800Z
Wake Time: ‎2021‎-‎11‎-‎01T08:08:06.068911800Z

Wake Source: Power Button"
Error	01-11-2021 13:38:07	Server	2505	None	The server could not bind to the transport \Device\NetBT_Tcpip_{59426481-F96A-490F-9157-08A6F626BD36} because another computer on the network has the same name.  The server could not start.
Information	01-11-2021 13:38:06	Microsoft-Windows-Kernel-Power	566	(268)	"The system session has transitioned from 64 to 66.

Reason: 7"
Information	01-11-2021 13:38:04	Microsoft-Windows-Kernel-Power	566	(268)	"The system session has transitioned from 63 to 64.

Reason: 7"
Information	01-11-2021 13:38:03	Microsoft-Windows-Kernel-Power	130	(33)	Firmware S3 times. SuspendStart: 53113638, SuspendEnd: 53113640
Information	01-11-2021 13:38:03	Microsoft-Windows-Kernel-Power	131	(33)	Firmware S3 times. ResumeCount: 3, FullResume: 1030, AverageResume: 1030
Information	01-11-2021 13:38:03	Microsoft-Windows-Kernel-General	1	(5)	"The system time has changed to ‎2021‎-‎11‎-‎01T08:08:03.500000000Z from ‎2021‎-‎11‎-‎01T08:02:05.039543200Z.

Change Reason: System time synchronized with the hardware clock.
Process: '' (PID 4).

RTC time: ‎2021‎-‎11‎-‎01T13:38:03.500000000Z
Current time zone bias: -330
RTC time is in UTC: false
System time was based on RTC time: false"
Information	01-11-2021 13:32:05	Microsoft-Windows-Kernel-Power	107	(102)	The system has resumed from sleep.
Information	01-11-2021 13:32:00	Microsoft-Windows-Kernel-Power	42	(64)	"The system is entering sleep.

Sleep Reason: System Idle"
Information	01-11-2021 13:31:52	Microsoft-Windows-Kernel-Power	566	(268)	"The system session has transitioned from 61 to 63.

Reason: 7"
Information	01-11-2021 13:31:39	Microsoft-Windows-Kernel-Power	566	(268)	"The system session has transitioned from 60 to 61.

Reason: 7"
Information	01-11-2021 13:23:48	Microsoft-Windows-Kernel-Power	105	(100)	Power source change.
Information	01-11-2021 13:19:41	Microsoft-Windows-Kernel-Power	105	(100)	Power source change.
Information	01-11-2021 13:19:06	Microsoft-Windows-Kernel-Power	105	(100)	Power source change.
Information	01-11-2021 13:01:44	Service Control Manager	7040	None	The start type of the Background Intelligent Transfer Service service was changed from auto start to demand start.
Information	01-11-2021 12:59:24	Service Control Manager	7040	None	The start type of the Background Intelligent Transfer Service service was changed from demand start to auto start.
Warning	01-11-2021 12:58:24	Microsoft-Windows-DistributedCOM	10016	None	"The application-specific permission settings do not grant Local Activation permission for the COM Server application with CLSID 
{2593F8B9-4EAF-457C-B68A-50F6B8EA6B54}
 and APPID 
{15C20B67-12E7-4BB6-92BB-7AFF07997402}
 to the user LAPTOP-7EVMU4TQ\mahendra SID (S-1-5-21-38077573-387163758-1783380300-1002) from address LocalHost (Using LRPC) running in the application container Unavailable SID (Unavailable). This security permission can be modified using the Component Services administrative tool."
Error	01-11-2021 12:57:51	Server	2505	None	The server could not bind to the transport \Device\NetBT_Tcpip_{9F961AE3-9423-4C8B-AB48-B1886999008B} because another computer on the network has the same name.  The server could not start.
Information	01-11-2021 12:56:53	Microsoft-Windows-Time-Service	158	None	The time provider 'VMICTimeProvider' has indicated that the current hardware and operating environment is not supported and has stopped. This behavior is expected for VMICTimeProvider on non-HyperV-guest environments. This may be the expected behavior for the current provider in the current operating environment as well.
Information	01-11-2021 12:56:19	Microsoft-Windows-Kernel-Power	566	(268)	"The system session has transitioned from 58 to 60.

Reason: 7"
Information	01-11-2021 12:55:47	Microsoft-Windows-Kernel-Power	566	(268)	"The system session has transitioned from 57 to 58.

Reason: 7"
Information	01-11-2021 12:45:32	Microsoft-Windows-Kernel-Power	566	(268)	"The system session has transitioned from 55 to 57.

Reason: 7"
Information	01-11-2021 12:40:46	Microsoft-Windows-Kernel-Power	566	(268)	"The system session has transitioned from 54 to 55.

Reason: 7"
Information	01-11-2021 12:39:48	Microsoft-Windows-Time-Service	158	None	The time provider 'VMICTimeProvider' has indicated that the current hardware and operating environment is not supported and has stopped. This behavior is expected for VMICTimeProvider on non-HyperV-guest environments. This may be the expected behavior for the current provider in the current operating environment as well.
Information	01-11-2021 12:29:56	Microsoft-Windows-Kernel-Power	566	(268)	"The system session has transitioned from 52 to 54.

Reason: 7"
Information	01-11-2021 12:28:55	Microsoft-Windows-Kernel-Power	566	(268)	"The system session has transitioned from 51 to 52.

Reason: 7"
Information	01-11-2021 12:22:44	Microsoft-Windows-Time-Service	158	None	The time provider 'VMICTimeProvider' has indicated that the current hardware and operating environment is not supported and has stopped. This behavior is expected for VMICTimeProvider on non-HyperV-guest environments. This may be the expected behavior for the current provider in the current operating environment as well.
Information	01-11-2021 12:18:55	Microsoft-Windows-Kernel-Power	566	(268)	"The system session has transitioned from 49 to 51.

Reason: 7"
Information	01-11-2021 12:10:18	Microsoft-Windows-Kernel-Power	566	(268)	"The system session has transitioned from 48 to 49.

Reason: 7"
Information	01-11-2021 12:08:21	Service Control Manager	7040	None	The start type of the Windows Modules Installer service was changed from auto start to demand start.
Information	01-11-2021 12:07:20	Service Control Manager	7040	None	The start type of the Windows Modules Installer service was changed from demand start to auto start.
Information	01-11-2021 12:06:59	Service Control Manager	7040	None	The start type of the Windows Modules Installer service was changed from auto start to demand start.
Information	01-11-2021 12:06:54	Service Control Manager	7040	None	The start type of the Windows Modules Installer service was changed from demand start to auto start.
Information	01-11-2021 12:06:53	Service Control Manager	7040	None	The start type of the Windows Modules Installer service was changed from auto start to demand start.
Information	01-11-2021 12:05:41	Microsoft-Windows-Time-Service	158	None	The time provider 'VMICTimeProvider' has indicated that the current hardware and operating environment is not supported and has stopped. This behavior is expected for VMICTimeProvider on non-HyperV-guest environments. This may be the expected behavior for the current provider in the current operating environment as well.
Information	01-11-2021 12:04:20	Service Control Manager	7040	None	The start type of the Windows Modules Installer service was changed from demand start to auto start.
Information	01-11-2021 12:00:00	EventLog	6013	None	The system uptime is 156667 seconds.
Information	01-11-2021 11:54:28	Service Control Manager	7040	None	The start type of the Windows Modules Installer service was changed from auto start to demand start.
Information	01-11-2021 11:54:19	Microsoft-Windows-Kernel-Power	566	(268)	"The system session has transitioned from 46 to 48.

Reason: 7"
Information	01-11-2021 11:53:53	Microsoft-Windows-Kernel-Power	566	(268)	"The system session has transitioned from 45 to 46.

Reason: 7"
Information	01-11-2021 11:49:40	Service Control Manager	7040	None	The start type of the Windows Modules Installer service was changed from demand start to auto start.
Information	01-11-2021 11:49:34	Service Control Manager	7040	None	The start type of the Windows Modules Installer service was changed from auto start to demand start.
Information	01-11-2021 11:48:22	Service Control Manager	7040	None	The start type of the Windows Modules Installer service was changed from demand start to auto start.
Information	01-11-2021 11:48:21	Microsoft-Windows-Time-Service	37	None	The time provider NtpClient is currently receiving valid time data from time.windows.com,0x9 (ntp.m|0x9|0.0.0.0:123->40.81.94.65:123).
Information	01-11-2021 11:48:20	Microsoft-Windows-Time-Service	158	None	The time provider 'VMICTimeProvider' has indicated that the current hardware and operating environment is not supported and has stopped. This behavior is expected for VMICTimeProvider on non-HyperV-guest environments. This may be the expected behavior for the current provider in the current operating environment as well.
Information	01-11-2021 11:48:20	Service Control Manager	7040	None	The start type of the Windows Modules Installer service was changed from auto start to demand start.
Information	01-11-2021 11:48:08	Service Control Manager	7040	None	The start type of the Windows Modules Installer service was changed from demand start to auto start.
Warning	01-11-2021 11:40:14	Microsoft-Windows-DistributedCOM	10016	None	"The application-specific permission settings do not grant Local Activation permission for the COM Server application with CLSID 
{2593F8B9-4EAF-457C-B68A-50F6B8EA6B54}
 and APPID 
{15C20B67-12E7-4BB6-92BB-7AFF07997402}
 to the user LAPTOP-7EVMU4TQ\mahendra SID (S-1-5-21-38077573-387163758-1783380300-1002) from address LocalHost (Using LRPC) running in the application container Unavailable SID (Unavailable). This security permission can be modified using the Component Services administrative tool."
Information	01-11-2021 11:30:05	Microsoft-Windows-WindowsUpdateClient	44	Windows Update Agent	Windows Update started downloading an update.
Information	01-11-2021 11:30:05	Microsoft-Windows-WindowsUpdateClient	44	Windows Update Agent	Windows Update started downloading an update.
Information	01-11-2021 11:26:20	Microsoft-Windows-UserModePowerService	12	(10)	Process C:\Windows\System32\svchost.exe (process ID:1676) reset policy scheme from {48684d4a-8524-4093-8a63-ea7132b79c1c} to {48684d4a-8524-4093-8a63-ea7132b79c1c}
Information	01-11-2021 11:26:19	Microsoft-Windows-Kernel-Power	105	(100)	Power source change.
Warning	01-11-2021 11:24:27	Microsoft-Windows-DistributedCOM	10016	None	"The application-specific permission settings do not grant Local Activation permission for the COM Server application with CLSID 
{2593F8B9-4EAF-457C-B68A-50F6B8EA6B54}
 and APPID 
{15C20B67-12E7-4BB6-92BB-7AFF07997402}
 to the user LAPTOP-7EVMU4TQ\mahendra SID (S-1-5-21-38077573-387163758-1783380300-1002) from address LocalHost (Using LRPC) running in the application container Unavailable SID (Unavailable). This security permission can be modified using the Component Services administrative tool."
Information	01-11-2021 11:24:25	Microsoft-Windows-UserModePowerService	12	(10)	Process C:\Windows\System32\svchost.exe (process ID:1676) reset policy scheme from {48684d4a-8524-4093-8a63-ea7132b79c1c} to {48684d4a-8524-4093-8a63-ea7132b79c1c}
Warning	01-11-2021 11:23:04	Microsoft-Windows-DistributedCOM	10016	None	"The application-specific permission settings do not grant Local Activation permission for the COM Server application with CLSID 
{2593F8B9-4EAF-457C-B68A-50F6B8EA6B54}
 and APPID 
{15C20B67-12E7-4BB6-92BB-7AFF07997402}
 to the user LAPTOP-7EVMU4TQ\mahendra SID (S-1-5-21-38077573-387163758-1783380300-1002) from address LocalHost (Using LRPC) running in the application container Unavailable SID (Unavailable). This security permission can be modified using the Component Services administrative tool."
Warning	01-11-2021 11:17:43	Microsoft-Windows-DistributedCOM	10016	None	"The machine-default permission settings do not grant Local Activation permission for the COM Server application with CLSID 
{C2F03A33-21F5-47FA-B4BB-156362A2F239}
 and APPID 
{316CDED5-E4AE-4B15-9113-7055D84DCC97}
 to the user NT AUTHORITY\LOCAL SERVICE SID (S-1-5-19) from address LocalHost (Using LRPC) running in the application container Unavailable SID (Unavailable). This security permission can be modified using the Component Services administrative tool."
Warning	01-11-2021 11:17:43	Microsoft-Windows-DistributedCOM	10016	None	"The application-specific permission settings do not grant Local Activation permission for the COM Server application with CLSID 
{6B3B8D23-FA8D-40B9-8DBD-B950333E2C52}
 and APPID 
{4839DDB7-58C2-48F5-8283-E1D1807D0D7D}
 to the user NT AUTHORITY\LOCAL SERVICE SID (S-1-5-19) from address LocalHost (Using LRPC) running in the application container Unavailable SID (Unavailable). This security permission can be modified using the Component Services administrative tool."
Warning	01-11-2021 11:17:43	Microsoft-Windows-DistributedCOM	10016	None	"The machine-default permission settings do not grant Local Activation permission for the COM Server application with CLSID 
{C2F03A33-21F5-47FA-B4BB-156362A2F239}
 and APPID 
{316CDED5-E4AE-4B15-9113-7055D84DCC97}
 to the user NT AUTHORITY\LOCAL SERVICE SID (S-1-5-19) from address LocalHost (Using LRPC) running in the application container Unavailable SID (Unavailable). This security permission can be modified using the Component Services administrative tool."
Warning	01-11-2021 11:17:43	Microsoft-Windows-DistributedCOM	10016	None	"The application-specific permission settings do not grant Local Activation permission for the COM Server application with CLSID 
{6B3B8D23-FA8D-40B9-8DBD-B950333E2C52}
 and APPID 
{4839DDB7-58C2-48F5-8283-E1D1807D0D7D}
 to the user NT AUTHORITY\LOCAL SERVICE SID (S-1-5-19) from address LocalHost (Using LRPC) running in the application container Unavailable SID (Unavailable). This security permission can be modified using the Component Services administrative tool."
Warning	01-11-2021 11:17:43	BTHUSB	34	None	The local adapter does not support an important Low Energy controller state to support peripheral mode.  The minimum required supported state mask is 0x2491f7fffff, got 0xffffffff.  Low Energy peripheral role functionality will not be available.
Information	01-11-2021 11:17:43	BTHUSB	18	None	Windows cannot store Bluetooth authentication codes (link keys) on the local adapter. Bluetooth keyboards might not work in the system BIOS during startup.
Error	01-11-2021 10:07:47	Server	2505	None	The server could not bind to the transport \Device\NetBT_Tcpip_{9F961AE3-9423-4C8B-AB48-B1886999008B} because another computer on the network has the same name.  The server could not start.
Information	01-11-2021 10:06:40	Microsoft-Windows-Power-Troubleshooter	1	None	"The system has returned from a low power state.

Sleep Time: ‎2021‎-‎11‎-‎01T04:15:26.665654400Z
Wake Time: ‎2021‎-‎11‎-‎01T04:36:38.461250300Z

Wake Source: Power Button"
Information	01-11-2021 10:06:38	Microsoft-Windows-Kernel-Power	566	(268)	"The system session has transitioned from 43 to 45.

Reason: 7"
Error	01-11-2021 10:06:37	Server	2505	None	The server could not bind to the transport \Device\NetBT_Tcpip_{59426481-F96A-490F-9157-08A6F626BD36} because another computer on the network has the same name.  The server could not start.
Information	01-11-2021 10:06:35	Microsoft-Windows-Kernel-Power	566	(268)	"The system session has transitioned from 42 to 43.

Reason: 7"
Information	01-11-2021 10:06:33	Microsoft-Windows-Kernel-Power	130	(33)	Firmware S3 times. SuspendStart: 40781943, SuspendEnd: 40781944
Information	01-11-2021 10:06:33	Microsoft-Windows-Kernel-Power	131	(33)	Firmware S3 times. ResumeCount: 2, FullResume: 1030, AverageResume: 1030
Information	01-11-2021 10:06:33	Microsoft-Windows-Kernel-General	1	(5)	"The system time has changed to ‎2021‎-‎11‎-‎01T04:36:33.500000000Z from ‎2021‎-‎11‎-‎01T04:15:38.506675900Z.

Change Reason: System time synchronized with the hardware clock.
Process: '' (PID 4).

RTC time: ‎2021‎-‎11‎-‎01T10:06:33.500000000Z
Current time zone bias: -330
RTC time is in UTC: false
System time was based on RTC time: false"
Information	01-11-2021 09:45:38	Microsoft-Windows-Kernel-Power	107	(102)	The system has resumed from sleep.
Information	01-11-2021 09:45:33	Microsoft-Windows-Kernel-Power	42	(64)	"The system is entering sleep.

Sleep Reason: System Idle"
Information	01-11-2021 09:45:27	Microsoft-Windows-Kernel-Power	566	(268)	"The system session has transitioned from 40 to 42.

Reason: 7"
Information	01-11-2021 09:45:01	Microsoft-Windows-Kernel-Power	566	(268)	"The system session has transitioned from 39 to 40.

Reason: 7"
Error	01-11-2021 09:23:43	Server	2505	None	The server could not bind to the transport \Device\NetBT_Tcpip_{9F961AE3-9423-4C8B-AB48-B1886999008B} because another computer on the network has the same name.  The server could not start.
Information	01-11-2021 09:23:40	Microsoft-Windows-Power-Troubleshooter	1	None	"The system has returned from a low power state.

Sleep Time: ‎2021‎-‎11‎-‎01T03:44:23.610823900Z
Wake Time: ‎2021‎-‎11‎-‎01T03:53:39.006971600Z

Wake Source: Power Button"
Error	01-11-2021 09:23:40	Server	2505	None	The server could not bind to the transport \Device\NetBT_Tcpip_{59426481-F96A-490F-9157-08A6F626BD36} because another computer on the network has the same name.  The server could not start.
Information	01-11-2021 09:23:39	Microsoft-Windows-Kernel-Power	566	(268)	"The system session has transitioned from 37 to 39.

Reason: 7"
Information	01-11-2021 09:23:37	Microsoft-Windows-Kernel-Power	566	(268)	"The system session has transitioned from 36 to 37.

Reason: 7"
Information	01-11-2021 09:23:36	Microsoft-Windows-Kernel-Power	130	(33)	Firmware S3 times. SuspendStart: 39459916, SuspendEnd: 39459917
Information	01-11-2021 09:23:36	Microsoft-Windows-Kernel-Power	131	(33)	Firmware S3 times. ResumeCount: 1, FullResume: 1031, AverageResume: 1031
Information	01-11-2021 09:23:36	Microsoft-Windows-Kernel-General	1	(5)	"The system time has changed to ‎2021‎-‎11‎-‎01T03:53:36.500000000Z from ‎2021‎-‎11‎-‎01T03:44:33.433407100Z.

Change Reason: System time synchronized with the hardware clock.
Process: '' (PID 4).

RTC time: ‎2021‎-‎11‎-‎01T09:23:36.500000000Z
Current time zone bias: -330
RTC time is in UTC: false
System time was based on RTC time: false"
Information	01-11-2021 09:14:33	Microsoft-Windows-Kernel-Power	107	(102)	The system has resumed from sleep.
Information	01-11-2021 09:14:28	Microsoft-Windows-Kernel-Power	42	(64)	"The system is entering sleep.

Sleep Reason: System Idle"
Information	01-11-2021 09:14:28	Microsoft-Windows-Kernel-General	16	None	The access history in hive \??\C:\Users\mahendra\AppData\Local\Packages\Microsoft.LockApp_cw5n1h2txyewy\Settings\settings.dat was cleared updating 3 keys and creating 1 modified pages.
Information	01-11-2021 09:14:25	Microsoft-Windows-Kernel-Power	566	(268)	"The system session has transitioned from 34 to 36.

Reason: 7"
Information	01-11-2021 09:13:58	Microsoft-Windows-Kernel-Power	566	(268)	"The system session has transitioned from 33 to 34.

Reason: 7"
Warning	01-11-2021 08:59:29	Microsoft-Windows-DistributedCOM	10016	None	"The application-specific permission settings do not grant Local Activation permission for the COM Server application with CLSID 
{2593F8B9-4EAF-457C-B68A-50F6B8EA6B54}
 and APPID 
{15C20B67-12E7-4BB6-92BB-7AFF07997402}
 to the user LAPTOP-7EVMU4TQ\mahendra SID (S-1-5-21-38077573-387163758-1783380300-1002) from address LocalHost (Using LRPC) running in the application container Unavailable SID (Unavailable). This security permission can be modified using the Component Services administrative tool."
Information	01-11-2021 08:53:20	Service Control Manager	7040	None	The start type of the Background Intelligent Transfer Service service was changed from auto start to demand start.
Information	01-11-2021 08:51:09	Service Control Manager	7040	None	The start type of the Background Intelligent Transfer Service service was changed from demand start to auto start.
Information	01-11-2021 08:50:43	Microsoft-Windows-Kernel-General	16	None	The access history in hive \??\C:\Users\mahendra\AppData\Local\Packages\Microsoft.WindowsFeedbackHub_8wekyb3d8bbwe\Settings\settings.dat was cleared updating 2 keys and creating 1 modified pages.
Information	01-11-2021 08:50:25	Service Control Manager	7040	None	The start type of the Background Intelligent Transfer Service service was changed from auto start to demand start.
Information	01-11-2021 08:48:08	Service Control Manager	7040	None	The start type of the Background Intelligent Transfer Service service was changed from demand start to auto start.
Warning	01-11-2021 08:47:03	Microsoft-Windows-DistributedCOM	10016	None	"The application-specific permission settings do not grant Local Activation permission for the COM Server application with CLSID 
{2593F8B9-4EAF-457C-B68A-50F6B8EA6B54}
 and APPID 
{15C20B67-12E7-4BB6-92BB-7AFF07997402}
 to the user LAPTOP-7EVMU4TQ\mahendra SID (S-1-5-21-38077573-387163758-1783380300-1002) from address LocalHost (Using LRPC) running in the application container Unavailable SID (Unavailable). This security permission can be modified using the Component Services administrative tool."
Error	01-11-2021 08:46:10	Server	2505	None	The server could not bind to the transport \Device\NetBT_Tcpip_{9F961AE3-9423-4C8B-AB48-B1886999008B} because another computer on the network has the same name.  The server could not start.
Information	01-11-2021 08:45:03	Microsoft-Windows-Winlogon	7001	(1101)	User Logon Notification for Customer Experience Improvement Program
Information	01-11-2021 08:44:30	Microsoft-Windows-Power-Troubleshooter	1	None	"The system has returned from a low power state.

Sleep Time: ‎2021‎-‎10‎-‎31T17:48:45.766295100Z
Wake Time: ‎2021‎-‎11‎-‎01T03:14:24.894107200Z

Wake Source: Unknown"
Error	01-11-2021 08:44:27	Server	2505	None	The server could not bind to the transport \Device\NetBT_Tcpip_{59426481-F96A-490F-9157-08A6F626BD36} because another computer on the network has the same name.  The server could not start.
Information	01-11-2021 08:44:26	Microsoft-Windows-Kernel-Power	566	(268)	"The system session has transitioned from 31 to 33.

Reason: 7"
Information	01-11-2021 08:44:24	Microsoft-Windows-Kernel-Power	566	(268)	"The system session has transitioned from 30 to 31.

Reason: 7"
Information	01-11-2021 08:44:24	Microsoft-Windows-Kernel-Boot	32	(58)	The bootmgr spent 0 ms waiting for user input.
Information	01-11-2021 08:44:24	Microsoft-Windows-Kernel-Boot	18	(57)	There are 0x1 boot options on this system.
Information	01-11-2021 08:44:24	Microsoft-Windows-Kernel-Boot	30	(21)	The firmware reported boot metrics.
Information	01-11-2021 08:44:20	Microsoft-Windows-Kernel-General	1	(5)	"The system time has changed to ‎2021‎-‎11‎-‎01T03:14:20.500000000Z from ‎2021‎-‎10‎-‎31T17:49:34.230169700Z.

Change Reason: System time synchronized with the hardware clock.
Process: '' (PID 4).

RTC time: ‎2021‎-‎11‎-‎01T08:44:20.500000000Z
Current time zone bias: -330
RTC time is in UTC: false
System time was based on RTC time: false"
Information	31-10-2021 23:19:34	Microsoft-Windows-Kernel-Power	107	(102)	The system has resumed from sleep.
Information	31-10-2021 23:19:05	Microsoft-Windows-Kernel-Power	42	(64)	"The system is entering sleep.

Sleep Reason: Application API"
Warning	31-10-2021 23:19:04	Microsoft-Windows-DNS-Client	1014	(1014)	Name resolution for the name umwatson.events.data.microsoft.com timed out after none of the configured DNS servers responded. Client PID 15676.
Information	31-10-2021 23:18:46	Microsoft-Windows-Kernel-Power	566	(268)	"The system session has transitioned from 29 to 30.

Reason: 7"
Information	31-10-2021 23:18:45	Microsoft-Windows-Kernel-Power	187	(243)	User-mode process attempted to change the system state by calling SetSuspendState or SetSystemPowerState APIs.
Information	31-10-2021 23:18:22	Microsoft-Windows-Winlogon	7002	(1102)	User Logoff Notification for Customer Experience Improvement Program
Information	31-10-2021 23:17:06	User32	1074	None	"The process Explorer.EXE has initiated the power off of computer LAPTOP-7EVMU4TQ on behalf of user LAPTOP-7EVMU4TQ\mahendra for the following reason: Other (Unplanned)
 Reason Code: 0x0
 Shutdown Type: power off
 Comment: "
Warning	31-10-2021 23:16:21	Microsoft-Windows-DistributedCOM	10016	None	"The application-specific permission settings do not grant Local Activation permission for the COM Server application with CLSID 
{2593F8B9-4EAF-457C-B68A-50F6B8EA6B54}
 and APPID 
{15C20B67-12E7-4BB6-92BB-7AFF07997402}
 to the user LAPTOP-7EVMU4TQ\mahendra SID (S-1-5-21-38077573-387163758-1783380300-1002) from address LocalHost (Using LRPC) running in the application container Unavailable SID (Unavailable). This security permission can be modified using the Component Services administrative tool."
Warning	31-10-2021 23:07:14	Microsoft-Windows-DistributedCOM	10016	None	"The application-specific permission settings do not grant Local Activation permission for the COM Server application with CLSID 
{2593F8B9-4EAF-457C-B68A-50F6B8EA6B54}
 and APPID 
{15C20B67-12E7-4BB6-92BB-7AFF07997402}
 to the user LAPTOP-7EVMU4TQ\mahendra SID (S-1-5-21-38077573-387163758-1783380300-1002) from address LocalHost (Using LRPC) running in the application container Unavailable SID (Unavailable). This security permission can be modified using the Component Services administrative tool."
Warning	31-10-2021 22:56:03	Microsoft-Windows-DistributedCOM	10016	None	"The application-specific permission settings do not grant Local Activation permission for the COM Server application with CLSID 
{2593F8B9-4EAF-457C-B68A-50F6B8EA6B54}
 and APPID 
{15C20B67-12E7-4BB6-92BB-7AFF07997402}
 to the user LAPTOP-7EVMU4TQ\mahendra SID (S-1-5-21-38077573-387163758-1783380300-1002) from address LocalHost (Using LRPC) running in the application container Unavailable SID (Unavailable). This security permission can be modified using the Component Services administrative tool."
Information	31-10-2021 22:53:31	Microsoft-Windows-Kernel-Power	105	(100)	Power source change.
Information	31-10-2021 22:23:05	Service Control Manager	7040	None	The start type of the Background Intelligent Transfer Service service was changed from auto start to demand start.
Information	31-10-2021 22:18:43	Service Control Manager	7040	None	The start type of the Background Intelligent Transfer Service service was changed from demand start to auto start.
Information	31-10-2021 21:47:05	Microsoft-Windows-Kernel-General	16	None	The access history in hive \??\C:\Users\mahendra\AppData\Local\Packages\Microsoft.BingWeather_8wekyb3d8bbwe\Settings\settings.dat was cleared updating 2 keys and creating 1 modified pages.
Information	31-10-2021 20:54:55	Microsoft-Windows-Kernel-General	16	None	The access history in hive \??\C:\Users\mahendra\AppData\Local\Packages\microsoft.windows.shellexperiencehost_cw5n1h2txyewy\AC\GEH\POF.dat was cleared updating 1 keys and creating 1 modified pages.
Error	31-10-2021 20:54:55	Server	2505	None	The server could not bind to the transport \Device\NetBT_Tcpip_{9F961AE3-9423-4C8B-AB48-B1886999008B} because another computer on the network has the same name.  The server could not start.
Warning	31-10-2021 20:51:58	Microsoft-Windows-DNS-Client	1014	(1014)	Name resolution for the name play.google.com timed out after none of the configured DNS servers responded. Client PID 14828.
Warning	31-10-2021 18:44:40	Microsoft-Windows-DistributedCOM	10016	None	"The application-specific permission settings do not grant Local Activation permission for the COM Server application with CLSID 
{2593F8B9-4EAF-457C-B68A-50F6B8EA6B54}
 and APPID 
{15C20B67-12E7-4BB6-92BB-7AFF07997402}
 to the user LAPTOP-7EVMU4TQ\mahendra SID (S-1-5-21-38077573-387163758-1783380300-1002) from address LocalHost (Using LRPC) running in the application container Unavailable SID (Unavailable). This security permission can be modified using the Component Services administrative tool."
Error	31-10-2021 17:26:26	Service Control Manager	7009	None	A timeout was reached (30000 milliseconds) while waiting for the Intel(R) SUR QC Software Asset Manager service to connect.
Information	31-10-2021 17:22:50	Service Control Manager	7040	None	The start type of the Background Intelligent Transfer Service service was changed from auto start to demand start.
Information	31-10-2021 17:19:22	Service Control Manager	7040	None	The start type of the Background Intelligent Transfer Service service was changed from demand start to auto start.
Warning	31-10-2021 17:17:44	Microsoft-Windows-DistributedCOM	10016	None	"The application-specific permission settings do not grant Local Activation permission for the COM Server application with CLSID 
{2593F8B9-4EAF-457C-B68A-50F6B8EA6B54}
 and APPID 
{15C20B67-12E7-4BB6-92BB-7AFF07997402}
 to the user LAPTOP-7EVMU4TQ\mahendra SID (S-1-5-21-38077573-387163758-1783380300-1002) from address LocalHost (Using LRPC) running in the application container Unavailable SID (Unavailable). This security permission can be modified using the Component Services administrative tool."
Information	31-10-2021 17:17:07	Microsoft-Windows-WindowsUpdateClient	19	Windows Update Agent	Installation Successful: Windows successfully installed the following update: Security Intelligence Update for Microsoft Defender Antivirus - KB2267602 (Version 1.353.137.0)
Information	31-10-2021 17:16:39	Microsoft-Windows-WindowsUpdateClient	43	Windows Update Agent	Installation Started: Windows has started installing the following update: Security Intelligence Update for Microsoft Defender Antivirus - KB2267602 (Version 1.353.137.0)
Information	31-10-2021 17:16:39	Microsoft-Windows-WindowsUpdateClient	44	Windows Update Agent	Windows Update started downloading an update.
Information	31-10-2021 17:16:04	Microsoft-Windows-Kernel-General	16	None	The access history in hive \??\C:\Users\mahendra\AppData\Local\Packages\ad2f1837.hpjumpstarts_v10z8vjag6ke6\AC\GEH\POF.dat was cleared updating 1 keys and creating 1 modified pages.
Information	31-10-2021 17:15:33	Service Control Manager	7040	None	The start type of the Background Intelligent Transfer Service service was changed from auto start to demand start.
Error	31-10-2021 17:15:07	Server	2505	None	The server could not bind to the transport \Device\NetBT_Tcpip_{9F961AE3-9423-4C8B-AB48-B1886999008B} because another computer on the network has the same name.  The server could not start.
Information	31-10-2021 17:14:05	Microsoft-Windows-Kernel-General	16	None	The access history in hive \??\C:\ProgramData\Packages\AppUp.IntelGraphicsExperience_8j3eq9eme6ctt\S-1-5-21-38077573-387163758-1783380300-1002\SystemAppData\Helium\Cache\474826dcceed1abe_COM15.dat was cleared updating 1 keys and creating 1 modified pages.
Information	31-10-2021 17:14:05	Microsoft-Windows-Kernel-General	16	None	The access history in hive \??\C:\Users\mahendra\AppData\Local\Packages\AppUp.IntelGraphicsExperience_8j3eq9eme6ctt\SystemAppData\Helium\UserClasses.dat was cleared updating 4 keys and creating 1 modified pages.
Information	31-10-2021 17:14:05	Microsoft-Windows-Kernel-General	16	None	The access history in hive \??\C:\Users\mahendra\AppData\Local\Packages\AppUp.IntelGraphicsExperience_8j3eq9eme6ctt\SystemAppData\Helium\User.dat was cleared updating 12 keys and creating 1 modified pages.
Information	31-10-2021 17:13:37	Microsoft-Windows-Kernel-General	16	None	The access history in hive \??\C:\Users\mahendra\AppData\Local\Packages\Microsoft.YourPhone_8wekyb3d8bbwe\Settings\settings.dat was cleared updating 27 keys and creating 11 modified pages.
Information	31-10-2021 17:13:27	Service Control Manager	7040	None	The start type of the Background Intelligent Transfer Service service was changed from demand start to auto start.
Information	31-10-2021 17:13:23	Microsoft-Windows-Kernel-General	16	None	The access history in hive \??\C:\Users\mahendra\AppData\Local\Packages\Microsoft.Windows.StartMenuExperienceHost_cw5n1h2txyewy\Settings\settings.dat was cleared updating 7 keys and creating 1 modified pages.
Information	31-10-2021 17:13:17	Microsoft-Windows-Kernel-General	16	None	The access history in hive \??\C:\Users\mahendra\AppData\Local\Packages\MicrosoftWindows.Client.CBS_cw5n1h2txyewy\Settings\settings.dat was cleared updating 13 keys and creating 4 modified pages.
Information	31-10-2021 17:12:57	Microsoft-Windows-Winlogon	7001	(1101)	User Logon Notification for Customer Experience Improvement Program
Information	31-10-2021 17:11:29	Microsoft-Windows-Kernel-Power	105	(100)	Power source change.
Information	31-10-2021 17:11:22	Microsoft-Windows-Power-Troubleshooter	1	None	"The system has returned from a low power state.

Sleep Time: ‎2021‎-‎10‎-‎30T16:57:15.760178300Z
Wake Time: ‎2021‎-‎10‎-‎31T11:41:18.490045400Z

Wake Source: Unknown"
Information	31-10-2021 17:11:18	Microsoft-Windows-Kernel-Power	566	(268)	"The system session has transitioned from 27 to 29.

Reason: 7"
Error	31-10-2021 17:11:20	Server	2505	None	The server could not bind to the transport \Device\NetBT_Tcpip_{59426481-F96A-490F-9157-08A6F626BD36} because another computer on the network has the same name.  The server could not start.
Information	31-10-2021 17:11:18	Microsoft-Windows-Kernel-Power	566	(268)	"The system session has transitioned from 26 to 27.

Reason: 7"
Information	31-10-2021 17:11:18	Microsoft-Windows-Kernel-Boot	32	(58)	The bootmgr spent 0 ms waiting for user input.
Information	31-10-2021 17:11:18	Microsoft-Windows-Kernel-Boot	18	(57)	There are 0x1 boot options on this system.
Information	31-10-2021 17:11:18	Microsoft-Windows-Kernel-Boot	30	(21)	The firmware reported boot metrics.
Information	31-10-2021 17:11:16	EventLog	6013	None	The system uptime is 88942 seconds.
