Warning	12-10-2021 19:01:47	Microsoft-Windows-DistributedCOM	10016	None	"The application-specific permission settings do not grant Local Activation permission for the COM Server application with CLSID 
{2593F8B9-4EAF-457C-B68A-50F6B8EA6B54}
 and APPID 
{15C20B67-12E7-4BB6-92BB-7AFF07997402}
 to the user LAPTOP-7EVMU4TQ\mahendra SID (S-1-5-21-38077573-387163758-1783380300-1002) from address LocalHost (Using LRPC) running in the application container Unavailable SID (Unavailable). This security permission can be modified using the Component Services administrative tool."
Information	12-10-2021 18:58:59	Microsoft-Windows-Kernel-Power	566	(268)	"The system session has transitioned from 35 to 36.

Reason: 3"
Information	12-10-2021 18:57:58	Microsoft-Windows-Kernel-Power	566	(268)	"The system session has transitioned from 33 to 35.

Reason: 3"
Warning	12-10-2021 18:57:37	Microsoft-Windows-DistributedCOM	10016	None	"The application-specific permission settings do not grant Local Activation permission for the COM Server application with CLSID 
{2593F8B9-4EAF-457C-B68A-50F6B8EA6B54}
 and APPID 
{15C20B67-12E7-4BB6-92BB-7AFF07997402}
 to the user LAPTOP-7EVMU4TQ\mahendra SID (S-1-5-21-38077573-387163758-1783380300-1002) from address LocalHost (Using LRPC) running in the application container Unavailable SID (Unavailable). This security permission can be modified using the Component Services administrative tool."
Error	12-10-2021 18:57:20	Service Control Manager	7034	None	The Energy Server Service queencreek service terminated unexpectedly.  It has done this 1 time(s).
Warning	12-10-2021 18:56:47	Microsoft-Windows-DistributedCOM	10016	None	"The application-specific permission settings do not grant Local Activation permission for the COM Server application with CLSID 
{2593F8B9-4EAF-457C-B68A-50F6B8EA6B54}
 and APPID 
{15C20B67-12E7-4BB6-92BB-7AFF07997402}
 to the user LAPTOP-7EVMU4TQ\mahendra SID (S-1-5-21-38077573-387163758-1783380300-1002) from address LocalHost (Using LRPC) running in the application container Unavailable SID (Unavailable). This security permission can be modified using the Component Services administrative tool."
Warning	12-10-2021 18:53:24	Microsoft-Windows-DistributedCOM	10016	None	"The application-specific permission settings do not grant Local Activation permission for the COM Server application with CLSID 
{2593F8B9-4EAF-457C-B68A-50F6B8EA6B54}
 and APPID 
{15C20B67-12E7-4BB6-92BB-7AFF07997402}
 to the user LAPTOP-7EVMU4TQ\mahendra SID (S-1-5-21-38077573-387163758-1783380300-1002) from address LocalHost (Using LRPC) running in the application container Unavailable SID (Unavailable). This security permission can be modified using the Component Services administrative tool."
Information	12-10-2021 18:52:07	Microsoft-Windows-Kernel-Power	566	(268)	"The system session has transitioned from 32 to 33.

Reason: 3"
Information	12-10-2021 18:51:28	Microsoft-Windows-Kernel-Power	566	(268)	"The system session has transitioned from 30 to 32.

Reason: 3"
Error	12-10-2021 18:50:56	Microsoft-Windows-DistributedCOM	10010	None	The server AD2F1837.HPJumpStarts_1.10.1627.0_x64__v10z8vjag6ke6!App.AppX3pzk2q80y61cezsng2j01297tg5cq5sy.mca did not register with DCOM within the required timeout.
Information	12-10-2021 18:50:16	Microsoft-Windows-Kernel-Power	566	(268)	"The system session has transitioned from 29 to 30.

Reason: 3"
Information	12-10-2021 18:49:45	Microsoft-Windows-Power-Troubleshooter	1	None	"The system has returned from a low power state.

Sleep Time: ‎2021‎-‎10‎-‎12T12:08:05.592950000Z
Wake Time: ‎2021‎-‎10‎-‎12T13:19:15.771872300Z

Wake Source: Power Button"
Information	12-10-2021 18:49:28	Microsoft-Windows-Kernel-Power	566	(268)	"The system session has transitioned from 27 to 29.

Reason: 3"
Error	12-10-2021 18:49:28	Server	2505	None	The server could not bind to the transport \Device\NetBT_Tcpip_{9F961AE3-9423-4C8B-AB48-B1886999008B} because another computer on the network has the same name.  The server could not start.
Error	12-10-2021 18:49:24	Server	2505	None	The server could not bind to the transport \Device\NetBT_Tcpip_{59426481-F96A-490F-9157-08A6F626BD36} because another computer on the network has the same name.  The server could not start.
Information	12-10-2021 18:49:09	Microsoft-Windows-Kernel-Power	566	(268)	"The system session has transitioned from 26 to 27.

Reason: 3"
Information	12-10-2021 18:49:09	Microsoft-Windows-Kernel-Power	105	(100)	Power source change.
Information	12-10-2021 18:49:06	Microsoft-Windows-Kernel-Power	130	(33)	Firmware S3 times. SuspendStart: 15838423, SuspendEnd: 15838424
Information	12-10-2021 18:49:06	Microsoft-Windows-Kernel-Power	131	(33)	Firmware S3 times. ResumeCount: 5, FullResume: 1018, AverageResume: 1022
Information	12-10-2021 18:49:06	Microsoft-Windows-Kernel-General	1	(5)	"The system time has changed to ‎2021‎-‎10‎-‎12T13:19:06.500000000Z from ‎2021‎-‎10‎-‎12T12:11:00.736585000Z.

Change Reason: System time synchronized with the hardware clock.
Process: '' (PID 4).

RTC time: ‎2021‎-‎10‎-‎12T18:49:06.500000000Z
Current time zone bias: -330
RTC time is in UTC: false
System time was based on RTC time: false"
Information	12-10-2021 17:41:00	Microsoft-Windows-Kernel-Power	107	(102)	The system has resumed from sleep.
Information	12-10-2021 17:40:51	Microsoft-Windows-Kernel-Power	42	(64)	"The system is entering sleep.

Sleep Reason: System Idle"
Information	12-10-2021 17:39:45	Microsoft-Windows-Kernel-Power	566	(268)	"The system session has transitioned from 25 to 26.

Reason: 3"
Information	12-10-2021 17:39:43	Microsoft-Windows-Kernel-Power	566	(268)	"The system session has transitioned from 23 to 25.

Reason: 3"
Error	12-10-2021 17:39:14	Microsoft-Windows-DistributedCOM	10010	None	The server {338B40F9-9D68-4B53-A793-6B9AA0C5F63B} did not register with DCOM within the required timeout.
Error	12-10-2021 17:39:11	Service Control Manager	7034	None	The Windows Camera Frame Server service terminated unexpectedly.  It has done this 1 time(s).
Error	12-10-2021 17:39:11	Service Control Manager	7000	None	"The Microsoft Account Sign-in Assistant service failed to start due to the following error: 
The service did not respond to the start or control request in a timely fashion."
Error	12-10-2021 17:39:11	Service Control Manager	7009	None	A timeout was reached (30000 milliseconds) while waiting for the Microsoft Account Sign-in Assistant service to connect.
Error	12-10-2021 17:38:53	Service Control Manager	7009	None	A timeout was reached (30000 milliseconds) while waiting for the Windows Error Reporting Service service to connect.
Error	12-10-2021 17:37:39	Service Control Manager	7011	None	A timeout (30000 milliseconds) was reached while waiting for a transaction response from the HPNetworkCap service.
Error	12-10-2021 17:37:09	Service Control Manager	7011	None	A timeout (30000 milliseconds) was reached while waiting for a transaction response from the HPDiagsCap service.
Error	12-10-2021 17:36:38	Service Control Manager	7011	None	A timeout (30000 milliseconds) was reached while waiting for a transaction response from the HPSysInfoCap service.
Information	12-10-2021 17:36:38	Microsoft-Windows-Kernel-Power	566	(268)	"The system session has transitioned from 22 to 23.

Reason: 3"
Error	12-10-2021 17:36:29	Microsoft-Windows-DistributedCOM	10010	None	The server AD2F1837.HPJumpStarts_1.10.1627.0_x64__v10z8vjag6ke6!App.AppXnbxaabgs961jtdpdxww4eeb6jv6at3qh.mca did not register with DCOM within the required timeout.
Error	12-10-2021 17:36:29	Microsoft-Windows-DistributedCOM	10010	None	The server Microsoft.LockApp_10.0.22000.1_neutral__cw5n1h2txyewy!WindowsDefaultLockScreen did not register with DCOM within the required timeout.
Information	12-10-2021 17:36:16	Application Popup	26	None	Application popup: svchost.exe - System Error : Unknown Hard Error
Information	12-10-2021 17:35:49	Application Popup	26	None	Application popup: Windows - Virtual Memory Minimum Too Low : Your system is low on virtual memory. Windows is increasing the size of your virtual memory paging file. During this process, memory requests for some applications may be denied. For more information, see Help. 
Error	12-10-2021 17:33:57	Service Control Manager	7011	None	A timeout (30000 milliseconds) was reached while waiting for a transaction response from the HPAppHelperCap service.
Information	12-10-2021 17:33:11	Microsoft-Windows-Power-Troubleshooter	1	None	"The system has returned from a low power state.

Sleep Time: ‎2021‎-‎10‎-‎12T12:01:12.471396800Z
Wake Time: ‎2021‎-‎10‎-‎12T12:03:01.004181900Z

Wake Source: Power Button"
Information	12-10-2021 17:33:03	Microsoft-Windows-Kernel-Power	566	(268)	"The system session has transitioned from 20 to 22.

Reason: 3"
Information	12-10-2021 17:32:58	Microsoft-Windows-Kernel-Power	566	(268)	"The system session has transitioned from 19 to 20.

Reason: 3"
Information	12-10-2021 17:32:55	Microsoft-Windows-Kernel-Power	130	(33)	Firmware S3 times. SuspendStart: 15353576, SuspendEnd: 15353577
Information	12-10-2021 17:32:55	Microsoft-Windows-Kernel-Power	131	(33)	Firmware S3 times. ResumeCount: 4, FullResume: 1019, AverageResume: 1022
Information	12-10-2021 17:32:55	Microsoft-Windows-Kernel-General	1	(5)	"The system time has changed to ‎2021‎-‎10‎-‎12T12:02:55.500000000Z from ‎2021‎-‎10‎-‎12T12:02:05.792902900Z.

Change Reason: System time synchronized with the hardware clock.
Process: '' (PID 4).

RTC time: ‎2021‎-‎10‎-‎12T17:32:55.500000000Z
Current time zone bias: -330
RTC time is in UTC: false
System time was based on RTC time: false"
Error	12-10-2021 17:33:07	Server	2505	None	The server could not bind to the transport \Device\NetBT_Tcpip_{9F961AE3-9423-4C8B-AB48-B1886999008B} because another computer on the network has the same name.  The server could not start.
Error	12-10-2021 17:33:01	Server	2505	None	The server could not bind to the transport \Device\NetBT_Tcpip_{59426481-F96A-490F-9157-08A6F626BD36} because another computer on the network has the same name.  The server could not start.
Information	12-10-2021 17:32:05	Microsoft-Windows-Kernel-Power	107	(102)	The system has resumed from sleep.
Information	12-10-2021 17:32:00	Microsoft-Windows-Kernel-Power	42	(64)	"The system is entering sleep.

Sleep Reason: System Idle"
Information	12-10-2021 17:31:38	Microsoft-Windows-Kernel-Power	566	(268)	"The system session has transitioned from 17 to 19.

Reason: 3"
Information	12-10-2021 17:30:56	Microsoft-Windows-Kernel-Power	566	(268)	"The system session has transitioned from 16 to 17.

Reason: 3"
Information	12-10-2021 17:05:00	Microsoft-Windows-Time-Service	158	None	The time provider 'VMICTimeProvider' has indicated that the current hardware and operating environment is not supported and has stopped. This behavior is expected for VMICTimeProvider on non-HyperV-guest environments. This may be the expected behavior for the current provider in the current operating environment as well.
Warning	12-10-2021 16:50:42	Microsoft-Windows-DNS-Client	1014	(1014)	Name resolution for the name ipv4only.arpa. timed out after none of the configured DNS servers responded. Client PID 9556.
Warning	12-10-2021 16:50:41	Microsoft-Windows-DNS-Client	1014	(1014)	Name resolution for the name ssl.gstatic.com timed out after none of the configured DNS servers responded. Client PID 15012.
Warning	12-10-2021 16:50:39	Microsoft-Windows-DNS-Client	1014	(1014)	Name resolution for the name d27xxe7juh1us6.cloudfront.net timed out after none of the configured DNS servers responded. Client PID 9336.
Error	12-10-2021 16:50:42	Server	2505	None	The server could not bind to the transport \Device\NetBT_Tcpip_{9F961AE3-9423-4C8B-AB48-B1886999008B} because another computer on the network has the same name.  The server could not start.
Information	12-10-2021 16:47:56	Microsoft-Windows-Time-Service	158	None	The time provider 'VMICTimeProvider' has indicated that the current hardware and operating environment is not supported and has stopped. This behavior is expected for VMICTimeProvider on non-HyperV-guest environments. This may be the expected behavior for the current provider in the current operating environment as well.
Information	12-10-2021 16:42:53	Microsoft-Windows-Kernel-Power	105	(100)	Power source change.
Warning	12-10-2021 16:42:51	Microsoft-Windows-DistributedCOM	10016	None	"The application-specific permission settings do not grant Local Activation permission for the COM Server application with CLSID 
{2593F8B9-4EAF-457C-B68A-50F6B8EA6B54}
 and APPID 
{15C20B67-12E7-4BB6-92BB-7AFF07997402}
 to the user LAPTOP-7EVMU4TQ\mahendra SID (S-1-5-21-38077573-387163758-1783380300-1002) from address LocalHost (Using LRPC) running in the application container Unavailable SID (Unavailable). This security permission can be modified using the Component Services administrative tool."
Information	12-10-2021 16:30:52	Microsoft-Windows-Time-Service	158	None	The time provider 'VMICTimeProvider' has indicated that the current hardware and operating environment is not supported and has stopped. This behavior is expected for VMICTimeProvider on non-HyperV-guest environments. This may be the expected behavior for the current provider in the current operating environment as well.
Information	12-10-2021 16:13:48	Microsoft-Windows-Time-Service	158	None	The time provider 'VMICTimeProvider' has indicated that the current hardware and operating environment is not supported and has stopped. This behavior is expected for VMICTimeProvider on non-HyperV-guest environments. This may be the expected behavior for the current provider in the current operating environment as well.
Warning	12-10-2021 16:06:22	Microsoft-Windows-DistributedCOM	10016	None	"The application-specific permission settings do not grant Local Activation permission for the COM Server application with CLSID 
{2593F8B9-4EAF-457C-B68A-50F6B8EA6B54}
 and APPID 
{15C20B67-12E7-4BB6-92BB-7AFF07997402}
 to the user LAPTOP-7EVMU4TQ\mahendra SID (S-1-5-21-38077573-387163758-1783380300-1002) from address LocalHost (Using LRPC) running in the application container Unavailable SID (Unavailable). This security permission can be modified using the Component Services administrative tool."
Information	12-10-2021 15:56:28	Microsoft-Windows-Time-Service	37	None	The time provider NtpClient is currently receiving valid time data from time.windows.com,0x9 (ntp.m|0x9|0.0.0.0:123->40.81.94.65:123).
Information	12-10-2021 15:56:28	Microsoft-Windows-Time-Service	158	None	The time provider 'VMICTimeProvider' has indicated that the current hardware and operating environment is not supported and has stopped. This behavior is expected for VMICTimeProvider on non-HyperV-guest environments. This may be the expected behavior for the current provider in the current operating environment as well.
Warning	12-10-2021 15:48:28	Microsoft-Windows-DistributedCOM	10016	None	"The application-specific permission settings do not grant Local Activation permission for the COM Server application with CLSID 
{2593F8B9-4EAF-457C-B68A-50F6B8EA6B54}
 and APPID 
{15C20B67-12E7-4BB6-92BB-7AFF07997402}
 to the user LAPTOP-7EVMU4TQ\mahendra SID (S-1-5-21-38077573-387163758-1783380300-1002) from address LocalHost (Using LRPC) running in the application container Unavailable SID (Unavailable). This security permission can be modified using the Component Services administrative tool."
Warning	12-10-2021 15:47:22	Microsoft-Windows-DistributedCOM	10016	None	"The application-specific permission settings do not grant Local Activation permission for the COM Server application with CLSID 
{2593F8B9-4EAF-457C-B68A-50F6B8EA6B54}
 and APPID 
{15C20B67-12E7-4BB6-92BB-7AFF07997402}
 to the user LAPTOP-7EVMU4TQ\mahendra SID (S-1-5-21-38077573-387163758-1783380300-1002) from address LocalHost (Using LRPC) running in the application container Unavailable SID (Unavailable). This security permission can be modified using the Component Services administrative tool."
Warning	12-10-2021 15:45:44	Microsoft-Windows-DistributedCOM	10016	None	"The application-specific permission settings do not grant Local Activation permission for the COM Server application with CLSID 
{2593F8B9-4EAF-457C-B68A-50F6B8EA6B54}
 and APPID 
{15C20B67-12E7-4BB6-92BB-7AFF07997402}
 to the user LAPTOP-7EVMU4TQ\mahendra SID (S-1-5-21-38077573-387163758-1783380300-1002) from address LocalHost (Using LRPC) running in the application container Unavailable SID (Unavailable). This security permission can be modified using the Component Services administrative tool."
Warning	12-10-2021 15:45:23	Microsoft-Windows-DistributedCOM	10016	None	"The application-specific permission settings do not grant Local Activation permission for the COM Server application with CLSID 
{2593F8B9-4EAF-457C-B68A-50F6B8EA6B54}
 and APPID 
{15C20B67-12E7-4BB6-92BB-7AFF07997402}
 to the user LAPTOP-7EVMU4TQ\mahendra SID (S-1-5-21-38077573-387163758-1783380300-1002) from address LocalHost (Using LRPC) running in the application container Unavailable SID (Unavailable). This security permission can be modified using the Component Services administrative tool."
Information	12-10-2021 15:31:53	Service Control Manager	7040	None	The start type of the Background Intelligent Transfer Service service was changed from auto start to demand start.
Information	12-10-2021 15:29:27	Service Control Manager	7040	None	The start type of the Background Intelligent Transfer Service service was changed from demand start to auto start.
Warning	12-10-2021 15:27:24	Microsoft-Windows-DistributedCOM	10016	None	"The application-specific permission settings do not grant Local Activation permission for the COM Server application with CLSID 
{2593F8B9-4EAF-457C-B68A-50F6B8EA6B54}
 and APPID 
{15C20B67-12E7-4BB6-92BB-7AFF07997402}
 to the user LAPTOP-7EVMU4TQ\mahendra SID (S-1-5-21-38077573-387163758-1783380300-1002) from address LocalHost (Using LRPC) running in the application container Unavailable SID (Unavailable). This security permission can be modified using the Component Services administrative tool."
Warning	12-10-2021 15:27:02	Microsoft-Windows-DistributedCOM	10016	None	"The application-specific permission settings do not grant Local Activation permission for the COM Server application with CLSID 
{9E175B6D-F52A-11D8-B9A5-505054503030}
 and APPID 
{9E175B9C-F52A-11D8-B9A5-505054503030}
 to the user LAPTOP-7EVMU4TQ\mahendra SID (S-1-5-21-38077573-387163758-1783380300-1002) from address LocalHost (Using LRPC) running in the application container Unavailable SID (S-1-15-2-2358557642-3026711828-960672357-2555887731-2783254317-1836488898-400765158). This security permission can be modified using the Component Services administrative tool."
Warning	12-10-2021 15:26:57	Microsoft-Windows-DistributedCOM	10016	None	"The application-specific permission settings do not grant Local Activation permission for the COM Server application with CLSID 
{2593F8B9-4EAF-457C-B68A-50F6B8EA6B54}
 and APPID 
{15C20B67-12E7-4BB6-92BB-7AFF07997402}
 to the user LAPTOP-7EVMU4TQ\mahendra SID (S-1-5-21-38077573-387163758-1783380300-1002) from address LocalHost (Using LRPC) running in the application container Unavailable SID (Unavailable). This security permission can be modified using the Component Services administrative tool."
Error	12-10-2021 15:17:41	Microsoft-Windows-WindowsUpdateClient	20	Windows Update Agent	Installation Failure: Windows failed to install the following update with error 0x80073D02: 9WZDNCRFJ3P2-MICROSOFT.ZUNEVIDEO.
Information	12-10-2021 15:17:38	Microsoft-Windows-WindowsUpdateClient	43	Windows Update Agent	Installation Started: Windows has started installing the following update: 9WZDNCRFJ3P2-MICROSOFT.ZUNEVIDEO
Warning	12-10-2021 15:14:18	Microsoft-Windows-DistributedCOM	10016	None	"The application-specific permission settings do not grant Local Activation permission for the COM Server application with CLSID 
{9E175B6D-F52A-11D8-B9A5-505054503030}
 and APPID 
{9E175B9C-F52A-11D8-B9A5-505054503030}
 to the user LAPTOP-7EVMU4TQ\mahendra SID (S-1-5-21-38077573-387163758-1783380300-1002) from address LocalHost (Using LRPC) running in the application container Unavailable SID (S-1-15-2-2358557642-3026711828-960672357-2555887731-2783254317-1836488898-400765158). This security permission can be modified using the Component Services administrative tool."
Warning	12-10-2021 15:14:18	Microsoft-Windows-DistributedCOM	10016	None	"The application-specific permission settings do not grant Local Activation permission for the COM Server application with CLSID 
{9E175B6D-F52A-11D8-B9A5-505054503030}
 and APPID 
{9E175B9C-F52A-11D8-B9A5-505054503030}
 to the user LAPTOP-7EVMU4TQ\mahendra SID (S-1-5-21-38077573-387163758-1783380300-1002) from address LocalHost (Using LRPC) running in the application container Unavailable SID (S-1-15-2-2358557642-3026711828-960672357-2555887731-2783254317-1836488898-400765158). This security permission can be modified using the Component Services administrative tool."
Warning	12-10-2021 15:14:17	Microsoft-Windows-DistributedCOM	10016	None	"The application-specific permission settings do not grant Local Activation permission for the COM Server application with CLSID 
{9E175B6D-F52A-11D8-B9A5-505054503030}
 and APPID 
{9E175B9C-F52A-11D8-B9A5-505054503030}
 to the user LAPTOP-7EVMU4TQ\mahendra SID (S-1-5-21-38077573-387163758-1783380300-1002) from address LocalHost (Using LRPC) running in the application container Unavailable SID (S-1-15-2-2358557642-3026711828-960672357-2555887731-2783254317-1836488898-400765158). This security permission can be modified using the Component Services administrative tool."
Warning	12-10-2021 15:08:29	Microsoft-Windows-DistributedCOM	10016	None	"The application-specific permission settings do not grant Local Activation permission for the COM Server application with CLSID 
{9E175B6D-F52A-11D8-B9A5-505054503030}
 and APPID 
{9E175B9C-F52A-11D8-B9A5-505054503030}
 to the user LAPTOP-7EVMU4TQ\mahendra SID (S-1-5-21-38077573-387163758-1783380300-1002) from address LocalHost (Using LRPC) running in the application container Unavailable SID (S-1-15-2-2358557642-3026711828-960672357-2555887731-2783254317-1836488898-400765158). This security permission can be modified using the Component Services administrative tool."
Warning	12-10-2021 15:08:29	Microsoft-Windows-DistributedCOM	10016	None	"The application-specific permission settings do not grant Local Activation permission for the COM Server application with CLSID 
{9E175B6D-F52A-11D8-B9A5-505054503030}
 and APPID 
{9E175B9C-F52A-11D8-B9A5-505054503030}
 to the user LAPTOP-7EVMU4TQ\mahendra SID (S-1-5-21-38077573-387163758-1783380300-1002) from address LocalHost (Using LRPC) running in the application container Unavailable SID (S-1-15-2-2358557642-3026711828-960672357-2555887731-2783254317-1836488898-400765158). This security permission can be modified using the Component Services administrative tool."
Warning	12-10-2021 15:07:03	Microsoft-Windows-DistributedCOM	10016	None	"The application-specific permission settings do not grant Local Activation permission for the COM Server application with CLSID 
{9E175B6D-F52A-11D8-B9A5-505054503030}
 and APPID 
{9E175B9C-F52A-11D8-B9A5-505054503030}
 to the user LAPTOP-7EVMU4TQ\mahendra SID (S-1-5-21-38077573-387163758-1783380300-1002) from address LocalHost (Using LRPC) running in the application container Unavailable SID (S-1-15-2-2358557642-3026711828-960672357-2555887731-2783254317-1836488898-400765158). This security permission can be modified using the Component Services administrative tool."
Warning	12-10-2021 15:02:03	Microsoft-Windows-DistributedCOM	10016	None	"The application-specific permission settings do not grant Local Activation permission for the COM Server application with CLSID 
{9E175B6D-F52A-11D8-B9A5-505054503030}
 and APPID 
{9E175B9C-F52A-11D8-B9A5-505054503030}
 to the user LAPTOP-7EVMU4TQ\mahendra SID (S-1-5-21-38077573-387163758-1783380300-1002) from address LocalHost (Using LRPC) running in the application container Unavailable SID (S-1-15-2-2358557642-3026711828-960672357-2555887731-2783254317-1836488898-400765158). This security permission can be modified using the Component Services administrative tool."
Warning	12-10-2021 15:02:03	Microsoft-Windows-DistributedCOM	10016	None	"The application-specific permission settings do not grant Local Activation permission for the COM Server application with CLSID 
{9E175B6D-F52A-11D8-B9A5-505054503030}
 and APPID 
{9E175B9C-F52A-11D8-B9A5-505054503030}
 to the user LAPTOP-7EVMU4TQ\mahendra SID (S-1-5-21-38077573-387163758-1783380300-1002) from address LocalHost (Using LRPC) running in the application container Unavailable SID (S-1-15-2-2358557642-3026711828-960672357-2555887731-2783254317-1836488898-400765158). This security permission can be modified using the Component Services administrative tool."
Warning	12-10-2021 15:02:01	Microsoft-Windows-DistributedCOM	10016	None	"The application-specific permission settings do not grant Local Activation permission for the COM Server application with CLSID 
{9E175B6D-F52A-11D8-B9A5-505054503030}
 and APPID 
{9E175B9C-F52A-11D8-B9A5-505054503030}
 to the user LAPTOP-7EVMU4TQ\mahendra SID (S-1-5-21-38077573-387163758-1783380300-1002) from address LocalHost (Using LRPC) running in the application container Unavailable SID (S-1-15-2-2358557642-3026711828-960672357-2555887731-2783254317-1836488898-400765158). This security permission can be modified using the Component Services administrative tool."
Warning	12-10-2021 14:54:53	Microsoft-Windows-DistributedCOM	10016	None	"The application-specific permission settings do not grant Local Activation permission for the COM Server application with CLSID 
{9E175B6D-F52A-11D8-B9A5-505054503030}
 and APPID 
{9E175B9C-F52A-11D8-B9A5-505054503030}
 to the user LAPTOP-7EVMU4TQ\mahendra SID (S-1-5-21-38077573-387163758-1783380300-1002) from address LocalHost (Using LRPC) running in the application container Unavailable SID (S-1-15-2-2358557642-3026711828-960672357-2555887731-2783254317-1836488898-400765158). This security permission can be modified using the Component Services administrative tool."
Warning	12-10-2021 14:54:53	Microsoft-Windows-DistributedCOM	10016	None	"The application-specific permission settings do not grant Local Activation permission for the COM Server application with CLSID 
{9E175B6D-F52A-11D8-B9A5-505054503030}
 and APPID 
{9E175B9C-F52A-11D8-B9A5-505054503030}
 to the user LAPTOP-7EVMU4TQ\mahendra SID (S-1-5-21-38077573-387163758-1783380300-1002) from address LocalHost (Using LRPC) running in the application container Unavailable SID (S-1-15-2-2358557642-3026711828-960672357-2555887731-2783254317-1836488898-400765158). This security permission can be modified using the Component Services administrative tool."
Warning	12-10-2021 14:54:51	Microsoft-Windows-DistributedCOM	10016	None	"The application-specific permission settings do not grant Local Activation permission for the COM Server application with CLSID 
{9E175B6D-F52A-11D8-B9A5-505054503030}
 and APPID 
{9E175B9C-F52A-11D8-B9A5-505054503030}
 to the user LAPTOP-7EVMU4TQ\mahendra SID (S-1-5-21-38077573-387163758-1783380300-1002) from address LocalHost (Using LRPC) running in the application container Unavailable SID (S-1-15-2-2358557642-3026711828-960672357-2555887731-2783254317-1836488898-400765158). This security permission can be modified using the Component Services administrative tool."
Warning	12-10-2021 14:54:37	Microsoft-Windows-DistributedCOM	10016	None	"The application-specific permission settings do not grant Local Activation permission for the COM Server application with CLSID 
{9E175B6D-F52A-11D8-B9A5-505054503030}
 and APPID 
{9E175B9C-F52A-11D8-B9A5-505054503030}
 to the user LAPTOP-7EVMU4TQ\mahendra SID (S-1-5-21-38077573-387163758-1783380300-1002) from address LocalHost (Using LRPC) running in the application container Unavailable SID (S-1-15-2-2358557642-3026711828-960672357-2555887731-2783254317-1836488898-400765158). This security permission can be modified using the Component Services administrative tool."
Warning	12-10-2021 14:54:37	Microsoft-Windows-DistributedCOM	10016	None	"The application-specific permission settings do not grant Local Activation permission for the COM Server application with CLSID 
{9E175B6D-F52A-11D8-B9A5-505054503030}
 and APPID 
{9E175B9C-F52A-11D8-B9A5-505054503030}
 to the user LAPTOP-7EVMU4TQ\mahendra SID (S-1-5-21-38077573-387163758-1783380300-1002) from address LocalHost (Using LRPC) running in the application container Unavailable SID (S-1-15-2-2358557642-3026711828-960672357-2555887731-2783254317-1836488898-400765158). This security permission can be modified using the Component Services administrative tool."
Warning	12-10-2021 14:54:35	Microsoft-Windows-DistributedCOM	10016	None	"The application-specific permission settings do not grant Local Activation permission for the COM Server application with CLSID 
{9E175B6D-F52A-11D8-B9A5-505054503030}
 and APPID 
{9E175B9C-F52A-11D8-B9A5-505054503030}
 to the user LAPTOP-7EVMU4TQ\mahendra SID (S-1-5-21-38077573-387163758-1783380300-1002) from address LocalHost (Using LRPC) running in the application container Unavailable SID (S-1-15-2-2358557642-3026711828-960672357-2555887731-2783254317-1836488898-400765158). This security permission can be modified using the Component Services administrative tool."
Warning	12-10-2021 14:42:17	Microsoft-Windows-DistributedCOM	10016	None	"The application-specific permission settings do not grant Local Activation permission for the COM Server application with CLSID 
{9E175B6D-F52A-11D8-B9A5-505054503030}
 and APPID 
{9E175B9C-F52A-11D8-B9A5-505054503030}
 to the user LAPTOP-7EVMU4TQ\mahendra SID (S-1-5-21-38077573-387163758-1783380300-1002) from address LocalHost (Using LRPC) running in the application container Unavailable SID (S-1-15-2-2358557642-3026711828-960672357-2555887731-2783254317-1836488898-400765158). This security permission can be modified using the Component Services administrative tool."
Warning	12-10-2021 14:42:16	Microsoft-Windows-DistributedCOM	10016	None	"The application-specific permission settings do not grant Local Activation permission for the COM Server application with CLSID 
{9E175B6D-F52A-11D8-B9A5-505054503030}
 and APPID 
{9E175B9C-F52A-11D8-B9A5-505054503030}
 to the user LAPTOP-7EVMU4TQ\mahendra SID (S-1-5-21-38077573-387163758-1783380300-1002) from address LocalHost (Using LRPC) running in the application container Unavailable SID (S-1-15-2-2358557642-3026711828-960672357-2555887731-2783254317-1836488898-400765158). This security permission can be modified using the Component Services administrative tool."
Warning	12-10-2021 14:42:16	Microsoft-Windows-DistributedCOM	10016	None	"The application-specific permission settings do not grant Local Activation permission for the COM Server application with CLSID 
{9E175B6D-F52A-11D8-B9A5-505054503030}
 and APPID 
{9E175B9C-F52A-11D8-B9A5-505054503030}
 to the user LAPTOP-7EVMU4TQ\mahendra SID (S-1-5-21-38077573-387163758-1783380300-1002) from address LocalHost (Using LRPC) running in the application container Unavailable SID (S-1-15-2-2358557642-3026711828-960672357-2555887731-2783254317-1836488898-400765158). This security permission can be modified using the Component Services administrative tool."
Warning	12-10-2021 14:42:16	Microsoft-Windows-DistributedCOM	10016	None	"The application-specific permission settings do not grant Local Activation permission for the COM Server application with CLSID 
{9E175B6D-F52A-11D8-B9A5-505054503030}
 and APPID 
{9E175B9C-F52A-11D8-B9A5-505054503030}
 to the user LAPTOP-7EVMU4TQ\mahendra SID (S-1-5-21-38077573-387163758-1783380300-1002) from address LocalHost (Using LRPC) running in the application container Unavailable SID (S-1-15-2-2358557642-3026711828-960672357-2555887731-2783254317-1836488898-400765158). This security permission can be modified using the Component Services administrative tool."
Warning	12-10-2021 14:42:16	Microsoft-Windows-DistributedCOM	10016	None	"The application-specific permission settings do not grant Local Activation permission for the COM Server application with CLSID 
{9E175B6D-F52A-11D8-B9A5-505054503030}
 and APPID 
{9E175B9C-F52A-11D8-B9A5-505054503030}
 to the user LAPTOP-7EVMU4TQ\mahendra SID (S-1-5-21-38077573-387163758-1783380300-1002) from address LocalHost (Using LRPC) running in the application container Unavailable SID (S-1-15-2-2358557642-3026711828-960672357-2555887731-2783254317-1836488898-400765158). This security permission can be modified using the Component Services administrative tool."
Warning	12-10-2021 14:42:16	Microsoft-Windows-DistributedCOM	10016	None	"The application-specific permission settings do not grant Local Activation permission for the COM Server application with CLSID 
{9E175B6D-F52A-11D8-B9A5-505054503030}
 and APPID 
{9E175B9C-F52A-11D8-B9A5-505054503030}
 to the user LAPTOP-7EVMU4TQ\mahendra SID (S-1-5-21-38077573-387163758-1783380300-1002) from address LocalHost (Using LRPC) running in the application container Unavailable SID (S-1-15-2-2358557642-3026711828-960672357-2555887731-2783254317-1836488898-400765158). This security permission can be modified using the Component Services administrative tool."
Warning	12-10-2021 14:42:15	Microsoft-Windows-DistributedCOM	10016	None	"The application-specific permission settings do not grant Local Activation permission for the COM Server application with CLSID 
{9E175B6D-F52A-11D8-B9A5-505054503030}
 and APPID 
{9E175B9C-F52A-11D8-B9A5-505054503030}
 to the user LAPTOP-7EVMU4TQ\mahendra SID (S-1-5-21-38077573-387163758-1783380300-1002) from address LocalHost (Using LRPC) running in the application container Unavailable SID (S-1-15-2-2358557642-3026711828-960672357-2555887731-2783254317-1836488898-400765158). This security permission can be modified using the Component Services administrative tool."
Warning	12-10-2021 14:24:01	Microsoft-Windows-DistributedCOM	10016	None	"The application-specific permission settings do not grant Local Activation permission for the COM Server application with CLSID 
{9E175B6D-F52A-11D8-B9A5-505054503030}
 and APPID 
{9E175B9C-F52A-11D8-B9A5-505054503030}
 to the user LAPTOP-7EVMU4TQ\mahendra SID (S-1-5-21-38077573-387163758-1783380300-1002) from address LocalHost (Using LRPC) running in the application container Unavailable SID (S-1-15-2-2358557642-3026711828-960672357-2555887731-2783254317-1836488898-400765158). This security permission can be modified using the Component Services administrative tool."
Warning	12-10-2021 14:24:01	Microsoft-Windows-DistributedCOM	10016	None	"The application-specific permission settings do not grant Local Activation permission for the COM Server application with CLSID 
{9E175B6D-F52A-11D8-B9A5-505054503030}
 and APPID 
{9E175B9C-F52A-11D8-B9A5-505054503030}
 to the user LAPTOP-7EVMU4TQ\mahendra SID (S-1-5-21-38077573-387163758-1783380300-1002) from address LocalHost (Using LRPC) running in the application container Unavailable SID (S-1-15-2-2358557642-3026711828-960672357-2555887731-2783254317-1836488898-400765158). This security permission can be modified using the Component Services administrative tool."
Warning	12-10-2021 14:23:13	Microsoft-Windows-DistributedCOM	10016	None	"The application-specific permission settings do not grant Local Activation permission for the COM Server application with CLSID 
{2593F8B9-4EAF-457C-B68A-50F6B8EA6B54}
 and APPID 
{15C20B67-12E7-4BB6-92BB-7AFF07997402}
 to the user LAPTOP-7EVMU4TQ\mahendra SID (S-1-5-21-38077573-387163758-1783380300-1002) from address LocalHost (Using LRPC) running in the application container Unavailable SID (Unavailable). This security permission can be modified using the Component Services administrative tool."
Warning	12-10-2021 14:20:18	Microsoft-Windows-DistributedCOM	10016	None	"The application-specific permission settings do not grant Local Activation permission for the COM Server application with CLSID 
{8BC3F05E-D86B-11D0-A075-00C04FB68820}
 and APPID 
{8BC3F05E-D86B-11D0-A075-00C04FB68820}
 to the user LAPTOP-7EVMU4TQ\mahendra SID (S-1-5-21-38077573-387163758-1783380300-1002) from address LocalHost (Using LRPC) running in the application container Unavailable SID (S-1-15-2-2358557642-3026711828-960672357-2555887731-2783254317-1836488898-400765158). This security permission can be modified using the Component Services administrative tool."
Information	12-10-2021 14:13:59	Microsoft-Windows-WindowsUpdateClient	19	Windows Update Agent	Installation Successful: Windows successfully installed the following update: 9NBLGGH42THS-Microsoft.Microsoft3DViewer
Information	12-10-2021 14:13:57	Microsoft-Windows-WindowsUpdateClient	43	Windows Update Agent	Installation Started: Windows has started installing the following update: 9NBLGGH42THS-Microsoft.Microsoft3DViewer
Error	12-10-2021 14:11:49	Server	2505	None	The server could not bind to the transport \Device\NetBT_Tcpip_{9F961AE3-9423-4C8B-AB48-B1886999008B} because another computer on the network has the same name.  The server could not start.
Error	12-10-2021 14:10:05	Server	2505	None	The server could not bind to the transport \Device\NetBT_Tcpip_{9F961AE3-9423-4C8B-AB48-B1886999008B} because another computer on the network has the same name.  The server could not start.
Information	12-10-2021 14:09:57	Microsoft-Windows-Power-Troubleshooter	1	None	"The system has returned from a low power state.

Sleep Time: ‎2021‎-‎10‎-‎12T08:15:46.402080200Z
Wake Time: ‎2021‎-‎10‎-‎12T08:39:54.523376000Z

Wake Source: Power Button"
Information	12-10-2021 14:09:55	Microsoft-Windows-Kernel-Power	566	(268)	"The system session has transitioned from 14 to 16.

Reason: 3"
Error	12-10-2021 14:09:56	Server	2505	None	The server could not bind to the transport \Device\NetBT_Tcpip_{59426481-F96A-490F-9157-08A6F626BD36} because another computer on the network has the same name.  The server could not start.
Information	12-10-2021 14:09:53	Microsoft-Windows-UserModePowerService	12	(10)	Process C:\Windows\System32\svchost.exe (process ID:1668) reset policy scheme from {48684d4a-8524-4093-8a63-ea7132b79c1c} to {48684d4a-8524-4093-8a63-ea7132b79c1c}
Information	12-10-2021 14:09:53	Microsoft-Windows-Kernel-Power	566	(268)	"The system session has transitioned from 13 to 14.

Reason: 3"
Information	12-10-2021 14:09:51	Microsoft-Windows-Kernel-Power	130	(33)	Firmware S3 times. SuspendStart: 3229155, SuspendEnd: 3229156
Information	12-10-2021 14:09:51	Microsoft-Windows-Kernel-Power	131	(33)	Firmware S3 times. ResumeCount: 3, FullResume: 1022, AverageResume: 1023
Information	12-10-2021 14:09:51	Microsoft-Windows-Kernel-General	1	(5)	"The system time has changed to ‎2021‎-‎10‎-‎12T08:39:51.500000000Z from ‎2021‎-‎10‎-‎12T08:15:54.953307700Z.

Change Reason: System time synchronized with the hardware clock.
Process: '' (PID 4).

RTC time: ‎2021‎-‎10‎-‎12T14:09:51.500000000Z
Current time zone bias: -330
RTC time is in UTC: false
System time was based on RTC time: false"
Information	12-10-2021 13:45:54	Microsoft-Windows-Kernel-Power	107	(102)	The system has resumed from sleep.
Information	12-10-2021 13:45:49	Microsoft-Windows-Kernel-Power	42	(64)	"The system is entering sleep.

Sleep Reason: System Idle"
Information	12-10-2021 13:45:46	Microsoft-Windows-Kernel-Power	566	(268)	"The system session has transitioned from 11 to 13.

Reason: 3"
Warning	12-10-2021 13:43:38	Microsoft-Windows-DNS-Client	1014	(1014)	Name resolution for the name disc801.prod.do.dsp.mp.microsoft.com timed out after none of the configured DNS servers responded. Client PID 1820.
Error	12-10-2021 13:43:23	Server	2505	None	The server could not bind to the transport \Device\NetBT_Tcpip_{9F961AE3-9423-4C8B-AB48-B1886999008B} because another computer on the network has the same name.  The server could not start.
Warning	12-10-2021 13:43:18	Microsoft-Windows-DNS-Client	1014	(1014)	Name resolution for the name gameplay.intel.com timed out after none of the configured DNS servers responded. Client PID 1728.
Warning	12-10-2021 13:39:48	Microsoft-Windows-DNS-Client	1014	(1014)	Name resolution for the name cp801.prod.do.dsp.mp.microsoft.com timed out after none of the configured DNS servers responded. Client PID 1820.
Error	12-10-2021 13:39:37	Server	2505	None	The server could not bind to the transport \Device\NetBT_Tcpip_{9F961AE3-9423-4C8B-AB48-B1886999008B} because another computer on the network has the same name.  The server could not start.
Warning	12-10-2021 13:24:00	Microsoft-Windows-DNS-Client	1014	(1014)	Name resolution for the name cp801.prod.do.dsp.mp.microsoft.com timed out after none of the configured DNS servers responded. Client PID 1820.
Warning	12-10-2021 13:23:26	Microsoft-Windows-DNS-Client	1014	(1014)	Name resolution for the name tlu.dl.delivery.mp.microsoft.com timed out after none of the configured DNS servers responded. Client PID 1820.
Error	12-10-2021 13:22:16	Server	2505	None	The server could not bind to the transport \Device\NetBT_Tcpip_{9F961AE3-9423-4C8B-AB48-B1886999008B} because another computer on the network has the same name.  The server could not start.
Information	12-10-2021 13:17:25	Microsoft-Windows-WindowsUpdateClient	44	Windows Update Agent	Windows Update started downloading an update.
Information	12-10-2021 13:17:25	Microsoft-Windows-WindowsUpdateClient	44	Windows Update Agent	Windows Update started downloading an update.
Information	12-10-2021 13:17:25	Microsoft-Windows-WindowsUpdateClient	44	Windows Update Agent	Windows Update started downloading an update.
Information	12-10-2021 13:15:45	Microsoft-Windows-Kernel-Power	566	(268)	"The system session has transitioned from 10 to 11.

Reason: 3"
Error	12-10-2021 13:13:12	Server	2505	None	The server could not bind to the transport \Device\NetBT_Tcpip_{59426481-F96A-490F-9157-08A6F626BD36} because another computer on the network has the same name.  The server could not start.
Information	12-10-2021 13:13:11	Microsoft-Windows-Power-Troubleshooter	1	None	"The system has returned from a low power state.

Sleep Time: ‎2021‎-‎10‎-‎12T06:57:10.275880300Z
Wake Time: ‎2021‎-‎10‎-‎12T07:43:09.650537400Z

Wake Source: Device -Intel(R) USB 3.1 eXtensible Host Controller - 1.10 (Microsoft)"
Information	12-10-2021 13:13:09	Microsoft-Windows-Kernel-Power	566	(268)	"The system session has transitioned from 8 to 10.

Reason: 3"
Information	12-10-2021 13:13:09	Microsoft-Windows-Kernel-Power	566	(268)	"The system session has transitioned from 7 to 8.

Reason: 3"
Information	12-10-2021 13:13:03	Microsoft-Windows-Kernel-Power	105	(100)	Power source change.
Information	12-10-2021 13:13:02	Microsoft-Windows-Kernel-Power	130	(33)	Firmware S3 times. SuspendStart: 1258563, SuspendEnd: 1258572
Information	12-10-2021 13:13:02	Microsoft-Windows-Kernel-Power	131	(33)	Firmware S3 times. ResumeCount: 2, FullResume: 1029, AverageResume: 1024
Information	12-10-2021 13:13:02	Microsoft-Windows-Kernel-General	1	(5)	"The system time has changed to ‎2021‎-‎10‎-‎12T07:43:02.500000000Z from ‎2021‎-‎10‎-‎12T06:57:19.141343300Z.

Change Reason: System time synchronized with the hardware clock.
Process: '' (PID 4).

RTC time: ‎2021‎-‎10‎-‎12T13:13:02.500000000Z
Current time zone bias: -330
RTC time is in UTC: false
System time was based on RTC time: false"
Information	12-10-2021 12:27:19	Microsoft-Windows-Kernel-Power	107	(102)	The system has resumed from sleep.
Information	12-10-2021 12:27:13	Microsoft-Windows-Kernel-Power	42	(64)	"The system is entering sleep.

Sleep Reason: Button or Lid"
Information	12-10-2021 12:27:11	Microsoft-Windows-Kernel-Power	566	(268)	"The system session has transitioned from 6 to 7.

Reason: 3"
Error	12-10-2021 12:26:47	Server	2505	None	The server could not bind to the transport \Device\NetBT_Tcpip_{9F961AE3-9423-4C8B-AB48-B1886999008B} because another computer on the network has the same name.  The server could not start.
Information	12-10-2021 12:26:46	Microsoft-Windows-Power-Troubleshooter	1	None	"The system has returned from a low power state.

Sleep Time: ‎2021‎-‎10‎-‎12T06:53:06.060880700Z
Wake Time: ‎2021‎-‎10‎-‎12T06:56:42.787872900Z

Wake Source: Power Button"
Error	12-10-2021 12:26:45	Server	2505	None	The server could not bind to the transport \Device\NetBT_Tcpip_{59426481-F96A-490F-9157-08A6F626BD36} because another computer on the network has the same name.  The server could not start.
Information	12-10-2021 12:26:42	Microsoft-Windows-Kernel-Power	566	(268)	"The system session has transitioned from 4 to 6.

Reason: 3"
Information	12-10-2021 12:26:42	Microsoft-Windows-Kernel-Power	566	(268)	"The system session has transitioned from 3 to 4.

Reason: 3"
Information	12-10-2021 12:26:41	Microsoft-Windows-Kernel-Power	130	(33)	Firmware S3 times. SuspendStart: 1220686, SuspendEnd: 1220687
Information	12-10-2021 12:26:41	Microsoft-Windows-Kernel-Power	131	(33)	Firmware S3 times. ResumeCount: 1, FullResume: 1020, AverageResume: 1020
Information	12-10-2021 12:26:41	Microsoft-Windows-Kernel-General	1	(5)	"The system time has changed to ‎2021‎-‎10‎-‎12T06:56:41.500000000Z from ‎2021‎-‎10‎-‎12T06:53:21.815270300Z.

Change Reason: System time synchronized with the hardware clock.
Process: '' (PID 4).

RTC time: ‎2021‎-‎10‎-‎12T12:26:41.500000000Z
Current time zone bias: -330
RTC time is in UTC: false
System time was based on RTC time: false"
Information	12-10-2021 12:23:21	Microsoft-Windows-Kernel-Power	107	(102)	The system has resumed from sleep.
Information	12-10-2021 12:23:17	Microsoft-Windows-Kernel-Power	42	(64)	"The system is entering sleep.

Sleep Reason: System Idle"
Information	12-10-2021 12:23:07	Microsoft-Windows-Kernel-Power	566	(268)	"The system session has transitioned from 1 to 3.

Reason: 3"
Information	12-10-2021 12:23:06	Microsoft-Windows-Kernel-Power	566	(268)	"The system session has transitioned from 0 to 1.

Reason: 3"
Information	12-10-2021 12:22:38	Microsoft-Windows-Kernel-General	16	None	The access history in hive \??\C:\ProgramData\Microsoft\Provisioning\Microsoft-Desktop-Provisioning-Sequence.dat was cleared updating 0 keys and creating 0 modified pages.
Error	12-10-2021 12:16:08	Service Control Manager	7009	None	A timeout was reached (30000 milliseconds) while waiting for the Intel(R) SUR QC Software Asset Manager service to connect.
Information	12-10-2021 12:12:38	Service Control Manager	7040	None	The start type of the Background Intelligent Transfer Service service was changed from auto start to demand start.
Information	12-10-2021 12:12:27	Microsoft-Windows-WindowsUpdateClient	19	Windows Update Agent	Installation Successful: Windows successfully installed the following update: Security Intelligence Update for Microsoft Defender Antivirus - KB2267602 (Version 1.351.256.0)
Warning	12-10-2021 12:12:23	Microsoft-Windows-DNS-Client	1014	(1014)	Name resolution for the name ota.nvidia.com timed out after none of the configured DNS servers responded. Client PID 9980.
Information	12-10-2021 12:12:02	Microsoft-Windows-WindowsUpdateClient	43	Windows Update Agent	Installation Started: Windows has started installing the following update: Security Intelligence Update for Microsoft Defender Antivirus - KB2267602 (Version 1.351.256.0)
Information	12-10-2021 12:12:02	Microsoft-Windows-WindowsUpdateClient	44	Windows Update Agent	Windows Update started downloading an update.
Warning	12-10-2021 12:10:57	Microsoft-Windows-DistributedCOM	10016	None	"The application-specific permission settings do not grant Local Launch permission for the COM Server application with CLSID 
Windows.SecurityCenter.WscDataProtection
 and APPID 
Unavailable
 to the user NT AUTHORITY\SYSTEM SID (S-1-5-18) from address LocalHost (Using LRPC) running in the application container Unavailable SID (Unavailable). This security permission can be modified using the Component Services administrative tool."
Information	12-10-2021 12:10:13	Microsoft-Windows-Kernel-General	16	None	The access history in hive \??\C:\ProgramData\Packages\AD2F1837.HPSystemEventUtility_v10z8vjag6ke6\S-1-5-21-38077573-387163758-1783380300-1002\SystemAppData\Helium\Cache\f866bdc619b5f66a_COM15.dat was cleared updating 1 keys and creating 1 modified pages.
Information	12-10-2021 12:10:13	Microsoft-Windows-Kernel-General	16	None	The access history in hive \??\C:\Users\mahendra\AppData\Local\Packages\AD2F1837.HPSystemEventUtility_v10z8vjag6ke6\SystemAppData\Helium\UserClasses.dat was cleared updating 1 keys and creating 1 modified pages.
Information	12-10-2021 12:10:13	Microsoft-Windows-Kernel-General	16	None	The access history in hive \??\C:\Users\mahendra\AppData\Local\Packages\AD2F1837.HPSystemEventUtility_v10z8vjag6ke6\SystemAppData\Helium\User.dat was cleared updating 12 keys and creating 1 modified pages.
Information	12-10-2021 12:10:05	Service Control Manager	7040	None	The start type of the Background Intelligent Transfer Service service was changed from demand start to auto start.
Error	12-10-2021 12:08:09	Service Control Manager	7000	None	"The Windows Presentation Foundation Font Cache 3.0.0.0 service failed to start due to the following error: 
The service did not respond to the start or control request in a timely fashion."
Error	12-10-2021 12:08:09	Service Control Manager	7009	None	A timeout was reached (30000 milliseconds) while waiting for the Windows Presentation Foundation Font Cache 3.0.0.0 service to connect.
