Information	17-10-2021 09:04:16	Microsoft-Windows-Kernel-General	16	None	The access history in hive \??\C:\ProgramData\Packages\AppUp.IntelGraphicsExperience_8j3eq9eme6ctt\S-1-5-21-38077573-387163758-1783380300-1002\SystemAppData\Helium\Cache\474826dcceed1abe_COM15.dat was cleared updating 1 keys and creating 1 modified pages.
Information	17-10-2021 09:04:16	Microsoft-Windows-Kernel-General	16	None	The access history in hive \??\C:\Users\mahendra\AppData\Local\Packages\AppUp.IntelGraphicsExperience_8j3eq9eme6ctt\SystemAppData\Helium\UserClasses.dat was cleared updating 4 keys and creating 1 modified pages.
Information	17-10-2021 09:04:16	Microsoft-Windows-Kernel-General	16	None	The access history in hive \??\C:\Users\mahendra\AppData\Local\Packages\AppUp.IntelGraphicsExperience_8j3eq9eme6ctt\SystemAppData\Helium\User.dat was cleared updating 12 keys and creating 1 modified pages.
Information	17-10-2021 09:04:10	Microsoft-Windows-Kernel-General	16	None	The access history in hive \??\C:\Users\mahendra\AppData\Local\Packages\Microsoft.YourPhone_8wekyb3d8bbwe\Settings\settings.dat was cleared updating 27 keys and creating 9 modified pages.
Information	17-10-2021 09:04:06	Service Control Manager	7040	None	The start type of the Background Intelligent Transfer Service service was changed from demand start to auto start.
Information	17-10-2021 09:03:54	Microsoft-Windows-Kernel-General	16	None	The access history in hive \??\C:\Users\mahendra\AppData\Local\Packages\Microsoft.Windows.StartMenuExperienceHost_cw5n1h2txyewy\Settings\settings.dat was cleared updating 7 keys and creating 1 modified pages.
Information	17-10-2021 09:03:54	Microsoft-Windows-Kernel-General	16	None	The access history in hive \??\C:\Users\mahendra\AppData\Local\Packages\MicrosoftWindows.Client.CBS_cw5n1h2txyewy\Settings\settings.dat was cleared updating 13 keys and creating 4 modified pages.
Information	17-10-2021 09:03:20	Microsoft-Windows-Winlogon	7001	(1101)	User Logon Notification for Customer Experience Improvement Program
Warning	17-10-2021 09:02:33	Microsoft-Windows-Time-Service	134	None	NtpClient was unable to set a manual peer to use as a time source because of DNS resolution error on 'time.windows.com,0x9'. NtpClient will try again in 15 minutes and double the reattempt interval thereafter. The error was: No such host is known. (0x80072AF9)
Information	17-10-2021 09:02:28	Microsoft-Windows-Power-Troubleshooter	1	None	"The system has returned from a low power state.

Sleep Time: ‎2021‎-‎10‎-‎16T19:23:56.379428300Z
Wake Time: ‎2021‎-‎10‎-‎17T03:32:25.083689800Z

Wake Source: Unknown"
Information	17-10-2021 09:02:25	Microsoft-Windows-Kernel-Power	566	(268)	"The system session has transitioned from 43 to 45.

Reason: 5"
Error	17-10-2021 09:02:23	Server	2505	None	The server could not bind to the transport \Device\NetBT_Tcpip_{59426481-F96A-490F-9157-08A6F626BD36} because another computer on the network has the same name.  The server could not start.
Warning	17-10-2021 09:02:20	Microsoft-Windows-Time-Service	134	None	NtpClient was unable to set a manual peer to use as a time source because of DNS resolution error on 'time.windows.com,0x9'. NtpClient will try again in 15 minutes and double the reattempt interval thereafter. The error was: No such host is known. (0x80072AF9)
Information	17-10-2021 09:02:20	Microsoft-Windows-Kernel-Power	566	(268)	"The system session has transitioned from 42 to 43.

Reason: 5"
Information	17-10-2021 09:02:20	Microsoft-Windows-Kernel-Boot	32	(58)	The bootmgr spent 0 ms waiting for user input.
Information	17-10-2021 09:02:20	Microsoft-Windows-Kernel-Boot	18	(57)	There are 0x1 boot options on this system.
Information	17-10-2021 09:02:20	Microsoft-Windows-Kernel-Boot	30	(21)	The firmware reported boot metrics.
Information	17-10-2021 09:02:19	Microsoft-Windows-Kernel-Power	105	(100)	Power source change.
Information	17-10-2021 09:02:16	Microsoft-Windows-Kernel-General	1	(5)	"The system time has changed to ‎2021‎-‎10‎-‎17T03:32:16.500000000Z from ‎2021‎-‎10‎-‎16T19:24:32.239639600Z.

Change Reason: System time synchronized with the hardware clock.
Process: '' (PID 4).

RTC time: ‎2021‎-‎10‎-‎17T09:02:16.500000000Z
Current time zone bias: -330
RTC time is in UTC: false
System time was based on RTC time: false"
Information	17-10-2021 00:54:32	Microsoft-Windows-Kernel-Power	107	(102)	The system has resumed from sleep.
Information	17-10-2021 00:54:18	Microsoft-Windows-Kernel-Power	105	(100)	Power source change.
Information	17-10-2021 00:54:13	Microsoft-Windows-Kernel-Power	42	(64)	"The system is entering sleep.

Sleep Reason: Application API"
Information	17-10-2021 00:53:57	Microsoft-Windows-Kernel-Power	566	(268)	"The system session has transitioned from 41 to 42.

Reason: 5"
Information	17-10-2021 00:53:56	Microsoft-Windows-Kernel-Power	187	(243)	User-mode process attempted to change the system state by calling SetSuspendState or SetSystemPowerState APIs.
Information	17-10-2021 00:53:55	Microsoft-Windows-Winlogon	7002	(1102)	User Logoff Notification for Customer Experience Improvement Program
Information	17-10-2021 00:53:41	User32	1074	None	"The process explorer.exe has initiated the power off of computer LAPTOP-7EVMU4TQ on behalf of user LAPTOP-7EVMU4TQ\mahendra for the following reason: Other (Unplanned)
 Reason Code: 0x0
 Shutdown Type: power off
 Comment: "
Warning	17-10-2021 00:37:32	Microsoft-Windows-DistributedCOM	10016	None	"The application-specific permission settings do not grant Local Activation permission for the COM Server application with CLSID 
{2593F8B9-4EAF-457C-B68A-50F6B8EA6B54}
 and APPID 
{15C20B67-12E7-4BB6-92BB-7AFF07997402}
 to the user LAPTOP-7EVMU4TQ\mahendra SID (S-1-5-21-38077573-387163758-1783380300-1002) from address LocalHost (Using LRPC) running in the application container Unavailable SID (Unavailable). This security permission can be modified using the Component Services administrative tool."
Information	16-10-2021 23:59:31	Microsoft-Windows-UserModePowerService	12	(10)	Process C:\Windows\System32\svchost.exe (process ID:1644) reset policy scheme from {48684d4a-8524-4093-8a63-ea7132b79c1c} to {48684d4a-8524-4093-8a63-ea7132b79c1c}
Information	16-10-2021 23:59:31	Microsoft-Windows-Kernel-Power	105	(100)	Power source change.
Information	16-10-2021 23:59:22	Microsoft-Windows-UserModePowerService	12	(10)	Process C:\Windows\System32\svchost.exe (process ID:1644) reset policy scheme from {48684d4a-8524-4093-8a63-ea7132b79c1c} to {48684d4a-8524-4093-8a63-ea7132b79c1c}
Warning	16-10-2021 23:24:10	Microsoft-Windows-DistributedCOM	10016	None	"The application-specific permission settings do not grant Local Activation permission for the COM Server application with CLSID 
{2593F8B9-4EAF-457C-B68A-50F6B8EA6B54}
 and APPID 
{15C20B67-12E7-4BB6-92BB-7AFF07997402}
 to the user LAPTOP-7EVMU4TQ\mahendra SID (S-1-5-21-38077573-387163758-1783380300-1002) from address LocalHost (Using LRPC) running in the application container Unavailable SID (Unavailable). This security permission can be modified using the Component Services administrative tool."
Information	16-10-2021 23:04:08	Microsoft-Windows-Kernel-Power	105	(100)	Power source change.
Information	16-10-2021 23:04:03	Microsoft-Windows-Kernel-Power	105	(100)	Power source change.
Information	16-10-2021 23:03:42	Microsoft-Windows-Kernel-Power	105	(100)	Power source change.
Information	16-10-2021 23:03:35	Microsoft-Windows-Kernel-Power	105	(100)	Power source change.
Information	16-10-2021 23:02:57	Microsoft-Windows-Kernel-Power	105	(100)	Power source change.
Information	16-10-2021 22:46:15	Microsoft-Windows-Time-Service	158	None	The time provider 'VMICTimeProvider' has indicated that the current hardware and operating environment is not supported and has stopped. This behavior is expected for VMICTimeProvider on non-HyperV-guest environments. This may be the expected behavior for the current provider in the current operating environment as well.
Warning	16-10-2021 22:38:35	Microsoft-Windows-DistributedCOM	10016	None	"The application-specific permission settings do not grant Local Activation permission for the COM Server application with CLSID 
{2593F8B9-4EAF-457C-B68A-50F6B8EA6B54}
 and APPID 
{15C20B67-12E7-4BB6-92BB-7AFF07997402}
 to the user LAPTOP-7EVMU4TQ\mahendra SID (S-1-5-21-38077573-387163758-1783380300-1002) from address LocalHost (Using LRPC) running in the application container Unavailable SID (Unavailable). This security permission can be modified using the Component Services administrative tool."
Information	16-10-2021 22:35:03	Service Control Manager	7040	None	The start type of the Background Intelligent Transfer Service service was changed from auto start to demand start.
Information	16-10-2021 22:32:55	Service Control Manager	7040	None	The start type of the Background Intelligent Transfer Service service was changed from demand start to auto start.
Information	16-10-2021 22:29:11	Microsoft-Windows-Time-Service	158	None	The time provider 'VMICTimeProvider' has indicated that the current hardware and operating environment is not supported and has stopped. This behavior is expected for VMICTimeProvider on non-HyperV-guest environments. This may be the expected behavior for the current provider in the current operating environment as well.
Information	16-10-2021 22:12:07	Microsoft-Windows-Time-Service	158	None	The time provider 'VMICTimeProvider' has indicated that the current hardware and operating environment is not supported and has stopped. This behavior is expected for VMICTimeProvider on non-HyperV-guest environments. This may be the expected behavior for the current provider in the current operating environment as well.
Warning	16-10-2021 22:04:07	Microsoft-Windows-DistributedCOM	10016	None	"The application-specific permission settings do not grant Local Activation permission for the COM Server application with CLSID 
{2593F8B9-4EAF-457C-B68A-50F6B8EA6B54}
 and APPID 
{15C20B67-12E7-4BB6-92BB-7AFF07997402}
 to the user LAPTOP-7EVMU4TQ\mahendra SID (S-1-5-21-38077573-387163758-1783380300-1002) from address LocalHost (Using LRPC) running in the application container Unavailable SID (Unavailable). This security permission can be modified using the Component Services administrative tool."
Information	16-10-2021 21:55:03	Microsoft-Windows-Time-Service	158	None	The time provider 'VMICTimeProvider' has indicated that the current hardware and operating environment is not supported and has stopped. This behavior is expected for VMICTimeProvider on non-HyperV-guest environments. This may be the expected behavior for the current provider in the current operating environment as well.
Information	16-10-2021 21:42:48	Service Control Manager	7040	None	The start type of the Windows Modules Installer service was changed from auto start to demand start.
Information	16-10-2021 21:40:51	Microsoft-Windows-Kernel-Power	566	(268)	"The system session has transitioned from 39 to 41.

Reason: 5"
Information	16-10-2021 21:38:40	Microsoft-Windows-Kernel-Power	566	(268)	"The system session has transitioned from 38 to 39.

Reason: 5"
Information	16-10-2021 21:38:34	Service Control Manager	7040	None	The start type of the Windows Modules Installer service was changed from demand start to auto start.
Information	16-10-2021 21:37:43	Microsoft-Windows-Time-Service	37	None	The time provider NtpClient is currently receiving valid time data from time.windows.com,0x9 (ntp.m|0x9|0.0.0.0:123->40.81.94.65:123).
Information	16-10-2021 21:37:43	Microsoft-Windows-Time-Service	158	None	The time provider 'VMICTimeProvider' has indicated that the current hardware and operating environment is not supported and has stopped. This behavior is expected for VMICTimeProvider on non-HyperV-guest environments. This may be the expected behavior for the current provider in the current operating environment as well.
Information	16-10-2021 21:28:11	Microsoft-Windows-Kernel-General	16	None	The access history in hive \??\C:\Users\mahendra\AppData\Local\Packages\ad2f1837.hpjumpstarts_v10z8vjag6ke6\AC\GEH\POF.dat was cleared updating 1 keys and creating 1 modified pages.
Information	16-10-2021 21:27:10	Microsoft-Windows-Power-Troubleshooter	1	None	"The system has returned from a low power state.

Sleep Time: ‎2021‎-‎10‎-‎16T15:56:00.100195900Z
Wake Time: ‎2021‎-‎10‎-‎16T15:57:07.485334500Z

Wake Source: Power Button"
Error	16-10-2021 21:27:09	Server	2505	None	The server could not bind to the transport \Device\NetBT_Tcpip_{9F961AE3-9423-4C8B-AB48-B1886999008B} because another computer on the network has the same name.  The server could not start.
Information	16-10-2021 21:27:07	Microsoft-Windows-Kernel-Power	566	(268)	"The system session has transitioned from 36 to 38.

Reason: 5"
Error	16-10-2021 21:27:06	Server	2505	None	The server could not bind to the transport \Device\NetBT_Tcpip_{59426481-F96A-490F-9157-08A6F626BD36} because another computer on the network has the same name.  The server could not start.
Information	16-10-2021 21:27:04	Microsoft-Windows-Kernel-Power	566	(268)	"The system session has transitioned from 35 to 36.

Reason: 5"
Information	16-10-2021 21:27:02	Microsoft-Windows-Kernel-Power	130	(33)	Firmware S3 times. SuspendStart: 59795532, SuspendEnd: 59795533
Information	16-10-2021 21:27:02	Microsoft-Windows-Kernel-Power	131	(33)	Firmware S3 times. ResumeCount: 4, FullResume: 1030, AverageResume: 1026
Information	16-10-2021 21:27:02	Microsoft-Windows-Kernel-General	1	(5)	"The system time has changed to ‎2021‎-‎10‎-‎16T15:57:02.500000000Z from ‎2021‎-‎10‎-‎16T15:56:24.806150800Z.

Change Reason: System time synchronized with the hardware clock.
Process: '' (PID 4).

RTC time: ‎2021‎-‎10‎-‎16T21:27:02.500000000Z
Current time zone bias: -330
RTC time is in UTC: false
System time was based on RTC time: false"
Information	16-10-2021 21:26:24	Microsoft-Windows-Kernel-Power	107	(102)	The system has resumed from sleep.
Information	16-10-2021 21:26:20	Microsoft-Windows-Kernel-Power	42	(64)	"The system is entering sleep.

Sleep Reason: System Idle"
Information	16-10-2021 21:26:13	Microsoft-Windows-Kernel-Power	105	(100)	Power source change.
Information	16-10-2021 21:26:09	Microsoft-Windows-Kernel-General	16	None	The access history in hive \??\C:\Users\mahendra\AppData\Local\Packages\Microsoft.LockApp_cw5n1h2txyewy\Settings\settings.dat was cleared updating 3 keys and creating 1 modified pages.
Information	16-10-2021 21:26:05	Microsoft-Windows-Kernel-Power	566	(268)	"The system session has transitioned from 34 to 35.

Reason: 5"
Information	16-10-2021 21:26:01	Microsoft-Windows-Kernel-Power	566	(268)	"The system session has transitioned from 32 to 34.

Reason: 5"
Information	16-10-2021 21:25:53	Microsoft-Windows-Kernel-Power	566	(268)	"The system session has transitioned from 31 to 32.

Reason: 5"
Information	16-10-2021 21:21:47	Microsoft-Windows-WindowsUpdateClient	19	Windows Update Agent	Installation Successful: Windows successfully installed the following update: Security Intelligence Update for Microsoft Defender Antivirus - KB2267602 (Version 1.351.534.0)
Information	16-10-2021 21:21:04	Microsoft-Windows-WindowsUpdateClient	43	Windows Update Agent	Installation Started: Windows has started installing the following update: Security Intelligence Update for Microsoft Defender Antivirus - KB2267602 (Version 1.351.534.0)
Information	16-10-2021 21:21:02	Microsoft-Windows-WindowsUpdateClient	44	Windows Update Agent	Windows Update started downloading an update.
Warning	16-10-2021 20:14:45	Microsoft-Windows-DistributedCOM	10016	None	"The application-specific permission settings do not grant Local Activation permission for the COM Server application with CLSID 
{2593F8B9-4EAF-457C-B68A-50F6B8EA6B54}
 and APPID 
{15C20B67-12E7-4BB6-92BB-7AFF07997402}
 to the user LAPTOP-7EVMU4TQ\mahendra SID (S-1-5-21-38077573-387163758-1783380300-1002) from address LocalHost (Using LRPC) running in the application container Unavailable SID (Unavailable). This security permission can be modified using the Component Services administrative tool."
Information	16-10-2021 19:28:18	Microsoft-Windows-Kernel-Power	105	(100)	Power source change.
Warning	16-10-2021 19:14:41	Microsoft-Windows-DistributedCOM	10016	None	"The application-specific permission settings do not grant Local Activation permission for the COM Server application with CLSID 
{2593F8B9-4EAF-457C-B68A-50F6B8EA6B54}
 and APPID 
{15C20B67-12E7-4BB6-92BB-7AFF07997402}
 to the user LAPTOP-7EVMU4TQ\mahendra SID (S-1-5-21-38077573-387163758-1783380300-1002) from address LocalHost (Using LRPC) running in the application container Unavailable SID (Unavailable). This security permission can be modified using the Component Services administrative tool."
Error	16-10-2021 19:07:07	Service Control Manager	7009	None	A timeout was reached (30000 milliseconds) while waiting for the Intel(R) SUR QC Software Asset Manager service to connect.
Warning	16-10-2021 18:40:57	Microsoft-Windows-DistributedCOM	10016	None	"The application-specific permission settings do not grant Local Activation permission for the COM Server application with CLSID 
{2593F8B9-4EAF-457C-B68A-50F6B8EA6B54}
 and APPID 
{15C20B67-12E7-4BB6-92BB-7AFF07997402}
 to the user LAPTOP-7EVMU4TQ\mahendra SID (S-1-5-21-38077573-387163758-1783380300-1002) from address LocalHost (Using LRPC) running in the application container Unavailable SID (Unavailable). This security permission can be modified using the Component Services administrative tool."
Warning	16-10-2021 17:50:36	Microsoft-Windows-DistributedCOM	10016	None	"The application-specific permission settings do not grant Local Activation permission for the COM Server application with CLSID 
{2593F8B9-4EAF-457C-B68A-50F6B8EA6B54}
 and APPID 
{15C20B67-12E7-4BB6-92BB-7AFF07997402}
 to the user LAPTOP-7EVMU4TQ\mahendra SID (S-1-5-21-38077573-387163758-1783380300-1002) from address LocalHost (Using LRPC) running in the application container Unavailable SID (Unavailable). This security permission can be modified using the Component Services administrative tool."
Warning	16-10-2021 17:05:00	Microsoft-Windows-DistributedCOM	10016	None	"The application-specific permission settings do not grant Local Activation permission for the COM Server application with CLSID 
{2593F8B9-4EAF-457C-B68A-50F6B8EA6B54}
 and APPID 
{15C20B67-12E7-4BB6-92BB-7AFF07997402}
 to the user LAPTOP-7EVMU4TQ\mahendra SID (S-1-5-21-38077573-387163758-1783380300-1002) from address LocalHost (Using LRPC) running in the application container Unavailable SID (Unavailable). This security permission can be modified using the Component Services administrative tool."
Warning	16-10-2021 17:04:09	Microsoft-Windows-DistributedCOM	10016	None	"The application-specific permission settings do not grant Local Activation permission for the COM Server application with CLSID 
{2593F8B9-4EAF-457C-B68A-50F6B8EA6B54}
 and APPID 
{15C20B67-12E7-4BB6-92BB-7AFF07997402}
 to the user LAPTOP-7EVMU4TQ\mahendra SID (S-1-5-21-38077573-387163758-1783380300-1002) from address LocalHost (Using LRPC) running in the application container Unavailable SID (Unavailable). This security permission can be modified using the Component Services administrative tool."
Warning	16-10-2021 16:09:14	Microsoft-Windows-DistributedCOM	10016	None	"The application-specific permission settings do not grant Local Activation permission for the COM Server application with CLSID 
{2593F8B9-4EAF-457C-B68A-50F6B8EA6B54}
 and APPID 
{15C20B67-12E7-4BB6-92BB-7AFF07997402}
 to the user LAPTOP-7EVMU4TQ\mahendra SID (S-1-5-21-38077573-387163758-1783380300-1002) from address LocalHost (Using LRPC) running in the application container Unavailable SID (Unavailable). This security permission can be modified using the Component Services administrative tool."
Warning	16-10-2021 16:08:58	Microsoft-Windows-DistributedCOM	10016	None	"The application-specific permission settings do not grant Local Activation permission for the COM Server application with CLSID 
{2593F8B9-4EAF-457C-B68A-50F6B8EA6B54}
 and APPID 
{15C20B67-12E7-4BB6-92BB-7AFF07997402}
 to the user LAPTOP-7EVMU4TQ\mahendra SID (S-1-5-21-38077573-387163758-1783380300-1002) from address LocalHost (Using LRPC) running in the application container Unavailable SID (Unavailable). This security permission can be modified using the Component Services administrative tool."
Information	16-10-2021 15:44:22	Service Control Manager	7040	None	The start type of the Background Intelligent Transfer Service service was changed from auto start to demand start.
Warning	16-10-2021 15:40:28	Microsoft-Windows-DistributedCOM	10016	None	"The application-specific permission settings do not grant Local Activation permission for the COM Server application with CLSID 
{2593F8B9-4EAF-457C-B68A-50F6B8EA6B54}
 and APPID 
{15C20B67-12E7-4BB6-92BB-7AFF07997402}
 to the user LAPTOP-7EVMU4TQ\mahendra SID (S-1-5-21-38077573-387163758-1783380300-1002) from address LocalHost (Using LRPC) running in the application container Unavailable SID (Unavailable). This security permission can be modified using the Component Services administrative tool."
Information	16-10-2021 15:32:04	Service Control Manager	7040	None	The start type of the Background Intelligent Transfer Service service was changed from demand start to auto start.
Information	16-10-2021 15:31:42	Microsoft-Windows-Kernel-Power	105	(100)	Power source change.
Warning	16-10-2021 15:31:03	Microsoft-Windows-DistributedCOM	10016	None	"The application-specific permission settings do not grant Local Activation permission for the COM Server application with CLSID 
{2593F8B9-4EAF-457C-B68A-50F6B8EA6B54}
 and APPID 
{15C20B67-12E7-4BB6-92BB-7AFF07997402}
 to the user LAPTOP-7EVMU4TQ\mahendra SID (S-1-5-21-38077573-387163758-1783380300-1002) from address LocalHost (Using LRPC) running in the application container Unavailable SID (Unavailable). This security permission can be modified using the Component Services administrative tool."
Warning	16-10-2021 15:17:36	Microsoft-Windows-DNS-Client	1014	(1014)	Name resolution for the name proxy.golang.org timed out after none of the configured DNS servers responded. Client PID 2484.
Warning	16-10-2021 15:06:08	Microsoft-Windows-DistributedCOM	10016	None	"The application-specific permission settings do not grant Local Activation permission for the COM Server application with CLSID 
{2593F8B9-4EAF-457C-B68A-50F6B8EA6B54}
 and APPID 
{15C20B67-12E7-4BB6-92BB-7AFF07997402}
 to the user LAPTOP-7EVMU4TQ\mahendra SID (S-1-5-21-38077573-387163758-1783380300-1002) from address LocalHost (Using LRPC) running in the application container Unavailable SID (Unavailable). This security permission can be modified using the Component Services administrative tool."
Error	16-10-2021 15:02:28	Server	2505	None	The server could not bind to the transport \Device\NetBT_Tcpip_{9F961AE3-9423-4C8B-AB48-B1886999008B} because another computer on the network has the same name.  The server could not start.
Error	16-10-2021 15:01:00	Microsoft-Windows-DistributedCOM	10010	None	The server microsoft.windowscommunicationsapps_16005.14326.20436.0_x64__8wekyb3d8bbwe!microsoft.windowslive.calendar.AppXwkn9j84yh1kvnt49k5r8h6y1ecsv09hs.mca did not register with DCOM within the required timeout.
Information	16-10-2021 15:00:57	Microsoft-Windows-Power-Troubleshooter	1	None	"The system has returned from a low power state.

Sleep Time: ‎2021‎-‎10‎-‎16T07:55:10.554335000Z
Wake Time: ‎2021‎-‎10‎-‎16T09:30:43.822552100Z

Wake Source: Power Button"
Information	16-10-2021 15:00:51	Microsoft-Windows-Kernel-Power	105	(100)	Power source change.
Error	16-10-2021 15:00:47	Server	2505	None	The server could not bind to the transport \Device\NetBT_Tcpip_{59426481-F96A-490F-9157-08A6F626BD36} because another computer on the network has the same name.  The server could not start.
Information	16-10-2021 15:00:43	Microsoft-Windows-Kernel-Power	566	(268)	"The system session has transitioned from 29 to 31.

Reason: 5"
Information	16-10-2021 15:00:43	Microsoft-Windows-Kernel-Power	566	(268)	"The system session has transitioned from 28 to 29.

Reason: 5"
Information	16-10-2021 15:00:42	Microsoft-Windows-Kernel-Power	130	(33)	Firmware S3 times. SuspendStart: 36658901, SuspendEnd: 36658902
Information	16-10-2021 15:00:42	Microsoft-Windows-Kernel-Power	131	(33)	Firmware S3 times. ResumeCount: 3, FullResume: 1027, AverageResume: 1025
Information	16-10-2021 15:00:42	Microsoft-Windows-Kernel-General	1	(5)	"The system time has changed to ‎2021‎-‎10‎-‎16T09:30:42.500000000Z from ‎2021‎-‎10‎-‎16T07:55:30.281745800Z.

Change Reason: System time synchronized with the hardware clock.
Process: '' (PID 4).

RTC time: ‎2021‎-‎10‎-‎16T15:00:42.500000000Z
Current time zone bias: -330
RTC time is in UTC: false
System time was based on RTC time: false"
Information	16-10-2021 13:25:30	Microsoft-Windows-Kernel-Power	107	(102)	The system has resumed from sleep.
Information	16-10-2021 13:25:25	Microsoft-Windows-Kernel-Power	42	(64)	"The system is entering sleep.

Sleep Reason: System Idle"
Information	16-10-2021 13:25:14	Microsoft-Windows-Kernel-Power	566	(268)	"The system session has transitioned from 26 to 28.

Reason: 5"
Information	16-10-2021 12:49:26	Service Control Manager	7040	None	The start type of the Background Intelligent Transfer Service service was changed from auto start to demand start.
Information	16-10-2021 12:47:20	Service Control Manager	7040	None	The start type of the Background Intelligent Transfer Service service was changed from demand start to auto start.
Information	16-10-2021 12:43:57	Service Control Manager	7045	None	"A service was installed in the system.

Service Name:  MpKslb1c42220
Service File Name:  C:\ProgramData\Microsoft\Windows Defender\Definition Updates\{264BE1CA-E0BD-4852-BA73-5F00BD7F60E5}\MpKslDrv.sys
Service Type:  kernel mode driver
Service Start Type:  demand start
Service Account:  "
Error	16-10-2021 12:43:12	Service Control Manager	7011	None	A timeout (30000 milliseconds) was reached while waiting for a transaction response from the RtkBtManServ service.
Information	16-10-2021 12:31:07	Microsoft-Windows-Kernel-Power	566	(268)	"The system session has transitioned from 25 to 26.

Reason: 5"
Information	16-10-2021 12:00:00	EventLog	6013	None	The system uptime is 65653 seconds.
Information	16-10-2021 11:26:15	Microsoft-Windows-Kernel-General	16	None	The access history in hive \??\C:\Users\mahendra\AppData\Local\Packages\microsoft.windowscommunicationsapps_8wekyb3d8bbwe\Settings\settings.dat was cleared updating 32 keys and creating 9 modified pages.
Warning	16-10-2021 10:50:55	Microsoft-Windows-DNS-Client	1014	(1014)	Name resolution for the name clients4.google.com timed out after none of the configured DNS servers responded. Client PID 12304.
Information	16-10-2021 10:41:35	Service Control Manager	7040	None	The start type of the Background Intelligent Transfer Service service was changed from auto start to demand start.
Warning	16-10-2021 10:40:12	Microsoft-Windows-DistributedCOM	10016	None	"The application-specific permission settings do not grant Local Activation permission for the COM Server application with CLSID 
{2593F8B9-4EAF-457C-B68A-50F6B8EA6B54}
 and APPID 
{15C20B67-12E7-4BB6-92BB-7AFF07997402}
 to the user LAPTOP-7EVMU4TQ\mahendra SID (S-1-5-21-38077573-387163758-1783380300-1002) from address LocalHost (Using LRPC) running in the application container Unavailable SID (Unavailable). This security permission can be modified using the Component Services administrative tool."
Information	16-10-2021 10:39:14	Service Control Manager	7040	None	The start type of the Background Intelligent Transfer Service service was changed from demand start to auto start.
Warning	16-10-2021 10:37:38	Microsoft-Windows-DistributedCOM	10016	None	"The application-specific permission settings do not grant Local Activation permission for the COM Server application with CLSID 
{2593F8B9-4EAF-457C-B68A-50F6B8EA6B54}
 and APPID 
{15C20B67-12E7-4BB6-92BB-7AFF07997402}
 to the user LAPTOP-7EVMU4TQ\mahendra SID (S-1-5-21-38077573-387163758-1783380300-1002) from address LocalHost (Using LRPC) running in the application container Unavailable SID (Unavailable). This security permission can be modified using the Component Services administrative tool."
Information	16-10-2021 10:06:21	Microsoft-Windows-Kernel-Power	105	(100)	Power source change.
Information	16-10-2021 10:06:14	Microsoft-Windows-Power-Troubleshooter	1	None	"The system has returned from a low power state.

Sleep Time: ‎2021‎-‎10‎-‎16T04:35:11.433496600Z
Wake Time: ‎2021‎-‎10‎-‎16T04:36:07.870824000Z

Wake Source: Power Button"
Error	16-10-2021 10:06:12	Server	2505	None	The server could not bind to the transport \Device\NetBT_Tcpip_{9F961AE3-9423-4C8B-AB48-B1886999008B} because another computer on the network has the same name.  The server could not start.
Error	16-10-2021 10:06:10	Server	2505	None	The server could not bind to the transport \Device\NetBT_Tcpip_{59426481-F96A-490F-9157-08A6F626BD36} because another computer on the network has the same name.  The server could not start.
Information	16-10-2021 10:06:07	Microsoft-Windows-Kernel-Power	566	(268)	"The system session has transitioned from 23 to 25.

Reason: 5"
Information	16-10-2021 10:06:07	Microsoft-Windows-Kernel-Power	566	(268)	"The system session has transitioned from 22 to 23.

Reason: 5"
Information	16-10-2021 10:06:06	Microsoft-Windows-Kernel-Power	130	(33)	Firmware S3 times. SuspendStart: 24698052, SuspendEnd: 24698053
Information	16-10-2021 10:06:06	Microsoft-Windows-Kernel-Power	131	(33)	Firmware S3 times. ResumeCount: 2, FullResume: 1021, AverageResume: 1024
Information	16-10-2021 10:06:06	Microsoft-Windows-Kernel-General	1	(5)	"The system time has changed to ‎2021‎-‎10‎-‎16T04:36:06.500000000Z from ‎2021‎-‎10‎-‎16T04:35:30.053349300Z.

Change Reason: System time synchronized with the hardware clock.
Process: '' (PID 4).

RTC time: ‎2021‎-‎10‎-‎16T10:06:06.500000000Z
Current time zone bias: -330
RTC time is in UTC: false
System time was based on RTC time: false"
Information	16-10-2021 10:05:30	Microsoft-Windows-Kernel-Power	107	(102)	The system has resumed from sleep.
Information	16-10-2021 10:05:25	Microsoft-Windows-Kernel-Power	42	(64)	"The system is entering sleep.

Sleep Reason: System Idle"
Information	16-10-2021 10:05:12	Microsoft-Windows-Kernel-Power	566	(268)	"The system session has transitioned from 20 to 22.

Reason: 5"
Information	16-10-2021 10:05:03	Microsoft-Windows-Kernel-Power	566	(268)	"The system session has transitioned from 19 to 20.

Reason: 5"
Information	16-10-2021 10:04:09	Microsoft-Windows-Kernel-General	16	None	The access history in hive \??\C:\ProgramData\Microsoft\Provisioning\Microsoft-Desktop-Provisioning-Sequence.dat was cleared updating 0 keys and creating 0 modified pages.
Information	16-10-2021 09:21:26	Microsoft-Windows-Kernel-General	16	None	The access history in hive \??\C:\ProgramData\Packages\MicrosoftWindows.Client.WebExperience_cw5n1h2txyewy\S-1-5-21-38077573-387163758-1783380300-1002\SystemAppData\Helium\Cache\7b870f2166ffcb9f_COM15.dat was cleared updating 1 keys and creating 1 modified pages.
Information	16-10-2021 09:21:26	Microsoft-Windows-Kernel-General	16	None	The access history in hive \??\C:\Users\mahendra\AppData\Local\Packages\MicrosoftWindows.Client.WebExperience_cw5n1h2txyewy\SystemAppData\Helium\UserClasses.dat was cleared updating 12 keys and creating 1 modified pages.
Information	16-10-2021 09:21:26	Microsoft-Windows-Kernel-General	16	None	The access history in hive \??\C:\Users\mahendra\AppData\Local\Packages\MicrosoftWindows.Client.WebExperience_cw5n1h2txyewy\SystemAppData\Helium\User.dat was cleared updating 33 keys and creating 3 modified pages.
Information	16-10-2021 09:21:11	Service Control Manager	7040	None	The start type of the Background Intelligent Transfer Service service was changed from auto start to demand start.
Information	16-10-2021 09:18:29	Service Control Manager	7040	None	The start type of the Background Intelligent Transfer Service service was changed from demand start to auto start.
Warning	16-10-2021 09:17:27	Microsoft-Windows-DistributedCOM	10016	None	"The application-specific permission settings do not grant Local Activation permission for the COM Server application with CLSID 
{2593F8B9-4EAF-457C-B68A-50F6B8EA6B54}
 and APPID 
{15C20B67-12E7-4BB6-92BB-7AFF07997402}
 to the user LAPTOP-7EVMU4TQ\mahendra SID (S-1-5-21-38077573-387163758-1783380300-1002) from address LocalHost (Using LRPC) running in the application container Unavailable SID (Unavailable). This security permission can be modified using the Component Services administrative tool."
Warning	16-10-2021 09:10:05	Microsoft-Windows-DistributedCOM	10016	None	"The application-specific permission settings do not grant Local Activation permission for the COM Server application with CLSID 
{2593F8B9-4EAF-457C-B68A-50F6B8EA6B54}
 and APPID 
{15C20B67-12E7-4BB6-92BB-7AFF07997402}
 to the user LAPTOP-7EVMU4TQ\mahendra SID (S-1-5-21-38077573-387163758-1783380300-1002) from address LocalHost (Using LRPC) running in the application container Unavailable SID (Unavailable). This security permission can be modified using the Component Services administrative tool."
Information	16-10-2021 09:07:37	Microsoft-Windows-Kernel-General	16	None	The access history in hive \??\C:\ProgramData\Packages\Microsoft.WindowsTerminal_8wekyb3d8bbwe\S-1-5-21-38077573-387163758-1783380300-1002\SystemAppData\Helium\Cache\7395edb55775b507_COM15.dat was cleared updating 1 keys and creating 1 modified pages.
Information	16-10-2021 09:05:37	Microsoft-Windows-Winlogon	7001	(1101)	User Logon Notification for Customer Experience Improvement Program
Information	16-10-2021 09:04:10	Microsoft-Windows-WindowsUpdateClient	19	Windows Update Agent	Installation Successful: Windows successfully installed the following update: Security Intelligence Update for Microsoft Defender Antivirus - KB2267602 (Version 1.351.504.0)
Information	16-10-2021 09:03:51	Microsoft-Windows-Kernel-General	1	(5)	"The system time has changed to ‎2021‎-‎10‎-‎16T03:33:51.225615100Z from ‎2021‎-‎10‎-‎16T03:33:51.222653800Z.

Change Reason: An application or system component changed the time.
Process: '\Device\HarddiskVolume3\Windows\System32\svchost.exe' (PID 608).

RTC time: ‎2021‎-‎10‎-‎16T09:03:51.225615100Z
Current time zone bias: -330
RTC time is in UTC: false
System time was based on RTC time: false"
Information	16-10-2021 09:03:51	Microsoft-Windows-Kernel-General	24	(11)	The time zone information was refreshed with exit reason 0. Current time zone bias is -330.
Information	16-10-2021 09:03:51	Microsoft-Windows-Kernel-General	1	(5)	"The system time has changed to ‎2021‎-‎10‎-‎16T03:33:51.222653800Z from ‎2021‎-‎10‎-‎16T03:33:51.219398300Z.

Change Reason: An application or system component changed the time.
Process: '\Device\HarddiskVolume3\Windows\System32\svchost.exe' (PID 608).

RTC time: ‎2021‎-‎10‎-‎16T09:03:51.222653800Z
Current time zone bias: -330
RTC time is in UTC: false
System time was based on RTC time: false"
Information	16-10-2021 09:03:51	Microsoft-Windows-Kernel-General	24	(11)	The time zone information was refreshed with exit reason 0. Current time zone bias is -330.
Information	16-10-2021 09:03:51	Microsoft-Windows-Time-Service	35	None	The time service is now synchronizing the system time with the time source time.windows.com,0x9 (ntp.m|0x9|0.0.0.0:123->40.81.94.65:123) with reference id 1096700200. Current local stratum number is 4.
Information	16-10-2021 09:03:51	Microsoft-Windows-Kernel-General	1	(5)	"The system time has changed to ‎2021‎-‎10‎-‎16T03:33:51.219398300Z from ‎2021‎-‎10‎-‎16T03:33:50.162845300Z.

Change Reason: An application or system component changed the time.
Process: '\Device\HarddiskVolume3\Windows\System32\svchost.exe' (PID 608).

RTC time: ‎2021‎-‎10‎-‎16T09:03:51.219398300Z
Current time zone bias: -330
RTC time is in UTC: false
System time was based on RTC time: false"
Information	16-10-2021 09:03:51	Microsoft-Windows-Kernel-General	24	(11)	The time zone information was refreshed with exit reason 0. Current time zone bias is -330.
Information	16-10-2021 09:03:47	Microsoft-Windows-WindowsUpdateClient	43	Windows Update Agent	Installation Started: Windows has started installing the following update: Security Intelligence Update for Microsoft Defender Antivirus - KB2267602 (Version 1.351.504.0)
Information	16-10-2021 09:03:46	Microsoft-Windows-WindowsUpdateClient	44	Windows Update Agent	Windows Update started downloading an update.
Information	16-10-2021 09:03:34	Microsoft-Windows-Time-Service	37	None	The time provider NtpClient is currently receiving valid time data from time.windows.com,0x9 (ntp.m|0x9|0.0.0.0:123->40.81.94.65:123).
Error	16-10-2021 09:03:04	Server	2505	None	The server could not bind to the transport \Device\NetBT_Tcpip_{9F961AE3-9423-4C8B-AB48-B1886999008B} because another computer on the network has the same name.  The server could not start.
Error	16-10-2021 09:02:57	Server	2505	None	The server could not bind to the transport \Device\NetBT_Tcpip_{59426481-F96A-490F-9157-08A6F626BD36} because another computer on the network has the same name.  The server could not start.
Information	16-10-2021 09:02:56	Microsoft-Windows-Power-Troubleshooter	1	None	"The system has returned from a low power state.

Sleep Time: ‎2021‎-‎10‎-‎16T03:12:44.148774000Z
Wake Time: ‎2021‎-‎10‎-‎16T03:32:55.834020100Z

Wake Source: Power Button"
Information	16-10-2021 09:02:56	Microsoft-Windows-Kernel-Power	566	(268)	"The system session has transitioned from 17 to 19.

Reason: 5"
Warning	16-10-2021 09:02:54	Microsoft-Windows-Time-Service	134	None	NtpClient was unable to set a manual peer to use as a time source because of DNS resolution error on 'time.windows.com,0x9'. NtpClient will try again in 15 minutes and double the reattempt interval thereafter. The error was: No such host is known. (0x80072AF9)
Information	16-10-2021 09:02:54	Microsoft-Windows-Kernel-Power	566	(268)	"The system session has transitioned from 16 to 17.

Reason: 5"
Information	16-10-2021 09:02:53	Microsoft-Windows-Kernel-Power	130	(33)	Firmware S3 times. SuspendStart: 20943475, SuspendEnd: 20943476
Information	16-10-2021 09:02:53	Microsoft-Windows-Kernel-Power	131	(33)	Firmware S3 times. ResumeCount: 1, FullResume: 1027, AverageResume: 1027
Information	16-10-2021 09:02:53	Microsoft-Windows-Kernel-General	1	(5)	"The system time has changed to ‎2021‎-‎10‎-‎16T03:32:53.500000000Z from ‎2021‎-‎10‎-‎16T03:12:57.258950500Z.

Change Reason: System time synchronized with the hardware clock.
Process: '' (PID 4).

RTC time: ‎2021‎-‎10‎-‎16T09:02:53.500000000Z
Current time zone bias: -330
RTC time is in UTC: false
System time was based on RTC time: false"
Information	16-10-2021 08:42:57	Microsoft-Windows-Kernel-Power	107	(102)	The system has resumed from sleep.
Information	16-10-2021 08:42:52	Microsoft-Windows-Kernel-Power	42	(64)	"The system is entering sleep.

Sleep Reason: System Idle"
Information	16-10-2021 08:42:44	Microsoft-Windows-Kernel-Power	566	(268)	"The system session has transitioned from 14 to 16.

Reason: 5"
Information	16-10-2021 08:42:20	Microsoft-Windows-Kernel-Power	566	(268)	"The system session has transitioned from 13 to 14.

Reason: 5"
Warning	16-10-2021 08:37:51	Microsoft-Windows-Time-Service	134	None	NtpClient was unable to set a manual peer to use as a time source because of DNS resolution error on 'time.windows.com,0x9'. NtpClient will try again in 15 minutes and double the reattempt interval thereafter. The error was: No such host is known. (0x80072AF9)
Information	16-10-2021 08:37:20	Microsoft-Windows-Power-Troubleshooter	1	None	"The system has returned from a low power state.

Sleep Time: ‎2021‎-‎10‎-‎15T17:58:02.452755700Z
Wake Time: ‎2021‎-‎10‎-‎16T03:07:15.802627100Z

Wake Source: Unknown"
Information	16-10-2021 08:37:15	Microsoft-Windows-Kernel-Power	566	(268)	"The system session has transitioned from 11 to 13.

Reason: 5"
Information	16-10-2021 08:37:12	Microsoft-Windows-Kernel-Power	566	(268)	"The system session has transitioned from 10 to 11.

Reason: 5"
Warning	16-10-2021 08:37:12	Microsoft-Windows-Time-Service	134	None	NtpClient was unable to set a manual peer to use as a time source because of DNS resolution error on 'time.windows.com,0x9'. NtpClient will try again in 15 minutes and double the reattempt interval thereafter. The error was: No such host is known. (0x80072AF9)
Error	16-10-2021 08:37:14	Server	2505	None	The server could not bind to the transport \Device\NetBT_Tcpip_{59426481-F96A-490F-9157-08A6F626BD36} because another computer on the network has the same name.  The server could not start.
Information	16-10-2021 08:37:11	Microsoft-Windows-Kernel-Boot	32	(58)	The bootmgr spent 0 ms waiting for user input.
Information	16-10-2021 08:37:11	Microsoft-Windows-Kernel-Boot	18	(57)	There are 0x1 boot options on this system.
Information	16-10-2021 08:37:11	Microsoft-Windows-Kernel-Boot	30	(21)	The firmware reported boot metrics.
Information	16-10-2021 08:37:10	Microsoft-Windows-Kernel-Power	105	(100)	Power source change.
Information	16-10-2021 08:37:09	Microsoft-Windows-Kernel-General	1	(5)	"The system time has changed to ‎2021‎-‎10‎-‎16T03:07:09.500000000Z from ‎2021‎-‎10‎-‎15T17:58:42.048926300Z.

Change Reason: System time synchronized with the hardware clock.
Process: '' (PID 4).

RTC time: ‎2021‎-‎10‎-‎16T08:37:09.500000000Z
Current time zone bias: -330
RTC time is in UTC: false
System time was based on RTC time: false"
Information	15-10-2021 23:28:42	Microsoft-Windows-Kernel-Power	107	(102)	The system has resumed from sleep.
Information	15-10-2021 23:28:20	Microsoft-Windows-Kernel-Power	42	(64)	"The system is entering sleep.

Sleep Reason: Application API"
Information	15-10-2021 23:28:02	Microsoft-Windows-Kernel-Power	566	(268)	"The system session has transitioned from 9 to 10.

Reason: 5"
Information	15-10-2021 23:28:02	Microsoft-Windows-Kernel-Power	187	(243)	User-mode process attempted to change the system state by calling SetSuspendState or SetSystemPowerState APIs.
Information	15-10-2021 23:27:59	Microsoft-Windows-Winlogon	7002	(1102)	User Logoff Notification for Customer Experience Improvement Program
Information	15-10-2021 23:27:59	User32	1074	None	"The process C:\WINDOWS\system32\winlogon.exe (LAPTOP-7EVMU4TQ) has initiated the power off of computer LAPTOP-7EVMU4TQ on behalf of user NT AUTHORITY\SYSTEM for the following reason: No title for this reason could be found
 Reason Code: 0x500ff
 Shutdown Type: power off
 Comment: "
Error	15-10-2021 23:27:49	Server	2505	None	The server could not bind to the transport \Device\NetBT_Tcpip_{9F961AE3-9423-4C8B-AB48-B1886999008B} because another computer on the network has the same name.  The server could not start.
Information	15-10-2021 23:27:24	User32	1074	None	"The process Explorer.EXE has initiated the power off of computer LAPTOP-7EVMU4TQ on behalf of user LAPTOP-7EVMU4TQ\mahendra for the following reason: Other (Unplanned)
 Reason Code: 0x0
 Shutdown Type: power off
 Comment: "
Warning	15-10-2021 23:27:21	Microsoft-Windows-DistributedCOM	10016	None	"The application-specific permission settings do not grant Local Activation permission for the COM Server application with CLSID 
{2593F8B9-4EAF-457C-B68A-50F6B8EA6B54}
 and APPID 
{15C20B67-12E7-4BB6-92BB-7AFF07997402}
 to the user LAPTOP-7EVMU4TQ\mahendra SID (S-1-5-21-38077573-387163758-1783380300-1002) from address LocalHost (Using LRPC) running in the application container Unavailable SID (Unavailable). This security permission can be modified using the Component Services administrative tool."
Information	15-10-2021 23:21:49	Service Control Manager	7040	None	The start type of the Background Intelligent Transfer Service service was changed from auto start to demand start.
Warning	15-10-2021 23:20:35	Microsoft-Windows-DistributedCOM	10016	None	"The application-specific permission settings do not grant Local Activation permission for the COM Server application with CLSID 
{2593F8B9-4EAF-457C-B68A-50F6B8EA6B54}
 and APPID 
{15C20B67-12E7-4BB6-92BB-7AFF07997402}
 to the user LAPTOP-7EVMU4TQ\mahendra SID (S-1-5-21-38077573-387163758-1783380300-1002) from address LocalHost (Using LRPC) running in the application container Unavailable SID (Unavailable). This security permission can be modified using the Component Services administrative tool."
Error	15-10-2021 23:20:18	Server	2505	None	The server could not bind to the transport \Device\NetBT_Tcpip_{F615E4F9-16B6-4708-972E-0F8F3788020A} because another computer on the network has the same name.  The server could not start.
Information	15-10-2021 23:05:45	Microsoft-Windows-Time-Service	158	None	The time provider 'VMICTimeProvider' has indicated that the current hardware and operating environment is not supported and has stopped. This behavior is expected for VMICTimeProvider on non-HyperV-guest environments. This may be the expected behavior for the current provider in the current operating environment as well.
Information	15-10-2021 23:05:17	Service Control Manager	7040	None	The start type of the Background Intelligent Transfer Service service was changed from demand start to auto start.
Error	15-10-2021 23:04:30	Server	2505	None	The server could not bind to the transport \Device\NetBT_Tcpip_{9F961AE3-9423-4C8B-AB48-B1886999008B} because another computer on the network has the same name.  The server could not start.
Warning	15-10-2021 23:01:05	Microsoft-Windows-DNS-Client	1014	(1014)	Name resolution for the name spclient.wg.spotify.com timed out after none of the configured DNS servers responded. Client PID 9680.
Warning	15-10-2021 23:00:51	Microsoft-Windows-DNS-Client	1014	(1014)	Name resolution for the name client.wns.windows.com timed out after none of the configured DNS servers responded. Client PID 4464.
Warning	15-10-2021 23:00:51	Microsoft-Windows-DNS-Client	1014	(1014)	Name resolution for the name beacons2.gvt2.com timed out after none of the configured DNS servers responded. Client PID 9680.
Warning	15-10-2021 23:00:32	Microsoft-Windows-DNS-Client	1014	(1014)	Name resolution for the name www.google.com timed out after none of the configured DNS servers responded. Client PID 16996.
Warning	15-10-2021 22:59:44	Microsoft-Windows-DNS-Client	1014	(1014)	Name resolution for the name client.wns.windows.com timed out after none of the configured DNS servers responded. Client PID 4464.
Warning	15-10-2021 22:59:44	Microsoft-Windows-DNS-Client	1014	(1014)	Name resolution for the name google.ru timed out after none of the configured DNS servers responded. Client PID 16996.
Warning	15-10-2021 22:56:51	Microsoft-Windows-DNS-Client	1014	(1014)	Name resolution for the name client.wns.windows.com timed out after none of the configured DNS servers responded. Client PID 4464.
Warning	15-10-2021 22:56:03	Microsoft-Windows-DNS-Client	1014	(1014)	Name resolution for the name d27xxe7juh1us6.cloudfront.net timed out after none of the configured DNS servers responded. Client PID 9680.
Warning	15-10-2021 22:55:49	Microsoft-Windows-DNS-Client	1014	(1014)	Name resolution for the name client.wns.windows.com timed out after none of the configured DNS servers responded. Client PID 4464.
Warning	15-10-2021 22:55:49	Microsoft-Windows-DNS-Client	1014	(1014)	Name resolution for the name tracker.cyberia.is timed out after none of the configured DNS servers responded. Client PID 11848.
Information	15-10-2021 22:48:41	Microsoft-Windows-Time-Service	158	None	The time provider 'VMICTimeProvider' has indicated that the current hardware and operating environment is not supported and has stopped. This behavior is expected for VMICTimeProvider on non-HyperV-guest environments. This may be the expected behavior for the current provider in the current operating environment as well.
Error	15-10-2021 22:39:50	Server	2505	None	The server could not bind to the transport \Device\NetBT_Tcpip_{9F961AE3-9423-4C8B-AB48-B1886999008B} because another computer on the network has the same name.  The server could not start.
Information	15-10-2021 22:39:19	Microsoft-Windows-Kernel-Power	566	(268)	"The system session has transitioned from 7 to 9.

Reason: 5"
Information	15-10-2021 22:37:30	Microsoft-Windows-Kernel-Power	566	(268)	"The system session has transitioned from 6 to 7.

Reason: 5"
Information	15-10-2021 22:31:37	Microsoft-Windows-Time-Service	158	None	The time provider 'VMICTimeProvider' has indicated that the current hardware and operating environment is not supported and has stopped. This behavior is expected for VMICTimeProvider on non-HyperV-guest environments. This may be the expected behavior for the current provider in the current operating environment as well.
Warning	15-10-2021 22:30:56	Microsoft-Windows-DNS-Client	1014	(1014)	Name resolution for the name gae2-spclient.spotify.com timed out after none of the configured DNS servers responded. Client PID 9680.
Warning	15-10-2021 22:24:28	Microsoft-Windows-DistributedCOM	10016	None	"The application-specific permission settings do not grant Local Activation permission for the COM Server application with CLSID 
{2593F8B9-4EAF-457C-B68A-50F6B8EA6B54}
 and APPID 
{15C20B67-12E7-4BB6-92BB-7AFF07997402}
 to the user LAPTOP-7EVMU4TQ\mahendra SID (S-1-5-21-38077573-387163758-1783380300-1002) from address LocalHost (Using LRPC) running in the application container Unavailable SID (Unavailable). This security permission can be modified using the Component Services administrative tool."
