Warning	04-11-2021 13:22:00	Microsoft-Windows-DistributedCOM	10016	None	"The application-specific permission settings do not grant Local Activation permission for the COM Server application with CLSID 
{2593F8B9-4EAF-457C-B68A-50F6B8EA6B54}
 and APPID 
{15C20B67-12E7-4BB6-92BB-7AFF07997402}
 to the user LAPTOP-7EVMU4TQ\mahendra SID (S-1-5-21-38077573-387163758-1783380300-1002) from address LocalHost (Using LRPC) running in the application container Unavailable SID (Unavailable). This security permission can be modified using the Component Services administrative tool."
Warning	04-11-2021 13:21:55	Microsoft-Windows-DistributedCOM	10016	None	"The application-specific permission settings do not grant Local Activation permission for the COM Server application with CLSID 
{2593F8B9-4EAF-457C-B68A-50F6B8EA6B54}
 and APPID 
{15C20B67-12E7-4BB6-92BB-7AFF07997402}
 to the user LAPTOP-7EVMU4TQ\mahendra SID (S-1-5-21-38077573-387163758-1783380300-1002) from address LocalHost (Using LRPC) running in the application container Unavailable SID (Unavailable). This security permission can be modified using the Component Services administrative tool."
Warning	04-11-2021 13:20:54	Microsoft-Windows-DistributedCOM	10016	None	"The application-specific permission settings do not grant Local Activation permission for the COM Server application with CLSID 
{2593F8B9-4EAF-457C-B68A-50F6B8EA6B54}
 and APPID 
{15C20B67-12E7-4BB6-92BB-7AFF07997402}
 to the user LAPTOP-7EVMU4TQ\mahendra SID (S-1-5-21-38077573-387163758-1783380300-1002) from address LocalHost (Using LRPC) running in the application container Unavailable SID (Unavailable). This security permission can be modified using the Component Services administrative tool."
Warning	04-11-2021 13:19:59	Microsoft-Windows-DistributedCOM	10016	None	"The application-specific permission settings do not grant Local Activation permission for the COM Server application with CLSID 
{2593F8B9-4EAF-457C-B68A-50F6B8EA6B54}
 and APPID 
{15C20B67-12E7-4BB6-92BB-7AFF07997402}
 to the user LAPTOP-7EVMU4TQ\mahendra SID (S-1-5-21-38077573-387163758-1783380300-1002) from address LocalHost (Using LRPC) running in the application container Unavailable SID (Unavailable). This security permission can be modified using the Component Services administrative tool."
Information	04-11-2021 12:52:32	Microsoft-Windows-Kernel-General	16	None	The access history in hive \??\C:\ProgramData\Packages\Microsoft.SkypeApp_kzf8qxf38zg5c\S-1-5-21-38077573-387163758-1783380300-1002\SystemAppData\Helium\Cache\38193a619ad43860_COM15.dat was cleared updating 1 keys and creating 1 modified pages.
Information	04-11-2021 12:47:18	Microsoft-Windows-Kernel-General	16	None	The access history in hive \??\C:\Users\mahendra\AppData\Local\Packages\Microsoft.MicrosoftOfficeHub_8wekyb3d8bbwe\Settings\settings.dat was cleared updating 3 keys and creating 1 modified pages.
Information	04-11-2021 12:25:14	Service Control Manager	7040	None	The start type of the Background Intelligent Transfer Service service was changed from auto start to demand start.
Information	04-11-2021 12:23:41	Microsoft-Windows-WindowsUpdateClient	19	Windows Update Agent	Installation Successful: Windows successfully installed the following update: Security Intelligence Update for Microsoft Defender Antivirus - KB2267602 (Version 1.353.389.0)
Information	04-11-2021 12:22:10	Service Control Manager	7040	None	The start type of the Background Intelligent Transfer Service service was changed from demand start to auto start.
Warning	04-11-2021 12:22:09	Microsoft-Windows-DistributedCOM	10016	None	"The application-specific permission settings do not grant Local Activation permission for the COM Server application with CLSID 
{2593F8B9-4EAF-457C-B68A-50F6B8EA6B54}
 and APPID 
{15C20B67-12E7-4BB6-92BB-7AFF07997402}
 to the user LAPTOP-7EVMU4TQ\mahendra SID (S-1-5-21-38077573-387163758-1783380300-1002) from address LocalHost (Using LRPC) running in the application container Unavailable SID (Unavailable). This security permission can be modified using the Component Services administrative tool."
Information	04-11-2021 12:21:50	Microsoft-Windows-WindowsUpdateClient	43	Windows Update Agent	Installation Started: Windows has started installing the following update: Security Intelligence Update for Microsoft Defender Antivirus - KB2267602 (Version 1.353.389.0)
Information	04-11-2021 12:21:50	Microsoft-Windows-WindowsUpdateClient	44	Windows Update Agent	Windows Update started downloading an update.
Information	04-11-2021 12:21:14	Microsoft-Windows-Kernel-General	1	(5)	"The system time has changed to ‎2021‎-‎11‎-‎04T06:51:14.045162900Z from ‎2021‎-‎11‎-‎04T06:51:14.045200500Z.

Change Reason: An application or system component changed the time.
Process: '\Device\HarddiskVolume3\Windows\System32\svchost.exe' (PID 4328).

RTC time: ‎2021‎-‎11‎-‎04T12:21:14.045162900Z
Current time zone bias: -330
RTC time is in UTC: false
System time was based on RTC time: false"
Information	04-11-2021 12:21:14	Microsoft-Windows-Kernel-General	24	(11)	The time zone information was refreshed with exit reason 0. Current time zone bias is -330.
Information	04-11-2021 12:21:14	Microsoft-Windows-Time-Service	35	None	The time service is now synchronizing the system time with the time source time.windows.com,0x9 (ntp.m|0x9|0.0.0.0:123->40.81.94.65:123) with reference id 1096700200. Current local stratum number is 4.
Information	04-11-2021 12:21:14	Microsoft-Windows-Time-Service	37	None	The time provider NtpClient is currently receiving valid time data from time.windows.com,0x9 (ntp.m|0x9|0.0.0.0:123->40.81.94.65:123).
Warning	04-11-2021 12:21:08	Microsoft-Windows-DistributedCOM	10016	None	"The application-specific permission settings do not grant Local Activation permission for the COM Server application with CLSID 
{2593F8B9-4EAF-457C-B68A-50F6B8EA6B54}
 and APPID 
{15C20B67-12E7-4BB6-92BB-7AFF07997402}
 to the user LAPTOP-7EVMU4TQ\mahendra SID (S-1-5-21-38077573-387163758-1783380300-1002) from address LocalHost (Using LRPC) running in the application container Unavailable SID (Unavailable). This security permission can be modified using the Component Services administrative tool."
Warning	04-11-2021 12:20:45	Microsoft-Windows-DistributedCOM	10016	None	"The application-specific permission settings do not grant Local Activation permission for the COM Server application with CLSID 
{2593F8B9-4EAF-457C-B68A-50F6B8EA6B54}
 and APPID 
{15C20B67-12E7-4BB6-92BB-7AFF07997402}
 to the user LAPTOP-7EVMU4TQ\mahendra SID (S-1-5-21-38077573-387163758-1783380300-1002) from address LocalHost (Using LRPC) running in the application container Unavailable SID (Unavailable). This security permission can be modified using the Component Services administrative tool."
Error	04-11-2021 12:20:28	Server	2505	None	The server could not bind to the transport \Device\NetBT_Tcpip_{9F961AE3-9423-4C8B-AB48-B1886999008B} because another computer on the network has the same name.  The server could not start.
Information	04-11-2021 12:18:46	Microsoft-Windows-Kernel-General	16	None	The access history in hive \??\C:\ProgramData\Packages\Microsoft.WindowsTerminal_8wekyb3d8bbwe\S-1-5-21-38077573-387163758-1783380300-1002\SystemAppData\Helium\Cache\b33bc60424b98cae_COM15.dat was cleared updating 1 keys and creating 1 modified pages.
Information	04-11-2021 12:18:46	Microsoft-Windows-Kernel-General	16	None	The access history in hive \??\C:\Users\mahendra\AppData\Local\Packages\Microsoft.WindowsTerminal_8wekyb3d8bbwe\SystemAppData\Helium\UserClasses.dat was cleared updating 6 keys and creating 1 modified pages.
Information	04-11-2021 12:18:46	Microsoft-Windows-Kernel-General	16	None	The access history in hive \??\C:\Users\mahendra\AppData\Local\Packages\Microsoft.WindowsTerminal_8wekyb3d8bbwe\SystemAppData\Helium\User.dat was cleared updating 1 keys and creating 1 modified pages.
Warning	04-11-2021 12:18:11	Microsoft-Windows-Time-Service	134	None	NtpClient was unable to set a manual peer to use as a time source because of DNS resolution error on 'time.windows.com,0x9'. NtpClient will try again in 15 minutes and double the reattempt interval thereafter. The error was: No such host is known. (0x80072AF9)
Information	04-11-2021 12:17:35	Microsoft-Windows-Power-Troubleshooter	1	None	"The system has returned from a low power state.

Sleep Time: ‎2021‎-‎11‎-‎04T06:46:32.522134500Z
Wake Time: ‎2021‎-‎11‎-‎04T06:47:34.134324400Z

Wake Source: Power Button"
Information	04-11-2021 12:17:34	Microsoft-Windows-Kernel-Power	566	(268)	"The system session has transitioned from 182 to 184.

Reason: 7"
Error	04-11-2021 12:17:34	Server	2505	None	The server could not bind to the transport \Device\NetBT_Tcpip_{59426481-F96A-490F-9157-08A6F626BD36} because another computer on the network has the same name.  The server could not start.
Information	04-11-2021 12:17:32	Microsoft-Windows-Kernel-Power	566	(268)	"The system session has transitioned from 181 to 182.

Reason: 7"
Information	04-11-2021 12:17:30	Microsoft-Windows-Kernel-Power	130	(33)	Firmware S3 times. SuspendStart: 122390341, SuspendEnd: 122390342
Information	04-11-2021 12:17:30	Microsoft-Windows-Kernel-Power	131	(33)	Firmware S3 times. ResumeCount: 1, FullResume: 1029, AverageResume: 1029
Information	04-11-2021 12:17:30	Microsoft-Windows-Kernel-General	1	(5)	"The system time has changed to ‎2021‎-‎11‎-‎04T06:47:30.500000000Z from ‎2021‎-‎11‎-‎04T06:46:43.738539900Z.

Change Reason: System time synchronized with the hardware clock.
Process: '' (PID 4).

RTC time: ‎2021‎-‎11‎-‎04T12:17:30.500000000Z
Current time zone bias: -330
RTC time is in UTC: false
System time was based on RTC time: false"
Information	04-11-2021 12:16:43	Microsoft-Windows-Kernel-Power	107	(102)	The system has resumed from sleep.
Information	04-11-2021 12:16:39	Microsoft-Windows-Kernel-Power	42	(64)	"The system is entering sleep.

Sleep Reason: System Idle"
Information	04-11-2021 12:16:34	Microsoft-Windows-Kernel-Power	566	(268)	"The system session has transitioned from 179 to 181.

Reason: 7"
Information	04-11-2021 12:16:32	Microsoft-Windows-Kernel-Power	566	(268)	"The system session has transitioned from 178 to 179.

Reason: 7"
Information	04-11-2021 12:16:27	Microsoft-Windows-Kernel-Power	566	(268)	"The system session has transitioned from 176 to 178.

Reason: 7"
Information	04-11-2021 12:16:26	Microsoft-Windows-Kernel-Power	105	(100)	Power source change.
Information	04-11-2021 12:14:30	Microsoft-Windows-Kernel-Power	566	(268)	"The system session has transitioned from 175 to 176.

Reason: 7"
Information	04-11-2021 12:13:35	Microsoft-Windows-Kernel-Power	105	(100)	Power source change.
Information	04-11-2021 12:09:29	Microsoft-Windows-Kernel-Power	566	(268)	"The system session has transitioned from 173 to 175.

Reason: 7"
Information	04-11-2021 12:09:19	Microsoft-Windows-Kernel-Power	566	(268)	"The system session has transitioned from 172 to 173.

Reason: 7"
Information	04-11-2021 12:08:24	Service Control Manager	7045	None	"A service was installed in the system.

Service Name:  MpKsle5b8204d
Service File Name:  C:\ProgramData\Microsoft\Windows Defender\Definition Updates\{6705B25E-1A3C-40ED-8726-5E1DDA97C788}\MpKslDrv.sys
Service Type:  kernel mode driver
Service Start Type:  demand start
Service Account:  "
Information	04-11-2021 12:07:08	Microsoft-Windows-Kernel-General	16	None	The access history in hive \??\C:\Windows\System32\config\components was cleared updating 71176 keys and creating 8510 modified pages.
Information	04-11-2021 12:06:55	Service Control Manager	7040	None	The start type of the Background Intelligent Transfer Service service was changed from auto start to demand start.
Information	04-11-2021 12:00:00	EventLog	6013	None	The system uptime is 415867 seconds.
Information	04-11-2021 11:57:35	Microsoft-Windows-Kernel-General	16	None	The access history in hive \??\C:\Users\mahendra\AppData\Local\Packages\AD2F1837.HPJumpStarts_v10z8vjag6ke6\Settings\settings.dat was cleared updating 3 keys and creating 1 modified pages.
Information	04-11-2021 11:57:09	Service Control Manager	7040	None	The start type of the Background Intelligent Transfer Service service was changed from demand start to auto start.
Information	04-11-2021 11:57:00	Microsoft-Windows-Kernel-General	16	None	The access history in hive \??\C:\ProgramData\Packages\AD2F1837.HPSystemEventUtility_v10z8vjag6ke6\S-1-5-21-38077573-387163758-1783380300-1002\SystemAppData\Helium\Cache\f866bdc619b5f66a_COM15.dat was cleared updating 1 keys and creating 1 modified pages.
Information	04-11-2021 11:57:00	Microsoft-Windows-Kernel-General	16	None	The access history in hive \??\C:\Users\mahendra\AppData\Local\Packages\AD2F1837.HPSystemEventUtility_v10z8vjag6ke6\SystemAppData\Helium\UserClasses.dat was cleared updating 1 keys and creating 1 modified pages.
Information	04-11-2021 11:57:00	Microsoft-Windows-Kernel-General	16	None	The access history in hive \??\C:\Users\mahendra\AppData\Local\Packages\AD2F1837.HPSystemEventUtility_v10z8vjag6ke6\SystemAppData\Helium\User.dat was cleared updating 12 keys and creating 1 modified pages.
Warning	04-11-2021 11:56:24	Microsoft-Windows-DistributedCOM	10016	None	"The application-specific permission settings do not grant Local Activation permission for the COM Server application with CLSID 
{6B3B8D23-FA8D-40B9-8DBD-B950333E2C52}
 and APPID 
{4839DDB7-58C2-48F5-8283-E1D1807D0D7D}
 to the user NT AUTHORITY\LOCAL SERVICE SID (S-1-5-19) from address LocalHost (Using LRPC) running in the application container Unavailable SID (Unavailable). This security permission can be modified using the Component Services administrative tool."
Warning	04-11-2021 11:56:24	Microsoft-Windows-DistributedCOM	10016	None	"The application-specific permission settings do not grant Local Activation permission for the COM Server application with CLSID 
{6B3B8D23-FA8D-40B9-8DBD-B950333E2C52}
 and APPID 
{4839DDB7-58C2-48F5-8283-E1D1807D0D7D}
 to the user NT AUTHORITY\LOCAL SERVICE SID (S-1-5-19) from address LocalHost (Using LRPC) running in the application container Unavailable SID (Unavailable). This security permission can be modified using the Component Services administrative tool."
Information	04-11-2021 11:56:21	Microsoft-Windows-Winlogon	7001	(1101)	User Logon Notification for Customer Experience Improvement Program
Warning	04-11-2021 11:51:31	Microsoft-Windows-Time-Service	134	None	NtpClient was unable to set a manual peer to use as a time source because of DNS resolution error on 'time.windows.com,0x9'. NtpClient will try again in 15 minutes and double the reattempt interval thereafter. The error was: No such host is known. (0x80072AF9)
Information	04-11-2021 11:50:58	Microsoft-Windows-Power-Troubleshooter	1	None	"The system has returned from a low power state.

Sleep Time: ‎2021‎-‎11‎-‎03T16:01:07.255226100Z
Wake Time: ‎2021‎-‎11‎-‎04T06:20:54.133036900Z

Wake Source: Unknown"
Information	04-11-2021 11:50:56	Microsoft-Windows-Kernel-General	16	None	The access history in hive \Device\HarddiskVolume1\EFI\Microsoft\Boot\BCD was cleared updating 74 keys and creating 8 modified pages.
Information	04-11-2021 11:50:55	Microsoft-Windows-Kernel-Power	566	(268)	"The system session has transitioned from 170 to 172.

Reason: 7"
Warning	04-11-2021 11:50:54	Microsoft-Windows-Time-Service	134	None	NtpClient was unable to set a manual peer to use as a time source because of DNS resolution error on 'time.windows.com,0x9'. NtpClient will try again in 15 minutes and double the reattempt interval thereafter. The error was: No such host is known. (0x80072AF9)
Error	04-11-2021 11:50:54	Server	2505	None	The server could not bind to the transport \Device\NetBT_Tcpip_{59426481-F96A-490F-9157-08A6F626BD36} because another computer on the network has the same name.  The server could not start.
Information	04-11-2021 11:50:53	Microsoft-Windows-Kernel-Power	566	(268)	"The system session has transitioned from 169 to 170.

Reason: 7"
Information	04-11-2021 11:50:53	Microsoft-Windows-Kernel-Boot	32	(58)	The bootmgr spent 0 ms waiting for user input.
Information	04-11-2021 11:50:53	Microsoft-Windows-Kernel-Boot	18	(57)	There are 0x1 boot options on this system.
Information	04-11-2021 11:50:53	Microsoft-Windows-Kernel-Boot	30	(21)	The firmware reported boot metrics.
Information	04-11-2021 11:50:51	Microsoft-Windows-Kernel-Power	105	(100)	Power source change.
Information	04-11-2021 11:50:50	Microsoft-Windows-Kernel-General	1	(5)	"The system time has changed to ‎2021‎-‎11‎-‎04T06:20:50.500000000Z from ‎2021‎-‎11‎-‎03T16:01:41.189689800Z.

Change Reason: System time synchronized with the hardware clock.
Process: '' (PID 4).

RTC time: ‎2021‎-‎11‎-‎04T11:50:50.500000000Z
Current time zone bias: -330
RTC time is in UTC: false
System time was based on RTC time: false"
Information	03-11-2021 21:31:41	Microsoft-Windows-Kernel-Power	107	(102)	The system has resumed from sleep.
Information	03-11-2021 21:31:21	Microsoft-Windows-Kernel-Power	42	(64)	"The system is entering sleep.

Sleep Reason: Application API"
Information	03-11-2021 21:31:19	Microsoft-Windows-Winlogon	7002	(1102)	User Logoff Notification for Customer Experience Improvement Program
Information	03-11-2021 21:31:08	Microsoft-Windows-Kernel-Power	566	(268)	"The system session has transitioned from 168 to 169.

Reason: 7"
Information	03-11-2021 21:31:07	Microsoft-Windows-Kernel-Power	187	(243)	User-mode process attempted to change the system state by calling SetSuspendState or SetSystemPowerState APIs.
Information	03-11-2021 21:31:05	Microsoft-Windows-Winlogon	7002	(1102)	User Logoff Notification for Customer Experience Improvement Program
Information	03-11-2021 21:30:48	User32	1074	None	"The process Explorer.EXE has initiated the power off of computer LAPTOP-7EVMU4TQ on behalf of user LAPTOP-7EVMU4TQ\mahendra for the following reason: Other (Unplanned)
 Reason Code: 0x0
 Shutdown Type: power off
 Comment: "
Information	03-11-2021 21:30:43	Application Popup	26	None	"Application popup: Windows : Other people are logged on to this computer. Shutting down Windows might cause them to lose data.

Do you want to continue shutting down?"
Information	03-11-2021 21:29:45	Microsoft-Windows-Power-Troubleshooter	1	None	"The system has returned from a low power state.

Sleep Time: ‎2021‎-‎11‎-‎03T15:12:09.183479400Z
Wake Time: ‎2021‎-‎11‎-‎03T15:59:41.636058300Z

Wake Source: Power Button"
Information	03-11-2021 21:29:41	Microsoft-Windows-Kernel-Power	566	(268)	"The system session has transitioned from 166 to 168.

Reason: 7"
Error	03-11-2021 21:29:42	Server	2505	None	The server could not bind to the transport \Device\NetBT_Tcpip_{59426481-F96A-490F-9157-08A6F626BD36} because another computer on the network has the same name.  The server could not start.
Information	03-11-2021 21:29:40	Microsoft-Windows-Kernel-Power	566	(268)	"The system session has transitioned from 165 to 166.

Reason: 7"
Information	03-11-2021 21:29:37	Microsoft-Windows-Kernel-Power	130	(33)	Firmware S3 times. SuspendStart: 120684602, SuspendEnd: 120684603
Information	03-11-2021 21:29:37	Microsoft-Windows-Kernel-Power	131	(33)	Firmware S3 times. ResumeCount: 4, FullResume: 1028, AverageResume: 1029
Information	03-11-2021 21:29:37	Microsoft-Windows-Kernel-General	1	(5)	"The system time has changed to ‎2021‎-‎11‎-‎03T15:59:37.500000000Z from ‎2021‎-‎11‎-‎03T15:12:23.180845400Z.

Change Reason: System time synchronized with the hardware clock.
Process: '' (PID 4).

RTC time: ‎2021‎-‎11‎-‎03T21:29:37.500000000Z
Current time zone bias: -330
RTC time is in UTC: false
System time was based on RTC time: false"
Information	03-11-2021 20:42:23	Microsoft-Windows-Kernel-Power	107	(102)	The system has resumed from sleep.
Information	03-11-2021 20:42:18	Microsoft-Windows-Kernel-Power	42	(64)	"The system is entering sleep.

Sleep Reason: System Idle"
Information	03-11-2021 20:42:10	Microsoft-Windows-Kernel-Power	566	(268)	"The system session has transitioned from 163 to 165.

Reason: 7"
Information	03-11-2021 20:41:43	Microsoft-Windows-Kernel-Power	566	(268)	"The system session has transitioned from 162 to 163.

Reason: 7"
Warning	03-11-2021 19:56:01	Microsoft-Windows-DistributedCOM	10016	None	"The application-specific permission settings do not grant Local Activation permission for the COM Server application with CLSID 
{2593F8B9-4EAF-457C-B68A-50F6B8EA6B54}
 and APPID 
{15C20B67-12E7-4BB6-92BB-7AFF07997402}
 to the user LAPTOP-7EVMU4TQ\mahendra SID (S-1-5-21-38077573-387163758-1783380300-1002) from address LocalHost (Using LRPC) running in the application container Unavailable SID (Unavailable). This security permission can be modified using the Component Services administrative tool."
Error	03-11-2021 19:55:52	Server	2505	None	The server could not bind to the transport \Device\NetBT_Tcpip_{9F961AE3-9423-4C8B-AB48-B1886999008B} because another computer on the network has the same name.  The server could not start.
Information	03-11-2021 19:55:05	Microsoft-Windows-Power-Troubleshooter	1	None	"The system has returned from a low power state.

Sleep Time: ‎2021‎-‎11‎-‎03T14:01:40.883734200Z
Wake Time: ‎2021‎-‎11‎-‎03T14:25:02.348532300Z

Wake Source: Power Button"
Error	03-11-2021 19:55:05	Server	2505	None	The server could not bind to the transport \Device\NetBT_Tcpip_{59426481-F96A-490F-9157-08A6F626BD36} because another computer on the network has the same name.  The server could not start.
Information	03-11-2021 19:55:02	Microsoft-Windows-Kernel-Power	566	(268)	"The system session has transitioned from 160 to 162.

Reason: 7"
Information	03-11-2021 19:55:01	Microsoft-Windows-Kernel-Power	566	(268)	"The system session has transitioned from 159 to 160.

Reason: 7"
Information	03-11-2021 19:54:59	Microsoft-Windows-Kernel-Power	130	(33)	Firmware S3 times. SuspendStart: 117843544, SuspendEnd: 117843545
Information	03-11-2021 19:54:59	Microsoft-Windows-Kernel-Power	131	(33)	Firmware S3 times. ResumeCount: 3, FullResume: 1029, AverageResume: 1030
Information	03-11-2021 19:54:59	Microsoft-Windows-Kernel-General	1	(5)	"The system time has changed to ‎2021‎-‎11‎-‎03T14:24:59.500000000Z from ‎2021‎-‎11‎-‎03T14:02:02.149459600Z.

Change Reason: System time synchronized with the hardware clock.
Process: '' (PID 4).

RTC time: ‎2021‎-‎11‎-‎03T19:54:59.500000000Z
Current time zone bias: -330
RTC time is in UTC: false
System time was based on RTC time: false"
Information	03-11-2021 19:32:02	Microsoft-Windows-Kernel-Power	107	(102)	The system has resumed from sleep.
Information	03-11-2021 19:31:57	Microsoft-Windows-Kernel-Power	42	(64)	"The system is entering sleep.

Sleep Reason: Button or Lid"
Information	03-11-2021 19:31:42	Microsoft-Windows-Kernel-Power	566	(268)	"The system session has transitioned from 158 to 159.

Reason: 7"
Information	03-11-2021 19:28:48	Service Control Manager	7040	None	The start type of the Background Intelligent Transfer Service service was changed from auto start to demand start.
Information	03-11-2021 19:26:42	Service Control Manager	7040	None	The start type of the Background Intelligent Transfer Service service was changed from demand start to auto start.
Error	03-11-2021 19:15:28	Service Control Manager	7009	None	A timeout was reached (30000 milliseconds) while waiting for the Intel(R) SUR QC Software Asset Manager service to connect.
Information	03-11-2021 19:11:27	Service Control Manager	7040	None	The start type of the Background Intelligent Transfer Service service was changed from auto start to demand start.
Warning	03-11-2021 19:07:54	Microsoft-Windows-DistributedCOM	10016	None	"The application-specific permission settings do not grant Local Activation permission for the COM Server application with CLSID 
{2593F8B9-4EAF-457C-B68A-50F6B8EA6B54}
 and APPID 
{15C20B67-12E7-4BB6-92BB-7AFF07997402}
 to the user LAPTOP-7EVMU4TQ\mahendra SID (S-1-5-21-38077573-387163758-1783380300-1002) from address LocalHost (Using LRPC) running in the application container Unavailable SID (Unavailable). This security permission can be modified using the Component Services administrative tool."
Error	03-11-2021 19:07:16	Server	2505	None	The server could not bind to the transport \Device\NetBT_Tcpip_{9F961AE3-9423-4C8B-AB48-B1886999008B} because another computer on the network has the same name.  The server could not start.
Information	03-11-2021 19:06:25	Microsoft-Windows-Kernel-Power	566	(268)	"The system session has transitioned from 156 to 158.

Reason: 7"
Information	03-11-2021 19:06:21	Microsoft-Windows-Kernel-Power	566	(268)	"The system session has transitioned from 155 to 156.

Reason: 7"
Information	03-11-2021 19:05:20	Microsoft-Windows-Kernel-Power	566	(268)	"The system session has transitioned from 153 to 155.

Reason: 7"
Information	03-11-2021 19:04:12	Microsoft-Windows-Kernel-General	16	None	The access history in hive \??\C:\Users\Ramesh Lal\AppData\Local\Packages\MicrosoftWindows.Client.WebExperience_cw5n1h2txyewy\SystemAppData\Helium\UserClasses.dat was cleared updating 12 keys and creating 1 modified pages.
Information	03-11-2021 19:04:12	Microsoft-Windows-Kernel-General	16	None	The access history in hive \??\C:\Users\Ramesh Lal\AppData\Local\Packages\MicrosoftWindows.Client.WebExperience_cw5n1h2txyewy\SystemAppData\Helium\User.dat was cleared updating 26 keys and creating 4 modified pages.
Information	03-11-2021 19:02:26	Microsoft-Windows-Kernel-Power	566	(268)	"The system session has transitioned from 152 to 153.

Reason: 7"
Information	03-11-2021 19:01:32	Microsoft-Windows-Power-Troubleshooter	1	None	"The system has returned from a low power state.

Sleep Time: ‎2021‎-‎11‎-‎03T11:27:03.084463000Z
Wake Time: ‎2021‎-‎11‎-‎03T13:31:24.661905500Z

Wake Source: Power Button"
Error	03-11-2021 19:01:31	Server	2505	None	The server could not bind to the transport \Device\NetBT_Tcpip_{9F961AE3-9423-4C8B-AB48-B1886999008B} because another computer on the network has the same name.  The server could not start.
Error	03-11-2021 19:01:27	Server	2505	None	The server could not bind to the transport \Device\NetBT_Tcpip_{59426481-F96A-490F-9157-08A6F626BD36} because another computer on the network has the same name.  The server could not start.
Information	03-11-2021 19:01:26	Microsoft-Windows-Kernel-Power	566	(268)	"The system session has transitioned from 150 to 152.

Reason: 7"
Information	03-11-2021 19:01:24	Microsoft-Windows-Kernel-Power	566	(268)	"The system session has transitioned from 149 to 150.

Reason: 7"
Information	03-11-2021 19:01:21	Microsoft-Windows-Kernel-Power	130	(33)	Firmware S3 times. SuspendStart: 116004591, SuspendEnd: 116004592
Information	03-11-2021 19:01:21	Microsoft-Windows-Kernel-Power	131	(33)	Firmware S3 times. ResumeCount: 2, FullResume: 1029, AverageResume: 1030
Information	03-11-2021 19:01:21	Microsoft-Windows-Kernel-General	1	(5)	"The system time has changed to ‎2021‎-‎11‎-‎03T13:31:21.500000000Z from ‎2021‎-‎11‎-‎03T11:27:14.074305300Z.

Change Reason: System time synchronized with the hardware clock.
Process: '' (PID 4).

RTC time: ‎2021‎-‎11‎-‎03T19:01:21.500000000Z
Current time zone bias: -330
RTC time is in UTC: false
System time was based on RTC time: false"
Information	03-11-2021 16:57:14	Microsoft-Windows-Kernel-Power	107	(102)	The system has resumed from sleep.
Information	03-11-2021 16:57:09	Microsoft-Windows-Kernel-Power	42	(64)	"The system is entering sleep.

Sleep Reason: Button or Lid"
Information	03-11-2021 16:57:06	Microsoft-Windows-Kernel-General	16	None	The access history in hive \??\C:\Users\Ramesh Lal\AppData\Local\Packages\Microsoft.Windows.ContentDeliveryManager_cw5n1h2txyewy\Settings\settings.dat was cleared updating 942 keys and creating 58 modified pages.
Information	03-11-2021 16:57:06	Microsoft-Windows-Kernel-General	16	None	The access history in hive \??\C:\Users\Ramesh Lal\AppData\Local\Packages\Microsoft.LockApp_cw5n1h2txyewy\Settings\settings.dat was cleared updating 3 keys and creating 1 modified pages.
Information	03-11-2021 16:57:04	Microsoft-Windows-Kernel-Power	566	(268)	"The system session has transitioned from 148 to 149.

Reason: 7"
Information	03-11-2021 16:56:45	Microsoft-Windows-Kernel-General	16	None	The access history in hive \??\C:\Users\Ramesh Lal\AppData\Local\Packages\Microsoft.WindowsTerminal_8wekyb3d8bbwe\SystemAppData\Helium\UserClasses.dat was cleared updating 14 keys and creating 1 modified pages.
Information	03-11-2021 16:56:45	Microsoft-Windows-Kernel-General	16	None	The access history in hive \??\C:\Users\Ramesh Lal\AppData\Local\Packages\Microsoft.WindowsTerminal_8wekyb3d8bbwe\SystemAppData\Helium\User.dat was cleared updating 1 keys and creating 1 modified pages.
Warning	03-11-2021 16:52:50	Microsoft-Windows-DistributedCOM	10016	None	"The application-specific permission settings do not grant Local Activation permission for the COM Server application with CLSID 
{2593F8B9-4EAF-457C-B68A-50F6B8EA6B54}
 and APPID 
{15C20B67-12E7-4BB6-92BB-7AFF07997402}
 to the user LAPTOP-7EVMU4TQ\Ramesh Lal SID (S-1-5-21-38077573-387163758-1783380300-1001) from address LocalHost (Using LRPC) running in the application container Unavailable SID (Unavailable). This security permission can be modified using the Component Services administrative tool."
Information	03-11-2021 16:52:39	Service Control Manager	7040	None	The start type of the Background Intelligent Transfer Service service was changed from demand start to auto start.
Warning	03-11-2021 16:51:37	Microsoft-Windows-DistributedCOM	10016	None	"The application-specific permission settings do not grant Local Activation permission for the COM Server application with CLSID 
{2593F8B9-4EAF-457C-B68A-50F6B8EA6B54}
 and APPID 
{15C20B67-12E7-4BB6-92BB-7AFF07997402}
 to the user LAPTOP-7EVMU4TQ\Ramesh Lal SID (S-1-5-21-38077573-387163758-1783380300-1001) from address LocalHost (Using LRPC) running in the application container Unavailable SID (Unavailable). This security permission can be modified using the Component Services administrative tool."
Information	03-11-2021 16:51:11	Microsoft-Windows-Kernel-General	16	None	The access history in hive \??\C:\Users\Ramesh Lal\AppData\Local\Packages\Microsoft.MicrosoftOfficeHub_8wekyb3d8bbwe\Settings\settings.dat was cleared updating 3 keys and creating 1 modified pages.
Warning	03-11-2021 16:50:57	Microsoft-Windows-DistributedCOM	10016	None	"The application-specific permission settings do not grant Local Activation permission for the COM Server application with CLSID 
{2593F8B9-4EAF-457C-B68A-50F6B8EA6B54}
 and APPID 
{15C20B67-12E7-4BB6-92BB-7AFF07997402}
 to the user LAPTOP-7EVMU4TQ\Ramesh Lal SID (S-1-5-21-38077573-387163758-1783380300-1001) from address LocalHost (Using LRPC) running in the application container Unavailable SID (Unavailable). This security permission can be modified using the Component Services administrative tool."
Information	03-11-2021 16:50:54	Microsoft-Windows-Kernel-General	16	None	The access history in hive \??\C:\Users\Ramesh Lal\AppData\Local\Packages\Microsoft.MicrosoftOfficeHub_8wekyb3d8bbwe\SystemAppData\Helium\UserClasses.dat was cleared updating 1 keys and creating 1 modified pages.
Information	03-11-2021 16:50:54	Microsoft-Windows-Kernel-General	16	None	The access history in hive \??\C:\Users\Ramesh Lal\AppData\Local\Packages\Microsoft.MicrosoftOfficeHub_8wekyb3d8bbwe\SystemAppData\Helium\User.dat was cleared updating 1 keys and creating 1 modified pages.
Information	03-11-2021 16:49:29	Microsoft-Windows-Kernel-General	16	None	The access history in hive \??\C:\ProgramData\Packages\5A894077.McAfeeSecurity_wafk5atnkzcwy\S-1-5-21-38077573-387163758-1783380300-1001\SystemAppData\Helium\Cache\905c2eb6230551ed_COM15.dat was cleared updating 1 keys and creating 1 modified pages.
Information	03-11-2021 16:49:29	Microsoft-Windows-Kernel-General	16	None	The access history in hive \??\C:\Users\Ramesh Lal\AppData\Local\Packages\5A894077.McAfeeSecurity_wafk5atnkzcwy\SystemAppData\Helium\UserClasses.dat was cleared updating 2 keys and creating 1 modified pages.
Information	03-11-2021 16:49:29	Microsoft-Windows-Kernel-General	16	None	The access history in hive \??\C:\Users\Ramesh Lal\AppData\Local\Packages\5A894077.McAfeeSecurity_wafk5atnkzcwy\SystemAppData\Helium\User.dat was cleared updating 5 keys and creating 1 modified pages.
Information	03-11-2021 16:49:23	Microsoft-Windows-Kernel-General	16	None	The access history in hive \??\C:\Users\Ramesh Lal\AppData\Local\Packages\5A894077.McAfeeSecurity_wafk5atnkzcwy\Settings\settings.dat was cleared updating 3 keys and creating 1 modified pages.
Information	03-11-2021 16:49:13	Microsoft-Windows-Kernel-General	16	None	The access history in hive \??\C:\Users\Ramesh Lal\AppData\Local\Packages\AD2F1837.HPPrinterControl_v10z8vjag6ke6\Settings\settings.dat was cleared updating 1 keys and creating 1 modified pages.
Information	03-11-2021 16:49:09	Microsoft-Windows-Kernel-General	16	None	The access history in hive \??\C:\Users\Ramesh Lal\AppData\Local\Packages\Microsoft.HEIFImageExtension_8wekyb3d8bbwe\Settings\settings.dat was cleared updating 1 keys and creating 1 modified pages.
Information	03-11-2021 16:49:04	Microsoft-Windows-Kernel-General	16	None	The access history in hive \??\C:\Users\Ramesh Lal\AppData\Local\Packages\Microsoft.LanguageExperiencePacken-GB_8wekyb3d8bbwe\Settings\settings.dat was cleared updating 3 keys and creating 1 modified pages.
Information	03-11-2021 16:48:59	Microsoft-Windows-Kernel-General	16	None	The access history in hive \??\C:\Users\Ramesh Lal\AppData\Local\Packages\Microsoft.Microsoft3DViewer_8wekyb3d8bbwe\Settings\settings.dat was cleared updating 1 keys and creating 1 modified pages.
Information	03-11-2021 16:48:53	Microsoft-Windows-Kernel-General	16	None	The access history in hive \??\C:\Users\Ramesh Lal\AppData\Local\Packages\Microsoft.MicrosoftSolitaireCollection_8wekyb3d8bbwe\Settings\settings.dat was cleared updating 1 keys and creating 1 modified pages.
Information	03-11-2021 16:48:42	Microsoft-Windows-Kernel-General	16	None	The access history in hive \??\C:\Users\Ramesh Lal\AppData\Local\Packages\Microsoft.Office.OneNote_8wekyb3d8bbwe\Settings\settings.dat was cleared updating 1 keys and creating 1 modified pages.
Information	03-11-2021 16:48:34	Microsoft-Windows-Kernel-General	16	None	The access history in hive \??\C:\Users\Ramesh Lal\AppData\Local\Packages\Microsoft.PowerAutomateDesktop_8wekyb3d8bbwe\Settings\settings.dat was cleared updating 3 keys and creating 1 modified pages.
Information	03-11-2021 16:48:28	Microsoft-Windows-Kernel-General	16	None	The access history in hive \??\C:\Users\Ramesh Lal\AppData\Local\Packages\Microsoft.Todos_8wekyb3d8bbwe\Settings\settings.dat was cleared updating 3 keys and creating 1 modified pages.
Information	03-11-2021 16:48:15	Microsoft-Windows-Kernel-General	16	None	The access history in hive \??\C:\Users\Ramesh Lal\AppData\Local\Packages\Microsoft.WindowsCalculator_8wekyb3d8bbwe\Settings\settings.dat was cleared updating 1 keys and creating 1 modified pages.
Information	03-11-2021 16:48:08	Microsoft-Windows-Kernel-General	16	None	The access history in hive \??\C:\Users\Ramesh Lal\AppData\Local\Packages\Microsoft.WindowsTerminal_8wekyb3d8bbwe\Settings\settings.dat was cleared updating 3 keys and creating 1 modified pages.
Information	03-11-2021 16:47:45	Microsoft-Windows-Kernel-General	16	None	The access history in hive \??\C:\Users\Ramesh Lal\AppData\Local\Packages\Microsoft.XboxGamingOverlay_8wekyb3d8bbwe\Settings\settings.dat was cleared updating 6 keys and creating 2 modified pages.
Error	03-11-2021 16:47:28	Server	2505	None	The server could not bind to the transport \Device\NetBT_Tcpip_{9F961AE3-9423-4C8B-AB48-B1886999008B} because another computer on the network has the same name.  The server could not start.
Information	03-11-2021 16:47:19	Microsoft-Windows-Kernel-General	16	None	The access history in hive \??\C:\Users\Ramesh Lal\AppData\Local\Packages\Microsoft.ZuneMusic_8wekyb3d8bbwe\Settings\settings.dat was cleared updating 1 keys and creating 1 modified pages.
Information	03-11-2021 16:47:01	Microsoft-Windows-Kernel-General	16	None	The access history in hive \??\C:\Users\Ramesh Lal\AppData\Local\Packages\Microsoft.ZuneVideo_8wekyb3d8bbwe\Settings\settings.dat was cleared updating 1 keys and creating 1 modified pages.
Information	03-11-2021 16:46:56	Microsoft-Windows-Kernel-General	16	None	The access history in hive \??\C:\Users\Ramesh Lal\AppData\Local\Packages\Microsoft.SkypeApp_kzf8qxf38zg5c\Settings\settings.dat was cleared updating 2 keys and creating 1 modified pages.
Information	03-11-2021 16:46:42	Microsoft-Windows-Kernel-General	16	None	The access history in hive \??\C:\Users\Ramesh Lal\AppData\Local\Packages\Microsoft.WindowsStore_8wekyb3d8bbwe\Settings\settings.dat was cleared updating 11 keys and creating 3 modified pages.
Information	03-11-2021 16:46:40	Microsoft-Windows-Kernel-General	16	None	The access history in hive \??\C:\ProgramData\Packages\AD2F1837.HPSystemEventUtility_v10z8vjag6ke6\S-1-5-21-38077573-387163758-1783380300-1001\SystemAppData\Helium\Cache\f866bdc619b5f66a_COM15.dat was cleared updating 1 keys and creating 1 modified pages.
Information	03-11-2021 16:46:40	Microsoft-Windows-Kernel-General	16	None	The access history in hive \??\C:\Users\Ramesh Lal\AppData\Local\Packages\AD2F1837.HPSystemEventUtility_v10z8vjag6ke6\SystemAppData\Helium\UserClasses.dat was cleared updating 1 keys and creating 1 modified pages.
Information	03-11-2021 16:46:40	Microsoft-Windows-Kernel-General	16	None	The access history in hive \??\C:\Users\Ramesh Lal\AppData\Local\Packages\AD2F1837.HPSystemEventUtility_v10z8vjag6ke6\SystemAppData\Helium\User.dat was cleared updating 12 keys and creating 1 modified pages.
Information	03-11-2021 16:46:33	Microsoft-Windows-Kernel-General	16	None	The access history in hive \??\C:\Users\Ramesh Lal\AppData\Local\Packages\Microsoft.WindowsAlarms_8wekyb3d8bbwe\Settings\settings.dat was cleared updating 6 keys and creating 1 modified pages.
Information	03-11-2021 16:45:40	Microsoft-Windows-Kernel-General	16	None	The access history in hive \??\C:\Users\Ramesh Lal\AppData\Local\Packages\Microsoft.549981C3F5F10_8wekyb3d8bbwe\Settings\settings.dat was cleared updating 3 keys and creating 1 modified pages.
Information	03-11-2021 16:45:26	Microsoft-Windows-Kernel-General	16	None	The access history in hive \??\C:\Users\Ramesh Lal\AppData\Local\Packages\microsoft.windowscommunicationsapps_8wekyb3d8bbwe\Settings\settings.dat was cleared updating 29 keys and creating 4 modified pages.
Information	03-11-2021 16:45:21	Microsoft-Windows-Kernel-General	16	None	The access history in hive \??\C:\ProgramData\Packages\Microsoft.549981C3F5F10_8wekyb3d8bbwe\S-1-5-21-38077573-387163758-1783380300-1001\SystemAppData\Helium\Cache\1e959846b3d0c489_COM15.dat was cleared updating 1 keys and creating 1 modified pages.
Information	03-11-2021 16:45:19	Microsoft-Windows-Kernel-General	16	None	The access history in hive \??\C:\Users\Ramesh Lal\AppData\Local\Packages\AD2F1837.HPJumpStarts_v10z8vjag6ke6\Settings\settings.dat was cleared updating 3 keys and creating 1 modified pages.
Information	03-11-2021 16:45:17	Microsoft-Windows-Kernel-General	16	None	The access history in hive \??\C:\Users\Ramesh Lal\AppData\Local\Packages\MicrosoftTeams_8wekyb3d8bbwe\Settings\settings.dat was cleared updating 3 keys and creating 1 modified pages.
Information	03-11-2021 16:45:07	Microsoft-Windows-Kernel-General	16	None	The access history in hive \??\C:\Users\Ramesh Lal\AppData\Local\Packages\Microsoft.YourPhone_8wekyb3d8bbwe\Settings\settings.dat was cleared updating 28 keys and creating 8 modified pages.
Information	03-11-2021 16:44:50	Microsoft-Windows-Kernel-General	16	None	The access history in hive \??\C:\Users\Ramesh Lal\AppData\Local\Packages\Microsoft.AAD.BrokerPlugin_cw5n1h2txyewy\Settings\settings.dat was cleared updating 5 keys and creating 1 modified pages.
Information	03-11-2021 16:44:50	Microsoft-Windows-Kernel-General	16	None	The access history in hive \??\C:\Users\Ramesh Lal\AppData\Local\Packages\Microsoft.Windows.StartMenuExperienceHost_cw5n1h2txyewy\Settings\settings.dat was cleared updating 7 keys and creating 1 modified pages.
Information	03-11-2021 16:44:36	Microsoft-Windows-Kernel-General	16	None	The access history in hive \??\C:\Users\Ramesh Lal\AppData\Local\Packages\MicrosoftWindows.Client.WebExperience_cw5n1h2txyewy\Settings\settings.dat was cleared updating 1 keys and creating 1 modified pages.
Information	03-11-2021 16:44:35	Microsoft-Windows-Kernel-General	16	None	The access history in hive \??\C:\Users\Ramesh Lal\AppData\Local\Packages\MicrosoftWindows.Client.CBS_cw5n1h2txyewy\Settings\settings.dat was cleared updating 86 keys and creating 10 modified pages.
Warning	03-11-2021 16:44:12	Microsoft-Windows-DistributedCOM	10016	None	"The application-specific permission settings do not grant Local Activation permission for the COM Server application with CLSID 
{6B3B8D23-FA8D-40B9-8DBD-B950333E2C52}
 and APPID 
{4839DDB7-58C2-48F5-8283-E1D1807D0D7D}
 to the user NT AUTHORITY\LOCAL SERVICE SID (S-1-5-19) from address LocalHost (Using LRPC) running in the application container Unavailable SID (Unavailable). This security permission can be modified using the Component Services administrative tool."
Warning	03-11-2021 16:44:11	Microsoft-Windows-DistributedCOM	10016	None	"The application-specific permission settings do not grant Local Activation permission for the COM Server application with CLSID 
{6B3B8D23-FA8D-40B9-8DBD-B950333E2C52}
 and APPID 
{4839DDB7-58C2-48F5-8283-E1D1807D0D7D}
 to the user NT AUTHORITY\LOCAL SERVICE SID (S-1-5-19) from address LocalHost (Using LRPC) running in the application container Unavailable SID (Unavailable). This security permission can be modified using the Component Services administrative tool."
Information	03-11-2021 16:44:07	Microsoft-Windows-Winlogon	7001	(1101)	User Logon Notification for Customer Experience Improvement Program
Information	03-11-2021 16:43:32	Microsoft-Windows-Power-Troubleshooter	1	None	"The system has returned from a low power state.

Sleep Time: ‎2021‎-‎11‎-‎03T10:50:45.791176300Z
Wake Time: ‎2021‎-‎11‎-‎03T11:13:28.571720700Z

Wake Source: Power Button"
Error	03-11-2021 16:43:30	Server	2505	None	The server could not bind to the transport \Device\NetBT_Tcpip_{59426481-F96A-490F-9157-08A6F626BD36} because another computer on the network has the same name.  The server could not start.
Information	03-11-2021 16:43:29	Microsoft-Windows-Kernel-Power	566	(268)	"The system session has transitioned from 146 to 148.

Reason: 7"
Information	03-11-2021 16:43:27	Microsoft-Windows-Kernel-Power	566	(268)	"The system session has transitioned from 145 to 146.

Reason: 7"
Information	03-11-2021 16:43:25	Microsoft-Windows-Kernel-Power	130	(33)	Firmware S3 times. SuspendStart: 115176777, SuspendEnd: 115176778
Information	03-11-2021 16:43:25	Microsoft-Windows-Kernel-Power	131	(33)	Firmware S3 times. ResumeCount: 1, FullResume: 1032, AverageResume: 1032
Information	03-11-2021 16:43:25	Microsoft-Windows-Kernel-General	1	(5)	"The system time has changed to ‎2021‎-‎11‎-‎03T11:13:25.500000000Z from ‎2021‎-‎11‎-‎03T10:51:05.789772200Z.

Change Reason: System time synchronized with the hardware clock.
Process: '' (PID 4).

RTC time: ‎2021‎-‎11‎-‎03T16:43:25.500000000Z
Current time zone bias: -330
RTC time is in UTC: false
System time was based on RTC time: false"
Information	03-11-2021 16:21:05	Microsoft-Windows-Kernel-Power	107	(102)	The system has resumed from sleep.
Information	03-11-2021 16:21:00	Microsoft-Windows-Kernel-Power	42	(64)	"The system is entering sleep.

Sleep Reason: Button or Lid"
Information	03-11-2021 16:20:49	Microsoft-Windows-Kernel-Power	566	(268)	"The system session has transitioned from 144 to 145.

Reason: 7"
Information	03-11-2021 16:16:14	Microsoft-Windows-Time-Service	158	None	The time provider 'VMICTimeProvider' has indicated that the current hardware and operating environment is not supported and has stopped. This behavior is expected for VMICTimeProvider on non-HyperV-guest environments. This may be the expected behavior for the current provider in the current operating environment as well.
Information	03-11-2021 15:59:51	Microsoft-Windows-Kernel-General	16	None	The access history in hive \??\C:\Users\mahendra\AppData\Local\Packages\Microsoft.AAD.BrokerPlugin_cw5n1h2txyewy\Settings\settings.dat was cleared updating 41 keys and creating 6 modified pages.
Warning	03-11-2021 15:59:51	Microsoft-Windows-DistributedCOM	10016	None	"The application-specific permission settings do not grant Local Activation permission for the COM Server application with CLSID 
{2593F8B9-4EAF-457C-B68A-50F6B8EA6B54}
 and APPID 
{15C20B67-12E7-4BB6-92BB-7AFF07997402}
 to the user LAPTOP-7EVMU4TQ\mahendra SID (S-1-5-21-38077573-387163758-1783380300-1002) from address LocalHost (Using LRPC) running in the application container Unavailable SID (Unavailable). This security permission can be modified using the Component Services administrative tool."
Information	03-11-2021 15:59:10	Microsoft-Windows-Time-Service	158	None	The time provider 'VMICTimeProvider' has indicated that the current hardware and operating environment is not supported and has stopped. This behavior is expected for VMICTimeProvider on non-HyperV-guest environments. This may be the expected behavior for the current provider in the current operating environment as well.
Information	03-11-2021 15:48:29	Microsoft-Windows-Kernel-Power	105	(100)	Power source change.
Information	03-11-2021 15:42:09	Microsoft-Windows-Kernel-General	16	None	The access history in hive \SystemRoot\System32\config\DRIVERS was cleared updating 47156 keys and creating 2449 modified pages.
Information	03-11-2021 15:42:06	Microsoft-Windows-Time-Service	158	None	The time provider 'VMICTimeProvider' has indicated that the current hardware and operating environment is not supported and has stopped. This behavior is expected for VMICTimeProvider on non-HyperV-guest environments. This may be the expected behavior for the current provider in the current operating environment as well.
Information	03-11-2021 15:30:53	Microsoft-Windows-Kernel-Power	105	(100)	Power source change.
Information	03-11-2021 15:25:58	Microsoft-Windows-Kernel-Power	105	(100)	Power source change.
Information	03-11-2021 15:25:20	Service Control Manager	7040	None	The start type of the Windows Modules Installer service was changed from auto start to demand start.
Information	03-11-2021 15:25:18	Service Control Manager	7040	None	The start type of the Windows Modules Installer service was changed from demand start to auto start.
Information	03-11-2021 15:25:02	Microsoft-Windows-Time-Service	158	None	The time provider 'VMICTimeProvider' has indicated that the current hardware and operating environment is not supported and has stopped. This behavior is expected for VMICTimeProvider on non-HyperV-guest environments. This may be the expected behavior for the current provider in the current operating environment as well.
Information	03-11-2021 15:18:58	Service Control Manager	7040	None	The start type of the Background Intelligent Transfer Service service was changed from auto start to demand start.
Information	03-11-2021 15:16:48	Service Control Manager	7040	None	The start type of the Background Intelligent Transfer Service service was changed from demand start to auto start.
Information	03-11-2021 15:09:12	Service Control Manager	7040	None	The start type of the Windows Modules Installer service was changed from auto start to demand start.
Information	03-11-2021 15:07:52	Service Control Manager	7040	None	The start type of the Windows Modules Installer service was changed from demand start to auto start.
Information	03-11-2021 15:07:42	Microsoft-Windows-Time-Service	37	None	The time provider NtpClient is currently receiving valid time data from time.windows.com,0x9 (ntp.m|0x9|0.0.0.0:123->40.81.94.65:123).
Information	03-11-2021 15:07:42	Microsoft-Windows-Time-Service	158	None	The time provider 'VMICTimeProvider' has indicated that the current hardware and operating environment is not supported and has stopped. This behavior is expected for VMICTimeProvider on non-HyperV-guest environments. This may be the expected behavior for the current provider in the current operating environment as well.
Information	03-11-2021 15:06:26	Microsoft-Windows-WindowsUpdateClient	19	Windows Update Agent	Installation Successful: Windows successfully installed the following update: 9WZDNCRFHVJL-MICROSOFT.OFFICE.ONENOTE
Information	03-11-2021 15:06:18	Microsoft-Windows-Kernel-General	16	None	The access history in hive \??\C:\Users\mahendra\AppData\Local\Packages\Microsoft.Office.OneNote_8wekyb3d8bbwe\Settings\settings.dat was cleared updating 2 keys and creating 1 modified pages.
Information	03-11-2021 15:06:16	Microsoft-Windows-WindowsUpdateClient	43	Windows Update Agent	Installation Started: Windows has started installing the following update: 9WZDNCRFHVJL-MICROSOFT.OFFICE.ONENOTE
Information	03-11-2021 15:06:14	Microsoft-Windows-WindowsUpdateClient	19	Windows Update Agent	Installation Successful: Windows successfully installed the following update: 9NBLGGH5R558-Microsoft.Todos
Information	03-11-2021 15:06:11	Microsoft-Windows-Kernel-General	16	None	The access history in hive \??\C:\ProgramData\Microsoft\Windows\AppRepository\Packages\Microsoft.Office.OneNote_16001.14326.20548.0_x64__8wekyb3d8bbwe\ActivationStore.dat was cleared updating 0 keys and creating 0 modified pages.
