Warning	18-11-2021 17:33:51	Microsoft-Windows-Kernel-PnP	225	(223)	"The application \Device\HarddiskVolume3\Windows\System32\svchost.exe with process id 1144 stopped the removal or ejection for the device PCI\VEN_8086&DEV_282A&SUBSYS_86B4103C&REV_00\3&11583659&2&B8.
Process command line: C:\WINDOWS\system32\svchost.exe -k DcomLaunch -p"
Warning	18-11-2021 17:33:51	Microsoft-Windows-Kernel-PnP	225	(223)	"The application \Device\HarddiskVolume3\Windows\System32\wininit.exe with process id 984 stopped the removal or ejection for the device PCI\VEN_8086&DEV_282A&SUBSYS_86B4103C&REV_00\3&11583659&2&B8.
Process command line: wininit.exe"
Warning	18-11-2021 17:33:51	Microsoft-Windows-Kernel-PnP	225	(223)	"The application \Device\HarddiskVolume3\Program Files (x86)\HP\HPAudioSwitch\HPAudioSwitch.exe with process id 872 stopped the removal or ejection for the device PCI\VEN_8086&DEV_282A&SUBSYS_86B4103C&REV_00\3&11583659&2&B8.
Process command line: ""C:\Program Files (x86)\HP\HPAudioSwitch\HPAudioSwitch.exe"""
Warning	18-11-2021 17:33:51	Microsoft-Windows-Kernel-PnP	225	(223)	"The application \Device\HarddiskVolume3\Windows\System32\csrss.exe with process id 864 stopped the removal or ejection for the device PCI\VEN_8086&DEV_282A&SUBSYS_86B4103C&REV_00\3&11583659&2&B8.
Process command line: %SystemRoot%\system32\csrss.exe ObjectDirectory=\Windows SharedSection=1024,20480,768 Windows=On SubSystemType=Windows ServerDll=basesrv,1 ServerDll=winsrv:UserServerDllInitialization,3 ServerDll=sxssrv,4 ProfileControl=Off MaxRequestThreads=16"
Warning	18-11-2021 17:33:51	Microsoft-Windows-Kernel-PnP	225	(223)	"The application \Device\HarddiskVolume3\Windows\System32\lsass.exe with process id 756 stopped the removal or ejection for the device PCI\VEN_8086&DEV_282A&SUBSYS_86B4103C&REV_00\3&11583659&2&B8.
Process command line: C:\WINDOWS\system32\lsass.exe"
Warning	18-11-2021 17:33:51	Microsoft-Windows-Kernel-PnP	225	(223)	"The application \Device\HarddiskVolume3\Windows\System32\smss.exe with process id 572 stopped the removal or ejection for the device PCI\VEN_8086&DEV_282A&SUBSYS_86B4103C&REV_00\3&11583659&2&B8.
Process command line: \SystemRoot\System32\smss.exe"
Warning	18-11-2021 17:33:51	Microsoft-Windows-Kernel-PnP	225	(223)	"The application \Device\HarddiskVolume3\Windows\System32\services.exe with process id 8 stopped the removal or ejection for the device PCI\VEN_8086&DEV_282A&SUBSYS_86B4103C&REV_00\3&11583659&2&B8.
Process command line: C:\WINDOWS\system32\services.exe"
Warning	18-11-2021 17:33:51	Microsoft-Windows-Kernel-PnP	225	(223)	"The application System with process id 4 stopped the removal or ejection for the device PCI\VEN_8086&DEV_282A&SUBSYS_86B4103C&REV_00\3&11583659&2&B8.
Process command line: "
Information	18-11-2021 17:33:49	Service Control Manager	7040	None	The start type of the Intel(R) RST HFC Disable Service service was changed from disabled to auto start.
Information	18-11-2021 17:33:47	Microsoft-Windows-Kernel-Power	566	(268)	"The system session has transitioned from 292 to 293.

Reason: 12"
Information	18-11-2021 17:33:45	Microsoft-Windows-Kernel-General	16	None	The access history in hive \SystemRoot\System32\config\DRIVERS was cleared updating 47173 keys and creating 2454 modified pages.
Information	18-11-2021 17:33:44	Microsoft-Windows-WindowsUpdateClient	43	Windows Update Agent	Installation Started: Windows has started installing the following update: Intel Corporation - Extension - 17.11.0.1000
Warning	18-11-2021 17:33:10	Microsoft-Windows-DNS-Client	1014	(1014)	Name resolution for the name trouter2-azsc-asse-0-a.trouter.teams.microsoft.com timed out after none of the configured DNS servers responded. Client PID 3996.
Error	18-11-2021 17:32:58	Server	2505	None	The server could not bind to the transport \Device\NetBT_Tcpip_{9F961AE3-9423-4C8B-AB48-B1886999008B} because another computer on the network has the same name.  The server could not start.
Information	18-11-2021 17:32:50	Microsoft-Windows-Power-Troubleshooter	1	None	"The system has returned from a low power state.

Sleep Time: ‎2021‎-‎11‎-‎18T10:58:35.801692900Z
Wake Time: ‎2021‎-‎11‎-‎18T12:02:45.895667600Z

Wake Source: Power Button"
Error	18-11-2021 17:32:49	Server	2505	None	The server could not bind to the transport \Device\NetBT_Tcpip_{59426481-F96A-490F-9157-08A6F626BD36} because another computer on the network has the same name.  The server could not start.
Information	18-11-2021 17:32:45	Microsoft-Windows-Kernel-Power	566	(268)	"The system session has transitioned from 290 to 292.

Reason: 12"
Information	18-11-2021 17:32:45	Microsoft-Windows-Kernel-Power	566	(268)	"The system session has transitioned from 289 to 290.

Reason: 12"
Information	18-11-2021 17:32:44	Microsoft-Windows-Kernel-Power	130	(33)	Firmware S3 times. SuspendStart: 175910312, SuspendEnd: 175910313
Information	18-11-2021 17:32:44	Microsoft-Windows-Kernel-Power	131	(33)	Firmware S3 times. ResumeCount: 5, FullResume: 1038, AverageResume: 1035
Information	18-11-2021 17:32:44	Microsoft-Windows-Kernel-General	1	(5)	"The system time has changed to ‎2021‎-‎11‎-‎18T12:02:44.500000000Z from ‎2021‎-‎11‎-‎18T10:58:45.896783700Z.

Change Reason: System time synchronized with the hardware clock.
Process: '' (PID 4).

RTC time: ‎2021‎-‎11‎-‎18T17:32:44.500000000Z
Current time zone bias: -330
RTC time is in UTC: false
System time was based on RTC time: false"
Information	18-11-2021 16:28:45	Microsoft-Windows-Kernel-Power	107	(102)	The system has resumed from sleep.
Information	18-11-2021 16:28:41	Microsoft-Windows-Kernel-Power	42	(64)	"The system is entering sleep.

Sleep Reason: System Idle"
Information	18-11-2021 16:28:36	Microsoft-Windows-Kernel-Power	566	(268)	"The system session has transitioned from 287 to 289.

Reason: 12"
Information	18-11-2021 16:18:21	Microsoft-Windows-Kernel-Power	566	(268)	"The system session has transitioned from 286 to 287.

Reason: 12"
Information	18-11-2021 16:11:47	Service Control Manager	7040	None	The start type of the Background Intelligent Transfer Service service was changed from auto start to demand start.
Information	18-11-2021 16:09:22	Service Control Manager	7040	None	The start type of the Background Intelligent Transfer Service service was changed from demand start to auto start.
Warning	18-11-2021 16:08:22	Microsoft-Windows-DistributedCOM	10016	None	"The application-specific permission settings do not grant Local Activation permission for the COM Server application with CLSID 
{2593F8B9-4EAF-457C-B68A-50F6B8EA6B54}
 and APPID 
{15C20B67-12E7-4BB6-92BB-7AFF07997402}
 to the user LAPTOP-7EVMU4TQ\mahendra SID (S-1-5-21-38077573-387163758-1783380300-1002) from address LocalHost (Using LRPC) running in the application container Unavailable SID (Unavailable). This security permission can be modified using the Component Services administrative tool."
Information	18-11-2021 16:02:51	Service Control Manager	7040	None	The start type of the Background Intelligent Transfer Service service was changed from auto start to demand start.
Information	18-11-2021 16:01:11	Microsoft-Windows-WindowsUpdateClient	19	Windows Update Agent	Installation Successful: Windows successfully installed the following update: Security Intelligence Update for Microsoft Defender Antivirus - KB2267602 (Version 1.353.1196.0)
Information	18-11-2021 16:00:34	Service Control Manager	7040	None	The start type of the Background Intelligent Transfer Service service was changed from demand start to auto start.
Information	18-11-2021 16:00:31	Microsoft-Windows-WindowsUpdateClient	43	Windows Update Agent	Installation Started: Windows has started installing the following update: Security Intelligence Update for Microsoft Defender Antivirus - KB2267602 (Version 1.353.1196.0)
Information	18-11-2021 16:00:21	Microsoft-Windows-WindowsUpdateClient	44	Windows Update Agent	Windows Update started downloading an update.
Warning	18-11-2021 15:59:35	Microsoft-Windows-DistributedCOM	10016	None	"The application-specific permission settings do not grant Local Activation permission for the COM Server application with CLSID 
{2593F8B9-4EAF-457C-B68A-50F6B8EA6B54}
 and APPID 
{15C20B67-12E7-4BB6-92BB-7AFF07997402}
 to the user LAPTOP-7EVMU4TQ\mahendra SID (S-1-5-21-38077573-387163758-1783380300-1002) from address LocalHost (Using LRPC) running in the application container Unavailable SID (Unavailable). This security permission can be modified using the Component Services administrative tool."
Information	18-11-2021 15:59:03	Microsoft-Windows-Kernel-General	16	None	The access history in hive \??\C:\Users\mahendra\AppData\Local\Packages\Microsoft.MicrosoftOfficeHub_8wekyb3d8bbwe\Settings\settings.dat was cleared updating 3 keys and creating 1 modified pages.
Information	18-11-2021 15:53:59	Service Control Manager	7040	None	The start type of the Background Intelligent Transfer Service service was changed from auto start to demand start.
Information	18-11-2021 15:53:06	Microsoft-Windows-Time-Service	158	None	The time provider 'VMICTimeProvider' has indicated that the current hardware and operating environment is not supported and has stopped. This behavior is expected for VMICTimeProvider on non-HyperV-guest environments. This may be the expected behavior for the current provider in the current operating environment as well.
Information	18-11-2021 15:51:35	Service Control Manager	7040	None	The start type of the Background Intelligent Transfer Service service was changed from demand start to auto start.
Warning	18-11-2021 15:50:38	Microsoft-Windows-DistributedCOM	10016	None	"The application-specific permission settings do not grant Local Activation permission for the COM Server application with CLSID 
{2593F8B9-4EAF-457C-B68A-50F6B8EA6B54}
 and APPID 
{15C20B67-12E7-4BB6-92BB-7AFF07997402}
 to the user LAPTOP-7EVMU4TQ\mahendra SID (S-1-5-21-38077573-387163758-1783380300-1002) from address LocalHost (Using LRPC) running in the application container Unavailable SID (Unavailable). This security permission can be modified using the Component Services administrative tool."
Information	18-11-2021 15:46:37	Microsoft-Windows-Kernel-General	16	None	The access history in hive \??\C:\Users\mahendra\AppData\Local\Packages\MicrosoftTeams_8wekyb3d8bbwe\Settings\settings.dat was cleared updating 2 keys and creating 1 modified pages.
Warning	18-11-2021 15:39:19	Microsoft-Windows-Kernel-Processor-Power	37	(7)	The speed of processor 7 in group 0 is being limited by system firmware. The processor has been in this reduced performance state for 185440 seconds since the last report.
Warning	18-11-2021 15:35:34	Microsoft-Windows-DNS-Client	1014	(1014)	Name resolution for the name smartscreen-prod.microsoft.com timed out after none of the configured DNS servers responded. Client PID 26452.
Error	18-11-2021 15:35:35	Server	2505	None	The server could not bind to the transport \Device\NetBT_Tcpip_{9F961AE3-9423-4C8B-AB48-B1886999008B} because another computer on the network has the same name.  The server could not start.
Information	18-11-2021 15:35:32	Microsoft-Windows-Power-Troubleshooter	1	None	"The system has returned from a low power state.

Sleep Time: ‎2021‎-‎11‎-‎18T09:23:37.825151000Z
Wake Time: ‎2021‎-‎11‎-‎18T10:05:27.513342900Z

Wake Source: Power Button"
Information	18-11-2021 15:35:30	Microsoft-Windows-Kernel-General	16	None	The access history in hive \??\C:\Users\mahendra\AppData\Local\Packages\Microsoft.AAD.BrokerPlugin_cw5n1h2txyewy\Settings\settings.dat was cleared updating 39 keys and creating 6 modified pages.
Error	18-11-2021 15:35:29	Server	2505	None	The server could not bind to the transport \Device\NetBT_Tcpip_{59426481-F96A-490F-9157-08A6F626BD36} because another computer on the network has the same name.  The server could not start.
Information	18-11-2021 15:35:27	Microsoft-Windows-Kernel-Power	566	(268)	"The system session has transitioned from 284 to 286.

Reason: 12"
Information	18-11-2021 15:35:27	Microsoft-Windows-Time-Service	158	None	The time provider 'VMICTimeProvider' has indicated that the current hardware and operating environment is not supported and has stopped. This behavior is expected for VMICTimeProvider on non-HyperV-guest environments. This may be the expected behavior for the current provider in the current operating environment as well.
Information	18-11-2021 15:35:26	Microsoft-Windows-Kernel-Power	566	(268)	"The system session has transitioned from 283 to 284.

Reason: 12"
Information	18-11-2021 15:35:23	Microsoft-Windows-Kernel-Power	130	(33)	Firmware S3 times. SuspendStart: 172708705, SuspendEnd: 172708706
Information	18-11-2021 15:35:23	Microsoft-Windows-Kernel-Power	131	(33)	Firmware S3 times. ResumeCount: 4, FullResume: 1033, AverageResume: 1035
Information	18-11-2021 15:35:23	Microsoft-Windows-Kernel-General	1	(5)	"The system time has changed to ‎2021‎-‎11‎-‎18T10:05:23.500000000Z from ‎2021‎-‎11‎-‎18T09:23:55.493942600Z.

Change Reason: System time synchronized with the hardware clock.
Process: '' (PID 4).

RTC time: ‎2021‎-‎11‎-‎18T15:35:23.500000000Z
Current time zone bias: -330
RTC time is in UTC: false
System time was based on RTC time: false"
Information	18-11-2021 14:53:55	Microsoft-Windows-Kernel-Power	107	(102)	The system has resumed from sleep.
Information	18-11-2021 14:53:49	Microsoft-Windows-Kernel-Power	42	(64)	"The system is entering sleep.

Sleep Reason: System Idle"
Information	18-11-2021 14:53:39	Microsoft-Windows-Kernel-Power	566	(268)	"The system session has transitioned from 281 to 283.

Reason: 12"
Information	18-11-2021 14:52:20	Microsoft-Windows-Time-Service	158	None	The time provider 'VMICTimeProvider' has indicated that the current hardware and operating environment is not supported and has stopped. This behavior is expected for VMICTimeProvider on non-HyperV-guest environments. This may be the expected behavior for the current provider in the current operating environment as well.
Information	18-11-2021 14:49:13	Service Control Manager	7040	None	The start type of the Background Intelligent Transfer Service service was changed from auto start to demand start.
Information	18-11-2021 14:47:13	Microsoft-Windows-Kernel-General	16	None	The access history in hive \??\C:\Users\mahendra\AppData\Local\Packages\MicrosoftTeams_8wekyb3d8bbwe\SystemAppData\Helium\UserClasses.dat was cleared updating 12 keys and creating 1 modified pages.
Information	18-11-2021 14:47:13	Microsoft-Windows-Kernel-General	16	None	The access history in hive \??\C:\Users\mahendra\AppData\Local\Packages\MicrosoftTeams_8wekyb3d8bbwe\SystemAppData\Helium\User.dat was cleared updating 13 keys and creating 1 modified pages.
Information	18-11-2021 14:47:00	Service Control Manager	7040	None	The start type of the Background Intelligent Transfer Service service was changed from demand start to auto start.
Information	18-11-2021 14:46:05	Microsoft-Windows-WindowsUpdateClient	19	Windows Update Agent	Installation Successful: Windows successfully installed the following update: 9NFTCH6J7FHV-Microsoft.PowerAutomateDesktop
Information	18-11-2021 14:46:00	Microsoft-Windows-Kernel-General	16	None	The access history in hive \??\C:\Users\mahendra\AppData\Local\Packages\Microsoft.PowerAutomateDesktop_8wekyb3d8bbwe\Settings\settings.dat was cleared updating 1 keys and creating 1 modified pages.
Information	18-11-2021 14:45:58	Microsoft-Windows-WindowsUpdateClient	43	Windows Update Agent	Installation Started: Windows has started installing the following update: 9NFTCH6J7FHV-Microsoft.PowerAutomateDesktop
Information	18-11-2021 14:45:38	Microsoft-Windows-WindowsUpdateClient	19	Windows Update Agent	Installation Successful: Windows successfully installed the following update: 9WZDNCRFJ3PT-MICROSOFT.ZUNEMUSIC
Information	18-11-2021 14:45:32	Microsoft-Windows-WindowsUpdateClient	19	Windows Update Agent	Installation Successful: Windows successfully installed the following update: 9WZDNCRFJBMP-MICROSOFT.WINDOWSSTORE
Information	18-11-2021 14:45:17	Microsoft-Windows-Kernel-General	16	None	The access history in hive \??\C:\Users\mahendra\AppData\Local\Packages\Microsoft.ZuneMusic_8wekyb3d8bbwe\Settings\settings.dat was cleared updating 1 keys and creating 1 modified pages.
Information	18-11-2021 14:45:11	Microsoft-Windows-WindowsUpdateClient	43	Windows Update Agent	Installation Started: Windows has started installing the following update: 9WZDNCRFJ3PT-MICROSOFT.ZUNEMUSIC
Information	18-11-2021 14:45:11	Microsoft-Windows-WindowsUpdateClient	43	Windows Update Agent	Installation Started: Windows has started installing the following update: 9WZDNCRFJBMP-MICROSOFT.WINDOWSSTORE
Information	18-11-2021 14:43:31	Microsoft-Windows-Kernel-General	16	None	The access history in hive \??\C:\ProgramData\Microsoft\Windows\AppRepository\Packages\Microsoft.ZuneMusic_10.21102.11411.0_x64__8wekyb3d8bbwe\ActivationStore.dat was cleared updating 0 keys and creating 0 modified pages.
Information	18-11-2021 14:43:29	Microsoft-Windows-Kernel-General	16	None	The access history in hive \??\C:\ProgramData\Microsoft\Windows\AppRepository\Packages\Microsoft.WindowsStore_22110.1401.17.0_x64__8wekyb3d8bbwe\ActivationStore.dat was cleared updating 0 keys and creating 0 modified pages.
Information	18-11-2021 14:43:10	Microsoft-Windows-Kernel-Power	566	(268)	"The system session has transitioned from 280 to 281.

Reason: 12"
Warning	18-11-2021 14:38:11	Microsoft-Windows-DNS-Client	1014	(1014)	Name resolution for the name teams.microsoft.com timed out after none of the configured DNS servers responded. Client PID 28636.
Error	18-11-2021 14:38:10	Server	2505	None	The server could not bind to the transport \Device\NetBT_Tcpip_{9F961AE3-9423-4C8B-AB48-B1886999008B} because another computer on the network has the same name.  The server could not start.
Information	18-11-2021 14:35:16	Microsoft-Windows-Time-Service	158	None	The time provider 'VMICTimeProvider' has indicated that the current hardware and operating environment is not supported and has stopped. This behavior is expected for VMICTimeProvider on non-HyperV-guest environments. This may be the expected behavior for the current provider in the current operating environment as well.
Information	18-11-2021 14:35:00	Microsoft-Windows-WindowsUpdateClient	44	Windows Update Agent	Windows Update started downloading an update.
Information	18-11-2021 14:33:10	Microsoft-Windows-Kernel-Power	566	(268)	"The system session has transitioned from 278 to 280.

Reason: 12"
Warning	18-11-2021 14:31:04	Microsoft-Windows-DNS-Client	1014	(1014)	Name resolution for the name tsfe.trafficshaping.dsp.mp.microsoft.com timed out after none of the configured DNS servers responded. Client PID 21896.
Information	18-11-2021 14:30:53	Microsoft-Windows-WindowsUpdateClient	19	Windows Update Agent	Installation Successful: Windows successfully installed the following update: 9NFFX4SZZ23L-Microsoft.549981C3F5F10
Information	18-11-2021 14:30:48	Microsoft-Windows-Kernel-General	16	None	The access history in hive \??\C:\Users\mahendra\AppData\Local\Packages\Microsoft.549981C3F5F10_8wekyb3d8bbwe\Settings\settings.dat was cleared updating 2 keys and creating 1 modified pages.
Information	18-11-2021 14:30:47	Microsoft-Windows-WindowsUpdateClient	43	Windows Update Agent	Installation Started: Windows has started installing the following update: 9NFFX4SZZ23L-Microsoft.549981C3F5F10
Information	18-11-2021 14:30:42	Microsoft-Windows-Kernel-General	16	None	The access history in hive \??\C:\ProgramData\Microsoft\Windows\AppRepository\Packages\Microsoft.549981C3F5F10_3.2110.13603.0_x64__8wekyb3d8bbwe\ActivationStore.dat was cleared updating 0 keys and creating 0 modified pages.
Information	18-11-2021 14:29:45	Microsoft-Windows-Kernel-Power	566	(268)	"The system session has transitioned from 277 to 278.

Reason: 12"
Information	18-11-2021 14:23:55	Microsoft-Windows-WindowsUpdateClient	44	Windows Update Agent	Windows Update started downloading an update.
Information	18-11-2021 14:23:55	Microsoft-Windows-WindowsUpdateClient	44	Windows Update Agent	Windows Update started downloading an update.
Information	18-11-2021 14:23:55	Microsoft-Windows-WindowsUpdateClient	44	Windows Update Agent	Windows Update started downloading an update.
Information	18-11-2021 14:19:12	Service Control Manager	7040	None	The start type of the Windows Modules Installer service was changed from auto start to demand start.
Information	18-11-2021 14:18:06	Service Control Manager	7040	None	The start type of the Windows Modules Installer service was changed from demand start to auto start.
Information	18-11-2021 14:17:56	Microsoft-Windows-Time-Service	37	None	The time provider NtpClient is currently receiving valid time data from time.windows.com,0x9 (ntp.m|0x9|0.0.0.0:123->40.81.94.65:123).
Information	18-11-2021 14:17:56	Microsoft-Windows-Time-Service	158	None	The time provider 'VMICTimeProvider' has indicated that the current hardware and operating environment is not supported and has stopped. This behavior is expected for VMICTimeProvider on non-HyperV-guest environments. This may be the expected behavior for the current provider in the current operating environment as well.
Information	18-11-2021 14:13:28	Microsoft-Windows-Kernel-Power	105	(100)	Power source change.
Warning	18-11-2021 14:07:13	Microsoft-Windows-DistributedCOM	10016	None	"The application-specific permission settings do not grant Local Activation permission for the COM Server application with CLSID 
{2593F8B9-4EAF-457C-B68A-50F6B8EA6B54}
 and APPID 
{15C20B67-12E7-4BB6-92BB-7AFF07997402}
 to the user LAPTOP-7EVMU4TQ\mahendra SID (S-1-5-21-38077573-387163758-1783380300-1002) from address LocalHost (Using LRPC) running in the application container Unavailable SID (Unavailable). This security permission can be modified using the Component Services administrative tool."
Information	18-11-2021 14:06:58	Microsoft-Windows-Kernel-Power	105	(100)	Power source change.
Error	18-11-2021 14:00:00	Server	2505	None	The server could not bind to the transport \Device\NetBT_Tcpip_{9F961AE3-9423-4C8B-AB48-B1886999008B} because another computer on the network has the same name.  The server could not start.
Error	18-11-2021 12:58:17	Server	2505	None	The server could not bind to the transport \Device\NetBT_Tcpip_{9F961AE3-9423-4C8B-AB48-B1886999008B} because another computer on the network has the same name.  The server could not start.
Information	18-11-2021 12:00:00	EventLog	6013	None	The system uptime is 361040 seconds.
Information	18-11-2021 11:54:17	Service Control Manager	7040	None	The start type of the Background Intelligent Transfer Service service was changed from auto start to demand start.
Information	18-11-2021 11:51:56	Service Control Manager	7040	None	The start type of the Background Intelligent Transfer Service service was changed from demand start to auto start.
Warning	18-11-2021 11:50:55	Microsoft-Windows-DistributedCOM	10016	None	"The application-specific permission settings do not grant Local Activation permission for the COM Server application with CLSID 
{2593F8B9-4EAF-457C-B68A-50F6B8EA6B54}
 and APPID 
{15C20B67-12E7-4BB6-92BB-7AFF07997402}
 to the user LAPTOP-7EVMU4TQ\mahendra SID (S-1-5-21-38077573-387163758-1783380300-1002) from address LocalHost (Using LRPC) running in the application container Unavailable SID (Unavailable). This security permission can be modified using the Component Services administrative tool."
Information	18-11-2021 11:48:10	Microsoft-Windows-Kernel-Power	105	(100)	Power source change.
Information	18-11-2021 11:44:50	Microsoft-Windows-Kernel-Power	105	(100)	Power source change.
Information	18-11-2021 11:24:50	Microsoft-Windows-Kernel-Power	105	(100)	Power source change.
Information	18-11-2021 11:12:27	Microsoft-Windows-WindowsUpdateClient	19	Windows Update Agent	Installation Successful: Windows successfully installed the following update: Security Intelligence Update for Microsoft Defender Antivirus - KB2267602 (Version 1.353.1194.0)
Information	18-11-2021 11:11:44	Microsoft-Windows-WindowsUpdateClient	43	Windows Update Agent	Installation Started: Windows has started installing the following update: Security Intelligence Update for Microsoft Defender Antivirus - KB2267602 (Version 1.353.1194.0)
Information	18-11-2021 11:11:44	Microsoft-Windows-WindowsUpdateClient	44	Windows Update Agent	Windows Update started downloading an update.
Error	18-11-2021 11:10:35	Server	2505	None	The server could not bind to the transport \Device\NetBT_Tcpip_{9F961AE3-9423-4C8B-AB48-B1886999008B} because another computer on the network has the same name.  The server could not start.
Information	18-11-2021 11:08:52	Microsoft-Windows-Power-Troubleshooter	1	None	"The system has returned from a low power state.

Sleep Time: ‎2021‎-‎11‎-‎18T05:05:00.967993900Z
Wake Time: ‎2021‎-‎11‎-‎18T05:38:50.821002400Z

Wake Source: Power Button"
Error	18-11-2021 11:08:52	Server	2505	None	The server could not bind to the transport \Device\NetBT_Tcpip_{59426481-F96A-490F-9157-08A6F626BD36} because another computer on the network has the same name.  The server could not start.
Information	18-11-2021 11:08:50	Microsoft-Windows-Kernel-Power	566	(268)	"The system session has transitioned from 275 to 277.

Reason: 12"
Information	18-11-2021 11:08:50	Microsoft-Windows-Kernel-Power	566	(268)	"The system session has transitioned from 274 to 275.

Reason: 12"
Information	18-11-2021 11:08:48	Microsoft-Windows-Kernel-Power	130	(33)	Firmware S3 times. SuspendStart: 159205069, SuspendEnd: 159205070
Information	18-11-2021 11:08:48	Microsoft-Windows-Kernel-Power	131	(33)	Firmware S3 times. ResumeCount: 3, FullResume: 1038, AverageResume: 1036
Information	18-11-2021 11:08:48	Microsoft-Windows-Kernel-General	1	(5)	"The system time has changed to ‎2021‎-‎11‎-‎18T05:38:48.500000000Z from ‎2021‎-‎11‎-‎18T05:05:11.661502100Z.

Change Reason: System time synchronized with the hardware clock.
Process: '' (PID 4).

RTC time: ‎2021‎-‎11‎-‎18T11:08:48.500000000Z
Current time zone bias: -330
RTC time is in UTC: false
System time was based on RTC time: false"
Information	18-11-2021 10:35:11	Microsoft-Windows-Kernel-Power	107	(102)	The system has resumed from sleep.
Information	18-11-2021 10:35:06	Microsoft-Windows-Kernel-Power	42	(64)	"The system is entering sleep.

Sleep Reason: System Idle"
Information	18-11-2021 10:35:01	Microsoft-Windows-Kernel-Power	566	(268)	"The system session has transitioned from 272 to 274.

Reason: 12"
Information	18-11-2021 10:34:58	Microsoft-Windows-Kernel-Power	566	(268)	"The system session has transitioned from 271 to 272.

Reason: 12"
Information	18-11-2021 10:32:54	Service Control Manager	7040	None	The start type of the Background Intelligent Transfer Service service was changed from auto start to demand start.
Information	18-11-2021 10:30:30	Service Control Manager	7040	None	The start type of the Background Intelligent Transfer Service service was changed from demand start to auto start.
Warning	18-11-2021 10:29:31	Microsoft-Windows-DistributedCOM	10016	None	"The application-specific permission settings do not grant Local Activation permission for the COM Server application with CLSID 
{2593F8B9-4EAF-457C-B68A-50F6B8EA6B54}
 and APPID 
{15C20B67-12E7-4BB6-92BB-7AFF07997402}
 to the user LAPTOP-7EVMU4TQ\mahendra SID (S-1-5-21-38077573-387163758-1783380300-1002) from address LocalHost (Using LRPC) running in the application container Unavailable SID (Unavailable). This security permission can be modified using the Component Services administrative tool."
Information	18-11-2021 10:27:06	Service Control Manager	7040	None	The start type of the Background Intelligent Transfer Service service was changed from auto start to demand start.
Information	18-11-2021 10:24:32	Service Control Manager	7040	None	The start type of the Background Intelligent Transfer Service service was changed from demand start to auto start.
Error	18-11-2021 10:23:37	Server	2505	None	The server could not bind to the transport \Device\NetBT_Tcpip_{9F961AE3-9423-4C8B-AB48-B1886999008B} because another computer on the network has the same name.  The server could not start.
Warning	18-11-2021 10:23:31	Microsoft-Windows-DistributedCOM	10016	None	"The application-specific permission settings do not grant Local Activation permission for the COM Server application with CLSID 
{2593F8B9-4EAF-457C-B68A-50F6B8EA6B54}
 and APPID 
{15C20B67-12E7-4BB6-92BB-7AFF07997402}
 to the user LAPTOP-7EVMU4TQ\mahendra SID (S-1-5-21-38077573-387163758-1783380300-1002) from address LocalHost (Using LRPC) running in the application container Unavailable SID (Unavailable). This security permission can be modified using the Component Services administrative tool."
Information	18-11-2021 10:19:43	Microsoft-Windows-Power-Troubleshooter	1	None	"The system has returned from a low power state.

Sleep Time: ‎2021‎-‎11‎-‎18T04:41:26.909199700Z
Wake Time: ‎2021‎-‎11‎-‎18T04:49:41.758269400Z

Wake Source: Power Button"
Error	18-11-2021 10:19:44	Server	2505	None	The server could not bind to the transport \Device\NetBT_Tcpip_{59426481-F96A-490F-9157-08A6F626BD36} because another computer on the network has the same name.  The server could not start.
Information	18-11-2021 10:19:41	Microsoft-Windows-Kernel-Power	566	(268)	"The system session has transitioned from 269 to 271.

Reason: 12"
Information	18-11-2021 10:19:41	Microsoft-Windows-Kernel-Power	566	(268)	"The system session has transitioned from 268 to 269.

Reason: 12"
Information	18-11-2021 10:19:40	Microsoft-Windows-Kernel-Power	130	(33)	Firmware S3 times. SuspendStart: 158274134, SuspendEnd: 158274135
Information	18-11-2021 10:19:40	Microsoft-Windows-Kernel-Power	131	(33)	Firmware S3 times. ResumeCount: 2, FullResume: 1032, AverageResume: 1035
Information	18-11-2021 10:19:40	Microsoft-Windows-Kernel-General	1	(5)	"The system time has changed to ‎2021‎-‎11‎-‎18T04:49:40.500000000Z from ‎2021‎-‎11‎-‎18T04:41:36.436703100Z.

Change Reason: System time synchronized with the hardware clock.
Process: '' (PID 4).

RTC time: ‎2021‎-‎11‎-‎18T10:19:40.500000000Z
Current time zone bias: -330
RTC time is in UTC: false
System time was based on RTC time: false"
Information	18-11-2021 10:11:36	Microsoft-Windows-Kernel-Power	107	(102)	The system has resumed from sleep.
Information	18-11-2021 10:11:31	Microsoft-Windows-Kernel-Power	42	(64)	"The system is entering sleep.

Sleep Reason: System Idle"
Information	18-11-2021 10:11:29	Microsoft-Windows-Kernel-Power	566	(268)	"The system session has transitioned from 266 to 268.

Reason: 12"
Information	18-11-2021 10:11:19	Microsoft-Windows-Kernel-Power	566	(268)	"The system session has transitioned from 265 to 266.

Reason: 12"
Information	18-11-2021 10:05:18	Microsoft-Windows-Power-Troubleshooter	1	None	"The system has returned from a low power state.

Sleep Time: ‎2021‎-‎11‎-‎18T04:08:37.337939100Z
Wake Time: ‎2021‎-‎11‎-‎18T04:35:11.619393100Z

Wake Source: Power Button"
Information	18-11-2021 10:05:12	Microsoft-Windows-Kernel-Power	566	(268)	"The system session has transitioned from 263 to 265.

Reason: 12"
Error	18-11-2021 10:05:13	Server	2505	None	The server could not bind to the transport \Device\NetBT_Tcpip_{59426481-F96A-490F-9157-08A6F626BD36} because another computer on the network has the same name.  The server could not start.
Information	18-11-2021 10:05:10	Microsoft-Windows-Kernel-Power	566	(268)	"The system session has transitioned from 262 to 263.

Reason: 12"
Information	18-11-2021 10:05:08	Microsoft-Windows-Kernel-Power	130	(33)	Firmware S3 times. SuspendStart: 157886289, SuspendEnd: 157886290
Information	18-11-2021 10:05:08	Microsoft-Windows-Kernel-Power	131	(33)	Firmware S3 times. ResumeCount: 1, FullResume: 1037, AverageResume: 1037
Information	18-11-2021 10:05:08	Microsoft-Windows-Kernel-General	1	(5)	"The system time has changed to ‎2021‎-‎11‎-‎18T04:35:08.500000000Z from ‎2021‎-‎11‎-‎18T04:08:48.755556300Z.

Change Reason: System time synchronized with the hardware clock.
Process: '' (PID 4).

RTC time: ‎2021‎-‎11‎-‎18T10:05:08.500000000Z
Current time zone bias: -330
RTC time is in UTC: false
System time was based on RTC time: false"
Information	18-11-2021 09:38:48	Microsoft-Windows-Kernel-Power	107	(102)	The system has resumed from sleep.
Information	18-11-2021 09:38:44	Microsoft-Windows-Kernel-Power	42	(64)	"The system is entering sleep.

Sleep Reason: System Idle"
Information	18-11-2021 09:38:38	Microsoft-Windows-Kernel-Power	566	(268)	"The system session has transitioned from 260 to 262.

Reason: 12"
Information	18-11-2021 09:38:37	Microsoft-Windows-Kernel-Power	566	(268)	"The system session has transitioned from 259 to 260.

Reason: 12"
Warning	18-11-2021 09:13:11	Microsoft-Windows-DNS-Client	1014	(1014)	Name resolution for the name ctldl.windowsupdate.com timed out after none of the configured DNS servers responded. Client PID 2692.
Information	18-11-2021 09:12:54	Volsnap	95	None	The oldest shadow copy of volume C: was deleted to allow shadow copies created afterward and marked for delete to be deleted.
Warning	18-11-2021 09:12:06	Microsoft-Windows-DistributedCOM	10016	None	"The application-specific permission settings do not grant Local Activation permission for the COM Server application with CLSID 
{2593F8B9-4EAF-457C-B68A-50F6B8EA6B54}
 and APPID 
{15C20B67-12E7-4BB6-92BB-7AFF07997402}
 to the user LAPTOP-7EVMU4TQ\mahendra SID (S-1-5-21-38077573-387163758-1783380300-1002) from address LocalHost (Using LRPC) running in the application container Unavailable SID (Unavailable). This security permission can be modified using the Component Services administrative tool."
Information	18-11-2021 08:49:05	Microsoft-Windows-Kernel-Power	566	(268)	"The system session has transitioned from 257 to 259.

Reason: 12"
Information	18-11-2021 08:49:02	Microsoft-Windows-Kernel-Power	566	(268)	"The system session has transitioned from 256 to 257.

Reason: 12"
Information	18-11-2021 08:44:30	Service Control Manager	7040	None	The start type of the Background Intelligent Transfer Service service was changed from auto start to demand start.
Error	18-11-2021 08:42:11	Server	2505	None	The server could not bind to the transport \Device\NetBT_Tcpip_{9F961AE3-9423-4C8B-AB48-B1886999008B} because another computer on the network has the same name.  The server could not start.
Information	18-11-2021 08:42:02	Service Control Manager	7040	None	The start type of the Background Intelligent Transfer Service service was changed from demand start to auto start.
Warning	18-11-2021 08:40:57	Microsoft-Windows-DistributedCOM	10016	None	"The application-specific permission settings do not grant Local Activation permission for the COM Server application with CLSID 
{2593F8B9-4EAF-457C-B68A-50F6B8EA6B54}
 and APPID 
{15C20B67-12E7-4BB6-92BB-7AFF07997402}
 to the user LAPTOP-7EVMU4TQ\mahendra SID (S-1-5-21-38077573-387163758-1783380300-1002) from address LocalHost (Using LRPC) running in the application container Unavailable SID (Unavailable). This security permission can be modified using the Component Services administrative tool."
Warning	18-11-2021 08:38:40	Microsoft-Windows-DistributedCOM	10016	None	"The application-specific permission settings do not grant Local Activation permission for the COM Server application with CLSID 
{2593F8B9-4EAF-457C-B68A-50F6B8EA6B54}
 and APPID 
{15C20B67-12E7-4BB6-92BB-7AFF07997402}
 to the user LAPTOP-7EVMU4TQ\mahendra SID (S-1-5-21-38077573-387163758-1783380300-1002) from address LocalHost (Using LRPC) running in the application container Unavailable SID (Unavailable). This security permission can be modified using the Component Services administrative tool."
Information	18-11-2021 08:31:52	Service Control Manager	7040	None	The start type of the Background Intelligent Transfer Service service was changed from auto start to demand start.
Information	18-11-2021 08:29:20	Service Control Manager	7040	None	The start type of the Background Intelligent Transfer Service service was changed from demand start to auto start.
Information	18-11-2021 08:25:43	Microsoft-Windows-Kernel-General	1	(5)	"The system time has changed to ‎2021‎-‎11‎-‎18T02:55:43.855795800Z from ‎2021‎-‎11‎-‎18T02:55:43.855112200Z.

Change Reason: An application or system component changed the time.
Process: '\Device\HarddiskVolume3\Windows\System32\svchost.exe' (PID 17252).

RTC time: ‎2021‎-‎11‎-‎18T08:25:43.855795800Z
Current time zone bias: -330
RTC time is in UTC: false
System time was based on RTC time: false"
Information	18-11-2021 08:25:43	Microsoft-Windows-Kernel-General	24	(11)	The time zone information was refreshed with exit reason 0. Current time zone bias is -330.
Information	18-11-2021 08:25:43	Microsoft-Windows-Time-Service	35	None	The time service is now synchronizing the system time with the time source time.windows.com,0x9 (ntp.m|0x9|0.0.0.0:123->40.81.94.65:123) with reference id 1096700200. Current local stratum number is 4.
Information	18-11-2021 08:25:43	Microsoft-Windows-Time-Service	37	None	The time provider NtpClient is currently receiving valid time data from time.windows.com,0x9 (ntp.m|0x9|0.0.0.0:123->40.81.94.65:123).
Error	18-11-2021 08:24:58	Server	2505	None	The server could not bind to the transport \Device\NetBT_Tcpip_{9F961AE3-9423-4C8B-AB48-B1886999008B} because another computer on the network has the same name.  The server could not start.
Warning	18-11-2021 08:20:36	Microsoft-Windows-DistributedCOM	10016	None	"The application-specific permission settings do not grant Local Activation permission for the COM Server application with CLSID 
{6B3B8D23-FA8D-40B9-8DBD-B950333E2C52}
 and APPID 
{4839DDB7-58C2-48F5-8283-E1D1807D0D7D}
 to the user NT AUTHORITY\LOCAL SERVICE SID (S-1-5-19) from address LocalHost (Using LRPC) running in the application container Unavailable SID (Unavailable). This security permission can be modified using the Component Services administrative tool."
Warning	18-11-2021 08:20:36	Microsoft-Windows-DistributedCOM	10016	None	"The application-specific permission settings do not grant Local Activation permission for the COM Server application with CLSID 
{6B3B8D23-FA8D-40B9-8DBD-B950333E2C52}
 and APPID 
{4839DDB7-58C2-48F5-8283-E1D1807D0D7D}
 to the user NT AUTHORITY\LOCAL SERVICE SID (S-1-5-19) from address LocalHost (Using LRPC) running in the application container Unavailable SID (Unavailable). This security permission can be modified using the Component Services administrative tool."
Warning	18-11-2021 08:20:28	Microsoft-Windows-Time-Service	134	None	NtpClient was unable to set a manual peer to use as a time source because of DNS resolution error on 'time.windows.com,0x9'. NtpClient will try again in 15 minutes and double the reattempt interval thereafter. The error was: No such host is known. (0x80072AF9)
Information	18-11-2021 08:20:23	Microsoft-Windows-Winlogon	7001	(1101)	User Logon Notification for Customer Experience Improvement Program
Information	18-11-2021 08:19:57	Microsoft-Windows-Power-Troubleshooter	1	None	"The system has returned from a low power state.

Sleep Time: ‎2021‎-‎11‎-‎17T19:25:56.760170600Z
Wake Time: ‎2021‎-‎11‎-‎18T02:49:53.980180600Z

Wake Source: Unknown"
Error	18-11-2021 08:19:55	Server	2505	None	The server could not bind to the transport \Device\NetBT_Tcpip_{59426481-F96A-490F-9157-08A6F626BD36} because another computer on the network has the same name.  The server could not start.
Information	18-11-2021 08:19:53	Microsoft-Windows-Kernel-Power	566	(268)	"The system session has transitioned from 254 to 256.

Reason: 12"
Warning	18-11-2021 08:19:52	Microsoft-Windows-Time-Service	134	None	NtpClient was unable to set a manual peer to use as a time source because of DNS resolution error on 'time.windows.com,0x9'. NtpClient will try again in 15 minutes and double the reattempt interval thereafter. The error was: No such host is known. (0x80072AF9)
Information	18-11-2021 08:19:52	Microsoft-Windows-Kernel-Power	566	(268)	"The system session has transitioned from 253 to 254.

Reason: 12"
Information	18-11-2021 08:19:52	Microsoft-Windows-Kernel-Boot	32	(58)	The bootmgr spent 0 ms waiting for user input.
Information	18-11-2021 08:19:52	Microsoft-Windows-Kernel-Boot	18	(57)	There are 0x1 boot options on this system.
Information	18-11-2021 08:19:52	Microsoft-Windows-Kernel-Boot	30	(21)	The firmware reported boot metrics.
Information	18-11-2021 08:19:50	Microsoft-Windows-Kernel-Power	105	(100)	Power source change.
Information	18-11-2021 08:19:47	Microsoft-Windows-Kernel-General	1	(5)	"The system time has changed to ‎2021‎-‎11‎-‎18T02:49:47.500000000Z from ‎2021‎-‎11‎-‎17T19:26:28.077557400Z.

Change Reason: System time synchronized with the hardware clock.
Process: '' (PID 4).

RTC time: ‎2021‎-‎11‎-‎18T08:19:47.500000000Z
Current time zone bias: -330
RTC time is in UTC: false
System time was based on RTC time: false"
Information	18-11-2021 00:56:28	Microsoft-Windows-Kernel-Power	107	(102)	The system has resumed from sleep.
Information	18-11-2021 00:56:10	Microsoft-Windows-Kernel-Power	42	(64)	"The system is entering sleep.

Sleep Reason: Application API"
Information	18-11-2021 00:55:57	Microsoft-Windows-Kernel-Power	566	(268)	"The system session has transitioned from 252 to 253.

Reason: 12"
Information	18-11-2021 00:55:56	Microsoft-Windows-Kernel-Power	187	(243)	User-mode process attempted to change the system state by calling SetSuspendState or SetSystemPowerState APIs.
Information	18-11-2021 00:55:54	Microsoft-Windows-Winlogon	7002	(1102)	User Logoff Notification for Customer Experience Improvement Program
Information	18-11-2021 00:55:36	User32	1074	None	"The process Explorer.EXE has initiated the power off of computer LAPTOP-7EVMU4TQ on behalf of user LAPTOP-7EVMU4TQ\mahendra for the following reason: Other (Unplanned)
 Reason Code: 0x0
 Shutdown Type: power off
 Comment: "
Information	18-11-2021 00:36:54	Service Control Manager	7040	None	The start type of the Background Intelligent Transfer Service service was changed from auto start to demand start.
Information	18-11-2021 00:34:16	Service Control Manager	7040	None	The start type of the Background Intelligent Transfer Service service was changed from demand start to auto start.
Warning	18-11-2021 00:33:43	Microsoft-Windows-DistributedCOM	10016	None	"The application-specific permission settings do not grant Local Activation permission for the COM Server application with CLSID 
{2593F8B9-4EAF-457C-B68A-50F6B8EA6B54}
 and APPID 
{15C20B67-12E7-4BB6-92BB-7AFF07997402}
 to the user LAPTOP-7EVMU4TQ\mahendra SID (S-1-5-21-38077573-387163758-1783380300-1002) from address LocalHost (Using LRPC) running in the application container Unavailable SID (Unavailable). This security permission can be modified using the Component Services administrative tool."
Warning	18-11-2021 00:32:27	Microsoft-Windows-DistributedCOM	10016	None	"The application-specific permission settings do not grant Local Activation permission for the COM Server application with CLSID 
{2593F8B9-4EAF-457C-B68A-50F6B8EA6B54}
 and APPID 
{15C20B67-12E7-4BB6-92BB-7AFF07997402}
 to the user LAPTOP-7EVMU4TQ\mahendra SID (S-1-5-21-38077573-387163758-1783380300-1002) from address LocalHost (Using LRPC) running in the application container Unavailable SID (Unavailable). This security permission can be modified using the Component Services administrative tool."
Information	18-11-2021 00:16:36	Service Control Manager	7040	None	The start type of the Background Intelligent Transfer Service service was changed from auto start to demand start.
Information	18-11-2021 00:14:32	Service Control Manager	7040	None	The start type of the Background Intelligent Transfer Service service was changed from demand start to auto start.
Warning	17-11-2021 23:58:41	Microsoft-Windows-DistributedCOM	10016	None	"The application-specific permission settings do not grant Local Activation permission for the COM Server application with CLSID 
{8BC3F05E-D86B-11D0-A075-00C04FB68820}
 and APPID 
{8BC3F05E-D86B-11D0-A075-00C04FB68820}
 to the user LAPTOP-7EVMU4TQ\mahendra SID (S-1-5-21-38077573-387163758-1783380300-1002) from address LocalHost (Using LRPC) running in the application container Unavailable SID (S-1-15-2-648297289-1928413022-2585333880-3632070718-972334625-2521247161-2492644363). This security permission can be modified using the Component Services administrative tool."
Information	17-11-2021 23:29:02	Service Control Manager	7040	None	The start type of the Background Intelligent Transfer Service service was changed from auto start to demand start.
Information	17-11-2021 23:26:54	Service Control Manager	7040	None	The start type of the Background Intelligent Transfer Service service was changed from demand start to auto start.
Warning	17-11-2021 23:18:31	Microsoft-Windows-DistributedCOM	10016	None	"The application-specific permission settings do not grant Local Activation permission for the COM Server application with CLSID 
{8BC3F05E-D86B-11D0-A075-00C04FB68820}
 and APPID 
{8BC3F05E-D86B-11D0-A075-00C04FB68820}
 to the user LAPTOP-7EVMU4TQ\mahendra SID (S-1-5-21-38077573-387163758-1783380300-1002) from address LocalHost (Using LRPC) running in the application container Unavailable SID (S-1-15-2-3877957775-2925076640-2150017185-702771989-1466564741-1335349262-1085676110). This security permission can be modified using the Component Services administrative tool."
Warning	17-11-2021 23:16:31	Microsoft-Windows-DNS-Client	1014	(1014)	Name resolution for the name cdn.materialdesignicons.com timed out after none of the configured DNS servers responded. Client PID 13992.
Information	17-11-2021 22:41:39	Microsoft-Windows-WindowsUpdateClient	19	Windows Update Agent	Installation Successful: Windows successfully installed the following update: Security Intelligence Update for Microsoft Defender Antivirus - KB2267602 (Version 1.353.1163.0)
Information	17-11-2021 22:41:07	Microsoft-Windows-WindowsUpdateClient	43	Windows Update Agent	Installation Started: Windows has started installing the following update: Security Intelligence Update for Microsoft Defender Antivirus - KB2267602 (Version 1.353.1163.0)
Information	17-11-2021 22:41:06	Microsoft-Windows-WindowsUpdateClient	44	Windows Update Agent	Windows Update started downloading an update.
Information	17-11-2021 22:06:26	Service Control Manager	7040	None	The start type of the Background Intelligent Transfer Service service was changed from auto start to demand start.
Information	17-11-2021 22:04:14	Service Control Manager	7040	None	The start type of the Background Intelligent Transfer Service service was changed from demand start to auto start.
Error	17-11-2021 21:13:03	Server	2505	None	The server could not bind to the transport \Device\NetBT_Tcpip_{9F961AE3-9423-4C8B-AB48-B1886999008B} because another computer on the network has the same name.  The server could not start.
Information	17-11-2021 21:13:01	Microsoft-Windows-Power-Troubleshooter	1	None	"The system has returned from a low power state.

Sleep Time: ‎2021‎-‎11‎-‎17T15:39:10.761070100Z
Wake Time: ‎2021‎-‎11‎-‎17T15:42:59.036933900Z

Wake Source: Power Button"
Error	17-11-2021 21:13:02	Server	2505	None	The server could not bind to the transport \Device\NetBT_Tcpip_{59426481-F96A-490F-9157-08A6F626BD36} because another computer on the network has the same name.  The server could not start.
Information	17-11-2021 21:12:58	Microsoft-Windows-Kernel-Power	566	(268)	"The system session has transitioned from 250 to 252.

Reason: 12"
Information	17-11-2021 21:12:58	Microsoft-Windows-Kernel-Power	566	(268)	"The system session has transitioned from 249 to 250.

Reason: 12"
Information	17-11-2021 21:12:57	Microsoft-Windows-Kernel-Power	130	(33)	Firmware S3 times. SuspendStart: 139658231, SuspendEnd: 139658232
Information	17-11-2021 21:12:57	Microsoft-Windows-Kernel-Power	131	(33)	Firmware S3 times. ResumeCount: 7, FullResume: 1032, AverageResume: 1034
Information	17-11-2021 21:12:57	Microsoft-Windows-Kernel-General	1	(5)	"The system time has changed to ‎2021‎-‎11‎-‎17T15:42:57.500000000Z from ‎2021‎-‎11‎-‎17T15:39:20.510772200Z.

Change Reason: System time synchronized with the hardware clock.
Process: '' (PID 4).

RTC time: ‎2021‎-‎11‎-‎17T21:12:57.500000000Z
Current time zone bias: -330
RTC time is in UTC: false
System time was based on RTC time: false"
Information	17-11-2021 21:09:20	Microsoft-Windows-Kernel-Power	107	(102)	The system has resumed from sleep.
Information	17-11-2021 21:09:16	Microsoft-Windows-Kernel-Power	42	(64)	"The system is entering sleep.

Sleep Reason: System Idle"
Information	17-11-2021 21:09:11	Microsoft-Windows-Kernel-Power	566	(268)	"The system session has transitioned from 247 to 249.

Reason: 12"
Information	17-11-2021 21:01:02	Microsoft-Windows-Kernel-Power	566	(268)	"The system session has transitioned from 246 to 247.

Reason: 12"
Information	17-11-2021 20:09:06	Microsoft-Windows-Kernel-Power	105	(100)	Power source change.
Error	17-11-2021 20:09:04	Server	2505	None	The server could not bind to the transport \Device\NetBT_Tcpip_{9F961AE3-9423-4C8B-AB48-B1886999008B} because another computer on the network has the same name.  The server could not start.
Information	17-11-2021 20:09:02	Microsoft-Windows-Power-Troubleshooter	1	None	"The system has returned from a low power state.

Sleep Time: ‎2021‎-‎11‎-‎17T14:37:56.079342800Z
Wake Time: ‎2021‎-‎11‎-‎17T14:39:00.720068500Z

Wake Source: Power Button"
