Warning	14-11-2021 20:08:04	Microsoft-Windows-DNS-Client	1014	(1014)	Name resolution for the name firebaseremoteconfig.googleapis.com timed out after none of the configured DNS servers responded. Client PID 14156.
Error	14-11-2021 20:07:59	Server	2505	None	The server could not bind to the transport \Device\NetBT_Tcpip_{9F961AE3-9423-4C8B-AB48-B1886999008B} because another computer on the network has the same name.  The server could not start.
Warning	14-11-2021 20:07:56	Microsoft-Windows-DNS-Client	1014	(1014)	Name resolution for the name mozilla.cloudflare-dns.com timed out after none of the configured DNS servers responded. Client PID 14156.
Information	14-11-2021 20:05:55	Service Control Manager	7040	None	The start type of the Windows Modules Installer service was changed from auto start to demand start.
Information	14-11-2021 20:02:46	Service Control Manager	7040	None	The start type of the Windows Modules Installer service was changed from demand start to auto start.
Information	14-11-2021 20:02:33	Service Control Manager	7040	None	The start type of the Windows Modules Installer service was changed from auto start to demand start.
Information	14-11-2021 20:02:27	Service Control Manager	7040	None	The start type of the Windows Modules Installer service was changed from demand start to auto start.
Information	14-11-2021 20:02:26	Service Control Manager	7040	None	The start type of the Windows Modules Installer service was changed from auto start to demand start.
Information	14-11-2021 20:01:13	Service Control Manager	7040	None	The start type of the Windows Modules Installer service was changed from demand start to auto start.
Warning	14-11-2021 19:58:37	Microsoft-Windows-DNS-Client	1014	(1014)	Name resolution for the name v10.events.data.microsoft.com timed out after none of the configured DNS servers responded. Client PID 4780.
Information	14-11-2021 19:36:43	Service Control Manager	7040	None	The start type of the Windows Modules Installer service was changed from auto start to demand start.
Information	14-11-2021 19:36:36	Service Control Manager	7040	None	The start type of the Windows Modules Installer service was changed from demand start to auto start.
Information	14-11-2021 19:36:32	Service Control Manager	7040	None	The start type of the Windows Modules Installer service was changed from auto start to demand start.
Information	14-11-2021 19:34:19	Service Control Manager	7040	None	The start type of the Windows Modules Installer service was changed from demand start to auto start.
Error	14-11-2021 19:15:27	Server	2505	None	The server could not bind to the transport \Device\NetBT_Tcpip_{9F961AE3-9423-4C8B-AB48-B1886999008B} because another computer on the network has the same name.  The server could not start.
Warning	14-11-2021 19:15:22	Microsoft-Windows-DNS-Client	1014	(1014)	Name resolution for the name trouter2-azsc-krce-2-a.trouter.teams.microsoft.com timed out after none of the configured DNS servers responded. Client PID 14812.
Information	14-11-2021 18:17:40	Service Control Manager	7040	None	The start type of the Background Intelligent Transfer Service service was changed from auto start to demand start.
Information	14-11-2021 18:14:54	Service Control Manager	7040	None	The start type of the Background Intelligent Transfer Service service was changed from demand start to auto start.
Warning	14-11-2021 18:13:04	Microsoft-Windows-DistributedCOM	10016	None	"The application-specific permission settings do not grant Local Activation permission for the COM Server application with CLSID 
{2593F8B9-4EAF-457C-B68A-50F6B8EA6B54}
 and APPID 
{15C20B67-12E7-4BB6-92BB-7AFF07997402}
 to the user LAPTOP-7EVMU4TQ\mahendra SID (S-1-5-21-38077573-387163758-1783380300-1002) from address LocalHost (Using LRPC) running in the application container Unavailable SID (Unavailable). This security permission can be modified using the Component Services administrative tool."
Information	14-11-2021 17:36:11	Service Control Manager	7040	None	The start type of the Windows Modules Installer service was changed from auto start to demand start.
Information	14-11-2021 17:33:59	Microsoft-Windows-Time-Service	158	None	The time provider 'VMICTimeProvider' has indicated that the current hardware and operating environment is not supported and has stopped. This behavior is expected for VMICTimeProvider on non-HyperV-guest environments. This may be the expected behavior for the current provider in the current operating environment as well.
Information	14-11-2021 17:33:54	Microsoft-Windows-Power-Troubleshooter	1	None	"The system has returned from a low power state.

Sleep Time: ‎2021‎-‎11‎-‎14T12:03:07.858368600Z
Wake Time: ‎2021‎-‎11‎-‎14T12:03:44.939024700Z

Wake Source: Power Button"
Error	14-11-2021 17:33:48	Server	2505	None	The server could not bind to the transport \Device\NetBT_Tcpip_{9F961AE3-9423-4C8B-AB48-B1886999008B} because another computer on the network has the same name.  The server could not start.
Error	14-11-2021 17:33:47	Server	2505	None	The server could not bind to the transport \Device\NetBT_Tcpip_{59426481-F96A-490F-9157-08A6F626BD36} because another computer on the network has the same name.  The server could not start.
Information	14-11-2021 17:33:43	Microsoft-Windows-Kernel-Power	566	(268)	"The system session has transitioned from 41 to 43.

Reason: 12"
Information	14-11-2021 17:33:43	Microsoft-Windows-Kernel-Power	566	(268)	"The system session has transitioned from 40 to 41.

Reason: 12"
Information	14-11-2021 17:33:42	Microsoft-Windows-Kernel-Power	130	(33)	Firmware S3 times. SuspendStart: 17371442, SuspendEnd: 17371444
Information	14-11-2021 17:33:42	Microsoft-Windows-Kernel-Power	131	(33)	Firmware S3 times. ResumeCount: 3, FullResume: 1039, AverageResume: 1035
Information	14-11-2021 17:33:42	Microsoft-Windows-Kernel-General	1	(5)	"The system time has changed to ‎2021‎-‎11‎-‎14T12:03:42.500000000Z from ‎2021‎-‎11‎-‎14T12:03:26.344932600Z.

Change Reason: System time synchronized with the hardware clock.
Process: '' (PID 4).

RTC time: ‎2021‎-‎11‎-‎14T17:33:42.500000000Z
Current time zone bias: -330
RTC time is in UTC: false
System time was based on RTC time: false"
Information	14-11-2021 17:33:26	Microsoft-Windows-Kernel-Power	107	(102)	The system has resumed from sleep.
Information	14-11-2021 17:33:21	Microsoft-Windows-Kernel-Power	42	(64)	"The system is entering sleep.

Sleep Reason: System Idle"
Information	14-11-2021 17:33:10	Microsoft-Windows-Kernel-Power	566	(268)	"The system session has transitioned from 38 to 40.

Reason: 12"
Information	14-11-2021 17:32:27	Service Control Manager	7040	None	The start type of the Windows Modules Installer service was changed from demand start to auto start.
Information	14-11-2021 17:32:27	Service Control Manager	7040	None	The start type of the Windows Modules Installer service was changed from auto start to demand start.
Information	14-11-2021 17:31:01	Service Control Manager	7040	None	The start type of the Background Intelligent Transfer Service service was changed from auto start to demand start.
Information	14-11-2021 17:28:57	Service Control Manager	7040	None	The start type of the Background Intelligent Transfer Service service was changed from demand start to auto start.
Information	14-11-2021 17:27:54	Microsoft-Windows-Time-Service	158	None	The time provider 'VMICTimeProvider' has indicated that the current hardware and operating environment is not supported and has stopped. This behavior is expected for VMICTimeProvider on non-HyperV-guest environments. This may be the expected behavior for the current provider in the current operating environment as well.
Information	14-11-2021 17:26:49	Service Control Manager	7045	None	"A service was installed in the system.

Service Name:  MpKsl20cae75e
Service File Name:  C:\ProgramData\Microsoft\Windows Defender\Definition Updates\{0A9F13F3-65E1-420A-A81B-D12EC2924478}\MpKslDrv.sys
Service Type:  kernel mode driver
Service Start Type:  demand start
Service Account:  "
Information	14-11-2021 17:23:38	Microsoft-Windows-Kernel-Power	566	(268)	"The system session has transitioned from 37 to 38.

Reason: 12"
Information	14-11-2021 17:23:05	Service Control Manager	7040	None	The start type of the Windows Modules Installer service was changed from demand start to auto start.
Information	14-11-2021 17:23:05	Service Control Manager	7040	None	The start type of the Windows Modules Installer service was changed from auto start to demand start.
Information	14-11-2021 17:22:50	Microsoft-Windows-Ntfs	98	None	Volume Windows (\Device\HarddiskVolumeShadowCopy10) is healthy.  No action is needed.
Information	14-11-2021 17:22:46	Service Control Manager	7040	None	The start type of the Windows Modules Installer service was changed from demand start to auto start.
Information	14-11-2021 17:21:42	Service Control Manager	7040	None	The start type of the Windows Modules Installer service was changed from auto start to demand start.
Information	14-11-2021 17:20:25	Service Control Manager	7040	None	The start type of the Windows Modules Installer service was changed from demand start to auto start.
Information	14-11-2021 17:20:16	Service Control Manager	7040	None	The start type of the Windows Modules Installer service was changed from auto start to demand start.
Information	14-11-2021 17:20:10	Service Control Manager	7040	None	The start type of the Windows Modules Installer service was changed from demand start to auto start.
Warning	14-11-2021 17:13:09	Microsoft-Windows-DistributedCOM	10016	None	"The application-specific permission settings do not grant Local Activation permission for the COM Server application with CLSID 
{2593F8B9-4EAF-457C-B68A-50F6B8EA6B54}
 and APPID 
{15C20B67-12E7-4BB6-92BB-7AFF07997402}
 to the user LAPTOP-7EVMU4TQ\mahendra SID (S-1-5-21-38077573-387163758-1783380300-1002) from address LocalHost (Using LRPC) running in the application container Unavailable SID (Unavailable). This security permission can be modified using the Component Services administrative tool."
Information	14-11-2021 17:12:14	Microsoft-Windows-Ntfs	98	None	Volume Windows (\Device\HarddiskVolumeShadowCopy9) is healthy.  No action is needed.
Error	14-11-2021 17:11:43	Server	2505	None	The server could not bind to the transport \Device\NetBT_Tcpip_{9F961AE3-9423-4C8B-AB48-B1886999008B} because another computer on the network has the same name.  The server could not start.
Information	14-11-2021 17:10:50	Microsoft-Windows-Time-Service	158	None	The time provider 'VMICTimeProvider' has indicated that the current hardware and operating environment is not supported and has stopped. This behavior is expected for VMICTimeProvider on non-HyperV-guest environments. This may be the expected behavior for the current provider in the current operating environment as well.
Information	14-11-2021 17:10:46	Service Control Manager	7040	None	The start type of the Windows Modules Installer service was changed from auto start to demand start.
Information	14-11-2021 17:07:17	Service Control Manager	7040	None	The start type of the Windows Modules Installer service was changed from demand start to auto start.
Information	14-11-2021 17:07:05	Service Control Manager	7040	None	The start type of the Windows Modules Installer service was changed from auto start to demand start.
Information	14-11-2021 17:06:54	Service Control Manager	7040	None	The start type of the Windows Modules Installer service was changed from demand start to auto start.
Information	14-11-2021 16:53:46	Microsoft-Windows-Time-Service	158	None	The time provider 'VMICTimeProvider' has indicated that the current hardware and operating environment is not supported and has stopped. This behavior is expected for VMICTimeProvider on non-HyperV-guest environments. This may be the expected behavior for the current provider in the current operating environment as well.
Error	14-11-2021 16:40:38	Service Control Manager	7009	None	A timeout was reached (30000 milliseconds) while waiting for the Intel(R) SUR QC Software Asset Manager service to connect.
Information	14-11-2021 16:38:38	Service Control Manager	7040	None	The start type of the Background Intelligent Transfer Service service was changed from auto start to demand start.
Information	14-11-2021 16:37:06	Service Control Manager	7040	None	The start type of the Windows Modules Installer service was changed from auto start to demand start.
Information	14-11-2021 16:36:31	Service Control Manager	7040	None	The start type of the Background Intelligent Transfer Service service was changed from demand start to auto start.
Information	14-11-2021 16:36:26	Microsoft-Windows-Time-Service	37	None	The time provider NtpClient is currently receiving valid time data from time.windows.com,0x9 (ntp.m|0x9|0.0.0.0:123->40.81.94.65:123).
Information	14-11-2021 16:36:26	Microsoft-Windows-Time-Service	158	None	The time provider 'VMICTimeProvider' has indicated that the current hardware and operating environment is not supported and has stopped. This behavior is expected for VMICTimeProvider on non-HyperV-guest environments. This may be the expected behavior for the current provider in the current operating environment as well.
Information	14-11-2021 16:36:25	Service Control Manager	7040	None	The start type of the Windows Modules Installer service was changed from demand start to auto start.
Error	14-11-2021 16:34:31	Server	2505	None	The server could not bind to the transport \Device\NetBT_Tcpip_{9F961AE3-9423-4C8B-AB48-B1886999008B} because another computer on the network has the same name.  The server could not start.
Error	14-11-2021 16:34:25	Server	2505	None	The server could not bind to the transport \Device\NetBT_Tcpip_{9F961AE3-9423-4C8B-AB48-B1886999008B} because another computer on the network has the same name.  The server could not start.
Information	14-11-2021 16:25:19	Microsoft-Windows-Power-Troubleshooter	1	None	"The system has returned from a low power state.

Sleep Time: ‎2021‎-‎11‎-‎14T08:12:06.979747100Z
Wake Time: ‎2021‎-‎11‎-‎14T10:55:15.865378300Z

Wake Source: Power Button"
Error	14-11-2021 16:25:19	Server	2505	None	The server could not bind to the transport \Device\NetBT_Tcpip_{59426481-F96A-490F-9157-08A6F626BD36} because another computer on the network has the same name.  The server could not start.
Information	14-11-2021 16:25:15	Microsoft-Windows-Kernel-Power	566	(268)	"The system session has transitioned from 35 to 37.

Reason: 12"
Information	14-11-2021 16:25:15	Microsoft-Windows-Kernel-Power	566	(268)	"The system session has transitioned from 34 to 35.

Reason: 12"
Information	14-11-2021 16:25:14	Microsoft-Windows-Kernel-Power	130	(33)	Firmware S3 times. SuspendStart: 13281080, SuspendEnd: 13281081
Information	14-11-2021 16:25:14	Microsoft-Windows-Kernel-Power	131	(33)	Firmware S3 times. ResumeCount: 2, FullResume: 1034, AverageResume: 1033
Information	14-11-2021 16:25:14	Microsoft-Windows-Kernel-General	1	(5)	"The system time has changed to ‎2021‎-‎11‎-‎14T10:55:14.500000000Z from ‎2021‎-‎11‎-‎14T08:12:13.623179200Z.

Change Reason: System time synchronized with the hardware clock.
Process: '' (PID 4).

RTC time: ‎2021‎-‎11‎-‎14T16:25:14.500000000Z
Current time zone bias: -330
RTC time is in UTC: false
System time was based on RTC time: false"
Information	14-11-2021 13:42:13	Microsoft-Windows-Kernel-Power	107	(102)	The system has resumed from sleep.
Information	14-11-2021 13:42:09	Microsoft-Windows-Kernel-Power	42	(64)	"The system is entering sleep.

Sleep Reason: System Idle"
Information	14-11-2021 13:42:07	Microsoft-Windows-Kernel-Power	566	(268)	"The system session has transitioned from 32 to 34.

Reason: 12"
Information	14-11-2021 13:22:50	Microsoft-Windows-Kernel-Power	566	(268)	"The system session has transitioned from 31 to 32.

Reason: 12"
Information	14-11-2021 13:21:53	Microsoft-Windows-Power-Troubleshooter	1	None	"The system has returned from a low power state.

Sleep Time: ‎2021‎-‎11‎-‎14T07:29:04.270122200Z
Wake Time: ‎2021‎-‎11‎-‎14T07:51:49.819449300Z

Wake Source: Power Button"
Error	14-11-2021 13:21:52	Server	2505	None	The server could not bind to the transport \Device\NetBT_Tcpip_{59426481-F96A-490F-9157-08A6F626BD36} because another computer on the network has the same name.  The server could not start.
Information	14-11-2021 13:21:49	Microsoft-Windows-Kernel-Power	566	(268)	"The system session has transitioned from 29 to 31.

Reason: 12"
Information	14-11-2021 13:21:49	Microsoft-Windows-Kernel-Power	566	(268)	"The system session has transitioned from 28 to 29.

Reason: 12"
Information	14-11-2021 13:21:47	Microsoft-Windows-Kernel-Power	130	(33)	Firmware S3 times. SuspendStart: 12055400, SuspendEnd: 12055401
Information	14-11-2021 13:21:47	Microsoft-Windows-Kernel-Power	131	(33)	Firmware S3 times. ResumeCount: 1, FullResume: 1031, AverageResume: 1031
Information	14-11-2021 13:21:47	Microsoft-Windows-Kernel-General	1	(5)	"The system time has changed to ‎2021‎-‎11‎-‎14T07:51:47.500000000Z from ‎2021‎-‎11‎-‎14T07:29:14.774607000Z.

Change Reason: System time synchronized with the hardware clock.
Process: '' (PID 4).

RTC time: ‎2021‎-‎11‎-‎14T13:21:47.500000000Z
Current time zone bias: -330
RTC time is in UTC: false
System time was based on RTC time: false"
Information	14-11-2021 12:59:14	Microsoft-Windows-Kernel-Power	107	(102)	The system has resumed from sleep.
Information	14-11-2021 12:59:10	Microsoft-Windows-Kernel-Power	42	(64)	"The system is entering sleep.

Sleep Reason: System Idle"
Information	14-11-2021 12:59:05	Microsoft-Windows-Kernel-Power	566	(268)	"The system session has transitioned from 26 to 28.

Reason: 12"
Information	14-11-2021 12:48:42	Microsoft-Windows-Kernel-Power	566	(268)	"The system session has transitioned from 25 to 26.

Reason: 12"
Information	14-11-2021 12:00:00	EventLog	6013	None	The system uptime is 15440 seconds.
Information	14-11-2021 11:17:16	Microsoft-Windows-Kernel-Power	105	(100)	Power source change.
Information	14-11-2021 11:10:57	Microsoft-Windows-Kernel-Power	566	(268)	"The system session has transitioned from 23 to 25.

Reason: 12"
Information	14-11-2021 11:10:52	Microsoft-Windows-Kernel-Power	566	(268)	"The system session has transitioned from 22 to 23.

Reason: 12"
Information	14-11-2021 11:10:47	Microsoft-Windows-Kernel-Power	105	(100)	Power source change.
Information	14-11-2021 11:08:32	Microsoft-Windows-Kernel-General	16	None	The access history in hive \??\C:\ProgramData\Microsoft\Windows\AppRepository\Packages\5A894077.McAfeeSecurity_2.1.68.0_x64__wafk5atnkzcwy\ActivationStore.dat was cleared updating 0 keys and creating 0 modified pages.
Information	14-11-2021 11:07:46	Microsoft-Windows-WindowsUpdateClient	44	Windows Update Agent	Windows Update started downloading an update.
Information	14-11-2021 11:04:34	Service Control Manager	7040	None	The start type of the Background Intelligent Transfer Service service was changed from auto start to demand start.
Information	14-11-2021 11:04:05	Microsoft-Windows-WindowsUpdateClient	44	Windows Update Agent	Windows Update started downloading an update.
Information	14-11-2021 11:04:05	Microsoft-Windows-WindowsUpdateClient	44	Windows Update Agent	Windows Update started downloading an update.
Information	14-11-2021 11:03:57	Microsoft-Windows-WindowsUpdateClient	44	Windows Update Agent	Windows Update started downloading an update.
Information	14-11-2021 11:03:53	Microsoft-Windows-WindowsUpdateClient	44	Windows Update Agent	Windows Update started downloading an update.
Information	14-11-2021 11:03:53	Microsoft-Windows-WindowsUpdateClient	44	Windows Update Agent	Windows Update started downloading an update.
Information	14-11-2021 11:03:53	Microsoft-Windows-WindowsUpdateClient	44	Windows Update Agent	Windows Update started downloading an update.
Information	14-11-2021 11:03:41	Microsoft-Windows-WindowsUpdateClient	44	Windows Update Agent	Windows Update started downloading an update.
Information	14-11-2021 11:03:40	Microsoft-Windows-WindowsUpdateClient	44	Windows Update Agent	Windows Update started downloading an update.
Information	14-11-2021 11:03:40	Microsoft-Windows-WindowsUpdateClient	44	Windows Update Agent	Windows Update started downloading an update.
Error	14-11-2021 11:02:55	Server	2505	None	The server could not bind to the transport \Device\NetBT_Tcpip_{9F961AE3-9423-4C8B-AB48-B1886999008B} because another computer on the network has the same name.  The server could not start.
Information	14-11-2021 11:02:50	Microsoft-Windows-Power-Troubleshooter	1	None	"The system has returned from a low power state.

Sleep Time: ‎2021‎-‎11‎-‎14T05:31:04.722982700Z
Wake Time: ‎2021‎-‎11‎-‎14T05:32:45.333095700Z

Wake Source: Unknown"
Information	14-11-2021 11:02:45	Microsoft-Windows-Kernel-Power	566	(268)	"The system session has transitioned from 20 to 22.

Reason: 12"
Information	14-11-2021 11:02:45	Microsoft-Windows-Kernel-Power	566	(268)	"The system session has transitioned from 19 to 20.

Reason: 12"
Information	14-11-2021 11:02:45	Microsoft-Windows-Kernel-Boot	32	(58)	The bootmgr spent 0 ms waiting for user input.
Information	14-11-2021 11:02:45	Microsoft-Windows-Kernel-Boot	18	(57)	There are 0x1 boot options on this system.
Information	14-11-2021 11:02:45	Microsoft-Windows-Kernel-Boot	30	(21)	The firmware reported boot metrics.
Error	14-11-2021 11:02:48	Server	2505	None	The server could not bind to the transport \Device\NetBT_Tcpip_{59426481-F96A-490F-9157-08A6F626BD36} because another computer on the network has the same name.  The server could not start.
Information	14-11-2021 11:02:43	Microsoft-Windows-Kernel-General	1	(5)	"The system time has changed to ‎2021‎-‎11‎-‎14T05:32:43.500000000Z from ‎2021‎-‎11‎-‎14T05:31:16.394324400Z.

Change Reason: System time synchronized with the hardware clock.
Process: '' (PID 4).

RTC time: ‎2021‎-‎11‎-‎14T11:02:43.500000000Z
Current time zone bias: -330
RTC time is in UTC: false
System time was based on RTC time: false"
Information	14-11-2021 11:01:16	Microsoft-Windows-Kernel-Power	107	(102)	The system has resumed from sleep.
Information	14-11-2021 11:01:09	Microsoft-Windows-Kernel-Power	42	(64)	"The system is entering sleep.

Sleep Reason: Battery"
Information	14-11-2021 11:01:05	Microsoft-Windows-Kernel-Power	566	(268)	"The system session has transitioned from 18 to 19.

Reason: 12"
Information	14-11-2021 11:01:04	Microsoft-Windows-Kernel-Power	524	(223)	Critical Battery Trigger Met
Information	14-11-2021 11:01:02	Service Control Manager	7040	None	The start type of the Background Intelligent Transfer Service service was changed from demand start to auto start.
Information	14-11-2021 11:00:58	Microsoft-Windows-Kernel-Power	105	(100)	Power source change.
Information	14-11-2021 11:00:30	Microsoft-Windows-Power-Troubleshooter	1	None	"The system has returned from a low power state.

Sleep Time: ‎2021‎-‎11‎-‎14T04:53:49.161049900Z
Wake Time: ‎2021‎-‎11‎-‎14T05:30:26.771375400Z

Wake Source: Power Button"
Error	14-11-2021 11:00:29	Server	2505	None	The server could not bind to the transport \Device\NetBT_Tcpip_{59426481-F96A-490F-9157-08A6F626BD36} because another computer on the network has the same name.  The server could not start.
Information	14-11-2021 11:00:26	Microsoft-Windows-Kernel-Power	566	(268)	"The system session has transitioned from 16 to 18.

Reason: 12"
Information	14-11-2021 11:00:26	Microsoft-Windows-Kernel-Power	566	(268)	"The system session has transitioned from 15 to 16.

Reason: 12"
Information	14-11-2021 11:00:23	Microsoft-Windows-Kernel-Power	130	(33)	Firmware S3 times. SuspendStart: 4999549, SuspendEnd: 4999551
Information	14-11-2021 11:00:23	Microsoft-Windows-Kernel-Power	131	(33)	Firmware S3 times. ResumeCount: 3, FullResume: 1036, AverageResume: 1033
Information	14-11-2021 11:00:23	Microsoft-Windows-Kernel-General	1	(5)	"The system time has changed to ‎2021‎-‎11‎-‎14T05:30:23.500000000Z from ‎2021‎-‎11‎-‎14T04:54:05.510212200Z.

Change Reason: System time synchronized with the hardware clock.
Process: '' (PID 4).

RTC time: ‎2021‎-‎11‎-‎14T11:00:23.500000000Z
Current time zone bias: -330
RTC time is in UTC: false
System time was based on RTC time: false"
Information	14-11-2021 10:24:05	Microsoft-Windows-Kernel-Power	107	(102)	The system has resumed from sleep.
Information	14-11-2021 10:23:59	Microsoft-Windows-Kernel-Power	42	(64)	"The system is entering sleep.

Sleep Reason: System Idle"
Information	14-11-2021 10:23:50	Microsoft-Windows-Kernel-Power	566	(268)	"The system session has transitioned from 13 to 15.

Reason: 12"
Information	14-11-2021 10:23:30	Microsoft-Windows-Kernel-Power	566	(268)	"The system session has transitioned from 12 to 13.

Reason: 12"
Error	14-11-2021 10:04:38	Server	2505	None	The server could not bind to the transport \Device\NetBT_Tcpip_{9F961AE3-9423-4C8B-AB48-B1886999008B} because another computer on the network has the same name.  The server could not start.
Information	14-11-2021 10:03:16	Microsoft-Windows-Power-Troubleshooter	1	None	"The system has returned from a low power state.

Sleep Time: ‎2021‎-‎11‎-‎14T04:21:33.384238100Z
Wake Time: ‎2021‎-‎11‎-‎14T04:33:11.209098500Z

Wake Source: Power Button"
Information	14-11-2021 10:03:11	Microsoft-Windows-Kernel-Power	566	(268)	"The system session has transitioned from 10 to 12.

Reason: 12"
Information	14-11-2021 10:03:10	Microsoft-Windows-Kernel-Power	566	(268)	"The system session has transitioned from 9 to 10.

Reason: 12"
Error	14-11-2021 10:03:12	Server	2505	None	The server could not bind to the transport \Device\NetBT_Tcpip_{59426481-F96A-490F-9157-08A6F626BD36} because another computer on the network has the same name.  The server could not start.
Information	14-11-2021 10:03:07	Microsoft-Windows-Kernel-Power	130	(33)	Firmware S3 times. SuspendStart: 3741804, SuspendEnd: 3741805
Information	14-11-2021 10:03:07	Microsoft-Windows-Kernel-Power	131	(33)	Firmware S3 times. ResumeCount: 2, FullResume: 1030, AverageResume: 1032
Information	14-11-2021 10:03:07	Microsoft-Windows-Kernel-General	1	(5)	"The system time has changed to ‎2021‎-‎11‎-‎14T04:33:07.500000000Z from ‎2021‎-‎11‎-‎14T04:21:51.724322900Z.

Change Reason: System time synchronized with the hardware clock.
Process: '' (PID 4).

RTC time: ‎2021‎-‎11‎-‎14T10:03:07.500000000Z
Current time zone bias: -330
RTC time is in UTC: false
System time was based on RTC time: false"
Information	14-11-2021 09:51:51	Microsoft-Windows-Kernel-Power	107	(102)	The system has resumed from sleep.
Information	14-11-2021 09:51:47	Microsoft-Windows-Kernel-Power	42	(64)	"The system is entering sleep.

Sleep Reason: System Idle"
Information	14-11-2021 09:51:35	Microsoft-Windows-Kernel-Power	566	(268)	"The system session has transitioned from 7 to 9.

Reason: 12"
Information	14-11-2021 09:51:15	Microsoft-Windows-WindowsUpdateClient	19	Windows Update Agent	Installation Successful: Windows successfully installed the following update: Security Intelligence Update for Microsoft Defender Antivirus - KB2267602 (Version 1.353.968.0)
Information	14-11-2021 09:51:05	Microsoft-Windows-Kernel-Power	566	(268)	"The system session has transitioned from 6 to 7.

Reason: 12"
Information	14-11-2021 09:50:38	Microsoft-Windows-WindowsUpdateClient	43	Windows Update Agent	Installation Started: Windows has started installing the following update: Security Intelligence Update for Microsoft Defender Antivirus - KB2267602 (Version 1.353.968.0)
Information	14-11-2021 09:50:38	Microsoft-Windows-WindowsUpdateClient	44	Windows Update Agent	Windows Update started downloading an update.
Information	14-11-2021 09:22:11	Service Control Manager	7040	None	The start type of the Background Intelligent Transfer Service service was changed from auto start to demand start.
Warning	14-11-2021 09:21:00	Microsoft-Windows-DistributedCOM	10016	None	"The application-specific permission settings do not grant Local Activation permission for the COM Server application with CLSID 
{2593F8B9-4EAF-457C-B68A-50F6B8EA6B54}
 and APPID 
{15C20B67-12E7-4BB6-92BB-7AFF07997402}
 to the user LAPTOP-7EVMU4TQ\mahendra SID (S-1-5-21-38077573-387163758-1783380300-1002) from address LocalHost (Using LRPC) running in the application container Unavailable SID (Unavailable). This security permission can be modified using the Component Services administrative tool."
Information	14-11-2021 09:19:20	Service Control Manager	7040	None	The start type of the Background Intelligent Transfer Service service was changed from demand start to auto start.
Warning	14-11-2021 09:18:10	Microsoft-Windows-DistributedCOM	10016	None	"The application-specific permission settings do not grant Local Activation permission for the COM Server application with CLSID 
{2593F8B9-4EAF-457C-B68A-50F6B8EA6B54}
 and APPID 
{15C20B67-12E7-4BB6-92BB-7AFF07997402}
 to the user LAPTOP-7EVMU4TQ\mahendra SID (S-1-5-21-38077573-387163758-1783380300-1002) from address LocalHost (Using LRPC) running in the application container Unavailable SID (Unavailable). This security permission can be modified using the Component Services administrative tool."
Information	14-11-2021 09:16:39	Microsoft-Windows-Kernel-General	16	None	The access history in hive \??\C:\Users\mahendra\AppData\Local\Packages\MicrosoftWindows.Client.WebExperience_cw5n1h2txyewy\Settings\settings.dat was cleared updating 1 keys and creating 1 modified pages.
Information	14-11-2021 09:12:52	Microsoft-Windows-WindowsUpdateClient	19	Windows Update Agent	Installation Successful: Windows successfully installed the following update: Security Intelligence Update for Microsoft Defender Antivirus - KB2267602 (Version 1.353.964.0)
Information	14-11-2021 09:12:22	Microsoft-Windows-WindowsUpdateClient	43	Windows Update Agent	Installation Started: Windows has started installing the following update: Security Intelligence Update for Microsoft Defender Antivirus - KB2267602 (Version 1.353.964.0)
Information	14-11-2021 09:12:22	Microsoft-Windows-WindowsUpdateClient	44	Windows Update Agent	Windows Update started downloading an update.
Information	14-11-2021 09:12:05	Microsoft-Windows-Kernel-General	16	None	The access history in hive \??\C:\ProgramData\Microsoft\Provisioning\Microsoft-Desktop-Provisioning-Sequence.dat was cleared updating 0 keys and creating 0 modified pages.
Information	14-11-2021 09:04:08	Microsoft-Windows-Kernel-General	16	None	The access history in hive \??\C:\Users\mahendra\AppData\Local\Packages\Microsoft.WindowsStore_8wekyb3d8bbwe\Settings\settings.dat was cleared updating 12 keys and creating 3 modified pages.
Information	14-11-2021 09:01:49	Microsoft-Windows-Kernel-General	16	None	The access history in hive \??\C:\ProgramData\Packages\AppUp.IntelGraphicsExperience_8j3eq9eme6ctt\S-1-5-21-38077573-387163758-1783380300-1002\SystemAppData\Helium\Cache\e31f83819d7764e3_COM15.dat was cleared updating 1 keys and creating 1 modified pages.
Error	14-11-2021 09:01:33	Service Control Manager	7009	None	A timeout was reached (30000 milliseconds) while waiting for the Intel(R) SUR QC Software Asset Manager service to connect.
Information	14-11-2021 09:01:02	Microsoft-Windows-Kernel-General	16	None	The access history in hive \??\C:\Users\mahendra\AppData\Local\Microsoft\Windows\UsrClass.dat was cleared updating 18847 keys and creating 1802 modified pages.
Information	14-11-2021 09:01:02	Microsoft-Windows-Kernel-General	16	None	The access history in hive \??\C:\Users\mahendra\ntuser.dat was cleared updating 9270 keys and creating 1089 modified pages.
Information	14-11-2021 09:01:02	Microsoft-Windows-Winlogon	7001	(1101)	User Logon Notification for Customer Experience Improvement Program
Information	14-11-2021 09:00:47	Microsoft-Windows-Power-Troubleshooter	1	None	"The system has returned from a low power state.

Sleep Time: ‎2021‎-‎11‎-‎14T02:23:29.499732100Z
Wake Time: ‎2021‎-‎11‎-‎14T03:30:45.834197200Z

Wake Source: Power Button"
Error	14-11-2021 09:00:47	Server	2505	None	The server could not bind to the transport \Device\NetBT_Tcpip_{59426481-F96A-490F-9157-08A6F626BD36} because another computer on the network has the same name.  The server could not start.
Information	14-11-2021 09:00:46	Microsoft-Windows-Kernel-Power	566	(268)	"The system session has transitioned from 4 to 6.

Reason: 12"
Information	14-11-2021 09:00:45	Microsoft-Windows-Kernel-Power	566	(268)	"The system session has transitioned from 3 to 4.

Reason: 12"
Information	14-11-2021 09:00:43	Microsoft-Windows-Kernel-Power	130	(33)	Firmware S3 times. SuspendStart: 674247, SuspendEnd: 674248
Information	14-11-2021 09:00:43	Microsoft-Windows-Kernel-Power	131	(33)	Firmware S3 times. ResumeCount: 1, FullResume: 1034, AverageResume: 1034
Information	14-11-2021 09:00:43	Microsoft-Windows-Kernel-General	1	(5)	"The system time has changed to ‎2021‎-‎11‎-‎14T03:30:43.500000000Z from ‎2021‎-‎11‎-‎14T02:23:39.609838300Z.

Change Reason: System time synchronized with the hardware clock.
Process: '' (PID 4).

RTC time: ‎2021‎-‎11‎-‎14T09:00:43.500000000Z
Current time zone bias: -330
RTC time is in UTC: false
System time was based on RTC time: false"
Information	14-11-2021 07:53:39	Microsoft-Windows-Kernel-Power	107	(102)	The system has resumed from sleep.
Information	14-11-2021 07:53:35	Microsoft-Windows-Kernel-Power	42	(64)	"The system is entering sleep.

Sleep Reason: System Idle"
Information	14-11-2021 07:53:30	Microsoft-Windows-Kernel-Power	566	(268)	"The system session has transitioned from 1 to 3.

Reason: 12"
Information	14-11-2021 07:53:22	Microsoft-Windows-Kernel-Power	566	(268)	"The system session has transitioned from 0 to 1.

Reason: 12"
Information	14-11-2021 07:44:45	Microsoft-Windows-TPM-WMI	1025	None	The TPM was successfully provisioned and is now ready for use.
Information	14-11-2021 07:44:44	Microsoft-Windows-TPM-WMI	1282	None	The TBS device identifier has been generated.
Information	14-11-2021 07:44:20	TPM	18	None	This event triggers the Trusted Platform Module (TPM) provisioning/status check to run.
Information	14-11-2021 07:44:20	Service Control Manager	7026	None	"The following boot-start or system-start driver(s) did not load: 
dam
WinSetupMon"
Warning	14-11-2021 07:44:12	Microsoft-Windows-Kernel-Processor-Power	37	(7)	The speed of processor 7 in group 0 is being limited by system firmware. The processor has been in this reduced performance state for 71 seconds since the last report.
Information	14-11-2021 07:44:08	Microsoft-Windows-WLAN-AutoConfig	4000	None	"WLAN AutoConfig service has successfully started.
"
Information	14-11-2021 07:43:53	Microsoft-Windows-UserModePowerService	12	(10)	Process C:\Windows\System32\DriverStore\FileRepository\dptf_cpu.inf_amd64_21306a77b30fd6e0\esif_uf.exe (process ID:5312) reset policy scheme from {48684d4a-8524-4093-8a63-ea7132b79c1c} to {48684d4a-8524-4093-8a63-ea7132b79c1c}
Information	14-11-2021 07:43:53	Microsoft-Windows-UserModePowerService	12	(10)	Process C:\Windows\System32\DriverStore\FileRepository\dptf_cpu.inf_amd64_21306a77b30fd6e0\esif_uf.exe (process ID:5312) reset policy scheme from {48684d4a-8524-4093-8a63-ea7132b79c1c} to {48684d4a-8524-4093-8a63-ea7132b79c1c}
Information	14-11-2021 07:43:43	Microsoft-Windows-DHCPv6-Client	51046	Service State Event	DHCPv6 client service is started
Information	14-11-2021 07:43:43	Microsoft-Windows-Dhcp-Client	50036	Service State Event	DHCPv4 client service is started
Information	14-11-2021 07:43:43	Microsoft-Windows-Dhcp-Client	50103	Service State Event	DHCPv4 client registered for shutdown notification
Information	14-11-2021 07:43:43	Microsoft-Windows-Dhcp-Client	50036	Service State Event	DHCPv4 client service is started
Information	14-11-2021 07:43:42	Microsoft-Windows-FilterManager	6	None	File System Filter 'bindflt' (10.0, ‎2050‎-‎06‎-‎24T18:22:06.000000000Z) has successfully loaded and registered with Filter Manager.
Information	14-11-2021 07:43:42	Microsoft-Windows-FilterManager	6	None	File System Filter 'storqosflt' (10.0, ‎1990‎-‎03‎-‎04T19:48:49.000000000Z) has successfully loaded and registered with Filter Manager.
Information	14-11-2021 07:43:42	Microsoft-Windows-UserModePowerService	12	(10)	Process C:\Windows\System32\svchost.exe (process ID:1588) reset policy scheme from {48684d4a-8524-4093-8a63-ea7132b79c1c} to {48684d4a-8524-4093-8a63-ea7132b79c1c}
Information	14-11-2021 07:43:42	Microsoft-Windows-FilterManager	6	None	File System Filter 'CldFlt' (10.0, ‎1986‎-‎05‎-‎22T18:16:22.000000000Z) has successfully loaded and registered with Filter Manager.
Information	14-11-2021 07:43:42	Microsoft-Windows-FilterManager	1	None	File System Filter 'CldFlt' (Version 10.0, ‎1986‎-‎05‎-‎22T18:16:22.000000000Z) unloaded successfully.
Information	14-11-2021 07:43:42	Microsoft-Windows-FilterManager	6	None	File System Filter 'CldFlt' (10.0, ‎1986‎-‎05‎-‎22T18:16:22.000000000Z) has successfully loaded and registered with Filter Manager.
Information	14-11-2021 07:43:41	Microsoft-Windows-FilterManager	6	None	File System Filter 'wcifs' (10.0, ‎1970‎-‎02‎-‎13T21:42:24.000000000Z) has successfully loaded and registered with Filter Manager.
Information	14-11-2021 07:43:41	Microsoft-Windows-FilterManager	6	None	File System Filter 'luafv' (10.0, ‎2058‎-‎03‎-‎26T06:07:33.000000000Z) has successfully loaded and registered with Filter Manager.
Information	14-11-2021 07:43:40	Microsoft-Windows-Directory-Services-SAM	16983	None	"The security account manager is now logging periodic summary events for remote clients that call legacy password change or set RPC methods.

For more information please see https://go.microsoft.com/fwlink/?linkid=2150956.
"
Information	14-11-2021 07:43:40	Microsoft-Windows-Directory-Services-SAM	16977	None	"The domain is configured with the following minimum password length-related settings.

MinimumPasswordLength: 0

RelaxMinimumPasswordLengthLimits: 0

MinimumPasswordLengthAudit: -1

For more information see https://go.microsoft.com/fwlink/?LinkId=2097191.
"
Information	14-11-2021 07:43:40	Microsoft-Windows-Directory-Services-SAM	16962	None	"Remote calls to the SAM database are being restricted using the default security descriptor: O:SYG:SYD:(A;;RC;;;BA).
For more information please see http://go.microsoft.com/fwlink/?LinkId=787651."
Information	14-11-2021 07:43:39	Microsoft-Windows-Wininit	14	None	Credential Guard configuration: 0x0, 0
Information	14-11-2021 07:43:33	Microsoft-Windows-Kernel-General	24	(11)	The time zone information was refreshed with exit reason 0. Current time zone bias is -330.
Information	14-11-2021 07:43:26	Microsoft-Windows-Ntfs	98	None	Volume \\?\Volume{c386ec05-0800-406a-b64e-447dfac340c8} (\Device\HarddiskVolume4) is healthy.  No action is needed.
Information	14-11-2021 07:43:24	Microsoft-Windows-Ntfs	98	None	Volume E: (\Device\HarddiskVolume5) is healthy.  No action is needed.
Information	14-11-2021 07:43:22	Microsoft-Windows-Ntfs	98	None	Volume \\?\Volume{5db82c8c-c006-49d6-8c98-08debef57484} (\Device\HarddiskVolume6) is healthy.  No action is needed.
Information	14-11-2021 07:43:02	MEIx64	2	None	Intel(R) Management Engine Interface driver has started successfully.
Information	14-11-2021 07:43:01	Microsoft-Windows-Kernel-Power	521	(220)	Active battery count change.
Information	14-11-2021 07:43:01	Microsoft-Windows-Kernel-Power	105	(100)	Power source change.
Information	14-11-2021 07:43:01	Microsoft-Windows-Kernel-Power	521	(220)	Active battery count change.
Error	14-11-2021 07:43:01	VBoxNetLwf	12	None	The driver detected an internal driver error on \Device\VBoxNetLwf.
Information	14-11-2021 07:43:01	Microsoft-Windows-Kernel-Processor-Power	55	(47)	"Processor 7 in group 0 exposes the following power management capabilities:

Idle state type: ACPI Idle (C) States (3 state(s))

Performance state type: ACPI Collaborative Processor Performance Control
Nominal Frequency (MHz): 2112
Maximum performance percentage: 200
Minimum performance percentage: 38
Minimum throttle percentage: 4"
Information	14-11-2021 07:43:01	Microsoft-Windows-Kernel-Processor-Power	55	(47)	"Processor 5 in group 0 exposes the following power management capabilities:

Idle state type: ACPI Idle (C) States (3 state(s))

Performance state type: ACPI Collaborative Processor Performance Control
Nominal Frequency (MHz): 2112
Maximum performance percentage: 200
Minimum performance percentage: 38
Minimum throttle percentage: 4"
Information	14-11-2021 07:43:01	Microsoft-Windows-Kernel-Processor-Power	55	(47)	"Processor 3 in group 0 exposes the following power management capabilities:

Idle state type: ACPI Idle (C) States (3 state(s))

Performance state type: ACPI Collaborative Processor Performance Control
Nominal Frequency (MHz): 2112
Maximum performance percentage: 200
Minimum performance percentage: 38
Minimum throttle percentage: 4"
Information	14-11-2021 07:43:01	Microsoft-Windows-Kernel-Processor-Power	55	(47)	"Processor 1 in group 0 exposes the following power management capabilities:

Idle state type: ACPI Idle (C) States (3 state(s))

Performance state type: ACPI Collaborative Processor Performance Control
Nominal Frequency (MHz): 2112
Maximum performance percentage: 200
Minimum performance percentage: 38
Minimum throttle percentage: 4"
Information	14-11-2021 07:43:01	Microsoft-Windows-Kernel-Processor-Power	55	(47)	"Processor 6 in group 0 exposes the following power management capabilities:

Idle state type: ACPI Idle (C) States (3 state(s))

Performance state type: ACPI Collaborative Processor Performance Control
Nominal Frequency (MHz): 2112
Maximum performance percentage: 200
Minimum performance percentage: 38
Minimum throttle percentage: 4"
Information	14-11-2021 07:43:01	Microsoft-Windows-Kernel-Processor-Power	55	(47)	"Processor 4 in group 0 exposes the following power management capabilities:

Idle state type: ACPI Idle (C) States (3 state(s))

Performance state type: ACPI Collaborative Processor Performance Control
Nominal Frequency (MHz): 2112
Maximum performance percentage: 200
Minimum performance percentage: 38
Minimum throttle percentage: 4"
Information	14-11-2021 07:43:01	Microsoft-Windows-Kernel-Processor-Power	55	(47)	"Processor 2 in group 0 exposes the following power management capabilities:

Idle state type: ACPI Idle (C) States (3 state(s))

Performance state type: ACPI Collaborative Processor Performance Control
Nominal Frequency (MHz): 2112
Maximum performance percentage: 200
Minimum performance percentage: 38
Minimum throttle percentage: 4"
Information	14-11-2021 07:43:01	Microsoft-Windows-Kernel-Processor-Power	55	(47)	"Processor 0 in group 0 exposes the following power management capabilities:

Idle state type: ACPI Idle (C) States (3 state(s))

Performance state type: ACPI Collaborative Processor Performance Control
Nominal Frequency (MHz): 2112
Maximum performance percentage: 200
Minimum performance percentage: 19
Minimum throttle percentage: 4"
Information	14-11-2021 07:42:59	Microsoft-Windows-Kernel-Power	172	(203)	Connectivity state in standby: Disconnected, Reason: NIC compliance
Warning	14-11-2021 07:42:58	Microsoft-Windows-Kernel-PnP	219	(212)	The driver \Driver\WudfRd failed to load for the device PCI\VEN_8086&DEV_1903&SUBSYS_86B4103C&REV_0C\3&11583659&2&20.
Information	14-11-2021 07:42:58	Microsoft-Windows-DriverFrameworks-UserMode	10118	Startup of the UMDF reflector	UMDF reflector is unable to connect to service control manager (SCM). This is expected during boot, when SCM has not started yet. Will retry when it starts.
Information	14-11-2021 07:42:55	Microsoft-Windows-FilterManager	6	None	File System Filter 'npsvctrig' (10.0, ‎2104‎-‎06‎-‎16T05:01:44.000000000Z) has successfully loaded and registered with Filter Manager.
Information	14-11-2021 07:42:53	Microsoft-Windows-FilterManager	6	None	File System Filter 'FileCrypt' (10.0, ‎2102‎-‎10‎-‎25T08:50:26.000000000Z) has successfully loaded and registered with Filter Manager.
Information	14-11-2021 07:42:49	Microsoft-Windows-Ntfs	98	None	Volume C: (\Device\HarddiskVolume3) is healthy.  No action is needed.
Information	14-11-2021 07:43:53	RST Middleware	27	None	Found passthru disk: SCSI Port: 0, SCSI Bus: 0, SCSI Target: 1, SATA , 0 bytes, hp       DVDRW GUE1N                   
Information	14-11-2021 07:43:53	RST Middleware	27	None	Found passthru disk: SCSI Port: 0, SCSI Bus: 0, SCSI Target: 0, SATA HDD, 1000204886016 bytes, ST1000LM035-1RK172                     
Information	14-11-2021 07:42:43	Microsoft-Windows-FilterManager	6	None	File System Filter 'WdFilter' (10.0, ‎2043‎-‎02‎-‎28T19:25:46.000000000Z) has successfully loaded and registered with Filter Manager.
Information	14-11-2021 07:42:43	Microsoft-Windows-FilterManager	6	None	File System Filter 'Wof' (10.0, ‎2061‎-‎09‎-‎05T19:26:37.000000000Z) has successfully loaded and registered with Filter Manager.
Information	14-11-2021 07:42:43	Microsoft-Windows-FilterManager	6	None	File System Filter 'FileInfo' (10.0, ‎1970‎-‎09‎-‎04T04:26:45.000000000Z) has successfully loaded and registered with Filter Manager.
Information	14-11-2021 07:42:40	Microsoft-Windows-HAL	16	None	The iommu fault reporting has been initialized.
Information	14-11-2021 07:42:40	Microsoft-Windows-Kernel-General	20	(6)	"The leap second configuration has been updated.
Reason: Leap second data initialized from registry during boot
Leap seconds enabled: true
New leap second count: 0
Old leap second count: 0"
Information	14-11-2021 07:42:40	Microsoft-Windows-Kernel-Boot	30	(21)	The firmware reported boot metrics.
Information	14-11-2021 07:42:40	Microsoft-Windows-Kernel-Boot	27	(33)	The boot type was 0x0.
Information	14-11-2021 07:42:40	Microsoft-Windows-Kernel-Boot	25	(32)	The boot menu policy was 0x1.
Information	14-11-2021 07:42:40	Microsoft-Windows-Kernel-Boot	238	(101)	EFI time zone bias: 2047. Daylight flags: 0. Firmware time: ‎2021‎-‎11‎-‎14T07:42:38.000000000Z.
Information	14-11-2021 07:42:40	Microsoft-Windows-Kernel-Boot	20	(31)	The last shutdown's success status was true. The last boot's success status was true.
Information	14-11-2021 07:42:40	Microsoft-Windows-Kernel-Boot	32	(58)	The bootmgr spent 0 ms waiting for user input.
Information	14-11-2021 07:42:40	Microsoft-Windows-Kernel-Boot	18	(57)	There are 0x1 boot options on this system.
Information	14-11-2021 07:42:40	Microsoft-Windows-Kernel-Boot	153	(62)	Virtualization-based security (policies: 0) is disabled.
Information	14-11-2021 07:42:40	Microsoft-Windows-Kernel-General	12	(1)	The operating system started at system time ‎2021‎-‎11‎-‎14T02:12:39.500000000Z.
Information	14-11-2021 07:42:20	Microsoft-Windows-Kernel-General	13	(2)	The operating system is shutting down at system time ‎2021‎-‎11‎-‎14T02:12:20.565447900Z.
Information	14-11-2021 07:41:58	Microsoft-Windows-WLAN-AutoConfig	4001	None	"WLAN AutoConfig service has successfully stopped.
"
Information	14-11-2021 07:41:56	Microsoft-Windows-Kernel-Power	109	(103)	"The kernel power manager has initiated a shutdown transition.

Shutdown Reason: Kernel API"
Information	14-11-2021 07:43:50	EventLog	6013	None	The system uptime is 71 seconds.
Information	14-11-2021 07:43:50	EventLog	6005	None	The Event log service was started.
Information	14-11-2021 07:43:50	EventLog	6009	None	Microsoft (R) Windows (R) 10.00. 22000  Multiprocessor Free.
Information	14-11-2021 07:41:50	Microsoft-Windows-Dhcp-Client	50037	Service State Event	DHCPv4 client service is stopped. ShutDown Flag value is 1
Information	14-11-2021 07:41:50	Microsoft-Windows-Dhcp-Client	50106	Service State Event	DHCPv4 is waiting on DHCPv6 service to stop
Information	14-11-2021 07:41:49	Microsoft-Windows-DHCPv6-Client	51057	Service State Event	DHCPv6 client service stop is almost done.DHCP Context Ref count is 1
Information	14-11-2021 07:41:49	Microsoft-Windows-DHCPv6-Client	51047	Service State Event	DHCPv6 client service is stopped. ShutDown Flag value is 1
Information	14-11-2021 07:41:49	Microsoft-Windows-Dhcp-Client	50105	Service State Event	DHCPv4 client ProcessDHCPRequestForever received TERMINATE_EVENT
Information	14-11-2021 07:41:49	Microsoft-Windows-Dhcp-Client	50104	Service State Event	DHCPv4 client received shutdown notification
Information	14-11-2021 07:41:49	EventLog	6006	None	The Event log service was stopped.
Error	14-11-2021 07:41:46	Service Control Manager	7023	None	"The User Energy Server Service queencreek service terminated with the following error: 
Driver %2 returned invalid ID for a child device (55005300450052005F0045005300520056005F005300560043005F0051005500450045004E0043005200450045004B000000)."
Information	14-11-2021 07:41:33	Microsoft-Windows-Winlogon	7002	(1102)	User Logoff Notification for Customer Experience Improvement Program
Information	14-11-2021 07:41:19	User32	1074	None	"The process Explorer.EXE has initiated the restart of computer LAPTOP-7EVMU4TQ on behalf of user LAPTOP-7EVMU4TQ\mahendra for the following reason: Other (Unplanned)
 Reason Code: 0x0
 Shutdown Type: restart
 Comment: "
Warning	14-11-2021 07:41:11	Microsoft-Windows-Time-Service	134	None	NtpClient was unable to set a manual peer to use as a time source because of DNS resolution error on 'time.windows.com,0x9'. NtpClient will try again in 15 minutes and double the reattempt interval thereafter. The error was: No such host is known. (0x80072AF9)
Information	14-11-2021 07:40:37	Microsoft-Windows-Power-Troubleshooter	1	None	"The system has returned from a low power state.

Sleep Time: ‎2021‎-‎11‎-‎13T17:31:15.366275800Z
Wake Time: ‎2021‎-‎11‎-‎14T02:10:33.209964900Z

Wake Source: Power Button"
