Information	20-11-2021 08:58:10	Microsoft-Windows-Kernel-General	16	None	The access history in hive \??\C:\Users\Ramesh Lal\AppData\Local\Packages\AD2F1837.HPSystemEventUtility_v10z8vjag6ke6\SystemAppData\Helium\UserClasses.dat was cleared updating 1 keys and creating 1 modified pages.
Information	20-11-2021 08:58:10	Microsoft-Windows-Kernel-General	16	None	The access history in hive \??\C:\Users\Ramesh Lal\AppData\Local\Packages\AD2F1837.HPSystemEventUtility_v10z8vjag6ke6\SystemAppData\Helium\User.dat was cleared updating 12 keys and creating 1 modified pages.
Information	20-11-2021 08:57:58	Microsoft-Windows-Kernel-General	16	None	The access history in hive \??\C:\Users\Ramesh Lal\AppData\Local\Packages\Microsoft.YourPhone_8wekyb3d8bbwe\Settings\settings.dat was cleared updating 27 keys and creating 8 modified pages.
Information	20-11-2021 08:57:56	Microsoft-Windows-Kernel-General	16	None	The access history in hive \??\C:\Users\Ramesh Lal\AppData\Local\Packages\microsoft.windowscommunicationsapps_8wekyb3d8bbwe\Settings\settings.dat was cleared updating 29 keys and creating 4 modified pages.
Information	20-11-2021 08:57:52	Microsoft-Windows-Kernel-General	16	None	The access history in hive \??\C:\ProgramData\Packages\Microsoft.WindowsTerminal_8wekyb3d8bbwe\S-1-5-21-38077573-387163758-1783380300-1001\SystemAppData\Helium\Cache\b33bc60424b98cae_COM15.dat was cleared updating 1 keys and creating 1 modified pages.
Information	20-11-2021 08:57:52	Microsoft-Windows-Kernel-General	16	None	The access history in hive \??\C:\Users\Ramesh Lal\AppData\Local\Packages\Microsoft.WindowsTerminal_8wekyb3d8bbwe\SystemAppData\Helium\UserClasses.dat was cleared updating 6 keys and creating 1 modified pages.
Information	20-11-2021 08:57:52	Microsoft-Windows-Kernel-General	16	None	The access history in hive \??\C:\Users\Ramesh Lal\AppData\Local\Packages\Microsoft.WindowsTerminal_8wekyb3d8bbwe\SystemAppData\Helium\User.dat was cleared updating 1 keys and creating 1 modified pages.
Information	20-11-2021 08:57:51	Microsoft-Windows-Kernel-General	16	None	The access history in hive \??\C:\Users\Ramesh Lal\AppData\Local\Packages\Microsoft.Windows.StartMenuExperienceHost_cw5n1h2txyewy\Settings\settings.dat was cleared updating 7 keys and creating 1 modified pages.
Information	20-11-2021 08:57:49	Microsoft-Windows-Kernel-General	16	None	The access history in hive \??\C:\Users\Ramesh Lal\AppData\Local\Packages\Microsoft.AAD.BrokerPlugin_cw5n1h2txyewy\Settings\settings.dat was cleared updating 5 keys and creating 1 modified pages.
Information	20-11-2021 08:57:28	Microsoft-Windows-Kernel-General	16	None	The access history in hive \??\C:\Users\Ramesh Lal\AppData\Local\Packages\MicrosoftWindows.Client.WebExperience_cw5n1h2txyewy\Settings\settings.dat was cleared updating 1 keys and creating 1 modified pages.
Information	20-11-2021 08:57:27	Microsoft-Windows-Kernel-General	16	None	The access history in hive \??\C:\Users\Ramesh Lal\AppData\Local\Packages\AD2F1837.HPJumpStarts_v10z8vjag6ke6\Settings\settings.dat was cleared updating 3 keys and creating 1 modified pages.
Information	20-11-2021 08:57:26	Microsoft-Windows-Kernel-General	16	None	The access history in hive \??\C:\Users\Ramesh Lal\AppData\Local\Packages\MicrosoftWindows.Client.CBS_cw5n1h2txyewy\Settings\settings.dat was cleared updating 11 keys and creating 5 modified pages.
Information	20-11-2021 08:57:18	Microsoft-Windows-Kernel-General	16	None	The access history in hive \??\C:\Users\Ramesh Lal\AppData\Local\Packages\Microsoft.549981C3F5F10_8wekyb3d8bbwe\Settings\settings.dat was cleared updating 3 keys and creating 0 modified pages.
Information	20-11-2021 08:56:26	Microsoft-Windows-Winlogon	7001	(1101)	User Logon Notification for Customer Experience Improvement Program
Information	20-11-2021 08:56:05	Microsoft-Windows-Power-Troubleshooter	1	None	"The system has returned from a low power state.

Sleep Time: ‎2021‎-‎11‎-‎19T20:30:37.764066900Z
Wake Time: ‎2021‎-‎11‎-‎20T03:26:01.918356500Z

Wake Source: Unknown"
Information	20-11-2021 08:56:01	Microsoft-Windows-Kernel-Power	566	(268)	"The system session has transitioned from 11 to 13.

Reason: 14"
Error	20-11-2021 08:56:02	Server	2505	None	The server could not bind to the transport \Device\NetBT_Tcpip_{59426481-F96A-490F-9157-08A6F626BD36} because another computer on the network has the same name.  The server could not start.
Information	20-11-2021 08:55:59	Microsoft-Windows-Kernel-Power	566	(268)	"The system session has transitioned from 10 to 11.

Reason: 14"
Information	20-11-2021 08:55:59	Microsoft-Windows-Kernel-Boot	32	(58)	The bootmgr spent 0 ms waiting for user input.
Information	20-11-2021 08:55:59	Microsoft-Windows-Kernel-Boot	18	(57)	There are 0x1 boot options on this system.
Information	20-11-2021 08:55:59	Microsoft-Windows-Kernel-Boot	30	(21)	The firmware reported boot metrics.
Information	20-11-2021 08:55:57	Microsoft-Windows-Kernel-Power	105	(100)	Power source change.
Information	20-11-2021 08:55:56	Microsoft-Windows-Kernel-General	1	(5)	"The system time has changed to ‎2021‎-‎11‎-‎20T03:25:56.500000000Z from ‎2021‎-‎11‎-‎19T20:30:52.433611900Z.

Change Reason: System time synchronized with the hardware clock.
Process: '' (PID 4).

RTC time: ‎2021‎-‎11‎-‎20T08:55:56.500000000Z
Current time zone bias: -330
RTC time is in UTC: false
System time was based on RTC time: false"
Information	20-11-2021 02:00:52	Microsoft-Windows-Kernel-Power	107	(102)	The system has resumed from sleep.
Information	20-11-2021 02:00:42	Microsoft-Windows-Kernel-Power	42	(64)	"The system is entering sleep.

Sleep Reason: Application API"
Information	20-11-2021 02:00:38	Microsoft-Windows-Kernel-Power	566	(268)	"The system session has transitioned from 9 to 10.

Reason: 14"
Information	20-11-2021 02:00:37	Microsoft-Windows-Kernel-Power	187	(243)	User-mode process attempted to change the system state by calling SetSuspendState or SetSystemPowerState APIs.
Information	20-11-2021 02:00:35	Microsoft-Windows-Winlogon	7002	(1102)	User Logoff Notification for Customer Experience Improvement Program
Information	20-11-2021 02:00:35	User32	1074	None	"The process C:\WINDOWS\system32\winlogon.exe (LAPTOP-7EVMU4TQ) has initiated the power off of computer LAPTOP-7EVMU4TQ on behalf of user NT AUTHORITY\SYSTEM for the following reason: No title for this reason could be found
 Reason Code: 0x500ff
 Shutdown Type: power off
 Comment: "
Information	20-11-2021 02:00:25	User32	1074	None	"The process Explorer.EXE has initiated the power off of computer LAPTOP-7EVMU4TQ on behalf of user LAPTOP-7EVMU4TQ\mahendra for the following reason: Other (Unplanned)
 Reason Code: 0x0
 Shutdown Type: power off
 Comment: "
Warning	20-11-2021 01:59:35	Microsoft-Windows-DistributedCOM	10016	None	"The application-specific permission settings do not grant Local Activation permission for the COM Server application with CLSID 
{2593F8B9-4EAF-457C-B68A-50F6B8EA6B54}
 and APPID 
{15C20B67-12E7-4BB6-92BB-7AFF07997402}
 to the user LAPTOP-7EVMU4TQ\mahendra SID (S-1-5-21-38077573-387163758-1783380300-1002) from address LocalHost (Using LRPC) running in the application container Unavailable SID (Unavailable). This security permission can be modified using the Component Services administrative tool."
Information	20-11-2021 01:28:09	Service Control Manager	7040	None	The start type of the Background Intelligent Transfer Service service was changed from auto start to demand start.
Information	20-11-2021 01:26:05	Service Control Manager	7040	None	The start type of the Background Intelligent Transfer Service service was changed from demand start to auto start.
Information	20-11-2021 00:03:58	Microsoft-Windows-WindowsUpdateClient	19	Windows Update Agent	Installation Successful: Windows successfully installed the following update: Security Intelligence Update for Microsoft Defender Antivirus - KB2267602 (Version 1.353.1268.0)
Information	20-11-2021 00:03:32	Microsoft-Windows-WindowsUpdateClient	43	Windows Update Agent	Installation Started: Windows has started installing the following update: Security Intelligence Update for Microsoft Defender Antivirus - KB2267602 (Version 1.353.1268.0)
Information	20-11-2021 00:03:32	Microsoft-Windows-WindowsUpdateClient	44	Windows Update Agent	Windows Update started downloading an update.
Warning	19-11-2021 23:38:21	Microsoft-Windows-DistributedCOM	10016	None	"The application-specific permission settings do not grant Local Activation permission for the COM Server application with CLSID 
{2593F8B9-4EAF-457C-B68A-50F6B8EA6B54}
 and APPID 
{15C20B67-12E7-4BB6-92BB-7AFF07997402}
 to the user LAPTOP-7EVMU4TQ\mahendra SID (S-1-5-21-38077573-387163758-1783380300-1002) from address LocalHost (Using LRPC) running in the application container Unavailable SID (Unavailable). This security permission can be modified using the Component Services administrative tool."
Warning	19-11-2021 23:03:45	Microsoft-Windows-DNS-Client	1014	(1014)	Name resolution for the name chrome.cloudflare-dns.com timed out after none of the configured DNS servers responded. Client PID 12292.
Warning	19-11-2021 22:55:24	Microsoft-Windows-DistributedCOM	10016	None	"The application-specific permission settings do not grant Local Activation permission for the COM Server application with CLSID 
{2593F8B9-4EAF-457C-B68A-50F6B8EA6B54}
 and APPID 
{15C20B67-12E7-4BB6-92BB-7AFF07997402}
 to the user LAPTOP-7EVMU4TQ\mahendra SID (S-1-5-21-38077573-387163758-1783380300-1002) from address LocalHost (Using LRPC) running in the application container Unavailable SID (Unavailable). This security permission can be modified using the Component Services administrative tool."
Warning	19-11-2021 22:54:34	Microsoft-Windows-DistributedCOM	10016	None	"The application-specific permission settings do not grant Local Activation permission for the COM Server application with CLSID 
{2593F8B9-4EAF-457C-B68A-50F6B8EA6B54}
 and APPID 
{15C20B67-12E7-4BB6-92BB-7AFF07997402}
 to the user LAPTOP-7EVMU4TQ\mahendra SID (S-1-5-21-38077573-387163758-1783380300-1002) from address LocalHost (Using LRPC) running in the application container Unavailable SID (Unavailable). This security permission can be modified using the Component Services administrative tool."
Information	19-11-2021 22:51:07	Microsoft-Windows-Kernel-Power	105	(100)	Power source change.
Error	19-11-2021 22:51:05	Server	2505	None	The server could not bind to the transport \Device\NetBT_Tcpip_{9F961AE3-9423-4C8B-AB48-B1886999008B} because another computer on the network has the same name.  The server could not start.
Information	19-11-2021 22:51:02	Microsoft-Windows-Power-Troubleshooter	1	None	"The system has returned from a low power state.

Sleep Time: ‎2021‎-‎11‎-‎19T16:50:48.487576700Z
Wake Time: ‎2021‎-‎11‎-‎19T17:20:58.771799000Z

Wake Source: Power Button"
Error	19-11-2021 22:51:01	Server	2505	None	The server could not bind to the transport \Device\NetBT_Tcpip_{59426481-F96A-490F-9157-08A6F626BD36} because another computer on the network has the same name.  The server could not start.
Information	19-11-2021 22:50:59	Microsoft-Windows-Kernel-Power	566	(268)	"The system session has transitioned from 7 to 9.

Reason: 14"
Information	19-11-2021 22:50:58	Microsoft-Windows-Kernel-Power	566	(268)	"The system session has transitioned from 6 to 7.

Reason: 14"
Information	19-11-2021 22:50:57	Microsoft-Windows-Kernel-Power	130	(33)	Firmware S3 times. SuspendStart: 5680268, SuspendEnd: 5680269
Information	19-11-2021 22:50:57	Microsoft-Windows-Kernel-Power	131	(33)	Firmware S3 times. ResumeCount: 1, FullResume: 1038, AverageResume: 1038
Information	19-11-2021 22:50:57	Microsoft-Windows-Kernel-General	1	(5)	"The system time has changed to ‎2021‎-‎11‎-‎19T17:20:57.500000000Z from ‎2021‎-‎11‎-‎19T16:50:58.737284000Z.

Change Reason: System time synchronized with the hardware clock.
Process: '' (PID 4).

RTC time: ‎2021‎-‎11‎-‎19T22:50:57.500000000Z
Current time zone bias: -330
RTC time is in UTC: false
System time was based on RTC time: false"
Information	19-11-2021 22:20:58	Microsoft-Windows-Kernel-Power	107	(102)	The system has resumed from sleep.
Information	19-11-2021 22:20:54	Microsoft-Windows-Kernel-Power	42	(64)	"The system is entering sleep.

Sleep Reason: System Idle"
Information	19-11-2021 22:20:49	Microsoft-Windows-Kernel-Power	566	(268)	"The system session has transitioned from 4 to 6.

Reason: 14"
Information	19-11-2021 22:20:42	Microsoft-Windows-Kernel-Power	566	(268)	"The system session has transitioned from 3 to 4.

Reason: 14"
Information	19-11-2021 21:30:01	Microsoft-Windows-Kernel-Power	105	(100)	Power source change.
Information	19-11-2021 21:27:51	Microsoft-Windows-Kernel-Power	566	(268)	"The system session has transitioned from 1 to 3.

Reason: 14"
Information	19-11-2021 21:13:33	Microsoft-Windows-Kernel-Power	566	(268)	"The system session has transitioned from 0 to 1.

Reason: 14"
Information	19-11-2021 21:08:25	Microsoft-Windows-Kernel-General	16	None	The access history in hive \??\C:\ProgramData\Microsoft\Provisioning\Microsoft-Desktop-Provisioning-Sequence.dat was cleared updating 0 keys and creating 0 modified pages.
Warning	19-11-2021 21:03:30	Microsoft-Windows-DistributedCOM	10016	None	"The application-specific permission settings do not grant Local Activation permission for the COM Server application with CLSID 
{2593F8B9-4EAF-457C-B68A-50F6B8EA6B54}
 and APPID 
{15C20B67-12E7-4BB6-92BB-7AFF07997402}
 to the user LAPTOP-7EVMU4TQ\mahendra SID (S-1-5-21-38077573-387163758-1783380300-1002) from address LocalHost (Using LRPC) running in the application container Unavailable SID (Unavailable). This security permission can be modified using the Component Services administrative tool."
Information	19-11-2021 20:59:38	Microsoft-Windows-WindowsUpdateClient	19	Windows Update Agent	Installation Successful: Windows successfully installed the following update: Security Intelligence Update for Microsoft Defender Antivirus - KB2267602 (Version 1.353.1264.0)
Warning	19-11-2021 20:59:12	Microsoft-Windows-DistributedCOM	10016	None	"The application-specific permission settings do not grant Local Activation permission for the COM Server application with CLSID 
{2593F8B9-4EAF-457C-B68A-50F6B8EA6B54}
 and APPID 
{15C20B67-12E7-4BB6-92BB-7AFF07997402}
 to the user LAPTOP-7EVMU4TQ\mahendra SID (S-1-5-21-38077573-387163758-1783380300-1002) from address LocalHost (Using LRPC) running in the application container Unavailable SID (Unavailable). This security permission can be modified using the Component Services administrative tool."
Information	19-11-2021 20:59:09	Microsoft-Windows-WindowsUpdateClient	43	Windows Update Agent	Installation Started: Windows has started installing the following update: Security Intelligence Update for Microsoft Defender Antivirus - KB2267602 (Version 1.353.1264.0)
Information	19-11-2021 20:59:09	Microsoft-Windows-WindowsUpdateClient	44	Windows Update Agent	Windows Update started downloading an update.
Warning	19-11-2021 20:58:46	Microsoft-Windows-DistributedCOM	10016	None	"The application-specific permission settings do not grant Local Activation permission for the COM Server application with CLSID 
{2593F8B9-4EAF-457C-B68A-50F6B8EA6B54}
 and APPID 
{15C20B67-12E7-4BB6-92BB-7AFF07997402}
 to the user LAPTOP-7EVMU4TQ\mahendra SID (S-1-5-21-38077573-387163758-1783380300-1002) from address LocalHost (Using LRPC) running in the application container Unavailable SID (Unavailable). This security permission can be modified using the Component Services administrative tool."
Error	19-11-2021 20:58:23	Service Control Manager	7009	None	A timeout was reached (30000 milliseconds) while waiting for the Intel(R) SUR QC Software Asset Manager service to connect.
Information	19-11-2021 20:56:36	Service Control Manager	7040	None	The start type of the Background Intelligent Transfer Service service was changed from auto start to demand start.
Information	19-11-2021 20:54:30	Service Control Manager	7040	None	The start type of the Background Intelligent Transfer Service service was changed from demand start to auto start.
Error	19-11-2021 20:54:01	Server	2505	None	The server could not bind to the transport \Device\NetBT_Tcpip_{9F961AE3-9423-4C8B-AB48-B1886999008B} because another computer on the network has the same name.  The server could not start.
Information	19-11-2021 20:53:35	Service Control Manager	7040	None	The start type of the Background Intelligent Transfer Service service was changed from auto start to demand start.
Information	19-11-2021 20:53:32	Microsoft-Windows-Kernel-General	16	None	The access history in hive \??\C:\Users\mahendra\AppData\Local\Packages\Microsoft.ZuneVideo_8wekyb3d8bbwe\Settings\settings.dat was cleared updating 17 keys and creating 2 modified pages.
Information	19-11-2021 20:51:24	Service Control Manager	7040	None	The start type of the Background Intelligent Transfer Service service was changed from demand start to auto start.
Information	19-11-2021 20:48:51	Microsoft-Windows-Winlogon	7001	(1101)	User Logon Notification for Customer Experience Improvement Program
Information	19-11-2021 20:48:36	Microsoft-Windows-TPM-WMI	1025	None	The TPM was successfully provisioned and is now ready for use.
Information	19-11-2021 20:48:35	Microsoft-Windows-TPM-WMI	1282	None	The TBS device identifier has been generated.
Information	19-11-2021 20:48:34	TPM	18	None	This event triggers the Trusted Platform Module (TPM) provisioning/status check to run.
Information	19-11-2021 20:48:34	Service Control Manager	7026	None	"The following boot-start or system-start driver(s) did not load: 
dam
WinSetupMon"
Error	19-11-2021 20:48:34	Service Control Manager	7000	None	"The XTU3SERVICE service failed to start due to the following error: 
The service did not respond to the start or control request in a timely fashion."
Error	19-11-2021 20:48:34	Service Control Manager	7009	None	A timeout was reached (45000 milliseconds) while waiting for the XTU3SERVICE service to connect.
Warning	19-11-2021 20:48:03	Microsoft-Windows-Kernel-Processor-Power	37	(7)	The speed of processor 7 in group 0 is being limited by system firmware. The processor has been in this reduced performance state for 71 seconds since the last report.
Information	19-11-2021 20:47:48	Microsoft-Windows-UserModePowerService	12	(10)	Process C:\Windows\System32\DriverStore\FileRepository\dptf_cpu.inf_amd64_21306a77b30fd6e0\esif_uf.exe (process ID:5008) reset policy scheme from {48684d4a-8524-4093-8a63-ea7132b79c1c} to {48684d4a-8524-4093-8a63-ea7132b79c1c}
Information	19-11-2021 20:47:48	Microsoft-Windows-UserModePowerService	12	(10)	Process C:\Windows\System32\DriverStore\FileRepository\dptf_cpu.inf_amd64_21306a77b30fd6e0\esif_uf.exe (process ID:5008) reset policy scheme from {48684d4a-8524-4093-8a63-ea7132b79c1c} to {48684d4a-8524-4093-8a63-ea7132b79c1c}
Information	19-11-2021 20:47:46	Microsoft-Windows-WLAN-AutoConfig	4000	None	"WLAN AutoConfig service has successfully started.
"
Information	19-11-2021 20:47:36	Microsoft-Windows-DHCPv6-Client	51046	Service State Event	DHCPv6 client service is started
Information	19-11-2021 20:47:36	Microsoft-Windows-Dhcp-Client	50036	Service State Event	DHCPv4 client service is started
Information	19-11-2021 20:47:36	Microsoft-Windows-Dhcp-Client	50103	Service State Event	DHCPv4 client registered for shutdown notification
Information	19-11-2021 20:47:36	Microsoft-Windows-Dhcp-Client	50036	Service State Event	DHCPv4 client service is started
Information	19-11-2021 20:47:35	Microsoft-Windows-UserModePowerService	12	(10)	Process C:\Windows\System32\svchost.exe (process ID:1724) reset policy scheme from {48684d4a-8524-4093-8a63-ea7132b79c1c} to {48684d4a-8524-4093-8a63-ea7132b79c1c}
Information	19-11-2021 20:47:33	Microsoft-Windows-FilterManager	6	None	File System Filter 'bindflt' (10.0, ‎2050‎-‎06‎-‎24T18:22:06.000000000Z) has successfully loaded and registered with Filter Manager.
Information	19-11-2021 20:47:33	Microsoft-Windows-FilterManager	6	None	File System Filter 'storqosflt' (10.0, ‎1990‎-‎03‎-‎04T19:48:49.000000000Z) has successfully loaded and registered with Filter Manager.
Information	19-11-2021 20:47:33	Microsoft-Windows-FilterManager	6	None	File System Filter 'CldFlt' (10.0, ‎1986‎-‎05‎-‎22T18:16:22.000000000Z) has successfully loaded and registered with Filter Manager.
Information	19-11-2021 20:47:33	Microsoft-Windows-FilterManager	1	None	File System Filter 'CldFlt' (Version 10.0, ‎1986‎-‎05‎-‎22T18:16:22.000000000Z) unloaded successfully.
Information	19-11-2021 20:47:33	Microsoft-Windows-FilterManager	6	None	File System Filter 'CldFlt' (10.0, ‎1986‎-‎05‎-‎22T18:16:22.000000000Z) has successfully loaded and registered with Filter Manager.
Information	19-11-2021 20:47:33	Microsoft-Windows-FilterManager	6	None	File System Filter 'luafv' (10.0, ‎2058‎-‎03‎-‎26T06:07:33.000000000Z) has successfully loaded and registered with Filter Manager.
Information	19-11-2021 20:47:33	Microsoft-Windows-FilterManager	6	None	File System Filter 'wcifs' (10.0, ‎1970‎-‎02‎-‎13T21:42:24.000000000Z) has successfully loaded and registered with Filter Manager.
Information	19-11-2021 20:47:28	Microsoft-Windows-Directory-Services-SAM	16983	None	"The security account manager is now logging periodic summary events for remote clients that call legacy password change or set RPC methods.

For more information please see https://go.microsoft.com/fwlink/?linkid=2150956.
"
Information	19-11-2021 20:47:28	Microsoft-Windows-Directory-Services-SAM	16977	None	"The domain is configured with the following minimum password length-related settings.

MinimumPasswordLength: 0

RelaxMinimumPasswordLengthLimits: 0

MinimumPasswordLengthAudit: -1

For more information see https://go.microsoft.com/fwlink/?LinkId=2097191.
"
Information	19-11-2021 20:47:28	Microsoft-Windows-Directory-Services-SAM	16962	None	"Remote calls to the SAM database are being restricted using the default security descriptor: O:SYG:SYD:(A;;RC;;;BA).
For more information please see http://go.microsoft.com/fwlink/?LinkId=787651."
Information	19-11-2021 20:47:27	Microsoft-Windows-Wininit	14	None	Credential Guard configuration: 0x0, 0
Information	19-11-2021 20:47:23	Microsoft-Windows-Kernel-General	24	(11)	The time zone information was refreshed with exit reason 0. Current time zone bias is -330.
Information	19-11-2021 20:47:18	Microsoft-Windows-Ntfs	98	None	Volume \\?\Volume{c386ec05-0800-406a-b64e-447dfac340c8} (\Device\HarddiskVolume4) is healthy.  No action is needed.
Information	19-11-2021 20:47:17	Microsoft-Windows-Ntfs	98	None	Volume E: (\Device\HarddiskVolume5) is healthy.  No action is needed.
Information	19-11-2021 20:47:15	Microsoft-Windows-Ntfs	98	None	Volume \\?\Volume{5db82c8c-c006-49d6-8c98-08debef57484} (\Device\HarddiskVolume6) is healthy.  No action is needed.
Information	19-11-2021 20:46:53	MEIx64	2	None	Intel(R) Management Engine Interface driver has started successfully.
Information	19-11-2021 20:46:52	Microsoft-Windows-Kernel-Power	521	(220)	Active battery count change.
Information	19-11-2021 20:46:52	Microsoft-Windows-Kernel-Power	521	(220)	Active battery count change.
Error	19-11-2021 20:46:52	VBoxNetLwf	12	None	The driver detected an internal driver error on \Device\VBoxNetLwf.
Information	19-11-2021 20:46:52	Microsoft-Windows-Kernel-Processor-Power	55	(47)	"Processor 7 in group 0 exposes the following power management capabilities:

Idle state type: ACPI Idle (C) States (3 state(s))

Performance state type: ACPI Collaborative Processor Performance Control
Nominal Frequency (MHz): 2112
Maximum performance percentage: 200
Minimum performance percentage: 42
Minimum throttle percentage: 4"
Information	19-11-2021 20:46:52	Microsoft-Windows-Kernel-Processor-Power	55	(47)	"Processor 5 in group 0 exposes the following power management capabilities:

Idle state type: ACPI Idle (C) States (3 state(s))

Performance state type: ACPI Collaborative Processor Performance Control
Nominal Frequency (MHz): 2112
Maximum performance percentage: 200
Minimum performance percentage: 42
Minimum throttle percentage: 4"
Information	19-11-2021 20:46:52	Microsoft-Windows-Kernel-Processor-Power	55	(47)	"Processor 3 in group 0 exposes the following power management capabilities:

Idle state type: ACPI Idle (C) States (3 state(s))

Performance state type: ACPI Collaborative Processor Performance Control
Nominal Frequency (MHz): 2112
Maximum performance percentage: 200
Minimum performance percentage: 42
Minimum throttle percentage: 4"
Information	19-11-2021 20:46:52	Microsoft-Windows-Kernel-Processor-Power	55	(47)	"Processor 1 in group 0 exposes the following power management capabilities:

Idle state type: ACPI Idle (C) States (3 state(s))

Performance state type: ACPI Collaborative Processor Performance Control
Nominal Frequency (MHz): 2112
Maximum performance percentage: 200
Minimum performance percentage: 42
Minimum throttle percentage: 4"
Information	19-11-2021 20:46:52	Microsoft-Windows-Kernel-Processor-Power	55	(47)	"Processor 6 in group 0 exposes the following power management capabilities:

Idle state type: ACPI Idle (C) States (3 state(s))

Performance state type: ACPI Collaborative Processor Performance Control
Nominal Frequency (MHz): 2112
Maximum performance percentage: 200
Minimum performance percentage: 42
Minimum throttle percentage: 4"
Information	19-11-2021 20:46:52	Microsoft-Windows-Kernel-Processor-Power	55	(47)	"Processor 4 in group 0 exposes the following power management capabilities:

Idle state type: ACPI Idle (C) States (3 state(s))

Performance state type: ACPI Collaborative Processor Performance Control
Nominal Frequency (MHz): 2112
Maximum performance percentage: 200
Minimum performance percentage: 42
Minimum throttle percentage: 4"
Information	19-11-2021 20:46:52	Microsoft-Windows-Kernel-Processor-Power	55	(47)	"Processor 2 in group 0 exposes the following power management capabilities:

Idle state type: ACPI Idle (C) States (3 state(s))

Performance state type: ACPI Collaborative Processor Performance Control
Nominal Frequency (MHz): 2112
Maximum performance percentage: 200
Minimum performance percentage: 42
Minimum throttle percentage: 4"
Information	19-11-2021 20:46:52	Microsoft-Windows-Kernel-Processor-Power	55	(47)	"Processor 0 in group 0 exposes the following power management capabilities:

Idle state type: ACPI Idle (C) States (3 state(s))

Performance state type: ACPI Collaborative Processor Performance Control
Nominal Frequency (MHz): 2112
Maximum performance percentage: 200
Minimum performance percentage: 19
Minimum throttle percentage: 4"
Warning	19-11-2021 20:46:49	Microsoft-Windows-Kernel-PnP	219	(212)	The driver \Driver\WudfRd failed to load for the device PCI\VEN_8086&DEV_1903&SUBSYS_86B4103C&REV_0C\3&11583659&2&20.
Information	19-11-2021 20:46:49	Microsoft-Windows-DriverFrameworks-UserMode	10118	Startup of the UMDF reflector	UMDF reflector is unable to connect to service control manager (SCM). This is expected during boot, when SCM has not started yet. Will retry when it starts.
Information	19-11-2021 20:46:48	Microsoft-Windows-Kernel-Power	172	(203)	Connectivity state in standby: Disconnected, Reason: NIC compliance
Critical	19-11-2021 20:46:48	Microsoft-Windows-Kernel-Power	41	(63)	The system has rebooted without cleanly shutting down first. This error could be caused if the system stopped responding, crashed, or lost power unexpectedly.
Information	19-11-2021 20:46:44	Microsoft-Windows-FilterManager	6	None	File System Filter 'npsvctrig' (10.0, ‎2104‎-‎06‎-‎16T05:01:44.000000000Z) has successfully loaded and registered with Filter Manager.
Information	19-11-2021 20:46:42	Microsoft-Windows-FilterManager	6	None	File System Filter 'FileCrypt' (10.0, ‎2102‎-‎10‎-‎25T08:50:26.000000000Z) has successfully loaded and registered with Filter Manager.
Information	19-11-2021 20:46:40	Microsoft-Windows-Ntfs	98	None	Volume C: (\Device\HarddiskVolume3) is healthy.  No action is needed.
Error	19-11-2021 20:48:01	Server	2505	None	The server could not bind to the transport \Device\NetBT_Tcpip_{9F961AE3-9423-4C8B-AB48-B1886999008B} because another computer on the network has the same name.  The server could not start.
Information	19-11-2021 20:46:30	Microsoft-Windows-FilterManager	6	None	File System Filter 'WdFilter' (10.0, ‎2043‎-‎02‎-‎28T19:25:46.000000000Z) has successfully loaded and registered with Filter Manager.
Information	19-11-2021 20:46:30	Microsoft-Windows-FilterManager	6	None	File System Filter 'Wof' (10.0, ‎2061‎-‎09‎-‎05T19:26:37.000000000Z) has successfully loaded and registered with Filter Manager.
Information	19-11-2021 20:46:30	Microsoft-Windows-FilterManager	6	None	File System Filter 'FileInfo' (10.0, ‎1970‎-‎09‎-‎04T04:26:45.000000000Z) has successfully loaded and registered with Filter Manager.
Information	19-11-2021 20:46:29	Microsoft-Windows-HAL	16	None	The iommu fault reporting has been initialized.
Information	19-11-2021 20:47:51	RST Middleware	27	None	Found passthru disk: SCSI Port: 0, SCSI Bus: 0, SCSI Target: 1, SATA , 0 bytes, hp       DVDRW GUE1N                   
Information	19-11-2021 20:47:51	RST Middleware	27	None	Found passthru disk: SCSI Port: 0, SCSI Bus: 0, SCSI Target: 0, SATA HDD, 1000204886016 bytes, ST1000LM035-1RK172                     
Information	19-11-2021 20:47:50	EventLog	6013	None	The system uptime is 82 seconds.
Information	19-11-2021 20:47:50	EventLog	6005	None	The Event log service was started.
Information	19-11-2021 20:47:50	EventLog	6009	None	Microsoft (R) Windows (R) 10.00. 22000  Multiprocessor Free.
Error	19-11-2021 20:47:50	EventLog	6008	None	The previous system shutdown at 8:41:54 PM on ‎11/‎19/‎2021 was unexpected.
Information	19-11-2021 20:46:29	Microsoft-Windows-Kernel-General	20	(6)	"The leap second configuration has been updated.
Reason: Leap second data initialized from registry during boot
Leap seconds enabled: true
New leap second count: 0
Old leap second count: 0"
Information	19-11-2021 20:46:29	Microsoft-Windows-Kernel-Boot	30	(21)	The firmware reported boot metrics.
Information	19-11-2021 20:46:29	Microsoft-Windows-Kernel-Boot	27	(33)	The boot type was 0x0.
Information	19-11-2021 20:46:29	Microsoft-Windows-Kernel-Boot	25	(32)	The boot menu policy was 0x1.
Information	19-11-2021 20:46:29	Microsoft-Windows-Kernel-Boot	238	(101)	EFI time zone bias: 2047. Daylight flags: 0. Firmware time: ‎2021‎-‎11‎-‎19T20:46:27.000000000Z.
Information	19-11-2021 20:46:29	Microsoft-Windows-Kernel-Boot	20	(31)	The last shutdown's success status was false. The last boot's success status was true.
Information	19-11-2021 20:46:29	Microsoft-Windows-Kernel-Boot	32	(58)	The bootmgr spent 0 ms waiting for user input.
Information	19-11-2021 20:46:29	Microsoft-Windows-Kernel-Boot	18	(57)	There are 0x1 boot options on this system.
Information	19-11-2021 20:46:29	Microsoft-Windows-Kernel-Boot	153	(62)	Virtualization-based security (policies: 0) is disabled.
Information	19-11-2021 20:46:29	Microsoft-Windows-Kernel-General	12	(1)	The operating system started at system time ‎2021‎-‎11‎-‎19T15:16:28.500000000Z.
Error	19-11-2021 20:45:04	Server	2505	None	The server could not bind to the transport \Device\NetBT_Tcpip_{9F961AE3-9423-4C8B-AB48-B1886999008B} because another computer on the network has the same name.  The server could not start.
Error	19-11-2021 20:45:03	Server	2505	None	The server could not bind to the transport \Device\NetBT_Tcpip_{9F961AE3-9423-4C8B-AB48-B1886999008B} because another computer on the network has the same name.  The server could not start.
Information	19-11-2021 20:45:00	Microsoft-Windows-Power-Troubleshooter	1	None	"The system has returned from a low power state.

Sleep Time: ‎2021‎-‎11‎-‎19T15:12:31.747406200Z
Wake Time: ‎2021‎-‎11‎-‎19T15:14:58.498790200Z

Wake Source: Power Button"
Information	19-11-2021 20:44:59	Microsoft-Windows-Kernel-Power	566	(268)	"The system session has transitioned from 82 to 84.

Reason: 13"
Error	19-11-2021 20:45:00	Server	2505	None	The server could not bind to the transport \Device\NetBT_Tcpip_{59426481-F96A-490F-9157-08A6F626BD36} because another computer on the network has the same name.  The server could not start.
Information	19-11-2021 20:44:57	Microsoft-Windows-Kernel-Power	566	(268)	"The system session has transitioned from 81 to 82.

Reason: 13"
Information	19-11-2021 20:44:55	Microsoft-Windows-Kernel-Power	130	(33)	Firmware S3 times. SuspendStart: 53749117, SuspendEnd: 53749118
Information	19-11-2021 20:44:55	Microsoft-Windows-Kernel-Power	131	(33)	Firmware S3 times. ResumeCount: 3, FullResume: 1040, AverageResume: 1042
Information	19-11-2021 20:44:55	Microsoft-Windows-Kernel-General	1	(5)	"The system time has changed to ‎2021‎-‎11‎-‎19T15:14:55.500000000Z from ‎2021‎-‎11‎-‎19T15:12:40.992924700Z.

Change Reason: System time synchronized with the hardware clock.
Process: '' (PID 4).

RTC time: ‎2021‎-‎11‎-‎19T20:44:55.500000000Z
Current time zone bias: -330
RTC time is in UTC: false
System time was based on RTC time: false"
Information	19-11-2021 20:42:40	Microsoft-Windows-Kernel-Power	107	(102)	The system has resumed from sleep.
Information	19-11-2021 20:42:36	Microsoft-Windows-Kernel-Power	42	(64)	"The system is entering sleep.

Sleep Reason: Button or Lid"
Information	19-11-2021 20:42:31	Microsoft-Windows-Kernel-Power	566	(268)	"The system session has transitioned from 80 to 81.

Reason: 13"
Information	19-11-2021 20:41:47	Microsoft-Windows-Kernel-Power	566	(268)	"The system session has transitioned from 78 to 80.

Reason: 13"
Information	19-11-2021 20:41:45	Microsoft-Windows-Kernel-Power	566	(268)	"The system session has transitioned from 77 to 78.

Reason: 13"
Information	19-11-2021 20:40:05	Microsoft-Windows-Kernel-Power	566	(268)	"The system session has transitioned from 75 to 77.

Reason: 13"
Information	19-11-2021 20:39:27	Microsoft-Windows-Kernel-Power	566	(268)	"The system session has transitioned from 74 to 75.

Reason: 13"
Information	19-11-2021 20:38:27	Microsoft-Windows-Kernel-Power	566	(268)	"The system session has transitioned from 72 to 74.

Reason: 13"
Information	19-11-2021 20:38:17	Microsoft-Windows-Kernel-Power	566	(268)	"The system session has transitioned from 71 to 72.

Reason: 13"
Information	19-11-2021 20:37:17	Microsoft-Windows-Kernel-Power	566	(268)	"The system session has transitioned from 69 to 71.

Reason: 13"
Information	19-11-2021 20:29:54	Microsoft-Windows-Kernel-Power	566	(268)	"The system session has transitioned from 68 to 69.

Reason: 13"
Information	19-11-2021 20:27:15	Microsoft-Windows-Kernel-Power	566	(268)	"The system session has transitioned from 66 to 68.

Reason: 13"
Information	19-11-2021 20:25:27	Microsoft-Windows-Kernel-Power	566	(268)	"The system session has transitioned from 65 to 66.

Reason: 13"
Information	19-11-2021 20:24:27	Microsoft-Windows-Kernel-Power	566	(268)	"The system session has transitioned from 63 to 65.

Reason: 13"
Information	19-11-2021 20:21:14	Microsoft-Windows-Kernel-Power	566	(268)	"The system session has transitioned from 62 to 63.

Reason: 13"
Information	19-11-2021 20:18:09	Microsoft-Windows-Kernel-Power	566	(268)	"The system session has transitioned from 60 to 62.

Reason: 13"
Information	19-11-2021 20:06:02	Microsoft-Windows-Kernel-General	16	None	The access history in hive \??\C:\Users\mahendra\AppData\Local\Packages\Microsoft.Windows.ContentDeliveryManager_cw5n1h2txyewy\Settings\settings.dat was cleared updating 4024 keys and creating 167 modified pages.
Information	19-11-2021 20:05:14	Microsoft-Windows-Kernel-Power	566	(268)	"The system session has transitioned from 59 to 60.

Reason: 13"
Information	19-11-2021 20:04:16	Microsoft-Windows-Power-Troubleshooter	1	None	"The system has returned from a low power state.

Sleep Time: ‎2021‎-‎11‎-‎19T13:55:52.209985200Z
Wake Time: ‎2021‎-‎11‎-‎19T14:34:11.360574000Z

Wake Source: Device -High Definition Audio Controller"
Error	19-11-2021 20:04:14	Server	2505	None	The server could not bind to the transport \Device\NetBT_Tcpip_{59426481-F96A-490F-9157-08A6F626BD36} because another computer on the network has the same name.  The server could not start.
Information	19-11-2021 20:04:11	Microsoft-Windows-Kernel-Power	566	(268)	"The system session has transitioned from 57 to 59.

Reason: 13"
Information	19-11-2021 20:04:10	Microsoft-Windows-Kernel-Power	566	(268)	"The system session has transitioned from 56 to 57.

Reason: 13"
Information	19-11-2021 20:04:08	Microsoft-Windows-Kernel-Power	130	(33)	Firmware S3 times. SuspendStart: 51436932, SuspendEnd: 51436933
Information	19-11-2021 20:04:08	Microsoft-Windows-Kernel-Power	131	(33)	Firmware S3 times. ResumeCount: 2, FullResume: 1047, AverageResume: 1043
Information	19-11-2021 20:04:08	Microsoft-Windows-Kernel-General	1	(5)	"The system time has changed to ‎2021‎-‎11‎-‎19T14:34:08.500000000Z from ‎2021‎-‎11‎-‎19T13:56:08.643303100Z.

Change Reason: System time synchronized with the hardware clock.
Process: '' (PID 4).

RTC time: ‎2021‎-‎11‎-‎19T20:04:08.500000000Z
Current time zone bias: -330
RTC time is in UTC: false
System time was based on RTC time: false"
Information	19-11-2021 19:26:08	Microsoft-Windows-Kernel-Power	107	(102)	The system has resumed from sleep.
Information	19-11-2021 19:26:04	Microsoft-Windows-Kernel-Power	42	(64)	"The system is entering sleep.

Sleep Reason: System Idle"
Information	19-11-2021 19:25:53	Microsoft-Windows-Kernel-Power	566	(268)	"The system session has transitioned from 54 to 56.

Reason: 13"
Information	19-11-2021 18:50:18	Volsnap	33	None	The oldest shadow copy of volume C: was deleted to keep disk space usage for shadow copies of volume C: below the user defined limit.
Information	19-11-2021 18:30:40	Microsoft-Windows-Kernel-Power	566	(268)	"The system session has transitioned from 53 to 54.

Reason: 13"
Error	19-11-2021 18:21:26	Service Control Manager	7009	None	A timeout was reached (30000 milliseconds) while waiting for the Intel(R) SUR QC Software Asset Manager service to connect.
Information	19-11-2021 18:07:34	Microsoft-Windows-Power-Troubleshooter	1	None	"The system has returned from a low power state.

Sleep Time: ‎2021‎-‎11‎-‎19T11:19:26.262627300Z
Wake Time: ‎2021‎-‎11‎-‎19T12:37:23.072351700Z

Wake Source: Power Button"
Information	19-11-2021 18:07:22	Microsoft-Windows-Kernel-Power	566	(268)	"The system session has transitioned from 51 to 53.

Reason: 13"
Information	19-11-2021 18:07:18	Microsoft-Windows-Kernel-Power	566	(268)	"The system session has transitioned from 50 to 51.

Reason: 13"
Error	19-11-2021 18:07:21	Server	2505	None	The server could not bind to the transport \Device\NetBT_Tcpip_{59426481-F96A-490F-9157-08A6F626BD36} because another computer on the network has the same name.  The server could not start.
Information	19-11-2021 18:07:16	Microsoft-Windows-Kernel-Power	130	(33)	Firmware S3 times. SuspendStart: 46705417, SuspendEnd: 46705418
Information	19-11-2021 18:07:16	Microsoft-Windows-Kernel-Power	131	(33)	Firmware S3 times. ResumeCount: 1, FullResume: 1039, AverageResume: 1039
Information	19-11-2021 18:07:16	Microsoft-Windows-Kernel-General	1	(5)	"The system time has changed to ‎2021‎-‎11‎-‎19T12:37:16.500000000Z from ‎2021‎-‎11‎-‎19T11:19:58.147128400Z.

Change Reason: System time synchronized with the hardware clock.
Process: '' (PID 4).

RTC time: ‎2021‎-‎11‎-‎19T18:07:16.500000000Z
Current time zone bias: -330
RTC time is in UTC: false
System time was based on RTC time: false"
Information	19-11-2021 16:49:58	Microsoft-Windows-Kernel-Power	107	(102)	The system has resumed from sleep.
Information	19-11-2021 16:49:53	Microsoft-Windows-Kernel-Power	42	(64)	"The system is entering sleep.

Sleep Reason: Button or Lid"
Information	19-11-2021 16:49:29	Microsoft-Windows-Kernel-Power	566	(268)	"The system session has transitioned from 49 to 50.

Reason: 13"
Warning	19-11-2021 16:23:36	Microsoft-Windows-DistributedCOM	10016	None	"The application-specific permission settings do not grant Local Activation permission for the COM Server application with CLSID 
{2593F8B9-4EAF-457C-B68A-50F6B8EA6B54}
 and APPID 
{15C20B67-12E7-4BB6-92BB-7AFF07997402}
 to the user LAPTOP-7EVMU4TQ\mahendra SID (S-1-5-21-38077573-387163758-1783380300-1002) from address LocalHost (Using LRPC) running in the application container Unavailable SID (Unavailable). This security permission can be modified using the Component Services administrative tool."
Warning	19-11-2021 16:10:54	Microsoft-Windows-DistributedCOM	10016	None	"The application-specific permission settings do not grant Local Activation permission for the COM Server application with CLSID 
{2593F8B9-4EAF-457C-B68A-50F6B8EA6B54}
 and APPID 
{15C20B67-12E7-4BB6-92BB-7AFF07997402}
 to the user LAPTOP-7EVMU4TQ\mahendra SID (S-1-5-21-38077573-387163758-1783380300-1002) from address LocalHost (Using LRPC) running in the application container Unavailable SID (Unavailable). This security permission can be modified using the Component Services administrative tool."
Warning	19-11-2021 16:07:36	Microsoft-Windows-DistributedCOM	10016	None	"The application-specific permission settings do not grant Local Activation permission for the COM Server application with CLSID 
{2593F8B9-4EAF-457C-B68A-50F6B8EA6B54}
 and APPID 
{15C20B67-12E7-4BB6-92BB-7AFF07997402}
 to the user LAPTOP-7EVMU4TQ\mahendra SID (S-1-5-21-38077573-387163758-1783380300-1002) from address LocalHost (Using LRPC) running in the application container Unavailable SID (Unavailable). This security permission can be modified using the Component Services administrative tool."
Warning	19-11-2021 16:07:21	Microsoft-Windows-DistributedCOM	10016	None	"The application-specific permission settings do not grant Local Activation permission for the COM Server application with CLSID 
{2593F8B9-4EAF-457C-B68A-50F6B8EA6B54}
 and APPID 
{15C20B67-12E7-4BB6-92BB-7AFF07997402}
 to the user LAPTOP-7EVMU4TQ\mahendra SID (S-1-5-21-38077573-387163758-1783380300-1002) from address LocalHost (Using LRPC) running in the application container Unavailable SID (Unavailable). This security permission can be modified using the Component Services administrative tool."
Warning	19-11-2021 16:06:24	Microsoft-Windows-DistributedCOM	10016	None	"The application-specific permission settings do not grant Local Activation permission for the COM Server application with CLSID 
{2593F8B9-4EAF-457C-B68A-50F6B8EA6B54}
 and APPID 
{15C20B67-12E7-4BB6-92BB-7AFF07997402}
 to the user LAPTOP-7EVMU4TQ\mahendra SID (S-1-5-21-38077573-387163758-1783380300-1002) from address LocalHost (Using LRPC) running in the application container Unavailable SID (Unavailable). This security permission can be modified using the Component Services administrative tool."
Warning	19-11-2021 16:03:57	Microsoft-Windows-DistributedCOM	10016	None	"The application-specific permission settings do not grant Local Activation permission for the COM Server application with CLSID 
{2593F8B9-4EAF-457C-B68A-50F6B8EA6B54}
 and APPID 
{15C20B67-12E7-4BB6-92BB-7AFF07997402}
 to the user LAPTOP-7EVMU4TQ\mahendra SID (S-1-5-21-38077573-387163758-1783380300-1002) from address LocalHost (Using LRPC) running in the application container Unavailable SID (Unavailable). This security permission can be modified using the Component Services administrative tool."
Information	19-11-2021 16:03:49	Microsoft-Windows-Kernel-Power	566	(268)	"The system session has transitioned from 47 to 49.

Reason: 13"
Information	19-11-2021 15:45:19	Service Control Manager	7040	None	The start type of the Background Intelligent Transfer Service service was changed from auto start to demand start.
Information	19-11-2021 15:44:08	Microsoft-Windows-Kernel-Power	566	(268)	"The system session has transitioned from 46 to 47.

Reason: 13"
Information	19-11-2021 15:43:15	Service Control Manager	7040	None	The start type of the Background Intelligent Transfer Service service was changed from demand start to auto start.
Information	19-11-2021 15:42:15	Volsnap	33	None	The oldest shadow copy of volume C: was deleted to keep disk space usage for shadow copies of volume C: below the user defined limit.
Information	19-11-2021 15:40:43	Service Control Manager	7045	None	"A service was installed in the system.

Service Name:  MpKsl411bc868
Service File Name:  C:\ProgramData\Microsoft\Windows Defender\Definition Updates\{E7160CFA-B319-4A7A-B9B2-209C0441CB6E}\MpKslDrv.sys
Service Type:  kernel mode driver
Service Start Type:  demand start
Service Account:  "
Information	19-11-2021 15:37:53	Microsoft-Windows-Time-Service	158	None	The time provider 'VMICTimeProvider' has indicated that the current hardware and operating environment is not supported and has stopped. This behavior is expected for VMICTimeProvider on non-HyperV-guest environments. This may be the expected behavior for the current provider in the current operating environment as well.
Information	19-11-2021 15:20:49	Microsoft-Windows-Time-Service	158	None	The time provider 'VMICTimeProvider' has indicated that the current hardware and operating environment is not supported and has stopped. This behavior is expected for VMICTimeProvider on non-HyperV-guest environments. This may be the expected behavior for the current provider in the current operating environment as well.
Information	19-11-2021 15:03:45	Microsoft-Windows-Time-Service	158	None	The time provider 'VMICTimeProvider' has indicated that the current hardware and operating environment is not supported and has stopped. This behavior is expected for VMICTimeProvider on non-HyperV-guest environments. This may be the expected behavior for the current provider in the current operating environment as well.
Information	19-11-2021 14:48:55	Service Control Manager	7040	None	The start type of the Background Intelligent Transfer Service service was changed from auto start to demand start.
Error	19-11-2021 14:47:44	Microsoft-Windows-WindowsUpdateClient	20	Windows Update Agent	Installation Failure: Windows failed to install the following update with error 0x80073D02: 9NMPJ99VJBWV-Microsoft.YourPhone.
Information	19-11-2021 14:47:41	Microsoft-Windows-WindowsUpdateClient	43	Windows Update Agent	Installation Started: Windows has started installing the following update: 9NMPJ99VJBWV-Microsoft.YourPhone
Information	19-11-2021 14:47:34	Microsoft-Windows-Kernel-General	16	None	The access history in hive \??\C:\ProgramData\Microsoft\Windows\AppRepository\Packages\Microsoft.YourPhone_1.21102.134.0_x64__8wekyb3d8bbwe\ActivationStore.dat was cleared updating 0 keys and creating 0 modified pages.
Information	19-11-2021 14:46:41	Microsoft-Windows-Time-Service	158	None	The time provider 'VMICTimeProvider' has indicated that the current hardware and operating environment is not supported and has stopped. This behavior is expected for VMICTimeProvider on non-HyperV-guest environments. This may be the expected behavior for the current provider in the current operating environment as well.
Information	19-11-2021 14:46:39	Microsoft-Windows-WindowsUpdateClient	19	Windows Update Agent	Installation Successful: Windows successfully installed the following update: 9NBLGGH4R32N-Microsoft.WindowsFeedbackHub
Information	19-11-2021 14:46:29	Service Control Manager	7040	None	The start type of the Background Intelligent Transfer Service service was changed from demand start to auto start.
Information	19-11-2021 14:46:05	Microsoft-Windows-WindowsUpdateClient	43	Windows Update Agent	Installation Started: Windows has started installing the following update: 9NBLGGH4R32N-Microsoft.WindowsFeedbackHub
Information	19-11-2021 14:45:48	Microsoft-Windows-Kernel-General	16	None	The access history in hive \??\C:\ProgramData\Microsoft\Windows\AppRepository\Packages\Microsoft.WindowsFeedbackHub_1.2111.3171.0_x64__8wekyb3d8bbwe\ActivationStore.dat was cleared updating 0 keys and creating 0 modified pages.
Warning	19-11-2021 14:43:58	Microsoft-Windows-DistributedCOM	10016	None	"The application-specific permission settings do not grant Local Activation permission for the COM Server application with CLSID 
{2593F8B9-4EAF-457C-B68A-50F6B8EA6B54}
 and APPID 
{15C20B67-12E7-4BB6-92BB-7AFF07997402}
 to the user LAPTOP-7EVMU4TQ\mahendra SID (S-1-5-21-38077573-387163758-1783380300-1002) from address LocalHost (Using LRPC) running in the application container Unavailable SID (Unavailable). This security permission can be modified using the Component Services administrative tool."
Information	19-11-2021 14:42:44	Microsoft-Windows-Kernel-Power	566	(268)	"The system session has transitioned from 44 to 46.

Reason: 13"
Information	19-11-2021 14:36:00	Microsoft-Windows-WindowsUpdateClient	19	Windows Update Agent	Installation Successful: Windows successfully installed the following update: 2021-10 Update for Windows SV Version 21H2 for x64-based Systems (KB4023057)
Information	19-11-2021 14:35:58	Service Control Manager	7045	None	"A service was installed in the system.

Service Name:  Microsoft Update Health Service
Service File Name:  ""C:\Program Files\Microsoft Update Health Tools\uhssvc.exe""
Service Type:  user mode service
Service Start Type:  disabled
Service Account:  LocalSystem"
Information	19-11-2021 14:35:50	Microsoft-Windows-WindowsUpdateClient	44	Windows Update Agent	Windows Update started downloading an update.
Information	19-11-2021 14:35:50	Microsoft-Windows-WindowsUpdateClient	44	Windows Update Agent	Windows Update started downloading an update.
