Warning	21-11-2021 14:54:05	Microsoft-Windows-DistributedCOM	10016	None	"The application-specific permission settings do not grant Local Activation permission for the COM Server application with CLSID 
{2593F8B9-4EAF-457C-B68A-50F6B8EA6B54}
 and APPID 
{15C20B67-12E7-4BB6-92BB-7AFF07997402}
 to the user LAPTOP-7EVMU4TQ\mahendra SID (S-1-5-21-38077573-387163758-1783380300-1002) from address LocalHost (Using LRPC) running in the application container Unavailable SID (Unavailable). This security permission can be modified using the Component Services administrative tool."
Information	21-11-2021 14:49:58	Microsoft-Windows-Kernel-Power	566	(268)	"The system session has transitioned from 74 to 76.

Reason: 15"
Information	21-11-2021 14:40:58	Microsoft-Windows-Kernel-Power	566	(268)	"The system session has transitioned from 73 to 74.

Reason: 15"
Error	21-11-2021 14:38:57	Server	2505	None	The server could not bind to the transport \Device\NetBT_Tcpip_{9F961AE3-9423-4C8B-AB48-B1886999008B} because another computer on the network has the same name.  The server could not start.
Information	21-11-2021 14:38:54	Microsoft-Windows-Power-Troubleshooter	1	None	"The system has returned from a low power state.

Sleep Time: ‎2021‎-‎11‎-‎21T08:54:29.763005300Z
Wake Time: ‎2021‎-‎11‎-‎21T09:08:51.931752100Z

Wake Source: Power Button"
Error	21-11-2021 14:38:55	Server	2505	None	The server could not bind to the transport \Device\NetBT_Tcpip_{59426481-F96A-490F-9157-08A6F626BD36} because another computer on the network has the same name.  The server could not start.
Information	21-11-2021 14:38:51	Microsoft-Windows-Kernel-Power	566	(268)	"The system session has transitioned from 71 to 73.

Reason: 15"
Information	21-11-2021 14:38:51	Microsoft-Windows-Time-Service	158	None	The time provider 'VMICTimeProvider' has indicated that the current hardware and operating environment is not supported and has stopped. This behavior is expected for VMICTimeProvider on non-HyperV-guest environments. This may be the expected behavior for the current provider in the current operating environment as well.
Information	21-11-2021 14:38:51	Microsoft-Windows-Kernel-Power	566	(268)	"The system session has transitioned from 70 to 71.

Reason: 15"
Information	21-11-2021 14:38:50	Microsoft-Windows-Kernel-Power	130	(33)	Firmware S3 times. SuspendStart: 36295436, SuspendEnd: 36295437
Information	21-11-2021 14:38:50	Microsoft-Windows-Kernel-Power	131	(33)	Firmware S3 times. ResumeCount: 6, FullResume: 1039, AverageResume: 1038
Information	21-11-2021 14:38:50	Microsoft-Windows-Kernel-General	1	(5)	"The system time has changed to ‎2021‎-‎11‎-‎21T09:08:50.500000000Z from ‎2021‎-‎11‎-‎21T08:54:39.054702500Z.

Change Reason: System time synchronized with the hardware clock.
Process: '' (PID 4).

RTC time: ‎2021‎-‎11‎-‎21T14:38:50.500000000Z
Current time zone bias: -330
RTC time is in UTC: false
System time was based on RTC time: false"
Information	21-11-2021 14:24:39	Microsoft-Windows-Kernel-Power	107	(102)	The system has resumed from sleep.
Information	21-11-2021 14:24:34	Microsoft-Windows-Kernel-Power	42	(64)	"The system is entering sleep.

Sleep Reason: System Idle"
Information	21-11-2021 14:24:30	Microsoft-Windows-Kernel-Power	566	(268)	"The system session has transitioned from 68 to 70.

Reason: 15"
Information	21-11-2021 14:16:13	Microsoft-Windows-Time-Service	158	None	The time provider 'VMICTimeProvider' has indicated that the current hardware and operating environment is not supported and has stopped. This behavior is expected for VMICTimeProvider on non-HyperV-guest environments. This may be the expected behavior for the current provider in the current operating environment as well.
Information	21-11-2021 14:14:21	Microsoft-Windows-Kernel-Power	566	(268)	"The system session has transitioned from 67 to 68.

Reason: 15"
Error	21-11-2021 14:06:46	Server	2505	None	The server could not bind to the transport \Device\NetBT_Tcpip_{9F961AE3-9423-4C8B-AB48-B1886999008B} because another computer on the network has the same name.  The server could not start.
Information	21-11-2021 14:01:15	Microsoft-Windows-Kernel-Power	566	(268)	"The system session has transitioned from 65 to 67.

Reason: 15"
Information	21-11-2021 14:01:05	Microsoft-Windows-Kernel-Power	566	(268)	"The system session has transitioned from 64 to 65.

Reason: 15"
Information	21-11-2021 13:59:16	Service Control Manager	7040	None	The start type of the Windows Modules Installer service was changed from auto start to demand start.
Information	21-11-2021 13:58:53	Microsoft-Windows-Time-Service	37	None	The time provider NtpClient is currently receiving valid time data from time.windows.com,0x9 (ntp.m|0x9|0.0.0.0:123->40.81.94.65:123).
Information	21-11-2021 13:58:53	Microsoft-Windows-Time-Service	158	None	The time provider 'VMICTimeProvider' has indicated that the current hardware and operating environment is not supported and has stopped. This behavior is expected for VMICTimeProvider on non-HyperV-guest environments. This may be the expected behavior for the current provider in the current operating environment as well.
Information	21-11-2021 13:58:43	Service Control Manager	7040	None	The start type of the Windows Modules Installer service was changed from demand start to auto start.
Error	21-11-2021 13:48:18	Server	2505	None	The server could not bind to the transport \Device\NetBT_Tcpip_{9F961AE3-9423-4C8B-AB48-B1886999008B} because another computer on the network has the same name.  The server could not start.
Error	21-11-2021 13:48:13	Server	2505	None	The server could not bind to the transport \Device\NetBT_Tcpip_{59426481-F96A-490F-9157-08A6F626BD36} because another computer on the network has the same name.  The server could not start.
Information	21-11-2021 13:48:11	Microsoft-Windows-Power-Troubleshooter	1	None	"The system has returned from a low power state.

Sleep Time: ‎2021‎-‎11‎-‎21T08:17:38.236317800Z
Wake Time: ‎2021‎-‎11‎-‎21T08:18:09.906425000Z

Wake Source: Power Button"
Information	21-11-2021 13:48:09	Microsoft-Windows-Kernel-Power	566	(268)	"The system session has transitioned from 62 to 64.

Reason: 15"
Information	21-11-2021 13:48:09	Microsoft-Windows-Kernel-Power	566	(268)	"The system session has transitioned from 61 to 62.

Reason: 15"
Information	21-11-2021 13:48:08	Microsoft-Windows-Kernel-Power	130	(33)	Firmware S3 times. SuspendStart: 34105265, SuspendEnd: 34105266
Information	21-11-2021 13:48:08	Microsoft-Windows-Kernel-Power	131	(33)	Firmware S3 times. ResumeCount: 5, FullResume: 1039, AverageResume: 1038
Information	21-11-2021 13:48:08	Microsoft-Windows-Kernel-General	1	(5)	"The system time has changed to ‎2021‎-‎11‎-‎21T08:18:08.500000000Z from ‎2021‎-‎11‎-‎21T08:17:46.992236300Z.

Change Reason: System time synchronized with the hardware clock.
Process: '' (PID 4).

RTC time: ‎2021‎-‎11‎-‎21T13:48:08.500000000Z
Current time zone bias: -330
RTC time is in UTC: false
System time was based on RTC time: false"
Information	21-11-2021 13:47:46	Microsoft-Windows-Kernel-Power	107	(102)	The system has resumed from sleep.
Information	21-11-2021 13:47:42	Microsoft-Windows-Kernel-Power	42	(64)	"The system is entering sleep.

Sleep Reason: System Idle"
Information	21-11-2021 13:47:38	Microsoft-Windows-Kernel-Power	566	(268)	"The system session has transitioned from 59 to 61.

Reason: 15"
Warning	21-11-2021 13:38:24	Microsoft-Windows-DNS-Client	1014	(1014)	Name resolution for the name login.microsoftonline.com timed out after none of the configured DNS servers responded. Client PID 21332.
Error	21-11-2021 13:38:11	Server	2505	None	The server could not bind to the transport \Device\NetBT_Tcpip_{9F961AE3-9423-4C8B-AB48-B1886999008B} because another computer on the network has the same name.  The server could not start.
Error	21-11-2021 13:38:09	Server	2505	None	The server could not bind to the transport \Device\NetBT_Tcpip_{9F961AE3-9423-4C8B-AB48-B1886999008B} because another computer on the network has the same name.  The server could not start.
Information	21-11-2021 13:37:14	Microsoft-Windows-Kernel-Power	566	(268)	"The system session has transitioned from 58 to 59.

Reason: 15"
Information	21-11-2021 13:22:35	Microsoft-Windows-Kernel-Power	566	(268)	"The system session has transitioned from 56 to 58.

Reason: 15"
Information	21-11-2021 13:12:54	Microsoft-Windows-Kernel-Power	566	(268)	"The system session has transitioned from 55 to 56.

Reason: 15"
Information	21-11-2021 12:59:50	Microsoft-Windows-Power-Troubleshooter	1	None	"The system has returned from a low power state.

Sleep Time: ‎2021‎-‎11‎-‎21T07:16:17.527678300Z
Wake Time: ‎2021‎-‎11‎-‎21T07:29:47.837830000Z

Wake Source: Power Button"
Error	21-11-2021 12:59:51	Server	2505	None	The server could not bind to the transport \Device\NetBT_Tcpip_{59426481-F96A-490F-9157-08A6F626BD36} because another computer on the network has the same name.  The server could not start.
Information	21-11-2021 12:59:47	Microsoft-Windows-Kernel-Power	566	(268)	"The system session has transitioned from 53 to 55.

Reason: 15"
Information	21-11-2021 12:59:47	Microsoft-Windows-Kernel-Power	566	(268)	"The system session has transitioned from 52 to 53.

Reason: 15"
Information	21-11-2021 12:59:46	Microsoft-Windows-Kernel-Power	130	(33)	Firmware S3 times. SuspendStart: 31225281, SuspendEnd: 31225283
Information	21-11-2021 12:59:46	Microsoft-Windows-Kernel-Power	131	(33)	Firmware S3 times. ResumeCount: 4, FullResume: 1041, AverageResume: 1038
Information	21-11-2021 12:59:46	Microsoft-Windows-Kernel-General	1	(5)	"The system time has changed to ‎2021‎-‎11‎-‎21T07:29:46.500000000Z from ‎2021‎-‎11‎-‎21T07:16:25.788401800Z.

Change Reason: System time synchronized with the hardware clock.
Process: '' (PID 4).

RTC time: ‎2021‎-‎11‎-‎21T12:59:46.500000000Z
Current time zone bias: -330
RTC time is in UTC: false
System time was based on RTC time: false"
Information	21-11-2021 12:46:25	Microsoft-Windows-Kernel-Power	107	(102)	The system has resumed from sleep.
Information	21-11-2021 12:46:21	Microsoft-Windows-Kernel-Power	42	(64)	"The system is entering sleep.

Sleep Reason: System Idle"
Information	21-11-2021 12:46:17	Microsoft-Windows-Kernel-Power	566	(268)	"The system session has transitioned from 50 to 52.

Reason: 15"
Information	21-11-2021 12:36:05	Microsoft-Windows-Kernel-Power	566	(268)	"The system session has transitioned from 49 to 50.

Reason: 15"
Information	21-11-2021 12:25:03	Microsoft-Windows-Kernel-Power	566	(268)	"The system session has transitioned from 47 to 49.

Reason: 15"
Information	21-11-2021 12:23:27	Microsoft-Windows-Kernel-Power	566	(268)	"The system session has transitioned from 46 to 47.

Reason: 15"
Information	21-11-2021 12:22:28	Microsoft-Windows-Power-Troubleshooter	1	None	"The system has returned from a low power state.

Sleep Time: ‎2021‎-‎11‎-‎21T06:50:08.000744600Z
Wake Time: ‎2021‎-‎11‎-‎21T06:52:25.840710000Z

Wake Source: Power Button"
Error	21-11-2021 12:22:29	Server	2505	None	The server could not bind to the transport \Device\NetBT_Tcpip_{59426481-F96A-490F-9157-08A6F626BD36} because another computer on the network has the same name.  The server could not start.
Information	21-11-2021 12:22:25	Microsoft-Windows-Kernel-Power	566	(268)	"The system session has transitioned from 44 to 46.

Reason: 15"
Information	21-11-2021 12:22:25	Microsoft-Windows-Kernel-Power	566	(268)	"The system session has transitioned from 43 to 44.

Reason: 15"
Information	21-11-2021 12:22:24	Microsoft-Windows-Kernel-Power	130	(33)	Firmware S3 times. SuspendStart: 29784244, SuspendEnd: 29784245
Information	21-11-2021 12:22:24	Microsoft-Windows-Kernel-Power	131	(33)	Firmware S3 times. ResumeCount: 3, FullResume: 1034, AverageResume: 1037
Information	21-11-2021 12:22:24	Microsoft-Windows-Kernel-General	1	(5)	"The system time has changed to ‎2021‎-‎11‎-‎21T06:52:24.500000000Z from ‎2021‎-‎11‎-‎21T06:50:14.959733400Z.

Change Reason: System time synchronized with the hardware clock.
Process: '' (PID 4).

RTC time: ‎2021‎-‎11‎-‎21T12:22:24.500000000Z
Current time zone bias: -330
RTC time is in UTC: false
System time was based on RTC time: false"
Information	21-11-2021 12:20:14	Microsoft-Windows-Kernel-Power	107	(102)	The system has resumed from sleep.
Information	21-11-2021 12:20:10	Microsoft-Windows-Kernel-Power	42	(64)	"The system is entering sleep.

Sleep Reason: System Idle"
Information	21-11-2021 12:20:08	Microsoft-Windows-Kernel-Power	566	(268)	"The system session has transitioned from 41 to 43.

Reason: 15"
Information	21-11-2021 12:09:45	Microsoft-Windows-Kernel-Power	566	(268)	"The system session has transitioned from 40 to 41.

Reason: 15"
Information	21-11-2021 12:00:00	EventLog	6013	None	The system uptime is 63079 seconds.
Information	21-11-2021 11:59:16	Microsoft-Windows-Kernel-Power	566	(268)	"The system session has transitioned from 38 to 40.

Reason: 15"
Information	21-11-2021 11:52:28	Microsoft-Windows-Kernel-Power	566	(268)	"The system session has transitioned from 37 to 38.

Reason: 15"
Information	21-11-2021 11:51:30	Microsoft-Windows-Power-Troubleshooter	1	None	"The system has returned from a low power state.

Sleep Time: ‎2021‎-‎11‎-‎21T05:44:52.378963000Z
Wake Time: ‎2021‎-‎11‎-‎21T06:21:22.932420000Z

Wake Source: Power Button"
Error	21-11-2021 11:51:26	Server	2505	None	The server could not bind to the transport \Device\NetBT_Tcpip_{59426481-F96A-490F-9157-08A6F626BD36} because another computer on the network has the same name.  The server could not start.
Information	21-11-2021 11:51:22	Microsoft-Windows-Kernel-Power	566	(268)	"The system session has transitioned from 35 to 37.

Reason: 15"
Information	21-11-2021 11:51:22	Microsoft-Windows-Kernel-Power	566	(268)	"The system session has transitioned from 34 to 35.

Reason: 15"
Information	21-11-2021 11:51:21	Microsoft-Windows-Kernel-Power	130	(33)	Firmware S3 times. SuspendStart: 28051088, SuspendEnd: 28051089
Information	21-11-2021 11:51:21	Microsoft-Windows-Kernel-Power	131	(33)	Firmware S3 times. ResumeCount: 2, FullResume: 1036, AverageResume: 1038
Information	21-11-2021 11:51:21	Microsoft-Windows-Kernel-General	1	(5)	"The system time has changed to ‎2021‎-‎11‎-‎21T06:21:21.500000000Z from ‎2021‎-‎11‎-‎21T05:45:05.882188300Z.

Change Reason: System time synchronized with the hardware clock.
Process: '' (PID 4).

RTC time: ‎2021‎-‎11‎-‎21T11:51:21.500000000Z
Current time zone bias: -330
RTC time is in UTC: false
System time was based on RTC time: false"
Information	21-11-2021 11:15:05	Microsoft-Windows-Kernel-Power	107	(102)	The system has resumed from sleep.
Information	21-11-2021 11:15:01	Microsoft-Windows-Kernel-Power	42	(64)	"The system is entering sleep.

Sleep Reason: System Idle"
Information	21-11-2021 11:14:53	Microsoft-Windows-Kernel-Power	566	(268)	"The system session has transitioned from 32 to 34.

Reason: 15"
Information	21-11-2021 11:04:25	Microsoft-Windows-Kernel-Power	566	(268)	"The system session has transitioned from 31 to 32.

Reason: 15"
Information	21-11-2021 10:54:25	Microsoft-Windows-Kernel-Power	566	(268)	"The system session has transitioned from 29 to 31.

Reason: 15"
Information	21-11-2021 10:50:25	Service Control Manager	7040	None	The start type of the Background Intelligent Transfer Service service was changed from auto start to demand start.
Information	21-11-2021 10:50:17	Microsoft-Windows-Kernel-Power	566	(268)	"The system session has transitioned from 28 to 29.

Reason: 15"
Information	21-11-2021 10:48:17	Service Control Manager	7040	None	The start type of the Background Intelligent Transfer Service service was changed from demand start to auto start.
Warning	21-11-2021 10:39:36	Microsoft-Windows-DistributedCOM	10016	None	"The application-specific permission settings do not grant Local Activation permission for the COM Server application with CLSID 
{2593F8B9-4EAF-457C-B68A-50F6B8EA6B54}
 and APPID 
{15C20B67-12E7-4BB6-92BB-7AFF07997402}
 to the user LAPTOP-7EVMU4TQ\mahendra SID (S-1-5-21-38077573-387163758-1783380300-1002) from address LocalHost (Using LRPC) running in the application container Unavailable SID (Unavailable). This security permission can be modified using the Component Services administrative tool."
Warning	21-11-2021 10:39:21	Microsoft-Windows-DistributedCOM	10016	None	"The application-specific permission settings do not grant Local Activation permission for the COM Server application with CLSID 
{2593F8B9-4EAF-457C-B68A-50F6B8EA6B54}
 and APPID 
{15C20B67-12E7-4BB6-92BB-7AFF07997402}
 to the user LAPTOP-7EVMU4TQ\mahendra SID (S-1-5-21-38077573-387163758-1783380300-1002) from address LocalHost (Using LRPC) running in the application container Unavailable SID (Unavailable). This security permission can be modified using the Component Services administrative tool."
Warning	21-11-2021 10:39:08	Microsoft-Windows-DistributedCOM	10016	None	"The application-specific permission settings do not grant Local Activation permission for the COM Server application with CLSID 
{2593F8B9-4EAF-457C-B68A-50F6B8EA6B54}
 and APPID 
{15C20B67-12E7-4BB6-92BB-7AFF07997402}
 to the user LAPTOP-7EVMU4TQ\mahendra SID (S-1-5-21-38077573-387163758-1783380300-1002) from address LocalHost (Using LRPC) running in the application container Unavailable SID (Unavailable). This security permission can be modified using the Component Services administrative tool."
Warning	21-11-2021 10:38:49	Microsoft-Windows-DistributedCOM	10016	None	"The application-specific permission settings do not grant Local Activation permission for the COM Server application with CLSID 
{2593F8B9-4EAF-457C-B68A-50F6B8EA6B54}
 and APPID 
{15C20B67-12E7-4BB6-92BB-7AFF07997402}
 to the user LAPTOP-7EVMU4TQ\mahendra SID (S-1-5-21-38077573-387163758-1783380300-1002) from address LocalHost (Using LRPC) running in the application container Unavailable SID (Unavailable). This security permission can be modified using the Component Services administrative tool."
Information	21-11-2021 10:25:48	Microsoft-Windows-WindowsUpdateClient	19	Windows Update Agent	Installation Successful: Windows successfully installed the following update: Security Intelligence Update for Microsoft Defender Antivirus - KB2267602 (Version 1.353.1355.0)
Information	21-11-2021 10:25:14	Microsoft-Windows-WindowsUpdateClient	43	Windows Update Agent	Installation Started: Windows has started installing the following update: Security Intelligence Update for Microsoft Defender Antivirus - KB2267602 (Version 1.353.1355.0)
Information	21-11-2021 10:25:11	Microsoft-Windows-WindowsUpdateClient	44	Windows Update Agent	Windows Update started downloading an update.
Warning	21-11-2021 10:24:38	Microsoft-Windows-DistributedCOM	10016	None	"The application-specific permission settings do not grant Local Activation permission for the COM Server application with CLSID 
{2593F8B9-4EAF-457C-B68A-50F6B8EA6B54}
 and APPID 
{15C20B67-12E7-4BB6-92BB-7AFF07997402}
 to the user LAPTOP-7EVMU4TQ\mahendra SID (S-1-5-21-38077573-387163758-1783380300-1002) from address LocalHost (Using LRPC) running in the application container Unavailable SID (Unavailable). This security permission can be modified using the Component Services administrative tool."
Error	21-11-2021 10:24:01	Server	2505	None	The server could not bind to the transport \Device\NetBT_Tcpip_{9F961AE3-9423-4C8B-AB48-B1886999008B} because another computer on the network has the same name.  The server could not start.
Information	21-11-2021 10:23:12	Microsoft-Windows-Kernel-General	16	None	The access history in hive \??\C:\Users\mahendra\AppData\Local\Packages\Microsoft.Windows.Photos_8wekyb3d8bbwe\Settings\settings.dat was cleared updating 26 keys and creating 8 modified pages.
Information	21-11-2021 10:16:14	Microsoft-Windows-Kernel-General	16	None	The access history in hive \??\C:\ProgramData\Packages\AppUp.IntelGraphicsExperience_8j3eq9eme6ctt\S-1-5-21-38077573-387163758-1783380300-1002\SystemAppData\Helium\Cache\e31f83819d7764e3_COM15.dat was cleared updating 1 keys and creating 1 modified pages.
Information	21-11-2021 10:15:58	Microsoft-Windows-Kernel-General	15	(10)	Hive \??\C:\Users\mahendra\AppData\Local\Microsoft\Windows\UsrClass.dat was reorganized with a starting size of 9424896 bytes and an ending size of 9289728 bytes.
Information	21-11-2021 10:15:57	Microsoft-Windows-Kernel-General	15	(10)	Hive \??\C:\Users\mahendra\ntuser.dat was reorganized with a starting size of 16318464 bytes and an ending size of 15212544 bytes.
Information	21-11-2021 10:15:56	Microsoft-Windows-Winlogon	7001	(1101)	User Logon Notification for Customer Experience Improvement Program
Information	21-11-2021 10:14:35	Microsoft-Windows-Kernel-Power	566	(268)	"The system session has transitioned from 26 to 28.

Reason: 15"
Information	21-11-2021 10:04:53	Microsoft-Windows-Kernel-Power	566	(268)	"The system session has transitioned from 25 to 26.

Reason: 15"
Information	21-11-2021 10:03:05	Service Control Manager	7040	None	The start type of the Background Intelligent Transfer Service service was changed from auto start to demand start.
Information	21-11-2021 09:53:10	Microsoft-Windows-Power-Troubleshooter	1	None	"The system has returned from a low power state.

Sleep Time: ‎2021‎-‎11‎-‎21T03:29:11.044760900Z
Wake Time: ‎2021‎-‎11‎-‎21T04:23:04.773001300Z

Wake Source: Power Button"
Error	21-11-2021 09:53:06	Server	2505	None	The server could not bind to the transport \Device\NetBT_Tcpip_{59426481-F96A-490F-9157-08A6F626BD36} because another computer on the network has the same name.  The server could not start.
Information	21-11-2021 09:53:05	Microsoft-Windows-Kernel-Power	566	(268)	"The system session has transitioned from 23 to 25.

Reason: 15"
Information	21-11-2021 09:53:04	Microsoft-Windows-Kernel-Power	566	(268)	"The system session has transitioned from 22 to 23.

Reason: 15"
Information	21-11-2021 09:53:03	Microsoft-Windows-Kernel-Power	105	(100)	Power source change.
Information	21-11-2021 09:53:02	Microsoft-Windows-Kernel-Power	130	(33)	Firmware S3 times. SuspendStart: 23128582, SuspendEnd: 23128583
Information	21-11-2021 09:53:02	Microsoft-Windows-Kernel-Power	131	(33)	Firmware S3 times. ResumeCount: 1, FullResume: 1040, AverageResume: 1040
Information	21-11-2021 09:53:02	Microsoft-Windows-Kernel-General	1	(5)	"The system time has changed to ‎2021‎-‎11‎-‎21T04:23:02.500000000Z from ‎2021‎-‎11‎-‎21T03:29:21.172042600Z.

Change Reason: System time synchronized with the hardware clock.
Process: '' (PID 4).

RTC time: ‎2021‎-‎11‎-‎21T09:53:02.500000000Z
Current time zone bias: -330
RTC time is in UTC: false
System time was based on RTC time: false"
Information	21-11-2021 08:59:21	Microsoft-Windows-Kernel-Power	107	(102)	The system has resumed from sleep.
Information	21-11-2021 08:59:16	Microsoft-Windows-Kernel-Power	42	(64)	"The system is entering sleep.

Sleep Reason: System Idle"
Information	21-11-2021 08:59:11	Microsoft-Windows-Kernel-Power	566	(268)	"The system session has transitioned from 20 to 22.

Reason: 15"
Information	21-11-2021 08:58:56	Microsoft-Windows-Kernel-Power	566	(268)	"The system session has transitioned from 19 to 20.

Reason: 15"
Information	21-11-2021 08:52:28	Microsoft-Windows-Power-Troubleshooter	1	None	"The system has returned from a low power state.

Sleep Time: ‎2021‎-‎11‎-‎20T19:39:05.142778000Z
Wake Time: ‎2021‎-‎11‎-‎21T03:22:23.480080700Z

Wake Source: Unknown"
Information	21-11-2021 08:52:24	Microsoft-Windows-Kernel-Power	566	(268)	"The system session has transitioned from 17 to 19.

Reason: 15"
Information	21-11-2021 08:52:22	Microsoft-Windows-Kernel-Power	566	(268)	"The system session has transitioned from 16 to 17.

Reason: 15"
Information	21-11-2021 08:52:22	Microsoft-Windows-Kernel-Boot	32	(58)	The bootmgr spent 0 ms waiting for user input.
Information	21-11-2021 08:52:22	Microsoft-Windows-Kernel-Boot	18	(57)	There are 0x1 boot options on this system.
Information	21-11-2021 08:52:22	Microsoft-Windows-Kernel-Boot	30	(21)	The firmware reported boot metrics.
Error	21-11-2021 08:52:24	Server	2505	None	The server could not bind to the transport \Device\NetBT_Tcpip_{59426481-F96A-490F-9157-08A6F626BD36} because another computer on the network has the same name.  The server could not start.
Information	21-11-2021 08:52:19	Microsoft-Windows-Kernel-General	1	(5)	"The system time has changed to ‎2021‎-‎11‎-‎21T03:22:19.500000000Z from ‎2021‎-‎11‎-‎20T19:39:28.836553700Z.

Change Reason: System time synchronized with the hardware clock.
Process: '' (PID 4).

RTC time: ‎2021‎-‎11‎-‎21T08:52:19.500000000Z
Current time zone bias: -330
RTC time is in UTC: false
System time was based on RTC time: false"
Information	21-11-2021 01:09:28	Microsoft-Windows-Kernel-Power	107	(102)	The system has resumed from sleep.
Information	21-11-2021 01:09:19	Microsoft-Windows-Kernel-Power	105	(100)	Power source change.
Information	21-11-2021 01:09:16	Microsoft-Windows-Kernel-Power	42	(64)	"The system is entering sleep.

Sleep Reason: Application API"
Information	21-11-2021 01:09:06	Microsoft-Windows-Kernel-Power	566	(268)	"The system session has transitioned from 15 to 16.

Reason: 15"
Information	21-11-2021 01:09:05	Microsoft-Windows-Kernel-Power	187	(243)	User-mode process attempted to change the system state by calling SetSuspendState or SetSystemPowerState APIs.
Information	21-11-2021 01:09:04	Microsoft-Windows-Winlogon	7002	(1102)	User Logoff Notification for Customer Experience Improvement Program
Information	21-11-2021 01:09:03	User32	1074	None	"The process C:\WINDOWS\system32\winlogon.exe (LAPTOP-7EVMU4TQ) has initiated the power off of computer LAPTOP-7EVMU4TQ on behalf of user NT AUTHORITY\SYSTEM for the following reason: No title for this reason could be found
 Reason Code: 0x500ff
 Shutdown Type: power off
 Comment: "
Information	21-11-2021 01:08:54	User32	1074	None	"The process Explorer.EXE has initiated the power off of computer LAPTOP-7EVMU4TQ on behalf of user LAPTOP-7EVMU4TQ\mahendra for the following reason: Other (Unplanned)
 Reason Code: 0x0
 Shutdown Type: power off
 Comment: "
Warning	21-11-2021 01:08:47	Microsoft-Windows-DistributedCOM	10016	None	"The application-specific permission settings do not grant Local Activation permission for the COM Server application with CLSID 
{2593F8B9-4EAF-457C-B68A-50F6B8EA6B54}
 and APPID 
{15C20B67-12E7-4BB6-92BB-7AFF07997402}
 to the user LAPTOP-7EVMU4TQ\mahendra SID (S-1-5-21-38077573-387163758-1783380300-1002) from address LocalHost (Using LRPC) running in the application container Unavailable SID (Unavailable). This security permission can be modified using the Component Services administrative tool."
Warning	20-11-2021 23:20:20	Microsoft-Windows-DNS-Client	1014	(1014)	Name resolution for the name ecs.office.com timed out after none of the configured DNS servers responded. Client PID 2204.
Information	20-11-2021 23:05:09	Microsoft-Windows-UserModePowerService	12	(10)	Process C:\Windows\System32\svchost.exe (process ID:1652) reset policy scheme from {48684d4a-8524-4093-8a63-ea7132b79c1c} to {48684d4a-8524-4093-8a63-ea7132b79c1c}
Information	20-11-2021 23:05:07	Microsoft-Windows-Kernel-Power	105	(100)	Power source change.
Information	20-11-2021 23:04:51	Microsoft-Windows-UserModePowerService	12	(10)	Process C:\Windows\System32\svchost.exe (process ID:1652) reset policy scheme from {48684d4a-8524-4093-8a63-ea7132b79c1c} to {48684d4a-8524-4093-8a63-ea7132b79c1c}
Warning	20-11-2021 22:55:18	Microsoft-Windows-DistributedCOM	10016	None	"The application-specific permission settings do not grant Local Activation permission for the COM Server application with CLSID 
{2593F8B9-4EAF-457C-B68A-50F6B8EA6B54}
 and APPID 
{15C20B67-12E7-4BB6-92BB-7AFF07997402}
 to the user LAPTOP-7EVMU4TQ\mahendra SID (S-1-5-21-38077573-387163758-1783380300-1002) from address LocalHost (Using LRPC) running in the application container Unavailable SID (Unavailable). This security permission can be modified using the Component Services administrative tool."
Warning	20-11-2021 22:55:10	Microsoft-Windows-DistributedCOM	10016	None	"The application-specific permission settings do not grant Local Activation permission for the COM Server application with CLSID 
{2593F8B9-4EAF-457C-B68A-50F6B8EA6B54}
 and APPID 
{15C20B67-12E7-4BB6-92BB-7AFF07997402}
 to the user LAPTOP-7EVMU4TQ\mahendra SID (S-1-5-21-38077573-387163758-1783380300-1002) from address LocalHost (Using LRPC) running in the application container Unavailable SID (Unavailable). This security permission can be modified using the Component Services administrative tool."
Warning	20-11-2021 22:54:47	Microsoft-Windows-DistributedCOM	10016	None	"The application-specific permission settings do not grant Local Activation permission for the COM Server application with CLSID 
{2593F8B9-4EAF-457C-B68A-50F6B8EA6B54}
 and APPID 
{15C20B67-12E7-4BB6-92BB-7AFF07997402}
 to the user LAPTOP-7EVMU4TQ\mahendra SID (S-1-5-21-38077573-387163758-1783380300-1002) from address LocalHost (Using LRPC) running in the application container Unavailable SID (Unavailable). This security permission can be modified using the Component Services administrative tool."
Information	20-11-2021 22:25:59	Microsoft-Windows-Kernel-General	16	None	The access history in hive \??\C:\Users\mahendra\AppData\Local\Packages\microsoft.windowscommunicationsapps_8wekyb3d8bbwe\Settings\settings.dat was cleared updating 32 keys and creating 9 modified pages.
Warning	20-11-2021 22:16:12	Microsoft-Windows-DistributedCOM	10016	None	"The application-specific permission settings do not grant Local Activation permission for the COM Server application with CLSID 
{2593F8B9-4EAF-457C-B68A-50F6B8EA6B54}
 and APPID 
{15C20B67-12E7-4BB6-92BB-7AFF07997402}
 to the user LAPTOP-7EVMU4TQ\mahendra SID (S-1-5-21-38077573-387163758-1783380300-1002) from address LocalHost (Using LRPC) running in the application container Unavailable SID (Unavailable). This security permission can be modified using the Component Services administrative tool."
Warning	20-11-2021 21:55:24	Microsoft-Windows-DistributedCOM	10016	None	"The application-specific permission settings do not grant Local Activation permission for the COM Server application with CLSID 
{2593F8B9-4EAF-457C-B68A-50F6B8EA6B54}
 and APPID 
{15C20B67-12E7-4BB6-92BB-7AFF07997402}
 to the user LAPTOP-7EVMU4TQ\mahendra SID (S-1-5-21-38077573-387163758-1783380300-1002) from address LocalHost (Using LRPC) running in the application container Unavailable SID (Unavailable). This security permission can be modified using the Component Services administrative tool."
Warning	20-11-2021 21:51:21	Microsoft-Windows-DistributedCOM	10016	None	"The application-specific permission settings do not grant Local Activation permission for the COM Server application with CLSID 
{2593F8B9-4EAF-457C-B68A-50F6B8EA6B54}
 and APPID 
{15C20B67-12E7-4BB6-92BB-7AFF07997402}
 to the user LAPTOP-7EVMU4TQ\mahendra SID (S-1-5-21-38077573-387163758-1783380300-1002) from address LocalHost (Using LRPC) running in the application container Unavailable SID (Unavailable). This security permission can be modified using the Component Services administrative tool."
Error	20-11-2021 21:33:50	Server	2505	None	The server could not bind to the transport \Device\NetBT_Tcpip_{9F961AE3-9423-4C8B-AB48-B1886999008B} because another computer on the network has the same name.  The server could not start.
Error	20-11-2021 21:25:43	Server	2505	None	The server could not bind to the transport \Device\NetBT_Tcpip_{9F961AE3-9423-4C8B-AB48-B1886999008B} because another computer on the network has the same name.  The server could not start.
Error	20-11-2021 21:25:36	Server	2505	None	The server could not bind to the transport \Device\NetBT_Tcpip_{9F961AE3-9423-4C8B-AB48-B1886999008B} because another computer on the network has the same name.  The server could not start.
Information	20-11-2021 21:25:35	Microsoft-Windows-Power-Troubleshooter	1	None	"The system has returned from a low power state.

Sleep Time: ‎2021‎-‎11‎-‎20T15:41:12.554295100Z
Wake Time: ‎2021‎-‎11‎-‎20T15:55:32.802806100Z

Wake Source: Power Button"
Error	20-11-2021 21:25:36	Server	2505	None	The server could not bind to the transport \Device\NetBT_Tcpip_{59426481-F96A-490F-9157-08A6F626BD36} because another computer on the network has the same name.  The server could not start.
Information	20-11-2021 21:25:32	Microsoft-Windows-Kernel-Power	566	(268)	"The system session has transitioned from 13 to 15.

Reason: 15"
Information	20-11-2021 21:25:32	Microsoft-Windows-Kernel-Power	566	(268)	"The system session has transitioned from 12 to 13.

Reason: 15"
Information	20-11-2021 21:25:31	Microsoft-Windows-Kernel-Power	130	(33)	Firmware S3 times. SuspendStart: 9256664, SuspendEnd: 9256666
Information	20-11-2021 21:25:31	Microsoft-Windows-Kernel-Power	131	(33)	Firmware S3 times. ResumeCount: 2, FullResume: 1038, AverageResume: 1038
Information	20-11-2021 21:25:31	Microsoft-Windows-Kernel-General	1	(5)	"The system time has changed to ‎2021‎-‎11‎-‎20T15:55:31.500000000Z from ‎2021‎-‎11‎-‎20T15:41:23.659859400Z.

Change Reason: System time synchronized with the hardware clock.
Process: '' (PID 4).

RTC time: ‎2021‎-‎11‎-‎20T21:25:31.500000000Z
Current time zone bias: -330
RTC time is in UTC: false
System time was based on RTC time: false"
Information	20-11-2021 21:11:23	Microsoft-Windows-Kernel-Power	107	(102)	The system has resumed from sleep.
Information	20-11-2021 21:11:18	Microsoft-Windows-Kernel-Power	42	(64)	"The system is entering sleep.

Sleep Reason: System Idle"
Information	20-11-2021 21:11:14	Microsoft-Windows-Kernel-Power	566	(268)	"The system session has transitioned from 10 to 12.

Reason: 15"
Information	20-11-2021 21:10:44	Microsoft-Windows-Kernel-Power	566	(268)	"The system session has transitioned from 9 to 10.

Reason: 15"
Error	20-11-2021 21:03:04	Server	2505	None	The server could not bind to the transport \Device\NetBT_Tcpip_{9F961AE3-9423-4C8B-AB48-B1886999008B} because another computer on the network has the same name.  The server could not start.
Information	20-11-2021 21:03:02	Microsoft-Windows-Power-Troubleshooter	1	None	"The system has returned from a low power state.

Sleep Time: ‎2021‎-‎11‎-‎20T15:24:08.173754600Z
Wake Time: ‎2021‎-‎11‎-‎20T15:32:58.771654900Z

Wake Source: Power Button"
Error	20-11-2021 21:03:01	Server	2505	None	The server could not bind to the transport \Device\NetBT_Tcpip_{59426481-F96A-490F-9157-08A6F626BD36} because another computer on the network has the same name.  The server could not start.
Information	20-11-2021 21:02:58	Microsoft-Windows-Kernel-Power	566	(268)	"The system session has transitioned from 7 to 9.

Reason: 15"
Information	20-11-2021 21:02:58	Microsoft-Windows-Kernel-Power	566	(268)	"The system session has transitioned from 6 to 7.

Reason: 15"
Information	20-11-2021 21:02:57	Microsoft-Windows-Kernel-Power	130	(33)	Firmware S3 times. SuspendStart: 8750908, SuspendEnd: 8750909
Information	20-11-2021 21:02:57	Microsoft-Windows-Kernel-Power	131	(33)	Firmware S3 times. ResumeCount: 1, FullResume: 1037, AverageResume: 1037
Information	20-11-2021 21:02:57	Microsoft-Windows-Kernel-General	1	(5)	"The system time has changed to ‎2021‎-‎11‎-‎20T15:32:57.500000000Z from ‎2021‎-‎11‎-‎20T15:24:23.116075400Z.

Change Reason: System time synchronized with the hardware clock.
Process: '' (PID 4).

RTC time: ‎2021‎-‎11‎-‎20T21:02:57.500000000Z
Current time zone bias: -330
RTC time is in UTC: false
System time was based on RTC time: false"
Information	20-11-2021 20:54:23	Microsoft-Windows-Kernel-Power	107	(102)	The system has resumed from sleep.
Information	20-11-2021 20:54:18	Microsoft-Windows-Kernel-Power	42	(64)	"The system is entering sleep.

Sleep Reason: System Idle"
Information	20-11-2021 20:54:09	Microsoft-Windows-Kernel-Power	566	(268)	"The system session has transitioned from 4 to 6.

Reason: 15"
Information	20-11-2021 20:54:06	Microsoft-Windows-Kernel-Power	566	(268)	"The system session has transitioned from 3 to 4.

Reason: 15"
Information	20-11-2021 20:49:02	Microsoft-Windows-Kernel-Power	105	(100)	Power source change.
Information	20-11-2021 20:21:15	Microsoft-Windows-Kernel-Power	566	(268)	"The system session has transitioned from 1 to 3.

Reason: 15"
Information	20-11-2021 20:12:31	Microsoft-Windows-Kernel-Power	566	(268)	"The system session has transitioned from 0 to 1.

Reason: 15"
Information	20-11-2021 20:07:21	Microsoft-Windows-Kernel-General	16	None	The access history in hive \??\C:\ProgramData\Microsoft\Provisioning\Microsoft-Desktop-Provisioning-Sequence.dat was cleared updating 0 keys and creating 0 modified pages.
Warning	20-11-2021 18:49:12	Microsoft-Windows-DistributedCOM	10016	None	"The application-specific permission settings do not grant Local Activation permission for the COM Server application with CLSID 
{2593F8B9-4EAF-457C-B68A-50F6B8EA6B54}
 and APPID 
{15C20B67-12E7-4BB6-92BB-7AFF07997402}
 to the user LAPTOP-7EVMU4TQ\mahendra SID (S-1-5-21-38077573-387163758-1783380300-1002) from address LocalHost (Using LRPC) running in the application container Unavailable SID (Unavailable). This security permission can be modified using the Component Services administrative tool."
Error	20-11-2021 18:46:30	Service Control Manager	7009	None	A timeout was reached (30000 milliseconds) while waiting for the Intel(R) SUR QC Software Asset Manager service to connect.
Information	20-11-2021 18:42:15	Microsoft-Windows-WindowsUpdateClient	19	Windows Update Agent	Installation Successful: Windows successfully installed the following update: Security Intelligence Update for Microsoft Defender Antivirus - KB2267602 (Version 1.353.1322.0)
Information	20-11-2021 18:41:43	Microsoft-Windows-WindowsUpdateClient	43	Windows Update Agent	Installation Started: Windows has started installing the following update: Security Intelligence Update for Microsoft Defender Antivirus - KB2267602 (Version 1.353.1322.0)
Information	20-11-2021 18:41:43	Microsoft-Windows-WindowsUpdateClient	44	Windows Update Agent	Windows Update started downloading an update.
Error	20-11-2021 18:40:40	Service Control Manager	7009	None	A timeout was reached (30000 milliseconds) while waiting for the Intel(R) SUR QC Software Asset Manager service to connect.
Warning	20-11-2021 18:39:37	Microsoft-Windows-DistributedCOM	10016	None	"The application-specific permission settings do not grant Local Activation permission for the COM Server application with CLSID 
{2593F8B9-4EAF-457C-B68A-50F6B8EA6B54}
 and APPID 
{15C20B67-12E7-4BB6-92BB-7AFF07997402}
 to the user LAPTOP-7EVMU4TQ\mahendra SID (S-1-5-21-38077573-387163758-1783380300-1002) from address LocalHost (Using LRPC) running in the application container Unavailable SID (Unavailable). This security permission can be modified using the Component Services administrative tool."
Warning	20-11-2021 18:34:09	Microsoft-Windows-DistributedCOM	10016	None	"The application-specific permission settings do not grant Local Launch permission for the COM Server application with CLSID 
Windows.SecurityCenter.WscDataProtection
 and APPID 
Unavailable
 to the user NT AUTHORITY\SYSTEM SID (S-1-5-18) from address LocalHost (Using LRPC) running in the application container Unavailable SID (Unavailable). This security permission can be modified using the Component Services administrative tool."
Information	20-11-2021 18:31:07	Microsoft-Windows-Winlogon	7001	(1101)	User Logon Notification for Customer Experience Improvement Program
Error	20-11-2021 18:31:05	Service Control Manager	7009	None	A timeout was reached (45000 milliseconds) while waiting for the Intel(R) SUR QC Software Asset Manager service to connect.
Information	20-11-2021 18:30:56	Microsoft-Windows-TPM-WMI	1025	None	The TPM was successfully provisioned and is now ready for use.
Information	20-11-2021 18:30:55	Microsoft-Windows-TPM-WMI	1282	None	The TBS device identifier has been generated.
Information	20-11-2021 18:30:45	TPM	18	None	This event triggers the Trusted Platform Module (TPM) provisioning/status check to run.
Information	20-11-2021 18:30:45	Service Control Manager	7026	None	"The following boot-start or system-start driver(s) did not load: 
dam
WinSetupMon"
Warning	20-11-2021 18:30:20	Microsoft-Windows-Kernel-Processor-Power	37	(7)	The speed of processor 7 in group 0 is being limited by system firmware. The processor has been in this reduced performance state for 71 seconds since the last report.
Information	20-11-2021 18:30:00	Microsoft-Windows-UserModePowerService	12	(10)	Process C:\Windows\System32\DriverStore\FileRepository\dptf_cpu.inf_amd64_21306a77b30fd6e0\esif_uf.exe (process ID:4916) reset policy scheme from {48684d4a-8524-4093-8a63-ea7132b79c1c} to {48684d4a-8524-4093-8a63-ea7132b79c1c}
Information	20-11-2021 18:30:00	Microsoft-Windows-UserModePowerService	12	(10)	Process C:\Windows\System32\DriverStore\FileRepository\dptf_cpu.inf_amd64_21306a77b30fd6e0\esif_uf.exe (process ID:4916) reset policy scheme from {48684d4a-8524-4093-8a63-ea7132b79c1c} to {48684d4a-8524-4093-8a63-ea7132b79c1c}
Information	20-11-2021 18:29:57	Microsoft-Windows-WLAN-AutoConfig	4000	None	"WLAN AutoConfig service has successfully started.
"
Information	20-11-2021 18:29:46	Microsoft-Windows-DHCPv6-Client	51046	Service State Event	DHCPv6 client service is started
Information	20-11-2021 18:29:46	Microsoft-Windows-Dhcp-Client	50036	Service State Event	DHCPv4 client service is started
Information	20-11-2021 18:29:46	Microsoft-Windows-Dhcp-Client	50103	Service State Event	DHCPv4 client registered for shutdown notification
Information	20-11-2021 18:29:46	Microsoft-Windows-Dhcp-Client	50036	Service State Event	DHCPv4 client service is started
Information	20-11-2021 18:29:45	Microsoft-Windows-UserModePowerService	12	(10)	Process C:\Windows\System32\svchost.exe (process ID:1652) reset policy scheme from {48684d4a-8524-4093-8a63-ea7132b79c1c} to {48684d4a-8524-4093-8a63-ea7132b79c1c}
Information	20-11-2021 18:29:43	Microsoft-Windows-FilterManager	6	None	File System Filter 'bindflt' (10.0, ‎2050‎-‎06‎-‎24T18:22:06.000000000Z) has successfully loaded and registered with Filter Manager.
Information	20-11-2021 18:29:43	Microsoft-Windows-FilterManager	6	None	File System Filter 'storqosflt' (10.0, ‎1990‎-‎03‎-‎04T19:48:49.000000000Z) has successfully loaded and registered with Filter Manager.
Information	20-11-2021 18:29:42	Microsoft-Windows-FilterManager	6	None	File System Filter 'CldFlt' (10.0, ‎1986‎-‎05‎-‎22T18:16:22.000000000Z) has successfully loaded and registered with Filter Manager.
Information	20-11-2021 18:29:42	Microsoft-Windows-FilterManager	1	None	File System Filter 'CldFlt' (Version 10.0, ‎1986‎-‎05‎-‎22T18:16:22.000000000Z) unloaded successfully.
Information	20-11-2021 18:29:42	Microsoft-Windows-FilterManager	6	None	File System Filter 'CldFlt' (10.0, ‎1986‎-‎05‎-‎22T18:16:22.000000000Z) has successfully loaded and registered with Filter Manager.
Information	20-11-2021 18:29:42	Microsoft-Windows-FilterManager	6	None	File System Filter 'luafv' (10.0, ‎2058‎-‎03‎-‎26T06:07:33.000000000Z) has successfully loaded and registered with Filter Manager.
Information	20-11-2021 18:29:42	Microsoft-Windows-FilterManager	6	None	File System Filter 'wcifs' (10.0, ‎1970‎-‎02‎-‎13T21:42:24.000000000Z) has successfully loaded and registered with Filter Manager.
Information	20-11-2021 18:29:39	Microsoft-Windows-Directory-Services-SAM	16983	None	"The security account manager is now logging periodic summary events for remote clients that call legacy password change or set RPC methods.

For more information please see https://go.microsoft.com/fwlink/?linkid=2150956.
"
Information	20-11-2021 18:29:39	Microsoft-Windows-Directory-Services-SAM	16977	None	"The domain is configured with the following minimum password length-related settings.

MinimumPasswordLength: 0

RelaxMinimumPasswordLengthLimits: 0

MinimumPasswordLengthAudit: -1

For more information see https://go.microsoft.com/fwlink/?LinkId=2097191.
"
Information	20-11-2021 18:29:39	Microsoft-Windows-Directory-Services-SAM	16962	None	"Remote calls to the SAM database are being restricted using the default security descriptor: O:SYG:SYD:(A;;RC;;;BA).
For more information please see http://go.microsoft.com/fwlink/?LinkId=787651."
Information	20-11-2021 18:29:38	Microsoft-Windows-Wininit	14	None	Credential Guard configuration: 0x0, 0
Information	20-11-2021 18:29:35	Microsoft-Windows-Kernel-General	24	(11)	The time zone information was refreshed with exit reason 0. Current time zone bias is -330.
Error	20-11-2021 18:29:35	Microsoft-Windows-Kernel-General	5	None	{Registry Hive Recovered} Registry hive (file): '\SystemRoot\System32\Config\SOFTWARE' was corrupted and it has been recovered. Some data might have been lost.
Information	20-11-2021 18:29:30	Microsoft-Windows-Ntfs	98	None	Volume \\?\Volume{c386ec05-0800-406a-b64e-447dfac340c8} (\Device\HarddiskVolume4) is healthy.  No action is needed.
Information	20-11-2021 18:29:29	Microsoft-Windows-Ntfs	98	None	Volume E: (\Device\HarddiskVolume5) is healthy.  No action is needed.
Information	20-11-2021 18:29:26	Microsoft-Windows-Ntfs	98	None	Volume \\?\Volume{5db82c8c-c006-49d6-8c98-08debef57484} (\Device\HarddiskVolume6) is healthy.  No action is needed.
Information	20-11-2021 18:29:10	MEIx64	2	None	Intel(R) Management Engine Interface driver has started successfully.
Information	20-11-2021 18:29:09	Microsoft-Windows-Kernel-Power	521	(220)	Active battery count change.
Information	20-11-2021 18:29:09	Microsoft-Windows-Kernel-Power	521	(220)	Active battery count change.
Error	20-11-2021 18:29:09	VBoxNetLwf	12	None	The driver detected an internal driver error on \Device\VBoxNetLwf.
Information	20-11-2021 18:29:09	Microsoft-Windows-Kernel-Processor-Power	55	(47)	"Processor 7 in group 0 exposes the following power management capabilities:

Idle state type: ACPI Idle (C) States (3 state(s))

Performance state type: ACPI Collaborative Processor Performance Control
Nominal Frequency (MHz): 2112
Maximum performance percentage: 200
Minimum performance percentage: 38
Minimum throttle percentage: 4"
Information	20-11-2021 18:29:09	Microsoft-Windows-Kernel-Processor-Power	55	(47)	"Processor 5 in group 0 exposes the following power management capabilities:

Idle state type: ACPI Idle (C) States (3 state(s))

Performance state type: ACPI Collaborative Processor Performance Control
Nominal Frequency (MHz): 2112
Maximum performance percentage: 200
Minimum performance percentage: 38
Minimum throttle percentage: 4"
Information	20-11-2021 18:29:09	Microsoft-Windows-Kernel-Processor-Power	55	(47)	"Processor 3 in group 0 exposes the following power management capabilities:

Idle state type: ACPI Idle (C) States (3 state(s))

Performance state type: ACPI Collaborative Processor Performance Control
Nominal Frequency (MHz): 2112
Maximum performance percentage: 200
Minimum performance percentage: 38
Minimum throttle percentage: 4"
Information	20-11-2021 18:29:09	Microsoft-Windows-Kernel-Processor-Power	55	(47)	"Processor 1 in group 0 exposes the following power management capabilities:

Idle state type: ACPI Idle (C) States (3 state(s))

Performance state type: ACPI Collaborative Processor Performance Control
Nominal Frequency (MHz): 2112
Maximum performance percentage: 200
Minimum performance percentage: 38
Minimum throttle percentage: 4"
Information	20-11-2021 18:29:09	Microsoft-Windows-Kernel-Processor-Power	55	(47)	"Processor 6 in group 0 exposes the following power management capabilities:

Idle state type: ACPI Idle (C) States (3 state(s))

Performance state type: ACPI Collaborative Processor Performance Control
Nominal Frequency (MHz): 2112
Maximum performance percentage: 200
Minimum performance percentage: 38
Minimum throttle percentage: 4"
Information	20-11-2021 18:29:09	Microsoft-Windows-Kernel-Processor-Power	55	(47)	"Processor 4 in group 0 exposes the following power management capabilities:

Idle state type: ACPI Idle (C) States (3 state(s))

Performance state type: ACPI Collaborative Processor Performance Control
Nominal Frequency (MHz): 2112
Maximum performance percentage: 200
Minimum performance percentage: 38
Minimum throttle percentage: 4"
Information	20-11-2021 18:29:09	Microsoft-Windows-Kernel-Processor-Power	55	(47)	"Processor 2 in group 0 exposes the following power management capabilities:

Idle state type: ACPI Idle (C) States (3 state(s))

Performance state type: ACPI Collaborative Processor Performance Control
Nominal Frequency (MHz): 2112
Maximum performance percentage: 200
Minimum performance percentage: 38
Minimum throttle percentage: 4"
Information	20-11-2021 18:29:09	Microsoft-Windows-Kernel-Processor-Power	55	(47)	"Processor 0 in group 0 exposes the following power management capabilities:

Idle state type: ACPI Idle (C) States (3 state(s))

Performance state type: ACPI Collaborative Processor Performance Control
Nominal Frequency (MHz): 2112
Maximum performance percentage: 200
Minimum performance percentage: 19
Minimum throttle percentage: 4"
Warning	20-11-2021 18:29:08	Microsoft-Windows-Kernel-PnP	219	(212)	The driver \Driver\WudfRd failed to load for the device PCI\VEN_8086&DEV_1903&SUBSYS_86B4103C&REV_0C\3&11583659&2&20.
Information	20-11-2021 18:29:08	Microsoft-Windows-DriverFrameworks-UserMode	10118	Startup of the UMDF reflector	UMDF reflector is unable to connect to service control manager (SCM). This is expected during boot, when SCM has not started yet. Will retry when it starts.
