Warning	21-10-2021 08:43:34	Microsoft-Windows-DistributedCOM	10016	None	"The application-specific permission settings do not grant Local Activation permission for the COM Server application with CLSID 
{2593F8B9-4EAF-457C-B68A-50F6B8EA6B54}
 and APPID 
{15C20B67-12E7-4BB6-92BB-7AFF07997402}
 to the user LAPTOP-7EVMU4TQ\mahendra SID (S-1-5-21-38077573-387163758-1783380300-1002) from address LocalHost (Using LRPC) running in the application container Unavailable SID (Unavailable). This security permission can be modified using the Component Services administrative tool."
Information	21-10-2021 08:34:08	Service Control Manager	7040	None	The start type of the Background Intelligent Transfer Service service was changed from auto start to demand start.
Information	21-10-2021 08:31:18	Service Control Manager	7040	None	The start type of the Background Intelligent Transfer Service service was changed from demand start to auto start.
Warning	21-10-2021 08:30:20	Microsoft-Windows-DistributedCOM	10016	None	"The application-specific permission settings do not grant Local Activation permission for the COM Server application with CLSID 
{2593F8B9-4EAF-457C-B68A-50F6B8EA6B54}
 and APPID 
{15C20B67-12E7-4BB6-92BB-7AFF07997402}
 to the user LAPTOP-7EVMU4TQ\mahendra SID (S-1-5-21-38077573-387163758-1783380300-1002) from address LocalHost (Using LRPC) running in the application container Unavailable SID (Unavailable). This security permission can be modified using the Component Services administrative tool."
Warning	21-10-2021 08:22:21	Microsoft-Windows-DistributedCOM	10016	None	"The application-specific permission settings do not grant Local Activation permission for the COM Server application with CLSID 
{2593F8B9-4EAF-457C-B68A-50F6B8EA6B54}
 and APPID 
{15C20B67-12E7-4BB6-92BB-7AFF07997402}
 to the user LAPTOP-7EVMU4TQ\mahendra SID (S-1-5-21-38077573-387163758-1783380300-1002) from address LocalHost (Using LRPC) running in the application container Unavailable SID (Unavailable). This security permission can be modified using the Component Services administrative tool."
Warning	21-10-2021 08:21:55	Microsoft-Windows-DistributedCOM	10016	None	"The application-specific permission settings do not grant Local Activation permission for the COM Server application with CLSID 
{2593F8B9-4EAF-457C-B68A-50F6B8EA6B54}
 and APPID 
{15C20B67-12E7-4BB6-92BB-7AFF07997402}
 to the user LAPTOP-7EVMU4TQ\mahendra SID (S-1-5-21-38077573-387163758-1783380300-1002) from address LocalHost (Using LRPC) running in the application container Unavailable SID (Unavailable). This security permission can be modified using the Component Services administrative tool."
Error	21-10-2021 08:20:31	Server	2505	None	The server could not bind to the transport \Device\NetBT_Tcpip_{9F961AE3-9423-4C8B-AB48-B1886999008B} because another computer on the network has the same name.  The server could not start.
Warning	21-10-2021 08:20:08	Microsoft-Windows-DistributedCOM	10016	None	"The application-specific permission settings do not grant Local Activation permission for the COM Server application with CLSID 
{2593F8B9-4EAF-457C-B68A-50F6B8EA6B54}
 and APPID 
{15C20B67-12E7-4BB6-92BB-7AFF07997402}
 to the user LAPTOP-7EVMU4TQ\mahendra SID (S-1-5-21-38077573-387163758-1783380300-1002) from address LocalHost (Using LRPC) running in the application container Unavailable SID (Unavailable). This security permission can be modified using the Component Services administrative tool."
Information	21-10-2021 08:19:03	Microsoft-Windows-Kernel-General	16	None	The access history in hive \??\C:\Users\mahendra\AppData\Local\Packages\Microsoft.WindowsTerminal_8wekyb3d8bbwe\SystemAppData\Helium\UserClasses.dat was cleared updating 1 keys and creating 1 modified pages.
Information	21-10-2021 08:19:02	Microsoft-Windows-Kernel-General	16	None	The access history in hive \??\C:\Users\mahendra\AppData\Local\Packages\Microsoft.WindowsTerminal_8wekyb3d8bbwe\SystemAppData\Helium\User.dat was cleared updating 1 keys and creating 1 modified pages.
Warning	21-10-2021 08:16:27	Microsoft-Windows-DistributedCOM	10016	None	"The application-specific permission settings do not grant Local Activation permission for the COM Server application with CLSID 
{6B3B8D23-FA8D-40B9-8DBD-B950333E2C52}
 and APPID 
{4839DDB7-58C2-48F5-8283-E1D1807D0D7D}
 to the user NT AUTHORITY\LOCAL SERVICE SID (S-1-5-19) from address LocalHost (Using LRPC) running in the application container Unavailable SID (Unavailable). This security permission can be modified using the Component Services administrative tool."
Warning	21-10-2021 08:16:27	Microsoft-Windows-DistributedCOM	10016	None	"The application-specific permission settings do not grant Local Activation permission for the COM Server application with CLSID 
{6B3B8D23-FA8D-40B9-8DBD-B950333E2C52}
 and APPID 
{4839DDB7-58C2-48F5-8283-E1D1807D0D7D}
 to the user NT AUTHORITY\LOCAL SERVICE SID (S-1-5-19) from address LocalHost (Using LRPC) running in the application container Unavailable SID (Unavailable). This security permission can be modified using the Component Services administrative tool."
Information	21-10-2021 08:16:19	Microsoft-Windows-Winlogon	7001	(1101)	User Logon Notification for Customer Experience Improvement Program
Information	21-10-2021 08:15:14	Microsoft-Windows-Power-Troubleshooter	1	None	"The system has returned from a low power state.

Sleep Time: ‎2021‎-‎10‎-‎20T19:57:15.144335200Z
Wake Time: ‎2021‎-‎10‎-‎21T02:45:07.776653300Z

Wake Source: Unknown"
Information	21-10-2021 08:15:08	Microsoft-Windows-Kernel-Power	566	(268)	"The system session has transitioned from 172 to 174.

Reason: 5"
Information	21-10-2021 08:15:07	Microsoft-Windows-Kernel-Power	566	(268)	"The system session has transitioned from 171 to 172.

Reason: 5"
Information	21-10-2021 08:15:07	Microsoft-Windows-Kernel-Boot	32	(58)	The bootmgr spent 0 ms waiting for user input.
Information	21-10-2021 08:15:07	Microsoft-Windows-Kernel-Boot	18	(57)	There are 0x1 boot options on this system.
Information	21-10-2021 08:15:07	Microsoft-Windows-Kernel-Boot	30	(21)	The firmware reported boot metrics.
Error	21-10-2021 08:15:08	Server	2505	None	The server could not bind to the transport \Device\NetBT_Tcpip_{59426481-F96A-490F-9157-08A6F626BD36} because another computer on the network has the same name.  The server could not start.
Information	21-10-2021 08:15:03	Microsoft-Windows-Kernel-General	1	(5)	"The system time has changed to ‎2021‎-‎10‎-‎21T02:45:03.500000000Z from ‎2021‎-‎10‎-‎20T19:58:01.975840800Z.

Change Reason: System time synchronized with the hardware clock.
Process: '' (PID 4).

RTC time: ‎2021‎-‎10‎-‎21T08:15:03.500000000Z
Current time zone bias: -330
RTC time is in UTC: false
System time was based on RTC time: false"
Information	21-10-2021 01:28:01	Microsoft-Windows-Kernel-Power	107	(102)	The system has resumed from sleep.
Warning	21-10-2021 01:27:49	Microsoft-Windows-DNS-Client	1014	(1014)	Name resolution for the name services.gfe.nvidia.com timed out after none of the configured DNS servers responded. Client PID 26448.
Information	21-10-2021 01:27:37	Microsoft-Windows-Kernel-Power	42	(64)	"The system is entering sleep.

Sleep Reason: Application API"
Warning	21-10-2021 01:27:24	Microsoft-Windows-DNS-Client	1014	(1014)	Name resolution for the name wdcp.microsoft.com timed out after none of the configured DNS servers responded. Client PID 4808.
Error	21-10-2021 01:27:20	Server	2505	None	The server could not bind to the transport \Device\NetBT_Tcpip_{9F961AE3-9423-4C8B-AB48-B1886999008B} because another computer on the network has the same name.  The server could not start.
Information	21-10-2021 01:27:17	Microsoft-Windows-Kernel-Power	566	(268)	"The system session has transitioned from 170 to 171.

Reason: 5"
Information	21-10-2021 01:27:15	Microsoft-Windows-Kernel-Power	187	(243)	User-mode process attempted to change the system state by calling SetSuspendState or SetSystemPowerState APIs.
Information	21-10-2021 01:27:12	Microsoft-Windows-Winlogon	7002	(1102)	User Logoff Notification for Customer Experience Improvement Program
Information	21-10-2021 01:26:54	Microsoft-Windows-Kernel-Power	105	(100)	Power source change.
Information	21-10-2021 01:26:52	User32	1074	None	"The process Explorer.EXE has initiated the power off of computer LAPTOP-7EVMU4TQ on behalf of user LAPTOP-7EVMU4TQ\mahendra for the following reason: Other (Unplanned)
 Reason Code: 0x0
 Shutdown Type: power off
 Comment: "
Warning	21-10-2021 01:26:40	Microsoft-Windows-DistributedCOM	10016	None	"The application-specific permission settings do not grant Local Activation permission for the COM Server application with CLSID 
{2593F8B9-4EAF-457C-B68A-50F6B8EA6B54}
 and APPID 
{15C20B67-12E7-4BB6-92BB-7AFF07997402}
 to the user LAPTOP-7EVMU4TQ\mahendra SID (S-1-5-21-38077573-387163758-1783380300-1002) from address LocalHost (Using LRPC) running in the application container Unavailable SID (Unavailable). This security permission can be modified using the Component Services administrative tool."
Warning	21-10-2021 00:58:19	Microsoft-Windows-DNS-Client	1014	(1014)	Name resolution for the name trouter2-azsc-ince-0-b.trouter.teams.microsoft.com timed out after none of the configured DNS servers responded. Client PID 17924.
Error	21-10-2021 00:47:59	Server	2505	None	The server could not bind to the transport \Device\NetBT_Tcpip_{9F961AE3-9423-4C8B-AB48-B1886999008B} because another computer on the network has the same name.  The server could not start.
Information	21-10-2021 00:17:36	Microsoft-Windows-Kernel-General	16	None	The access history in hive \??\C:\Users\mahendra\AppData\Local\Packages\Microsoft.MicrosoftOfficeHub_8wekyb3d8bbwe\Settings\settings.dat was cleared updating 3 keys and creating 1 modified pages.
Warning	20-10-2021 23:59:24	Microsoft-Windows-DistributedCOM	10016	None	"The application-specific permission settings do not grant Local Activation permission for the COM Server application with CLSID 
{2593F8B9-4EAF-457C-B68A-50F6B8EA6B54}
 and APPID 
{15C20B67-12E7-4BB6-92BB-7AFF07997402}
 to the user LAPTOP-7EVMU4TQ\mahendra SID (S-1-5-21-38077573-387163758-1783380300-1002) from address LocalHost (Using LRPC) running in the application container Unavailable SID (Unavailable). This security permission can be modified using the Component Services administrative tool."
Warning	20-10-2021 23:46:28	Microsoft-Windows-DistributedCOM	10016	None	"The application-specific permission settings do not grant Local Activation permission for the COM Server application with CLSID 
{2593F8B9-4EAF-457C-B68A-50F6B8EA6B54}
 and APPID 
{15C20B67-12E7-4BB6-92BB-7AFF07997402}
 to the user LAPTOP-7EVMU4TQ\mahendra SID (S-1-5-21-38077573-387163758-1783380300-1002) from address LocalHost (Using LRPC) running in the application container Unavailable SID (Unavailable). This security permission can be modified using the Component Services administrative tool."
Information	20-10-2021 23:31:47	Microsoft-Windows-Kernel-Power	105	(100)	Power source change.
Information	20-10-2021 22:39:31	Service Control Manager	7040	None	The start type of the Background Intelligent Transfer Service service was changed from auto start to demand start.
Information	20-10-2021 22:36:27	Service Control Manager	7040	None	The start type of the Background Intelligent Transfer Service service was changed from demand start to auto start.
Warning	20-10-2021 22:35:16	Microsoft-Windows-DistributedCOM	10016	None	"The application-specific permission settings do not grant Local Activation permission for the COM Server application with CLSID 
{2593F8B9-4EAF-457C-B68A-50F6B8EA6B54}
 and APPID 
{15C20B67-12E7-4BB6-92BB-7AFF07997402}
 to the user LAPTOP-7EVMU4TQ\mahendra SID (S-1-5-21-38077573-387163758-1783380300-1002) from address LocalHost (Using LRPC) running in the application container Unavailable SID (Unavailable). This security permission can be modified using the Component Services administrative tool."
Warning	20-10-2021 22:35:13	Microsoft-Windows-DistributedCOM	10016	None	"The application-specific permission settings do not grant Local Activation permission for the COM Server application with CLSID 
{2593F8B9-4EAF-457C-B68A-50F6B8EA6B54}
 and APPID 
{15C20B67-12E7-4BB6-92BB-7AFF07997402}
 to the user LAPTOP-7EVMU4TQ\mahendra SID (S-1-5-21-38077573-387163758-1783380300-1002) from address LocalHost (Using LRPC) running in the application container Unavailable SID (Unavailable). This security permission can be modified using the Component Services administrative tool."
Error	20-10-2021 22:35:01	Server	2505	None	The server could not bind to the transport \Device\NetBT_Tcpip_{9F961AE3-9423-4C8B-AB48-B1886999008B} because another computer on the network has the same name.  The server could not start.
Error	20-10-2021 22:32:08	Server	2505	None	The server could not bind to the transport \Device\NetBT_Tcpip_{9F961AE3-9423-4C8B-AB48-B1886999008B} because another computer on the network has the same name.  The server could not start.
Error	20-10-2021 22:30:14	Server	2505	None	The server could not bind to the transport \Device\NetBT_Tcpip_{9F961AE3-9423-4C8B-AB48-B1886999008B} because another computer on the network has the same name.  The server could not start.
Information	20-10-2021 22:26:56	Microsoft-Windows-Kernel-Power	105	(100)	Power source change.
Error	20-10-2021 22:19:35	Server	2505	None	The server could not bind to the transport \Device\NetBT_Tcpip_{9F961AE3-9423-4C8B-AB48-B1886999008B} because another computer on the network has the same name.  The server could not start.
Information	20-10-2021 22:17:46	Microsoft-Windows-Power-Troubleshooter	1	None	"The system has returned from a low power state.

Sleep Time: ‎2021‎-‎10‎-‎20T16:37:24.793063600Z
Wake Time: ‎2021‎-‎10‎-‎20T16:47:39.849459900Z

Wake Source: Device -Intel(R) USB 3.1 eXtensible Host Controller - 1.10 (Microsoft)"
Error	20-10-2021 22:17:43	Server	2505	None	The server could not bind to the transport \Device\NetBT_Tcpip_{59426481-F96A-490F-9157-08A6F626BD36} because another computer on the network has the same name.  The server could not start.
Information	20-10-2021 22:17:39	Microsoft-Windows-Kernel-Power	566	(268)	"The system session has transitioned from 168 to 170.

Reason: 5"
Information	20-10-2021 22:17:39	Microsoft-Windows-Kernel-Power	566	(268)	"The system session has transitioned from 167 to 168.

Reason: 5"
Information	20-10-2021 22:17:38	Microsoft-Windows-Kernel-Power	130	(33)	Firmware S3 times. SuspendStart: 266441326, SuspendEnd: 266441327
Information	20-10-2021 22:17:38	Microsoft-Windows-Kernel-Power	131	(33)	Firmware S3 times. ResumeCount: 3, FullResume: 1026, AverageResume: 1024
Information	20-10-2021 22:17:38	Microsoft-Windows-Kernel-General	1	(5)	"The system time has changed to ‎2021‎-‎10‎-‎20T16:47:38.500000000Z from ‎2021‎-‎10‎-‎20T16:37:38.619221400Z.

Change Reason: System time synchronized with the hardware clock.
Process: '' (PID 4).

RTC time: ‎2021‎-‎10‎-‎20T22:17:38.500000000Z
Current time zone bias: -330
RTC time is in UTC: false
System time was based on RTC time: false"
Information	20-10-2021 22:07:38	Microsoft-Windows-Kernel-Power	107	(102)	The system has resumed from sleep.
Information	20-10-2021 22:07:32	Microsoft-Windows-Kernel-Power	42	(64)	"The system is entering sleep.

Sleep Reason: System Idle"
Information	20-10-2021 22:07:26	Microsoft-Windows-Kernel-Power	566	(268)	"The system session has transitioned from 165 to 167.

Reason: 5"
Information	20-10-2021 21:57:09	Microsoft-Windows-Kernel-Power	566	(268)	"The system session has transitioned from 164 to 165.

Reason: 5"
Information	20-10-2021 21:34:08	Microsoft-Windows-Kernel-Power	566	(268)	"The system session has transitioned from 162 to 164.

Reason: 5"
Information	20-10-2021 21:33:44	Microsoft-Windows-Kernel-Power	566	(268)	"The system session has transitioned from 161 to 162.

Reason: 5"
Warning	20-10-2021 21:23:45	Microsoft-Windows-DistributedCOM	10016	None	"The application-specific permission settings do not grant Local Activation permission for the COM Server application with CLSID 
{2593F8B9-4EAF-457C-B68A-50F6B8EA6B54}
 and APPID 
{15C20B67-12E7-4BB6-92BB-7AFF07997402}
 to the user LAPTOP-7EVMU4TQ\mahendra SID (S-1-5-21-38077573-387163758-1783380300-1002) from address LocalHost (Using LRPC) running in the application container Unavailable SID (Unavailable). This security permission can be modified using the Component Services administrative tool."
Warning	20-10-2021 21:08:48	Microsoft-Windows-DistributedCOM	10016	None	"The application-specific permission settings do not grant Local Activation permission for the COM Server application with CLSID 
{2593F8B9-4EAF-457C-B68A-50F6B8EA6B54}
 and APPID 
{15C20B67-12E7-4BB6-92BB-7AFF07997402}
 to the user LAPTOP-7EVMU4TQ\mahendra SID (S-1-5-21-38077573-387163758-1783380300-1002) from address LocalHost (Using LRPC) running in the application container Unavailable SID (Unavailable). This security permission can be modified using the Component Services administrative tool."
Warning	20-10-2021 21:05:40	Microsoft-Windows-DistributedCOM	10016	None	"The application-specific permission settings do not grant Local Activation permission for the COM Server application with CLSID 
{2593F8B9-4EAF-457C-B68A-50F6B8EA6B54}
 and APPID 
{15C20B67-12E7-4BB6-92BB-7AFF07997402}
 to the user LAPTOP-7EVMU4TQ\mahendra SID (S-1-5-21-38077573-387163758-1783380300-1002) from address LocalHost (Using LRPC) running in the application container Unavailable SID (Unavailable). This security permission can be modified using the Component Services administrative tool."
Information	20-10-2021 20:57:26	Microsoft-Windows-WindowsUpdateClient	19	Windows Update Agent	Installation Successful: Windows successfully installed the following update: Security Intelligence Update for Microsoft Defender Antivirus - KB2267602 (Version 1.351.750.0)
Information	20-10-2021 20:56:57	Microsoft-Windows-WindowsUpdateClient	43	Windows Update Agent	Installation Started: Windows has started installing the following update: Security Intelligence Update for Microsoft Defender Antivirus - KB2267602 (Version 1.351.750.0)
Information	20-10-2021 20:56:55	Microsoft-Windows-WindowsUpdateClient	44	Windows Update Agent	Windows Update started downloading an update.
Warning	20-10-2021 20:28:04	Microsoft-Windows-DNS-Client	1014	(1014)	Name resolution for the name www.google.ru timed out after none of the configured DNS servers responded. Client PID 14396.
Information	20-10-2021 20:22:00	Service Control Manager	7040	None	The start type of the Background Intelligent Transfer Service service was changed from auto start to demand start.
Information	20-10-2021 20:19:52	Service Control Manager	7040	None	The start type of the Background Intelligent Transfer Service service was changed from demand start to auto start.
Warning	20-10-2021 20:09:08	Microsoft-Windows-Kernel-Processor-Power	37	(7)	The speed of processor 7 in group 0 is being limited by system firmware. The processor has been in this reduced performance state for 121819 seconds since the last report.
Warning	20-10-2021 19:38:11	Microsoft-Windows-DistributedCOM	10016	None	"The application-specific permission settings do not grant Local Activation permission for the COM Server application with CLSID 
{8BC3F05E-D86B-11D0-A075-00C04FB68820}
 and APPID 
{8BC3F05E-D86B-11D0-A075-00C04FB68820}
 to the user LAPTOP-7EVMU4TQ\mahendra SID (S-1-5-21-38077573-387163758-1783380300-1002) from address LocalHost (Using LRPC) running in the application container Unavailable SID (S-1-15-2-2541828468-3156434756-3084976108-2440375926-12821182-2239672303-584471209). This security permission can be modified using the Component Services administrative tool."
Warning	20-10-2021 19:35:29	Microsoft-Windows-DNS-Client	1014	(1014)	Name resolution for the name trouter2-azsc-ince-0-b.trouter.teams.microsoft.com timed out after none of the configured DNS servers responded. Client PID 25488.
Warning	20-10-2021 19:25:33	Microsoft-Windows-DistributedCOM	10016	None	"The application-specific permission settings do not grant Local Activation permission for the COM Server application with CLSID 
{2593F8B9-4EAF-457C-B68A-50F6B8EA6B54}
 and APPID 
{15C20B67-12E7-4BB6-92BB-7AFF07997402}
 to the user LAPTOP-7EVMU4TQ\mahendra SID (S-1-5-21-38077573-387163758-1783380300-1002) from address LocalHost (Using LRPC) running in the application container Unavailable SID (Unavailable). This security permission can be modified using the Component Services administrative tool."
Error	20-10-2021 19:14:00	Service Control Manager	7009	None	A timeout was reached (30000 milliseconds) while waiting for the Intel(R) SUR QC Software Asset Manager service to connect.
Warning	20-10-2021 19:11:43	Microsoft-Windows-DNS-Client	1014	(1014)	Name resolution for the name api.flightproxy.teams.microsoft.com timed out after none of the configured DNS servers responded. Client PID 25488.
Information	20-10-2021 18:52:08	Microsoft-Windows-Kernel-General	15	(10)	Hive \??\C:\Windows\System32\config\components was reorganized with a starting size of 46673920 bytes and an ending size of 38952960 bytes.
Warning	20-10-2021 18:15:37	Microsoft-Windows-DistributedCOM	10016	None	"The application-specific permission settings do not grant Local Activation permission for the COM Server application with CLSID 
{2593F8B9-4EAF-457C-B68A-50F6B8EA6B54}
 and APPID 
{15C20B67-12E7-4BB6-92BB-7AFF07997402}
 to the user LAPTOP-7EVMU4TQ\mahendra SID (S-1-5-21-38077573-387163758-1783380300-1002) from address LocalHost (Using LRPC) running in the application container Unavailable SID (Unavailable). This security permission can be modified using the Component Services administrative tool."
Information	20-10-2021 18:14:58	Microsoft-Windows-Kernel-Power	105	(100)	Power source change.
Warning	20-10-2021 18:14:15	Microsoft-Windows-DNS-Client	1014	(1014)	Name resolution for the name chrome.cloudflare-dns.com timed out after none of the configured DNS servers responded. Client PID 28116.
Warning	20-10-2021 17:21:11	Microsoft-Windows-DistributedCOM	10016	None	"The application-specific permission settings do not grant Local Activation permission for the COM Server application with CLSID 
{2593F8B9-4EAF-457C-B68A-50F6B8EA6B54}
 and APPID 
{15C20B67-12E7-4BB6-92BB-7AFF07997402}
 to the user LAPTOP-7EVMU4TQ\mahendra SID (S-1-5-21-38077573-387163758-1783380300-1002) from address LocalHost (Using LRPC) running in the application container Unavailable SID (Unavailable). This security permission can be modified using the Component Services administrative tool."
Information	20-10-2021 17:09:11	Microsoft-Windows-Kernel-General	1	(5)	"The system time has changed to ‎2021‎-‎10‎-‎20T11:39:11.713807300Z from ‎2021‎-‎10‎-‎20T11:39:11.713481200Z.

Change Reason: An application or system component changed the time.
Process: '\Device\HarddiskVolume3\Windows\System32\svchost.exe' (PID 11956).

RTC time: ‎2021‎-‎10‎-‎20T17:09:11.713807300Z
Current time zone bias: -330
RTC time is in UTC: false
System time was based on RTC time: false"
Information	20-10-2021 17:09:11	Microsoft-Windows-Kernel-General	24	(11)	The time zone information was refreshed with exit reason 0. Current time zone bias is -330.
Information	20-10-2021 17:09:11	Microsoft-Windows-Time-Service	158	None	The time provider 'VMICTimeProvider' has indicated that the current hardware and operating environment is not supported and has stopped. This behavior is expected for VMICTimeProvider on non-HyperV-guest environments. This may be the expected behavior for the current provider in the current operating environment as well.
Information	20-10-2021 17:09:11	Microsoft-Windows-Kernel-General	1	(5)	"The system time has changed to ‎2021‎-‎10‎-‎20T11:39:11.707235900Z from ‎2021‎-‎10‎-‎20T11:39:11.706543700Z.

Change Reason: An application or system component changed the time.
Process: '\Device\HarddiskVolume3\Windows\System32\svchost.exe' (PID 11956).

RTC time: ‎2021‎-‎10‎-‎20T17:09:11.707235900Z
Current time zone bias: -330
RTC time is in UTC: false
System time was based on RTC time: false"
Information	20-10-2021 17:09:11	Microsoft-Windows-Kernel-General	24	(11)	The time zone information was refreshed with exit reason 0. Current time zone bias is -330.
Information	20-10-2021 17:09:11	Microsoft-Windows-Time-Service	35	None	The time service is now synchronizing the system time with the time source time.windows.com,0x9 (ntp.m|0x9|0.0.0.0:123->40.81.94.65:123) with reference id 1096700200. Current local stratum number is 4.
Information	20-10-2021 17:09:11	Microsoft-Windows-Kernel-General	1	(5)	"The system time has changed to ‎2021‎-‎10‎-‎20T11:39:11.703588600Z from ‎2021‎-‎10‎-‎20T11:39:10.205204100Z.

Change Reason: An application or system component changed the time.
Process: '\Device\HarddiskVolume3\Windows\System32\svchost.exe' (PID 11956).

RTC time: ‎2021‎-‎10‎-‎20T17:09:11.703588600Z
Current time zone bias: -330
RTC time is in UTC: false
System time was based on RTC time: false"
Information	20-10-2021 17:09:11	Microsoft-Windows-Kernel-General	24	(11)	The time zone information was refreshed with exit reason 0. Current time zone bias is -330.
Information	20-10-2021 17:09:10	Microsoft-Windows-Time-Service	37	None	The time provider NtpClient is currently receiving valid time data from time.windows.com,0x9 (ntp.m|0x9|0.0.0.0:123->40.81.94.65:123).
Information	20-10-2021 16:54:15	Microsoft-Windows-Power-Troubleshooter	1	None	"The system has returned from a low power state.

Sleep Time: ‎2021‎-‎10‎-‎20T11:13:54.920775700Z
Wake Time: ‎2021‎-‎10‎-‎20T11:24:10.330680600Z

Wake Source: Power Button"
Error	20-10-2021 16:54:14	Server	2505	None	The server could not bind to the transport \Device\NetBT_Tcpip_{9F961AE3-9423-4C8B-AB48-B1886999008B} because another computer on the network has the same name.  The server could not start.
Information	20-10-2021 16:54:10	Microsoft-Windows-Time-Service	158	None	The time provider 'VMICTimeProvider' has indicated that the current hardware and operating environment is not supported and has stopped. This behavior is expected for VMICTimeProvider on non-HyperV-guest environments. This may be the expected behavior for the current provider in the current operating environment as well.
Information	20-10-2021 16:54:10	Microsoft-Windows-Kernel-Power	566	(268)	"The system session has transitioned from 159 to 161.

Reason: 5"
Warning	20-10-2021 16:54:10	Microsoft-Windows-Time-Service	134	None	NtpClient was unable to set a manual peer to use as a time source because of DNS resolution error on 'time.windows.com,0x9'. NtpClient will try again in 15 minutes and double the reattempt interval thereafter. The error was: No such host is known. (0x80072AF9)
Information	20-10-2021 16:54:09	Microsoft-Windows-Kernel-Power	566	(268)	"The system session has transitioned from 158 to 159.

Reason: 5"
Error	20-10-2021 16:54:12	Server	2505	None	The server could not bind to the transport \Device\NetBT_Tcpip_{59426481-F96A-490F-9157-08A6F626BD36} because another computer on the network has the same name.  The server could not start.
Information	20-10-2021 16:54:07	Microsoft-Windows-Kernel-Power	130	(33)	Firmware S3 times. SuspendStart: 247634395, SuspendEnd: 247634396
Information	20-10-2021 16:54:07	Microsoft-Windows-Kernel-Power	131	(33)	Firmware S3 times. ResumeCount: 2, FullResume: 1022, AverageResume: 1023
Information	20-10-2021 16:54:07	Microsoft-Windows-Kernel-General	1	(5)	"The system time has changed to ‎2021‎-‎10‎-‎20T11:24:07.500000000Z from ‎2021‎-‎10‎-‎20T11:14:10.278216700Z.

Change Reason: System time synchronized with the hardware clock.
Process: '' (PID 4).

RTC time: ‎2021‎-‎10‎-‎20T16:54:07.500000000Z
Current time zone bias: -330
RTC time is in UTC: false
System time was based on RTC time: false"
Information	20-10-2021 16:44:10	Microsoft-Windows-Kernel-Power	107	(102)	The system has resumed from sleep.
Information	20-10-2021 16:44:05	Microsoft-Windows-Kernel-Power	42	(64)	"The system is entering sleep.

Sleep Reason: System Idle"
Information	20-10-2021 16:43:56	Microsoft-Windows-Kernel-Power	566	(268)	"The system session has transitioned from 156 to 158.

Reason: 5"
Information	20-10-2021 16:43:32	Microsoft-Windows-Kernel-Power	566	(268)	"The system session has transitioned from 155 to 156.

Reason: 5"
Information	20-10-2021 16:38:35	Microsoft-Windows-Kernel-Power	105	(100)	Power source change.
Warning	20-10-2021 16:35:31	Microsoft-Windows-Time-Service	134	None	NtpClient was unable to set a manual peer to use as a time source because of DNS resolution error on 'time.windows.com,0x9'. NtpClient will try again in 15 minutes and double the reattempt interval thereafter. The error was: No such host is known. (0x80072AF9)
Information	20-10-2021 16:35:31	Microsoft-Windows-Time-Service	158	None	The time provider 'VMICTimeProvider' has indicated that the current hardware and operating environment is not supported and has stopped. This behavior is expected for VMICTimeProvider on non-HyperV-guest environments. This may be the expected behavior for the current provider in the current operating environment as well.
Warning	20-10-2021 16:32:07	Microsoft-Windows-DNS-Client	1014	(1014)	Name resolution for the name trouter2-azsc-jpwe-2-b.trouter.teams.microsoft.com timed out after none of the configured DNS servers responded. Client PID 25488.
Warning	20-10-2021 16:29:37	Microsoft-Windows-DistributedCOM	10016	None	"The application-specific permission settings do not grant Local Activation permission for the COM Server application with CLSID 
{2593F8B9-4EAF-457C-B68A-50F6B8EA6B54}
 and APPID 
{15C20B67-12E7-4BB6-92BB-7AFF07997402}
 to the user LAPTOP-7EVMU4TQ\mahendra SID (S-1-5-21-38077573-387163758-1783380300-1002) from address LocalHost (Using LRPC) running in the application container Unavailable SID (Unavailable). This security permission can be modified using the Component Services administrative tool."
Warning	20-10-2021 16:25:52	Microsoft-Windows-DistributedCOM	10016	None	"The application-specific permission settings do not grant Local Activation permission for the COM Server application with CLSID 
{2593F8B9-4EAF-457C-B68A-50F6B8EA6B54}
 and APPID 
{15C20B67-12E7-4BB6-92BB-7AFF07997402}
 to the user LAPTOP-7EVMU4TQ\mahendra SID (S-1-5-21-38077573-387163758-1783380300-1002) from address LocalHost (Using LRPC) running in the application container Unavailable SID (Unavailable). This security permission can be modified using the Component Services administrative tool."
Warning	20-10-2021 16:15:35	Microsoft-Windows-DistributedCOM	10016	None	"The application-specific permission settings do not grant Local Activation permission for the COM Server application with CLSID 
{2593F8B9-4EAF-457C-B68A-50F6B8EA6B54}
 and APPID 
{15C20B67-12E7-4BB6-92BB-7AFF07997402}
 to the user LAPTOP-7EVMU4TQ\mahendra SID (S-1-5-21-38077573-387163758-1783380300-1002) from address LocalHost (Using LRPC) running in the application container Unavailable SID (Unavailable). This security permission can be modified using the Component Services administrative tool."
Warning	20-10-2021 16:05:36	Microsoft-Windows-DistributedCOM	10016	None	"The application-specific permission settings do not grant Local Activation permission for the COM Server application with CLSID 
{8BC3F05E-D86B-11D0-A075-00C04FB68820}
 and APPID 
{8BC3F05E-D86B-11D0-A075-00C04FB68820}
 to the user LAPTOP-7EVMU4TQ\mahendra SID (S-1-5-21-38077573-387163758-1783380300-1002) from address LocalHost (Using LRPC) running in the application container Unavailable SID (S-1-15-2-2071583083-1466688339-3171879825-1894373997-2791941396-1155214428-486407309). This security permission can be modified using the Component Services administrative tool."
Warning	20-10-2021 16:04:37	Microsoft-Windows-DistributedCOM	10016	None	"The application-specific permission settings do not grant Local Activation permission for the COM Server application with CLSID 
{2593F8B9-4EAF-457C-B68A-50F6B8EA6B54}
 and APPID 
{15C20B67-12E7-4BB6-92BB-7AFF07997402}
 to the user LAPTOP-7EVMU4TQ\mahendra SID (S-1-5-21-38077573-387163758-1783380300-1002) from address LocalHost (Using LRPC) running in the application container Unavailable SID (Unavailable). This security permission can be modified using the Component Services administrative tool."
Information	20-10-2021 15:38:12	Service Control Manager	7040	None	The start type of the Background Intelligent Transfer Service service was changed from auto start to demand start.
Information	20-10-2021 15:37:23	Microsoft-Windows-Kernel-General	16	None	The access history in hive \SystemRoot\System32\config\DRIVERS was cleared updating 47132 keys and creating 2453 modified pages.
Information	20-10-2021 15:35:37	Service Control Manager	7040	None	The start type of the Background Intelligent Transfer Service service was changed from demand start to auto start.
Warning	20-10-2021 15:34:35	Microsoft-Windows-DistributedCOM	10016	None	"The application-specific permission settings do not grant Local Activation permission for the COM Server application with CLSID 
{2593F8B9-4EAF-457C-B68A-50F6B8EA6B54}
 and APPID 
{15C20B67-12E7-4BB6-92BB-7AFF07997402}
 to the user LAPTOP-7EVMU4TQ\mahendra SID (S-1-5-21-38077573-387163758-1783380300-1002) from address LocalHost (Using LRPC) running in the application container Unavailable SID (Unavailable). This security permission can be modified using the Component Services administrative tool."
Warning	20-10-2021 15:33:55	Microsoft-Windows-DistributedCOM	10016	None	"The application-specific permission settings do not grant Local Activation permission for the COM Server application with CLSID 
{2593F8B9-4EAF-457C-B68A-50F6B8EA6B54}
 and APPID 
{15C20B67-12E7-4BB6-92BB-7AFF07997402}
 to the user LAPTOP-7EVMU4TQ\mahendra SID (S-1-5-21-38077573-387163758-1783380300-1002) from address LocalHost (Using LRPC) running in the application container Unavailable SID (Unavailable). This security permission can be modified using the Component Services administrative tool."
Warning	20-10-2021 15:21:02	Microsoft-Windows-DistributedCOM	10016	None	"The application-specific permission settings do not grant Local Activation permission for the COM Server application with CLSID 
{8BC3F05E-D86B-11D0-A075-00C04FB68820}
 and APPID 
{8BC3F05E-D86B-11D0-A075-00C04FB68820}
 to the user LAPTOP-7EVMU4TQ\mahendra SID (S-1-5-21-38077573-387163758-1783380300-1002) from address LocalHost (Using LRPC) running in the application container Unavailable SID (S-1-15-2-2654374731-591874786-1781259682-2202889620-3123193969-174452030-3176081606). This security permission can be modified using the Component Services administrative tool."
Warning	20-10-2021 15:20:38	Microsoft-Windows-DistributedCOM	10016	None	"The application-specific permission settings do not grant Local Activation permission for the COM Server application with CLSID 
{2593F8B9-4EAF-457C-B68A-50F6B8EA6B54}
 and APPID 
{15C20B67-12E7-4BB6-92BB-7AFF07997402}
 to the user LAPTOP-7EVMU4TQ\mahendra SID (S-1-5-21-38077573-387163758-1783380300-1002) from address LocalHost (Using LRPC) running in the application container Unavailable SID (Unavailable). This security permission can be modified using the Component Services administrative tool."
Warning	20-10-2021 15:04:36	Microsoft-Windows-DistributedCOM	10016	None	"The application-specific permission settings do not grant Local Activation permission for the COM Server application with CLSID 
{8BC3F05E-D86B-11D0-A075-00C04FB68820}
 and APPID 
{8BC3F05E-D86B-11D0-A075-00C04FB68820}
 to the user LAPTOP-7EVMU4TQ\mahendra SID (S-1-5-21-38077573-387163758-1783380300-1002) from address LocalHost (Using LRPC) running in the application container Unavailable SID (S-1-15-2-3836900958-2002537867-3751016318-702373678-3489600253-1274159236-3059251363). This security permission can be modified using the Component Services administrative tool."
Information	20-10-2021 15:04:14	Service Control Manager	7040	None	The start type of the Background Intelligent Transfer Service service was changed from auto start to demand start.
Error	20-10-2021 15:02:34	Server	2505	None	The server could not bind to the transport \Device\NetBT_Tcpip_{9F961AE3-9423-4C8B-AB48-B1886999008B} because another computer on the network has the same name.  The server could not start.
Information	20-10-2021 15:01:55	Microsoft-Windows-Power-Troubleshooter	1	None	"The system has returned from a low power state.

Sleep Time: ‎2021‎-‎10‎-‎20T08:18:26.362948300Z
Wake Time: ‎2021‎-‎10‎-‎20T09:31:42.817287300Z

Wake Source: Power Button"
Error	20-10-2021 15:01:49	Server	2505	None	The server could not bind to the transport \Device\NetBT_Tcpip_{9F961AE3-9423-4C8B-AB48-B1886999008B} because another computer on the network has the same name.  The server could not start.
Information	20-10-2021 15:01:47	Service Control Manager	7040	None	The start type of the Background Intelligent Transfer Service service was changed from demand start to auto start.
Error	20-10-2021 15:01:46	Server	2505	None	The server could not bind to the transport \Device\NetBT_Tcpip_{59426481-F96A-490F-9157-08A6F626BD36} because another computer on the network has the same name.  The server could not start.
Information	20-10-2021 15:01:42	Microsoft-Windows-Kernel-Power	566	(268)	"The system session has transitioned from 153 to 155.

Reason: 5"
Information	20-10-2021 15:01:42	Microsoft-Windows-Kernel-Power	566	(268)	"The system session has transitioned from 152 to 153.

Reason: 5"
Information	20-10-2021 15:01:41	Microsoft-Windows-Kernel-Power	130	(33)	Firmware S3 times. SuspendStart: 241486493, SuspendEnd: 241486494
Information	20-10-2021 15:01:41	Microsoft-Windows-Kernel-Power	131	(33)	Firmware S3 times. ResumeCount: 1, FullResume: 1024, AverageResume: 1024
Information	20-10-2021 15:01:41	Microsoft-Windows-Kernel-General	1	(5)	"The system time has changed to ‎2021‎-‎10‎-‎20T09:31:41.500000000Z from ‎2021‎-‎10‎-‎20T08:18:42.921646400Z.

Change Reason: System time synchronized with the hardware clock.
Process: '' (PID 4).

RTC time: ‎2021‎-‎10‎-‎20T15:01:41.500000000Z
Current time zone bias: -330
RTC time is in UTC: false
System time was based on RTC time: false"
Information	20-10-2021 13:48:42	Microsoft-Windows-Kernel-Power	107	(102)	The system has resumed from sleep.
Information	20-10-2021 13:48:38	Microsoft-Windows-Kernel-Power	42	(64)	"The system is entering sleep.

Sleep Reason: System Idle"
Information	20-10-2021 13:48:27	Microsoft-Windows-Kernel-Power	566	(268)	"The system session has transitioned from 150 to 152.

Reason: 5"
Information	20-10-2021 13:46:41	Microsoft-Windows-Kernel-Power	566	(268)	"The system session has transitioned from 149 to 150.

Reason: 5"
Warning	20-10-2021 12:58:38	Microsoft-Windows-DistributedCOM	10016	None	"The application-specific permission settings do not grant Local Activation permission for the COM Server application with CLSID 
{2593F8B9-4EAF-457C-B68A-50F6B8EA6B54}
 and APPID 
{15C20B67-12E7-4BB6-92BB-7AFF07997402}
 to the user LAPTOP-7EVMU4TQ\mahendra SID (S-1-5-21-38077573-387163758-1783380300-1002) from address LocalHost (Using LRPC) running in the application container Unavailable SID (Unavailable). This security permission can be modified using the Component Services administrative tool."
Information	20-10-2021 12:57:10	Microsoft-Windows-Kernel-Power	105	(100)	Power source change.
Information	20-10-2021 12:42:14	Microsoft-Windows-Kernel-Power	105	(100)	Power source change.
Information	20-10-2021 12:00:00	EventLog	6013	None	The system uptime is 411252 seconds.
Warning	20-10-2021 11:44:27	Microsoft-Windows-DistributedCOM	10016	None	"The application-specific permission settings do not grant Local Activation permission for the COM Server application with CLSID 
{2593F8B9-4EAF-457C-B68A-50F6B8EA6B54}
 and APPID 
{15C20B67-12E7-4BB6-92BB-7AFF07997402}
 to the user LAPTOP-7EVMU4TQ\mahendra SID (S-1-5-21-38077573-387163758-1783380300-1002) from address LocalHost (Using LRPC) running in the application container Unavailable SID (Unavailable). This security permission can be modified using the Component Services administrative tool."
Warning	20-10-2021 11:40:50	Microsoft-Windows-DistributedCOM	10016	None	"The application-specific permission settings do not grant Local Activation permission for the COM Server application with CLSID 
{2593F8B9-4EAF-457C-B68A-50F6B8EA6B54}
 and APPID 
{15C20B67-12E7-4BB6-92BB-7AFF07997402}
 to the user LAPTOP-7EVMU4TQ\mahendra SID (S-1-5-21-38077573-387163758-1783380300-1002) from address LocalHost (Using LRPC) running in the application container Unavailable SID (Unavailable). This security permission can be modified using the Component Services administrative tool."
Warning	20-10-2021 11:40:33	Microsoft-Windows-DistributedCOM	10016	None	"The application-specific permission settings do not grant Local Activation permission for the COM Server application with CLSID 
{2593F8B9-4EAF-457C-B68A-50F6B8EA6B54}
 and APPID 
{15C20B67-12E7-4BB6-92BB-7AFF07997402}
 to the user LAPTOP-7EVMU4TQ\mahendra SID (S-1-5-21-38077573-387163758-1783380300-1002) from address LocalHost (Using LRPC) running in the application container Unavailable SID (Unavailable). This security permission can be modified using the Component Services administrative tool."
Warning	20-10-2021 11:31:14	Microsoft-Windows-DNS-Client	1014	(1014)	Name resolution for the name ipv4only.arpa. timed out after none of the configured DNS servers responded. Client PID 23868.
Warning	20-10-2021 09:53:28	Microsoft-Windows-DistributedCOM	10016	None	"The application-specific permission settings do not grant Local Activation permission for the COM Server application with CLSID 
{2593F8B9-4EAF-457C-B68A-50F6B8EA6B54}
 and APPID 
{15C20B67-12E7-4BB6-92BB-7AFF07997402}
 to the user LAPTOP-7EVMU4TQ\mahendra SID (S-1-5-21-38077573-387163758-1783380300-1002) from address LocalHost (Using LRPC) running in the application container Unavailable SID (Unavailable). This security permission can be modified using the Component Services administrative tool."
Information	20-10-2021 09:52:53	Microsoft-Windows-Kernel-Power	566	(268)	"The system session has transitioned from 147 to 149.

Reason: 5"
Information	20-10-2021 09:47:22	Microsoft-Windows-Kernel-Power	566	(268)	"The system session has transitioned from 146 to 147.

Reason: 5"
Information	20-10-2021 09:42:33	Microsoft-Windows-WindowsUpdateClient	19	Windows Update Agent	Installation Successful: Windows successfully installed the following update: 9NBLGGH42THS-Microsoft.Microsoft3DViewer
Information	20-10-2021 09:42:20	Microsoft-Windows-WindowsUpdateClient	43	Windows Update Agent	Installation Started: Windows has started installing the following update: 9NBLGGH42THS-Microsoft.Microsoft3DViewer
Information	20-10-2021 09:42:10	Microsoft-Windows-WindowsUpdateClient	44	Windows Update Agent	Windows Update started downloading an update.
Information	20-10-2021 09:42:06	Microsoft-Windows-WindowsUpdateClient	44	Windows Update Agent	Windows Update started downloading an update.
Information	20-10-2021 09:42:06	Microsoft-Windows-WindowsUpdateClient	44	Windows Update Agent	Windows Update started downloading an update.
Warning	20-10-2021 09:29:53	Microsoft-Windows-DistributedCOM	10016	None	"The application-specific permission settings do not grant Local Activation permission for the COM Server application with CLSID 
{2593F8B9-4EAF-457C-B68A-50F6B8EA6B54}
 and APPID 
{15C20B67-12E7-4BB6-92BB-7AFF07997402}
 to the user LAPTOP-7EVMU4TQ\mahendra SID (S-1-5-21-38077573-387163758-1783380300-1002) from address LocalHost (Using LRPC) running in the application container Unavailable SID (Unavailable). This security permission can be modified using the Component Services administrative tool."
Information	20-10-2021 09:12:01	Service Control Manager	7040	None	The start type of the Background Intelligent Transfer Service service was changed from auto start to demand start.
Information	20-10-2021 09:09:20	Service Control Manager	7040	None	The start type of the Background Intelligent Transfer Service service was changed from demand start to auto start.
Warning	20-10-2021 09:08:04	Microsoft-Windows-DistributedCOM	10016	None	"The application-specific permission settings do not grant Local Activation permission for the COM Server application with CLSID 
{2593F8B9-4EAF-457C-B68A-50F6B8EA6B54}
 and APPID 
{15C20B67-12E7-4BB6-92BB-7AFF07997402}
 to the user LAPTOP-7EVMU4TQ\mahendra SID (S-1-5-21-38077573-387163758-1783380300-1002) from address LocalHost (Using LRPC) running in the application container Unavailable SID (Unavailable). This security permission can be modified using the Component Services administrative tool."
Warning	20-10-2021 09:07:21	Microsoft-Windows-DistributedCOM	10016	None	"The application-specific permission settings do not grant Local Activation permission for the COM Server application with CLSID 
{2593F8B9-4EAF-457C-B68A-50F6B8EA6B54}
 and APPID 
{15C20B67-12E7-4BB6-92BB-7AFF07997402}
 to the user LAPTOP-7EVMU4TQ\mahendra SID (S-1-5-21-38077573-387163758-1783380300-1002) from address LocalHost (Using LRPC) running in the application container Unavailable SID (Unavailable). This security permission can be modified using the Component Services administrative tool."
Warning	20-10-2021 09:01:51	Microsoft-Windows-DistributedCOM	10016	None	"The application-specific permission settings do not grant Local Activation permission for the COM Server application with CLSID 
{2593F8B9-4EAF-457C-B68A-50F6B8EA6B54}
 and APPID 
{15C20B67-12E7-4BB6-92BB-7AFF07997402}
 to the user LAPTOP-7EVMU4TQ\mahendra SID (S-1-5-21-38077573-387163758-1783380300-1002) from address LocalHost (Using LRPC) running in the application container Unavailable SID (Unavailable). This security permission can be modified using the Component Services administrative tool."
Error	20-10-2021 09:01:30	Server	2505	None	The server could not bind to the transport \Device\NetBT_Tcpip_{9F961AE3-9423-4C8B-AB48-B1886999008B} because another computer on the network has the same name.  The server could not start.
Information	20-10-2021 08:51:57	Microsoft-Windows-Kernel-General	16	None	The access history in hive \??\C:\ProgramData\Packages\AD2F1837.HPSystemEventUtility_v10z8vjag6ke6\S-1-5-21-38077573-387163758-1783380300-1002\SystemAppData\Helium\Cache\f866bdc619b5f66a_COM15.dat was cleared updating 1 keys and creating 1 modified pages.
Information	20-10-2021 08:51:57	Microsoft-Windows-Kernel-General	16	None	The access history in hive \??\C:\Users\mahendra\AppData\Local\Packages\AD2F1837.HPSystemEventUtility_v10z8vjag6ke6\SystemAppData\Helium\UserClasses.dat was cleared updating 1 keys and creating 1 modified pages.
Information	20-10-2021 08:51:57	Microsoft-Windows-Kernel-General	16	None	The access history in hive \??\C:\Users\mahendra\AppData\Local\Packages\AD2F1837.HPSystemEventUtility_v10z8vjag6ke6\SystemAppData\Helium\User.dat was cleared updating 12 keys and creating 1 modified pages.
Information	20-10-2021 08:51:53	Microsoft-Windows-Kernel-General	16	None	The access history in hive \??\C:\Users\mahendra\AppData\Local\Packages\AD2F1837.HPJumpStarts_v10z8vjag6ke6\Settings\settings.dat was cleared updating 4 keys and creating 1 modified pages.
Information	20-10-2021 08:51:26	Service Control Manager	7040	None	The start type of the Background Intelligent Transfer Service service was changed from auto start to demand start.
Warning	20-10-2021 08:50:39	Microsoft-Windows-DistributedCOM	10016	None	"The application-specific permission settings do not grant Local Activation permission for the COM Server application with CLSID 
{6B3B8D23-FA8D-40B9-8DBD-B950333E2C52}
 and APPID 
{4839DDB7-58C2-48F5-8283-E1D1807D0D7D}
 to the user NT AUTHORITY\LOCAL SERVICE SID (S-1-5-19) from address LocalHost (Using LRPC) running in the application container Unavailable SID (Unavailable). This security permission can be modified using the Component Services administrative tool."
Warning	20-10-2021 08:50:39	Microsoft-Windows-DistributedCOM	10016	None	"The application-specific permission settings do not grant Local Activation permission for the COM Server application with CLSID 
{6B3B8D23-FA8D-40B9-8DBD-B950333E2C52}
 and APPID 
{4839DDB7-58C2-48F5-8283-E1D1807D0D7D}
 to the user NT AUTHORITY\LOCAL SERVICE SID (S-1-5-19) from address LocalHost (Using LRPC) running in the application container Unavailable SID (Unavailable). This security permission can be modified using the Component Services administrative tool."
Information	20-10-2021 08:50:21	Microsoft-Windows-Winlogon	7001	(1101)	User Logon Notification for Customer Experience Improvement Program
Information	20-10-2021 08:49:21	Service Control Manager	7040	None	The start type of the Background Intelligent Transfer Service service was changed from demand start to auto start.
Information	20-10-2021 08:46:15	Microsoft-Windows-WindowsUpdateClient	19	Windows Update Agent	Installation Successful: Windows successfully installed the following update: Security Intelligence Update for Microsoft Defender Antivirus - KB2267602 (Version 1.351.731.0)
Information	20-10-2021 08:45:52	Microsoft-Windows-WindowsUpdateClient	43	Windows Update Agent	Installation Started: Windows has started installing the following update: Security Intelligence Update for Microsoft Defender Antivirus - KB2267602 (Version 1.351.731.0)
Information	20-10-2021 08:45:47	Microsoft-Windows-WindowsUpdateClient	44	Windows Update Agent	Windows Update started downloading an update.
