Warning	12-11-2021 20:25:02	Microsoft-Windows-DNS-Client	1014	(1014)	Name resolution for the name tile-service.weather.microsoft.com timed out after none of the configured DNS servers responded. Client PID 13292.
Information	12-11-2021 20:24:52	Microsoft-Windows-Power-Troubleshooter	1	None	"The system has returned from a low power state.

Sleep Time: ‎2021‎-‎11‎-‎12T14:44:09.124638700Z
Wake Time: ‎2021‎-‎11‎-‎12T14:54:46.965430600Z

Wake Source: Power Button"
Information	12-11-2021 20:24:46	Microsoft-Windows-Kernel-Power	566	(268)	"The system session has transitioned from 71 to 73.

Reason: 11"
Error	12-11-2021 20:24:51	Server	2505	None	The server could not bind to the transport \Device\NetBT_Tcpip_{9F961AE3-9423-4C8B-AB48-B1886999008B} because another computer on the network has the same name.  The server could not start.
Information	12-11-2021 20:24:45	Microsoft-Windows-Kernel-Power	566	(268)	"The system session has transitioned from 70 to 71.

Reason: 11"
Information	12-11-2021 20:24:44	Microsoft-Windows-Kernel-Power	130	(33)	Firmware S3 times. SuspendStart: 50166487, SuspendEnd: 50166488
Information	12-11-2021 20:24:44	Microsoft-Windows-Kernel-Power	131	(33)	Firmware S3 times. ResumeCount: 5, FullResume: 1033, AverageResume: 1033
Error	12-11-2021 20:24:50	Server	2505	None	The server could not bind to the transport \Device\NetBT_Tcpip_{59426481-F96A-490F-9157-08A6F626BD36} because another computer on the network has the same name.  The server could not start.
Information	12-11-2021 20:24:44	Microsoft-Windows-Kernel-General	1	(5)	"The system time has changed to ‎2021‎-‎11‎-‎12T14:54:44.500000000Z from ‎2021‎-‎11‎-‎12T14:44:23.773318400Z.

Change Reason: System time synchronized with the hardware clock.
Process: '' (PID 4).

RTC time: ‎2021‎-‎11‎-‎12T20:24:44.500000000Z
Current time zone bias: -330
RTC time is in UTC: false
System time was based on RTC time: false"
Information	12-11-2021 20:14:23	Microsoft-Windows-Kernel-Power	107	(102)	The system has resumed from sleep.
Information	12-11-2021 20:14:19	Microsoft-Windows-Kernel-Power	42	(64)	"The system is entering sleep.

Sleep Reason: System Idle"
Information	12-11-2021 20:14:10	Microsoft-Windows-Kernel-Power	566	(268)	"The system session has transitioned from 68 to 70.

Reason: 11"
Information	12-11-2021 20:03:56	Microsoft-Windows-Kernel-Power	566	(268)	"The system session has transitioned from 67 to 68.

Reason: 11"
Information	12-11-2021 20:03:54	Microsoft-Windows-Kernel-General	16	None	The access history in hive \??\C:\Users\mahendra\AppData\Local\Packages\Microsoft.Windows.ContentDeliveryManager_cw5n1h2txyewy\Settings\settings.dat was cleared updating 3992 keys and creating 167 modified pages.
Warning	12-11-2021 19:36:03	Microsoft-Windows-DistributedCOM	10016	None	"The application-specific permission settings do not grant Local Activation permission for the COM Server application with CLSID 
{2593F8B9-4EAF-457C-B68A-50F6B8EA6B54}
 and APPID 
{15C20B67-12E7-4BB6-92BB-7AFF07997402}
 to the user LAPTOP-7EVMU4TQ\mahendra SID (S-1-5-21-38077573-387163758-1783380300-1002) from address LocalHost (Using LRPC) running in the application container Unavailable SID (Unavailable). This security permission can be modified using the Component Services administrative tool."
Warning	12-11-2021 19:20:31	Microsoft-Windows-DNS-Client	1014	(1014)	Name resolution for the name chrome.cloudflare-dns.com timed out after none of the configured DNS servers responded. Client PID 11672.
Error	12-11-2021 19:20:19	Server	2505	None	The server could not bind to the transport \Device\NetBT_Tcpip_{9F961AE3-9423-4C8B-AB48-B1886999008B} because another computer on the network has the same name.  The server could not start.
Warning	12-11-2021 19:20:16	Microsoft-Windows-DNS-Client	1014	(1014)	Name resolution for the name client.wns.windows.com timed out after none of the configured DNS servers responded. Client PID 4876.
Warning	12-11-2021 19:02:45	Microsoft-Windows-DistributedCOM	10016	None	"The application-specific permission settings do not grant Local Activation permission for the COM Server application with CLSID 
{2593F8B9-4EAF-457C-B68A-50F6B8EA6B54}
 and APPID 
{15C20B67-12E7-4BB6-92BB-7AFF07997402}
 to the user LAPTOP-7EVMU4TQ\mahendra SID (S-1-5-21-38077573-387163758-1783380300-1002) from address LocalHost (Using LRPC) running in the application container Unavailable SID (Unavailable). This security permission can be modified using the Component Services administrative tool."
Information	12-11-2021 18:28:22	Microsoft-Windows-Kernel-Power	566	(268)	"The system session has transitioned from 65 to 67.

Reason: 11"
Information	12-11-2021 18:28:15	Microsoft-Windows-Kernel-Power	566	(268)	"The system session has transitioned from 64 to 65.

Reason: 11"
Warning	12-11-2021 18:20:25	Microsoft-Windows-DNS-Client	1014	(1014)	Name resolution for the name chrome.cloudflare-dns.com timed out after none of the configured DNS servers responded. Client PID 11672.
Error	12-11-2021 18:20:13	Server	2505	None	The server could not bind to the transport \Device\NetBT_Tcpip_{9F961AE3-9423-4C8B-AB48-B1886999008B} because another computer on the network has the same name.  The server could not start.
Error	12-11-2021 18:19:12	Server	2505	None	The server could not bind to the transport \Device\NetBT_Tcpip_{9F961AE3-9423-4C8B-AB48-B1886999008B} because another computer on the network has the same name.  The server could not start.
Warning	12-11-2021 17:54:08	Microsoft-Windows-DNS-Client	1014	(1014)	Name resolution for the name trouter2-azsc-krce-2-a.trouter.teams.microsoft.com timed out after none of the configured DNS servers responded. Client PID 11680.
Information	12-11-2021 17:42:55	Service Control Manager	7040	None	The start type of the Background Intelligent Transfer Service service was changed from auto start to demand start.
Warning	12-11-2021 17:42:27	Microsoft-Windows-DNS-Client	1014	(1014)	Name resolution for the name optimizationguide-pa.googleapis.com timed out after none of the configured DNS servers responded. Client PID 18804.
Information	12-11-2021 17:40:18	Service Control Manager	7040	None	The start type of the Background Intelligent Transfer Service service was changed from demand start to auto start.
Warning	12-11-2021 17:39:15	Microsoft-Windows-DistributedCOM	10016	None	"The application-specific permission settings do not grant Local Activation permission for the COM Server application with CLSID 
{2593F8B9-4EAF-457C-B68A-50F6B8EA6B54}
 and APPID 
{15C20B67-12E7-4BB6-92BB-7AFF07997402}
 to the user LAPTOP-7EVMU4TQ\mahendra SID (S-1-5-21-38077573-387163758-1783380300-1002) from address LocalHost (Using LRPC) running in the application container Unavailable SID (Unavailable). This security permission can be modified using the Component Services administrative tool."
Warning	12-11-2021 17:38:59	Microsoft-Windows-DistributedCOM	10016	None	"The application-specific permission settings do not grant Local Activation permission for the COM Server application with CLSID 
{2593F8B9-4EAF-457C-B68A-50F6B8EA6B54}
 and APPID 
{15C20B67-12E7-4BB6-92BB-7AFF07997402}
 to the user LAPTOP-7EVMU4TQ\mahendra SID (S-1-5-21-38077573-387163758-1783380300-1002) from address LocalHost (Using LRPC) running in the application container Unavailable SID (Unavailable). This security permission can be modified using the Component Services administrative tool."
Information	12-11-2021 16:23:28	Service Control Manager	7040	None	The start type of the Background Intelligent Transfer Service service was changed from auto start to demand start.
Information	12-11-2021 16:21:05	Microsoft-Windows-Power-Troubleshooter	1	None	"The system has returned from a low power state.

Sleep Time: ‎2021‎-‎11‎-‎12T10:27:23.190132600Z
Wake Time: ‎2021‎-‎11‎-‎12T10:50:57.330843900Z

Wake Source: Power Button"
Error	12-11-2021 16:21:01	Server	2505	None	The server could not bind to the transport \Device\NetBT_Tcpip_{9F961AE3-9423-4C8B-AB48-B1886999008B} because another computer on the network has the same name.  The server could not start.
Information	12-11-2021 16:20:57	Microsoft-Windows-Kernel-Power	566	(268)	"The system session has transitioned from 62 to 64.

Reason: 11"
Information	12-11-2021 16:20:56	Microsoft-Windows-Kernel-Power	566	(268)	"The system session has transitioned from 61 to 62.

Reason: 11"
Error	12-11-2021 16:20:59	Server	2505	None	The server could not bind to the transport \Device\NetBT_Tcpip_{59426481-F96A-490F-9157-08A6F626BD36} because another computer on the network has the same name.  The server could not start.
Information	12-11-2021 16:20:55	Microsoft-Windows-Kernel-Power	105	(100)	Power source change.
Information	12-11-2021 16:20:54	Microsoft-Windows-Kernel-Power	130	(33)	Firmware S3 times. SuspendStart: 36170444, SuspendEnd: 36170445
Information	12-11-2021 16:20:54	Microsoft-Windows-Kernel-Power	131	(33)	Firmware S3 times. ResumeCount: 4, FullResume: 1033, AverageResume: 1032
Information	12-11-2021 16:20:54	Microsoft-Windows-Kernel-General	1	(5)	"The system time has changed to ‎2021‎-‎11‎-‎12T10:50:54.500000000Z from ‎2021‎-‎11‎-‎12T10:27:38.540968500Z.

Change Reason: System time synchronized with the hardware clock.
Process: '' (PID 4).

RTC time: ‎2021‎-‎11‎-‎12T16:20:54.500000000Z
Current time zone bias: -330
RTC time is in UTC: false
System time was based on RTC time: false"
Information	12-11-2021 15:57:38	Microsoft-Windows-Kernel-Power	107	(102)	The system has resumed from sleep.
Information	12-11-2021 15:57:33	Microsoft-Windows-Kernel-Power	42	(64)	"The system is entering sleep.

Sleep Reason: System Idle"
Information	12-11-2021 15:57:25	Microsoft-Windows-Kernel-Power	566	(268)	"The system session has transitioned from 59 to 61.

Reason: 11"
Information	12-11-2021 15:56:57	Microsoft-Windows-Kernel-Power	566	(268)	"The system session has transitioned from 58 to 59.

Reason: 11"
Information	12-11-2021 15:56:30	Service Control Manager	7040	None	The start type of the Background Intelligent Transfer Service service was changed from demand start to auto start.
Warning	12-11-2021 15:56:15	Microsoft-Windows-DNS-Client	1014	(1014)	Name resolution for the name mrodevicemgr.officeapps.live.com timed out after none of the configured DNS servers responded. Client PID 5572.
Warning	12-11-2021 15:47:55	Tcpip	4227	None	TCP/IP failed to establish an outgoing connection because the selected local endpoint was recently used to connect to the same remote endpoint. This error typically occurs when outgoing connections are opened and closed at a high rate, causing all available local ports to be used and forcing TCP/IP to reuse a local port for an outgoing connection. To minimize the risk of data corruption, the TCP/IP standard requires a minimum time period to elapse between successive connections from a given local endpoint to a given remote endpoint.
Error	12-11-2021 15:47:55	Server	2505	None	The server could not bind to the transport \Device\NetBT_Tcpip_{9F961AE3-9423-4C8B-AB48-B1886999008B} because another computer on the network has the same name.  The server could not start.
Warning	12-11-2021 15:39:26	Tcpip	4227	None	TCP/IP failed to establish an outgoing connection because the selected local endpoint was recently used to connect to the same remote endpoint. This error typically occurs when outgoing connections are opened and closed at a high rate, causing all available local ports to be used and forcing TCP/IP to reuse a local port for an outgoing connection. To minimize the risk of data corruption, the TCP/IP standard requires a minimum time period to elapse between successive connections from a given local endpoint to a given remote endpoint.
Error	12-11-2021 15:39:24	Server	2505	None	The server could not bind to the transport \Device\NetBT_Tcpip_{9F961AE3-9423-4C8B-AB48-B1886999008B} because another computer on the network has the same name.  The server could not start.
Information	12-11-2021 15:25:04	Microsoft-Windows-Kernel-Power	105	(100)	Power source change.
Error	12-11-2021 15:16:21	Server	2505	None	The server could not bind to the transport \Device\NetBT_Tcpip_{9F961AE3-9423-4C8B-AB48-B1886999008B} because another computer on the network has the same name.  The server could not start.
Error	12-11-2021 14:55:57	Service Control Manager	7009	None	A timeout was reached (30000 milliseconds) while waiting for the Intel(R) SUR QC Software Asset Manager service to connect.
Information	12-11-2021 14:41:38	Microsoft-Windows-Kernel-General	1	(5)	"The system time has changed to ‎2021‎-‎11‎-‎12T09:11:38.806581400Z from ‎2021‎-‎11‎-‎12T09:11:38.806150000Z.

Change Reason: An application or system component changed the time.
Process: '\Device\HarddiskVolume3\Windows\System32\svchost.exe' (PID 16472).

RTC time: ‎2021‎-‎11‎-‎12T14:41:38.806581400Z
Current time zone bias: -330
RTC time is in UTC: false
System time was based on RTC time: false"
Information	12-11-2021 14:41:38	Microsoft-Windows-Kernel-General	24	(11)	The time zone information was refreshed with exit reason 0. Current time zone bias is -330.
Information	12-11-2021 14:41:38	Microsoft-Windows-Time-Service	158	None	The time provider 'VMICTimeProvider' has indicated that the current hardware and operating environment is not supported and has stopped. This behavior is expected for VMICTimeProvider on non-HyperV-guest environments. This may be the expected behavior for the current provider in the current operating environment as well.
Information	12-11-2021 14:41:38	Microsoft-Windows-Time-Service	35	None	The time service is now synchronizing the system time with the time source time.windows.com,0x9 (ntp.m|0x9|0.0.0.0:123->40.81.94.65:123) with reference id 1096700200. Current local stratum number is 4.
Information	12-11-2021 14:41:38	Microsoft-Windows-Time-Service	37	None	The time provider NtpClient is currently receiving valid time data from time.windows.com,0x9 (ntp.m|0x9|0.0.0.0:123->40.81.94.65:123).
Error	12-11-2021 14:27:23	Server	2505	None	The server could not bind to the transport \Device\NetBT_Tcpip_{9F961AE3-9423-4C8B-AB48-B1886999008B} because another computer on the network has the same name.  The server could not start.
Information	12-11-2021 14:26:43	Microsoft-Windows-Power-Troubleshooter	1	None	"The system has returned from a low power state.

Sleep Time: ‎2021‎-‎11‎-‎12T08:49:50.765303500Z
Wake Time: ‎2021‎-‎11‎-‎12T08:56:38.924610500Z

Wake Source: Power Button"
Error	12-11-2021 14:26:42	Server	2505	None	The server could not bind to the transport \Device\NetBT_Tcpip_{59426481-F96A-490F-9157-08A6F626BD36} because another computer on the network has the same name.  The server could not start.
Information	12-11-2021 14:26:38	Microsoft-Windows-Kernel-Power	566	(268)	"The system session has transitioned from 56 to 58.

Reason: 11"
Information	12-11-2021 14:26:38	Microsoft-Windows-Time-Service	158	None	The time provider 'VMICTimeProvider' has indicated that the current hardware and operating environment is not supported and has stopped. This behavior is expected for VMICTimeProvider on non-HyperV-guest environments. This may be the expected behavior for the current provider in the current operating environment as well.
Warning	12-11-2021 14:26:38	Microsoft-Windows-Time-Service	134	None	NtpClient was unable to set a manual peer to use as a time source because of DNS resolution error on 'time.windows.com,0x9'. NtpClient will try again in 15 minutes and double the reattempt interval thereafter. The error was: No such host is known. (0x80072AF9)
Information	12-11-2021 14:26:37	Microsoft-Windows-Kernel-Power	566	(268)	"The system session has transitioned from 55 to 56.

Reason: 11"
Information	12-11-2021 14:26:36	Microsoft-Windows-Kernel-Power	130	(33)	Firmware S3 times. SuspendStart: 30713557, SuspendEnd: 30713558
Information	12-11-2021 14:26:36	Microsoft-Windows-Kernel-Power	131	(33)	Firmware S3 times. ResumeCount: 3, FullResume: 1036, AverageResume: 1032
Information	12-11-2021 14:26:36	Microsoft-Windows-Kernel-General	1	(5)	"The system time has changed to ‎2021‎-‎11‎-‎12T08:56:36.500000000Z from ‎2021‎-‎11‎-‎12T08:50:04.091235600Z.

Change Reason: System time synchronized with the hardware clock.
Process: '' (PID 4).

RTC time: ‎2021‎-‎11‎-‎12T14:26:36.500000000Z
Current time zone bias: -330
RTC time is in UTC: false
System time was based on RTC time: false"
Information	12-11-2021 14:20:04	Microsoft-Windows-Kernel-Power	107	(102)	The system has resumed from sleep.
Information	12-11-2021 14:19:59	Microsoft-Windows-Kernel-Power	42	(64)	"The system is entering sleep.

Sleep Reason: System Idle"
Information	12-11-2021 14:19:51	Microsoft-Windows-Kernel-Power	566	(268)	"The system session has transitioned from 53 to 55.

Reason: 11"
Information	12-11-2021 14:10:05	Service Control Manager	7040	None	The start type of the Windows Modules Installer service was changed from auto start to demand start.
Information	12-11-2021 14:09:41	Microsoft-Windows-Kernel-Power	566	(268)	"The system session has transitioned from 52 to 53.

Reason: 11"
Information	12-11-2021 14:09:06	Service Control Manager	7040	None	The start type of the Windows Modules Installer service was changed from demand start to auto start.
Warning	12-11-2021 14:08:44	Microsoft-Windows-Time-Service	134	None	NtpClient was unable to set a manual peer to use as a time source because of DNS resolution error on 'time.windows.com,0x9'. NtpClient will try again in 15 minutes and double the reattempt interval thereafter. The error was: No such host is known. (0x80072AF9)
Information	12-11-2021 14:08:44	Microsoft-Windows-Time-Service	158	None	The time provider 'VMICTimeProvider' has indicated that the current hardware and operating environment is not supported and has stopped. This behavior is expected for VMICTimeProvider on non-HyperV-guest environments. This may be the expected behavior for the current provider in the current operating environment as well.
Information	12-11-2021 13:58:12	Microsoft-Windows-Power-Troubleshooter	1	None	"The system has returned from a low power state.

Sleep Time: ‎2021‎-‎11‎-‎12T07:54:56.915556800Z
Wake Time: ‎2021‎-‎11‎-‎12T08:28:06.904034200Z

Wake Source: Power Button"
Error	12-11-2021 13:58:10	Server	2505	None	The server could not bind to the transport \Device\NetBT_Tcpip_{59426481-F96A-490F-9157-08A6F626BD36} because another computer on the network has the same name.  The server could not start.
Information	12-11-2021 13:58:06	Microsoft-Windows-Kernel-Power	566	(268)	"The system session has transitioned from 50 to 52.

Reason: 11"
Information	12-11-2021 13:58:06	Microsoft-Windows-Kernel-Power	566	(268)	"The system session has transitioned from 49 to 50.

Reason: 11"
Information	12-11-2021 13:58:05	Microsoft-Windows-Kernel-Power	130	(33)	Firmware S3 times. SuspendStart: 29396205, SuspendEnd: 29396206
Information	12-11-2021 13:58:05	Microsoft-Windows-Kernel-Power	131	(33)	Firmware S3 times. ResumeCount: 2, FullResume: 1030, AverageResume: 1030
Information	12-11-2021 13:58:05	Microsoft-Windows-Kernel-General	1	(5)	"The system time has changed to ‎2021‎-‎11‎-‎12T08:28:05.500000000Z from ‎2021‎-‎11‎-‎12T07:55:11.662901400Z.

Change Reason: System time synchronized with the hardware clock.
Process: '' (PID 4).

RTC time: ‎2021‎-‎11‎-‎12T13:58:05.500000000Z
Current time zone bias: -330
RTC time is in UTC: false
System time was based on RTC time: false"
Information	12-11-2021 13:25:11	Microsoft-Windows-Kernel-Power	107	(102)	The system has resumed from sleep.
Information	12-11-2021 13:25:07	Microsoft-Windows-Kernel-Power	42	(64)	"The system is entering sleep.

Sleep Reason: System Idle"
Information	12-11-2021 13:24:57	Microsoft-Windows-Kernel-Power	566	(268)	"The system session has transitioned from 47 to 49.

Reason: 11"
Information	12-11-2021 13:05:31	Microsoft-Windows-Kernel-Power	566	(268)	"The system session has transitioned from 46 to 47.

Reason: 11"
Information	12-11-2021 13:04:31	Microsoft-Windows-Kernel-Power	566	(268)	"The system session has transitioned from 44 to 46.

Reason: 11"
Information	12-11-2021 13:02:36	Microsoft-Windows-Kernel-Power	566	(268)	"The system session has transitioned from 43 to 44.

Reason: 11"
Information	12-11-2021 13:01:35	Microsoft-Windows-Kernel-Power	566	(268)	"The system session has transitioned from 41 to 43.

Reason: 11"
Information	12-11-2021 12:57:13	Microsoft-Windows-Kernel-Power	566	(268)	"The system session has transitioned from 40 to 41.

Reason: 11"
Information	12-11-2021 12:56:12	Microsoft-Windows-Kernel-Power	566	(268)	"The system session has transitioned from 38 to 40.

Reason: 11"
Information	12-11-2021 12:49:14	Microsoft-Windows-Kernel-Power	566	(268)	"The system session has transitioned from 37 to 38.

Reason: 11"
Information	12-11-2021 12:47:05	Microsoft-Windows-Kernel-Power	566	(268)	"The system session has transitioned from 35 to 37.

Reason: 11"
Information	12-11-2021 12:46:32	Microsoft-Windows-Kernel-Power	566	(268)	"The system session has transitioned from 34 to 35.

Reason: 11"
Information	12-11-2021 12:39:02	Microsoft-Windows-Kernel-Power	566	(268)	"The system session has transitioned from 32 to 34.

Reason: 11"
Information	12-11-2021 12:38:59	Microsoft-Windows-Kernel-Power	566	(268)	"The system session has transitioned from 31 to 32.

Reason: 11"
Information	12-11-2021 12:37:56	Microsoft-Windows-Kernel-Power	566	(268)	"The system session has transitioned from 29 to 31.

Reason: 11"
Information	12-11-2021 12:37:48	Microsoft-Windows-Kernel-Power	566	(268)	"The system session has transitioned from 28 to 29.

Reason: 11"
Information	12-11-2021 12:35:45	Microsoft-Windows-Kernel-Power	566	(268)	"The system session has transitioned from 26 to 28.

Reason: 11"
Information	12-11-2021 12:35:08	Microsoft-Windows-Kernel-Power	566	(268)	"The system session has transitioned from 25 to 26.

Reason: 11"
Information	12-11-2021 12:33:25	Microsoft-Windows-Kernel-Power	566	(268)	"The system session has transitioned from 23 to 25.

Reason: 11"
Information	12-11-2021 12:21:00	Microsoft-Windows-Kernel-Power	566	(268)	"The system session has transitioned from 22 to 23.

Reason: 11"
Information	12-11-2021 12:20:00	Microsoft-Windows-Kernel-Power	566	(268)	"The system session has transitioned from 20 to 22.

Reason: 11"
Information	12-11-2021 12:16:59	Microsoft-Windows-Kernel-Power	566	(268)	"The system session has transitioned from 19 to 20.

Reason: 11"
Information	12-11-2021 12:12:48	Microsoft-Windows-Kernel-Power	566	(268)	"The system session has transitioned from 17 to 19.

Reason: 11"
Information	12-11-2021 12:12:35	Microsoft-Windows-Kernel-Power	566	(268)	"The system session has transitioned from 16 to 17.

Reason: 11"
Information	12-11-2021 12:11:02	Microsoft-Windows-Power-Troubleshooter	1	None	"The system has returned from a low power state.

Sleep Time: ‎2021‎-‎11‎-‎12T06:34:30.945482200Z
Wake Time: ‎2021‎-‎11‎-‎12T06:40:07.085292900Z

Wake Source: Power Button"
Error	12-11-2021 12:10:54	Service Control Manager	7011	None	A timeout (30000 milliseconds) was reached while waiting for a transaction response from the HPAppHelperCap service.
Error	12-11-2021 12:10:51	Service Control Manager	7000	None	"The Group Policy Client service failed to start due to the following error: 
The service did not respond to the start or control request in a timely fashion."
Error	12-11-2021 12:10:51	Service Control Manager	7009	None	A timeout was reached (30000 milliseconds) while waiting for the Group Policy Client service to connect.
Information	12-11-2021 12:10:08	Microsoft-Windows-Kernel-Power	566	(268)	"The system session has transitioned from 14 to 16.

Reason: 11"
Error	12-11-2021 12:09:56	Server	2505	None	The server could not bind to the transport \Device\NetBT_Tcpip_{59426481-F96A-490F-9157-08A6F626BD36} because another computer on the network has the same name.  The server could not start.
Information	12-11-2021 12:09:48	Microsoft-Windows-Kernel-Power	566	(268)	"The system session has transitioned from 13 to 14.

Reason: 11"
Information	12-11-2021 12:09:46	Microsoft-Windows-Kernel-Power	130	(33)	Firmware S3 times. SuspendStart: 24875310, SuspendEnd: 24875311
Information	12-11-2021 12:09:46	Microsoft-Windows-Kernel-Power	131	(33)	Firmware S3 times. ResumeCount: 1, FullResume: 1031, AverageResume: 1031
Information	12-11-2021 12:09:46	Microsoft-Windows-Kernel-General	1	(5)	"The system time has changed to ‎2021‎-‎11‎-‎12T06:39:46.500000000Z from ‎2021‎-‎11‎-‎12T06:35:50.449632400Z.

Change Reason: System time synchronized with the hardware clock.
Process: '' (PID 4).

RTC time: ‎2021‎-‎11‎-‎12T12:09:46.500000000Z
Current time zone bias: -330
RTC time is in UTC: false
System time was based on RTC time: false"
Information	12-11-2021 12:05:50	Microsoft-Windows-Kernel-Power	107	(102)	The system has resumed from sleep.
Information	12-11-2021 12:05:43	Microsoft-Windows-Kernel-Power	42	(64)	"The system is entering sleep.

Sleep Reason: System Idle"
Information	12-11-2021 12:04:49	Microsoft-Windows-Kernel-Power	566	(268)	"The system session has transitioned from 11 to 13.

Reason: 11"
Information	12-11-2021 12:01:10	Microsoft-Windows-Kernel-Power	566	(268)	"The system session has transitioned from 10 to 11.

Reason: 11"
Information	12-11-2021 12:00:00	EventLog	6013	None	The system uptime is 60272 seconds.
Warning	12-11-2021 11:01:24	Microsoft-Windows-DistributedCOM	10016	None	"The application-specific permission settings do not grant Local Activation permission for the COM Server application with CLSID 
{2593F8B9-4EAF-457C-B68A-50F6B8EA6B54}
 and APPID 
{15C20B67-12E7-4BB6-92BB-7AFF07997402}
 to the user LAPTOP-7EVMU4TQ\mahendra SID (S-1-5-21-38077573-387163758-1783380300-1002) from address LocalHost (Using LRPC) running in the application container Unavailable SID (Unavailable). This security permission can be modified using the Component Services administrative tool."
Warning	12-11-2021 11:00:00	Microsoft-Windows-DistributedCOM	10016	None	"The application-specific permission settings do not grant Local Activation permission for the COM Server application with CLSID 
{2593F8B9-4EAF-457C-B68A-50F6B8EA6B54}
 and APPID 
{15C20B67-12E7-4BB6-92BB-7AFF07997402}
 to the user LAPTOP-7EVMU4TQ\mahendra SID (S-1-5-21-38077573-387163758-1783380300-1002) from address LocalHost (Using LRPC) running in the application container Unavailable SID (Unavailable). This security permission can be modified using the Component Services administrative tool."
Warning	12-11-2021 10:59:01	Microsoft-Windows-DistributedCOM	10016	None	"The application-specific permission settings do not grant Local Activation permission for the COM Server application with CLSID 
{2593F8B9-4EAF-457C-B68A-50F6B8EA6B54}
 and APPID 
{15C20B67-12E7-4BB6-92BB-7AFF07997402}
 to the user LAPTOP-7EVMU4TQ\mahendra SID (S-1-5-21-38077573-387163758-1783380300-1002) from address LocalHost (Using LRPC) running in the application container Unavailable SID (Unavailable). This security permission can be modified using the Component Services administrative tool."
Warning	12-11-2021 10:43:28	Microsoft-Windows-DistributedCOM	10016	None	"The application-specific permission settings do not grant Local Activation permission for the COM Server application with CLSID 
{2593F8B9-4EAF-457C-B68A-50F6B8EA6B54}
 and APPID 
{15C20B67-12E7-4BB6-92BB-7AFF07997402}
 to the user LAPTOP-7EVMU4TQ\mahendra SID (S-1-5-21-38077573-387163758-1783380300-1002) from address LocalHost (Using LRPC) running in the application container Unavailable SID (Unavailable). This security permission can be modified using the Component Services administrative tool."
Warning	12-11-2021 10:42:18	Microsoft-Windows-DistributedCOM	10016	None	"The application-specific permission settings do not grant Local Activation permission for the COM Server application with CLSID 
{2593F8B9-4EAF-457C-B68A-50F6B8EA6B54}
 and APPID 
{15C20B67-12E7-4BB6-92BB-7AFF07997402}
 to the user LAPTOP-7EVMU4TQ\mahendra SID (S-1-5-21-38077573-387163758-1783380300-1002) from address LocalHost (Using LRPC) running in the application container Unavailable SID (Unavailable). This security permission can be modified using the Component Services administrative tool."
Warning	12-11-2021 10:40:57	Microsoft-Windows-DistributedCOM	10016	None	"The application-specific permission settings do not grant Local Activation permission for the COM Server application with CLSID 
{2593F8B9-4EAF-457C-B68A-50F6B8EA6B54}
 and APPID 
{15C20B67-12E7-4BB6-92BB-7AFF07997402}
 to the user LAPTOP-7EVMU4TQ\mahendra SID (S-1-5-21-38077573-387163758-1783380300-1002) from address LocalHost (Using LRPC) running in the application container Unavailable SID (Unavailable). This security permission can be modified using the Component Services administrative tool."
Warning	12-11-2021 10:20:35	Microsoft-Windows-DistributedCOM	10016	None	"The application-specific permission settings do not grant Local Activation permission for the COM Server application with CLSID 
{8BC3F05E-D86B-11D0-A075-00C04FB68820}
 and APPID 
{8BC3F05E-D86B-11D0-A075-00C04FB68820}
 to the user LAPTOP-7EVMU4TQ\mahendra SID (S-1-5-21-38077573-387163758-1783380300-1002) from address LocalHost (Using LRPC) running in the application container Unavailable SID (S-1-15-2-2051117740-1705268164-2048555461-370816795-1499036336-267226985-4041127019). This security permission can be modified using the Component Services administrative tool."
Warning	12-11-2021 10:09:31	Microsoft-Windows-DistributedCOM	10016	None	"The application-specific permission settings do not grant Local Activation permission for the COM Server application with CLSID 
{2593F8B9-4EAF-457C-B68A-50F6B8EA6B54}
 and APPID 
{15C20B67-12E7-4BB6-92BB-7AFF07997402}
 to the user LAPTOP-7EVMU4TQ\mahendra SID (S-1-5-21-38077573-387163758-1783380300-1002) from address LocalHost (Using LRPC) running in the application container Unavailable SID (Unavailable). This security permission can be modified using the Component Services administrative tool."
Information	12-11-2021 08:41:55	Service Control Manager	7040	None	The start type of the Background Intelligent Transfer Service service was changed from auto start to demand start.
Information	12-11-2021 08:39:03	Service Control Manager	7040	None	The start type of the Background Intelligent Transfer Service service was changed from demand start to auto start.
Warning	12-11-2021 08:38:03	Microsoft-Windows-DistributedCOM	10016	None	"The application-specific permission settings do not grant Local Activation permission for the COM Server application with CLSID 
{2593F8B9-4EAF-457C-B68A-50F6B8EA6B54}
 and APPID 
{15C20B67-12E7-4BB6-92BB-7AFF07997402}
 to the user LAPTOP-7EVMU4TQ\mahendra SID (S-1-5-21-38077573-387163758-1783380300-1002) from address LocalHost (Using LRPC) running in the application container Unavailable SID (Unavailable). This security permission can be modified using the Component Services administrative tool."
Warning	12-11-2021 08:31:00	Microsoft-Windows-DistributedCOM	10016	None	"The application-specific permission settings do not grant Local Activation permission for the COM Server application with CLSID 
{2593F8B9-4EAF-457C-B68A-50F6B8EA6B54}
 and APPID 
{15C20B67-12E7-4BB6-92BB-7AFF07997402}
 to the user LAPTOP-7EVMU4TQ\mahendra SID (S-1-5-21-38077573-387163758-1783380300-1002) from address LocalHost (Using LRPC) running in the application container Unavailable SID (Unavailable). This security permission can be modified using the Component Services administrative tool."
Information	12-11-2021 08:23:58	Service Control Manager	7040	None	The start type of the Background Intelligent Transfer Service service was changed from auto start to demand start.
Information	12-11-2021 08:23:23	Microsoft-Windows-WindowsUpdateClient	19	Windows Update Agent	Installation Successful: Windows successfully installed the following update: Security Intelligence Update for Microsoft Defender Antivirus - KB2267602 (Version 1.353.849.0)
Information	12-11-2021 08:22:50	Microsoft-Windows-WindowsUpdateClient	43	Windows Update Agent	Installation Started: Windows has started installing the following update: Security Intelligence Update for Microsoft Defender Antivirus - KB2267602 (Version 1.353.849.0)
Information	12-11-2021 08:22:50	Microsoft-Windows-WindowsUpdateClient	44	Windows Update Agent	Windows Update started downloading an update.
Information	12-11-2021 08:22:35	Microsoft-Windows-Kernel-General	1	(5)	"The system time has changed to ‎2021‎-‎11‎-‎12T02:52:35.829301800Z from ‎2021‎-‎11‎-‎12T02:52:35.827854000Z.

Change Reason: An application or system component changed the time.
Process: '\Device\HarddiskVolume3\Windows\System32\svchost.exe' (PID 6040).

RTC time: ‎2021‎-‎11‎-‎12T08:22:35.829301800Z
Current time zone bias: -330
RTC time is in UTC: false
System time was based on RTC time: false"
Information	12-11-2021 08:22:35	Microsoft-Windows-Kernel-General	24	(11)	The time zone information was refreshed with exit reason 0. Current time zone bias is -330.
Information	12-11-2021 08:22:35	Microsoft-Windows-Time-Service	35	None	The time service is now synchronizing the system time with the time source time.windows.com,0x9 (ntp.m|0x9|0.0.0.0:123->40.81.94.65:123) with reference id 1096700200. Current local stratum number is 4.
Information	12-11-2021 08:22:35	Microsoft-Windows-Time-Service	37	None	The time provider NtpClient is currently receiving valid time data from time.windows.com,0x9 (ntp.m|0x9|0.0.0.0:123->40.81.94.65:123).
Error	12-11-2021 08:21:50	Server	2505	None	The server could not bind to the transport \Device\NetBT_Tcpip_{9F961AE3-9423-4C8B-AB48-B1886999008B} because another computer on the network has the same name.  The server could not start.
Information	12-11-2021 08:20:08	Service Control Manager	7040	None	The start type of the Background Intelligent Transfer Service service was changed from demand start to auto start.
Information	12-11-2021 08:18:45	Microsoft-Windows-Winlogon	7001	(1101)	User Logon Notification for Customer Experience Improvement Program
Warning	12-11-2021 08:14:38	Microsoft-Windows-Time-Service	134	None	NtpClient was unable to set a manual peer to use as a time source because of DNS resolution error on 'time.windows.com,0x9'. NtpClient will try again in 15 minutes and double the reattempt interval thereafter. The error was: No such host is known. (0x80072AF9)
Information	12-11-2021 08:14:06	Microsoft-Windows-Power-Troubleshooter	1	None	"The system has returned from a low power state.

Sleep Time: ‎2021‎-‎11‎-‎11T17:02:43.287434900Z
Wake Time: ‎2021‎-‎11‎-‎12T02:44:01.907016800Z

Wake Source: Unknown"
Information	12-11-2021 08:14:02	Microsoft-Windows-Kernel-Power	566	(268)	"The system session has transitioned from 8 to 10.

Reason: 11"
Warning	12-11-2021 08:14:01	Microsoft-Windows-Time-Service	134	None	NtpClient was unable to set a manual peer to use as a time source because of DNS resolution error on 'time.windows.com,0x9'. NtpClient will try again in 15 minutes and double the reattempt interval thereafter. The error was: No such host is known. (0x80072AF9)
Information	12-11-2021 08:14:00	Microsoft-Windows-Kernel-Power	566	(268)	"The system session has transitioned from 7 to 8.

Reason: 11"
Information	12-11-2021 08:14:00	Microsoft-Windows-Kernel-Boot	32	(58)	The bootmgr spent 0 ms waiting for user input.
Information	12-11-2021 08:14:00	Microsoft-Windows-Kernel-Boot	18	(57)	There are 0x1 boot options on this system.
Information	12-11-2021 08:14:00	Microsoft-Windows-Kernel-Boot	30	(21)	The firmware reported boot metrics.
Error	12-11-2021 08:14:02	Server	2505	None	The server could not bind to the transport \Device\NetBT_Tcpip_{59426481-F96A-490F-9157-08A6F626BD36} because another computer on the network has the same name.  The server could not start.
Information	12-11-2021 08:13:58	Microsoft-Windows-Kernel-Power	105	(100)	Power source change.
Information	12-11-2021 08:13:57	Microsoft-Windows-Kernel-General	1	(5)	"The system time has changed to ‎2021‎-‎11‎-‎12T02:43:57.500000000Z from ‎2021‎-‎11‎-‎11T17:03:05.195477700Z.

Change Reason: System time synchronized with the hardware clock.
Process: '' (PID 4).

RTC time: ‎2021‎-‎11‎-‎12T08:13:57.500000000Z
Current time zone bias: -330
RTC time is in UTC: false
System time was based on RTC time: false"
Information	11-11-2021 22:33:05	Microsoft-Windows-Kernel-Power	107	(102)	The system has resumed from sleep.
Information	11-11-2021 22:32:56	Microsoft-Windows-Kernel-Power	42	(64)	"The system is entering sleep.

Sleep Reason: Application API"
Information	11-11-2021 22:32:43	Microsoft-Windows-Kernel-Power	566	(268)	"The system session has transitioned from 6 to 7.

Reason: 11"
Information	11-11-2021 22:32:43	Microsoft-Windows-Kernel-Power	187	(243)	User-mode process attempted to change the system state by calling SetSuspendState or SetSystemPowerState APIs.
Information	11-11-2021 22:32:42	Microsoft-Windows-Winlogon	7002	(1102)	User Logoff Notification for Customer Experience Improvement Program
Information	11-11-2021 22:32:42	User32	1074	None	"The process C:\WINDOWS\system32\winlogon.exe (LAPTOP-7EVMU4TQ) has initiated the power off of computer LAPTOP-7EVMU4TQ on behalf of user NT AUTHORITY\SYSTEM for the following reason: No title for this reason could be found
 Reason Code: 0x500ff
 Shutdown Type: power off
 Comment: "
Information	11-11-2021 22:32:32	User32	1074	None	"The process Explorer.EXE has initiated the power off of computer LAPTOP-7EVMU4TQ on behalf of user LAPTOP-7EVMU4TQ\mahendra for the following reason: Other (Unplanned)
 Reason Code: 0x0
 Shutdown Type: power off
 Comment: "
Information	11-11-2021 21:41:59	Service Control Manager	7040	None	The start type of the Background Intelligent Transfer Service service was changed from auto start to demand start.
Information	11-11-2021 21:39:42	Service Control Manager	7040	None	The start type of the Background Intelligent Transfer Service service was changed from demand start to auto start.
Warning	11-11-2021 21:38:41	Microsoft-Windows-DistributedCOM	10016	None	"The application-specific permission settings do not grant Local Activation permission for the COM Server application with CLSID 
{2593F8B9-4EAF-457C-B68A-50F6B8EA6B54}
 and APPID 
{15C20B67-12E7-4BB6-92BB-7AFF07997402}
 to the user LAPTOP-7EVMU4TQ\mahendra SID (S-1-5-21-38077573-387163758-1783380300-1002) from address LocalHost (Using LRPC) running in the application container Unavailable SID (Unavailable). This security permission can be modified using the Component Services administrative tool."
Warning	11-11-2021 21:36:26	Microsoft-Windows-DistributedCOM	10016	None	"The application-specific permission settings do not grant Local Activation permission for the COM Server application with CLSID 
{2593F8B9-4EAF-457C-B68A-50F6B8EA6B54}
 and APPID 
{15C20B67-12E7-4BB6-92BB-7AFF07997402}
 to the user LAPTOP-7EVMU4TQ\mahendra SID (S-1-5-21-38077573-387163758-1783380300-1002) from address LocalHost (Using LRPC) running in the application container Unavailable SID (Unavailable). This security permission can be modified using the Component Services administrative tool."
Warning	11-11-2021 21:34:55	Microsoft-Windows-DistributedCOM	10016	None	"The application-specific permission settings do not grant Local Activation permission for the COM Server application with CLSID 
{2593F8B9-4EAF-457C-B68A-50F6B8EA6B54}
 and APPID 
{15C20B67-12E7-4BB6-92BB-7AFF07997402}
 to the user LAPTOP-7EVMU4TQ\mahendra SID (S-1-5-21-38077573-387163758-1783380300-1002) from address LocalHost (Using LRPC) running in the application container Unavailable SID (Unavailable). This security permission can be modified using the Component Services administrative tool."
Warning	11-11-2021 21:06:38	Microsoft-Windows-DistributedCOM	10016	None	"The application-specific permission settings do not grant Local Activation permission for the COM Server application with CLSID 
{2593F8B9-4EAF-457C-B68A-50F6B8EA6B54}
 and APPID 
{15C20B67-12E7-4BB6-92BB-7AFF07997402}
 to the user LAPTOP-7EVMU4TQ\mahendra SID (S-1-5-21-38077573-387163758-1783380300-1002) from address LocalHost (Using LRPC) running in the application container Unavailable SID (Unavailable). This security permission can be modified using the Component Services administrative tool."
Information	11-11-2021 21:05:35	Microsoft-Windows-Kernel-General	16	None	The access history in hive \??\C:\ProgramData\Packages\Microsoft.WindowsNotepad_8wekyb3d8bbwe\S-1-5-21-38077573-387163758-1783380300-1002\SystemAppData\Helium\Cache\4c15689769aad169_COM15.dat was cleared updating 1 keys and creating 1 modified pages.
Information	11-11-2021 21:05:35	Microsoft-Windows-Kernel-General	16	None	The access history in hive \??\C:\Users\mahendra\AppData\Local\Packages\Microsoft.WindowsNotepad_8wekyb3d8bbwe\SystemAppData\Helium\UserClasses.dat was cleared updating 12 keys and creating 1 modified pages.
Information	11-11-2021 21:05:35	Microsoft-Windows-Kernel-General	16	None	The access history in hive \??\C:\Users\mahendra\AppData\Local\Packages\Microsoft.WindowsNotepad_8wekyb3d8bbwe\SystemAppData\Helium\User.dat was cleared updating 19 keys and creating 2 modified pages.
Information	11-11-2021 21:03:20	Microsoft-Windows-Kernel-Power	105	(100)	Power source change.
Warning	11-11-2021 20:47:08	Microsoft-Windows-DistributedCOM	10016	None	"The application-specific permission settings do not grant Local Activation permission for the COM Server application with CLSID 
{2593F8B9-4EAF-457C-B68A-50F6B8EA6B54}
 and APPID 
{15C20B67-12E7-4BB6-92BB-7AFF07997402}
 to the user LAPTOP-7EVMU4TQ\mahendra SID (S-1-5-21-38077573-387163758-1783380300-1002) from address LocalHost (Using LRPC) running in the application container Unavailable SID (Unavailable). This security permission can be modified using the Component Services administrative tool."
Information	11-11-2021 20:42:34	Microsoft-Windows-Time-Service	158	None	The time provider 'VMICTimeProvider' has indicated that the current hardware and operating environment is not supported and has stopped. This behavior is expected for VMICTimeProvider on non-HyperV-guest environments. This may be the expected behavior for the current provider in the current operating environment as well.
Information	11-11-2021 20:25:30	Microsoft-Windows-Time-Service	158	None	The time provider 'VMICTimeProvider' has indicated that the current hardware and operating environment is not supported and has stopped. This behavior is expected for VMICTimeProvider on non-HyperV-guest environments. This may be the expected behavior for the current provider in the current operating environment as well.
Warning	11-11-2021 20:15:05	Microsoft-Windows-DistributedCOM	10016	None	"The application-specific permission settings do not grant Local Activation permission for the COM Server application with CLSID 
{2593F8B9-4EAF-457C-B68A-50F6B8EA6B54}
 and APPID 
{15C20B67-12E7-4BB6-92BB-7AFF07997402}
 to the user LAPTOP-7EVMU4TQ\mahendra SID (S-1-5-21-38077573-387163758-1783380300-1002) from address LocalHost (Using LRPC) running in the application container Unavailable SID (Unavailable). This security permission can be modified using the Component Services administrative tool."
Error	11-11-2021 20:08:26	Server	2505	None	The server could not bind to the transport \Device\NetBT_Tcpip_{9F961AE3-9423-4C8B-AB48-B1886999008B} because another computer on the network has the same name.  The server could not start.
Information	11-11-2021 20:07:50	Microsoft-Windows-Power-Troubleshooter	1	None	"The system has returned from a low power state.

Sleep Time: ‎2021‎-‎11‎-‎11T14:22:43.544288600Z
Wake Time: ‎2021‎-‎11‎-‎11T14:37:46.772099400Z

Wake Source: Power Button"
Error	11-11-2021 20:07:49	Server	2505	None	The server could not bind to the transport \Device\NetBT_Tcpip_{59426481-F96A-490F-9157-08A6F626BD36} because another computer on the network has the same name.  The server could not start.
Information	11-11-2021 20:07:47	Microsoft-Windows-Time-Service	158	None	The time provider 'VMICTimeProvider' has indicated that the current hardware and operating environment is not supported and has stopped. This behavior is expected for VMICTimeProvider on non-HyperV-guest environments. This may be the expected behavior for the current provider in the current operating environment as well.
Information	11-11-2021 20:07:46	Microsoft-Windows-Kernel-Power	566	(268)	"The system session has transitioned from 4 to 6.

Reason: 11"
Information	11-11-2021 20:07:46	Microsoft-Windows-Kernel-Power	566	(268)	"The system session has transitioned from 3 to 4.

Reason: 11"
Information	11-11-2021 20:07:45	Microsoft-Windows-Kernel-Power	130	(33)	Firmware S3 times. SuspendStart: 2256812, SuspendEnd: 2256813
Information	11-11-2021 20:07:45	Microsoft-Windows-Kernel-Power	131	(33)	Firmware S3 times. ResumeCount: 1, FullResume: 1032, AverageResume: 1032
Information	11-11-2021 20:07:45	Microsoft-Windows-Kernel-General	1	(5)	"The system time has changed to ‎2021‎-‎11‎-‎11T14:37:45.500000000Z from ‎2021‎-‎11‎-‎11T14:22:53.810263700Z.

Change Reason: System time synchronized with the hardware clock.
Process: '' (PID 4).

RTC time: ‎2021‎-‎11‎-‎11T20:07:45.500000000Z
Current time zone bias: -330
RTC time is in UTC: false
System time was based on RTC time: false"
Information	11-11-2021 19:52:53	Microsoft-Windows-Kernel-Power	107	(102)	The system has resumed from sleep.
Information	11-11-2021 19:52:49	Microsoft-Windows-Kernel-Power	42	(64)	"The system is entering sleep.

Sleep Reason: System Idle"
Information	11-11-2021 19:52:43	Microsoft-Windows-Kernel-Power	566	(268)	"The system session has transitioned from 1 to 3.

Reason: 11"
Information	11-11-2021 19:52:01	Microsoft-Windows-Kernel-General	11	None	TxR init phase for hive \??\GLOBALROOT\Device\HarddiskVolumeShadowCopy9\WINDOWS\System32\config\DRIVERS (TM: {a17ba6b3-42f5-11ec-81ed-0068ebd8b518}, RM: {a17ba6b2-42f5-11ec-81ed-0068ebd8b518}) finished with result=0xC00000A2 (Internal code=7).
Information	11-11-2021 19:52:00	Microsoft-Windows-Kernel-General	11	None	TxR init phase for hive \??\GLOBALROOT\Device\HarddiskVolumeShadowCopy9\WINDOWS\System32\config\SYSTEM (TM: {a17ba6b0-42f5-11ec-81ed-0068ebd8b518}, RM: {a17ba6af-42f5-11ec-81ed-0068ebd8b518}) finished with result=0xC00000A2 (Internal code=7).
Information	11-11-2021 19:51:14	Service Control Manager	7040	None	The start type of the Background Intelligent Transfer Service service was changed from auto start to demand start.
Information	11-11-2021 19:50:09	Microsoft-Windows-Kernel-General	16	None	The access history in hive \??\C:\ProgramData\Microsoft\Provisioning\Microsoft-Desktop-Provisioning-Sequence.dat was cleared updating 0 keys and creating 0 modified pages.
Information	11-11-2021 19:49:09	Service Control Manager	7040	None	The start type of the Background Intelligent Transfer Service service was changed from demand start to auto start.
Information	11-11-2021 19:48:16	Microsoft-Windows-Time-Service	158	None	The time provider 'VMICTimeProvider' has indicated that the current hardware and operating environment is not supported and has stopped. This behavior is expected for VMICTimeProvider on non-HyperV-guest environments. This may be the expected behavior for the current provider in the current operating environment as well.
Information	11-11-2021 19:46:45	Service Control Manager	7045	None	"A service was installed in the system.

Service Name:  MpKsl4b71678d
Service File Name:  C:\ProgramData\Microsoft\Windows Defender\Definition Updates\{81FEFF9E-B458-4281-BE72-E49CF1355702}\MpKslDrv.sys
Service Type:  kernel mode driver
Service Start Type:  demand start
Service Account:  "
Information	11-11-2021 19:30:56	Microsoft-Windows-Time-Service	37	None	The time provider NtpClient is currently receiving valid time data from time.windows.com,0x9 (ntp.m|0x9|0.0.0.0:123->40.81.94.65:123).
Information	11-11-2021 19:30:56	Microsoft-Windows-Time-Service	158	None	The time provider 'VMICTimeProvider' has indicated that the current hardware and operating environment is not supported and has stopped. This behavior is expected for VMICTimeProvider on non-HyperV-guest environments. This may be the expected behavior for the current provider in the current operating environment as well.
Error	11-11-2021 19:27:44	Service Control Manager	7009	None	A timeout was reached (30000 milliseconds) while waiting for the Intel(R) SUR QC Software Asset Manager service to connect.
Information	11-11-2021 19:25:33	Microsoft-Windows-WindowsUpdateClient	19	Windows Update Agent	Installation Successful: Windows successfully installed the following update: Security Intelligence Update for Microsoft Defender Antivirus - KB2267602 (Version 1.353.810.0)
Information	11-11-2021 19:25:13	Microsoft-Windows-WindowsUpdateClient	43	Windows Update Agent	Installation Started: Windows has started installing the following update: Security Intelligence Update for Microsoft Defender Antivirus - KB2267602 (Version 1.353.810.0)
Information	11-11-2021 19:25:06	Microsoft-Windows-WindowsUpdateClient	44	Windows Update Agent	Windows Update started downloading an update.
Information	11-11-2021 19:23:58	Microsoft-Windows-Kernel-Power	566	(268)	"The system session has transitioned from 0 to 1.

Reason: 11"
Information	11-11-2021 19:23:42	Microsoft-Windows-Kernel-General	16	None	The access history in hive \??\C:\Users\mahendra\AppData\Local\Packages\AD2F1837.HPSystemEventUtility_v10z8vjag6ke6\SystemAppData\Helium\UserClasses.dat was cleared updating 1 keys and creating 1 modified pages.
