Error	17-11-2021 20:09:03	Server	2505	None	The server could not bind to the transport \Device\NetBT_Tcpip_{59426481-F96A-490F-9157-08A6F626BD36} because another computer on the network has the same name.  The server could not start.
Information	17-11-2021 20:09:00	Microsoft-Windows-Kernel-Power	566	(268)	"The system session has transitioned from 244 to 246.

Reason: 12"
Information	17-11-2021 20:08:59	Microsoft-Windows-Kernel-Power	566	(268)	"The system session has transitioned from 243 to 244.

Reason: 12"
Information	17-11-2021 20:08:58	Microsoft-Windows-Kernel-Power	130	(33)	Firmware S3 times. SuspendStart: 136038991, SuspendEnd: 136038992
Information	17-11-2021 20:08:58	Microsoft-Windows-Kernel-Power	131	(33)	Firmware S3 times. ResumeCount: 6, FullResume: 1034, AverageResume: 1034
Information	17-11-2021 20:08:58	Microsoft-Windows-Kernel-General	1	(5)	"The system time has changed to ‎2021‎-‎11‎-‎17T14:38:58.500000000Z from ‎2021‎-‎11‎-‎17T14:38:13.836156700Z.

Change Reason: System time synchronized with the hardware clock.
Process: '' (PID 4).

RTC time: ‎2021‎-‎11‎-‎17T20:08:58.500000000Z
Current time zone bias: -330
RTC time is in UTC: false
System time was based on RTC time: false"
Information	17-11-2021 20:08:13	Microsoft-Windows-Kernel-Power	107	(102)	The system has resumed from sleep.
Information	17-11-2021 20:08:09	Microsoft-Windows-Kernel-Power	42	(64)	"The system is entering sleep.

Sleep Reason: System Idle"
Information	17-11-2021 20:08:01	Microsoft-Windows-Kernel-Power	566	(268)	"The system session has transitioned from 241 to 243.

Reason: 12"
Information	17-11-2021 20:07:49	Microsoft-Windows-Kernel-Power	566	(268)	"The system session has transitioned from 240 to 241.

Reason: 12"
Warning	17-11-2021 19:46:35	Microsoft-Windows-DistributedCOM	10016	None	"The application-specific permission settings do not grant Local Activation permission for the COM Server application with CLSID 
{2593F8B9-4EAF-457C-B68A-50F6B8EA6B54}
 and APPID 
{15C20B67-12E7-4BB6-92BB-7AFF07997402}
 to the user LAPTOP-7EVMU4TQ\mahendra SID (S-1-5-21-38077573-387163758-1783380300-1002) from address LocalHost (Using LRPC) running in the application container Unavailable SID (Unavailable). This security permission can be modified using the Component Services administrative tool."
Error	17-11-2021 19:09:41	Server	2505	None	The server could not bind to the transport \Device\NetBT_Tcpip_{9F961AE3-9423-4C8B-AB48-B1886999008B} because another computer on the network has the same name.  The server could not start.
Error	17-11-2021 19:05:44	Server	2505	None	The server could not bind to the transport \Device\NetBT_Tcpip_{9F961AE3-9423-4C8B-AB48-B1886999008B} because another computer on the network has the same name.  The server could not start.
Information	17-11-2021 19:03:57	Microsoft-Windows-Kernel-Power	566	(268)	"The system session has transitioned from 238 to 240.

Reason: 12"
Information	17-11-2021 19:03:56	Microsoft-Windows-Kernel-Power	566	(268)	"The system session has transitioned from 237 to 238.

Reason: 12"
Information	17-11-2021 19:03:50	Microsoft-Windows-Kernel-Power	105	(100)	Power source change.
Information	17-11-2021 19:02:29	Service Control Manager	7040	None	The start type of the Background Intelligent Transfer Service service was changed from auto start to demand start.
Information	17-11-2021 19:00:23	Service Control Manager	7040	None	The start type of the Background Intelligent Transfer Service service was changed from demand start to auto start.
Error	17-11-2021 18:42:00	Server	2505	None	The server could not bind to the transport \Device\NetBT_Tcpip_{9F961AE3-9423-4C8B-AB48-B1886999008B} because another computer on the network has the same name.  The server could not start.
Error	17-11-2021 18:41:44	Server	2505	None	The server could not bind to the transport \Device\NetBT_Tcpip_{9F961AE3-9423-4C8B-AB48-B1886999008B} because another computer on the network has the same name.  The server could not start.
Error	17-11-2021 18:35:24	Server	2505	None	The server could not bind to the transport \Device\NetBT_Tcpip_{9F961AE3-9423-4C8B-AB48-B1886999008B} because another computer on the network has the same name.  The server could not start.
Information	17-11-2021 18:34:40	Microsoft-Windows-Power-Troubleshooter	1	None	"The system has returned from a low power state.

Sleep Time: ‎2021‎-‎11‎-‎17T12:48:33.162549600Z
Wake Time: ‎2021‎-‎11‎-‎17T13:04:37.887381500Z

Wake Source: Power Button"
Error	17-11-2021 18:34:41	Server	2505	None	The server could not bind to the transport \Device\NetBT_Tcpip_{59426481-F96A-490F-9157-08A6F626BD36} because another computer on the network has the same name.  The server could not start.
Information	17-11-2021 18:34:37	Microsoft-Windows-Kernel-Power	566	(268)	"The system session has transitioned from 235 to 237.

Reason: 12"
Information	17-11-2021 18:34:37	Microsoft-Windows-Time-Service	158	None	The time provider 'VMICTimeProvider' has indicated that the current hardware and operating environment is not supported and has stopped. This behavior is expected for VMICTimeProvider on non-HyperV-guest environments. This may be the expected behavior for the current provider in the current operating environment as well.
Information	17-11-2021 18:34:37	Microsoft-Windows-Kernel-Power	566	(268)	"The system session has transitioned from 234 to 235.

Reason: 12"
Information	17-11-2021 18:34:36	Microsoft-Windows-Kernel-Power	130	(33)	Firmware S3 times. SuspendStart: 130425955, SuspendEnd: 130425956
Information	17-11-2021 18:34:36	Microsoft-Windows-Kernel-Power	131	(33)	Firmware S3 times. ResumeCount: 5, FullResume: 1036, AverageResume: 1034
Information	17-11-2021 18:34:36	Microsoft-Windows-Kernel-General	1	(5)	"The system time has changed to ‎2021‎-‎11‎-‎17T13:04:36.500000000Z from ‎2021‎-‎11‎-‎17T12:48:43.583195000Z.

Change Reason: System time synchronized with the hardware clock.
Process: '' (PID 4).

RTC time: ‎2021‎-‎11‎-‎17T18:34:36.500000000Z
Current time zone bias: -330
RTC time is in UTC: false
System time was based on RTC time: false"
Information	17-11-2021 18:18:43	Microsoft-Windows-Kernel-Power	107	(102)	The system has resumed from sleep.
Information	17-11-2021 18:18:39	Microsoft-Windows-Kernel-Power	42	(64)	"The system is entering sleep.

Sleep Reason: System Idle"
Information	17-11-2021 18:18:33	Microsoft-Windows-Kernel-Power	566	(268)	"The system session has transitioned from 232 to 234.

Reason: 12"
Information	17-11-2021 18:08:07	Microsoft-Windows-Kernel-Power	566	(268)	"The system session has transitioned from 231 to 232.

Reason: 12"
Information	17-11-2021 18:07:01	Microsoft-Windows-Time-Service	158	None	The time provider 'VMICTimeProvider' has indicated that the current hardware and operating environment is not supported and has stopped. This behavior is expected for VMICTimeProvider on non-HyperV-guest environments. This may be the expected behavior for the current provider in the current operating environment as well.
Error	17-11-2021 18:05:53	Service Control Manager	7009	None	A timeout was reached (30000 milliseconds) while waiting for the Intel(R) SUR QC Software Asset Manager service to connect.
Information	17-11-2021 17:49:57	Microsoft-Windows-Time-Service	158	None	The time provider 'VMICTimeProvider' has indicated that the current hardware and operating environment is not supported and has stopped. This behavior is expected for VMICTimeProvider on non-HyperV-guest environments. This may be the expected behavior for the current provider in the current operating environment as well.
Information	17-11-2021 17:49:01	Microsoft-Windows-Ntfs	98	None	Volume Windows (\Device\HarddiskVolumeShadowCopy13) is healthy.  No action is needed.
Information	17-11-2021 17:32:53	Microsoft-Windows-Time-Service	158	None	The time provider 'VMICTimeProvider' has indicated that the current hardware and operating environment is not supported and has stopped. This behavior is expected for VMICTimeProvider on non-HyperV-guest environments. This may be the expected behavior for the current provider in the current operating environment as well.
Information	17-11-2021 17:28:21	Volsnap	95	None	The oldest shadow copy of volume C: was deleted to allow shadow copies created afterward and marked for delete to be deleted.
Information	17-11-2021 17:28:16	Microsoft-Windows-Ntfs	98	None	Volume Windows (\Device\HarddiskVolumeShadowCopy12) is healthy.  No action is needed.
Information	17-11-2021 17:17:21	Microsoft-Windows-Ntfs	98	None	Volume Windows (\Device\HarddiskVolumeShadowCopy11) is healthy.  No action is needed.
Information	17-11-2021 17:15:33	Microsoft-Windows-Time-Service	37	None	The time provider NtpClient is currently receiving valid time data from time.windows.com,0x9 (ntp.m|0x9|0.0.0.0:123->40.81.94.65:123).
Information	17-11-2021 17:15:32	Microsoft-Windows-Time-Service	158	None	The time provider 'VMICTimeProvider' has indicated that the current hardware and operating environment is not supported and has stopped. This behavior is expected for VMICTimeProvider on non-HyperV-guest environments. This may be the expected behavior for the current provider in the current operating environment as well.
Information	17-11-2021 17:06:26	Service Control Manager	7040	None	The start type of the Background Intelligent Transfer Service service was changed from auto start to demand start.
Information	17-11-2021 17:04:14	Service Control Manager	7040	None	The start type of the Background Intelligent Transfer Service service was changed from demand start to auto start.
Error	17-11-2021 17:03:41	Server	2505	None	The server could not bind to the transport \Device\NetBT_Tcpip_{9F961AE3-9423-4C8B-AB48-B1886999008B} because another computer on the network has the same name.  The server could not start.
Warning	17-11-2021 17:03:15	Microsoft-Windows-DistributedCOM	10016	None	"The application-specific permission settings do not grant Local Activation permission for the COM Server application with CLSID 
{2593F8B9-4EAF-457C-B68A-50F6B8EA6B54}
 and APPID 
{15C20B67-12E7-4BB6-92BB-7AFF07997402}
 to the user LAPTOP-7EVMU4TQ\mahendra SID (S-1-5-21-38077573-387163758-1783380300-1002) from address LocalHost (Using LRPC) running in the application container Unavailable SID (Unavailable). This security permission can be modified using the Component Services administrative tool."
Error	17-11-2021 16:57:21	Server	2505	None	The server could not bind to the transport \Device\NetBT_Tcpip_{9F961AE3-9423-4C8B-AB48-B1886999008B} because another computer on the network has the same name.  The server could not start.
Information	17-11-2021 16:57:15	Microsoft-Windows-Power-Troubleshooter	1	None	"The system has returned from a low power state.

Sleep Time: ‎2021‎-‎11‎-‎17T07:43:34.286133500Z
Wake Time: ‎2021‎-‎11‎-‎17T11:27:12.900828500Z

Wake Source: Power Button"
Error	17-11-2021 16:57:15	Server	2505	None	The server could not bind to the transport \Device\NetBT_Tcpip_{59426481-F96A-490F-9157-08A6F626BD36} because another computer on the network has the same name.  The server could not start.
Information	17-11-2021 16:57:12	Microsoft-Windows-Kernel-Power	566	(268)	"The system session has transitioned from 229 to 231.

Reason: 12"
Information	17-11-2021 16:57:12	Microsoft-Windows-Kernel-Power	566	(268)	"The system session has transitioned from 228 to 229.

Reason: 12"
Information	17-11-2021 16:57:10	Microsoft-Windows-Kernel-Power	130	(33)	Firmware S3 times. SuspendStart: 125536617, SuspendEnd: 125536618
Information	17-11-2021 16:57:10	Microsoft-Windows-Kernel-Power	131	(33)	Firmware S3 times. ResumeCount: 4, FullResume: 1035, AverageResume: 1033
Information	17-11-2021 16:57:10	Microsoft-Windows-Kernel-General	1	(5)	"The system time has changed to ‎2021‎-‎11‎-‎17T11:27:10.500000000Z from ‎2021‎-‎11‎-‎17T07:43:41.615780700Z.

Change Reason: System time synchronized with the hardware clock.
Process: '' (PID 4).

RTC time: ‎2021‎-‎11‎-‎17T16:57:10.500000000Z
Current time zone bias: -330
RTC time is in UTC: false
System time was based on RTC time: false"
Information	17-11-2021 13:13:41	Microsoft-Windows-Kernel-Power	107	(102)	The system has resumed from sleep.
Information	17-11-2021 13:13:37	Microsoft-Windows-Kernel-Power	42	(64)	"The system is entering sleep.

Sleep Reason: System Idle"
Information	17-11-2021 13:13:34	Microsoft-Windows-Kernel-Power	566	(268)	"The system session has transitioned from 226 to 228.

Reason: 12"
Information	17-11-2021 13:03:11	Microsoft-Windows-Kernel-Power	566	(268)	"The system session has transitioned from 225 to 226.

Reason: 12"
Information	17-11-2021 12:59:43	Microsoft-Windows-Kernel-General	16	None	The access history in hive \??\C:\ProgramData\Microsoft\Windows\AppRepository\Packages\5A894077.McAfeeSecurity_2.1.68.0_x64__wafk5atnkzcwy\ActivationStore.dat was cleared updating 0 keys and creating 0 modified pages.
Information	17-11-2021 12:58:43	Microsoft-Windows-WindowsUpdateClient	44	Windows Update Agent	Windows Update started downloading an update.
Information	17-11-2021 12:58:26	Microsoft-Windows-WindowsUpdateClient	44	Windows Update Agent	Windows Update started downloading an update.
Information	17-11-2021 12:58:18	Microsoft-Windows-WindowsUpdateClient	19	Windows Update Agent	Installation Successful: Windows successfully installed the following update: 9N4D0MSMP0PT-Microsoft.VP9VideoExtensions
Information	17-11-2021 12:58:15	Microsoft-Windows-Kernel-General	16	None	The access history in hive \??\C:\Users\mahendra\AppData\Local\Packages\Microsoft.VP9VideoExtensions_8wekyb3d8bbwe\Settings\settings.dat was cleared updating 2 keys and creating 1 modified pages.
Information	17-11-2021 12:58:14	Microsoft-Windows-WindowsUpdateClient	43	Windows Update Agent	Installation Started: Windows has started installing the following update: 9N4D0MSMP0PT-Microsoft.VP9VideoExtensions
Information	17-11-2021 12:58:01	Microsoft-Windows-WindowsUpdateClient	44	Windows Update Agent	Windows Update started downloading an update.
Information	17-11-2021 12:58:01	Microsoft-Windows-WindowsUpdateClient	44	Windows Update Agent	Windows Update started downloading an update.
Information	17-11-2021 12:57:53	Microsoft-Windows-WindowsUpdateClient	44	Windows Update Agent	Windows Update started downloading an update.
Information	17-11-2021 12:57:31	Microsoft-Windows-WindowsUpdateClient	44	Windows Update Agent	Windows Update started downloading an update.
Information	17-11-2021 12:57:31	Microsoft-Windows-WindowsUpdateClient	44	Windows Update Agent	Windows Update started downloading an update.
Information	17-11-2021 12:57:31	Microsoft-Windows-WindowsUpdateClient	44	Windows Update Agent	Windows Update started downloading an update.
Information	17-11-2021 12:56:07	Service Control Manager	7040	None	The start type of the Background Intelligent Transfer Service service was changed from auto start to demand start.
Error	17-11-2021 12:55:31	Server	2505	None	The server could not bind to the transport \Device\NetBT_Tcpip_{9F961AE3-9423-4C8B-AB48-B1886999008B} because another computer on the network has the same name.  The server could not start.
Information	17-11-2021 12:53:53	Microsoft-Windows-Kernel-Power	105	(100)	Power source change.
Information	17-11-2021 12:53:34	Service Control Manager	7040	None	The start type of the Background Intelligent Transfer Service service was changed from demand start to auto start.
Warning	17-11-2021 12:52:35	Microsoft-Windows-DistributedCOM	10016	None	"The application-specific permission settings do not grant Local Activation permission for the COM Server application with CLSID 
{2593F8B9-4EAF-457C-B68A-50F6B8EA6B54}
 and APPID 
{15C20B67-12E7-4BB6-92BB-7AFF07997402}
 to the user LAPTOP-7EVMU4TQ\mahendra SID (S-1-5-21-38077573-387163758-1783380300-1002) from address LocalHost (Using LRPC) running in the application container Unavailable SID (Unavailable). This security permission can be modified using the Component Services administrative tool."
Error	17-11-2021 12:34:16	Server	2505	None	The server could not bind to the transport \Device\NetBT_Tcpip_{9F961AE3-9423-4C8B-AB48-B1886999008B} because another computer on the network has the same name.  The server could not start.
Error	17-11-2021 12:33:55	Server	2505	None	The server could not bind to the transport \Device\NetBT_Tcpip_{9F961AE3-9423-4C8B-AB48-B1886999008B} because another computer on the network has the same name.  The server could not start.
Information	17-11-2021 12:33:50	Microsoft-Windows-Power-Troubleshooter	1	None	"The system has returned from a low power state.

Sleep Time: ‎2021‎-‎11‎-‎17T07:03:25.997579900Z
Wake Time: ‎2021‎-‎11‎-‎17T07:03:48.750547300Z

Wake Source: Power Button"
Error	17-11-2021 12:33:51	Server	2505	None	The server could not bind to the transport \Device\NetBT_Tcpip_{59426481-F96A-490F-9157-08A6F626BD36} because another computer on the network has the same name.  The server could not start.
Information	17-11-2021 12:33:47	Microsoft-Windows-Kernel-Power	566	(268)	"The system session has transitioned from 223 to 225.

Reason: 12"
Information	17-11-2021 12:33:47	Microsoft-Windows-Kernel-Power	566	(268)	"The system session has transitioned from 222 to 223.

Reason: 12"
Information	17-11-2021 12:33:46	Microsoft-Windows-Kernel-Power	130	(33)	Firmware S3 times. SuspendStart: 123143332, SuspendEnd: 123143333
Information	17-11-2021 12:33:46	Microsoft-Windows-Kernel-Power	131	(33)	Firmware S3 times. ResumeCount: 3, FullResume: 1033, AverageResume: 1033
Information	17-11-2021 12:33:46	Microsoft-Windows-Kernel-General	1	(5)	"The system time has changed to ‎2021‎-‎11‎-‎17T07:03:46.500000000Z from ‎2021‎-‎11‎-‎17T07:03:37.905254900Z.

Change Reason: System time synchronized with the hardware clock.
Process: '' (PID 4).

RTC time: ‎2021‎-‎11‎-‎17T12:33:46.500000000Z
Current time zone bias: -330
RTC time is in UTC: false
System time was based on RTC time: false"
Information	17-11-2021 12:33:37	Microsoft-Windows-Kernel-Power	107	(102)	The system has resumed from sleep.
Information	17-11-2021 12:33:33	Microsoft-Windows-Kernel-Power	42	(64)	"The system is entering sleep.

Sleep Reason: System Idle"
Information	17-11-2021 12:33:27	Microsoft-Windows-Kernel-Power	566	(268)	"The system session has transitioned from 220 to 222.

Reason: 12"
Information	17-11-2021 12:33:25	Microsoft-Windows-Kernel-Power	566	(268)	"The system session has transitioned from 219 to 220.

Reason: 12"
Information	17-11-2021 12:30:52	Service Control Manager	7040	None	The start type of the Background Intelligent Transfer Service service was changed from auto start to demand start.
Information	17-11-2021 12:28:16	Service Control Manager	7040	None	The start type of the Background Intelligent Transfer Service service was changed from demand start to auto start.
Warning	17-11-2021 12:27:08	Microsoft-Windows-DistributedCOM	10016	None	"The application-specific permission settings do not grant Local Activation permission for the COM Server application with CLSID 
{2593F8B9-4EAF-457C-B68A-50F6B8EA6B54}
 and APPID 
{15C20B67-12E7-4BB6-92BB-7AFF07997402}
 to the user LAPTOP-7EVMU4TQ\mahendra SID (S-1-5-21-38077573-387163758-1783380300-1002) from address LocalHost (Using LRPC) running in the application container Unavailable SID (Unavailable). This security permission can be modified using the Component Services administrative tool."
Error	17-11-2021 12:19:45	Server	2505	None	The server could not bind to the transport \Device\NetBT_Tcpip_{9F961AE3-9423-4C8B-AB48-B1886999008B} because another computer on the network has the same name.  The server could not start.
Information	17-11-2021 12:19:42	Microsoft-Windows-Power-Troubleshooter	1	None	"The system has returned from a low power state.

Sleep Time: ‎2021‎-‎11‎-‎17T06:08:27.065200000Z
Wake Time: ‎2021‎-‎11‎-‎17T06:49:41.341211900Z

Wake Source: Power Button"
Error	17-11-2021 12:19:42	Tcpip	4199	None	The system detected an address conflict for IP address 192.168.1.100 with the system having network hardware address 90-0F-0C-00-F6-1F. Network operations on this system may be disrupted as a result.
Error	17-11-2021 12:19:42	Server	2505	None	The server could not bind to the transport \Device\NetBT_Tcpip_{9F961AE3-9423-4C8B-AB48-B1886999008B} because another computer on the network has the same name.  The server could not start.
Information	17-11-2021 12:19:41	Microsoft-Windows-Kernel-Power	566	(268)	"The system session has transitioned from 217 to 219.

Reason: 12"
Error	17-11-2021 12:19:41	Server	2505	None	The server could not bind to the transport \Device\NetBT_Tcpip_{59426481-F96A-490F-9157-08A6F626BD36} because another computer on the network has the same name.  The server could not start.
Information	17-11-2021 12:19:38	Microsoft-Windows-Kernel-Power	566	(268)	"The system session has transitioned from 216 to 217.

Reason: 12"
Information	17-11-2021 12:19:36	Microsoft-Windows-Kernel-Power	130	(33)	Firmware S3 times. SuspendStart: 122302567, SuspendEnd: 122302568
Information	17-11-2021 12:19:36	Microsoft-Windows-Kernel-Power	131	(33)	Firmware S3 times. ResumeCount: 2, FullResume: 1033, AverageResume: 1033
Information	17-11-2021 12:19:36	Microsoft-Windows-Kernel-General	1	(5)	"The system time has changed to ‎2021‎-‎11‎-‎17T06:49:36.500000000Z from ‎2021‎-‎11‎-‎17T06:08:37.869299300Z.

Change Reason: System time synchronized with the hardware clock.
Process: '' (PID 4).

RTC time: ‎2021‎-‎11‎-‎17T12:19:36.500000000Z
Current time zone bias: -330
RTC time is in UTC: false
System time was based on RTC time: false"
Information	17-11-2021 11:38:37	Microsoft-Windows-Kernel-Power	107	(102)	The system has resumed from sleep.
Information	17-11-2021 12:19:37	EventLog	6013	None	The system uptime is 275816 seconds.
Information	17-11-2021 11:38:33	Microsoft-Windows-Kernel-Power	42	(64)	"The system is entering sleep.

Sleep Reason: System Idle"
Information	17-11-2021 11:38:27	Microsoft-Windows-Kernel-Power	566	(268)	"The system session has transitioned from 214 to 216.

Reason: 12"
Information	17-11-2021 11:38:18	Microsoft-Windows-Kernel-Power	566	(268)	"The system session has transitioned from 213 to 214.

Reason: 12"
Warning	17-11-2021 11:27:55	Microsoft-Windows-DNS-Client	1014	(1014)	Name resolution for the name chrome.cloudflare-dns.com timed out after none of the configured DNS servers responded. Client PID 5264.
Information	17-11-2021 11:19:17	Microsoft-Windows-Kernel-Power	566	(268)	"The system session has transitioned from 211 to 213.

Reason: 12"
Information	17-11-2021 11:17:31	Microsoft-Windows-Kernel-Power	566	(268)	"The system session has transitioned from 210 to 211.

Reason: 12"
Error	17-11-2021 11:15:51	Server	2505	None	The server could not bind to the transport \Device\NetBT_Tcpip_{9F961AE3-9423-4C8B-AB48-B1886999008B} because another computer on the network has the same name.  The server could not start.
Information	17-11-2021 11:15:48	Microsoft-Windows-Power-Troubleshooter	1	None	"The system has returned from a low power state.

Sleep Time: ‎2021‎-‎11‎-‎17T05:42:41.705813600Z
Wake Time: ‎2021‎-‎11‎-‎17T05:45:45.806635000Z

Wake Source: Power Button"
Error	17-11-2021 11:15:48	Server	2505	None	The server could not bind to the transport \Device\NetBT_Tcpip_{59426481-F96A-490F-9157-08A6F626BD36} because another computer on the network has the same name.  The server could not start.
Information	17-11-2021 11:15:45	Microsoft-Windows-Kernel-Power	566	(268)	"The system session has transitioned from 208 to 210.

Reason: 12"
Information	17-11-2021 11:15:45	Microsoft-Windows-Kernel-Power	566	(268)	"The system session has transitioned from 207 to 208.

Reason: 12"
Information	17-11-2021 11:15:44	Microsoft-Windows-Kernel-Power	130	(33)	Firmware S3 times. SuspendStart: 120930246, SuspendEnd: 120930247
Information	17-11-2021 11:15:44	Microsoft-Windows-Kernel-Power	131	(33)	Firmware S3 times. ResumeCount: 1, FullResume: 1032, AverageResume: 1032
Information	17-11-2021 11:15:44	Microsoft-Windows-Kernel-General	1	(5)	"The system time has changed to ‎2021‎-‎11‎-‎17T05:45:44.500000000Z from ‎2021‎-‎11‎-‎17T05:42:59.159378800Z.

Change Reason: System time synchronized with the hardware clock.
Process: '' (PID 4).

RTC time: ‎2021‎-‎11‎-‎17T11:15:44.500000000Z
Current time zone bias: -330
RTC time is in UTC: false
System time was based on RTC time: false"
Information	17-11-2021 11:12:59	Microsoft-Windows-Kernel-Power	107	(102)	The system has resumed from sleep.
Information	17-11-2021 11:12:53	Microsoft-Windows-Kernel-Power	42	(64)	"The system is entering sleep.

Sleep Reason: System Idle"
Information	17-11-2021 11:12:44	Microsoft-Windows-Kernel-Power	566	(268)	"The system session has transitioned from 205 to 207.

Reason: 12"
Information	17-11-2021 11:12:28	Microsoft-Windows-Kernel-Power	566	(268)	"The system session has transitioned from 204 to 205.

Reason: 12"
Information	17-11-2021 11:08:52	Service Control Manager	7040	None	The start type of the Background Intelligent Transfer Service service was changed from auto start to demand start.
Information	17-11-2021 11:06:24	Service Control Manager	7040	None	The start type of the Background Intelligent Transfer Service service was changed from demand start to auto start.
Warning	17-11-2021 11:05:23	Microsoft-Windows-DistributedCOM	10016	None	"The application-specific permission settings do not grant Local Activation permission for the COM Server application with CLSID 
{2593F8B9-4EAF-457C-B68A-50F6B8EA6B54}
 and APPID 
{15C20B67-12E7-4BB6-92BB-7AFF07997402}
 to the user LAPTOP-7EVMU4TQ\mahendra SID (S-1-5-21-38077573-387163758-1783380300-1002) from address LocalHost (Using LRPC) running in the application container Unavailable SID (Unavailable). This security permission can be modified using the Component Services administrative tool."
Information	17-11-2021 10:15:51	Microsoft-Windows-Kernel-Power	105	(100)	Power source change.
Information	17-11-2021 10:11:08	Microsoft-Windows-WindowsUpdateClient	19	Windows Update Agent	Installation Successful: Windows successfully installed the following update: Security Intelligence Update for Microsoft Defender Antivirus - KB2267602 (Version 1.353.1128.0)
Information	17-11-2021 10:10:24	Microsoft-Windows-WindowsUpdateClient	43	Windows Update Agent	Installation Started: Windows has started installing the following update: Security Intelligence Update for Microsoft Defender Antivirus - KB2267602 (Version 1.353.1128.0)
Information	17-11-2021 10:10:21	Microsoft-Windows-WindowsUpdateClient	44	Windows Update Agent	Windows Update started downloading an update.
Information	17-11-2021 09:22:22	Microsoft-Windows-Kernel-Power	105	(100)	Power source change.
Information	17-11-2021 09:18:02	Microsoft-Windows-Kernel-Power	105	(100)	Power source change.
Information	17-11-2021 09:14:06	Service Control Manager	7040	None	The start type of the Background Intelligent Transfer Service service was changed from auto start to demand start.
Information	17-11-2021 09:11:32	Service Control Manager	7040	None	The start type of the Background Intelligent Transfer Service service was changed from demand start to auto start.
Warning	17-11-2021 09:10:31	Microsoft-Windows-DistributedCOM	10016	None	"The application-specific permission settings do not grant Local Activation permission for the COM Server application with CLSID 
{2593F8B9-4EAF-457C-B68A-50F6B8EA6B54}
 and APPID 
{15C20B67-12E7-4BB6-92BB-7AFF07997402}
 to the user LAPTOP-7EVMU4TQ\mahendra SID (S-1-5-21-38077573-387163758-1783380300-1002) from address LocalHost (Using LRPC) running in the application container Unavailable SID (Unavailable). This security permission can be modified using the Component Services administrative tool."
Information	17-11-2021 08:58:28	Service Control Manager	7040	None	The start type of the Background Intelligent Transfer Service service was changed from auto start to demand start.
Information	17-11-2021 08:55:17	Microsoft-Windows-Kernel-General	1	(5)	"The system time has changed to ‎2021‎-‎11‎-‎17T03:25:17.378249000Z from ‎2021‎-‎11‎-‎17T03:25:17.378132400Z.

Change Reason: An application or system component changed the time.
Process: '\Device\HarddiskVolume3\Windows\System32\svchost.exe' (PID 13968).

RTC time: ‎2021‎-‎11‎-‎17T08:55:17.378249000Z
Current time zone bias: -330
RTC time is in UTC: false
System time was based on RTC time: false"
Information	17-11-2021 08:55:17	Microsoft-Windows-Kernel-General	24	(11)	The time zone information was refreshed with exit reason 0. Current time zone bias is -330.
Information	17-11-2021 08:55:17	Microsoft-Windows-Time-Service	35	None	The time service is now synchronizing the system time with the time source time.windows.com,0x9 (ntp.m|0x9|0.0.0.0:123->40.81.94.65:123) with reference id 1096700200. Current local stratum number is 4.
Information	17-11-2021 08:55:17	Microsoft-Windows-Time-Service	37	None	The time provider NtpClient is currently receiving valid time data from time.windows.com,0x9 (ntp.m|0x9|0.0.0.0:123->40.81.94.65:123).
Warning	17-11-2021 08:55:03	Microsoft-Windows-DistributedCOM	10016	None	"The application-specific permission settings do not grant Local Activation permission for the COM Server application with CLSID 
{2593F8B9-4EAF-457C-B68A-50F6B8EA6B54}
 and APPID 
{15C20B67-12E7-4BB6-92BB-7AFF07997402}
 to the user LAPTOP-7EVMU4TQ\mahendra SID (S-1-5-21-38077573-387163758-1783380300-1002) from address LocalHost (Using LRPC) running in the application container Unavailable SID (Unavailable). This security permission can be modified using the Component Services administrative tool."
Warning	17-11-2021 08:54:44	Microsoft-Windows-DistributedCOM	10016	None	"The application-specific permission settings do not grant Local Activation permission for the COM Server application with CLSID 
{2593F8B9-4EAF-457C-B68A-50F6B8EA6B54}
 and APPID 
{15C20B67-12E7-4BB6-92BB-7AFF07997402}
 to the user LAPTOP-7EVMU4TQ\mahendra SID (S-1-5-21-38077573-387163758-1783380300-1002) from address LocalHost (Using LRPC) running in the application container Unavailable SID (Unavailable). This security permission can be modified using the Component Services administrative tool."
Error	17-11-2021 08:54:32	Server	2505	None	The server could not bind to the transport \Device\NetBT_Tcpip_{9F961AE3-9423-4C8B-AB48-B1886999008B} because another computer on the network has the same name.  The server could not start.
Information	17-11-2021 08:52:08	Service Control Manager	7040	None	The start type of the Background Intelligent Transfer Service service was changed from demand start to auto start.
Information	17-11-2021 08:51:34	Service Control Manager	7040	None	The start type of the Background Intelligent Transfer Service service was changed from auto start to demand start.
Information	17-11-2021 08:49:23	Service Control Manager	7040	None	The start type of the Background Intelligent Transfer Service service was changed from demand start to auto start.
Warning	17-11-2021 08:49:01	Microsoft-Windows-DistributedCOM	10016	None	"The application-specific permission settings do not grant Local Activation permission for the COM Server application with CLSID 
{6B3B8D23-FA8D-40B9-8DBD-B950333E2C52}
 and APPID 
{4839DDB7-58C2-48F5-8283-E1D1807D0D7D}
 to the user NT AUTHORITY\LOCAL SERVICE SID (S-1-5-19) from address LocalHost (Using LRPC) running in the application container Unavailable SID (Unavailable). This security permission can be modified using the Component Services administrative tool."
Warning	17-11-2021 08:49:01	Microsoft-Windows-DistributedCOM	10016	None	"The application-specific permission settings do not grant Local Activation permission for the COM Server application with CLSID 
{6B3B8D23-FA8D-40B9-8DBD-B950333E2C52}
 and APPID 
{4839DDB7-58C2-48F5-8283-E1D1807D0D7D}
 to the user NT AUTHORITY\LOCAL SERVICE SID (S-1-5-19) from address LocalHost (Using LRPC) running in the application container Unavailable SID (Unavailable). This security permission can be modified using the Component Services administrative tool."
Information	17-11-2021 08:48:55	Microsoft-Windows-Winlogon	7001	(1101)	User Logon Notification for Customer Experience Improvement Program
Warning	17-11-2021 08:46:20	Microsoft-Windows-Time-Service	134	None	NtpClient was unable to set a manual peer to use as a time source because of DNS resolution error on 'time.windows.com,0x9'. NtpClient will try again in 15 minutes and double the reattempt interval thereafter. The error was: No such host is known. (0x80072AF9)
Information	17-11-2021 08:46:14	Microsoft-Windows-Power-Troubleshooter	1	None	"The system has returned from a low power state.

Sleep Time: ‎2021‎-‎11‎-‎16T18:18:19.121960800Z
Wake Time: ‎2021‎-‎11‎-‎17T03:16:08.785786300Z

Wake Source: Unknown"
Information	17-11-2021 08:46:12	Microsoft-Windows-Kernel-Power	105	(100)	Power source change.
Error	17-11-2021 08:46:12	Server	2505	None	The server could not bind to the transport \Device\NetBT_Tcpip_{59426481-F96A-490F-9157-08A6F626BD36} because another computer on the network has the same name.  The server could not start.
Information	17-11-2021 08:46:11	Microsoft-Windows-Kernel-Power	566	(268)	"The system session has transitioned from 202 to 204.

Reason: 12"
Warning	17-11-2021 08:46:10	Microsoft-Windows-Time-Service	134	None	NtpClient was unable to set a manual peer to use as a time source because of DNS resolution error on 'time.windows.com,0x9'. NtpClient will try again in 15 minutes and double the reattempt interval thereafter. The error was: No such host is known. (0x80072AF9)
Information	17-11-2021 08:46:08	Microsoft-Windows-Kernel-Power	566	(268)	"The system session has transitioned from 201 to 202.

Reason: 12"
Information	17-11-2021 08:46:08	Microsoft-Windows-Kernel-Boot	32	(58)	The bootmgr spent 0 ms waiting for user input.
Information	17-11-2021 08:46:08	Microsoft-Windows-Kernel-Boot	18	(57)	There are 0x1 boot options on this system.
Information	17-11-2021 08:46:08	Microsoft-Windows-Kernel-Boot	30	(21)	The firmware reported boot metrics.
Information	17-11-2021 08:46:06	Microsoft-Windows-Kernel-General	1	(5)	"The system time has changed to ‎2021‎-‎11‎-‎17T03:16:06.500000000Z from ‎2021‎-‎11‎-‎16T18:19:01.725178400Z.

Change Reason: System time synchronized with the hardware clock.
Process: '' (PID 4).

RTC time: ‎2021‎-‎11‎-‎17T08:46:06.500000000Z
Current time zone bias: -330
RTC time is in UTC: false
System time was based on RTC time: false"
Information	16-11-2021 23:49:01	Microsoft-Windows-Kernel-Power	107	(102)	The system has resumed from sleep.
Information	16-11-2021 23:48:37	Microsoft-Windows-Kernel-Power	42	(64)	"The system is entering sleep.

Sleep Reason: Application API"
Information	16-11-2021 23:48:19	Microsoft-Windows-Kernel-Power	566	(268)	"The system session has transitioned from 200 to 201.

Reason: 12"
Information	16-11-2021 23:48:19	Microsoft-Windows-Kernel-Power	187	(243)	User-mode process attempted to change the system state by calling SetSuspendState or SetSystemPowerState APIs.
Information	16-11-2021 23:48:17	Microsoft-Windows-Winlogon	7002	(1102)	User Logoff Notification for Customer Experience Improvement Program
Information	16-11-2021 23:48:11	Microsoft-Windows-Kernel-Power	105	(100)	Power source change.
Information	16-11-2021 23:47:30	User32	1074	None	"The process Explorer.EXE has initiated the power off of computer LAPTOP-7EVMU4TQ on behalf of user LAPTOP-7EVMU4TQ\mahendra for the following reason: Other (Unplanned)
 Reason Code: 0x0
 Shutdown Type: power off
 Comment: "
Warning	16-11-2021 23:47:03	Microsoft-Windows-DistributedCOM	10016	None	"The application-specific permission settings do not grant Local Activation permission for the COM Server application with CLSID 
{2593F8B9-4EAF-457C-B68A-50F6B8EA6B54}
 and APPID 
{15C20B67-12E7-4BB6-92BB-7AFF07997402}
 to the user LAPTOP-7EVMU4TQ\mahendra SID (S-1-5-21-38077573-387163758-1783380300-1002) from address LocalHost (Using LRPC) running in the application container Unavailable SID (Unavailable). This security permission can be modified using the Component Services administrative tool."
Information	16-11-2021 23:40:53	Service Control Manager	7040	None	The start type of the Background Intelligent Transfer Service service was changed from auto start to demand start.
Information	16-11-2021 23:38:33	Service Control Manager	7040	None	The start type of the Background Intelligent Transfer Service service was changed from demand start to auto start.
Warning	16-11-2021 23:37:34	Microsoft-Windows-DistributedCOM	10016	None	"The application-specific permission settings do not grant Local Activation permission for the COM Server application with CLSID 
{2593F8B9-4EAF-457C-B68A-50F6B8EA6B54}
 and APPID 
{15C20B67-12E7-4BB6-92BB-7AFF07997402}
 to the user LAPTOP-7EVMU4TQ\mahendra SID (S-1-5-21-38077573-387163758-1783380300-1002) from address LocalHost (Using LRPC) running in the application container Unavailable SID (Unavailable). This security permission can be modified using the Component Services administrative tool."
Information	16-11-2021 23:22:00	Service Control Manager	7040	None	The start type of the Background Intelligent Transfer Service service was changed from auto start to demand start.
Information	16-11-2021 23:19:34	Service Control Manager	7040	None	The start type of the Background Intelligent Transfer Service service was changed from demand start to auto start.
Warning	16-11-2021 23:18:33	Microsoft-Windows-DistributedCOM	10016	None	"The application-specific permission settings do not grant Local Activation permission for the COM Server application with CLSID 
{2593F8B9-4EAF-457C-B68A-50F6B8EA6B54}
 and APPID 
{15C20B67-12E7-4BB6-92BB-7AFF07997402}
 to the user LAPTOP-7EVMU4TQ\mahendra SID (S-1-5-21-38077573-387163758-1783380300-1002) from address LocalHost (Using LRPC) running in the application container Unavailable SID (Unavailable). This security permission can be modified using the Component Services administrative tool."
Warning	16-11-2021 23:12:11	Microsoft-Windows-DistributedCOM	10016	None	"The application-specific permission settings do not grant Local Activation permission for the COM Server application with CLSID 
{2593F8B9-4EAF-457C-B68A-50F6B8EA6B54}
 and APPID 
{15C20B67-12E7-4BB6-92BB-7AFF07997402}
 to the user LAPTOP-7EVMU4TQ\mahendra SID (S-1-5-21-38077573-387163758-1783380300-1002) from address LocalHost (Using LRPC) running in the application container Unavailable SID (Unavailable). This security permission can be modified using the Component Services administrative tool."
Information	16-11-2021 23:08:25	Microsoft-Windows-Power-Troubleshooter	1	None	"The system has returned from a low power state.

Sleep Time: ‎2021‎-‎11‎-‎16T17:33:50.483148700Z
Wake Time: ‎2021‎-‎11‎-‎16T17:38:21.954181300Z

Wake Source: Power Button"
Error	16-11-2021 23:08:26	Server	2505	None	The server could not bind to the transport \Device\NetBT_Tcpip_{9F961AE3-9423-4C8B-AB48-B1886999008B} because another computer on the network has the same name.  The server could not start.
Error	16-11-2021 23:08:25	Server	2505	None	The server could not bind to the transport \Device\NetBT_Tcpip_{59426481-F96A-490F-9157-08A6F626BD36} because another computer on the network has the same name.  The server could not start.
Warning	16-11-2021 23:08:22	BTHUSB	34	None	The local adapter does not support an important Low Energy controller state to support peripheral mode.  The minimum required supported state mask is 0x2491f7fffff, got 0xffffffff.  Low Energy peripheral role functionality will not be available.
Information	16-11-2021 23:08:22	BTHUSB	18	None	Windows cannot store Bluetooth authentication codes (link keys) on the local adapter. Bluetooth keyboards might not work in the system BIOS during startup.
Information	16-11-2021 23:08:21	Microsoft-Windows-Kernel-Power	566	(268)	"The system session has transitioned from 198 to 200.

Reason: 12"
Information	16-11-2021 23:08:20	Microsoft-Windows-Kernel-Power	566	(268)	"The system session has transitioned from 197 to 198.

Reason: 12"
Information	16-11-2021 23:08:19	Microsoft-Windows-Kernel-Power	130	(33)	Firmware S3 times. SuspendStart: 109656815, SuspendEnd: 109656816
Information	16-11-2021 23:08:19	Microsoft-Windows-Kernel-Power	131	(33)	Firmware S3 times. ResumeCount: 2, FullResume: 1031, AverageResume: 1032
Information	16-11-2021 23:08:19	Microsoft-Windows-Kernel-General	1	(5)	"The system time has changed to ‎2021‎-‎11‎-‎16T17:38:19.500000000Z from ‎2021‎-‎11‎-‎16T17:34:03.040397200Z.

Change Reason: System time synchronized with the hardware clock.
Process: '' (PID 4).

RTC time: ‎2021‎-‎11‎-‎16T23:08:19.500000000Z
Current time zone bias: -330
RTC time is in UTC: false
System time was based on RTC time: false"
Information	16-11-2021 23:04:03	Microsoft-Windows-Kernel-Power	107	(102)	The system has resumed from sleep.
Information	16-11-2021 23:03:58	Microsoft-Windows-Kernel-Power	42	(64)	"The system is entering sleep.

Sleep Reason: System Idle"
Information	16-11-2021 23:03:51	Microsoft-Windows-Kernel-Power	566	(268)	"The system session has transitioned from 195 to 197.

Reason: 12"
Information	16-11-2021 22:53:36	Microsoft-Windows-Kernel-Power	566	(268)	"The system session has transitioned from 194 to 195.

Reason: 12"
Information	16-11-2021 22:10:33	Microsoft-Windows-Kernel-Power	566	(268)	"The system session has transitioned from 192 to 194.

Reason: 12"
Information	16-11-2021 22:09:23	Microsoft-Windows-WindowsUpdateClient	19	Windows Update Agent	Installation Successful: Windows successfully installed the following update: HP Inc. - HIDClass - 2.1.15.24410
Information	16-11-2021 22:09:17	Microsoft-Windows-WindowsUpdateClient	43	Windows Update Agent	Installation Started: Windows has started installing the following update: HP Inc. - HIDClass - 2.1.15.24410
Information	16-11-2021 22:09:12	Microsoft-Windows-WindowsUpdateClient	44	Windows Update Agent	Windows Update started downloading an update.
Information	16-11-2021 22:09:12	Microsoft-Windows-WindowsUpdateClient	44	Windows Update Agent	Windows Update started downloading an update.
Information	16-11-2021 22:09:02	Microsoft-Windows-Kernel-Power	566	(268)	"The system session has transitioned from 191 to 192.

Reason: 12"
Error	16-11-2021 22:08:03	Server	2505	None	The server could not bind to the transport \Device\NetBT_Tcpip_{9F961AE3-9423-4C8B-AB48-B1886999008B} because another computer on the network has the same name.  The server could not start.
Information	16-11-2021 22:08:02	Microsoft-Windows-Power-Troubleshooter	1	None	"The system has returned from a low power state.

Sleep Time: ‎2021‎-‎11‎-‎16T16:07:39.682615000Z
Wake Time: ‎2021‎-‎11‎-‎16T16:37:57.430841800Z

Wake Source: Power Button"
Information	16-11-2021 22:07:57	Microsoft-Windows-Kernel-Power	566	(268)	"The system session has transitioned from 189 to 191.

Reason: 12"
Error	16-11-2021 22:07:56	Server	2505	None	The server could not bind to the transport \Device\NetBT_Tcpip_{59426481-F96A-490F-9157-08A6F626BD36} because another computer on the network has the same name.  The server could not start.
Warning	16-11-2021 22:07:53	BTHUSB	34	None	The local adapter does not support an important Low Energy controller state to support peripheral mode.  The minimum required supported state mask is 0x2491f7fffff, got 0xffffffff.  Low Energy peripheral role functionality will not be available.
Information	16-11-2021 22:07:52	Microsoft-Windows-Kernel-Power	566	(268)	"The system session has transitioned from 188 to 189.

Reason: 12"
Information	16-11-2021 22:07:52	BTHUSB	18	None	Windows cannot store Bluetooth authentication codes (link keys) on the local adapter. Bluetooth keyboards might not work in the system BIOS during startup.
Information	16-11-2021 22:07:51	Microsoft-Windows-Kernel-Power	105	(100)	Power source change.
Information	16-11-2021 22:07:50	Microsoft-Windows-Kernel-Power	130	(33)	Firmware S3 times. SuspendStart: 106287410, SuspendEnd: 106287411
Information	16-11-2021 22:07:50	Microsoft-Windows-Kernel-Power	131	(33)	Firmware S3 times. ResumeCount: 1, FullResume: 1034, AverageResume: 1034
Information	16-11-2021 22:07:50	Microsoft-Windows-Kernel-General	1	(5)	"The system time has changed to ‎2021‎-‎11‎-‎16T16:37:50.500000000Z from ‎2021‎-‎11‎-‎16T16:08:08.791874300Z.

Change Reason: System time synchronized with the hardware clock.
Process: '' (PID 4).

RTC time: ‎2021‎-‎11‎-‎16T22:07:50.500000000Z
Current time zone bias: -330
RTC time is in UTC: false
System time was based on RTC time: false"
Information	16-11-2021 21:38:08	Microsoft-Windows-Kernel-Power	107	(102)	The system has resumed from sleep.
Information	16-11-2021 21:38:04	Microsoft-Windows-Kernel-Power	42	(64)	"The system is entering sleep.

Sleep Reason: System Idle"
Information	16-11-2021 21:37:44	Microsoft-Windows-Kernel-Power	566	(268)	"The system session has transitioned from 186 to 188.

Reason: 12"
Information	16-11-2021 21:37:23	Microsoft-Windows-Kernel-Power	566	(268)	"The system session has transitioned from 185 to 186.

Reason: 12"
Information	16-11-2021 21:35:00	Microsoft-Windows-Kernel-Power	105	(100)	Power source change.
Warning	16-11-2021 21:21:09	Microsoft-Windows-DistributedCOM	10016	None	"The application-specific permission settings do not grant Local Activation permission for the COM Server application with CLSID 
{2593F8B9-4EAF-457C-B68A-50F6B8EA6B54}
 and APPID 
{15C20B67-12E7-4BB6-92BB-7AFF07997402}
 to the user LAPTOP-7EVMU4TQ\mahendra SID (S-1-5-21-38077573-387163758-1783380300-1002) from address LocalHost (Using LRPC) running in the application container Unavailable SID (Unavailable). This security permission can be modified using the Component Services administrative tool."
Information	16-11-2021 21:11:20	Service Control Manager	7040	None	The start type of the Background Intelligent Transfer Service service was changed from auto start to demand start.
Information	16-11-2021 21:09:06	Service Control Manager	7040	None	The start type of the Background Intelligent Transfer Service service was changed from demand start to auto start.
Warning	16-11-2021 21:07:47	Microsoft-Windows-DistributedCOM	10016	None	"The application-specific permission settings do not grant Local Activation permission for the COM Server application with CLSID 
{2593F8B9-4EAF-457C-B68A-50F6B8EA6B54}
 and APPID 
{15C20B67-12E7-4BB6-92BB-7AFF07997402}
 to the user LAPTOP-7EVMU4TQ\mahendra SID (S-1-5-21-38077573-387163758-1783380300-1002) from address LocalHost (Using LRPC) running in the application container Unavailable SID (Unavailable). This security permission can be modified using the Component Services administrative tool."
Information	16-11-2021 20:58:04	Microsoft-Windows-Kernel-Power	566	(268)	"The system session has transitioned from 183 to 185.

Reason: 12"
Information	16-11-2021 20:57:23	Microsoft-Windows-Kernel-Power	566	(268)	"The system session has transitioned from 182 to 183.

Reason: 12"
Information	16-11-2021 20:26:27	Microsoft-Windows-Time-Service	158	None	The time provider 'VMICTimeProvider' has indicated that the current hardware and operating environment is not supported and has stopped. This behavior is expected for VMICTimeProvider on non-HyperV-guest environments. This may be the expected behavior for the current provider in the current operating environment as well.
Information	16-11-2021 20:09:23	Microsoft-Windows-Time-Service	158	None	The time provider 'VMICTimeProvider' has indicated that the current hardware and operating environment is not supported and has stopped. This behavior is expected for VMICTimeProvider on non-HyperV-guest environments. This may be the expected behavior for the current provider in the current operating environment as well.
Information	16-11-2021 19:52:19	Microsoft-Windows-Time-Service	158	None	The time provider 'VMICTimeProvider' has indicated that the current hardware and operating environment is not supported and has stopped. This behavior is expected for VMICTimeProvider on non-HyperV-guest environments. This may be the expected behavior for the current provider in the current operating environment as well.
Information	16-11-2021 19:44:14	Microsoft-Windows-WindowsUpdateClient	19	Windows Update Agent	Installation Successful: Windows successfully installed the following update: 9NBLGGH4NNS1-Microsoft.DesktopAppInstaller
Information	16-11-2021 19:44:10	Microsoft-Windows-WindowsUpdateClient	19	Windows Update Agent	Installation Successful: Windows successfully installed the following update: 9NBLGGH5R558-Microsoft.Todos
Information	16-11-2021 19:44:03	Microsoft-Windows-Kernel-General	16	None	The access history in hive \??\C:\Users\mahendra\AppData\Local\Packages\Microsoft.DesktopAppInstaller_8wekyb3d8bbwe\Settings\settings.dat was cleared updating 2 keys and creating 1 modified pages.
Information	16-11-2021 19:44:02	Microsoft-Windows-Kernel-General	16	None	The access history in hive \??\C:\Users\mahendra\AppData\Local\Packages\Microsoft.Todos_8wekyb3d8bbwe\Settings\settings.dat was cleared updating 1 keys and creating 1 modified pages.
Information	16-11-2021 19:43:59	Microsoft-Windows-WindowsUpdateClient	43	Windows Update Agent	Installation Started: Windows has started installing the following update: 9NBLGGH4NNS1-Microsoft.DesktopAppInstaller
Information	16-11-2021 19:43:59	Microsoft-Windows-WindowsUpdateClient	19	Windows Update Agent	Installation Successful: Windows successfully installed the following update: 9NBLGGH4RV3K-Microsoft.VCLibs.140.00.UWPDesktop
