Level	Date and Time	Source	Event ID	Task Category
Error	23-11-2021 23:32:04	Server	2505	None	The server could not bind to the transport \Device\NetBT_Tcpip_{9F961AE3-9423-4C8B-AB48-B1886999008B} because another computer on the network has the same name.  The server could not start.
Error	23-11-2021 23:30:41	Server	2505	None	The server could not bind to the transport \Device\NetBT_Tcpip_{9F961AE3-9423-4C8B-AB48-B1886999008B} because another computer on the network has the same name.  The server could not start.
Information	23-11-2021 23:16:31	Microsoft-Windows-WindowsUpdateClient	19	Windows Update Agent	Installation Successful: Windows successfully installed the following update: Security Intelligence Update for Microsoft Defender Antivirus - KB2267602 (Version 1.353.1477.0)
Information	23-11-2021 23:15:37	Microsoft-Windows-WindowsUpdateClient	43	Windows Update Agent	Installation Started: Windows has started installing the following update: Security Intelligence Update for Microsoft Defender Antivirus - KB2267602 (Version 1.353.1477.0)
Information	23-11-2021 23:15:37	Microsoft-Windows-WindowsUpdateClient	44	Windows Update Agent	Windows Update started downloading an update.
Information	23-11-2021 23:05:47	Microsoft-Windows-Kernel-General	1	(5)	"The system time has changed to ‎2021‎-‎11‎-‎23T17:35:47.082347100Z from ‎2021‎-‎11‎-‎23T17:35:47.082370300Z.

Change Reason: An application or system component changed the time.
Process: '\Device\HarddiskVolume3\Windows\System32\svchost.exe' (PID 29444).

RTC time: ‎2021‎-‎11‎-‎23T23:05:47.082347100Z
Current time zone bias: -330
RTC time is in UTC: false
System time was based on RTC time: false"
Information	23-11-2021 23:05:47	Microsoft-Windows-Kernel-General	24	(11)	The time zone information was refreshed with exit reason 0. Current time zone bias is -330.
Information	23-11-2021 23:05:47	Microsoft-Windows-Time-Service	35	None	The time service is now synchronizing the system time with the time source time.windows.com,0x9 (ntp.m|0x9|0.0.0.0:123->40.81.94.65:123) with reference id 1096700200. Current local stratum number is 4.
Information	23-11-2021 23:05:46	Microsoft-Windows-Time-Service	37	None	The time provider NtpClient is currently receiving valid time data from time.windows.com,0x9 (ntp.m|0x9|0.0.0.0:123->40.81.94.65:123).
Information	23-11-2021 23:04:28	Microsoft-Windows-Power-Troubleshooter	1	None	"The system has returned from a low power state.

Sleep Time: ‎2021‎-‎11‎-‎23T17:32:34.169171300Z
Wake Time: ‎2021‎-‎11‎-‎23T17:34:12.166301000Z

Wake Source: Unknown"
Information	23-11-2021 23:04:12	Microsoft-Windows-Kernel-Power	566	(268)	"The system session has transitioned from 233 to 235.

Reason: 15"
Information	23-11-2021 23:04:12	Microsoft-Windows-Kernel-Power	566	(268)	"The system session has transitioned from 232 to 233.

Reason: 15"
Information	23-11-2021 23:04:12	Microsoft-Windows-Kernel-Boot	32	(58)	The bootmgr spent 0 ms waiting for user input.
Information	23-11-2021 23:04:12	Microsoft-Windows-Kernel-Boot	18	(57)	There are 0x1 boot options on this system.
Information	23-11-2021 23:04:12	Microsoft-Windows-Kernel-Boot	30	(21)	The firmware reported boot metrics.
Information	23-11-2021 23:04:08	Microsoft-Windows-Kernel-General	1	(5)	"The system time has changed to ‎2021‎-‎11‎-‎23T17:34:08.500000000Z from ‎2021‎-‎11‎-‎23T17:33:02.086859500Z.

Change Reason: System time synchronized with the hardware clock.
Process: '' (PID 4).

RTC time: ‎2021‎-‎11‎-‎23T23:04:08.500000000Z
Current time zone bias: -330
RTC time is in UTC: false
System time was based on RTC time: false"
Information	23-11-2021 23:03:02	Microsoft-Windows-Kernel-Power	107	(102)	The system has resumed from sleep.
Error	23-11-2021 23:04:14	Server	2505	None	The server could not bind to the transport \Device\NetBT_Tcpip_{59426481-F96A-490F-9157-08A6F626BD36} because another computer on the network has the same name.  The server could not start.
Error	23-11-2021 23:04:14	Server	2505	None	The server could not bind to the transport \Device\NetBT_Tcpip_{9F961AE3-9423-4C8B-AB48-B1886999008B} because another computer on the network has the same name.  The server could not start.
Information	23-11-2021 23:02:50	Microsoft-Windows-UserModePowerService	12	(10)	Process C:\Windows\System32\svchost.exe (process ID:1652) reset policy scheme from {48684d4a-8524-4093-8a63-ea7132b79c1c} to {48684d4a-8524-4093-8a63-ea7132b79c1c}
Information	23-11-2021 23:02:50	Microsoft-Windows-Kernel-Power	105	(100)	Power source change.
Information	23-11-2021 23:02:50	Microsoft-Windows-Kernel-Power	42	(64)	"The system is entering sleep.

Sleep Reason: Battery"
Information	23-11-2021 23:02:38	Microsoft-Windows-Kernel-Power	566	(268)	"The system session has transitioned from 231 to 232.

Reason: 15"
Information	23-11-2021 23:02:34	Microsoft-Windows-Kernel-Power	524	(223)	Critical Battery Trigger Met
Information	23-11-2021 22:42:49	Microsoft-Windows-UserModePowerService	12	(10)	Process C:\Windows\System32\svchost.exe (process ID:1652) reset policy scheme from {48684d4a-8524-4093-8a63-ea7132b79c1c} to {48684d4a-8524-4093-8a63-ea7132b79c1c}
Warning	23-11-2021 21:37:09	Microsoft-Windows-DistributedCOM	10016	None	"The application-specific permission settings do not grant Local Activation permission for the COM Server application with CLSID 
{2593F8B9-4EAF-457C-B68A-50F6B8EA6B54}
 and APPID 
{15C20B67-12E7-4BB6-92BB-7AFF07997402}
 to the user LAPTOP-7EVMU4TQ\mahendra SID (S-1-5-21-38077573-387163758-1783380300-1002) from address LocalHost (Using LRPC) running in the application container Unavailable SID (Unavailable). This security permission can be modified using the Component Services administrative tool."
Information	23-11-2021 20:43:40	Microsoft-Windows-Kernel-Power	105	(100)	Power source change.
Error	23-11-2021 18:58:08	Server	2505	None	The server could not bind to the transport \Device\NetBT_Tcpip_{9F961AE3-9423-4C8B-AB48-B1886999008B} because another computer on the network has the same name.  The server could not start.
Warning	23-11-2021 18:57:59	Microsoft-Windows-DNS-Client	1014	(1014)	Name resolution for the name activity.windows.com timed out after none of the configured DNS servers responded. Client PID 14228.
Error	23-11-2021 18:56:46	Server	2505	None	The server could not bind to the transport \Device\NetBT_Tcpip_{9F961AE3-9423-4C8B-AB48-B1886999008B} because another computer on the network has the same name.  The server could not start.
Error	23-11-2021 18:56:27	Service Control Manager	7009	None	A timeout was reached (30000 milliseconds) while waiting for the Intel(R) SUR QC Software Asset Manager service to connect.
Warning	23-11-2021 18:39:02	Microsoft-Windows-DistributedCOM	10016	None	"The application-specific permission settings do not grant Local Activation permission for the COM Server application with CLSID 
{2593F8B9-4EAF-457C-B68A-50F6B8EA6B54}
 and APPID 
{15C20B67-12E7-4BB6-92BB-7AFF07997402}
 to the user LAPTOP-7EVMU4TQ\mahendra SID (S-1-5-21-38077573-387163758-1783380300-1002) from address LocalHost (Using LRPC) running in the application container Unavailable SID (Unavailable). This security permission can be modified using the Component Services administrative tool."
Warning	23-11-2021 17:47:07	Microsoft-Windows-DistributedCOM	10016	None	"The application-specific permission settings do not grant Local Activation permission for the COM Server application with CLSID 
{2593F8B9-4EAF-457C-B68A-50F6B8EA6B54}
 and APPID 
{15C20B67-12E7-4BB6-92BB-7AFF07997402}
 to the user LAPTOP-7EVMU4TQ\mahendra SID (S-1-5-21-38077573-387163758-1783380300-1002) from address LocalHost (Using LRPC) running in the application container Unavailable SID (Unavailable). This security permission can be modified using the Component Services administrative tool."
Error	23-11-2021 17:45:36	Microsoft-Windows-WindowsUpdateClient	20	Windows Update Agent	Installation Failure: Windows failed to install the following update with error 0x80073D02: 9WZDNCRFJ3P2-MICROSOFT.ZUNEVIDEO.
Information	23-11-2021 17:45:33	Microsoft-Windows-WindowsUpdateClient	43	Windows Update Agent	Installation Started: Windows has started installing the following update: 9WZDNCRFJ3P2-MICROSOFT.ZUNEVIDEO
Error	23-11-2021 17:45:30	Microsoft-Windows-WindowsUpdateClient	20	Windows Update Agent	Installation Failure: Windows failed to install the following update with error 0x80073D02: 9NMPJ99VJBWV-Microsoft.YourPhone.
Error	23-11-2021 17:45:30	Microsoft-Windows-WindowsUpdateClient	20	Windows Update Agent	Installation Failure: Windows failed to install the following update with error 0x80073D02: 9WZDNCRFJBH4-Microsoft.Windows.Photos.
Error	23-11-2021 17:45:13	Microsoft-Windows-DistributedCOM	10010	None	The server NcsiUwpApp_1000.22000.1.0_neutral_neutral_8wekyb3d8bbwe!App.AppXw175g9nmx2zykh9fyt6xjc0xf8vmj1w6.mca did not register with DCOM within the required timeout.
Information	23-11-2021 17:45:07	Microsoft-Windows-Power-Troubleshooter	1	None	"The system has returned from a low power state.

Sleep Time: ‎2021‎-‎11‎-‎23T11:03:48.809460300Z
Wake Time: ‎2021‎-‎11‎-‎23T12:15:01.264347000Z

Wake Source: Power Button"
Error	23-11-2021 17:45:06	Server	2505	None	The server could not bind to the transport \Device\NetBT_Tcpip_{9F961AE3-9423-4C8B-AB48-B1886999008B} because another computer on the network has the same name.  The server could not start.
Error	23-11-2021 17:45:04	Server	2505	None	The server could not bind to the transport \Device\NetBT_Tcpip_{59426481-F96A-490F-9157-08A6F626BD36} because another computer on the network has the same name.  The server could not start.
Information	23-11-2021 17:45:01	Microsoft-Windows-Kernel-Power	566	(268)	"The system session has transitioned from 229 to 231.

Reason: 15"
Information	23-11-2021 17:45:00	Microsoft-Windows-Kernel-Power	566	(268)	"The system session has transitioned from 228 to 229.

Reason: 15"
Information	23-11-2021 17:44:58	Microsoft-Windows-Kernel-Power	130	(33)	Firmware S3 times. SuspendStart: 127511648, SuspendEnd: 127511649
Information	23-11-2021 17:44:58	Microsoft-Windows-Kernel-Power	131	(33)	Firmware S3 times. ResumeCount: 4, FullResume: 1037, AverageResume: 1035
Information	23-11-2021 17:44:58	Microsoft-Windows-Kernel-General	1	(5)	"The system time has changed to ‎2021‎-‎11‎-‎23T12:14:58.500000000Z from ‎2021‎-‎11‎-‎23T11:04:05.410083400Z.

Change Reason: System time synchronized with the hardware clock.
Process: '' (PID 4).

RTC time: ‎2021‎-‎11‎-‎23T17:44:58.500000000Z
Current time zone bias: -330
RTC time is in UTC: false
System time was based on RTC time: false"
Information	23-11-2021 16:34:05	Microsoft-Windows-Kernel-Power	107	(102)	The system has resumed from sleep.
Information	23-11-2021 16:34:00	Microsoft-Windows-Kernel-Power	42	(64)	"The system is entering sleep.

Sleep Reason: System Idle"
Information	23-11-2021 16:33:56	Microsoft-Windows-WindowsUpdateClient	43	Windows Update Agent	Installation Started: Windows has started installing the following update: 9NMPJ99VJBWV-Microsoft.YourPhone
Information	23-11-2021 16:33:56	Microsoft-Windows-WindowsUpdateClient	43	Windows Update Agent	Installation Started: Windows has started installing the following update: 9WZDNCRFJBH4-Microsoft.Windows.Photos
Information	23-11-2021 16:33:50	Microsoft-Windows-Kernel-Power	566	(268)	"The system session has transitioned from 226 to 228.

Reason: 15"
Information	23-11-2021 16:24:51	Microsoft-Windows-Kernel-Power	566	(268)	"The system session has transitioned from 225 to 226.

Reason: 15"
Warning	23-11-2021 15:54:34	Microsoft-Windows-DistributedCOM	10016	None	"The application-specific permission settings do not grant Local Activation permission for the COM Server application with CLSID 
{2593F8B9-4EAF-457C-B68A-50F6B8EA6B54}
 and APPID 
{15C20B67-12E7-4BB6-92BB-7AFF07997402}
 to the user LAPTOP-7EVMU4TQ\mahendra SID (S-1-5-21-38077573-387163758-1783380300-1002) from address LocalHost (Using LRPC) running in the application container Unavailable SID (Unavailable). This security permission can be modified using the Component Services administrative tool."
Warning	23-11-2021 15:53:24	Microsoft-Windows-DistributedCOM	10016	None	"The application-specific permission settings do not grant Local Activation permission for the COM Server application with CLSID 
{2593F8B9-4EAF-457C-B68A-50F6B8EA6B54}
 and APPID 
{15C20B67-12E7-4BB6-92BB-7AFF07997402}
 to the user LAPTOP-7EVMU4TQ\mahendra SID (S-1-5-21-38077573-387163758-1783380300-1002) from address LocalHost (Using LRPC) running in the application container Unavailable SID (Unavailable). This security permission can be modified using the Component Services administrative tool."
Warning	23-11-2021 15:50:43	Microsoft-Windows-DistributedCOM	10016	None	"The application-specific permission settings do not grant Local Activation permission for the COM Server application with CLSID 
{2593F8B9-4EAF-457C-B68A-50F6B8EA6B54}
 and APPID 
{15C20B67-12E7-4BB6-92BB-7AFF07997402}
 to the user LAPTOP-7EVMU4TQ\mahendra SID (S-1-5-21-38077573-387163758-1783380300-1002) from address LocalHost (Using LRPC) running in the application container Unavailable SID (Unavailable). This security permission can be modified using the Component Services administrative tool."
Warning	23-11-2021 15:50:12	Microsoft-Windows-DistributedCOM	10016	None	"The application-specific permission settings do not grant Local Activation permission for the COM Server application with CLSID 
{2593F8B9-4EAF-457C-B68A-50F6B8EA6B54}
 and APPID 
{15C20B67-12E7-4BB6-92BB-7AFF07997402}
 to the user LAPTOP-7EVMU4TQ\mahendra SID (S-1-5-21-38077573-387163758-1783380300-1002) from address LocalHost (Using LRPC) running in the application container Unavailable SID (Unavailable). This security permission can be modified using the Component Services administrative tool."
Warning	23-11-2021 15:44:57	Microsoft-Windows-DistributedCOM	10016	None	"The application-specific permission settings do not grant Local Activation permission for the COM Server application with CLSID 
{2593F8B9-4EAF-457C-B68A-50F6B8EA6B54}
 and APPID 
{15C20B67-12E7-4BB6-92BB-7AFF07997402}
 to the user LAPTOP-7EVMU4TQ\mahendra SID (S-1-5-21-38077573-387163758-1783380300-1002) from address LocalHost (Using LRPC) running in the application container Unavailable SID (Unavailable). This security permission can be modified using the Component Services administrative tool."
Information	23-11-2021 15:08:10	Microsoft-Windows-Time-Service	158	None	The time provider 'VMICTimeProvider' has indicated that the current hardware and operating environment is not supported and has stopped. This behavior is expected for VMICTimeProvider on non-HyperV-guest environments. This may be the expected behavior for the current provider in the current operating environment as well.
Information	23-11-2021 14:54:00	Service Control Manager	7040	None	The start type of the Background Intelligent Transfer Service service was changed from auto start to demand start.
Information	23-11-2021 14:51:39	Service Control Manager	7040	None	The start type of the Background Intelligent Transfer Service service was changed from demand start to auto start.
Information	23-11-2021 14:51:06	Microsoft-Windows-Time-Service	158	None	The time provider 'VMICTimeProvider' has indicated that the current hardware and operating environment is not supported and has stopped. This behavior is expected for VMICTimeProvider on non-HyperV-guest environments. This may be the expected behavior for the current provider in the current operating environment as well.
Warning	23-11-2021 14:50:29	Microsoft-Windows-DistributedCOM	10016	None	"The application-specific permission settings do not grant Local Activation permission for the COM Server application with CLSID 
{2593F8B9-4EAF-457C-B68A-50F6B8EA6B54}
 and APPID 
{15C20B67-12E7-4BB6-92BB-7AFF07997402}
 to the user LAPTOP-7EVMU4TQ\mahendra SID (S-1-5-21-38077573-387163758-1783380300-1002) from address LocalHost (Using LRPC) running in the application container Unavailable SID (Unavailable). This security permission can be modified using the Component Services administrative tool."
Information	23-11-2021 14:38:32	Microsoft-Windows-Winlogon	7002	(1102)	User Logoff Notification for Customer Experience Improvement Program
Information	23-11-2021 14:37:32	Microsoft-Windows-Kernel-Power	566	(268)	"The system session has transitioned from 223 to 225.

Reason: 15"
Information	23-11-2021 14:37:23	Microsoft-Windows-Kernel-Power	566	(268)	"The system session has transitioned from 222 to 223.

Reason: 15"
Information	23-11-2021 14:34:02	Microsoft-Windows-Time-Service	158	None	The time provider 'VMICTimeProvider' has indicated that the current hardware and operating environment is not supported and has stopped. This behavior is expected for VMICTimeProvider on non-HyperV-guest environments. This may be the expected behavior for the current provider in the current operating environment as well.
Information	23-11-2021 14:25:52	Microsoft-Windows-Kernel-Power	566	(268)	"The system session has transitioned from 220 to 222.

Reason: 15"
Information	23-11-2021 14:20:54	Microsoft-Windows-Kernel-Power	566	(268)	"The system session has transitioned from 219 to 220.

Reason: 15"
Information	23-11-2021 14:16:58	Microsoft-Windows-Time-Service	158	None	The time provider 'VMICTimeProvider' has indicated that the current hardware and operating environment is not supported and has stopped. This behavior is expected for VMICTimeProvider on non-HyperV-guest environments. This may be the expected behavior for the current provider in the current operating environment as well.
Error	23-11-2021 14:15:37	Microsoft-Windows-WindowsUpdateClient	20	Windows Update Agent	Installation Failure: Windows failed to install the following update with error 0x80073D02: 9WZDNCRFJ3P2-MICROSOFT.ZUNEVIDEO.
Information	23-11-2021 14:15:37	Microsoft-Windows-WindowsUpdateClient	43	Windows Update Agent	Installation Started: Windows has started installing the following update: 9WZDNCRFJ3P2-MICROSOFT.ZUNEVIDEO
Error	23-11-2021 14:15:34	Microsoft-Windows-WindowsUpdateClient	20	Windows Update Agent	Installation Failure: Windows failed to install the following update with error 0x80073D02: 9NMPJ99VJBWV-Microsoft.YourPhone.
Information	23-11-2021 14:15:32	Microsoft-Windows-WindowsUpdateClient	43	Windows Update Agent	Installation Started: Windows has started installing the following update: 9NMPJ99VJBWV-Microsoft.YourPhone
Information	23-11-2021 14:15:32	Microsoft-Windows-WindowsUpdateClient	44	Windows Update Agent	Windows Update started downloading an update.
Error	23-11-2021 14:15:20	Microsoft-Windows-WindowsUpdateClient	20	Windows Update Agent	Installation Failure: Windows failed to install the following update with error 0x80073D02: 9WZDNCRFJBH4-Microsoft.Windows.Photos.
Information	23-11-2021 14:15:19	Microsoft-Windows-WindowsUpdateClient	43	Windows Update Agent	Installation Started: Windows has started installing the following update: 9WZDNCRFJBH4-Microsoft.Windows.Photos
Information	23-11-2021 14:15:18	Microsoft-Windows-WindowsUpdateClient	44	Windows Update Agent	Windows Update started downloading an update.
Information	23-11-2021 14:15:18	Microsoft-Windows-WindowsUpdateClient	44	Windows Update Agent	Windows Update started downloading an update.
Error	23-11-2021 14:13:34	Server	2505	None	The server could not bind to the transport \Device\NetBT_Tcpip_{9F961AE3-9423-4C8B-AB48-B1886999008B} because another computer on the network has the same name.  The server could not start.
Error	23-11-2021 14:11:56	Microsoft-Windows-WindowsUpdateClient	20	Windows Update Agent	Installation Failure: Windows failed to install the following update with error 0x80073D02: 9WZDNCRFJ3P2-MICROSOFT.ZUNEVIDEO.
Information	23-11-2021 14:11:55	Microsoft-Windows-WindowsUpdateClient	43	Windows Update Agent	Installation Started: Windows has started installing the following update: 9WZDNCRFJ3P2-MICROSOFT.ZUNEVIDEO
Error	23-11-2021 14:10:35	Microsoft-Windows-WindowsUpdateClient	20	Windows Update Agent	Installation Failure: Windows failed to install the following update with error 0x80073D02: 9NMPJ99VJBWV-Microsoft.YourPhone.
Information	23-11-2021 14:10:34	Microsoft-Windows-WindowsUpdateClient	43	Windows Update Agent	Installation Started: Windows has started installing the following update: 9NMPJ99VJBWV-Microsoft.YourPhone
Information	23-11-2021 14:10:34	Microsoft-Windows-WindowsUpdateClient	44	Windows Update Agent	Windows Update started downloading an update.
Error	23-11-2021 14:10:24	Microsoft-Windows-WindowsUpdateClient	20	Windows Update Agent	Installation Failure: Windows failed to install the following update with error 0x80073D02: 9WZDNCRFJBH4-Microsoft.Windows.Photos.
Information	23-11-2021 14:10:24	Microsoft-Windows-WindowsUpdateClient	43	Windows Update Agent	Installation Started: Windows has started installing the following update: 9WZDNCRFJBH4-Microsoft.Windows.Photos
Information	23-11-2021 14:10:24	Microsoft-Windows-WindowsUpdateClient	44	Windows Update Agent	Windows Update started downloading an update.
Information	23-11-2021 14:10:24	Microsoft-Windows-WindowsUpdateClient	44	Windows Update Agent	Windows Update started downloading an update.
Error	23-11-2021 14:09:23	Microsoft-Windows-WindowsUpdateClient	20	Windows Update Agent	Installation Failure: Windows failed to install the following update with error 0x80073D02: 9WZDNCRFJ3P2-MICROSOFT.ZUNEVIDEO.
Information	23-11-2021 14:09:22	Microsoft-Windows-WindowsUpdateClient	43	Windows Update Agent	Installation Started: Windows has started installing the following update: 9WZDNCRFJ3P2-MICROSOFT.ZUNEVIDEO
Information	23-11-2021 14:07:41	Microsoft-Windows-WindowsUpdateClient	44	Windows Update Agent	Windows Update started downloading an update.
Error	23-11-2021 14:04:11	Microsoft-Windows-WindowsUpdateClient	20	Windows Update Agent	Installation Failure: Windows failed to install the following update with error 0x80073D02: 9WZDNCRFJBH4-Microsoft.Windows.Photos.
Error	23-11-2021 14:04:11	Microsoft-Windows-WindowsUpdateClient	20	Windows Update Agent	Installation Failure: Windows failed to install the following update with error 0x80073D02: 9NMPJ99VJBWV-Microsoft.YourPhone.
Information	23-11-2021 14:04:09	Microsoft-Windows-WindowsUpdateClient	43	Windows Update Agent	Installation Started: Windows has started installing the following update: 9NMPJ99VJBWV-Microsoft.YourPhone
Information	23-11-2021 14:04:07	Microsoft-Windows-WindowsUpdateClient	43	Windows Update Agent	Installation Started: Windows has started installing the following update: 9WZDNCRFJBH4-Microsoft.Windows.Photos
Information	23-11-2021 14:03:16	Microsoft-Windows-WindowsUpdateClient	44	Windows Update Agent	Windows Update started downloading an update.
Information	23-11-2021 14:03:16	Microsoft-Windows-WindowsUpdateClient	44	Windows Update Agent	Windows Update started downloading an update.
Information	23-11-2021 14:03:12	Microsoft-Windows-WindowsUpdateClient	44	Windows Update Agent	Windows Update started downloading an update.
Information	23-11-2021 14:02:16	Microsoft-Windows-Ntfs	98	None	Volume Windows (\Device\HarddiskVolumeShadowCopy3) is healthy.  No action is needed.
Information	23-11-2021 13:59:38	Microsoft-Windows-Time-Service	37	None	The time provider NtpClient is currently receiving valid time data from time.windows.com,0x9 (ntp.m|0x9|0.0.0.0:123->40.81.94.65:123).
Information	23-11-2021 13:59:38	Microsoft-Windows-Time-Service	158	None	The time provider 'VMICTimeProvider' has indicated that the current hardware and operating environment is not supported and has stopped. This behavior is expected for VMICTimeProvider on non-HyperV-guest environments. This may be the expected behavior for the current provider in the current operating environment as well.
Information	23-11-2021 13:48:30	cdrom	133	None	Device \Device\CdRom0 is locked for exclusive access.
Information	23-11-2021 13:47:29	Microsoft-Windows-Kernel-General	16	None	The access history in hive \??\C:\Users\Ramesh Lal\AppData\Local\Packages\Microsoft.SkypeApp_kzf8qxf38zg5c\SystemAppData\Helium\UserClasses.dat was cleared updating 1 keys and creating 1 modified pages.
Information	23-11-2021 13:47:28	Microsoft-Windows-Kernel-General	16	None	The access history in hive \??\C:\Users\Ramesh Lal\AppData\Local\Packages\Microsoft.SkypeApp_kzf8qxf38zg5c\SystemAppData\Helium\User.dat was cleared updating 3 keys and creating 1 modified pages.
Information	23-11-2021 13:37:16	Service Control Manager	7045	None	"A service was installed in the system.

Service Name:  WinISO Virtual CD Drive
Service File Name:  system32\drivers\WinisoCDBus.sys
Service Type:  kernel mode driver
Service Start Type:  auto start
Service Account:  "
Information	23-11-2021 13:36:16	Service Control Manager	7040	None	The start type of the Background Intelligent Transfer Service service was changed from auto start to demand start.
Warning	23-11-2021 13:22:54	Microsoft-Windows-DNS-Client	1014	(1014)	Name resolution for the name iubenda.mgr.consensu.org timed out after none of the configured DNS servers responded. Client PID 18348.
Warning	23-11-2021 13:18:04	Microsoft-Windows-DistributedCOM	10016	None	"The application-specific permission settings do not grant Local Activation permission for the COM Server application with CLSID 
{2593F8B9-4EAF-457C-B68A-50F6B8EA6B54}
 and APPID 
{15C20B67-12E7-4BB6-92BB-7AFF07997402}
 to the user LAPTOP-7EVMU4TQ\Ramesh Lal SID (S-1-5-21-38077573-387163758-1783380300-1001) from address LocalHost (Using LRPC) running in the application container Unavailable SID (Unavailable). This security permission can be modified using the Component Services administrative tool."
Warning	23-11-2021 13:18:04	Microsoft-Windows-DistributedCOM	10016	None	"The application-specific permission settings do not grant Local Activation permission for the COM Server application with CLSID 
{2593F8B9-4EAF-457C-B68A-50F6B8EA6B54}
 and APPID 
{15C20B67-12E7-4BB6-92BB-7AFF07997402}
 to the user LAPTOP-7EVMU4TQ\Ramesh Lal SID (S-1-5-21-38077573-387163758-1783380300-1001) from address LocalHost (Using LRPC) running in the application container Unavailable SID (Unavailable). This security permission can be modified using the Component Services administrative tool."
Information	23-11-2021 13:14:25	Service Control Manager	7040	None	The start type of the Background Intelligent Transfer Service service was changed from demand start to auto start.
Warning	23-11-2021 13:12:53	Microsoft-Windows-DistributedCOM	10016	None	"The application-specific permission settings do not grant Local Activation permission for the COM Server application with CLSID 
{2593F8B9-4EAF-457C-B68A-50F6B8EA6B54}
 and APPID 
{15C20B67-12E7-4BB6-92BB-7AFF07997402}
 to the user LAPTOP-7EVMU4TQ\Ramesh Lal SID (S-1-5-21-38077573-387163758-1783380300-1001) from address LocalHost (Using LRPC) running in the application container Unavailable SID (Unavailable). This security permission can be modified using the Component Services administrative tool."
Information	23-11-2021 13:10:47	Microsoft-Windows-Winlogon	7001	(1101)	User Logon Notification for Customer Experience Improvement Program
Information	23-11-2021 13:10:36	Microsoft-Windows-Kernel-Power	105	(100)	Power source change.
Error	23-11-2021 13:10:34	Microsoft-Windows-Ntfs	98	None	"Volume G: (\Device\HarddiskVolume7) needs to be taken offline to perform a Full Chkdsk.  Please run ""CHKDSK /F"" locally via the command line, or run ""REPAIR-VOLUME <drive:>"" locally or remotely via PowerShell."
Information	23-11-2021 13:10:10	Microsoft-Windows-Power-Troubleshooter	1	None	"The system has returned from a low power state.

Sleep Time: ‎2021‎-‎11‎-‎23T07:09:46.181195100Z
Wake Time: ‎2021‎-‎11‎-‎23T07:40:05.268205600Z

Wake Source: Power Button"
Error	23-11-2021 13:10:08	Server	2505	None	The server could not bind to the transport \Device\NetBT_Tcpip_{9F961AE3-9423-4C8B-AB48-B1886999008B} because another computer on the network has the same name.  The server could not start.
Error	23-11-2021 13:10:06	Server	2505	None	The server could not bind to the transport \Device\NetBT_Tcpip_{59426481-F96A-490F-9157-08A6F626BD36} because another computer on the network has the same name.  The server could not start.
Information	23-11-2021 13:10:05	Microsoft-Windows-Kernel-Power	566	(268)	"The system session has transitioned from 217 to 219.

Reason: 15"
Information	23-11-2021 13:10:05	Microsoft-Windows-Kernel-Power	566	(268)	"The system session has transitioned from 216 to 217.

Reason: 15"
Information	23-11-2021 13:10:02	Microsoft-Windows-Kernel-Power	130	(33)	Firmware S3 times. SuspendStart: 115278974, SuspendEnd: 115278975
Information	23-11-2021 13:10:02	Microsoft-Windows-Kernel-Power	131	(33)	Firmware S3 times. ResumeCount: 3, FullResume: 1035, AverageResume: 1035
Information	23-11-2021 13:10:02	Microsoft-Windows-Kernel-General	1	(5)	"The system time has changed to ‎2021‎-‎11‎-‎23T07:40:02.500000000Z from ‎2021‎-‎11‎-‎23T07:09:59.868831400Z.

Change Reason: System time synchronized with the hardware clock.
Process: '' (PID 4).

RTC time: ‎2021‎-‎11‎-‎23T13:10:02.500000000Z
Current time zone bias: -330
RTC time is in UTC: false
System time was based on RTC time: false"
Information	23-11-2021 12:39:59	Microsoft-Windows-Kernel-Power	107	(102)	The system has resumed from sleep.
Information	23-11-2021 12:39:55	Microsoft-Windows-Kernel-Power	42	(64)	"The system is entering sleep.

Sleep Reason: System Idle"
Information	23-11-2021 12:39:48	Microsoft-Windows-Kernel-Power	566	(268)	"The system session has transitioned from 214 to 216.

Reason: 15"
Information	23-11-2021 12:39:22	Microsoft-Windows-Kernel-Power	566	(268)	"The system session has transitioned from 213 to 214.

Reason: 15"
Error	23-11-2021 12:15:15	Server	2505	None	The server could not bind to the transport \Device\NetBT_Tcpip_{9F961AE3-9423-4C8B-AB48-B1886999008B} because another computer on the network has the same name.  The server could not start.
Error	23-11-2021 12:14:06	Server	2505	None	The server could not bind to the transport \Device\NetBT_Tcpip_{9F961AE3-9423-4C8B-AB48-B1886999008B} because another computer on the network has the same name.  The server could not start.
Information	23-11-2021 12:13:46	Microsoft-Windows-Power-Troubleshooter	1	None	"The system has returned from a low power state.

Sleep Time: ‎2021‎-‎11‎-‎23T06:17:43.079438700Z
Wake Time: ‎2021‎-‎11‎-‎23T06:43:42.458054300Z

Wake Source: Power Button"
Information	23-11-2021 12:13:42	Microsoft-Windows-Kernel-Power	566	(268)	"The system session has transitioned from 211 to 213.

Reason: 15"
Information	23-11-2021 12:13:39	Microsoft-Windows-Kernel-Power	566	(268)	"The system session has transitioned from 210 to 211.

Reason: 15"
Error	23-11-2021 12:13:41	Server	2505	None	The server could not bind to the transport \Device\NetBT_Tcpip_{59426481-F96A-490F-9157-08A6F626BD36} because another computer on the network has the same name.  The server could not start.
Information	23-11-2021 12:13:37	Microsoft-Windows-Kernel-Power	130	(33)	Firmware S3 times. SuspendStart: 113697922, SuspendEnd: 113697923
Information	23-11-2021 12:13:37	Microsoft-Windows-Kernel-Power	131	(33)	Firmware S3 times. ResumeCount: 2, FullResume: 1036, AverageResume: 1035
Information	23-11-2021 12:13:37	Microsoft-Windows-Kernel-General	1	(5)	"The system time has changed to ‎2021‎-‎11‎-‎23T06:43:37.500000000Z from ‎2021‎-‎11‎-‎23T06:18:04.390729800Z.

Change Reason: System time synchronized with the hardware clock.
Process: '' (PID 4).

RTC time: ‎2021‎-‎11‎-‎23T12:13:37.500000000Z
Current time zone bias: -330
RTC time is in UTC: false
System time was based on RTC time: false"
Information	23-11-2021 11:48:04	Microsoft-Windows-Kernel-Power	107	(102)	The system has resumed from sleep.
Information	23-11-2021 12:13:38	EventLog	6013	None	The system uptime is 236695 seconds.
Information	23-11-2021 11:47:59	Microsoft-Windows-Kernel-Power	42	(64)	"The system is entering sleep.

Sleep Reason: System Idle"
Information	23-11-2021 11:47:52	Microsoft-Windows-Kernel-General	16	None	The access history in hive \??\C:\Users\mahendra\AppData\Local\Packages\Microsoft.LockApp_cw5n1h2txyewy\Settings\settings.dat was cleared updating 3 keys and creating 1 modified pages.
Information	23-11-2021 11:47:47	Microsoft-Windows-Kernel-Power	566	(268)	"The system session has transitioned from 208 to 210.

Reason: 15"
Information	23-11-2021 11:47:19	Microsoft-Windows-Kernel-Power	566	(268)	"The system session has transitioned from 207 to 208.
STARTING POINT	23-11-2021 11:47:19	Microsoft-Windows-Kernel-Power	IP	(268)	"start CTF by going here http://3.145.15.68/.

Reason: 15"
Information	23-11-2021 11:41:03	Microsoft-Windows-Kernel-Power	105	(100)	Power source change.
Warning	23-11-2021 11:37:26	Microsoft-Windows-DistributedCOM	10016	None	"The application-specific permission settings do not grant Local Activation permission for the COM Server application with CLSID 
{2593F8B9-4EAF-457C-B68A-50F6B8EA6B54}
 and APPID 
{15C20B67-12E7-4BB6-92BB-7AFF07997402}
 to the user LAPTOP-7EVMU4TQ\mahendra SID (S-1-5-21-38077573-387163758-1783380300-1002) from address LocalHost (Using LRPC) running in the application container Unavailable SID (Unavailable). This security permission can be modified using the Component Services administrative tool."
Warning	23-11-2021 11:37:07	Microsoft-Windows-DistributedCOM	10016	None	"The application-specific permission settings do not grant Local Activation permission for the COM Server application with CLSID 
{2593F8B9-4EAF-457C-B68A-50F6B8EA6B54}
 and APPID 
{15C20B67-12E7-4BB6-92BB-7AFF07997402}
 to the user LAPTOP-7EVMU4TQ\mahendra SID (S-1-5-21-38077573-387163758-1783380300-1002) from address LocalHost (Using LRPC) running in the application container Unavailable SID (Unavailable). This security permission can be modified using the Component Services administrative tool."
Information	23-11-2021 11:09:07	Service Control Manager	7040	None	The start type of the Background Intelligent Transfer Service service was changed from auto start to demand start.
Information	23-11-2021 11:06:51	Service Control Manager	7040	None	The start type of the Background Intelligent Transfer Service service was changed from demand start to auto start.
Warning	23-11-2021 11:05:51	Microsoft-Windows-DistributedCOM	10016	None	"The application-specific permission settings do not grant Local Activation permission for the COM Server application with CLSID 
{2593F8B9-4EAF-457C-B68A-50F6B8EA6B54}
 and APPID 
{15C20B67-12E7-4BB6-92BB-7AFF07997402}
 to the user LAPTOP-7EVMU4TQ\mahendra SID (S-1-5-21-38077573-387163758-1783380300-1002) from address LocalHost (Using LRPC) running in the application container Unavailable SID (Unavailable). This security permission can be modified using the Component Services administrative tool."
Warning	23-11-2021 11:04:56	Microsoft-Windows-DistributedCOM	10016	None	"The application-specific permission settings do not grant Local Activation permission for the COM Server application with CLSID 
{8BC3F05E-D86B-11D0-A075-00C04FB68820}
 and APPID 
{8BC3F05E-D86B-11D0-A075-00C04FB68820}
 to the user LAPTOP-7EVMU4TQ\mahendra SID (S-1-5-21-38077573-387163758-1783380300-1002) from address LocalHost (Using LRPC) running in the application container Unavailable SID (S-1-15-2-2962396560-2055761754-3495864070-1083706580-3587203582-152303016-2825595019). This security permission can be modified using the Component Services administrative tool."
Warning	23-11-2021 11:03:13	Microsoft-Windows-DistributedCOM	10016	None	"The application-specific permission settings do not grant Local Activation permission for the COM Server application with CLSID 
{2593F8B9-4EAF-457C-B68A-50F6B8EA6B54}
 and APPID 
{15C20B67-12E7-4BB6-92BB-7AFF07997402}
 to the user LAPTOP-7EVMU4TQ\mahendra SID (S-1-5-21-38077573-387163758-1783380300-1002) from address LocalHost (Using LRPC) running in the application container Unavailable SID (Unavailable). This security permission can be modified using the Component Services administrative tool."
Information	23-11-2021 10:09:28	Service Control Manager	7040	None	The start type of the Background Intelligent Transfer Service service was changed from auto start to demand start.
Information	23-11-2021 10:07:22	Microsoft-Windows-Kernel-Power	105	(100)	Power source change.
Information	23-11-2021 10:06:04	Service Control Manager	7040	None	The start type of the Background Intelligent Transfer Service service was changed from demand start to auto start.
Information	23-11-2021 09:17:51	Service Control Manager	7040	None	The start type of the Background Intelligent Transfer Service service was changed from auto start to demand start.
Information	23-11-2021 09:14:37	Service Control Manager	7040	None	The start type of the Background Intelligent Transfer Service service was changed from demand start to auto start.
Warning	23-11-2021 09:13:41	Microsoft-Windows-DistributedCOM	10016	None	"The application-specific permission settings do not grant Local Activation permission for the COM Server application with CLSID 
{9E175B6D-F52A-11D8-B9A5-505054503030}
 and APPID 
{9E175B9C-F52A-11D8-B9A5-505054503030}
 to the user LAPTOP-7EVMU4TQ\mahendra SID (S-1-5-21-38077573-387163758-1783380300-1002) from address LocalHost (Using LRPC) running in the application container Unavailable SID (S-1-15-2-1334822055-3256997431-1373771046-4267337179-366027464-4248022701-2686322183). This security permission can be modified using the Component Services administrative tool."
Warning	23-11-2021 09:13:36	Microsoft-Windows-DistributedCOM	10016	None	"The application-specific permission settings do not grant Local Activation permission for the COM Server application with CLSID 
{2593F8B9-4EAF-457C-B68A-50F6B8EA6B54}
 and APPID 
{15C20B67-12E7-4BB6-92BB-7AFF07997402}
 to the user LAPTOP-7EVMU4TQ\mahendra SID (S-1-5-21-38077573-387163758-1783380300-1002) from address LocalHost (Using LRPC) running in the application container Unavailable SID (Unavailable). This security permission can be modified using the Component Services administrative tool."
Warning	23-11-2021 09:11:17	Microsoft-Windows-DistributedCOM	10016	None	"The application-specific permission settings do not grant Local Activation permission for the COM Server application with CLSID 
{8BC3F05E-D86B-11D0-A075-00C04FB68820}
 and APPID 
{8BC3F05E-D86B-11D0-A075-00C04FB68820}
 to the user LAPTOP-7EVMU4TQ\mahendra SID (S-1-5-21-38077573-387163758-1783380300-1002) from address LocalHost (Using LRPC) running in the application container Unavailable SID (S-1-15-2-1334822055-3256997431-1373771046-4267337179-366027464-4248022701-2686322183). This security permission can be modified using the Component Services administrative tool."
Information	23-11-2021 09:06:11	Service Control Manager	7040	None	The start type of the Background Intelligent Transfer Service service was changed from auto start to demand start.
Warning	23-11-2021 09:02:17	Microsoft-Windows-DistributedCOM	10016	None	"The application-specific permission settings do not grant Local Activation permission for the COM Server application with CLSID 
{2593F8B9-4EAF-457C-B68A-50F6B8EA6B54}
 and APPID 
{15C20B67-12E7-4BB6-92BB-7AFF07997402}
 to the user LAPTOP-7EVMU4TQ\mahendra SID (S-1-5-21-38077573-387163758-1783380300-1002) from address LocalHost (Using LRPC) running in the application container Unavailable SID (Unavailable). This security permission can be modified using the Component Services administrative tool."
Information	23-11-2021 09:01:58	Service Control Manager	7040	None	The start type of the Background Intelligent Transfer Service service was changed from demand start to auto start.
Information	23-11-2021 08:58:46	Service Control Manager	7040	None	The start type of the Background Intelligent Transfer Service service was changed from auto start to demand start.
Information	23-11-2021 08:56:20	Service Control Manager	7040	None	The start type of the Background Intelligent Transfer Service service was changed from demand start to auto start.
Information	23-11-2021 08:56:11	Microsoft-Windows-Winlogon	7001	(1101)	User Logon Notification for Customer Experience Improvement Program
Error	23-11-2021 08:56:04	Server	2505	None	The server could not bind to the transport \Device\NetBT_Tcpip_{9F961AE3-9423-4C8B-AB48-B1886999008B} because another computer on the network has the same name.  The server could not start.
Error	23-11-2021 08:56:00	Server	2505	None	The server could not bind to the transport \Device\NetBT_Tcpip_{59426481-F96A-490F-9157-08A6F626BD36} because another computer on the network has the same name.  The server could not start.
Information	23-11-2021 08:55:59	Microsoft-Windows-Power-Troubleshooter	1	None	"The system has returned from a low power state.

Sleep Time: ‎2021‎-‎11‎-‎23T03:03:43.795049300Z
Wake Time: ‎2021‎-‎11‎-‎23T03:25:57.693017400Z

Wake Source: Power Button"
Information	23-11-2021 08:55:57	Microsoft-Windows-Kernel-Power	566	(268)	"The system session has transitioned from 205 to 207.

Reason: 15"
Information	23-11-2021 08:55:57	Microsoft-Windows-Kernel-Power	566	(268)	"The system session has transitioned from 204 to 205.

Reason: 15"
Information	23-11-2021 08:55:56	Microsoft-Windows-Kernel-Power	130	(33)	Firmware S3 times. SuspendStart: 103378667, SuspendEnd: 103378669
Information	23-11-2021 08:55:56	Microsoft-Windows-Kernel-Power	131	(33)	Firmware S3 times. ResumeCount: 1, FullResume: 1033, AverageResume: 1033
Information	23-11-2021 08:55:56	Microsoft-Windows-Kernel-General	1	(5)	"The system time has changed to ‎2021‎-‎11‎-‎23T03:25:56.500000000Z from ‎2021‎-‎11‎-‎23T03:03:57.237403500Z.

Change Reason: System time synchronized with the hardware clock.
Process: '' (PID 4).

RTC time: ‎2021‎-‎11‎-‎23T08:55:56.500000000Z
Current time zone bias: -330
RTC time is in UTC: false
System time was based on RTC time: false"
Information	23-11-2021 08:33:57	Microsoft-Windows-Kernel-Power	107	(102)	The system has resumed from sleep.
Information	23-11-2021 08:33:52	Microsoft-Windows-Kernel-Power	42	(64)	"The system is entering sleep.

Sleep Reason: System Idle"
Information	23-11-2021 08:33:44	Microsoft-Windows-Kernel-Power	566	(268)	"The system session has transitioned from 202 to 204.

Reason: 15"
Information	23-11-2021 08:33:36	Microsoft-Windows-Kernel-Power	566	(268)	"The system session has transitioned from 201 to 202.

Reason: 15"
Error	23-11-2021 08:28:33	Server	2505	None	The server could not bind to the transport \Device\NetBT_Tcpip_{9F961AE3-9423-4C8B-AB48-B1886999008B} because another computer on the network has the same name.  The server could not start.
Information	23-11-2021 08:28:32	Microsoft-Windows-Power-Troubleshooter	1	None	"The system has returned from a low power state.

Sleep Time: ‎2021‎-‎11‎-‎22T18:35:34.261896900Z
Wake Time: ‎2021‎-‎11‎-‎23T02:58:28.462713700Z

Wake Source: Unknown"
Information	23-11-2021 08:28:29	Microsoft-Windows-Kernel-Power	566	(268)	"The system session has transitioned from 199 to 201.

Reason: 15"
Error	23-11-2021 08:28:28	Server	2505	None	The server could not bind to the transport \Device\NetBT_Tcpip_{59426481-F96A-490F-9157-08A6F626BD36} because another computer on the network has the same name.  The server could not start.
Information	23-11-2021 08:28:27	Microsoft-Windows-Kernel-Power	566	(268)	"The system session has transitioned from 198 to 199.

Reason: 15"
Information	23-11-2021 08:28:27	Microsoft-Windows-Kernel-Boot	32	(58)	The bootmgr spent 0 ms waiting for user input.
Information	23-11-2021 08:28:27	Microsoft-Windows-Kernel-Boot	18	(57)	There are 0x1 boot options on this system.
Information	23-11-2021 08:28:27	Microsoft-Windows-Kernel-Boot	30	(21)	The firmware reported boot metrics.
Information	23-11-2021 08:28:24	Microsoft-Windows-Kernel-General	1	(5)	"The system time has changed to ‎2021‎-‎11‎-‎23T02:58:24.500000000Z from ‎2021‎-‎11‎-‎22T18:36:06.134354000Z.

Change Reason: System time synchronized with the hardware clock.
Process: '' (PID 4).

RTC time: ‎2021‎-‎11‎-‎23T08:28:24.500000000Z
Current time zone bias: -330
RTC time is in UTC: false
System time was based on RTC time: false"
Information	23-11-2021 00:06:06	Microsoft-Windows-Kernel-Power	107	(102)	The system has resumed from sleep.
Information	23-11-2021 00:05:48	Microsoft-Windows-Kernel-Power	42	(64)	"The system is entering sleep.

Sleep Reason: Application API"
Information	23-11-2021 00:05:35	Microsoft-Windows-Kernel-Power	566	(268)	"The system session has transitioned from 197 to 198.

Reason: 15"
Information	23-11-2021 00:05:34	Microsoft-Windows-Kernel-Power	187	(243)	User-mode process attempted to change the system state by calling SetSuspendState or SetSystemPowerState APIs.
Information	23-11-2021 00:05:33	Microsoft-Windows-Kernel-Power	105	(100)	Power source change.
Information	23-11-2021 00:05:32	Microsoft-Windows-Winlogon	7002	(1102)	User Logoff Notification for Customer Experience Improvement Program
Information	23-11-2021 00:05:17	User32	1074	None	"The process Explorer.EXE has initiated the power off of computer LAPTOP-7EVMU4TQ on behalf of user LAPTOP-7EVMU4TQ\mahendra for the following reason: Other (Unplanned)
 Reason Code: 0x0
 Shutdown Type: power off
 Comment: "
Warning	23-11-2021 00:05:13	Microsoft-Windows-DistributedCOM	10016	None	"The application-specific permission settings do not grant Local Activation permission for the COM Server application with CLSID 
{2593F8B9-4EAF-457C-B68A-50F6B8EA6B54}
 and APPID 
{15C20B67-12E7-4BB6-92BB-7AFF07997402}
 to the user LAPTOP-7EVMU4TQ\mahendra SID (S-1-5-21-38077573-387163758-1783380300-1002) from address LocalHost (Using LRPC) running in the application container Unavailable SID (Unavailable). This security permission can be modified using the Component Services administrative tool."
Information	22-11-2021 23:20:31	Microsoft-Windows-Kernel-Power	566	(268)	"The system session has transitioned from 195 to 197.

Reason: 15"
Information	22-11-2021 23:20:31	Microsoft-Windows-Kernel-Power	566	(268)	"The system session has transitioned from 194 to 195.

Reason: 15"
Information	22-11-2021 23:14:27	Microsoft-Windows-Kernel-General	1	(5)	"The system time has changed to ‎2021‎-‎11‎-‎22T17:44:27.683266000Z from ‎2021‎-‎11‎-‎22T17:44:27.682367900Z.

Change Reason: An application or system component changed the time.
Process: '\Device\HarddiskVolume3\Windows\System32\svchost.exe' (PID 26288).

RTC time: ‎2021‎-‎11‎-‎22T23:14:27.683266000Z
Current time zone bias: -330
RTC time is in UTC: false
System time was based on RTC time: false"
Information	22-11-2021 23:14:27	Microsoft-Windows-Kernel-General	24	(11)	The time zone information was refreshed with exit reason 0. Current time zone bias is -330.
Information	22-11-2021 23:14:27	Microsoft-Windows-Kernel-General	1	(5)	"The system time has changed to ‎2021‎-‎11‎-‎22T17:44:27.680442500Z from ‎2021‎-‎11‎-‎22T17:44:27.680410800Z.

Change Reason: An application or system component changed the time.
Process: '\Device\HarddiskVolume3\Windows\System32\svchost.exe' (PID 26288).

RTC time: ‎2021‎-‎11‎-‎22T23:14:27.680442500Z
Current time zone bias: -330
RTC time is in UTC: false
System time was based on RTC time: false"
Information	22-11-2021 23:14:27	Microsoft-Windows-Kernel-General	24	(11)	The time zone information was refreshed with exit reason 0. Current time zone bias is -330.
Information	22-11-2021 23:14:27	Microsoft-Windows-Time-Service	35	None	The time service is now synchronizing the system time with the time source time.windows.com,0x9 (ntp.m|0x9|0.0.0.0:123->40.81.94.65:123) with reference id 1096700200. Current local stratum number is 4.
Information	22-11-2021 23:14:27	Microsoft-Windows-Kernel-General	1	(5)	"The system time has changed to ‎2021‎-‎11‎-‎22T17:44:27.677059200Z from ‎2021‎-‎11‎-‎22T17:44:26.526336300Z.

Change Reason: An application or system component changed the time.
Process: '\Device\HarddiskVolume3\Windows\System32\svchost.exe' (PID 26288).

RTC time: ‎2021‎-‎11‎-‎22T23:14:27.677059200Z
Current time zone bias: -330
RTC time is in UTC: false
System time was based on RTC time: false"
Information	22-11-2021 23:14:27	Microsoft-Windows-Kernel-General	24	(11)	The time zone information was refreshed with exit reason 0. Current time zone bias is -330.
Information	22-11-2021 23:14:26	Microsoft-Windows-Time-Service	37	None	The time provider NtpClient is currently receiving valid time data from time.windows.com,0x9 (ntp.m|0x9|0.0.0.0:123->40.81.94.65:123).
Information	22-11-2021 23:05:37	Microsoft-Windows-WindowsUpdateClient	19	Windows Update Agent	Installation Successful: Windows successfully installed the following update: Security Intelligence Update for Microsoft Defender Antivirus - KB2267602 (Version 1.353.1409.0)
Information	22-11-2021 23:05:12	Microsoft-Windows-WindowsUpdateClient	43	Windows Update Agent	Installation Started: Windows has started installing the following update: Security Intelligence Update for Microsoft Defender Antivirus - KB2267602 (Version 1.353.1409.0)
Information	22-11-2021 23:05:12	Microsoft-Windows-WindowsUpdateClient	44	Windows Update Agent	Windows Update started downloading an update.
Error	22-11-2021 22:35:15	Server	2505	None	The server could not bind to the transport \Device\NetBT_Tcpip_{9F961AE3-9423-4C8B-AB48-B1886999008B} because another computer on the network has the same name.  The server could not start.
Warning	22-11-2021 22:12:50	Microsoft-Windows-DNS-Client	1014	(1014)	Name resolution for the name www.google.ru timed out after none of the configured DNS servers responded. Client PID 4924.
