Information	27-10-2021 15:57:58	Microsoft-Windows-WindowsUpdateClient	19	Windows Update Agent	Installation Successful: Windows successfully installed the following update: 9NKSQGP7F2NH-5319275A.WhatsAppDesktop
Information	27-10-2021 15:57:44	Microsoft-Windows-Kernel-General	16	None	The access history in hive \??\C:\Users\mahendra\AppData\Local\Packages\5319275A.WhatsAppDesktop_cv1g1gvanyjgm\Settings\settings.dat was cleared updating 2 keys and creating 1 modified pages.
Information	27-10-2021 15:57:39	Microsoft-Windows-WindowsUpdateClient	43	Windows Update Agent	Installation Started: Windows has started installing the following update: 9NKSQGP7F2NH-5319275A.WhatsAppDesktop
Information	27-10-2021 15:57:39	Microsoft-Windows-WindowsUpdateClient	43	Windows Update Agent	Installation Started: Windows has started installing the following update: 9WZDNCRFJ364-MICROSOFT.SKYPEAPP
Information	27-10-2021 15:57:25	Microsoft-Windows-Kernel-General	16	None	The access history in hive \??\C:\ProgramData\Microsoft\Windows\AppRepository\Packages\Microsoft.SkypeApp_15.77.97.0_x86__kzf8qxf38zg5c\ActivationStore.dat was cleared updating 0 keys and creating 0 modified pages.
Information	27-10-2021 15:54:41	Microsoft-Windows-Ntfs	98	None	Volume Windows (\Device\HarddiskVolumeShadowCopy6) is healthy.  No action is needed.
Information	27-10-2021 15:52:28	Service Control Manager	7040	None	The start type of the Windows Modules Installer service was changed from auto start to demand start.
Information	27-10-2021 15:51:46	Microsoft-Windows-WindowsUpdateClient	44	Windows Update Agent	Windows Update started downloading an update.
Information	27-10-2021 15:51:46	Microsoft-Windows-WindowsUpdateClient	44	Windows Update Agent	Windows Update started downloading an update.
Information	27-10-2021 15:50:53	Service Control Manager	7040	None	The start type of the Windows Modules Installer service was changed from demand start to auto start.
Information	27-10-2021 15:50:13	Microsoft-Windows-Time-Service	37	None	The time provider NtpClient is currently receiving valid time data from time.windows.com,0x9 (ntp.m|0x9|0.0.0.0:123->40.81.94.65:123).
Information	27-10-2021 15:50:13	Microsoft-Windows-Time-Service	158	None	The time provider 'VMICTimeProvider' has indicated that the current hardware and operating environment is not supported and has stopped. This behavior is expected for VMICTimeProvider on non-HyperV-guest environments. This may be the expected behavior for the current provider in the current operating environment as well.
Information	27-10-2021 15:41:39	Microsoft-Windows-Kernel-General	15	(10)	Hive \SystemRoot\System32\config\DRIVERS was reorganized with a starting size of 10489856 bytes and an ending size of 10469376 bytes.
Information	27-10-2021 15:40:51	Service Control Manager	7040	None	The start type of the Background Intelligent Transfer Service service was changed from auto start to demand start.
Information	27-10-2021 15:38:10	Service Control Manager	7040	None	The start type of the Background Intelligent Transfer Service service was changed from demand start to auto start.
Warning	27-10-2021 15:37:07	Microsoft-Windows-DistributedCOM	10016	None	"The application-specific permission settings do not grant Local Activation permission for the COM Server application with CLSID 
{2593F8B9-4EAF-457C-B68A-50F6B8EA6B54}
 and APPID 
{15C20B67-12E7-4BB6-92BB-7AFF07997402}
 to the user LAPTOP-7EVMU4TQ\mahendra SID (S-1-5-21-38077573-387163758-1783380300-1002) from address LocalHost (Using LRPC) running in the application container Unavailable SID (Unavailable). This security permission can be modified using the Component Services administrative tool."
Information	27-10-2021 15:33:16	Microsoft-Windows-Kernel-Power	105	(100)	Power source change.
Information	27-10-2021 15:32:05	Microsoft-Windows-Kernel-General	16	None	The access history in hive \??\C:\ProgramData\Packages\MicrosoftWindows.Client.WebExperience_cw5n1h2txyewy\S-1-5-21-38077573-387163758-1783380300-1002\SystemAppData\Helium\Cache\55d0c1c6d07f0f87_COM15.dat was cleared updating 1 keys and creating 1 modified pages.
Information	27-10-2021 15:30:45	Microsoft-Windows-Kernel-Power	105	(100)	Power source change.
Information	27-10-2021 15:24:43	Service Control Manager	7040	None	The start type of the Background Intelligent Transfer Service service was changed from auto start to demand start.
Information	27-10-2021 15:22:25	Service Control Manager	7040	None	The start type of the Background Intelligent Transfer Service service was changed from demand start to auto start.
Information	27-10-2021 15:21:39	Microsoft-Windows-WindowsUpdateClient	19	Windows Update Agent	Installation Successful: Windows successfully installed the following update: Security Intelligence Update for Microsoft Defender Antivirus - KB2267602 (Version 1.351.1156.0)
Information	27-10-2021 15:20:55	Microsoft-Windows-WindowsUpdateClient	43	Windows Update Agent	Installation Started: Windows has started installing the following update: Security Intelligence Update for Microsoft Defender Antivirus - KB2267602 (Version 1.351.1156.0)
Information	27-10-2021 15:20:52	Microsoft-Windows-WindowsUpdateClient	19	Windows Update Agent	Installation Successful: Windows successfully installed the following update: Update for Microsoft Defender Antivirus antimalware platform - KB4052623 (Version 4.18.2110.5)
Information	27-10-2021 15:20:42	Microsoft-Windows-FilterManager	6	None	File System Filter 'WdFilter' (10.0, ‎2099‎-‎03‎-‎18T06:00:38.000000000Z) has successfully loaded and registered with Filter Manager.
Information	27-10-2021 15:20:23	Microsoft-Windows-FilterManager	1	None	File System Filter 'WdFilter' (Version 10.0, ‎2068‎-‎11‎-‎20T18:21:04.000000000Z) unloaded successfully.
Information	27-10-2021 15:19:33	Microsoft-Windows-WindowsUpdateClient	43	Windows Update Agent	Installation Started: Windows has started installing the following update: Update for Microsoft Defender Antivirus antimalware platform - KB4052623 (Version 4.18.2110.5)
Information	27-10-2021 15:19:33	Microsoft-Windows-WindowsUpdateClient	44	Windows Update Agent	Windows Update started downloading an update.
Information	27-10-2021 15:19:33	Microsoft-Windows-WindowsUpdateClient	44	Windows Update Agent	Windows Update started downloading an update.
Information	27-10-2021 15:18:08	Service Control Manager	7040	None	The start type of the Background Intelligent Transfer Service service was changed from auto start to demand start.
Information	27-10-2021 15:17:57	Microsoft-Windows-Kernel-General	16	None	The access history in hive \??\C:\ProgramData\Packages\AD2F1837.HPSystemEventUtility_v10z8vjag6ke6\S-1-5-21-38077573-387163758-1783380300-1002\SystemAppData\Helium\Cache\f866bdc619b5f66a_COM15.dat was cleared updating 1 keys and creating 1 modified pages.
Information	27-10-2021 15:17:57	Microsoft-Windows-Kernel-General	16	None	The access history in hive \??\C:\Users\mahendra\AppData\Local\Packages\AD2F1837.HPSystemEventUtility_v10z8vjag6ke6\SystemAppData\Helium\UserClasses.dat was cleared updating 1 keys and creating 1 modified pages.
Information	27-10-2021 15:17:57	Microsoft-Windows-Kernel-General	16	None	The access history in hive \??\C:\Users\mahendra\AppData\Local\Packages\AD2F1837.HPSystemEventUtility_v10z8vjag6ke6\SystemAppData\Helium\User.dat was cleared updating 12 keys and creating 1 modified pages.
Information	27-10-2021 15:17:14	Microsoft-Windows-Kernel-General	16	None	The access history in hive \??\C:\Users\mahendra\AppData\Local\Packages\AD2F1837.HPJumpStarts_v10z8vjag6ke6\Settings\settings.dat was cleared updating 3 keys and creating 1 modified pages.
Information	27-10-2021 15:16:53	Microsoft-Windows-Kernel-General	16	None	The access history in hive \??\C:\Users\mahendra\AppData\Local\Packages\Microsoft.AAD.BrokerPlugin_cw5n1h2txyewy\Settings\settings.dat was cleared updating 34 keys and creating 5 modified pages.
Warning	27-10-2021 15:16:16	Microsoft-Windows-DistributedCOM	10016	None	"The application-specific permission settings do not grant Local Activation permission for the COM Server application with CLSID 
{6B3B8D23-FA8D-40B9-8DBD-B950333E2C52}
 and APPID 
{4839DDB7-58C2-48F5-8283-E1D1807D0D7D}
 to the user NT AUTHORITY\LOCAL SERVICE SID (S-1-5-19) from address LocalHost (Using LRPC) running in the application container Unavailable SID (Unavailable). This security permission can be modified using the Component Services administrative tool."
Warning	27-10-2021 15:16:16	Microsoft-Windows-DistributedCOM	10016	None	"The application-specific permission settings do not grant Local Activation permission for the COM Server application with CLSID 
{6B3B8D23-FA8D-40B9-8DBD-B950333E2C52}
 and APPID 
{4839DDB7-58C2-48F5-8283-E1D1807D0D7D}
 to the user NT AUTHORITY\LOCAL SERVICE SID (S-1-5-19) from address LocalHost (Using LRPC) running in the application container Unavailable SID (Unavailable). This security permission can be modified using the Component Services administrative tool."
Information	27-10-2021 15:15:56	Microsoft-Windows-Winlogon	7001	(1101)	User Logon Notification for Customer Experience Improvement Program
Information	27-10-2021 15:15:39	Service Control Manager	7040	None	The start type of the Background Intelligent Transfer Service service was changed from demand start to auto start.
Information	27-10-2021 15:15:36	Microsoft-Windows-Power-Troubleshooter	1	None	"The system has returned from a low power state.

Sleep Time: ‎2021‎-‎10‎-‎26T16:07:23.393994600Z
Wake Time: ‎2021‎-‎10‎-‎27T09:45:30.787069600Z

Wake Source: Unknown"
Information	27-10-2021 15:15:33	Microsoft-Windows-Kernel-General	16	None	The access history in hive \Device\HarddiskVolume1\EFI\Microsoft\Boot\BCD was cleared updating 78 keys and creating 8 modified pages.
Information	27-10-2021 15:15:32	Microsoft-Windows-Kernel-Power	566	(268)	"The system session has transitioned from 377 to 379.

Reason: 5"
Information	27-10-2021 15:15:28	Microsoft-Windows-Kernel-Power	566	(268)	"The system session has transitioned from 376 to 377.

Reason: 5"
Information	27-10-2021 15:15:28	Microsoft-Windows-Kernel-Boot	32	(58)	The bootmgr spent 0 ms waiting for user input.
Information	27-10-2021 15:15:28	Microsoft-Windows-Kernel-Boot	18	(57)	There are 0x1 boot options on this system.
Information	27-10-2021 15:15:28	Microsoft-Windows-Kernel-Boot	30	(21)	The firmware reported boot metrics.
Error	27-10-2021 15:15:31	Server	2505	None	The server could not bind to the transport \Device\NetBT_Tcpip_{9F961AE3-9423-4C8B-AB48-B1886999008B} because another computer on the network has the same name.  The server could not start.
Error	27-10-2021 15:15:31	Server	2505	None	The server could not bind to the transport \Device\NetBT_Tcpip_{59426481-F96A-490F-9157-08A6F626BD36} because another computer on the network has the same name.  The server could not start.
Information	27-10-2021 15:15:27	Microsoft-Windows-Kernel-Power	105	(100)	Power source change.
Information	27-10-2021 15:15:26	Microsoft-Windows-Kernel-General	1	(5)	"The system time has changed to ‎2021‎-‎10‎-‎27T09:45:26.500000000Z from ‎2021‎-‎10‎-‎26T16:07:55.546087300Z.

Change Reason: System time synchronized with the hardware clock.
Process: '' (PID 4).

RTC time: ‎2021‎-‎10‎-‎27T15:15:26.500000000Z
Current time zone bias: -330
RTC time is in UTC: false
System time was based on RTC time: false"
Information	26-10-2021 21:37:55	Microsoft-Windows-Kernel-Power	107	(102)	The system has resumed from sleep.
Information	27-10-2021 15:15:27	EventLog	6013	None	The system uptime is 1027775 seconds.
Information	26-10-2021 21:37:39	Microsoft-Windows-Kernel-Power	42	(64)	"The system is entering sleep.

Sleep Reason: Application API"
Information	26-10-2021 21:37:23	Microsoft-Windows-Kernel-Power	566	(268)	"The system session has transitioned from 375 to 376.

Reason: 5"
Information	26-10-2021 21:37:23	Microsoft-Windows-Kernel-Power	187	(243)	User-mode process attempted to change the system state by calling SetSuspendState or SetSystemPowerState APIs.
Information	26-10-2021 21:37:22	Microsoft-Windows-Winlogon	7002	(1102)	User Logoff Notification for Customer Experience Improvement Program
Information	26-10-2021 21:36:52	User32	1074	None	"The process Explorer.EXE has initiated the power off of computer LAPTOP-7EVMU4TQ on behalf of user LAPTOP-7EVMU4TQ\mahendra for the following reason: Other (Unplanned)
 Reason Code: 0x0
 Shutdown Type: power off
 Comment: "
Warning	26-10-2021 21:34:20	Microsoft-Windows-DistributedCOM	10016	None	"The application-specific permission settings do not grant Local Activation permission for the COM Server application with CLSID 
{2593F8B9-4EAF-457C-B68A-50F6B8EA6B54}
 and APPID 
{15C20B67-12E7-4BB6-92BB-7AFF07997402}
 to the user LAPTOP-7EVMU4TQ\mahendra SID (S-1-5-21-38077573-387163758-1783380300-1002) from address LocalHost (Using LRPC) running in the application container Unavailable SID (Unavailable). This security permission can be modified using the Component Services administrative tool."
Information	26-10-2021 21:32:11	Microsoft-Windows-Kernel-Power	105	(100)	Power source change.
Information	26-10-2021 20:59:44	Service Control Manager	7040	None	The start type of the Windows Modules Installer service was changed from auto start to demand start.
Information	26-10-2021 20:58:41	Service Control Manager	7040	None	The start type of the Windows Modules Installer service was changed from demand start to auto start.
Information	26-10-2021 20:58:15	Microsoft-Windows-Kernel-General	1	(5)	"The system time has changed to ‎2021‎-‎10‎-‎26T15:28:15.312994100Z from ‎2021‎-‎10‎-‎26T15:28:15.312422400Z.

Change Reason: An application or system component changed the time.
Process: '\Device\HarddiskVolume3\Windows\System32\svchost.exe' (PID 30244).

RTC time: ‎2021‎-‎10‎-‎26T20:58:15.312994100Z
Current time zone bias: -330
RTC time is in UTC: false
System time was based on RTC time: false"
Information	26-10-2021 20:58:15	Microsoft-Windows-Kernel-General	24	(11)	The time zone information was refreshed with exit reason 0. Current time zone bias is -330.
Information	26-10-2021 20:58:15	Microsoft-Windows-Time-Service	35	None	The time service is now synchronizing the system time with the time source time.windows.com,0x9 (ntp.m|0x9|0.0.0.0:123->40.81.94.65:123) with reference id 1096700200. Current local stratum number is 4.
Information	26-10-2021 20:58:00	Microsoft-Windows-Time-Service	37	None	The time provider NtpClient is currently receiving valid time data from time.windows.com,0x9 (ntp.m|0x9|0.0.0.0:123->40.81.94.65:123).
Information	26-10-2021 20:57:59	Microsoft-Windows-Time-Service	158	None	The time provider 'VMICTimeProvider' has indicated that the current hardware and operating environment is not supported and has stopped. This behavior is expected for VMICTimeProvider on non-HyperV-guest environments. This may be the expected behavior for the current provider in the current operating environment as well.
Information	26-10-2021 20:07:13	Microsoft-Windows-Kernel-General	16	None	The access history in hive \??\C:\Users\mahendra\AppData\Local\Packages\AD2F1837.HPSupportAssistant_v10z8vjag6ke6\Settings\settings.dat was cleared updating 9 keys and creating 1 modified pages.
Information	26-10-2021 20:05:03	Microsoft-Windows-WindowsUpdateClient	19	Windows Update Agent	Installation Successful: Windows successfully installed the following update: 9NBLGGH42THS-Microsoft.Microsoft3DViewer
Information	26-10-2021 20:04:56	Microsoft-Windows-WindowsUpdateClient	43	Windows Update Agent	Installation Started: Windows has started installing the following update: 9NBLGGH42THS-Microsoft.Microsoft3DViewer
Information	26-10-2021 20:04:37	Microsoft-Windows-WindowsUpdateClient	44	Windows Update Agent	Windows Update started downloading an update.
Warning	26-10-2021 20:04:36	Microsoft-Windows-DistributedCOM	10016	None	"The application-specific permission settings do not grant Local Activation permission for the COM Server application with CLSID 
{2593F8B9-4EAF-457C-B68A-50F6B8EA6B54}
 and APPID 
{15C20B67-12E7-4BB6-92BB-7AFF07997402}
 to the user LAPTOP-7EVMU4TQ\mahendra SID (S-1-5-21-38077573-387163758-1783380300-1002) from address LocalHost (Using LRPC) running in the application container Unavailable SID (Unavailable). This security permission can be modified using the Component Services administrative tool."
Information	26-10-2021 20:04:21	Microsoft-Windows-WindowsUpdateClient	44	Windows Update Agent	Windows Update started downloading an update.
Information	26-10-2021 20:04:21	Microsoft-Windows-WindowsUpdateClient	44	Windows Update Agent	Windows Update started downloading an update.
Error	26-10-2021 20:04:20	Server	2505	None	The server could not bind to the transport \Device\NetBT_Tcpip_{9F961AE3-9423-4C8B-AB48-B1886999008B} because another computer on the network has the same name.  The server could not start.
Warning	26-10-2021 20:03:09	Microsoft-Windows-DistributedCOM	10016	None	"The application-specific permission settings do not grant Local Activation permission for the COM Server application with CLSID 
{2593F8B9-4EAF-457C-B68A-50F6B8EA6B54}
 and APPID 
{15C20B67-12E7-4BB6-92BB-7AFF07997402}
 to the user LAPTOP-7EVMU4TQ\mahendra SID (S-1-5-21-38077573-387163758-1783380300-1002) from address LocalHost (Using LRPC) running in the application container Unavailable SID (Unavailable). This security permission can be modified using the Component Services administrative tool."
Information	26-10-2021 20:02:51	Microsoft-Windows-WindowsUpdateClient	19	Windows Update Agent	Installation Successful: Windows successfully installed the following update: HP Inc. - SoftwareComponent - 1.37.2560.0
Information	26-10-2021 20:02:27	Microsoft-Windows-WindowsUpdateClient	43	Windows Update Agent	Installation Started: Windows has started installing the following update: HP Inc. - SoftwareComponent - 1.37.2560.0
Information	26-10-2021 20:02:07	Microsoft-Windows-Power-Troubleshooter	1	None	"The system has returned from a low power state.

Sleep Time: ‎2021‎-‎10‎-‎26T13:41:13.764924400Z
Wake Time: ‎2021‎-‎10‎-‎26T14:31:53.035902200Z

Wake Source: Power Button"
Information	26-10-2021 20:01:53	Microsoft-Windows-Kernel-Power	566	(268)	"The system session has transitioned from 373 to 375.

Reason: 5"
Information	26-10-2021 20:01:52	Microsoft-Windows-Kernel-Power	566	(268)	"The system session has transitioned from 372 to 373.

Reason: 5"
Error	26-10-2021 20:01:54	Server	2505	None	The server could not bind to the transport \Device\NetBT_Tcpip_{59426481-F96A-490F-9157-08A6F626BD36} because another computer on the network has the same name.  The server could not start.
Information	26-10-2021 20:01:50	Microsoft-Windows-Kernel-Power	130	(33)	Firmware S3 times. SuspendStart: 484496890, SuspendEnd: 484496891
Information	26-10-2021 20:01:50	Microsoft-Windows-Kernel-Power	131	(33)	Firmware S3 times. ResumeCount: 1, FullResume: 1026, AverageResume: 1026
Information	26-10-2021 20:01:50	Microsoft-Windows-Kernel-General	1	(5)	"The system time has changed to ‎2021‎-‎10‎-‎26T14:31:50.500000000Z from ‎2021‎-‎10‎-‎26T13:41:36.295922000Z.

Change Reason: System time synchronized with the hardware clock.
Process: '' (PID 4).

RTC time: ‎2021‎-‎10‎-‎26T20:01:50.500000000Z
Current time zone bias: -330
RTC time is in UTC: false
System time was based on RTC time: false"
Information	26-10-2021 19:11:36	Microsoft-Windows-Kernel-Power	107	(102)	The system has resumed from sleep.
Information	26-10-2021 19:11:31	Microsoft-Windows-Kernel-Power	42	(64)	"The system is entering sleep.

Sleep Reason: Button or Lid"
Information	26-10-2021 19:11:16	Microsoft-Windows-Kernel-Power	566	(268)	"The system session has transitioned from 371 to 372.

Reason: 5"
Information	26-10-2021 18:55:53	Service Control Manager	7040	None	The start type of the Background Intelligent Transfer Service service was changed from auto start to demand start.
Error	26-10-2021 18:53:49	Service Control Manager	7009	None	A timeout was reached (30000 milliseconds) while waiting for the Intel(R) SUR QC Software Asset Manager service to connect.
Warning	26-10-2021 18:52:26	Microsoft-Windows-DistributedCOM	10016	None	"The application-specific permission settings do not grant Local Activation permission for the COM Server application with CLSID 
{8BC3F05E-D86B-11D0-A075-00C04FB68820}
 and APPID 
{8BC3F05E-D86B-11D0-A075-00C04FB68820}
 to the user LAPTOP-7EVMU4TQ\mahendra SID (S-1-5-21-38077573-387163758-1783380300-1002) from address LocalHost (Using LRPC) running in the application container Unavailable SID (S-1-15-2-3929940299-1181027732-2611146841-3785981129-2834400913-1250094386-288275390). This security permission can be modified using the Component Services administrative tool."
Information	26-10-2021 18:50:40	Service Control Manager	7040	None	The start type of the Background Intelligent Transfer Service service was changed from demand start to auto start.
Information	26-10-2021 18:49:09	Microsoft-Windows-WindowsUpdateClient	19	Windows Update Agent	Installation Successful: Windows successfully installed the following update: Security Intelligence Update for Microsoft Defender Antivirus - KB2267602 (Version 1.351.1099.0)
Information	26-10-2021 18:46:16	Service Control Manager	7040	None	The start type of the Background Intelligent Transfer Service service was changed from auto start to demand start.
Information	26-10-2021 18:45:58	Microsoft-Windows-WindowsUpdateClient	43	Windows Update Agent	Installation Started: Windows has started installing the following update: Security Intelligence Update for Microsoft Defender Antivirus - KB2267602 (Version 1.351.1099.0)
Information	26-10-2021 18:45:52	Microsoft-Windows-WindowsUpdateClient	44	Windows Update Agent	Windows Update started downloading an update.
Information	26-10-2021 18:44:50	Microsoft-Windows-Kernel-General	16	None	The access history in hive \??\C:\ProgramData\Packages\MicrosoftTeams_8wekyb3d8bbwe\S-1-5-21-38077573-387163758-1783380300-1002\SystemAppData\Helium\Cache\1a7ea36c97e5a6ff_COM15.dat was cleared updating 1 keys and creating 1 modified pages.
Information	26-10-2021 18:44:49	Microsoft-Windows-Kernel-General	16	None	The access history in hive \??\C:\Users\mahendra\AppData\Local\Packages\MicrosoftTeams_8wekyb3d8bbwe\SystemAppData\Helium\UserClasses.dat was cleared updating 12 keys and creating 1 modified pages.
Information	26-10-2021 18:44:49	Microsoft-Windows-Kernel-General	16	None	The access history in hive \??\C:\Users\mahendra\AppData\Local\Packages\MicrosoftTeams_8wekyb3d8bbwe\SystemAppData\Helium\User.dat was cleared updating 31 keys and creating 3 modified pages.
Warning	26-10-2021 18:44:36	Microsoft-Windows-DistributedCOM	10016	None	"The application-specific permission settings do not grant Local Activation permission for the COM Server application with CLSID 
{2593F8B9-4EAF-457C-B68A-50F6B8EA6B54}
 and APPID 
{15C20B67-12E7-4BB6-92BB-7AFF07997402}
 to the user LAPTOP-7EVMU4TQ\mahendra SID (S-1-5-21-38077573-387163758-1783380300-1002) from address LocalHost (Using LRPC) running in the application container Unavailable SID (Unavailable). This security permission can be modified using the Component Services administrative tool."
Information	26-10-2021 18:44:07	Service Control Manager	7040	None	The start type of the Background Intelligent Transfer Service service was changed from demand start to auto start.
Information	26-10-2021 18:42:57	Service Control Manager	7040	None	The start type of the Background Intelligent Transfer Service service was changed from auto start to demand start.
Information	26-10-2021 18:41:26	Microsoft-Windows-Kernel-General	16	None	The access history in hive \??\C:\Users\mahendra\AppData\Local\Packages\Microsoft.SkypeApp_kzf8qxf38zg5c\Settings\settings.dat was cleared updating 1 keys and creating 1 modified pages.
Information	26-10-2021 18:40:13	Service Control Manager	7040	None	The start type of the Background Intelligent Transfer Service service was changed from demand start to auto start.
Warning	26-10-2021 18:39:38	Microsoft-Windows-DistributedCOM	10016	None	"The application-specific permission settings do not grant Local Activation permission for the COM Server application with CLSID 
{6B3B8D23-FA8D-40B9-8DBD-B950333E2C52}
 and APPID 
{4839DDB7-58C2-48F5-8283-E1D1807D0D7D}
 to the user NT AUTHORITY\LOCAL SERVICE SID (S-1-5-19) from address LocalHost (Using LRPC) running in the application container Unavailable SID (Unavailable). This security permission can be modified using the Component Services administrative tool."
Warning	26-10-2021 18:39:38	Microsoft-Windows-DistributedCOM	10016	None	"The application-specific permission settings do not grant Local Activation permission for the COM Server application with CLSID 
{6B3B8D23-FA8D-40B9-8DBD-B950333E2C52}
 and APPID 
{4839DDB7-58C2-48F5-8283-E1D1807D0D7D}
 to the user NT AUTHORITY\LOCAL SERVICE SID (S-1-5-19) from address LocalHost (Using LRPC) running in the application container Unavailable SID (Unavailable). This security permission can be modified using the Component Services administrative tool."
Information	26-10-2021 18:39:15	Microsoft-Windows-Winlogon	7001	(1101)	User Logon Notification for Customer Experience Improvement Program
Error	26-10-2021 18:38:02	Server	2505	None	The server could not bind to the transport \Device\NetBT_Tcpip_{9F961AE3-9423-4C8B-AB48-B1886999008B} because another computer on the network has the same name.  The server could not start.
Information	26-10-2021 18:38:01	Microsoft-Windows-Power-Troubleshooter	1	None	"The system has returned from a low power state.

Sleep Time: ‎2021‎-‎10‎-‎24T19:19:43.167363500Z
Wake Time: ‎2021‎-‎10‎-‎26T13:07:57.588375900Z

Wake Source: Unknown"
Information	26-10-2021 18:37:59	Microsoft-Windows-Kernel-Power	566	(268)	"The system session has transitioned from 369 to 371.

Reason: 5"
Information	26-10-2021 18:37:55	Microsoft-Windows-Kernel-Power	566	(268)	"The system session has transitioned from 368 to 369.

Reason: 5"
Information	26-10-2021 18:37:55	Microsoft-Windows-Kernel-Boot	32	(58)	The bootmgr spent 0 ms waiting for user input.
Information	26-10-2021 18:37:55	Microsoft-Windows-Kernel-Boot	18	(57)	There are 0x1 boot options on this system.
Information	26-10-2021 18:37:55	Microsoft-Windows-Kernel-Boot	30	(21)	The firmware reported boot metrics.
Information	26-10-2021 18:37:53	Microsoft-Windows-Kernel-Power	105	(100)	Power source change.
Error	26-10-2021 18:37:56	Server	2505	None	The server could not bind to the transport \Device\NetBT_Tcpip_{59426481-F96A-490F-9157-08A6F626BD36} because another computer on the network has the same name.  The server could not start.
Information	26-10-2021 18:37:52	Microsoft-Windows-Kernel-General	1	(5)	"The system time has changed to ‎2021‎-‎10‎-‎26T13:07:52.500000000Z from ‎2021‎-‎10‎-‎24T19:20:17.946954000Z.

Change Reason: System time synchronized with the hardware clock.
Process: '' (PID 4).

RTC time: ‎2021‎-‎10‎-‎26T18:37:52.500000000Z
Current time zone bias: -330
RTC time is in UTC: false
System time was based on RTC time: false"
Information	25-10-2021 00:50:17	Microsoft-Windows-Kernel-Power	107	(102)	The system has resumed from sleep.
Information	26-10-2021 18:37:53	EventLog	6013	None	The system uptime is 953521 seconds.
Information	25-10-2021 00:50:02	Microsoft-Windows-Kernel-Power	42	(64)	"The system is entering sleep.

Sleep Reason: Application API"
Information	25-10-2021 00:49:45	Microsoft-Windows-Kernel-Power	566	(268)	"The system session has transitioned from 367 to 368.

Reason: 5"
Information	25-10-2021 00:49:43	Microsoft-Windows-Kernel-Power	187	(243)	User-mode process attempted to change the system state by calling SetSuspendState or SetSystemPowerState APIs.
Information	25-10-2021 00:49:41	Microsoft-Windows-Winlogon	7002	(1102)	User Logoff Notification for Customer Experience Improvement Program
Error	25-10-2021 00:49:25	Microsoft-Windows-DistributedCOM	10010	None	The server {338B40F9-9D68-4B53-A793-6B9AA0C5F63B} did not register with DCOM within the required timeout.
Information	25-10-2021 00:49:13	User32	1074	None	"The process Explorer.EXE has initiated the power off of computer LAPTOP-7EVMU4TQ on behalf of user LAPTOP-7EVMU4TQ\mahendra for the following reason: Other (Unplanned)
 Reason Code: 0x0
 Shutdown Type: power off
 Comment: "
Warning	25-10-2021 00:49:07	Microsoft-Windows-DistributedCOM	10016	None	"The application-specific permission settings do not grant Local Activation permission for the COM Server application with CLSID 
{2593F8B9-4EAF-457C-B68A-50F6B8EA6B54}
 and APPID 
{15C20B67-12E7-4BB6-92BB-7AFF07997402}
 to the user LAPTOP-7EVMU4TQ\mahendra SID (S-1-5-21-38077573-387163758-1783380300-1002) from address LocalHost (Using LRPC) running in the application container Unavailable SID (Unavailable). This security permission can be modified using the Component Services administrative tool."
Warning	25-10-2021 00:49:05	Microsoft-Windows-DistributedCOM	10016	None	"The application-specific permission settings do not grant Local Activation permission for the COM Server application with CLSID 
{2593F8B9-4EAF-457C-B68A-50F6B8EA6B54}
 and APPID 
{15C20B67-12E7-4BB6-92BB-7AFF07997402}
 to the user LAPTOP-7EVMU4TQ\mahendra SID (S-1-5-21-38077573-387163758-1783380300-1002) from address LocalHost (Using LRPC) running in the application container Unavailable SID (Unavailable). This security permission can be modified using the Component Services administrative tool."
Information	25-10-2021 00:48:54	Microsoft-Windows-Power-Troubleshooter	1	None	"The system has returned from a low power state.

Sleep Time: ‎2021‎-‎10‎-‎24T19:07:54.691825000Z
Wake Time: ‎2021‎-‎10‎-‎24T19:18:53.166382400Z

Wake Source: Power Button"
Information	25-10-2021 00:48:53	Microsoft-Windows-Kernel-Power	566	(268)	"The system session has transitioned from 365 to 367.

Reason: 5"
Error	25-10-2021 00:48:53	Server	2505	None	The server could not bind to the transport \Device\NetBT_Tcpip_{59426481-F96A-490F-9157-08A6F626BD36} because another computer on the network has the same name.  The server could not start.
Information	25-10-2021 00:48:51	Microsoft-Windows-Kernel-Power	566	(268)	"The system session has transitioned from 364 to 365.

Reason: 5"
Information	25-10-2021 00:48:49	Microsoft-Windows-Kernel-Power	130	(33)	Firmware S3 times. SuspendStart: 482370168, SuspendEnd: 482370169
Information	25-10-2021 00:48:49	Microsoft-Windows-Kernel-Power	131	(33)	Firmware S3 times. ResumeCount: 8, FullResume: 1025, AverageResume: 1026
Information	25-10-2021 00:48:49	Microsoft-Windows-Kernel-General	1	(5)	"The system time has changed to ‎2021‎-‎10‎-‎24T19:18:49.500000000Z from ‎2021‎-‎10‎-‎24T19:08:11.039938300Z.

Change Reason: System time synchronized with the hardware clock.
Process: '' (PID 4).

RTC time: ‎2021‎-‎10‎-‎25T00:48:49.500000000Z
Current time zone bias: -330
RTC time is in UTC: false
System time was based on RTC time: false"
Information	25-10-2021 00:38:11	Microsoft-Windows-Kernel-Power	107	(102)	The system has resumed from sleep.
Information	25-10-2021 00:38:06	Microsoft-Windows-Kernel-Power	42	(64)	"The system is entering sleep.

Sleep Reason: System Idle"
Information	25-10-2021 00:37:57	Microsoft-Windows-Kernel-Power	566	(268)	"The system session has transitioned from 362 to 364.

Reason: 5"
Information	25-10-2021 00:37:45	Microsoft-Windows-Kernel-Power	566	(268)	"The system session has transitioned from 361 to 362.

Reason: 5"
Warning	25-10-2021 00:34:05	Microsoft-Windows-DNS-Client	1014	(1014)	Name resolution for the name trouter2-azsc-jpwe-1-a.trouter.teams.microsoft.com timed out after none of the configured DNS servers responded. Client PID 12480.
Warning	25-10-2021 00:32:42	Microsoft-Windows-DistributedCOM	10016	None	"The application-specific permission settings do not grant Local Activation permission for the COM Server application with CLSID 
{2593F8B9-4EAF-457C-B68A-50F6B8EA6B54}
 and APPID 
{15C20B67-12E7-4BB6-92BB-7AFF07997402}
 to the user LAPTOP-7EVMU4TQ\mahendra SID (S-1-5-21-38077573-387163758-1783380300-1002) from address LocalHost (Using LRPC) running in the application container Unavailable SID (Unavailable). This security permission can be modified using the Component Services administrative tool."
Error	25-10-2021 00:32:15	Server	2505	None	The server could not bind to the transport \Device\NetBT_Tcpip_{9F961AE3-9423-4C8B-AB48-B1886999008B} because another computer on the network has the same name.  The server could not start.
Information	25-10-2021 00:32:14	Microsoft-Windows-Power-Troubleshooter	1	None	"The system has returned from a low power state.

Sleep Time: ‎2021‎-‎10‎-‎24T18:56:57.946960600Z
Wake Time: ‎2021‎-‎10‎-‎24T19:02:10.974802900Z

Wake Source: Power Button"
Error	25-10-2021 00:32:13	Server	2505	None	The server could not bind to the transport \Device\NetBT_Tcpip_{59426481-F96A-490F-9157-08A6F626BD36} because another computer on the network has the same name.  The server could not start.
Information	25-10-2021 00:32:10	Microsoft-Windows-Kernel-Power	566	(268)	"The system session has transitioned from 359 to 361.

Reason: 5"
Information	25-10-2021 00:32:10	Microsoft-Windows-Kernel-Power	566	(268)	"The system session has transitioned from 358 to 359.

Reason: 5"
Information	25-10-2021 00:32:09	Microsoft-Windows-Kernel-Power	130	(33)	Firmware S3 times. SuspendStart: 482008952, SuspendEnd: 482008953
Information	25-10-2021 00:32:09	Microsoft-Windows-Kernel-Power	131	(33)	Firmware S3 times. ResumeCount: 7, FullResume: 1029, AverageResume: 1026
Information	25-10-2021 00:32:09	Microsoft-Windows-Kernel-General	1	(5)	"The system time has changed to ‎2021‎-‎10‎-‎24T19:02:09.500000000Z from ‎2021‎-‎10‎-‎24T18:57:12.765114800Z.

Change Reason: System time synchronized with the hardware clock.
Process: '' (PID 4).

RTC time: ‎2021‎-‎10‎-‎25T00:32:09.500000000Z
Current time zone bias: -330
RTC time is in UTC: false
System time was based on RTC time: false"
Information	25-10-2021 00:27:12	Microsoft-Windows-Kernel-Power	107	(102)	The system has resumed from sleep.
Information	25-10-2021 00:27:08	Microsoft-Windows-Kernel-Power	42	(64)	"The system is entering sleep.

Sleep Reason: System Idle"
Information	25-10-2021 00:26:59	Microsoft-Windows-Kernel-Power	566	(268)	"The system session has transitioned from 356 to 358.

Reason: 5"
Information	25-10-2021 00:26:42	Microsoft-Windows-Kernel-Power	566	(268)	"The system session has transitioned from 355 to 356.

Reason: 5"
Information	25-10-2021 00:22:20	Microsoft-Windows-Kernel-General	16	None	The access history in hive \??\C:\Users\mahendra\AppData\Local\Packages\Microsoft.WindowsFeedbackHub_8wekyb3d8bbwe\Settings\settings.dat was cleared updating 2 keys and creating 1 modified pages.
Information	24-10-2021 23:56:22	Microsoft-Windows-Power-Troubleshooter	1	None	"The system has returned from a low power state.

Sleep Time: ‎2021‎-‎10‎-‎24T18:21:50.641142300Z
Wake Time: ‎2021‎-‎10‎-‎24T18:26:15.687868700Z

Wake Source: Power Button"
Error	24-10-2021 23:56:19	Server	2505	None	The server could not bind to the transport \Device\NetBT_Tcpip_{9F961AE3-9423-4C8B-AB48-B1886999008B} because another computer on the network has the same name.  The server could not start.
Error	24-10-2021 23:56:17	Server	2505	None	The server could not bind to the transport \Device\NetBT_Tcpip_{59426481-F96A-490F-9157-08A6F626BD36} because another computer on the network has the same name.  The server could not start.
Information	24-10-2021 23:56:14	Microsoft-Windows-Kernel-Power	566	(268)	"The system session has transitioned from 353 to 355.

Reason: 5"
Information	24-10-2021 23:56:14	Microsoft-Windows-Kernel-Power	566	(268)	"The system session has transitioned from 352 to 353.

Reason: 5"
Information	24-10-2021 23:56:13	Microsoft-Windows-Kernel-Power	130	(33)	Firmware S3 times. SuspendStart: 480151373, SuspendEnd: 480151374
Information	24-10-2021 23:56:13	Microsoft-Windows-Kernel-Power	131	(33)	Firmware S3 times. ResumeCount: 6, FullResume: 1024, AverageResume: 1025
Information	24-10-2021 23:56:13	Microsoft-Windows-Kernel-General	1	(5)	"The system time has changed to ‎2021‎-‎10‎-‎24T18:26:13.500000000Z from ‎2021‎-‎10‎-‎24T18:22:06.169039000Z.

Change Reason: System time synchronized with the hardware clock.
Process: '' (PID 4).

RTC time: ‎2021‎-‎10‎-‎24T23:56:13.500000000Z
Current time zone bias: -330
RTC time is in UTC: false
System time was based on RTC time: false"
Information	24-10-2021 23:52:06	Microsoft-Windows-Kernel-Power	107	(102)	The system has resumed from sleep.
Information	24-10-2021 23:52:00	Microsoft-Windows-Kernel-Power	42	(64)	"The system is entering sleep.

Sleep Reason: System Idle"
Information	24-10-2021 23:51:52	Microsoft-Windows-Kernel-Power	566	(268)	"The system session has transitioned from 350 to 352.

Reason: 5"
Information	24-10-2021 23:51:33	Microsoft-Windows-Kernel-Power	566	(268)	"The system session has transitioned from 349 to 350.

Reason: 5"
Information	24-10-2021 23:18:49	Microsoft-Windows-Kernel-General	1	(5)	"The system time has changed to ‎2021‎-‎10‎-‎24T17:48:49.136752600Z from ‎2021‎-‎10‎-‎24T17:48:49.135967000Z.

Change Reason: An application or system component changed the time.
Process: '\Device\HarddiskVolume3\Windows\System32\svchost.exe' (PID 6676).

RTC time: ‎2021‎-‎10‎-‎24T23:18:49.136752600Z
Current time zone bias: -330
RTC time is in UTC: false
System time was based on RTC time: false"
Information	24-10-2021 23:18:49	Microsoft-Windows-Kernel-General	24	(11)	The time zone information was refreshed with exit reason 0. Current time zone bias is -330.
Information	24-10-2021 23:18:49	Microsoft-Windows-Time-Service	35	None	The time service is now synchronizing the system time with the time source time.windows.com,0x9 (ntp.m|0x9|0.0.0.0:123->40.81.94.65:123) with reference id 1096700200. Current local stratum number is 4.
Information	24-10-2021 23:18:49	Microsoft-Windows-Time-Service	37	None	The time provider NtpClient is currently receiving valid time data from time.windows.com,0x9 (ntp.m|0x9|0.0.0.0:123->40.81.94.65:123).
Error	24-10-2021 22:45:06	Server	2505	None	The server could not bind to the transport \Device\NetBT_Tcpip_{9F961AE3-9423-4C8B-AB48-B1886999008B} because another computer on the network has the same name.  The server could not start.
Information	24-10-2021 22:41:45	Microsoft-Windows-Power-Troubleshooter	1	None	"The system has returned from a low power state.

Sleep Time: ‎2021‎-‎10‎-‎24T16:52:07.795331100Z
Wake Time: ‎2021‎-‎10‎-‎24T17:11:41.736839100Z

Wake Source: Power Button"
Error	24-10-2021 22:41:44	Server	2505	None	The server could not bind to the transport \Device\NetBT_Tcpip_{59426481-F96A-490F-9157-08A6F626BD36} because another computer on the network has the same name.  The server could not start.
Information	24-10-2021 22:41:41	Microsoft-Windows-Kernel-Power	566	(268)	"The system session has transitioned from 347 to 349.

Reason: 5"
Information	24-10-2021 22:41:40	Microsoft-Windows-Kernel-Power	566	(268)	"The system session has transitioned from 346 to 347.

Reason: 5"
Information	24-10-2021 22:41:39	Microsoft-Windows-Kernel-Power	130	(33)	Firmware S3 times. SuspendStart: 475928542, SuspendEnd: 475928543
Information	24-10-2021 22:41:39	Microsoft-Windows-Kernel-Power	131	(33)	Firmware S3 times. ResumeCount: 5, FullResume: 1024, AverageResume: 1026
Information	24-10-2021 22:41:39	Microsoft-Windows-Kernel-General	1	(5)	"The system time has changed to ‎2021‎-‎10‎-‎24T17:11:39.500000000Z from ‎2021‎-‎10‎-‎24T16:52:26.667119300Z.

Change Reason: System time synchronized with the hardware clock.
Process: '' (PID 4).

RTC time: ‎2021‎-‎10‎-‎24T22:41:39.500000000Z
Current time zone bias: -330
RTC time is in UTC: false
System time was based on RTC time: false"
Information	24-10-2021 22:22:26	Microsoft-Windows-Kernel-Power	107	(102)	The system has resumed from sleep.
Information	24-10-2021 22:22:21	Microsoft-Windows-Kernel-Power	42	(64)	"The system is entering sleep.

Sleep Reason: System Idle"
Information	24-10-2021 22:22:10	Microsoft-Windows-Kernel-Power	566	(268)	"The system session has transitioned from 344 to 346.

Reason: 5"
Information	24-10-2021 22:21:57	Microsoft-Windows-Kernel-Power	566	(268)	"The system session has transitioned from 343 to 344.

Reason: 5"
Error	24-10-2021 21:48:23	Server	2505	None	The server could not bind to the transport \Device\NetBT_Tcpip_{9F961AE3-9423-4C8B-AB48-B1886999008B} because another computer on the network has the same name.  The server could not start.
Error	24-10-2021 21:47:45	Server	2505	None	The server could not bind to the transport \Device\NetBT_Tcpip_{9F961AE3-9423-4C8B-AB48-B1886999008B} because another computer on the network has the same name.  The server could not start.
Information	24-10-2021 21:17:54	Microsoft-Windows-Kernel-General	16	None	The access history in hive \??\C:\Users\mahendra\AppData\Local\Packages\Microsoft.BingWeather_8wekyb3d8bbwe\Settings\settings.dat was cleared updating 2 keys and creating 1 modified pages.
Error	24-10-2021 21:16:47	Server	2505	None	The server could not bind to the transport \Device\NetBT_Tcpip_{9F961AE3-9423-4C8B-AB48-B1886999008B} because another computer on the network has the same name.  The server could not start.
Information	24-10-2021 21:09:21	Microsoft-Windows-Kernel-Power	105	(100)	Power source change.
Warning	24-10-2021 21:05:40	Microsoft-Windows-DistributedCOM	10016	None	"The application-specific permission settings do not grant Local Activation permission for the COM Server application with CLSID 
{2593F8B9-4EAF-457C-B68A-50F6B8EA6B54}
 and APPID 
{15C20B67-12E7-4BB6-92BB-7AFF07997402}
 to the user LAPTOP-7EVMU4TQ\mahendra SID (S-1-5-21-38077573-387163758-1783380300-1002) from address LocalHost (Using LRPC) running in the application container Unavailable SID (Unavailable). This security permission can be modified using the Component Services administrative tool."
Information	24-10-2021 20:59:01	Microsoft-Windows-WindowsUpdateClient	19	Windows Update Agent	Installation Successful: Windows successfully installed the following update: 9NBLGGH42THS-Microsoft.Microsoft3DViewer
Information	24-10-2021 20:58:57	Microsoft-Windows-WindowsUpdateClient	43	Windows Update Agent	Installation Started: Windows has started installing the following update: 9NBLGGH42THS-Microsoft.Microsoft3DViewer
Information	24-10-2021 20:58:56	Microsoft-Windows-WindowsUpdateClient	44	Windows Update Agent	Windows Update started downloading an update.
Information	24-10-2021 20:58:56	Microsoft-Windows-WindowsUpdateClient	44	Windows Update Agent	Windows Update started downloading an update.
Information	24-10-2021 20:58:56	Microsoft-Windows-WindowsUpdateClient	44	Windows Update Agent	Windows Update started downloading an update.
Information	24-10-2021 20:55:25	Service Control Manager	7040	None	The start type of the Background Intelligent Transfer Service service was changed from auto start to demand start.
Information	24-10-2021 20:52:47	Service Control Manager	7040	None	The start type of the Background Intelligent Transfer Service service was changed from demand start to auto start.
Error	24-10-2021 20:29:34	Server	2505	None	The server could not bind to the transport \Device\NetBT_Tcpip_{9F961AE3-9423-4C8B-AB48-B1886999008B} because another computer on the network has the same name.  The server could not start.
Error	24-10-2021 19:19:09	Service Control Manager	7009	None	A timeout was reached (30000 milliseconds) while waiting for the Intel(R) SUR QC Software Asset Manager service to connect.
Information	24-10-2021 18:23:04	Microsoft-Windows-Kernel-Power	566	(268)	"The system session has transitioned from 341 to 343.

Reason: 5"
Information	24-10-2021 18:16:54	Microsoft-Windows-Kernel-Power	566	(268)	"The system session has transitioned from 340 to 341.

Reason: 5"
Warning	24-10-2021 17:42:08	Microsoft-Windows-DistributedCOM	10016	None	"The application-specific permission settings do not grant Local Activation permission for the COM Server application with CLSID 
{2593F8B9-4EAF-457C-B68A-50F6B8EA6B54}
 and APPID 
{15C20B67-12E7-4BB6-92BB-7AFF07997402}
 to the user LAPTOP-7EVMU4TQ\mahendra SID (S-1-5-21-38077573-387163758-1783380300-1002) from address LocalHost (Using LRPC) running in the application container Unavailable SID (Unavailable). This security permission can be modified using the Component Services administrative tool."
Information	24-10-2021 17:18:35	Microsoft-Windows-Kernel-Power	566	(268)	"The system session has transitioned from 338 to 340.

Reason: 5"
Information	24-10-2021 17:13:41	Microsoft-Windows-Kernel-Power	566	(268)	"The system session has transitioned from 337 to 338.

Reason: 5"
Warning	24-10-2021 16:07:46	Microsoft-Windows-DistributedCOM	10016	None	"The application-specific permission settings do not grant Local Activation permission for the COM Server application with CLSID 
{2593F8B9-4EAF-457C-B68A-50F6B8EA6B54}
 and APPID 
{15C20B67-12E7-4BB6-92BB-7AFF07997402}
 to the user LAPTOP-7EVMU4TQ\mahendra SID (S-1-5-21-38077573-387163758-1783380300-1002) from address LocalHost (Using LRPC) running in the application container Unavailable SID (Unavailable). This security permission can be modified using the Component Services administrative tool."
Warning	24-10-2021 16:02:08	Microsoft-Windows-DistributedCOM	10016	None	"The application-specific permission settings do not grant Local Activation permission for the COM Server application with CLSID 
{2593F8B9-4EAF-457C-B68A-50F6B8EA6B54}
 and APPID 
{15C20B67-12E7-4BB6-92BB-7AFF07997402}
 to the user LAPTOP-7EVMU4TQ\mahendra SID (S-1-5-21-38077573-387163758-1783380300-1002) from address LocalHost (Using LRPC) running in the application container Unavailable SID (Unavailable). This security permission can be modified using the Component Services administrative tool."
Information	24-10-2021 15:57:10	Microsoft-Windows-WindowsUpdateClient	19	Windows Update Agent	Installation Successful: Windows successfully installed the following update: 9WZDNCRFJBMP-MICROSOFT.WINDOWSSTORE
Information	24-10-2021 15:57:02	Microsoft-Windows-WindowsUpdateClient	43	Windows Update Agent	Installation Started: Windows has started installing the following update: 9WZDNCRFJBMP-MICROSOFT.WINDOWSSTORE
Information	24-10-2021 15:56:58	Microsoft-Windows-Kernel-General	16	None	The access history in hive \??\C:\ProgramData\Microsoft\Windows\AppRepository\Packages\Microsoft.WindowsStore_22110.1401.6.0_x64__8wekyb3d8bbwe\ActivationStore.dat was cleared updating 0 keys and creating 0 modified pages.
Warning	24-10-2021 15:56:22	Microsoft-Windows-DistributedCOM	10016	None	"The application-specific permission settings do not grant Local Activation permission for the COM Server application with CLSID 
{2593F8B9-4EAF-457C-B68A-50F6B8EA6B54}
 and APPID 
{15C20B67-12E7-4BB6-92BB-7AFF07997402}
 to the user LAPTOP-7EVMU4TQ\mahendra SID (S-1-5-21-38077573-387163758-1783380300-1002) from address LocalHost (Using LRPC) running in the application container Unavailable SID (Unavailable). This security permission can be modified using the Component Services administrative tool."
Error	24-10-2021 15:52:58	Server	2505	None	The server could not bind to the transport \Device\NetBT_Tcpip_{9F961AE3-9423-4C8B-AB48-B1886999008B} because another computer on the network has the same name.  The server could not start.
Information	24-10-2021 15:52:50	Microsoft-Windows-Power-Troubleshooter	1	None	"The system has returned from a low power state.

Sleep Time: ‎2021‎-‎10‎-‎24T09:41:27.550523800Z
Wake Time: ‎2021‎-‎10‎-‎24T10:22:45.847890400Z

Wake Source: Power Button"
Error	24-10-2021 15:52:47	Server	2505	None	The server could not bind to the transport \Device\NetBT_Tcpip_{59426481-F96A-490F-9157-08A6F626BD36} because another computer on the network has the same name.  The server could not start.
Information	24-10-2021 15:52:44	Microsoft-Windows-Kernel-Power	566	(268)	"The system session has transitioned from 335 to 337.

Reason: 5"
Information	24-10-2021 15:52:44	Microsoft-Windows-Time-Service	158	None	The time provider 'VMICTimeProvider' has indicated that the current hardware and operating environment is not supported and has stopped. This behavior is expected for VMICTimeProvider on non-HyperV-guest environments. This may be the expected behavior for the current provider in the current operating environment as well.
Information	24-10-2021 15:52:44	Microsoft-Windows-Kernel-Power	566	(268)	"The system session has transitioned from 334 to 335.

Reason: 5"
Information	24-10-2021 15:52:43	Microsoft-Windows-Kernel-Power	130	(33)	Firmware S3 times. SuspendStart: 452566639, SuspendEnd: 452566640
Information	24-10-2021 15:52:43	Microsoft-Windows-Kernel-Power	131	(33)	Firmware S3 times. ResumeCount: 4, FullResume: 1025, AverageResume: 1026
Information	24-10-2021 15:52:43	Microsoft-Windows-Kernel-General	1	(5)	"The system time has changed to ‎2021‎-‎10‎-‎24T10:22:43.500000000Z from ‎2021‎-‎10‎-‎24T09:41:43.240850800Z.

Change Reason: System time synchronized with the hardware clock.
Process: '' (PID 4).

RTC time: ‎2021‎-‎10‎-‎24T15:52:43.500000000Z
Current time zone bias: -330
RTC time is in UTC: false
System time was based on RTC time: false"
Information	24-10-2021 15:11:43	Microsoft-Windows-Kernel-Power	107	(102)	The system has resumed from sleep.
Information	24-10-2021 15:11:38	Microsoft-Windows-Kernel-Power	42	(64)	"The system is entering sleep.

Sleep Reason: System Idle"
Information	24-10-2021 15:11:29	Microsoft-Windows-Kernel-Power	566	(268)	"The system session has transitioned from 332 to 334.

Reason: 5"
