Information	21-11-2021 23:23:23	Microsoft-Windows-Kernel-General	16	None	The access history in hive \??\C:\Users\mahendra\AppData\Local\Packages\AppUp.IntelOptaneMemoryandStorageManagement_8j3eq9eme6ctt\Settings\settings.dat was cleared updating 2 keys and creating 1 modified pages.
Information	21-11-2021 23:23:19	Microsoft-Windows-WindowsUpdateClient	43	Windows Update Agent	Installation Started: Windows has started installing the following update: 9WZDNCRFJ3PR-MICROSOFT.WINDOWSALARMS
Error	21-11-2021 23:23:19	Microsoft-Windows-WindowsUpdateClient	20	Windows Update Agent	Installation Failure: Windows failed to install the following update with error 0x80073D02: 9WZDNCRFJ3P2-MICROSOFT.ZUNEVIDEO.
Information	21-11-2021 23:23:16	Microsoft-Windows-WindowsUpdateClient	43	Windows Update Agent	Installation Started: Windows has started installing the following update: 9WZDNCRFJ3P2-MICROSOFT.ZUNEVIDEO
Information	21-11-2021 23:23:16	Microsoft-Windows-WindowsUpdateClient	43	Windows Update Agent	Installation Started: Windows has started installing the following update: 9MZNG5HZWZ1T-AppUp.IntelOptaneMemoryandStorageManagement
Information	21-11-2021 23:23:09	Microsoft-Windows-WindowsUpdateClient	44	Windows Update Agent	Windows Update started downloading an update.
Information	21-11-2021 23:23:05	Microsoft-Windows-WindowsUpdateClient	44	Windows Update Agent	Windows Update started downloading an update.
Information	21-11-2021 23:23:05	Microsoft-Windows-WindowsUpdateClient	44	Windows Update Agent	Windows Update started downloading an update.
Information	21-11-2021 23:05:02	Microsoft-Windows-Kernel-General	1	(5)	"The system time has changed to ‎2021‎-‎11‎-‎21T17:35:01.998754700Z from ‎2021‎-‎11‎-‎21T17:35:01.998583600Z.

Change Reason: An application or system component changed the time.
Process: '\Device\HarddiskVolume3\Windows\System32\svchost.exe' (PID 21884).

RTC time: ‎2021‎-‎11‎-‎21T23:05:01.998754700Z
Current time zone bias: -330
RTC time is in UTC: false
System time was based on RTC time: false"
Information	21-11-2021 23:05:01	Microsoft-Windows-Kernel-General	24	(11)	The time zone information was refreshed with exit reason 0. Current time zone bias is -330.
Information	21-11-2021 23:05:01	Microsoft-Windows-Time-Service	35	None	The time service is now synchronizing the system time with the time source time.windows.com,0x9 (ntp.m|0x9|0.0.0.0:123->40.81.94.65:123) with reference id 1096700200. Current local stratum number is 4.
Information	21-11-2021 23:05:01	Microsoft-Windows-Time-Service	37	None	The time provider NtpClient is currently receiving valid time data from time.windows.com,0x9 (ntp.m|0x9|0.0.0.0:123->40.81.94.65:123).
Information	21-11-2021 22:33:59	Microsoft-Windows-WindowsUpdateClient	19	Windows Update Agent	Installation Successful: Windows successfully installed the following update: Security Intelligence Update for Microsoft Defender Antivirus - KB2267602 (Version 1.353.1377.0)
Information	21-11-2021 22:33:44	Microsoft-Windows-WindowsUpdateClient	19	Windows Update Agent	Installation Successful: Windows successfully installed the following update: 9WZDNCRFHWKN-MICROSOFT.WINDOWSSOUNDRECORDER
Information	21-11-2021 22:33:38	Microsoft-Windows-WindowsUpdateClient	19	Windows Update Agent	Installation Successful: Windows successfully installed the following update: 9WZDNCRDTBJJ-MICROSOFT.GETSTARTED
Information	21-11-2021 22:33:38	Microsoft-Windows-WindowsUpdateClient	19	Windows Update Agent	Installation Successful: Windows successfully installed the following update: 9WZDNCRFJ3TT-26720RandomSaladGamesLLC.SimpleSolitaire
Information	21-11-2021 22:33:31	Microsoft-Windows-Kernel-General	16	None	The access history in hive \??\C:\Users\mahendra\AppData\Local\Packages\Microsoft.Getstarted_8wekyb3d8bbwe\Settings\settings.dat was cleared updating 2 keys and creating 1 modified pages.
Information	21-11-2021 22:33:29	Microsoft-Windows-Kernel-General	16	None	The access history in hive \??\C:\Users\mahendra\AppData\Local\Packages\26720RandomSaladGamesLLC.SimpleSolitaire_kx24dqmazqk8j\Settings\settings.dat was cleared updating 2 keys and creating 1 modified pages.
Information	21-11-2021 22:33:26	Microsoft-Windows-WindowsUpdateClient	43	Windows Update Agent	Installation Started: Windows has started installing the following update: 9WZDNCRDTBJJ-MICROSOFT.GETSTARTED
Information	21-11-2021 22:33:24	Microsoft-Windows-WindowsUpdateClient	43	Windows Update Agent	Installation Started: Windows has started installing the following update: 9WZDNCRFJ3TT-26720RandomSaladGamesLLC.SimpleSolitaire
Information	21-11-2021 22:33:18	Microsoft-Windows-WindowsUpdateClient	44	Windows Update Agent	Windows Update started downloading an update.
Information	21-11-2021 22:33:12	Microsoft-Windows-WindowsUpdateClient	19	Windows Update Agent	Installation Successful: Windows successfully installed the following update: 9PCFS5B6T72H-Microsoft.Paint
Information	21-11-2021 22:33:12	Microsoft-Windows-WindowsUpdateClient	44	Windows Update Agent	Windows Update started downloading an update.
Information	21-11-2021 22:33:07	Microsoft-Windows-WindowsUpdateClient	19	Windows Update Agent	Installation Successful: Windows successfully installed the following update: 9WZDNCRFJ3Q2-Microsoft.BingWeather
Information	21-11-2021 22:33:03	Microsoft-Windows-Kernel-General	16	None	The access history in hive \??\C:\Users\mahendra\AppData\Local\Packages\Microsoft.Paint_8wekyb3d8bbwe\Settings\settings.dat was cleared updating 1 keys and creating 1 modified pages.
Information	21-11-2021 22:33:02	Microsoft-Windows-Kernel-General	16	None	The access history in hive \??\C:\Users\mahendra\AppData\Local\Packages\Microsoft.WindowsSoundRecorder_8wekyb3d8bbwe\Settings\settings.dat was cleared updating 2 keys and creating 1 modified pages.
Information	21-11-2021 22:33:00	Microsoft-Windows-Kernel-General	16	None	The access history in hive \??\C:\Users\mahendra\AppData\Local\Packages\Microsoft.BingWeather_8wekyb3d8bbwe\Settings\settings.dat was cleared updating 2 keys and creating 1 modified pages.
Information	21-11-2021 22:32:57	Microsoft-Windows-WindowsUpdateClient	43	Windows Update Agent	Installation Started: Windows has started installing the following update: 9WZDNCRFHWKN-MICROSOFT.WINDOWSSOUNDRECORDER
Information	21-11-2021 22:32:55	Microsoft-Windows-WindowsUpdateClient	43	Windows Update Agent	Installation Started: Windows has started installing the following update: 9PCFS5B6T72H-Microsoft.Paint
Information	21-11-2021 22:32:55	Microsoft-Windows-WindowsUpdateClient	43	Windows Update Agent	Installation Started: Windows has started installing the following update: 9WZDNCRFJ3Q2-Microsoft.BingWeather
Information	21-11-2021 22:32:34	Microsoft-Windows-WindowsUpdateClient	44	Windows Update Agent	Windows Update started downloading an update.
Information	21-11-2021 22:32:28	Microsoft-Windows-WindowsUpdateClient	19	Windows Update Agent	Installation Successful: Windows successfully installed the following update: 9NBLGGH08HWJ-46638IM7.Javaforeveryone
Information	21-11-2021 22:32:26	Microsoft-Windows-WindowsUpdateClient	43	Windows Update Agent	Installation Started: Windows has started installing the following update: Security Intelligence Update for Microsoft Defender Antivirus - KB2267602 (Version 1.353.1377.0)
Information	21-11-2021 22:32:26	Microsoft-Windows-WindowsUpdateClient	44	Windows Update Agent	Windows Update started downloading an update.
Information	21-11-2021 22:32:23	Microsoft-Windows-WindowsUpdateClient	19	Windows Update Agent	Installation Successful: Windows successfully installed the following update: 9N5TDP8VCMHS-Microsoft.WebMediaExtensions
Information	21-11-2021 22:32:23	Microsoft-Windows-WindowsUpdateClient	44	Windows Update Agent	Windows Update started downloading an update.
Information	21-11-2021 22:32:23	Microsoft-Windows-Kernel-General	16	None	The access history in hive \??\C:\Users\mahendra\AppData\Local\Packages\46638IM7.Javaforeveryone_xp80fbqqw39f4\Settings\settings.dat was cleared updating 2 keys and creating 1 modified pages.
Information	21-11-2021 22:32:18	Microsoft-Windows-WindowsUpdateClient	43	Windows Update Agent	Installation Started: Windows has started installing the following update: 9NBLGGH08HWJ-46638IM7.Javaforeveryone
Information	21-11-2021 22:32:17	Microsoft-Windows-WindowsUpdateClient	19	Windows Update Agent	Installation Successful: Windows successfully installed the following update: 9PLFNLNT3G5G-AppUp.IntelGraphicsExperience
Information	21-11-2021 22:32:17	Microsoft-Windows-WindowsUpdateClient	44	Windows Update Agent	Windows Update started downloading an update.
Information	21-11-2021 22:32:17	Microsoft-Windows-Kernel-General	16	None	The access history in hive \??\C:\Users\mahendra\AppData\Local\Packages\Microsoft.WebMediaExtensions_8wekyb3d8bbwe\Settings\settings.dat was cleared updating 2 keys and creating 1 modified pages.
Information	21-11-2021 22:32:10	Microsoft-Windows-WindowsUpdateClient	43	Windows Update Agent	Installation Started: Windows has started installing the following update: 9N5TDP8VCMHS-Microsoft.WebMediaExtensions
Information	21-11-2021 22:32:02	Microsoft-Windows-WindowsUpdateClient	43	Windows Update Agent	Installation Started: Windows has started installing the following update: 9PLFNLNT3G5G-AppUp.IntelGraphicsExperience
Information	21-11-2021 22:32:01	Microsoft-Windows-WindowsUpdateClient	44	Windows Update Agent	Windows Update started downloading an update.
Information	21-11-2021 22:31:55	Microsoft-Windows-WindowsUpdateClient	19	Windows Update Agent	Installation Successful: Windows successfully installed the following update: 9WZDNCRFJBQ6-Microsoft.Messaging
Information	21-11-2021 22:31:55	Microsoft-Windows-WindowsUpdateClient	44	Windows Update Agent	Windows Update started downloading an update.
Information	21-11-2021 22:31:51	Microsoft-Windows-Kernel-General	16	None	The access history in hive \??\C:\Users\mahendra\AppData\Local\Packages\Microsoft.Messaging_8wekyb3d8bbwe\Settings\settings.dat was cleared updating 2 keys and creating 1 modified pages.
Information	21-11-2021 22:31:50	Microsoft-Windows-WindowsUpdateClient	44	Windows Update Agent	Windows Update started downloading an update.
Error	21-11-2021 22:31:49	Microsoft-Windows-WindowsUpdateClient	20	Windows Update Agent	Installation Failure: Windows failed to install the following update with error 0x80073D02: 9NBLGGH10PG8-MICROSOFT.PEOPLE.
Error	21-11-2021 22:31:47	Microsoft-Windows-WindowsUpdateClient	20	Windows Update Agent	Installation Failure: Windows failed to install the following update with error 0x80073D02: 9PD3LSQVHTFN-AD2F1837.HPJumpStarts.
Information	21-11-2021 22:31:46	Microsoft-Windows-WindowsUpdateClient	43	Windows Update Agent	Installation Started: Windows has started installing the following update: 9WZDNCRFJBQ6-Microsoft.Messaging
Information	21-11-2021 22:31:45	Microsoft-Windows-WindowsUpdateClient	43	Windows Update Agent	Installation Started: Windows has started installing the following update: 9PD3LSQVHTFN-AD2F1837.HPJumpStarts
Information	21-11-2021 22:31:45	Microsoft-Windows-WindowsUpdateClient	43	Windows Update Agent	Installation Started: Windows has started installing the following update: 9NBLGGH10PG8-MICROSOFT.PEOPLE
Information	21-11-2021 22:31:31	Microsoft-Windows-WindowsUpdateClient	44	Windows Update Agent	Windows Update started downloading an update.
Information	21-11-2021 22:31:31	Microsoft-Windows-WindowsUpdateClient	44	Windows Update Agent	Windows Update started downloading an update.
Information	21-11-2021 22:31:31	Microsoft-Windows-WindowsUpdateClient	44	Windows Update Agent	Windows Update started downloading an update.
Information	21-11-2021 22:19:30	Microsoft-Windows-WindowsUpdateClient	19	Windows Update Agent	Installation Successful: Windows successfully installed the following update: 9NXVKMG8GMTZ-C27EB4BA.DropboxOEM
Information	21-11-2021 22:19:18	Microsoft-Windows-WindowsUpdateClient	19	Windows Update Agent	Installation Successful: Windows successfully installed the following update: 9NBLGGH5PNB1-Microsoft.OneConnect
Information	21-11-2021 22:19:16	Microsoft-Windows-WindowsUpdateClient	19	Windows Update Agent	Installation Successful: Windows successfully installed the following update: 9NHVRHCM59ZX-4470C5E38E12.525498094D954
Information	21-11-2021 22:19:08	Microsoft-Windows-Kernel-General	16	None	The access history in hive \??\C:\Users\mahendra\AppData\Local\Packages\Microsoft.OneConnect_8wekyb3d8bbwe\Settings\settings.dat was cleared updating 2 keys and creating 1 modified pages.
Information	21-11-2021 22:19:08	Microsoft-Windows-Kernel-General	16	None	The access history in hive \??\C:\Users\mahendra\AppData\Local\Packages\C27EB4BA.DropboxOEM_xbfy0k16fey96\Settings\settings.dat was cleared updating 2 keys and creating 1 modified pages.
Information	21-11-2021 22:19:07	Microsoft-Windows-Kernel-General	16	None	The access history in hive \??\C:\Users\mahendra\AppData\Local\Packages\4470C5E38E12.525498094D954_ybj5fscv99q7p\Settings\settings.dat was cleared updating 2 keys and creating 1 modified pages.
Information	21-11-2021 22:19:05	Microsoft-Windows-WindowsUpdateClient	43	Windows Update Agent	Installation Started: Windows has started installing the following update: 9NBLGGH5PNB1-Microsoft.OneConnect
Information	21-11-2021 22:19:04	Microsoft-Windows-WindowsUpdateClient	43	Windows Update Agent	Installation Started: Windows has started installing the following update: 9NHVRHCM59ZX-4470C5E38E12.525498094D954
Information	21-11-2021 22:19:04	Microsoft-Windows-WindowsUpdateClient	43	Windows Update Agent	Installation Started: Windows has started installing the following update: 9NXVKMG8GMTZ-C27EB4BA.DropboxOEM
Information	21-11-2021 22:18:52	Microsoft-Windows-WindowsUpdateClient	44	Windows Update Agent	Windows Update started downloading an update.
Information	21-11-2021 22:18:52	Microsoft-Windows-WindowsUpdateClient	44	Windows Update Agent	Windows Update started downloading an update.
Information	21-11-2021 22:18:52	Microsoft-Windows-WindowsUpdateClient	44	Windows Update Agent	Windows Update started downloading an update.
Information	21-11-2021 22:17:58	Microsoft-Windows-Kernel-Power	105	(100)	Power source change.
Error	21-11-2021 22:17:52	Server	2505	None	The server could not bind to the transport \Device\NetBT_Tcpip_{9F961AE3-9423-4C8B-AB48-B1886999008B} because another computer on the network has the same name.  The server could not start.
Information	21-11-2021 22:17:48	Microsoft-Windows-Power-Troubleshooter	1	None	"The system has returned from a low power state.

Sleep Time: ‎2021‎-‎11‎-‎21T16:33:21.671835200Z
Wake Time: ‎2021‎-‎11‎-‎21T16:47:47.253199300Z

Wake Source: Power Button"
Error	21-11-2021 22:17:49	Server	2505	None	The server could not bind to the transport \Device\NetBT_Tcpip_{59426481-F96A-490F-9157-08A6F626BD36} because another computer on the network has the same name.  The server could not start.
Information	21-11-2021 22:17:47	Microsoft-Windows-Kernel-Power	566	(268)	"The system session has transitioned from 158 to 160.

Reason: 15"
Information	21-11-2021 22:17:46	Microsoft-Windows-Kernel-Power	566	(268)	"The system session has transitioned from 157 to 158.

Reason: 15"
Information	21-11-2021 22:17:44	Microsoft-Windows-Kernel-Power	130	(33)	Firmware S3 times. SuspendStart: 47935965, SuspendEnd: 47935967
Information	21-11-2021 22:17:44	Microsoft-Windows-Kernel-Power	131	(33)	Firmware S3 times. ResumeCount: 18, FullResume: 1049, AverageResume: 1037
Information	21-11-2021 22:17:44	Microsoft-Windows-Kernel-General	1	(5)	"The system time has changed to ‎2021‎-‎11‎-‎21T16:47:44.500000000Z from ‎2021‎-‎11‎-‎21T16:33:33.508998100Z.

Change Reason: System time synchronized with the hardware clock.
Process: '' (PID 4).

RTC time: ‎2021‎-‎11‎-‎21T22:17:44.500000000Z
Current time zone bias: -330
RTC time is in UTC: false
System time was based on RTC time: false"
Information	21-11-2021 22:03:33	Microsoft-Windows-Kernel-Power	107	(102)	The system has resumed from sleep.
Information	21-11-2021 22:03:29	Microsoft-Windows-Kernel-Power	42	(64)	"The system is entering sleep.

Sleep Reason: System Idle"
Information	21-11-2021 22:03:22	Microsoft-Windows-Kernel-Power	566	(268)	"The system session has transitioned from 155 to 157.

Reason: 15"
Information	21-11-2021 22:03:01	Microsoft-Windows-Kernel-Power	566	(268)	"The system session has transitioned from 154 to 155.

Reason: 15"
Information	21-11-2021 21:55:36	Microsoft-Windows-Power-Troubleshooter	1	None	"The system has returned from a low power state.

Sleep Time: ‎2021‎-‎11‎-‎21T13:56:03.345549100Z
Wake Time: ‎2021‎-‎11‎-‎21T16:25:33.918782900Z

Wake Source: Power Button"
Error	21-11-2021 21:55:36	Server	2505	None	The server could not bind to the transport \Device\NetBT_Tcpip_{59426481-F96A-490F-9157-08A6F626BD36} because another computer on the network has the same name.  The server could not start.
Error	21-11-2021 21:55:35	Server	2505	None	The server could not bind to the transport \Device\NetBT_Tcpip_{9F961AE3-9423-4C8B-AB48-B1886999008B} because another computer on the network has the same name.  The server could not start.
Information	21-11-2021 21:55:34	Microsoft-Windows-Kernel-Power	566	(268)	"The system session has transitioned from 152 to 154.

Reason: 15"
Information	21-11-2021 21:55:33	Microsoft-Windows-Kernel-Power	566	(268)	"The system session has transitioned from 151 to 152.

Reason: 15"
Information	21-11-2021 21:55:31	Microsoft-Windows-Kernel-Power	130	(33)	Firmware S3 times. SuspendStart: 47454037, SuspendEnd: 47454038
Information	21-11-2021 21:55:31	Microsoft-Windows-Kernel-Power	131	(33)	Firmware S3 times. ResumeCount: 17, FullResume: 1036, AverageResume: 1037
Information	21-11-2021 21:55:31	Microsoft-Windows-Kernel-General	1	(5)	"The system time has changed to ‎2021‎-‎11‎-‎21T16:25:31.500000000Z from ‎2021‎-‎11‎-‎21T13:56:13.163181200Z.

Change Reason: System time synchronized with the hardware clock.
Process: '' (PID 4).

RTC time: ‎2021‎-‎11‎-‎21T21:55:31.500000000Z
Current time zone bias: -330
RTC time is in UTC: false
System time was based on RTC time: false"
Information	21-11-2021 19:26:13	Microsoft-Windows-Kernel-Power	107	(102)	The system has resumed from sleep.
Information	21-11-2021 19:26:08	Microsoft-Windows-Kernel-Power	42	(64)	"The system is entering sleep.

Sleep Reason: System Idle"
Information	21-11-2021 19:26:05	Microsoft-Windows-Kernel-Power	566	(268)	"The system session has transitioned from 149 to 151.

Reason: 15"
Information	21-11-2021 19:21:51	Microsoft-Windows-Kernel-Power	566	(268)	"The system session has transitioned from 148 to 149.

Reason: 15"
Error	21-11-2021 19:20:18	Server	2505	None	The server could not bind to the transport \Device\NetBT_Tcpip_{9F961AE3-9423-4C8B-AB48-B1886999008B} because another computer on the network has the same name.  The server could not start.
Information	21-11-2021 19:20:16	Microsoft-Windows-Power-Troubleshooter	1	None	"The system has returned from a low power state.

Sleep Time: ‎2021‎-‎11‎-‎21T13:48:40.608557900Z
Wake Time: ‎2021‎-‎11‎-‎21T13:50:13.854294500Z

Wake Source: Power Button"
Error	21-11-2021 19:20:17	Server	2505	None	The server could not bind to the transport \Device\NetBT_Tcpip_{59426481-F96A-490F-9157-08A6F626BD36} because another computer on the network has the same name.  The server could not start.
Information	21-11-2021 19:20:13	Microsoft-Windows-Kernel-Power	566	(268)	"The system session has transitioned from 146 to 148.

Reason: 15"
Information	21-11-2021 19:20:13	Microsoft-Windows-Kernel-Power	566	(268)	"The system session has transitioned from 145 to 146.

Reason: 15"
Information	21-11-2021 19:20:12	Microsoft-Windows-Kernel-Power	130	(33)	Firmware S3 times. SuspendStart: 47093435, SuspendEnd: 47093436
Information	21-11-2021 19:20:12	Microsoft-Windows-Kernel-Power	131	(33)	Firmware S3 times. ResumeCount: 16, FullResume: 1036, AverageResume: 1037
Information	21-11-2021 19:20:12	Microsoft-Windows-Kernel-General	1	(5)	"The system time has changed to ‎2021‎-‎11‎-‎21T13:50:12.500000000Z from ‎2021‎-‎11‎-‎21T13:48:49.780025600Z.

Change Reason: System time synchronized with the hardware clock.
Process: '' (PID 4).

RTC time: ‎2021‎-‎11‎-‎21T19:20:12.500000000Z
Current time zone bias: -330
RTC time is in UTC: false
System time was based on RTC time: false"
Information	21-11-2021 19:18:49	Microsoft-Windows-Kernel-Power	107	(102)	The system has resumed from sleep.
Information	21-11-2021 19:18:45	Microsoft-Windows-Kernel-Power	42	(64)	"The system is entering sleep.

Sleep Reason: System Idle"
Information	21-11-2021 19:18:42	Microsoft-Windows-Kernel-Power	566	(268)	"The system session has transitioned from 143 to 145.

Reason: 15"
Information	21-11-2021 19:18:21	Microsoft-Windows-Kernel-Power	566	(268)	"The system session has transitioned from 142 to 143.

Reason: 15"
Information	21-11-2021 19:04:25	Microsoft-Windows-Kernel-Power	566	(268)	"The system session has transitioned from 140 to 142.

Reason: 15"
Information	21-11-2021 19:03:53	Microsoft-Windows-Kernel-Power	566	(268)	"The system session has transitioned from 139 to 140.

Reason: 15"
Error	21-11-2021 19:02:55	Server	2505	None	The server could not bind to the transport \Device\NetBT_Tcpip_{59426481-F96A-490F-9157-08A6F626BD36} because another computer on the network has the same name.  The server could not start.
Error	21-11-2021 19:02:55	Server	2505	None	The server could not bind to the transport \Device\NetBT_Tcpip_{9F961AE3-9423-4C8B-AB48-B1886999008B} because another computer on the network has the same name.  The server could not start.
Information	21-11-2021 19:02:53	Microsoft-Windows-Power-Troubleshooter	1	None	"The system has returned from a low power state.

Sleep Time: ‎2021‎-‎11‎-‎21T13:32:00.346583600Z
Wake Time: ‎2021‎-‎11‎-‎21T13:32:52.928831100Z

Wake Source: Power Button"
Information	21-11-2021 19:02:52	Microsoft-Windows-Kernel-Power	566	(268)	"The system session has transitioned from 137 to 139.

Reason: 15"
Information	21-11-2021 19:02:52	Microsoft-Windows-Kernel-Power	566	(268)	"The system session has transitioned from 136 to 137.

Reason: 15"
Information	21-11-2021 19:02:48	Microsoft-Windows-Kernel-Power	130	(33)	Firmware S3 times. SuspendStart: 46132375, SuspendEnd: 46132378
Information	21-11-2021 19:02:48	Microsoft-Windows-Kernel-Power	131	(33)	Firmware S3 times. ResumeCount: 15, FullResume: 1034, AverageResume: 1037
Information	21-11-2021 19:02:48	Microsoft-Windows-Kernel-General	1	(5)	"The system time has changed to ‎2021‎-‎11‎-‎21T13:32:48.500000000Z from ‎2021‎-‎11‎-‎21T13:32:08.215748500Z.

Change Reason: System time synchronized with the hardware clock.
Process: '' (PID 4).

RTC time: ‎2021‎-‎11‎-‎21T19:02:48.500000000Z
Current time zone bias: -330
RTC time is in UTC: false
System time was based on RTC time: false"
Information	21-11-2021 19:02:08	Microsoft-Windows-Kernel-Power	107	(102)	The system has resumed from sleep.
Information	21-11-2021 19:02:03	Microsoft-Windows-Kernel-Power	42	(64)	"The system is entering sleep.

Sleep Reason: System Idle"
Information	21-11-2021 19:02:00	Microsoft-Windows-Kernel-Power	566	(268)	"The system session has transitioned from 134 to 136.

Reason: 15"
Information	21-11-2021 19:01:58	Microsoft-Windows-Kernel-Power	566	(268)	"The system session has transitioned from 133 to 134.

Reason: 15"
Information	21-11-2021 19:01:53	Microsoft-Windows-Kernel-Power	566	(268)	"The system session has transitioned from 131 to 133.

Reason: 15"
Information	21-11-2021 19:01:52	Microsoft-Windows-Kernel-Power	105	(100)	Power source change.
Information	21-11-2021 19:00:59	Microsoft-Windows-Kernel-Power	566	(268)	"The system session has transitioned from 130 to 131.

Reason: 15"
Error	21-11-2021 18:56:20	Service Control Manager	7009	None	A timeout was reached (30000 milliseconds) while waiting for the Intel(R) SUR QC Software Asset Manager service to connect.
Information	21-11-2021 18:50:36	Microsoft-Windows-Kernel-Power	566	(268)	"The system session has transitioned from 128 to 130.

Reason: 15"
Information	21-11-2021 18:49:40	Microsoft-Windows-Kernel-Power	566	(268)	"The system session has transitioned from 127 to 128.

Reason: 15"
Information	21-11-2021 18:49:02	Microsoft-Windows-Kernel-Power	105	(100)	Power source change.
Error	21-11-2021 18:48:44	Server	2505	None	The server could not bind to the transport \Device\NetBT_Tcpip_{9F961AE3-9423-4C8B-AB48-B1886999008B} because another computer on the network has the same name.  The server could not start.
Error	21-11-2021 18:48:43	Server	2505	None	The server could not bind to the transport \Device\NetBT_Tcpip_{59426481-F96A-490F-9157-08A6F626BD36} because another computer on the network has the same name.  The server could not start.
Information	21-11-2021 18:48:42	Microsoft-Windows-Power-Troubleshooter	1	None	"The system has returned from a low power state.

Sleep Time: ‎2021‎-‎11‎-‎21T13:15:31.542810000Z
Wake Time: ‎2021‎-‎11‎-‎21T13:18:39.857576300Z

Wake Source: Power Button"
Information	21-11-2021 18:48:39	Microsoft-Windows-Kernel-Power	566	(268)	"The system session has transitioned from 125 to 127.

Reason: 15"
Information	21-11-2021 18:48:39	Microsoft-Windows-Kernel-Power	566	(268)	"The system session has transitioned from 124 to 125.

Reason: 15"
Information	21-11-2021 18:48:38	Microsoft-Windows-Kernel-Power	130	(33)	Firmware S3 times. SuspendStart: 45322741, SuspendEnd: 45322743
Information	21-11-2021 18:48:38	Microsoft-Windows-Kernel-Power	131	(33)	Firmware S3 times. ResumeCount: 14, FullResume: 1038, AverageResume: 1037
Information	21-11-2021 18:48:38	Microsoft-Windows-Kernel-General	1	(5)	"The system time has changed to ‎2021‎-‎11‎-‎21T13:18:38.500000000Z from ‎2021‎-‎11‎-‎21T13:15:39.694488700Z.

Change Reason: System time synchronized with the hardware clock.
Process: '' (PID 4).

RTC time: ‎2021‎-‎11‎-‎21T18:48:38.500000000Z
Current time zone bias: -330
RTC time is in UTC: false
System time was based on RTC time: false"
Information	21-11-2021 18:45:39	Microsoft-Windows-Kernel-Power	107	(102)	The system has resumed from sleep.
Information	21-11-2021 18:45:35	Microsoft-Windows-Kernel-Power	42	(64)	"The system is entering sleep.

Sleep Reason: System Idle"
Information	21-11-2021 18:45:33	Microsoft-Windows-Kernel-Power	566	(268)	"The system session has transitioned from 122 to 124.

Reason: 15"
Information	21-11-2021 18:45:09	Microsoft-Windows-Kernel-Power	566	(268)	"The system session has transitioned from 121 to 122.

Reason: 15"
Information	21-11-2021 18:39:45	Microsoft-Windows-Power-Troubleshooter	1	None	"The system has returned from a low power state.

Sleep Time: ‎2021‎-‎11‎-‎21T12:56:24.582244000Z
Wake Time: ‎2021‎-‎11‎-‎21T13:09:41.817245700Z

Wake Source: Power Button"
Error	21-11-2021 18:39:45	Server	2505	None	The server could not bind to the transport \Device\NetBT_Tcpip_{9F961AE3-9423-4C8B-AB48-B1886999008B} because another computer on the network has the same name.  The server could not start.
Error	21-11-2021 18:39:44	Server	2505	None	The server could not bind to the transport \Device\NetBT_Tcpip_{59426481-F96A-490F-9157-08A6F626BD36} because another computer on the network has the same name.  The server could not start.
Information	21-11-2021 18:39:41	Microsoft-Windows-Kernel-Power	566	(268)	"The system session has transitioned from 119 to 121.

Reason: 15"
Information	21-11-2021 18:39:41	Microsoft-Windows-Kernel-Power	566	(268)	"The system session has transitioned from 118 to 119.

Reason: 15"
Information	21-11-2021 18:39:40	Microsoft-Windows-Kernel-Power	130	(33)	Firmware S3 times. SuspendStart: 44963607, SuspendEnd: 44963608
Information	21-11-2021 18:39:40	Microsoft-Windows-Kernel-Power	131	(33)	Firmware S3 times. ResumeCount: 13, FullResume: 1037, AverageResume: 1037
Information	21-11-2021 18:39:40	Microsoft-Windows-Kernel-General	1	(5)	"The system time has changed to ‎2021‎-‎11‎-‎21T13:09:40.500000000Z from ‎2021‎-‎11‎-‎21T12:56:33.563994200Z.

Change Reason: System time synchronized with the hardware clock.
Process: '' (PID 4).

RTC time: ‎2021‎-‎11‎-‎21T18:39:40.500000000Z
Current time zone bias: -330
RTC time is in UTC: false
System time was based on RTC time: false"
Information	21-11-2021 18:26:33	Microsoft-Windows-Kernel-Power	107	(102)	The system has resumed from sleep.
Information	21-11-2021 18:26:28	Microsoft-Windows-Kernel-Power	42	(64)	"The system is entering sleep.

Sleep Reason: System Idle"
Information	21-11-2021 18:26:26	Microsoft-Windows-Kernel-Power	566	(268)	"The system session has transitioned from 116 to 118.

Reason: 15"
Information	21-11-2021 18:25:59	Microsoft-Windows-Kernel-Power	566	(268)	"The system session has transitioned from 115 to 116.

Reason: 15"
Error	21-11-2021 18:20:13	Server	2505	None	The server could not bind to the transport \Device\NetBT_Tcpip_{9F961AE3-9423-4C8B-AB48-B1886999008B} because another computer on the network has the same name.  The server could not start.
Information	21-11-2021 18:20:11	Microsoft-Windows-Power-Troubleshooter	1	None	"The system has returned from a low power state.

Sleep Time: ‎2021‎-‎11‎-‎21T12:42:53.657448300Z
Wake Time: ‎2021‎-‎11‎-‎21T12:50:08.926266200Z

Wake Source: Power Button"
Error	21-11-2021 18:20:12	Server	2505	None	The server could not bind to the transport \Device\NetBT_Tcpip_{59426481-F96A-490F-9157-08A6F626BD36} because another computer on the network has the same name.  The server could not start.
Information	21-11-2021 18:20:08	Microsoft-Windows-Kernel-Power	566	(268)	"The system session has transitioned from 113 to 115.

Reason: 15"
Information	21-11-2021 18:20:08	Microsoft-Windows-Kernel-Power	566	(268)	"The system session has transitioned from 112 to 113.

Reason: 15"
Information	21-11-2021 18:20:07	Microsoft-Windows-Kernel-Power	130	(33)	Firmware S3 times. SuspendStart: 44577606, SuspendEnd: 44577608
Information	21-11-2021 18:20:07	Microsoft-Windows-Kernel-Power	131	(33)	Firmware S3 times. ResumeCount: 12, FullResume: 1036, AverageResume: 1037
Information	21-11-2021 18:20:07	Microsoft-Windows-Kernel-General	1	(5)	"The system time has changed to ‎2021‎-‎11‎-‎21T12:50:07.500000000Z from ‎2021‎-‎11‎-‎21T12:43:06.574440700Z.

Change Reason: System time synchronized with the hardware clock.
Process: '' (PID 4).

RTC time: ‎2021‎-‎11‎-‎21T18:20:07.500000000Z
Current time zone bias: -330
RTC time is in UTC: false
System time was based on RTC time: false"
Information	21-11-2021 18:13:06	Microsoft-Windows-Kernel-Power	107	(102)	The system has resumed from sleep.
Information	21-11-2021 18:13:01	Microsoft-Windows-Kernel-Power	42	(64)	"The system is entering sleep.

Sleep Reason: System Idle"
Information	21-11-2021 18:12:55	Microsoft-Windows-Kernel-Power	566	(268)	"The system session has transitioned from 110 to 112.

Reason: 15"
Information	21-11-2021 18:12:26	Microsoft-Windows-Kernel-Power	566	(268)	"The system session has transitioned from 109 to 110.

Reason: 15"
Warning	21-11-2021 17:49:51	Microsoft-Windows-DistributedCOM	10016	None	"The application-specific permission settings do not grant Local Activation permission for the COM Server application with CLSID 
{2593F8B9-4EAF-457C-B68A-50F6B8EA6B54}
 and APPID 
{15C20B67-12E7-4BB6-92BB-7AFF07997402}
 to the user LAPTOP-7EVMU4TQ\mahendra SID (S-1-5-21-38077573-387163758-1783380300-1002) from address LocalHost (Using LRPC) running in the application container Unavailable SID (Unavailable). This security permission can be modified using the Component Services administrative tool."
Information	21-11-2021 17:42:57	Microsoft-Windows-Kernel-General	16	None	The access history in hive \??\C:\Users\mahendra\AppData\Local\Packages\PythonSoftwareFoundation.Python.3.9_qbz5n2kfra8p0\SystemAppData\Helium\UserClasses.dat was cleared updating 6 keys and creating 1 modified pages.
Information	21-11-2021 17:42:57	Microsoft-Windows-Kernel-General	16	None	The access history in hive \??\C:\Users\mahendra\AppData\Local\Packages\PythonSoftwareFoundation.Python.3.9_qbz5n2kfra8p0\SystemAppData\Helium\User.dat was cleared updating 7 keys and creating 1 modified pages.
Information	21-11-2021 17:31:39	Microsoft-Windows-Kernel-General	16	None	The access history in hive \??\C:\Users\mahendra\AppData\Local\Packages\Microsoft.WindowsStore_8wekyb3d8bbwe\Settings\settings.dat was cleared updating 12 keys and creating 3 modified pages.
Error	21-11-2021 17:24:35	Server	2505	None	The server could not bind to the transport \Device\NetBT_Tcpip_{9F961AE3-9423-4C8B-AB48-B1886999008B} because another computer on the network has the same name.  The server could not start.
Warning	21-11-2021 17:20:27	Microsoft-Windows-DNS-Client	1014	(1014)	Name resolution for the name chrome.cloudflare-dns.com timed out after none of the configured DNS servers responded. Client PID 20936.
Error	21-11-2021 17:20:15	Server	2505	None	The server could not bind to the transport \Device\NetBT_Tcpip_{9F961AE3-9423-4C8B-AB48-B1886999008B} because another computer on the network has the same name.  The server could not start.
Warning	21-11-2021 17:15:15	Microsoft-Windows-DNS-Client	1014	(1014)	Name resolution for the name ic3.events.data.microsoft.com timed out after none of the configured DNS servers responded. Client PID 22024.
Information	21-11-2021 17:15:07	Microsoft-Windows-Power-Troubleshooter	1	None	"The system has returned from a low power state.

Sleep Time: ‎2021‎-‎11‎-‎21T11:40:05.706179100Z
Wake Time: ‎2021‎-‎11‎-‎21T11:45:04.840609500Z

Wake Source: Power Button"
Error	21-11-2021 17:15:08	Server	2505	None	The server could not bind to the transport \Device\NetBT_Tcpip_{59426481-F96A-490F-9157-08A6F626BD36} because another computer on the network has the same name.  The server could not start.
Information	21-11-2021 17:15:04	Microsoft-Windows-Kernel-Power	566	(268)	"The system session has transitioned from 107 to 109.

Reason: 15"
Information	21-11-2021 17:15:04	Microsoft-Windows-Kernel-Power	566	(268)	"The system session has transitioned from 106 to 107.

Reason: 15"
Information	21-11-2021 17:15:03	Microsoft-Windows-Kernel-Power	130	(33)	Firmware S3 times. SuspendStart: 41095146, SuspendEnd: 41095147
Information	21-11-2021 17:15:03	Microsoft-Windows-Kernel-Power	131	(33)	Firmware S3 times. ResumeCount: 11, FullResume: 1036, AverageResume: 1037
Information	21-11-2021 17:15:03	Microsoft-Windows-Kernel-General	1	(5)	"The system time has changed to ‎2021‎-‎11‎-‎21T11:45:03.500000000Z from ‎2021‎-‎11‎-‎21T11:40:15.544484800Z.

Change Reason: System time synchronized with the hardware clock.
Process: '' (PID 4).

RTC time: ‎2021‎-‎11‎-‎21T17:15:03.500000000Z
Current time zone bias: -330
RTC time is in UTC: false
System time was based on RTC time: false"
Information	21-11-2021 17:10:15	Microsoft-Windows-Kernel-Power	107	(102)	The system has resumed from sleep.
Information	21-11-2021 17:10:10	Microsoft-Windows-Kernel-Power	42	(64)	"The system is entering sleep.

Sleep Reason: System Idle"
Information	21-11-2021 17:10:07	Microsoft-Windows-Kernel-Power	566	(268)	"The system session has transitioned from 104 to 106.

Reason: 15"
Information	21-11-2021 17:10:02	Microsoft-Windows-Kernel-Power	566	(268)	"The system session has transitioned from 103 to 104.

Reason: 15"
Information	21-11-2021 17:03:48	Microsoft-Windows-Power-Troubleshooter	1	None	"The system has returned from a low power state.

Sleep Time: ‎2021‎-‎11‎-‎21T11:28:38.917983900Z
Wake Time: ‎2021‎-‎11‎-‎21T11:33:45.908136400Z

Wake Source: Power Button"
Error	21-11-2021 17:03:49	Server	2505	None	The server could not bind to the transport \Device\NetBT_Tcpip_{59426481-F96A-490F-9157-08A6F626BD36} because another computer on the network has the same name.  The server could not start.
Information	21-11-2021 17:03:45	Microsoft-Windows-Kernel-Power	566	(268)	"The system session has transitioned from 101 to 103.

Reason: 15"
Information	21-11-2021 17:03:45	Microsoft-Windows-Kernel-Power	566	(268)	"The system session has transitioned from 100 to 101.

Reason: 15"
Information	21-11-2021 17:03:44	Microsoft-Windows-Kernel-Power	130	(33)	Firmware S3 times. SuspendStart: 40704166, SuspendEnd: 40704167
Information	21-11-2021 17:03:44	Microsoft-Windows-Kernel-Power	131	(33)	Firmware S3 times. ResumeCount: 10, FullResume: 1035, AverageResume: 1037
Information	21-11-2021 17:03:44	Microsoft-Windows-Kernel-General	1	(5)	"The system time has changed to ‎2021‎-‎11‎-‎21T11:33:44.500000000Z from ‎2021‎-‎11‎-‎21T11:28:47.709798400Z.

Change Reason: System time synchronized with the hardware clock.
Process: '' (PID 4).

RTC time: ‎2021‎-‎11‎-‎21T17:03:44.500000000Z
Current time zone bias: -330
RTC time is in UTC: false
System time was based on RTC time: false"
Information	21-11-2021 16:58:47	Microsoft-Windows-Kernel-Power	107	(102)	The system has resumed from sleep.
Information	21-11-2021 16:58:43	Microsoft-Windows-Kernel-Power	42	(64)	"The system is entering sleep.

Sleep Reason: System Idle"
Information	21-11-2021 16:58:40	Microsoft-Windows-Kernel-Power	566	(268)	"The system session has transitioned from 98 to 100.

Reason: 15"
Information	21-11-2021 16:58:12	Microsoft-Windows-Kernel-Power	566	(268)	"The system session has transitioned from 97 to 98.

Reason: 15"
Warning	21-11-2021 16:52:35	Microsoft-Windows-DNS-Client	1014	(1014)	Name resolution for the name chrome.cloudflare-dns.com timed out after none of the configured DNS servers responded. Client PID 20936.
Error	21-11-2021 16:52:27	Server	2505	None	The server could not bind to the transport \Device\NetBT_Tcpip_{9F961AE3-9423-4C8B-AB48-B1886999008B} because another computer on the network has the same name.  The server could not start.
Error	21-11-2021 16:52:26	Server	2505	None	The server could not bind to the transport \Device\NetBT_Tcpip_{59426481-F96A-490F-9157-08A6F626BD36} because another computer on the network has the same name.  The server could not start.
Information	21-11-2021 16:52:25	Microsoft-Windows-Power-Troubleshooter	1	None	"The system has returned from a low power state.

Sleep Time: ‎2021‎-‎11‎-‎21T11:20:29.832315100Z
Wake Time: ‎2021‎-‎11‎-‎21T11:22:22.915756500Z

Wake Source: Power Button"
Information	21-11-2021 16:52:22	Microsoft-Windows-Kernel-Power	566	(268)	"The system session has transitioned from 95 to 97.

Reason: 15"
Information	21-11-2021 16:52:22	Microsoft-Windows-Kernel-Power	566	(268)	"The system session has transitioned from 94 to 95.

Reason: 15"
Information	21-11-2021 16:52:21	Microsoft-Windows-Kernel-Power	130	(33)	Firmware S3 times. SuspendStart: 40318021, SuspendEnd: 40318022
Information	21-11-2021 16:52:21	Microsoft-Windows-Kernel-Power	131	(33)	Firmware S3 times. ResumeCount: 9, FullResume: 1035, AverageResume: 1037
Information	21-11-2021 16:52:21	Microsoft-Windows-Kernel-General	1	(5)	"The system time has changed to ‎2021‎-‎11‎-‎21T11:22:21.500000000Z from ‎2021‎-‎11‎-‎21T11:20:42.404250600Z.

Change Reason: System time synchronized with the hardware clock.
Process: '' (PID 4).

RTC time: ‎2021‎-‎11‎-‎21T16:52:21.500000000Z
Current time zone bias: -330
RTC time is in UTC: false
System time was based on RTC time: false"
Information	21-11-2021 16:50:42	Microsoft-Windows-Kernel-Power	107	(102)	The system has resumed from sleep.
Warning	21-11-2021 16:50:42	Microsoft-Windows-DNS-Client	1014	(1014)	Name resolution for the name client.wns.windows.com timed out after none of the configured DNS servers responded. Client PID 4800.
Information	21-11-2021 16:50:37	Microsoft-Windows-Kernel-Power	42	(64)	"The system is entering sleep.

Sleep Reason: System Idle"
Information	21-11-2021 16:50:31	Microsoft-Windows-Kernel-Power	566	(268)	"The system session has transitioned from 92 to 94.

Reason: 15"
Information	21-11-2021 16:50:22	Microsoft-Windows-Kernel-Power	566	(268)	"The system session has transitioned from 91 to 92.

Reason: 15"
Warning	21-11-2021 16:44:49	Microsoft-Windows-DistributedCOM	10016	None	"The application-specific permission settings do not grant Local Activation permission for the COM Server application with CLSID 
{2593F8B9-4EAF-457C-B68A-50F6B8EA6B54}
 and APPID 
{15C20B67-12E7-4BB6-92BB-7AFF07997402}
 to the user LAPTOP-7EVMU4TQ\mahendra SID (S-1-5-21-38077573-387163758-1783380300-1002) from address LocalHost (Using LRPC) running in the application container Unavailable SID (Unavailable). This security permission can be modified using the Component Services administrative tool."
Warning	21-11-2021 16:40:03	Microsoft-Windows-DNS-Client	1014	(1014)	Name resolution for the name events.gfe.nvidia.com timed out after none of the configured DNS servers responded. Client PID 4944.
Warning	21-11-2021 16:40:02	Microsoft-Windows-DNS-Client	1014	(1014)	Name resolution for the name trouter2-azsc-asse-0-a.trouter.teams.microsoft.com timed out after none of the configured DNS servers responded. Client PID 22024.
Error	21-11-2021 16:39:53	Server	2505	None	The server could not bind to the transport \Device\NetBT_Tcpip_{9F961AE3-9423-4C8B-AB48-B1886999008B} because another computer on the network has the same name.  The server could not start.
Error	21-11-2021 16:39:51	Server	2505	None	The server could not bind to the transport \Device\NetBT_Tcpip_{59426481-F96A-490F-9157-08A6F626BD36} because another computer on the network has the same name.  The server could not start.
Information	21-11-2021 16:39:50	Microsoft-Windows-Power-Troubleshooter	1	None	"The system has returned from a low power state.

Sleep Time: ‎2021‎-‎11‎-‎21T11:08:06.764649000Z
Wake Time: ‎2021‎-‎11‎-‎21T11:09:49.556054000Z

Wake Source: Power Button"
Information	21-11-2021 16:39:49	Microsoft-Windows-Kernel-Power	566	(268)	"The system session has transitioned from 89 to 91.

Reason: 15"
Information	21-11-2021 16:39:48	Microsoft-Windows-Kernel-Power	566	(268)	"The system session has transitioned from 88 to 89.

Reason: 15"
Information	21-11-2021 16:39:46	Microsoft-Windows-Kernel-Power	130	(33)	Firmware S3 times. SuspendStart: 39662228, SuspendEnd: 39662229
Information	21-11-2021 16:39:46	Microsoft-Windows-Kernel-Power	131	(33)	Firmware S3 times. ResumeCount: 8, FullResume: 1034, AverageResume: 1038
Information	21-11-2021 16:39:46	Microsoft-Windows-Kernel-General	1	(5)	"The system time has changed to ‎2021‎-‎11‎-‎21T11:09:46.500000000Z from ‎2021‎-‎11‎-‎21T11:08:23.443054400Z.

Change Reason: System time synchronized with the hardware clock.
Process: '' (PID 4).

RTC time: ‎2021‎-‎11‎-‎21T16:39:46.500000000Z
Current time zone bias: -330
RTC time is in UTC: false
System time was based on RTC time: false"
Information	21-11-2021 16:38:23	Microsoft-Windows-Kernel-Power	107	(102)	The system has resumed from sleep.
Warning	21-11-2021 16:38:21	Microsoft-Windows-DNS-Client	1014	(1014)	Name resolution for the name teams.microsoft.com timed out after none of the configured DNS servers responded. Client PID 22336.
Information	21-11-2021 16:38:18	Microsoft-Windows-Kernel-Power	42	(64)	"The system is entering sleep.

Sleep Reason: System Idle"
Information	21-11-2021 16:38:08	Microsoft-Windows-Kernel-Power	566	(268)	"The system session has transitioned from 86 to 88.

Reason: 15"
Information	21-11-2021 16:37:39	Microsoft-Windows-Kernel-Power	566	(268)	"The system session has transitioned from 85 to 86.

Reason: 15"
Information	21-11-2021 16:30:49	Microsoft-Windows-Kernel-Power	105	(100)	Power source change.
Warning	21-11-2021 16:29:05	Microsoft-Windows-DNS-Client	1014	(1014)	Name resolution for the name clients2.google.com timed out after none of the configured DNS servers responded. Client PID 21296.
Error	21-11-2021 16:27:59	Server	2505	None	The server could not bind to the transport \Device\NetBT_Tcpip_{9F961AE3-9423-4C8B-AB48-B1886999008B} because another computer on the network has the same name.  The server could not start.
Warning	21-11-2021 16:27:10	Microsoft-Windows-DistributedCOM	10016	None	"The application-specific permission settings do not grant Local Activation permission for the COM Server application with CLSID 
{2593F8B9-4EAF-457C-B68A-50F6B8EA6B54}
 and APPID 
{15C20B67-12E7-4BB6-92BB-7AFF07997402}
 to the user LAPTOP-7EVMU4TQ\mahendra SID (S-1-5-21-38077573-387163758-1783380300-1002) from address LocalHost (Using LRPC) running in the application container Unavailable SID (Unavailable). This security permission can be modified using the Component Services administrative tool."
Warning	21-11-2021 16:26:51	Microsoft-Windows-DistributedCOM	10016	None	"The application-specific permission settings do not grant Local Activation permission for the COM Server application with CLSID 
{2593F8B9-4EAF-457C-B68A-50F6B8EA6B54}
 and APPID 
{15C20B67-12E7-4BB6-92BB-7AFF07997402}
 to the user LAPTOP-7EVMU4TQ\mahendra SID (S-1-5-21-38077573-387163758-1783380300-1002) from address LocalHost (Using LRPC) running in the application container Unavailable SID (Unavailable). This security permission can be modified using the Component Services administrative tool."
Information	21-11-2021 16:23:52	Microsoft-Windows-Kernel-Power	566	(268)	"The system session has transitioned from 83 to 85.

Reason: 15"
Information	21-11-2021 16:22:57	Microsoft-Windows-Kernel-Power	566	(268)	"The system session has transitioned from 82 to 83.

Reason: 15"
Information	21-11-2021 16:21:26	Microsoft-Windows-Power-Troubleshooter	1	None	"The system has returned from a low power state.

Sleep Time: ‎2021‎-‎11‎-‎21T09:47:41.219942900Z
Wake Time: ‎2021‎-‎11‎-‎21T10:51:18.856829100Z

Wake Source: Power Button"
Error	21-11-2021 16:21:21	Server	2505	None	The server could not bind to the transport \Device\NetBT_Tcpip_{59426481-F96A-490F-9157-08A6F626BD36} because another computer on the network has the same name.  The server could not start.
Information	21-11-2021 16:21:18	Microsoft-Windows-Kernel-Power	566	(268)	"The system session has transitioned from 80 to 82.

Reason: 15"
Information	21-11-2021 16:21:17	Microsoft-Windows-Kernel-Power	566	(268)	"The system session has transitioned from 79 to 80.

Reason: 15"
Information	21-11-2021 16:21:16	Microsoft-Windows-Kernel-Power	130	(33)	Firmware S3 times. SuspendStart: 38635461, SuspendEnd: 38635462
Information	21-11-2021 16:21:16	Microsoft-Windows-Kernel-Power	131	(33)	Firmware S3 times. ResumeCount: 7, FullResume: 1037, AverageResume: 1038
Information	21-11-2021 16:21:16	Microsoft-Windows-Kernel-General	1	(5)	"The system time has changed to ‎2021‎-‎11‎-‎21T10:51:16.500000000Z from ‎2021‎-‎11‎-‎21T09:47:50.936950900Z.

Change Reason: System time synchronized with the hardware clock.
Process: '' (PID 4).

RTC time: ‎2021‎-‎11‎-‎21T16:21:16.500000000Z
Current time zone bias: -330
RTC time is in UTC: false
System time was based on RTC time: false"
Information	21-11-2021 15:17:50	Microsoft-Windows-Kernel-Power	107	(102)	The system has resumed from sleep.
Information	21-11-2021 15:17:46	Microsoft-Windows-Kernel-Power	42	(64)	"The system is entering sleep.

Sleep Reason: System Idle"
Information	21-11-2021 15:17:41	Microsoft-Windows-Kernel-Power	566	(268)	"The system session has transitioned from 77 to 79.

Reason: 15"
Information	21-11-2021 15:14:05	Service Control Manager	7040	None	The start type of the Background Intelligent Transfer Service service was changed from auto start to demand start.
Information	21-11-2021 15:13:39	Microsoft-Windows-Time-Service	158	None	The time provider 'VMICTimeProvider' has indicated that the current hardware and operating environment is not supported and has stopped. This behavior is expected for VMICTimeProvider on non-HyperV-guest environments. This may be the expected behavior for the current provider in the current operating environment as well.
Information	21-11-2021 15:12:01	Service Control Manager	7040	None	The start type of the Background Intelligent Transfer Service service was changed from demand start to auto start.
Information	21-11-2021 15:08:34	Service Control Manager	7045	None	"A service was installed in the system.

Service Name:  MpKsl1bfc4062
Service File Name:  C:\ProgramData\Microsoft\Windows Defender\Definition Updates\{E6136FEE-90F5-4FDB-9CE8-FB066906B6A9}\MpKslDrv.sys
Service Type:  kernel mode driver
Service Start Type:  demand start
Service Account:  "
Information	21-11-2021 15:07:19	Microsoft-Windows-Kernel-Power	566	(268)	"The system session has transitioned from 76 to 77.

Reason: 15"
Information	21-11-2021 14:57:31	Service Control Manager	7040	None	The start type of the Background Intelligent Transfer Service service was changed from auto start to demand start.
Information	21-11-2021 14:56:35	Microsoft-Windows-Time-Service	158	None	The time provider 'VMICTimeProvider' has indicated that the current hardware and operating environment is not supported and has stopped. This behavior is expected for VMICTimeProvider on non-HyperV-guest environments. This may be the expected behavior for the current provider in the current operating environment as well.
Information	21-11-2021 14:55:07	Service Control Manager	7040	None	The start type of the Background Intelligent Transfer Service service was changed from demand start to auto start.
