Information	15-11-2021 21:54:30	Microsoft-Windows-Kernel-Power	130	(33)	Firmware S3 times. SuspendStart: 68709467, SuspendEnd: 68709468
Information	15-11-2021 21:54:30	Microsoft-Windows-Kernel-Power	131	(33)	Firmware S3 times. ResumeCount: 3, FullResume: 1036, AverageResume: 1039
Information	15-11-2021 21:54:30	Microsoft-Windows-Kernel-General	1	(5)	"The system time has changed to ‎2021‎-‎11‎-‎15T16:24:30.500000000Z from ‎2021‎-‎11‎-‎15T16:12:25.364011000Z.

Change Reason: System time synchronized with the hardware clock.
Process: '' (PID 4).

RTC time: ‎2021‎-‎11‎-‎15T21:54:30.500000000Z
Current time zone bias: -330
RTC time is in UTC: false
System time was based on RTC time: false"
Information	15-11-2021 21:42:25	Microsoft-Windows-Kernel-Power	107	(102)	The system has resumed from sleep.
Error	15-11-2021 21:54:36	Server	2505	None	The server could not bind to the transport \Device\NetBT_Tcpip_{59426481-F96A-490F-9157-08A6F626BD36} because another computer on the network has the same name.  The server could not start.
Information	15-11-2021 21:42:19	Microsoft-Windows-Kernel-Power	42	(64)	"The system is entering sleep.

Sleep Reason: System Idle"
Information	15-11-2021 21:42:04	Microsoft-Windows-Kernel-Power	566	(268)	"The system session has transitioned from 115 to 117.

Reason: 12"
Information	15-11-2021 21:31:46	Microsoft-Windows-Kernel-Power	566	(268)	"The system session has transitioned from 114 to 115.

Reason: 12"
Information	15-11-2021 21:14:49	Microsoft-Windows-WindowsUpdateClient	19	Windows Update Agent	Installation Successful: Windows successfully installed the following update: Security Intelligence Update for Microsoft Defender Antivirus - KB2267602 (Version 1.353.1035.0)
Information	15-11-2021 21:14:11	Microsoft-Windows-WindowsUpdateClient	43	Windows Update Agent	Installation Started: Windows has started installing the following update: Security Intelligence Update for Microsoft Defender Antivirus - KB2267602 (Version 1.353.1035.0)
Information	15-11-2021 21:14:11	Microsoft-Windows-WindowsUpdateClient	44	Windows Update Agent	Windows Update started downloading an update.
Information	15-11-2021 21:08:21	Service Control Manager	7040	None	The start type of the Background Intelligent Transfer Service service was changed from auto start to demand start.
Information	15-11-2021 21:06:07	Service Control Manager	7040	None	The start type of the Background Intelligent Transfer Service service was changed from demand start to auto start.
Warning	15-11-2021 21:02:56	Microsoft-Windows-DistributedCOM	10016	None	"The application-specific permission settings do not grant Local Activation permission for the COM Server application with CLSID 
{2593F8B9-4EAF-457C-B68A-50F6B8EA6B54}
 and APPID 
{15C20B67-12E7-4BB6-92BB-7AFF07997402}
 to the user LAPTOP-7EVMU4TQ\mahendra SID (S-1-5-21-38077573-387163758-1783380300-1002) from address LocalHost (Using LRPC) running in the application container Unavailable SID (Unavailable). This security permission can be modified using the Component Services administrative tool."
Warning	15-11-2021 20:03:33	Microsoft-Windows-DistributedCOM	10016	None	"The application-specific permission settings do not grant Local Activation permission for the COM Server application with CLSID 
{2593F8B9-4EAF-457C-B68A-50F6B8EA6B54}
 and APPID 
{15C20B67-12E7-4BB6-92BB-7AFF07997402}
 to the user LAPTOP-7EVMU4TQ\mahendra SID (S-1-5-21-38077573-387163758-1783380300-1002) from address LocalHost (Using LRPC) running in the application container Unavailable SID (Unavailable). This security permission can be modified using the Component Services administrative tool."
Information	15-11-2021 20:01:11	Microsoft-Windows-Kernel-Power	566	(268)	"The system session has transitioned from 112 to 114.

Reason: 12"
Information	15-11-2021 20:01:09	Microsoft-Windows-Kernel-Power	566	(268)	"The system session has transitioned from 111 to 112.

Reason: 12"
Information	15-11-2021 18:54:01	Microsoft-Windows-Time-Service	158	None	The time provider 'VMICTimeProvider' has indicated that the current hardware and operating environment is not supported and has stopped. This behavior is expected for VMICTimeProvider on non-HyperV-guest environments. This may be the expected behavior for the current provider in the current operating environment as well.
Warning	15-11-2021 18:43:24	Microsoft-Windows-DistributedCOM	10016	None	"The application-specific permission settings do not grant Local Activation permission for the COM Server application with CLSID 
{2593F8B9-4EAF-457C-B68A-50F6B8EA6B54}
 and APPID 
{15C20B67-12E7-4BB6-92BB-7AFF07997402}
 to the user LAPTOP-7EVMU4TQ\mahendra SID (S-1-5-21-38077573-387163758-1783380300-1002) from address LocalHost (Using LRPC) running in the application container Unavailable SID (Unavailable). This security permission can be modified using the Component Services administrative tool."
Information	15-11-2021 18:36:57	Microsoft-Windows-Time-Service	158	None	The time provider 'VMICTimeProvider' has indicated that the current hardware and operating environment is not supported and has stopped. This behavior is expected for VMICTimeProvider on non-HyperV-guest environments. This may be the expected behavior for the current provider in the current operating environment as well.
Information	15-11-2021 18:19:53	Microsoft-Windows-Time-Service	158	None	The time provider 'VMICTimeProvider' has indicated that the current hardware and operating environment is not supported and has stopped. This behavior is expected for VMICTimeProvider on non-HyperV-guest environments. This may be the expected behavior for the current provider in the current operating environment as well.
Error	15-11-2021 18:15:02	Server	2505	None	The server could not bind to the transport \Device\NetBT_Tcpip_{9F961AE3-9423-4C8B-AB48-B1886999008B} because another computer on the network has the same name.  The server could not start.
Information	15-11-2021 18:02:49	Microsoft-Windows-Time-Service	158	None	The time provider 'VMICTimeProvider' has indicated that the current hardware and operating environment is not supported and has stopped. This behavior is expected for VMICTimeProvider on non-HyperV-guest environments. This may be the expected behavior for the current provider in the current operating environment as well.
Information	15-11-2021 18:02:45	Service Control Manager	7040	None	The start type of the Background Intelligent Transfer Service service was changed from auto start to demand start.
Information	15-11-2021 18:00:39	Service Control Manager	7040	None	The start type of the Background Intelligent Transfer Service service was changed from demand start to auto start.
Information	15-11-2021 17:59:29	Microsoft-Windows-WindowsUpdateClient	19	Windows Update Agent	Installation Successful: Windows successfully installed the following update: 9NBLGGH4R32N-Microsoft.WindowsFeedbackHub
Information	15-11-2021 17:59:19	Microsoft-Windows-WindowsUpdateClient	43	Windows Update Agent	Installation Started: Windows has started installing the following update: 9NBLGGH4R32N-Microsoft.WindowsFeedbackHub
Information	15-11-2021 17:59:13	Microsoft-Windows-Kernel-General	16	None	The access history in hive \??\C:\ProgramData\Microsoft\Windows\AppRepository\Packages\Microsoft.WindowsFeedbackHub_1.2111.3131.0_x64__8wekyb3d8bbwe\ActivationStore.dat was cleared updating 0 keys and creating 0 modified pages.
Information	15-11-2021 17:58:14	Microsoft-Windows-WindowsUpdateClient	44	Windows Update Agent	Windows Update started downloading an update.
Information	15-11-2021 17:47:02	Service Control Manager	7040	None	The start type of the Windows Modules Installer service was changed from auto start to demand start.
Information	15-11-2021 17:45:49	Service Control Manager	7040	None	The start type of the Windows Modules Installer service was changed from demand start to auto start.
Information	15-11-2021 17:45:30	Microsoft-Windows-Time-Service	37	None	The time provider NtpClient is currently receiving valid time data from time.windows.com,0x9 (ntp.m|0x9|0.0.0.0:123->40.81.94.65:123).
Information	15-11-2021 17:45:29	Microsoft-Windows-Time-Service	158	None	The time provider 'VMICTimeProvider' has indicated that the current hardware and operating environment is not supported and has stopped. This behavior is expected for VMICTimeProvider on non-HyperV-guest environments. This may be the expected behavior for the current provider in the current operating environment as well.
Error	15-11-2021 17:35:05	Service Control Manager	7009	None	A timeout was reached (30000 milliseconds) while waiting for the Intel(R) SUR QC Software Asset Manager service to connect.
Information	15-11-2021 17:22:28	Service Control Manager	7040	None	The start type of the Background Intelligent Transfer Service service was changed from auto start to demand start.
Information	15-11-2021 17:19:55	Service Control Manager	7040	None	The start type of the Background Intelligent Transfer Service service was changed from demand start to auto start.
Warning	15-11-2021 17:18:50	Microsoft-Windows-DistributedCOM	10016	None	"The application-specific permission settings do not grant Local Activation permission for the COM Server application with CLSID 
{2593F8B9-4EAF-457C-B68A-50F6B8EA6B54}
 and APPID 
{15C20B67-12E7-4BB6-92BB-7AFF07997402}
 to the user LAPTOP-7EVMU4TQ\mahendra SID (S-1-5-21-38077573-387163758-1783380300-1002) from address LocalHost (Using LRPC) running in the application container Unavailable SID (Unavailable). This security permission can be modified using the Component Services administrative tool."
Error	15-11-2021 17:18:43	Server	2505	None	The server could not bind to the transport \Device\NetBT_Tcpip_{9F961AE3-9423-4C8B-AB48-B1886999008B} because another computer on the network has the same name.  The server could not start.
Information	15-11-2021 17:18:35	Microsoft-Windows-Power-Troubleshooter	1	None	"The system has returned from a low power state.

Sleep Time: ‎2021‎-‎11‎-‎15T08:33:17.452244300Z
Wake Time: ‎2021‎-‎11‎-‎15T11:48:32.834042800Z

Wake Source: Power Button"
Error	15-11-2021 17:18:36	Server	2505	None	The server could not bind to the transport \Device\NetBT_Tcpip_{59426481-F96A-490F-9157-08A6F626BD36} because another computer on the network has the same name.  The server could not start.
Information	15-11-2021 17:18:32	Microsoft-Windows-Kernel-Power	566	(268)	"The system session has transitioned from 109 to 111.

Reason: 12"
Information	15-11-2021 17:18:32	Microsoft-Windows-Kernel-Power	566	(268)	"The system session has transitioned from 108 to 109.

Reason: 12"
Information	15-11-2021 17:18:31	Microsoft-Windows-Kernel-Power	130	(33)	Firmware S3 times. SuspendStart: 52876589, SuspendEnd: 52876590
Information	15-11-2021 17:18:31	Microsoft-Windows-Kernel-Power	131	(33)	Firmware S3 times. ResumeCount: 2, FullResume: 1034, AverageResume: 1040
Information	15-11-2021 17:18:31	Microsoft-Windows-Kernel-General	1	(5)	"The system time has changed to ‎2021‎-‎11‎-‎15T11:48:31.500000000Z from ‎2021‎-‎11‎-‎15T08:33:24.470918200Z.

Change Reason: System time synchronized with the hardware clock.
Process: '' (PID 4).

RTC time: ‎2021‎-‎11‎-‎15T17:18:31.500000000Z
Current time zone bias: -330
RTC time is in UTC: false
System time was based on RTC time: false"
Information	15-11-2021 14:03:24	Microsoft-Windows-Kernel-Power	107	(102)	The system has resumed from sleep.
Information	15-11-2021 14:03:20	Microsoft-Windows-Kernel-Power	42	(64)	"The system is entering sleep.

Sleep Reason: System Idle"
Information	15-11-2021 14:03:17	Microsoft-Windows-Kernel-Power	566	(268)	"The system session has transitioned from 106 to 108.

Reason: 12"
Information	15-11-2021 14:01:44	Microsoft-Windows-Kernel-Power	566	(268)	"The system session has transitioned from 105 to 106.

Reason: 12"
Information	15-11-2021 12:44:11	Microsoft-Windows-Kernel-Power	566	(268)	"The system session has transitioned from 103 to 105.

Reason: 12"
Information	15-11-2021 12:43:01	Microsoft-Windows-Kernel-Power	566	(268)	"The system session has transitioned from 102 to 103.

Reason: 12"
Error	15-11-2021 12:42:09	Server	2505	None	The server could not bind to the transport \Device\NetBT_Tcpip_{9F961AE3-9423-4C8B-AB48-B1886999008B} because another computer on the network has the same name.  The server could not start.
Error	15-11-2021 12:42:04	Server	2505	None	The server could not bind to the transport \Device\NetBT_Tcpip_{59426481-F96A-490F-9157-08A6F626BD36} because another computer on the network has the same name.  The server could not start.
Information	15-11-2021 12:42:02	Microsoft-Windows-Power-Troubleshooter	1	None	"The system has returned from a low power state.

Sleep Time: ‎2021‎-‎11‎-‎15T06:59:25.534801100Z
Wake Time: ‎2021‎-‎11‎-‎15T07:12:00.899438800Z

Wake Source: Power Button"
Information	15-11-2021 12:42:00	Microsoft-Windows-Kernel-Power	566	(268)	"The system session has transitioned from 100 to 102.

Reason: 12"
Information	15-11-2021 12:42:00	Microsoft-Windows-Kernel-Power	566	(268)	"The system session has transitioned from 99 to 100.

Reason: 12"
Information	15-11-2021 12:41:59	Microsoft-Windows-Kernel-Power	130	(33)	Firmware S3 times. SuspendStart: 47991917, SuspendEnd: 47991918
Information	15-11-2021 12:41:59	Microsoft-Windows-Kernel-Power	131	(33)	Firmware S3 times. ResumeCount: 1, FullResume: 1046, AverageResume: 1046
Information	15-11-2021 12:41:59	Microsoft-Windows-Kernel-General	1	(5)	"The system time has changed to ‎2021‎-‎11‎-‎15T07:11:59.500000000Z from ‎2021‎-‎11‎-‎15T06:59:37.583969000Z.

Change Reason: System time synchronized with the hardware clock.
Process: '' (PID 4).

RTC time: ‎2021‎-‎11‎-‎15T12:41:59.500000000Z
Current time zone bias: -330
RTC time is in UTC: false
System time was based on RTC time: false"
Information	15-11-2021 12:29:37	Microsoft-Windows-Kernel-Power	107	(102)	The system has resumed from sleep.
Information	15-11-2021 12:29:33	Microsoft-Windows-Kernel-Power	42	(64)	"The system is entering sleep.

Sleep Reason: System Idle"
Information	15-11-2021 12:29:25	Microsoft-Windows-Kernel-Power	566	(268)	"The system session has transitioned from 97 to 99.

Reason: 12"
Information	15-11-2021 12:19:06	Microsoft-Windows-Kernel-Power	566	(268)	"The system session has transitioned from 96 to 97.

Reason: 12"
Information	15-11-2021 12:06:23	Microsoft-Windows-Kernel-Power	566	(268)	"The system session has transitioned from 94 to 96.

Reason: 12"
Information	15-11-2021 12:01:30	Microsoft-Windows-Kernel-Power	566	(268)	"The system session has transitioned from 93 to 94.

Reason: 12"
Information	15-11-2021 12:00:00	EventLog	6013	None	The system uptime is 101840 seconds.
Information	15-11-2021 11:11:36	Service Control Manager	7040	None	The start type of the Background Intelligent Transfer Service service was changed from auto start to demand start.
Information	15-11-2021 11:09:25	Service Control Manager	7040	None	The start type of the Background Intelligent Transfer Service service was changed from demand start to auto start.
Error	15-11-2021 11:09:25	Server	2505	None	The server could not bind to the transport \Device\NetBT_Tcpip_{9F961AE3-9423-4C8B-AB48-B1886999008B} because another computer on the network has the same name.  The server could not start.
Information	15-11-2021 11:09:18	Microsoft-Windows-Power-Troubleshooter	1	None	"The system has returned from a low power state.

Sleep Time: ‎2021‎-‎11‎-‎15T05:34:17.305951200Z
Wake Time: ‎2021‎-‎11‎-‎15T05:39:13.440433800Z

Wake Source: Unknown"
Error	15-11-2021 11:09:16	Server	2505	None	The server could not bind to the transport \Device\NetBT_Tcpip_{59426481-F96A-490F-9157-08A6F626BD36} because another computer on the network has the same name.  The server could not start.
Information	15-11-2021 11:09:13	Microsoft-Windows-Kernel-Power	566	(268)	"The system session has transitioned from 91 to 93.

Reason: 12"
Information	15-11-2021 11:09:13	Microsoft-Windows-Kernel-Power	566	(268)	"The system session has transitioned from 90 to 91.

Reason: 12"
Information	15-11-2021 11:09:13	Microsoft-Windows-Kernel-Boot	32	(58)	The bootmgr spent 0 ms waiting for user input.
Information	15-11-2021 11:09:13	Microsoft-Windows-Kernel-Boot	18	(57)	There are 0x1 boot options on this system.
Information	15-11-2021 11:09:13	Microsoft-Windows-Kernel-Boot	30	(21)	The firmware reported boot metrics.
Information	15-11-2021 11:09:13	Microsoft-Windows-UserModePowerService	12	(10)	Process C:\Windows\System32\svchost.exe (process ID:1588) reset policy scheme from {48684d4a-8524-4093-8a63-ea7132b79c1c} to {48684d4a-8524-4093-8a63-ea7132b79c1c}
Information	15-11-2021 11:09:12	Microsoft-Windows-Kernel-Power	105	(100)	Power source change.
Information	15-11-2021 11:09:11	Microsoft-Windows-Kernel-General	1	(5)	"The system time has changed to ‎2021‎-‎11‎-‎15T05:39:11.500000000Z from ‎2021‎-‎11‎-‎15T05:34:27.821749300Z.

Change Reason: System time synchronized with the hardware clock.
Process: '' (PID 4).

RTC time: ‎2021‎-‎11‎-‎15T11:09:11.500000000Z
Current time zone bias: -330
RTC time is in UTC: false
System time was based on RTC time: false"
Information	15-11-2021 11:04:27	Microsoft-Windows-Kernel-Power	107	(102)	The system has resumed from sleep.
Information	15-11-2021 11:04:23	Microsoft-Windows-Kernel-Power	42	(64)	"The system is entering sleep.

Sleep Reason: Battery"
Information	15-11-2021 11:04:18	Microsoft-Windows-Kernel-Power	566	(268)	"The system session has transitioned from 89 to 90.

Reason: 12"
Information	15-11-2021 11:04:17	Microsoft-Windows-UserModePowerService	12	(10)	Process C:\Windows\System32\svchost.exe (process ID:1588) reset policy scheme from {48684d4a-8524-4093-8a63-ea7132b79c1c} to {48684d4a-8524-4093-8a63-ea7132b79c1c}
Information	15-11-2021 11:04:17	Microsoft-Windows-Kernel-Power	524	(223)	Critical Battery Trigger Met
Warning	15-11-2021 10:46:41	Microsoft-Windows-DNS-Client	1014	(1014)	Name resolution for the name chrome.cloudflare-dns.com timed out after none of the configured DNS servers responded. Client PID 14992.
Warning	15-11-2021 10:46:27	Microsoft-Windows-DNS-Client	1014	(1014)	Name resolution for the name geover.prod.do.dsp.mp.microsoft.com timed out after none of the configured DNS servers responded. Client PID 2848.
Error	15-11-2021 10:46:16	Server	2505	None	The server could not bind to the transport \Device\NetBT_Tcpip_{9F961AE3-9423-4C8B-AB48-B1886999008B} because another computer on the network has the same name.  The server could not start.
Warning	15-11-2021 10:46:12	Microsoft-Windows-DistributedCOM	10016	None	"The application-specific permission settings do not grant Local Activation permission for the COM Server application with CLSID 
{2593F8B9-4EAF-457C-B68A-50F6B8EA6B54}
 and APPID 
{15C20B67-12E7-4BB6-92BB-7AFF07997402}
 to the user LAPTOP-7EVMU4TQ\mahendra SID (S-1-5-21-38077573-387163758-1783380300-1002) from address LocalHost (Using LRPC) running in the application container Unavailable SID (Unavailable). This security permission can be modified using the Component Services administrative tool."
Information	15-11-2021 10:46:03	Microsoft-Windows-Power-Troubleshooter	1	None	"The system has returned from a low power state.

Sleep Time: ‎2021‎-‎11‎-‎15T04:59:07.615128900Z
Wake Time: ‎2021‎-‎11‎-‎15T05:15:59.333653900Z

Wake Source: Power Button"
Error	15-11-2021 10:46:00	Server	2505	None	The server could not bind to the transport \Device\NetBT_Tcpip_{59426481-F96A-490F-9157-08A6F626BD36} because another computer on the network has the same name.  The server could not start.
Information	15-11-2021 10:46:00	Microsoft-Windows-Kernel-Power	566	(268)	"The system session has transitioned from 87 to 89.

Reason: 12"
Information	15-11-2021 10:45:58	Microsoft-Windows-Kernel-Power	566	(268)	"The system session has transitioned from 86 to 87.

Reason: 12"
Information	15-11-2021 10:45:56	Microsoft-Windows-Kernel-Power	130	(33)	Firmware S3 times. SuspendStart: 42041651, SuspendEnd: 42041652
Information	15-11-2021 10:45:56	Microsoft-Windows-Kernel-Power	131	(33)	Firmware S3 times. ResumeCount: 5, FullResume: 1031, AverageResume: 1033
Information	15-11-2021 10:45:56	Microsoft-Windows-Kernel-General	1	(5)	"The system time has changed to ‎2021‎-‎11‎-‎15T05:15:56.500000000Z from ‎2021‎-‎11‎-‎15T04:59:22.241422300Z.

Change Reason: System time synchronized with the hardware clock.
Process: '' (PID 4).

RTC time: ‎2021‎-‎11‎-‎15T10:45:56.500000000Z
Current time zone bias: -330
RTC time is in UTC: false
System time was based on RTC time: false"
Information	15-11-2021 10:29:22	Microsoft-Windows-Kernel-Power	107	(102)	The system has resumed from sleep.
Information	15-11-2021 10:29:17	Microsoft-Windows-Kernel-Power	42	(64)	"The system is entering sleep.

Sleep Reason: System Idle"
Information	15-11-2021 10:29:08	Microsoft-Windows-Kernel-Power	566	(268)	"The system session has transitioned from 84 to 86.

Reason: 12"
Information	15-11-2021 10:28:38	Microsoft-Windows-Kernel-Power	566	(268)	"The system session has transitioned from 83 to 84.

Reason: 12"
Information	15-11-2021 10:22:58	Microsoft-Windows-Kernel-General	16	None	The access history in hive \??\C:\Users\mahendra\AppData\Local\Packages\Microsoft.WindowsFeedbackHub_8wekyb3d8bbwe\Settings\settings.dat was cleared updating 2 keys and creating 1 modified pages.
Warning	15-11-2021 10:09:51	Microsoft-Windows-DistributedCOM	10016	None	"The application-specific permission settings do not grant Local Activation permission for the COM Server application with CLSID 
{2593F8B9-4EAF-457C-B68A-50F6B8EA6B54}
 and APPID 
{15C20B67-12E7-4BB6-92BB-7AFF07997402}
 to the user LAPTOP-7EVMU4TQ\mahendra SID (S-1-5-21-38077573-387163758-1783380300-1002) from address LocalHost (Using LRPC) running in the application container Unavailable SID (Unavailable). This security permission can be modified using the Component Services administrative tool."
Warning	15-11-2021 09:55:25	Microsoft-Windows-DistributedCOM	10016	None	"The application-specific permission settings do not grant Local Activation permission for the COM Server application with CLSID 
{2593F8B9-4EAF-457C-B68A-50F6B8EA6B54}
 and APPID 
{15C20B67-12E7-4BB6-92BB-7AFF07997402}
 to the user LAPTOP-7EVMU4TQ\mahendra SID (S-1-5-21-38077573-387163758-1783380300-1002) from address LocalHost (Using LRPC) running in the application container Unavailable SID (Unavailable). This security permission can be modified using the Component Services administrative tool."
Information	15-11-2021 09:44:55	Microsoft-Windows-Power-Troubleshooter	1	None	"The system has returned from a low power state.

Sleep Time: ‎2021‎-‎11‎-‎15T04:02:37.505136500Z
Wake Time: ‎2021‎-‎11‎-‎15T04:14:51.507878600Z

Wake Source: Power Button"
Error	15-11-2021 09:44:53	Server	2505	None	The server could not bind to the transport \Device\NetBT_Tcpip_{9F961AE3-9423-4C8B-AB48-B1886999008B} because another computer on the network has the same name.  The server could not start.
Information	15-11-2021 09:44:51	Microsoft-Windows-Kernel-Power	566	(268)	"The system session has transitioned from 81 to 83.

Reason: 12"
Error	15-11-2021 09:44:52	Server	2505	None	The server could not bind to the transport \Device\NetBT_Tcpip_{59426481-F96A-490F-9157-08A6F626BD36} because another computer on the network has the same name.  The server could not start.
Information	15-11-2021 09:44:50	Microsoft-Windows-Kernel-Power	566	(268)	"The system session has transitioned from 80 to 81.

Reason: 12"
Information	15-11-2021 09:44:48	Microsoft-Windows-Kernel-Power	130	(33)	Firmware S3 times. SuspendStart: 39368129, SuspendEnd: 39368130
Information	15-11-2021 09:44:48	Microsoft-Windows-Kernel-Power	131	(33)	Firmware S3 times. ResumeCount: 4, FullResume: 1038, AverageResume: 1034
Information	15-11-2021 09:44:48	Microsoft-Windows-Kernel-General	1	(5)	"The system time has changed to ‎2021‎-‎11‎-‎15T04:14:48.500000000Z from ‎2021‎-‎11‎-‎15T04:02:48.403154200Z.

Change Reason: System time synchronized with the hardware clock.
Process: '' (PID 4).

RTC time: ‎2021‎-‎11‎-‎15T09:44:48.500000000Z
Current time zone bias: -330
RTC time is in UTC: false
System time was based on RTC time: false"
Information	15-11-2021 09:32:48	Microsoft-Windows-Kernel-Power	107	(102)	The system has resumed from sleep.
Information	15-11-2021 09:32:43	Microsoft-Windows-Kernel-Power	42	(64)	"The system is entering sleep.

Sleep Reason: System Idle"
Information	15-11-2021 09:32:37	Microsoft-Windows-Kernel-Power	566	(268)	"The system session has transitioned from 78 to 80.

Reason: 12"
Information	15-11-2021 09:32:36	Microsoft-Windows-Kernel-Power	566	(268)	"The system session has transitioned from 77 to 78.

Reason: 12"
Warning	15-11-2021 09:22:39	Microsoft-Windows-DistributedCOM	10016	None	"The application-specific permission settings do not grant Local Activation permission for the COM Server application with CLSID 
{2593F8B9-4EAF-457C-B68A-50F6B8EA6B54}
 and APPID 
{15C20B67-12E7-4BB6-92BB-7AFF07997402}
 to the user LAPTOP-7EVMU4TQ\mahendra SID (S-1-5-21-38077573-387163758-1783380300-1002) from address LocalHost (Using LRPC) running in the application container Unavailable SID (Unavailable). This security permission can be modified using the Component Services administrative tool."
Error	15-11-2021 09:22:28	Server	2505	None	The server could not bind to the transport \Device\NetBT_Tcpip_{9F961AE3-9423-4C8B-AB48-B1886999008B} because another computer on the network has the same name.  The server could not start.
Error	15-11-2021 09:18:25	Server	2505	None	The server could not bind to the transport \Device\NetBT_Tcpip_{9F961AE3-9423-4C8B-AB48-B1886999008B} because another computer on the network has the same name.  The server could not start.
Information	15-11-2021 09:18:22	Microsoft-Windows-Power-Troubleshooter	1	None	"The system has returned from a low power state.

Sleep Time: ‎2021‎-‎11‎-‎15T03:47:46.928020600Z
Wake Time: ‎2021‎-‎11‎-‎15T03:48:18.756863800Z

Wake Source: Power Button"
Error	15-11-2021 09:18:21	Server	2505	None	The server could not bind to the transport \Device\NetBT_Tcpip_{59426481-F96A-490F-9157-08A6F626BD36} because another computer on the network has the same name.  The server could not start.
Information	15-11-2021 09:18:18	Microsoft-Windows-Kernel-Power	566	(268)	"The system session has transitioned from 75 to 77.

Reason: 12"
Information	15-11-2021 09:18:18	Microsoft-Windows-Kernel-Power	566	(268)	"The system session has transitioned from 74 to 75.

Reason: 12"
Information	15-11-2021 09:18:17	Microsoft-Windows-Kernel-Power	130	(33)	Firmware S3 times. SuspendStart: 38497293, SuspendEnd: 38497294
Information	15-11-2021 09:18:17	Microsoft-Windows-Kernel-Power	131	(33)	Firmware S3 times. ResumeCount: 3, FullResume: 1034, AverageResume: 1032
Information	15-11-2021 09:18:17	Microsoft-Windows-Kernel-General	1	(5)	"The system time has changed to ‎2021‎-‎11‎-‎15T03:48:17.500000000Z from ‎2021‎-‎11‎-‎15T03:47:56.923032400Z.

Change Reason: System time synchronized with the hardware clock.
Process: '' (PID 4).

RTC time: ‎2021‎-‎11‎-‎15T09:18:17.500000000Z
Current time zone bias: -330
RTC time is in UTC: false
System time was based on RTC time: false"
Information	15-11-2021 09:17:56	Microsoft-Windows-Kernel-Power	107	(102)	The system has resumed from sleep.
Information	15-11-2021 09:17:52	Microsoft-Windows-Kernel-Power	42	(64)	"The system is entering sleep.

Sleep Reason: System Idle"
Information	15-11-2021 09:17:48	Microsoft-Windows-Kernel-Power	566	(268)	"The system session has transitioned from 72 to 74.

Reason: 12"
Information	15-11-2021 09:13:38	Microsoft-Windows-WindowsUpdateClient	19	Windows Update Agent	Installation Successful: Windows successfully installed the following update: Security Intelligence Update for Microsoft Defender Antivirus - KB2267602 (Version 1.353.1012.0)
Information	15-11-2021 09:13:37	Microsoft-Windows-Kernel-Power	566	(268)	"The system session has transitioned from 71 to 72.

Reason: 12"
Information	15-11-2021 09:13:17	Service Control Manager	7040	None	The start type of the Background Intelligent Transfer Service service was changed from auto start to demand start.
Information	15-11-2021 09:13:11	Microsoft-Windows-WindowsUpdateClient	43	Windows Update Agent	Installation Started: Windows has started installing the following update: Security Intelligence Update for Microsoft Defender Antivirus - KB2267602 (Version 1.353.1012.0)
Information	15-11-2021 09:13:07	Microsoft-Windows-WindowsUpdateClient	44	Windows Update Agent	Windows Update started downloading an update.
Error	15-11-2021 09:12:39	Server	2505	None	The server could not bind to the transport \Device\NetBT_Tcpip_{9F961AE3-9423-4C8B-AB48-B1886999008B} because another computer on the network has the same name.  The server could not start.
Information	15-11-2021 09:12:36	Microsoft-Windows-Power-Troubleshooter	1	None	"The system has returned from a low power state.

Sleep Time: ‎2021‎-‎11‎-‎15T02:30:20.404202100Z
Wake Time: ‎2021‎-‎11‎-‎15T03:42:34.052700200Z

Wake Source: Power Button"
Information	15-11-2021 09:12:34	Microsoft-Windows-Kernel-Power	566	(268)	"The system session has transitioned from 69 to 71.

Reason: 12"
Information	15-11-2021 09:12:33	Microsoft-Windows-Kernel-Power	566	(268)	"The system session has transitioned from 68 to 69.

Reason: 12"
Information	15-11-2021 09:12:31	Microsoft-Windows-Kernel-Power	130	(33)	Firmware S3 times. SuspendStart: 38171891, SuspendEnd: 38171892
Information	15-11-2021 09:12:31	Microsoft-Windows-Kernel-Power	131	(33)	Firmware S3 times. ResumeCount: 2, FullResume: 1029, AverageResume: 1031
Error	15-11-2021 09:12:35	Server	2505	None	The server could not bind to the transport \Device\NetBT_Tcpip_{59426481-F96A-490F-9157-08A6F626BD36} because another computer on the network has the same name.  The server could not start.
Information	15-11-2021 09:12:31	Microsoft-Windows-Kernel-General	1	(5)	"The system time has changed to ‎2021‎-‎11‎-‎15T03:42:31.500000000Z from ‎2021‎-‎11‎-‎15T02:30:32.062260800Z.

Change Reason: System time synchronized with the hardware clock.
Process: '' (PID 4).

RTC time: ‎2021‎-‎11‎-‎15T09:12:31.500000000Z
Current time zone bias: -330
RTC time is in UTC: false
System time was based on RTC time: false"
Information	15-11-2021 08:00:32	Microsoft-Windows-Kernel-Power	107	(102)	The system has resumed from sleep.
Information	15-11-2021 08:00:27	Microsoft-Windows-Kernel-Power	42	(64)	"The system is entering sleep.

Sleep Reason: System Idle"
Information	15-11-2021 08:00:23	Microsoft-Windows-Kernel-Power	566	(268)	"The system session has transitioned from 66 to 68.

Reason: 12"
Information	15-11-2021 08:00:20	Microsoft-Windows-Kernel-Power	566	(268)	"The system session has transitioned from 65 to 66.

Reason: 12"
Information	15-11-2021 07:59:17	Microsoft-Windows-Kernel-General	1	(5)	"The system time has changed to ‎2021‎-‎11‎-‎15T02:29:17.234649200Z from ‎2021‎-‎11‎-‎15T02:29:17.233914400Z.

Change Reason: An application or system component changed the time.
Process: '\Device\HarddiskVolume3\Windows\System32\svchost.exe' (PID 19424).

RTC time: ‎2021‎-‎11‎-‎15T07:59:17.234649200Z
Current time zone bias: -330
RTC time is in UTC: false
System time was based on RTC time: false"
Information	15-11-2021 07:59:17	Microsoft-Windows-Kernel-General	24	(11)	The time zone information was refreshed with exit reason 0. Current time zone bias is -330.
Information	15-11-2021 07:59:17	Microsoft-Windows-Time-Service	35	None	The time service is now synchronizing the system time with the time source time.windows.com,0x9 (ntp.m|0x9|0.0.0.0:123->40.81.94.65:123) with reference id 1096700200. Current local stratum number is 4.
Information	15-11-2021 07:59:17	Microsoft-Windows-Time-Service	37	None	The time provider NtpClient is currently receiving valid time data from time.windows.com,0x9 (ntp.m|0x9|0.0.0.0:123->40.81.94.65:123).
Information	15-11-2021 07:59:04	Service Control Manager	7040	None	The start type of the Background Intelligent Transfer Service service was changed from demand start to auto start.
Error	15-11-2021 07:58:33	Server	2505	None	The server could not bind to the transport \Device\NetBT_Tcpip_{9F961AE3-9423-4C8B-AB48-B1886999008B} because another computer on the network has the same name.  The server could not start.
Error	15-11-2021 07:58:31	Server	2505	None	The server could not bind to the transport \Device\NetBT_Tcpip_{9F961AE3-9423-4C8B-AB48-B1886999008B} because another computer on the network has the same name.  The server could not start.
Information	15-11-2021 07:56:02	Service Control Manager	7040	None	The start type of the Background Intelligent Transfer Service service was changed from auto start to demand start.
Information	15-11-2021 07:54:18	Microsoft-Windows-Kernel-General	16	None	The access history in hive \??\C:\Users\mahendra\AppData\Local\Packages\ad2f1837.hpjumpstarts_v10z8vjag6ke6\AC\GEH\POF.dat was cleared updating 1 keys and creating 1 modified pages.
Information	15-11-2021 07:54:06	Microsoft-Windows-Kernel-General	16	None	The access history in hive \??\C:\Users\mahendra\AppData\Local\Packages\AppUp.IntelGraphicsExperience_8j3eq9eme6ctt\SystemAppData\Helium\UserClasses.dat was cleared updating 4 keys and creating 1 modified pages.
Information	15-11-2021 07:54:06	Microsoft-Windows-Kernel-General	16	None	The access history in hive \??\C:\Users\mahendra\AppData\Local\Packages\AppUp.IntelGraphicsExperience_8j3eq9eme6ctt\SystemAppData\Helium\User.dat was cleared updating 12 keys and creating 1 modified pages.
Information	15-11-2021 07:54:05	Microsoft-Windows-Kernel-General	16	None	The access history in hive \??\C:\ProgramData\Packages\AD2F1837.HPSystemEventUtility_v10z8vjag6ke6\S-1-5-21-38077573-387163758-1783380300-1002\SystemAppData\Helium\Cache\5c31189b4a2f8837_COM15.dat was cleared updating 1 keys and creating 1 modified pages.
Information	15-11-2021 07:54:02	Microsoft-Windows-Kernel-General	16	None	The access history in hive \??\C:\Users\mahendra\AppData\Local\Packages\Microsoft.People_8wekyb3d8bbwe\Settings\settings.dat was cleared updating 2 keys and creating 1 modified pages.
Information	15-11-2021 07:53:59	Microsoft-Windows-Kernel-General	16	None	The access history in hive \??\C:\Users\mahendra\AppData\Local\Packages\Microsoft.YourPhone_8wekyb3d8bbwe\Settings\settings.dat was cleared updating 27 keys and creating 11 modified pages.
Information	15-11-2021 07:53:56	Service Control Manager	7040	None	The start type of the Background Intelligent Transfer Service service was changed from demand start to auto start.
Information	15-11-2021 07:53:44	Microsoft-Windows-Kernel-General	16	None	The access history in hive \??\C:\Users\mahendra\AppData\Local\Packages\Microsoft.Windows.StartMenuExperienceHost_cw5n1h2txyewy\Settings\settings.dat was cleared updating 7 keys and creating 1 modified pages.
Warning	15-11-2021 07:53:42	Microsoft-Windows-Time-Service	134	None	NtpClient was unable to set a manual peer to use as a time source because of DNS resolution error on 'time.windows.com,0x9'. NtpClient will try again in 15 minutes and double the reattempt interval thereafter. The error was: No such host is known. (0x80072AF9)
Information	15-11-2021 07:53:35	Microsoft-Windows-Kernel-General	16	None	The access history in hive \??\C:\Users\mahendra\AppData\Local\Packages\MicrosoftWindows.Client.CBS_cw5n1h2txyewy\Settings\settings.dat was cleared updating 13 keys and creating 4 modified pages.
Information	15-11-2021 07:53:22	Microsoft-Windows-Winlogon	7001	(1101)	User Logon Notification for Customer Experience Improvement Program
Information	15-11-2021 07:53:06	Microsoft-Windows-Power-Troubleshooter	1	None	"The system has returned from a low power state.

Sleep Time: ‎2021‎-‎11‎-‎15T02:09:46.061928700Z
Wake Time: ‎2021‎-‎11‎-‎15T02:23:03.677940100Z

Wake Source: Power Button"
Error	15-11-2021 07:53:06	Server	2505	None	The server could not bind to the transport \Device\NetBT_Tcpip_{59426481-F96A-490F-9157-08A6F626BD36} because another computer on the network has the same name.  The server could not start.
Information	15-11-2021 07:53:03	Microsoft-Windows-Kernel-Power	566	(268)	"The system session has transitioned from 63 to 65.

Reason: 12"
Warning	15-11-2021 07:53:03	Microsoft-Windows-Time-Service	134	None	NtpClient was unable to set a manual peer to use as a time source because of DNS resolution error on 'time.windows.com,0x9'. NtpClient will try again in 15 minutes and double the reattempt interval thereafter. The error was: No such host is known. (0x80072AF9)
Information	15-11-2021 07:53:03	Microsoft-Windows-Kernel-Power	566	(268)	"The system session has transitioned from 62 to 63.

Reason: 12"
Information	15-11-2021 07:53:02	Microsoft-Windows-Kernel-Power	130	(33)	Firmware S3 times. SuspendStart: 37722364, SuspendEnd: 37722365
Information	15-11-2021 07:53:02	Microsoft-Windows-Kernel-Power	131	(33)	Firmware S3 times. ResumeCount: 1, FullResume: 1033, AverageResume: 1033
Information	15-11-2021 07:53:02	Microsoft-Windows-Kernel-General	1	(5)	"The system time has changed to ‎2021‎-‎11‎-‎15T02:23:02.500000000Z from ‎2021‎-‎11‎-‎15T02:10:01.093101800Z.

Change Reason: System time synchronized with the hardware clock.
Process: '' (PID 4).

RTC time: ‎2021‎-‎11‎-‎15T07:53:02.500000000Z
Current time zone bias: -330
RTC time is in UTC: false
System time was based on RTC time: false"
Information	15-11-2021 07:40:01	Microsoft-Windows-Kernel-Power	107	(102)	The system has resumed from sleep.
Information	15-11-2021 07:39:56	Microsoft-Windows-Kernel-Power	42	(64)	"The system is entering sleep.

Sleep Reason: System Idle"
Information	15-11-2021 07:39:47	Microsoft-Windows-Kernel-Power	566	(268)	"The system session has transitioned from 60 to 62.

Reason: 12"
Information	15-11-2021 07:39:27	Microsoft-Windows-Kernel-Power	566	(268)	"The system session has transitioned from 59 to 60.

Reason: 12"
Warning	15-11-2021 07:34:59	Microsoft-Windows-Time-Service	134	None	NtpClient was unable to set a manual peer to use as a time source because of DNS resolution error on 'time.windows.com,0x9'. NtpClient will try again in 15 minutes and double the reattempt interval thereafter. The error was: No such host is known. (0x80072AF9)
Information	15-11-2021 07:34:27	Microsoft-Windows-Power-Troubleshooter	1	None	"The system has returned from a low power state.

Sleep Time: ‎2021‎-‎11‎-‎14T18:13:09.942397400Z
Wake Time: ‎2021‎-‎11‎-‎15T02:04:21.210645900Z

Wake Source: Unknown"
Warning	15-11-2021 07:34:21	Microsoft-Windows-Time-Service	134	None	NtpClient was unable to set a manual peer to use as a time source because of DNS resolution error on 'time.windows.com,0x9'. NtpClient will try again in 15 minutes and double the reattempt interval thereafter. The error was: No such host is known. (0x80072AF9)
Information	15-11-2021 07:34:21	Microsoft-Windows-Kernel-Power	566	(268)	"The system session has transitioned from 57 to 59.

Reason: 12"
Information	15-11-2021 07:34:21	Microsoft-Windows-Kernel-Power	566	(268)	"The system session has transitioned from 56 to 57.

Reason: 12"
Information	15-11-2021 07:34:21	Microsoft-Windows-Kernel-Boot	32	(58)	The bootmgr spent 0 ms waiting for user input.
Information	15-11-2021 07:34:21	Microsoft-Windows-Kernel-Boot	18	(57)	There are 0x1 boot options on this system.
Information	15-11-2021 07:34:21	Microsoft-Windows-Kernel-Boot	30	(21)	The firmware reported boot metrics.
Error	15-11-2021 07:34:24	Server	2505	None	The server could not bind to the transport \Device\NetBT_Tcpip_{59426481-F96A-490F-9157-08A6F626BD36} because another computer on the network has the same name.  The server could not start.
Information	15-11-2021 07:34:19	Microsoft-Windows-Kernel-General	1	(5)	"The system time has changed to ‎2021‎-‎11‎-‎15T02:04:19.500000000Z from ‎2021‎-‎11‎-‎14T18:13:44.013521000Z.

Change Reason: System time synchronized with the hardware clock.
Process: '' (PID 4).

RTC time: ‎2021‎-‎11‎-‎15T07:34:19.500000000Z
Current time zone bias: -330
RTC time is in UTC: false
System time was based on RTC time: false"
Information	14-11-2021 23:43:44	Microsoft-Windows-Kernel-Power	107	(102)	The system has resumed from sleep.
Information	14-11-2021 23:43:20	Microsoft-Windows-Kernel-Power	42	(64)	"The system is entering sleep.

Sleep Reason: Application API"
Information	14-11-2021 23:43:11	Microsoft-Windows-Kernel-Power	566	(268)	"The system session has transitioned from 55 to 56.

Reason: 12"
Information	14-11-2021 23:43:09	Microsoft-Windows-Kernel-Power	187	(243)	User-mode process attempted to change the system state by calling SetSuspendState or SetSystemPowerState APIs.
Information	14-11-2021 23:43:07	Microsoft-Windows-Winlogon	7002	(1102)	User Logoff Notification for Customer Experience Improvement Program
Information	14-11-2021 23:43:07	User32	1074	None	"The process C:\WINDOWS\system32\winlogon.exe (LAPTOP-7EVMU4TQ) has initiated the power off of computer LAPTOP-7EVMU4TQ on behalf of user NT AUTHORITY\SYSTEM for the following reason: No title for this reason could be found
 Reason Code: 0x500ff
 Shutdown Type: power off
 Comment: "
Information	14-11-2021 23:43:00	Microsoft-Windows-Kernel-Power	105	(100)	Power source change.
Information	14-11-2021 23:42:54	User32	1074	None	"The process Explorer.EXE has initiated the power off of computer LAPTOP-7EVMU4TQ on behalf of user LAPTOP-7EVMU4TQ\mahendra for the following reason: Other (Unplanned)
 Reason Code: 0x0
 Shutdown Type: power off
 Comment: "
Warning	14-11-2021 23:39:15	Microsoft-Windows-DistributedCOM	10016	None	"The application-specific permission settings do not grant Local Activation permission for the COM Server application with CLSID 
{2593F8B9-4EAF-457C-B68A-50F6B8EA6B54}
 and APPID 
{15C20B67-12E7-4BB6-92BB-7AFF07997402}
 to the user LAPTOP-7EVMU4TQ\mahendra SID (S-1-5-21-38077573-387163758-1783380300-1002) from address LocalHost (Using LRPC) running in the application container Unavailable SID (Unavailable). This security permission can be modified using the Component Services administrative tool."
Information	14-11-2021 23:30:15	Microsoft-Windows-Kernel-Power	566	(268)	"The system session has transitioned from 53 to 55.

Reason: 12"
Information	14-11-2021 23:27:07	Microsoft-Windows-Kernel-Power	566	(268)	"The system session has transitioned from 52 to 53.

Reason: 12"
Warning	14-11-2021 23:11:27	Microsoft-Windows-DistributedCOM	10016	None	"The application-specific permission settings do not grant Local Activation permission for the COM Server application with CLSID 
{2593F8B9-4EAF-457C-B68A-50F6B8EA6B54}
 and APPID 
{15C20B67-12E7-4BB6-92BB-7AFF07997402}
 to the user LAPTOP-7EVMU4TQ\mahendra SID (S-1-5-21-38077573-387163758-1783380300-1002) from address LocalHost (Using LRPC) running in the application container Unavailable SID (Unavailable). This security permission can be modified using the Component Services administrative tool."
Error	14-11-2021 22:59:23	Server	2505	None	The server could not bind to the transport \Device\NetBT_Tcpip_{9F961AE3-9423-4C8B-AB48-B1886999008B} because another computer on the network has the same name.  The server could not start.
Information	14-11-2021 22:56:33	Microsoft-Windows-Kernel-Power	566	(268)	"The system session has transitioned from 50 to 52.

Reason: 12"
Information	14-11-2021 22:54:40	Microsoft-Windows-Kernel-Power	566	(268)	"The system session has transitioned from 49 to 50.

Reason: 12"
Warning	14-11-2021 22:33:34	Microsoft-Windows-DNS-Client	1014	(1014)	Name resolution for the name nexusrules.officeapps.live.com timed out after none of the configured DNS servers responded. Client PID 5880.
Warning	14-11-2021 22:33:26	Microsoft-Windows-DNS-Client	1014	(1014)	Name resolution for the name southeastasia-prod-2.notifications.teams.microsoft.com timed out after none of the configured DNS servers responded. Client PID 16720.
Error	14-11-2021 22:32:49	Server	2505	None	The server could not bind to the transport \Device\NetBT_Tcpip_{9F961AE3-9423-4C8B-AB48-B1886999008B} because another computer on the network has the same name.  The server could not start.
Error	14-11-2021 22:32:35	Server	2505	None	The server could not bind to the transport \Device\NetBT_Tcpip_{9F961AE3-9423-4C8B-AB48-B1886999008B} because another computer on the network has the same name.  The server could not start.
Warning	14-11-2021 22:32:27	Microsoft-Windows-DNS-Client	1014	(1014)	Name resolution for the name inference.location.live.net timed out after none of the configured DNS servers responded. Client PID 2408.
Warning	14-11-2021 22:32:07	Microsoft-Windows-DNS-Client	1014	(1014)	Name resolution for the name client.wns.windows.com timed out after none of the configured DNS servers responded. Client PID 4900.
Error	14-11-2021 22:32:04	Server	2505	None	The server could not bind to the transport \Device\NetBT_Tcpip_{9F961AE3-9423-4C8B-AB48-B1886999008B} because another computer on the network has the same name.  The server could not start.
Warning	14-11-2021 22:31:56	Microsoft-Windows-DNS-Client	1014	(1014)	Name resolution for the name mozilla.cloudflare-dns.com timed out after none of the configured DNS servers responded. Client PID 14156.
Warning	14-11-2021 22:31:34	Microsoft-Windows-DNS-Client	1014	(1014)	Name resolution for the name chrome.cloudflare-dns.com timed out after none of the configured DNS servers responded. Client PID 9808.
Error	14-11-2021 22:31:22	Server	2505	None	The server could not bind to the transport \Device\NetBT_Tcpip_{9F961AE3-9423-4C8B-AB48-B1886999008B} because another computer on the network has the same name.  The server could not start.
Error	14-11-2021 22:30:55	Server	2505	None	The server could not bind to the transport \Device\NetBT_Tcpip_{9F961AE3-9423-4C8B-AB48-B1886999008B} because another computer on the network has the same name.  The server could not start.
Warning	14-11-2021 22:30:49	Microsoft-Windows-DNS-Client	1014	(1014)	Name resolution for the name chrome.cloudflare-dns.com timed out after none of the configured DNS servers responded. Client PID 9808.
Warning	14-11-2021 22:30:30	Microsoft-Windows-DNS-Client	1014	(1014)	Name resolution for the name google.ru timed out after none of the configured DNS servers responded. Client PID 14156.
Error	14-11-2021 22:30:21	Server	2505	None	The server could not bind to the transport \Device\NetBT_Tcpip_{9F961AE3-9423-4C8B-AB48-B1886999008B} because another computer on the network has the same name.  The server could not start.
Information	14-11-2021 22:30:19	Microsoft-Windows-Kernel-General	16	None	The access history in hive \??\C:\Users\mahendra\AppData\Local\Packages\Microsoft.BingWeather_8wekyb3d8bbwe\Settings\settings.dat was cleared updating 2 keys and creating 1 modified pages.
Warning	14-11-2021 21:57:55	Microsoft-Windows-DNS-Client	1014	(1014)	Name resolution for the name chrome.cloudflare-dns.com timed out after none of the configured DNS servers responded. Client PID 9808.
Warning	14-11-2021 21:19:09	Microsoft-Windows-DNS-Client	1014	(1014)	Name resolution for the name trouter2-azsc-krce-2-a.trouter.teams.microsoft.com timed out after none of the configured DNS servers responded. Client PID 2884.
Information	14-11-2021 21:11:36	Microsoft-Windows-Power-Troubleshooter	1	None	"The system has returned from a low power state.

Sleep Time: ‎2021‎-‎11‎-‎14T15:04:24.016684300Z
Wake Time: ‎2021‎-‎11‎-‎14T15:41:27.958676500Z

Wake Source: Device -Intel(R) USB 3.1 eXtensible Host Controller - 1.10 (Microsoft)"
Error	14-11-2021 21:11:32	Server	2505	None	The server could not bind to the transport \Device\NetBT_Tcpip_{9F961AE3-9423-4C8B-AB48-B1886999008B} because another computer on the network has the same name.  The server could not start.
Error	14-11-2021 21:11:30	Server	2505	None	The server could not bind to the transport \Device\NetBT_Tcpip_{59426481-F96A-490F-9157-08A6F626BD36} because another computer on the network has the same name.  The server could not start.
Information	14-11-2021 21:11:27	Microsoft-Windows-Kernel-Power	566	(268)	"The system session has transitioned from 47 to 49.

Reason: 12"
Information	14-11-2021 21:11:26	Microsoft-Windows-Kernel-Power	566	(268)	"The system session has transitioned from 46 to 47.

Reason: 12"
Information	14-11-2021 21:11:25	Microsoft-Windows-Kernel-Power	130	(33)	Firmware S3 times. SuspendStart: 28223903, SuspendEnd: 28223904
Information	14-11-2021 21:11:25	Microsoft-Windows-Kernel-Power	131	(33)	Firmware S3 times. ResumeCount: 4, FullResume: 1030, AverageResume: 1033
Information	14-11-2021 21:11:25	Microsoft-Windows-Kernel-General	1	(5)	"The system time has changed to ‎2021‎-‎11‎-‎14T15:41:25.500000000Z from ‎2021‎-‎11‎-‎14T15:04:38.927036500Z.

Change Reason: System time synchronized with the hardware clock.
Process: '' (PID 4).

RTC time: ‎2021‎-‎11‎-‎14T21:11:25.500000000Z
Current time zone bias: -330
RTC time is in UTC: false
System time was based on RTC time: false"
Information	14-11-2021 20:34:38	Microsoft-Windows-Kernel-Power	107	(102)	The system has resumed from sleep.
Information	14-11-2021 20:34:34	Microsoft-Windows-Kernel-Power	42	(64)	"The system is entering sleep.

Sleep Reason: System Idle"
Information	14-11-2021 20:34:25	Microsoft-Windows-Kernel-Power	566	(268)	"The system session has transitioned from 44 to 46.

Reason: 12"
Information	14-11-2021 20:24:06	Microsoft-Windows-Kernel-Power	566	(268)	"The system session has transitioned from 43 to 44.

Reason: 12"
