Information	18-11-2021 20:35:53	Microsoft-Windows-Kernel-Boot	238	(101)	EFI time zone bias: 2047. Daylight flags: 0. Firmware time: ‎2021‎-‎11‎-‎18T20:35:51.000000000Z.
Information	18-11-2021 20:35:53	Microsoft-Windows-Kernel-Boot	20	(31)	The last shutdown's success status was true. The last boot's success status was true.
Information	18-11-2021 20:35:53	Microsoft-Windows-Kernel-Boot	32	(58)	The bootmgr spent 0 ms waiting for user input.
Information	18-11-2021 20:35:53	Microsoft-Windows-Kernel-Boot	18	(57)	There are 0x1 boot options on this system.
Information	18-11-2021 20:35:53	Microsoft-Windows-Kernel-Boot	153	(62)	Virtualization-based security (policies: 0) is disabled.
Information	18-11-2021 20:35:53	Microsoft-Windows-Kernel-General	12	(1)	The operating system started at system time ‎2021‎-‎11‎-‎18T15:05:52.500000000Z.
Information	18-11-2021 20:35:30	Microsoft-Windows-Kernel-General	13	(2)	The operating system is shutting down at system time ‎2021‎-‎11‎-‎18T15:05:30.928483600Z.
Error	18-11-2021 20:35:24	Service Control Manager	7011	None	A timeout (30000 milliseconds) was reached while waiting for a transaction response from the ClickToRunSvc service.
Information	18-11-2021 20:35:20	Microsoft-Windows-WLAN-AutoConfig	4001	None	"WLAN AutoConfig service has successfully stopped.
"
Information	18-11-2021 20:37:14	EventLog	6013	None	The system uptime is 82 seconds.
Information	18-11-2021 20:37:14	EventLog	6005	None	The Event log service was started.
Information	18-11-2021 20:37:14	EventLog	6009	None	Microsoft (R) Windows (R) 10.00. 22000  Multiprocessor Free.
Information	18-11-2021 20:35:00	Microsoft-Windows-Kernel-Power	109	(103)	"The kernel power manager has initiated a shutdown transition.

Shutdown Reason: Kernel API"
Information	18-11-2021 20:34:56	Microsoft-Windows-Dhcp-Client	50037	Service State Event	DHCPv4 client service is stopped. ShutDown Flag value is 1
Information	18-11-2021 20:34:56	Microsoft-Windows-Dhcp-Client	50106	Service State Event	DHCPv4 is waiting on DHCPv6 service to stop
Information	18-11-2021 20:34:56	Microsoft-Windows-DHCPv6-Client	51057	Service State Event	DHCPv6 client service stop is almost done.DHCP Context Ref count is 1
Information	18-11-2021 20:34:56	Microsoft-Windows-DHCPv6-Client	51047	Service State Event	DHCPv6 client service is stopped. ShutDown Flag value is 1
Information	18-11-2021 20:34:57	EventLog	6006	None	The Event log service was stopped.
Information	18-11-2021 20:34:55	Microsoft-Windows-Dhcp-Client	50105	Service State Event	DHCPv4 client ProcessDHCPRequestForever received TERMINATE_EVENT
Information	18-11-2021 20:34:55	Microsoft-Windows-Dhcp-Client	50104	Service State Event	DHCPv4 client received shutdown notification
Error	18-11-2021 20:34:45	Service Control Manager	7023	None	"The User Energy Server Service queencreek service terminated with the following error: 
Driver %2 returned invalid ID for a child device (55005300450052005F0045005300520056005F005300560043005F0051005500450045004E0043005200450045004B000000)."
Information	18-11-2021 20:34:31	Microsoft-Windows-Winlogon	7002	(1102)	User Logoff Notification for Customer Experience Improvement Program
Warning	18-11-2021 20:33:36	Microsoft-Windows-DistributedCOM	10016	None	"The application-specific permission settings do not grant Local Activation permission for the COM Server application with CLSID 
{2593F8B9-4EAF-457C-B68A-50F6B8EA6B54}
 and APPID 
{15C20B67-12E7-4BB6-92BB-7AFF07997402}
 to the user LAPTOP-7EVMU4TQ\mahendra SID (S-1-5-21-38077573-387163758-1783380300-1002) from address LocalHost (Using LRPC) running in the application container Unavailable SID (Unavailable). This security permission can be modified using the Component Services administrative tool."
Warning	18-11-2021 20:29:56	Microsoft-Windows-DistributedCOM	10016	None	"The application-specific permission settings do not grant Local Activation permission for the COM Server application with CLSID 
{2593F8B9-4EAF-457C-B68A-50F6B8EA6B54}
 and APPID 
{15C20B67-12E7-4BB6-92BB-7AFF07997402}
 to the user LAPTOP-7EVMU4TQ\mahendra SID (S-1-5-21-38077573-387163758-1783380300-1002) from address LocalHost (Using LRPC) running in the application container Unavailable SID (Unavailable). This security permission can be modified using the Component Services administrative tool."
Warning	18-11-2021 20:17:41	Microsoft-Windows-DistributedCOM	10016	None	"The application-specific permission settings do not grant Local Activation permission for the COM Server application with CLSID 
{2593F8B9-4EAF-457C-B68A-50F6B8EA6B54}
 and APPID 
{15C20B67-12E7-4BB6-92BB-7AFF07997402}
 to the user LAPTOP-7EVMU4TQ\mahendra SID (S-1-5-21-38077573-387163758-1783380300-1002) from address LocalHost (Using LRPC) running in the application container Unavailable SID (Unavailable). This security permission can be modified using the Component Services administrative tool."
Information	18-11-2021 20:04:22	Service Control Manager	7040	None	The start type of the Background Intelligent Transfer Service service was changed from auto start to demand start.
Information	18-11-2021 20:00:59	Service Control Manager	7040	None	The start type of the Background Intelligent Transfer Service service was changed from demand start to auto start.
Warning	18-11-2021 20:00:06	Microsoft-Windows-DistributedCOM	10016	None	"The application-specific permission settings do not grant Local Activation permission for the COM Server application with CLSID 
{2593F8B9-4EAF-457C-B68A-50F6B8EA6B54}
 and APPID 
{15C20B67-12E7-4BB6-92BB-7AFF07997402}
 to the user LAPTOP-7EVMU4TQ\mahendra SID (S-1-5-21-38077573-387163758-1783380300-1002) from address LocalHost (Using LRPC) running in the application container Unavailable SID (Unavailable). This security permission can be modified using the Component Services administrative tool."
Error	18-11-2021 18:07:15	Service Control Manager	7009	None	A timeout was reached (30000 milliseconds) while waiting for the Intel(R) SUR QC Software Asset Manager service to connect.
Information	18-11-2021 17:57:43	Microsoft-Windows-Kernel-General	16	None	The access history in hive \??\C:\Users\mahendra\AppData\Local\Packages\Microsoft.SkypeApp_kzf8qxf38zg5c\Settings\settings.dat was cleared updating 1 keys and creating 1 modified pages.
Warning	18-11-2021 17:44:34	Microsoft-Windows-DistributedCOM	10016	None	"The application-specific permission settings do not grant Local Activation permission for the COM Server application with CLSID 
{2593F8B9-4EAF-457C-B68A-50F6B8EA6B54}
 and APPID 
{15C20B67-12E7-4BB6-92BB-7AFF07997402}
 to the user LAPTOP-7EVMU4TQ\mahendra SID (S-1-5-21-38077573-387163758-1783380300-1002) from address LocalHost (Using LRPC) running in the application container Unavailable SID (Unavailable). This security permission can be modified using the Component Services administrative tool."
Error	18-11-2021 17:44:31	Server	2505	None	The server could not bind to the transport \Device\NetBT_Tcpip_{9F961AE3-9423-4C8B-AB48-B1886999008B} because another computer on the network has the same name.  The server could not start.
Information	18-11-2021 17:34:49	Microsoft-Windows-Kernel-General	16	None	The access history in hive \??\C:\Users\mahendra\AppData\Local\Packages\AD2F1837.HPSupportAssistant_v10z8vjag6ke6\Settings\settings.dat was cleared updating 9 keys and creating 1 modified pages.
Information	18-11-2021 17:34:00	Microsoft-Windows-Kernel-Power	566	(268)	"The system session has transitioned from 293 to 295.

Reason: 12"
Information	18-11-2021 17:33:51	Microsoft-Windows-WindowsUpdateClient	19	Windows Update Agent	Installation Successful: Windows successfully installed the following update: Intel Corporation - Extension - 17.11.0.1000
Warning	18-11-2021 17:33:51	Microsoft-Windows-Kernel-PnP	225	(223)	"The application \Device\HarddiskVolume3\Users\mahendra\AppData\Local\Microsoft\Teams\current\Teams.exe with process id 28636 stopped the removal or ejection for the device PCI\VEN_8086&DEV_282A&SUBSYS_86B4103C&REV_00\3&11583659&2&B8.
Process command line: ""C:\Users\mahendra\AppData\Local\Microsoft\Teams\current\Teams.exe"" --type=utility --utility-sub-type=network.mojom.NetworkService --field-trial-handle=1568,3932789189872750862,10401727444766960502,131072 --enable-features=ContextBridgeMutability,WebComponentsV0Enabled,WinUseBrowserSpellChecker,WinUseHybridSpellChecker --disable-features=CookiesWithoutSameSiteMustBeSecure,SameSiteByDefaultCookies,SpareRendererForSitePerProcess --lang=en-US --service-sandbox-type=network --enable-wer --ms-teams-less-cors=522133263 --mojo-platform-channel-handle=2084 /prefetch:8"
Warning	18-11-2021 17:33:51	Microsoft-Windows-Kernel-PnP	225	(223)	"The application \Device\HarddiskVolume3\Windows\ImmersiveControlPanel\SystemSettings.exe with process id 28436 stopped the removal or ejection for the device PCI\VEN_8086&DEV_282A&SUBSYS_86B4103C&REV_00\3&11583659&2&B8.
Process command line: ""C:\Windows\ImmersiveControlPanel\SystemSettings.exe"" -ServerName:microsoft.windows.immersivecontrolpanel"
Warning	18-11-2021 17:33:51	Microsoft-Windows-Kernel-PnP	225	(223)	"The application \Device\HarddiskVolume3\Program Files\WindowsApps\Microsoft.Windows.Photos_2021.21100.20007.0_x64__8wekyb3d8bbwe\Microsoft.Photos.exe with process id 28288 stopped the removal or ejection for the device PCI\VEN_8086&DEV_282A&SUBSYS_86B4103C&REV_00\3&11583659&2&B8.
Process command line: ""C:\Program Files\WindowsApps\Microsoft.Windows.Photos_2021.21100.20007.0_x64__8wekyb3d8bbwe\Microsoft.Photos.exe"" -ServerName:App.AppXzst44mncqdg84v7sv6p7yznqwssy6f7f.mca"
Warning	18-11-2021 17:33:51	Microsoft-Windows-Kernel-PnP	225	(223)	"The application \Device\HarddiskVolume3\Windows\System32\conhost.exe with process id 28256 stopped the removal or ejection for the device PCI\VEN_8086&DEV_282A&SUBSYS_86B4103C&REV_00\3&11583659&2&B8.
Process command line: \??\C:\WINDOWS\system32\conhost.exe 0x4"
Warning	18-11-2021 17:33:51	Microsoft-Windows-Kernel-PnP	225	(223)	"The application \Device\HarddiskVolume3\Program Files (x86)\Microsoft\Edge\Application\msedge.exe with process id 28168 stopped the removal or ejection for the device PCI\VEN_8086&DEV_282A&SUBSYS_86B4103C&REV_00\3&11583659&2&B8.
Process command line: ""C:\Program Files (x86)\Microsoft\Edge\Application\msedge.exe"" --type=utility --utility-sub-type=network.mojom.NetworkService --field-trial-handle=2108,12066087285815516116,8958567593371387130,131072 --lang=en-US --service-sandbox-type=none --mojo-platform-channel-handle=2392 /prefetch:3"
Warning	18-11-2021 17:33:51	Microsoft-Windows-Kernel-PnP	225	(223)	"The application \Device\HarddiskVolume3\Users\mahendra\AppData\Local\Microsoft\Teams\current\Teams.exe with process id 28144 stopped the removal or ejection for the device PCI\VEN_8086&DEV_282A&SUBSYS_86B4103C&REV_00\3&11583659&2&B8.
Process command line: ""C:\Users\mahendra\AppData\Local\Microsoft\Teams\current\Teams.exe"" --type=utility --utility-sub-type=audio.mojom.AudioService --field-trial-handle=1568,3932789189872750862,10401727444766960502,131072 --enable-features=ContextBridgeMutability,WebComponentsV0Enabled,WinUseBrowserSpellChecker,WinUseHybridSpellChecker --disable-features=CookiesWithoutSameSiteMustBeSecure,SameSiteByDefaultCookies,SpareRendererForSitePerProcess --lang=en-US --service-sandbox-type=audio --enable-wer --ms-teams-less-cors=522133263 --mojo-platform-channel-handle=3772 /prefetch:8"
Warning	18-11-2021 17:33:51	Microsoft-Windows-Kernel-PnP	225	(223)	"The application \Device\HarddiskVolume3\Windows\System32\csrss.exe with process id 28048 stopped the removal or ejection for the device PCI\VEN_8086&DEV_282A&SUBSYS_86B4103C&REV_00\3&11583659&2&B8.
Process command line: %SystemRoot%\system32\csrss.exe ObjectDirectory=\Windows SharedSection=1024,20480,768 Windows=On SubSystemType=Windows ServerDll=basesrv,1 ServerDll=winsrv:UserServerDllInitialization,3 ServerDll=sxssrv,4 ProfileControl=Off MaxRequestThreads=16"
Warning	18-11-2021 17:33:51	Microsoft-Windows-Kernel-PnP	225	(223)	"The application \Device\HarddiskVolume3\Windows\System32\dllhost.exe with process id 28012 stopped the removal or ejection for the device PCI\VEN_8086&DEV_282A&SUBSYS_86B4103C&REV_00\3&11583659&2&B8.
Process command line: ""C:\WINDOWS\system32\DllHost.exe"" /Processid:{9F156763-7844-4DC4-B2B1-901F640F5155}"
Warning	18-11-2021 17:33:51	Microsoft-Windows-Kernel-PnP	225	(223)	"The application \Device\HarddiskVolume3\Windows\System32\DriverStore\FileRepository\nvhm.inf_amd64_6f7f22b0a5610d99\Display.NvContainer\NVDisplay.Container.exe with process id 27812 stopped the removal or ejection for the device PCI\VEN_8086&DEV_282A&SUBSYS_86B4103C&REV_00\3&11583659&2&B8.
Process command line: ""C:\WINDOWS\System32\DriverStore\FileRepository\nvhm.inf_amd64_6f7f22b0a5610d99\Display.NvContainer\NVDisplay.Container.exe"" -f %ProgramData%\NVIDIA\DisplaySessionContainer%d.log -d C:\WINDOWS\System32\DriverStore\FileRepository\nvhm.inf_amd64_6f7f22b0a5610d99\Display.NvContainer\plugins\Session -r -l 3 -p 30000 -cfg NVDisplay.ContainerLocalSystem\Session -c"
Warning	18-11-2021 17:33:51	Microsoft-Windows-Kernel-PnP	225	(223)	"The application \Device\HarddiskVolume3\Windows\System32\sppsvc.exe with process id 27784 stopped the removal or ejection for the device PCI\VEN_8086&DEV_282A&SUBSYS_86B4103C&REV_00\3&11583659&2&B8.
Process command line: C:\WINDOWS\system32\sppsvc.exe"
Warning	18-11-2021 17:33:51	Microsoft-Windows-Kernel-PnP	225	(223)	"The application \Device\HarddiskVolume3\Program Files (x86)\Microsoft\Edge\Application\msedge.exe with process id 27496 stopped the removal or ejection for the device PCI\VEN_8086&DEV_282A&SUBSYS_86B4103C&REV_00\3&11583659&2&B8.
Process command line: ""C:\Program Files (x86)\Microsoft\Edge\Application\msedge.exe"" --type=renderer --extension-process --disable-client-side-phishing-detection --display-capture-permissions-policy-allowed --field-trial-handle=2108,12066087285815516116,8958567593371387130,131072 --lang=en-US --device-scale-factor=1.25 --num-raster-threads=4 --enable-main-frame-before-activation --renderer-client-id=5 --mojo-platform-channel-handle=3716 /prefetch:1"
Warning	18-11-2021 17:33:51	Microsoft-Windows-Kernel-PnP	225	(223)	"The application \Device\HarddiskVolume3\Program Files (x86)\Microsoft\Edge\Application\msedge.exe with process id 27272 stopped the removal or ejection for the device PCI\VEN_8086&DEV_282A&SUBSYS_86B4103C&REV_00\3&11583659&2&B8.
Process command line: ""C:\Program Files (x86)\Microsoft\Edge\Application\msedge.exe"" --type=renderer --disable-client-side-phishing-detection --display-capture-permissions-policy-allowed --field-trial-handle=2108,12066087285815516116,8958567593371387130,131072 --lang=en-US --device-scale-factor=1.25 --num-raster-threads=4 --enable-main-frame-before-activation --renderer-client-id=7 --mojo-platform-channel-handle=3696 /prefetch:1"
Warning	18-11-2021 17:33:51	Microsoft-Windows-Kernel-PnP	225	(223)	"The application \Device\HarddiskVolume3\Windows\SystemApps\MicrosoftWindows.Client.CBS_cw5n1h2txyewy\TextInputHost.exe with process id 27124 stopped the removal or ejection for the device PCI\VEN_8086&DEV_282A&SUBSYS_86B4103C&REV_00\3&11583659&2&B8.
Process command line: ""C:\WINDOWS\SystemApps\MicrosoftWindows.Client.CBS_cw5n1h2txyewy\TextInputHost.exe"" -ServerName:InputApp.AppXjd5de1g66v206tj52m9d0dtpppx4cgpn.mca"
Warning	18-11-2021 17:33:51	Microsoft-Windows-Kernel-PnP	225	(223)	"The application \Device\HarddiskVolume3\Users\mahendra\AppData\Local\Microsoft\Teams\current\Teams.exe with process id 26944 stopped the removal or ejection for the device PCI\VEN_8086&DEV_282A&SUBSYS_86B4103C&REV_00\3&11583659&2&B8.
Process command line: ""C:\Users\mahendra\AppData\Local\Microsoft\Teams\current\Teams.exe"" --type=renderer --autoplay-policy=no-user-gesture-required --disable-background-timer-throttling --field-trial-handle=1568,3932789189872750862,10401727444766960502,131072 --enable-features=ContextBridgeMutability,WebComponentsV0Enabled,WinUseBrowserSpellChecker,WinUseHybridSpellChecker --disable-features=CookiesWithoutSameSiteMustBeSecure,SameSiteByDefaultCookies,SpareRendererForSitePerProcess --lang=en-US --enable-wer --ms-teams-less-cors=522133263 --app-user-model-id=com.squirrel.Teams.Teams --app-path=""C:\Users\mahendra\AppData\Local\Microsoft\Teams\current\resources\app.asar"" --enable-sandbox --native-window-open --preload=""C:\Users\mahendra\AppData\Local\Microsoft\Teams\current\resources\app.asar\lib\renderer\notifications\preload_notifications.js"" --background-color=#fff --enable-spellcheck --enable-websql --disable-electron-site-instance-overrides --device-scale-factor=1.25 --num-raster-threads=4 --enable-main-frame-before-activation --renderer-client-id=7 --no-v8-untrusted-code-mitigations --mojo-platform-channel-handle=3060 /prefetch:1 --msteams-process-type=notificationsManager"
Warning	18-11-2021 17:33:51	Microsoft-Windows-Kernel-PnP	225	(223)	"The application \Device\HarddiskVolume3\Program Files\Intel\SUR\QUEENCREEK\Updater\bin\IntelSoftwareAssetManagerService.exe with process id 26780 stopped the removal or ejection for the device PCI\VEN_8086&DEV_282A&SUBSYS_86B4103C&REV_00\3&11583659&2&B8.
Process command line: ""C:\Program Files\Intel\SUR\QUEENCREEK\Updater\bin\IntelSoftwareAssetManagerService.exe"" --automatic"
Warning	18-11-2021 17:33:51	Microsoft-Windows-Kernel-PnP	225	(223)	"The application \Device\HarddiskVolume3\Windows\System32\svchost.exe with process id 26644 stopped the removal or ejection for the device PCI\VEN_8086&DEV_282A&SUBSYS_86B4103C&REV_00\3&11583659&2&B8.
Process command line: C:\WINDOWS\system32\svchost.exe -k wusvcs -p -s WaaSMedicSvc"
Warning	18-11-2021 17:33:51	Microsoft-Windows-Kernel-PnP	225	(223)	"The application \Device\HarddiskVolume3\Users\mahendra\AppData\Local\Microsoft\Teams\current\Teams.exe with process id 26144 stopped the removal or ejection for the device PCI\VEN_8086&DEV_282A&SUBSYS_86B4103C&REV_00\3&11583659&2&B8.
Process command line: ""C:\Users\mahendra\AppData\Local\Microsoft\Teams\current\Teams.exe"" --type=gpu-process --field-trial-handle=1568,3932789189872750862,10401727444766960502,131072 --enable-features=ContextBridgeMutability,WebComponentsV0Enabled,WinUseBrowserSpellChecker,WinUseHybridSpellChecker --disable-features=CookiesWithoutSameSiteMustBeSecure,SameSiteByDefaultCookies,SpareRendererForSitePerProcess --gpu-preferences=MAAAAAAAAADgAAAwAAAAAAAAAAAAAAAAAABgAAAAAAAQAAAAAAAAAAAAAAAAAAAAKAAAAAQAAAAgAAAAAAAAACgAAAAAAAAAMAAAAAAAAAA4AAAAAAAAABAAAAAAAAAAAAAAAAUAAAAQAAAAAAAAAAAAAAAGAAAAEAAAAAAAAAABAAAABQAAABAAAAAAAAAAAQAAAAYAAAA= --mojo-platform-channel-handle=1592 /prefetch:2"
Warning	18-11-2021 17:33:51	Microsoft-Windows-Kernel-PnP	225	(223)	"The application \Device\HarddiskVolume3\Windows\System32\svchost.exe with process id 25828 stopped the removal or ejection for the device PCI\VEN_8086&DEV_282A&SUBSYS_86B4103C&REV_00\3&11583659&2&B8.
Process command line: C:\WINDOWS\system32\svchost.exe -k LocalServiceNetworkRestricted -s BTAGService"
Warning	18-11-2021 17:33:51	Microsoft-Windows-Kernel-PnP	225	(223)	"The application \Device\HarddiskVolume3\Windows\System32\ctfmon.exe with process id 25604 stopped the removal or ejection for the device PCI\VEN_8086&DEV_282A&SUBSYS_86B4103C&REV_00\3&11583659&2&B8.
Process command line: ""ctfmon.exe"""
Warning	18-11-2021 17:33:51	Microsoft-Windows-Kernel-PnP	225	(223)	"The application \Device\HarddiskVolume3\Program Files\WindowsApps\Microsoft.YourPhone_1.21092.149.0_x64__8wekyb3d8bbwe\YourPhone.exe with process id 25452 stopped the removal or ejection for the device PCI\VEN_8086&DEV_282A&SUBSYS_86B4103C&REV_00\3&11583659&2&B8.
Process command line: ""C:\Program Files\WindowsApps\Microsoft.YourPhone_1.21092.149.0_x64__8wekyb3d8bbwe\YourPhone.exe"" -ServerName:App.AppX9yct9q388jvt4h7y0gn06smzkxcsnt8m.mca"
Warning	18-11-2021 17:33:51	Microsoft-Windows-Kernel-PnP	225	(223)	"The application \Device\HarddiskVolume3\Windows\System32\svchost.exe with process id 25112 stopped the removal or ejection for the device PCI\VEN_8086&DEV_282A&SUBSYS_86B4103C&REV_00\3&11583659&2&B8.
Process command line: C:\WINDOWS\system32\svchost.exe -k DcomLaunch -p -s DeviceInstall"
Warning	18-11-2021 17:33:51	Microsoft-Windows-Kernel-PnP	225	(223)	"The application \Device\HarddiskVolume3\Windows\System32\RuntimeBroker.exe with process id 25076 stopped the removal or ejection for the device PCI\VEN_8086&DEV_282A&SUBSYS_86B4103C&REV_00\3&11583659&2&B8.
Process command line: C:\Windows\System32\RuntimeBroker.exe -Embedding"
Warning	18-11-2021 17:33:51	Microsoft-Windows-Kernel-PnP	225	(223)	"The application \Device\HarddiskVolume3\Windows\System32\svchost.exe with process id 24908 stopped the removal or ejection for the device PCI\VEN_8086&DEV_282A&SUBSYS_86B4103C&REV_00\3&11583659&2&B8.
Process command line: C:\WINDOWS\system32\svchost.exe -k UnistackSvcGroup -s CDPUserSvc"
Warning	18-11-2021 17:33:51	Microsoft-Windows-Kernel-PnP	225	(223)	"The application \Device\HarddiskVolume3\Windows\System32\svchost.exe with process id 24544 stopped the removal or ejection for the device PCI\VEN_8086&DEV_282A&SUBSYS_86B4103C&REV_00\3&11583659&2&B8.
Process command line: C:\WINDOWS\system32\svchost.exe -k netsvcs -p -s wisvc"
Warning	18-11-2021 17:33:51	Microsoft-Windows-Kernel-PnP	225	(223)	"The application \Device\HarddiskVolume3\Windows\System32\svchost.exe with process id 24272 stopped the removal or ejection for the device PCI\VEN_8086&DEV_282A&SUBSYS_86B4103C&REV_00\3&11583659&2&B8.
Process command line: C:\WINDOWS\System32\svchost.exe -k LocalSystemNetworkRestricted -p -s WdiSystemHost"
Warning	18-11-2021 17:33:51	Microsoft-Windows-Kernel-PnP	225	(223)	"The application \Device\HarddiskVolume3\Windows\SystemApps\ShellExperienceHost_cw5n1h2txyewy\ShellExperienceHost.exe with process id 24216 stopped the removal or ejection for the device PCI\VEN_8086&DEV_282A&SUBSYS_86B4103C&REV_00\3&11583659&2&B8.
Process command line: ""C:\Windows\SystemApps\ShellExperienceHost_cw5n1h2txyewy\ShellExperienceHost.exe"" -ServerName:App.AppXtk181tbxbce2qsex02s8tw7hfxa9xb3t.mca"
Warning	18-11-2021 17:33:51	Microsoft-Windows-Kernel-PnP	225	(223)	"The application \Device\HarddiskVolume3\Windows\System32\RuntimeBroker.exe with process id 24072 stopped the removal or ejection for the device PCI\VEN_8086&DEV_282A&SUBSYS_86B4103C&REV_00\3&11583659&2&B8.
Process command line: C:\Windows\System32\RuntimeBroker.exe -Embedding"
Warning	18-11-2021 17:33:51	Microsoft-Windows-Kernel-PnP	225	(223)	"The application \Device\HarddiskVolume3\Windows\System32\DriverStore\FileRepository\hpcustomcapcomp.inf_amd64_fac814d252ae9e85\x64\BridgeCommunication.exe with process id 23960 stopped the removal or ejection for the device PCI\VEN_8086&DEV_282A&SUBSYS_86B4103C&REV_00\3&11583659&2&B8.
Process command line: ""C:\WINDOWS\System32\DriverStore\FileRepository\hpcustomcapcomp.inf_amd64_fac814d252ae9e85\x64\BridgeCommunication.exe"" 4c7a0b3b-b3fd-4f7c-986e-9c99ee0bbdf6 Global\2f143bfe-0f14-4461-a681-1499fd0ff5d9 3436"
Warning	18-11-2021 17:33:51	Microsoft-Windows-Kernel-PnP	225	(223)	"The application \Device\HarddiskVolume3\Windows\System32\wbem\WmiPrvSE.exe with process id 23936 stopped the removal or ejection for the device PCI\VEN_8086&DEV_282A&SUBSYS_86B4103C&REV_00\3&11583659&2&B8.
Process command line: C:\WINDOWS\system32\wbem\wmiprvse.exe"
Warning	18-11-2021 17:33:51	Microsoft-Windows-Kernel-PnP	225	(223)	"The application \Device\HarddiskVolume3\Program Files\WindowsApps\AD2F1837.HPSystemEventUtility_1.2.11.0_x64__v10z8vjag6ke6\SystemEventUtility\HPSystemEventUtilityHost.exe with process id 23904 stopped the removal or ejection for the device PCI\VEN_8086&DEV_282A&SUBSYS_86B4103C&REV_00\3&11583659&2&B8.
Process command line: ""C:\Program Files\WindowsApps\AD2F1837.HPSystemEventUtility_1.2.11.0_x64__v10z8vjag6ke6\SystemEventUtility\HPSystemEventUtilityHost.exe"" LaunchedBySysInfo"
Warning	18-11-2021 17:33:51	Microsoft-Windows-Kernel-PnP	225	(223)	"The application \Device\HarddiskVolume3\Windows\System32\svchost.exe with process id 23524 stopped the removal or ejection for the device PCI\VEN_8086&DEV_282A&SUBSYS_86B4103C&REV_00\3&11583659&2&B8.
Process command line: C:\WINDOWS\System32\svchost.exe -k wsappx -p -s ClipSVC"
Warning	18-11-2021 17:33:51	Microsoft-Windows-Kernel-PnP	225	(223)	"The application \Device\HarddiskVolume3\Windows\SystemApps\Microsoft.LockApp_cw5n1h2txyewy\LockApp.exe with process id 23512 stopped the removal or ejection for the device PCI\VEN_8086&DEV_282A&SUBSYS_86B4103C&REV_00\3&11583659&2&B8.
Process command line: ""C:\Windows\SystemApps\Microsoft.LockApp_cw5n1h2txyewy\LockApp.exe"" -ServerName:WindowsDefaultLockScreen.AppX7y4nbzq37zn4ks9k7amqjywdat7d3j2z.mca"
Warning	18-11-2021 17:33:51	Microsoft-Windows-Kernel-PnP	225	(223)	"The application \Device\HarddiskVolume3\Windows\System32\LogonUI.exe with process id 23152 stopped the removal or ejection for the device PCI\VEN_8086&DEV_282A&SUBSYS_86B4103C&REV_00\3&11583659&2&B8.
Process command line: ""LogonUI.exe"" /flags:0x0 /state0:0xa56eb855 /state1:0x41c64e6d"
Warning	18-11-2021 17:33:51	Microsoft-Windows-Kernel-PnP	225	(223)	"The application \Device\HarddiskVolume3\Users\mahendra\AppData\Local\Microsoft\Teams\current\Teams.exe with process id 23036 stopped the removal or ejection for the device PCI\VEN_8086&DEV_282A&SUBSYS_86B4103C&REV_00\3&11583659&2&B8.
Process command line: ""C:\Users\mahendra\AppData\Local\Microsoft\Teams\current\Teams.exe"" --type=renderer --autoplay-policy=no-user-gesture-required --disable-background-timer-throttling --field-trial-handle=1568,3932789189872750862,10401727444766960502,131072 --enable-features=ContextBridgeMutability,WebComponentsV0Enabled,WinUseBrowserSpellChecker,WinUseHybridSpellChecker --disable-features=CookiesWithoutSameSiteMustBeSecure,SameSiteByDefaultCookies,SpareRendererForSitePerProcess --lang=en-US --enable-wer --ms-teams-less-cors=522133263 --app-user-model-id=com.squirrel.Teams.Teams --app-path=""C:\Users\mahendra\AppData\Local\Microsoft\Teams\current\resources\app.asar"" --webview-tag --enable-sandbox --native-window-open --preload=""C:\Users\mahendra\AppData\Local\Microsoft\Teams\current\resources\app.asar\lib\renderer\preload.js"" --world-safe-execute-javascript --background-color=#fff --enable-spellcheck --enable-websql --disable-electron-site-instance-overrides --device-scale-factor=1.25 --num-raster-threads=4 --enable-main-frame-before-activation --renderer-client-id=4 --no-v8-untrusted-code-mitigations --mojo-platform-channel-handle=3292 /prefetch:1 --msteams-process-type=mainWindow"
Warning	18-11-2021 17:33:51	Microsoft-Windows-Kernel-PnP	225	(223)	"The application \Device\HarddiskVolume3\Windows\System32\svchost.exe with process id 22988 stopped the removal or ejection for the device PCI\VEN_8086&DEV_282A&SUBSYS_86B4103C&REV_00\3&11583659&2&B8.
Process command line: C:\WINDOWS\system32\svchost.exe -k ClipboardSvcGroup -p -s cbdhsvc"
Warning	18-11-2021 17:33:51	Microsoft-Windows-Kernel-PnP	225	(223)	"The application \Device\HarddiskVolume3\Program Files (x86)\Microsoft\Edge\Application\msedge.exe with process id 22964 stopped the removal or ejection for the device PCI\VEN_8086&DEV_282A&SUBSYS_86B4103C&REV_00\3&11583659&2&B8.
Process command line: ""C:\Program Files (x86)\Microsoft\Edge\Application\msedge.exe"" --type=utility --utility-sub-type=storage.mojom.StorageService --field-trial-handle=2108,12066087285815516116,8958567593371387130,131072 --lang=en-US --service-sandbox-type=utility --mojo-platform-channel-handle=2952 /prefetch:8"
Warning	18-11-2021 17:33:51	Microsoft-Windows-Kernel-PnP	225	(223)	"The application \Device\HarddiskVolume3\Windows\System32\DriverStore\FileRepository\cui_dch.inf_amd64_efb119a73d6b56f6\igfxEM.exe with process id 22704 stopped the removal or ejection for the device PCI\VEN_8086&DEV_282A&SUBSYS_86B4103C&REV_00\3&11583659&2&B8.
Process command line: ""C:\WINDOWS\System32\DriverStore\FileRepository\cui_dch.inf_amd64_efb119a73d6b56f6\igfxEM.exe"""
Warning	18-11-2021 17:33:51	Microsoft-Windows-Kernel-PnP	225	(223)	"The application \Device\HarddiskVolume3\Windows\System32\conhost.exe with process id 22480 stopped the removal or ejection for the device PCI\VEN_8086&DEV_282A&SUBSYS_86B4103C&REV_00\3&11583659&2&B8.
Process command line: \??\C:\WINDOWS\system32\conhost.exe 0x4"
Warning	18-11-2021 17:33:51	Microsoft-Windows-Kernel-PnP	225	(223)	"The application \Device\HarddiskVolume3\Windows\System32\svchost.exe with process id 22456 stopped the removal or ejection for the device PCI\VEN_8086&DEV_282A&SUBSYS_86B4103C&REV_00\3&11583659&2&B8.
Process command line: C:\WINDOWS\system32\svchost.exe -k netsvcs -p -s wuauserv"
Warning	18-11-2021 17:33:51	Microsoft-Windows-Kernel-PnP	225	(223)	"The application \Device\HarddiskVolume3\Windows\System32\svchost.exe with process id 22224 stopped the removal or ejection for the device PCI\VEN_8086&DEV_282A&SUBSYS_86B4103C&REV_00\3&11583659&2&B8.
Process command line: C:\WINDOWS\system32\svchost.exe -k LocalService -p -s bthserv"
Warning	18-11-2021 17:33:51	Microsoft-Windows-Kernel-PnP	225	(223)	"The application \Device\HarddiskVolume3\Windows\System32\RuntimeBroker.exe with process id 22200 stopped the removal or ejection for the device PCI\VEN_8086&DEV_282A&SUBSYS_86B4103C&REV_00\3&11583659&2&B8.
Process command line: C:\Windows\System32\RuntimeBroker.exe -Embedding"
Warning	18-11-2021 17:33:51	Microsoft-Windows-Kernel-PnP	225	(223)	"The application \Device\HarddiskVolume3\Windows\System32\svchost.exe with process id 21976 stopped the removal or ejection for the device PCI\VEN_8086&DEV_282A&SUBSYS_86B4103C&REV_00\3&11583659&2&B8.
Process command line: C:\WINDOWS\system32\svchost.exe -k LocalService -s W32Time"
Warning	18-11-2021 17:33:51	Microsoft-Windows-Kernel-PnP	225	(223)	"The application \Device\HarddiskVolume3\Windows\System32\dllhost.exe with process id 21500 stopped the removal or ejection for the device PCI\VEN_8086&DEV_282A&SUBSYS_86B4103C&REV_00\3&11583659&2&B8.
Process command line: C:\WINDOWS\system32\DllHost.exe /Processid:{AB8902B4-09CA-4BB6-B78D-A8F59079A8D5}"
Warning	18-11-2021 17:33:51	Microsoft-Windows-Kernel-PnP	225	(223)	"The application \Device\HarddiskVolume3\Windows\System32\svchost.exe with process id 21128 stopped the removal or ejection for the device PCI\VEN_8086&DEV_282A&SUBSYS_86B4103C&REV_00\3&11583659&2&B8.
Process command line: C:\WINDOWS\system32\svchost.exe -k wsappx -p -s AppXSvc"
Warning	18-11-2021 17:33:51	Microsoft-Windows-Kernel-PnP	225	(223)	"The application \Device\HarddiskVolume3\Windows\System32\SystemSettingsBroker.exe with process id 20824 stopped the removal or ejection for the device PCI\VEN_8086&DEV_282A&SUBSYS_86B4103C&REV_00\3&11583659&2&B8.
Process command line: C:\Windows\System32\SystemSettingsBroker.exe -Embedding"
Warning	18-11-2021 17:33:51	Microsoft-Windows-Kernel-PnP	225	(223)	"The application \Device\HarddiskVolume3\Windows\System32\oobe\UserOOBEBroker.exe with process id 20472 stopped the removal or ejection for the device PCI\VEN_8086&DEV_282A&SUBSYS_86B4103C&REV_00\3&11583659&2&B8.
Process command line: C:\Windows\System32\oobe\UserOOBEBroker.exe -Embedding"
Warning	18-11-2021 17:33:51	Microsoft-Windows-Kernel-PnP	225	(223)	"The application \Device\HarddiskVolume3\Windows\System32\RuntimeBroker.exe with process id 20464 stopped the removal or ejection for the device PCI\VEN_8086&DEV_282A&SUBSYS_86B4103C&REV_00\3&11583659&2&B8.
Process command line: C:\Windows\System32\RuntimeBroker.exe -Embedding"
Warning	18-11-2021 17:33:51	Microsoft-Windows-Kernel-PnP	225	(223)	"The application \Device\HarddiskVolume3\Windows\System32\RuntimeBroker.exe with process id 20060 stopped the removal or ejection for the device PCI\VEN_8086&DEV_282A&SUBSYS_86B4103C&REV_00\3&11583659&2&B8.
Process command line: C:\Windows\System32\RuntimeBroker.exe -Embedding"
Warning	18-11-2021 17:33:51	Microsoft-Windows-Kernel-PnP	225	(223)	"The application \Device\HarddiskVolume3\Windows\System32\winlogon.exe with process id 19936 stopped the removal or ejection for the device PCI\VEN_8086&DEV_282A&SUBSYS_86B4103C&REV_00\3&11583659&2&B8.
Process command line: C:\WINDOWS\System32\WinLogon.exe -SpecialSession"
Warning	18-11-2021 17:33:51	Microsoft-Windows-Kernel-PnP	225	(223)	"The application \Device\HarddiskVolume3\Windows\System32\svchost.exe with process id 19692 stopped the removal or ejection for the device PCI\VEN_8086&DEV_282A&SUBSYS_86B4103C&REV_00\3&11583659&2&B8.
Process command line: C:\WINDOWS\System32\svchost.exe -k LocalSystemNetworkRestricted -p -s DsSvc"
Warning	18-11-2021 17:33:51	Microsoft-Windows-Kernel-PnP	225	(223)	"The application \Device\HarddiskVolume3\Windows\System32\SynTPEnh.exe with process id 19236 stopped the removal or ejection for the device PCI\VEN_8086&DEV_282A&SUBSYS_86B4103C&REV_00\3&11583659&2&B8.
Process command line: ""C:\WINDOWS\System32\SynTPEnh.exe"""
Warning	18-11-2021 17:33:51	Microsoft-Windows-Kernel-PnP	225	(223)	"The application \Device\HarddiskVolume3\Windows\System32\RuntimeBroker.exe with process id 19228 stopped the removal or ejection for the device PCI\VEN_8086&DEV_282A&SUBSYS_86B4103C&REV_00\3&11583659&2&B8.
Process command line: C:\Windows\System32\RuntimeBroker.exe -Embedding"
Warning	18-11-2021 17:33:51	Microsoft-Windows-Kernel-PnP	225	(223)	"The application \Device\HarddiskVolume3\Windows\SystemApps\Microsoft.Windows.StartMenuExperienceHost_cw5n1h2txyewy\StartMenuExperienceHost.exe with process id 19156 stopped the removal or ejection for the device PCI\VEN_8086&DEV_282A&SUBSYS_86B4103C&REV_00\3&11583659&2&B8.
Process command line: ""C:\Windows\SystemApps\Microsoft.Windows.StartMenuExperienceHost_cw5n1h2txyewy\StartMenuExperienceHost.exe"" -ServerName:App.AppXywbrabmsek0gm3tkwpr5kwzbs55tkqay.mca"
Warning	18-11-2021 17:33:51	Microsoft-Windows-Kernel-PnP	225	(223)	"The application \Device\HarddiskVolume3\Windows\System32\SECOCL64.exe with process id 19024 stopped the removal or ejection for the device PCI\VEN_8086&DEV_282A&SUBSYS_86B4103C&REV_00\3&11583659&2&B8.
Process command line: /exit-mutex-guid={DA0AEF33-701A-4F4C-AA5B-BC6199CA7292} /host-pipe-name=\\.\pipe\{B2180EBB-CA13-4674-8973-07F7BE49B0AE}"
Warning	18-11-2021 17:33:51	Microsoft-Windows-Kernel-PnP	225	(223)	"The application \Device\HarddiskVolume3\Program Files\Intel\SUR\QUEENCREEK\x64\esrv.exe with process id 18764 stopped the removal or ejection for the device PCI\VEN_8086&DEV_282A&SUBSYS_86B4103C&REV_00\3&11583659&2&B8.
Process command line: ""C:\Program Files\Intel\SUR\QUEENCREEK\x64\esrv.exe"" ""--start"" ""--start_options_handle"" ""1056"""
Warning	18-11-2021 17:33:51	Microsoft-Windows-Kernel-PnP	225	(223)	"The application \Device\HarddiskVolume3\Windows\UUS\amd64\MoUsoCoreWorker.exe with process id 18680 stopped the removal or ejection for the device PCI\VEN_8086&DEV_282A&SUBSYS_86B4103C&REV_00\3&11583659&2&B8.
Process command line: C:\WINDOWS\uus\AMD64\MoUsoCoreWorker.exe"
Warning	18-11-2021 17:33:51	Microsoft-Windows-Kernel-PnP	225	(223)	"The application \Device\HarddiskVolume3\Windows\System32\wuauclt.exe with process id 18664 stopped the removal or ejection for the device PCI\VEN_8086&DEV_282A&SUBSYS_86B4103C&REV_00\3&11583659&2&B8.
Process command line: ""C:\WINDOWS\system32\wuauclt.exe"" /DeploymentHandlerFullPath C:\WINDOWS\SYSTEM32\UpdateDeploy.dll /ClassId 61b6d9ea-e6b5-46dd-9b14-f28019538cc2 /RunHandlerComServer"
Warning	18-11-2021 17:33:51	Microsoft-Windows-Kernel-PnP	225	(223)	"The application \Device\HarddiskVolume3\Windows\System32\svchost.exe with process id 18132 stopped the removal or ejection for the device PCI\VEN_8086&DEV_282A&SUBSYS_86B4103C&REV_00\3&11583659&2&B8.
Process command line: C:\WINDOWS\system32\svchost.exe -k LocalServiceAndNoImpersonation -p -s QWAVE"
Warning	18-11-2021 17:33:51	Microsoft-Windows-Kernel-PnP	225	(223)	"The application \Device\HarddiskVolume3\Program Files\WindowsApps\MicrosoftTeams_21302.202.1065.6968_x64__8wekyb3d8bbwe\msteamsupdate.exe with process id 17696 stopped the removal or ejection for the device PCI\VEN_8086&DEV_282A&SUBSYS_86B4103C&REV_00\3&11583659&2&B8.
Process command line: ""C:\Program Files\WindowsApps\MicrosoftTeams_21302.202.1065.6968_x64__8wekyb3d8bbwe\msteamsupdate.exe"" -RegisterComServerForEcsTask -Embedding"
Warning	18-11-2021 17:33:51	Microsoft-Windows-Kernel-PnP	225	(223)	"The application \Device\HarddiskVolume3\Program Files\WindowsApps\AppUp.IntelGraphicsExperience_1.100.3370.0_x64__8j3eq9eme6ctt\IGCC.exe with process id 17424 stopped the removal or ejection for the device PCI\VEN_8086&DEV_282A&SUBSYS_86B4103C&REV_00\3&11583659&2&B8.
Process command line: ""C:\Program Files\WindowsApps\AppUp.IntelGraphicsExperience_1.100.3370.0_x64__8j3eq9eme6ctt\IGCC.exe"" -ServerName:App.AppXxq4ar3drev924dxqnatpa4s48c4zrxd1.mca"
Warning	18-11-2021 17:33:51	Microsoft-Windows-Kernel-PnP	225	(223)	"The application \Device\HarddiskVolume3\Windows\System32\svchost.exe with process id 16968 stopped the removal or ejection for the device PCI\VEN_8086&DEV_282A&SUBSYS_86B4103C&REV_00\3&11583659&2&B8.
Process command line: C:\WINDOWS\system32\svchost.exe -k LocalService -p -s NPSMSvc"
Warning	18-11-2021 17:33:51	Microsoft-Windows-Kernel-PnP	225	(223)	"The application \Device\HarddiskVolume3\Windows\SystemApps\MicrosoftWindows.Client.CBS_cw5n1h2txyewy\SearchHost.exe with process id 16904 stopped the removal or ejection for the device PCI\VEN_8086&DEV_282A&SUBSYS_86B4103C&REV_00\3&11583659&2&B8.
Process command line: ""C:\WINDOWS\SystemApps\MicrosoftWindows.Client.CBS_cw5n1h2txyewy\SearchHost.exe"" -ServerName:CortanaUI.AppXstmwaab17q5s3y22tp6apqz7a45vwv65.mca"
Warning	18-11-2021 17:33:51	Microsoft-Windows-Kernel-PnP	225	(223)	"The application \Device\HarddiskVolume3\Windows\System32\dllhost.exe with process id 16800 stopped the removal or ejection for the device PCI\VEN_8086&DEV_282A&SUBSYS_86B4103C&REV_00\3&11583659&2&B8.
Process command line: C:\WINDOWS\system32\DllHost.exe /Processid:{7EAD5C10-8B3F-11E6-AE22-56B6B6499611}"
Warning	18-11-2021 17:33:51	Microsoft-Windows-Kernel-PnP	225	(223)	"The application \Device\HarddiskVolume3\Program Files (x86)\Microsoft\Edge\Application\msedge.exe with process id 16752 stopped the removal or ejection for the device PCI\VEN_8086&DEV_282A&SUBSYS_86B4103C&REV_00\3&11583659&2&B8.
Process command line: ""C:\Program Files (x86)\Microsoft\Edge\Application\msedge.exe"" --type=gpu-process --field-trial-handle=2108,12066087285815516116,8958567593371387130,131072 --gpu-preferences=UAAAAAAAAADgAAAIAAAAAAAAAAAAAAAAAABgAAAAAAAwAAAAAAAAAAAAAAAAAAAAAAAAAAAAAAAAAAAAAAAAAHgAAAAAAAAAeAAAAAAAAAAoAAAABAAAACAAAAAAAAAAKAAAAAAAAAAwAAAAAAAAADgAAAAAAAAAEAAAAAAAAAAAAAAADQAAABAAAAAAAAAAAQAAAA0AAAAQAAAAAAAAAAQAAAANAAAAEAAAAAAAAAAHAAAADQAAAAgAAAAAAAAACAAAAAAAAAA= --mojo-platform-channel-handle=2148 /prefetch:2"
Warning	18-11-2021 17:33:51	Microsoft-Windows-Kernel-PnP	225	(223)	"The application \Device\HarddiskVolume3\Windows\System32\svchost.exe with process id 16600 stopped the removal or ejection for the device PCI\VEN_8086&DEV_282A&SUBSYS_86B4103C&REV_00\3&11583659&2&B8.
Process command line: C:\WINDOWS\system32\svchost.exe -k UdkSvcGroup -s UdkUserSvc"
Warning	18-11-2021 17:33:51	Microsoft-Windows-Kernel-PnP	225	(223)	"The application \Device\HarddiskVolume3\Windows\System32\svchost.exe with process id 16408 stopped the removal or ejection for the device PCI\VEN_8086&DEV_282A&SUBSYS_86B4103C&REV_00\3&11583659&2&B8.
Process command line: C:\WINDOWS\system32\svchost.exe -k LocalService -p -s BthAvctpSvc"
Warning	18-11-2021 17:33:51	Microsoft-Windows-Kernel-PnP	225	(223)	"The application \Device\HarddiskVolume3\Windows\System32\conhost.exe with process id 15964 stopped the removal or ejection for the device PCI\VEN_8086&DEV_282A&SUBSYS_86B4103C&REV_00\3&11583659&2&B8.
Process command line: \??\C:\WINDOWS\system32\conhost.exe 0x4"
Warning	18-11-2021 17:33:51	Microsoft-Windows-Kernel-PnP	225	(223)	"The application \Device\HarddiskVolume3\Windows\System32\RuntimeBroker.exe with process id 15880 stopped the removal or ejection for the device PCI\VEN_8086&DEV_282A&SUBSYS_86B4103C&REV_00\3&11583659&2&B8.
Process command line: C:\Windows\System32\RuntimeBroker.exe -Embedding"
Warning	18-11-2021 17:33:51	Microsoft-Windows-Kernel-PnP	225	(223)	"The application \Device\HarddiskVolume3\Windows\System32\taskhostw.exe with process id 15832 stopped the removal or ejection for the device PCI\VEN_8086&DEV_282A&SUBSYS_86B4103C&REV_00\3&11583659&2&B8.
Process command line: taskhostw.exe {222A245B-E637-4AE9-A93F-A59CA119A75E}"
Warning	18-11-2021 17:33:51	Microsoft-Windows-Kernel-PnP	225	(223)	"The application \Device\HarddiskVolume3\Program Files\WindowsApps\Microsoft.ZuneVideo_10.21092.10731.0_x64__8wekyb3d8bbwe\Video.UI.exe with process id 15692 stopped the removal or ejection for the device PCI\VEN_8086&DEV_282A&SUBSYS_86B4103C&REV_00\3&11583659&2&B8.
Process command line: ""C:\Program Files\WindowsApps\Microsoft.ZuneVideo_10.21092.10731.0_x64__8wekyb3d8bbwe\Video.UI.exe"" -ServerName:Microsoft.ZuneVideo.AppX758ya5sqdjd98rx6z7g95nw6jy7bqx9y.mca"
Warning	18-11-2021 17:33:51	Microsoft-Windows-Kernel-PnP	225	(223)	"The application \Device\HarddiskVolume3\Windows\System32\drvinst.exe with process id 15536 stopped the removal or ejection for the device PCI\VEN_8086&DEV_282A&SUBSYS_86B4103C&REV_00\3&11583659&2&B8.
Process command line: DrvInst.exe ""2"" ""1"" ""PCI\VEN_8086&DEV_282A&SUBSYS_86B4103C&REV_00\3&11583659&2&B8"" ""C:\WINDOWS\System32\DriverStore\FileRepository\iastorac.inf_amd64_42f9d9bfb72d84cf\iastorac.inf"" ""oem40.inf:*:RAID_inst.NTamd64:17.9.1.1009:PCI\VEN_8086&DEV_282A&CC_0104,oem42.inf:*:*:17.11.0.1000:PCI\VEN_8086&DEV_282A&CC_0104"" ""4bb96e3bf"" ""0000000000000164"" ""bc1e"""
Warning	18-11-2021 17:33:51	Microsoft-Windows-Kernel-PnP	225	(223)	"The application \Device\HarddiskVolume3\Windows\System32\DriverStore\FileRepository\realtekservice.inf_amd64_bb0c442560f99618\RtkAudUService64.exe with process id 15136 stopped the removal or ejection for the device PCI\VEN_8086&DEV_282A&SUBSYS_86B4103C&REV_00\3&11583659&2&B8.
Process command line: ""C:\Windows\System32\DriverStore\FileRepository\realtekservice.inf_amd64_bb0c442560f99618\RtkAudUService64.exe"" -background"
Warning	18-11-2021 17:33:51	Microsoft-Windows-Kernel-PnP	225	(223)	"The application \Device\HarddiskVolume3\Windows\System32\svchost.exe with process id 15004 stopped the removal or ejection for the device PCI\VEN_8086&DEV_282A&SUBSYS_86B4103C&REV_00\3&11583659&2&B8.
Process command line: C:\WINDOWS\System32\svchost.exe -k LocalService -p -s LicenseManager"
Warning	18-11-2021 17:33:51	Microsoft-Windows-Kernel-PnP	225	(223)	"The application \Device\HarddiskVolume3\Program Files (x86)\NVIDIA Corporation\NvNode\NVIDIA Web Helper.exe with process id 14852 stopped the removal or ejection for the device PCI\VEN_8086&DEV_282A&SUBSYS_86B4103C&REV_00\3&11583659&2&B8.
Process command line: ""C:\Program Files (x86)\NVIDIA Corporation\NvNode\NVIDIA Web Helper.exe"" index.js"
Warning	18-11-2021 17:33:51	Microsoft-Windows-Kernel-PnP	225	(223)	"The application \Device\HarddiskVolume3\Windows\System32\backgroundTaskHost.exe with process id 14280 stopped the removal or ejection for the device PCI\VEN_8086&DEV_282A&SUBSYS_86B4103C&REV_00\3&11583659&2&B8.
Process command line: ""C:\WINDOWS\system32\backgroundTaskHost.exe"" -ServerName:Global.Accounts.AppXqe94epy97qwa6w3j6w132e8zvcs117nd.mca"
Warning	18-11-2021 17:33:51	Microsoft-Windows-Kernel-PnP	225	(223)	"The application \Device\HarddiskVolume3\Users\mahendra\AppData\Local\Microsoft\Teams\current\Teams.exe with process id 13512 stopped the removal or ejection for the device PCI\VEN_8086&DEV_282A&SUBSYS_86B4103C&REV_00\3&11583659&2&B8.
Process command line: ""C:\Users\mahendra\AppData\Local\Microsoft\Teams\current\Teams.exe"" --type=renderer --autoplay-policy=no-user-gesture-required --disable-background-timer-throttling --field-trial-handle=1568,3932789189872750862,10401727444766960502,131072 --enable-features=ContextBridgeMutability,WebComponentsV0Enabled,WinUseBrowserSpellChecker,WinUseHybridSpellChecker --disable-features=CookiesWithoutSameSiteMustBeSecure,SameSiteByDefaultCookies,SpareRendererForSitePerProcess --lang=en-US --enable-wer --ms-teams-less-cors=522133263 --app-user-model-id=com.squirrel.Teams.Teams --app-path=""C:\Users\mahendra\AppData\Local\Microsoft\Teams\current\resources\app.asar"" --enable-sandbox --native-window-open --preload=""C:\Users\mahendra\AppData\Local\Microsoft\Teams\current\resources\app.asar\lib\renderer\webview\webview-preload.js"" --background-color=#fff --guest-instance-id=8 --enable-blink-features --disable-blink-features --node-integration-in-subframes --enable-spellcheck --enable-websql --disable-electron-site-instance-overrides --device-scale-factor=1.25 --num-raster-threads=4 --enable-main-frame-before-activation --renderer-client-id=14 --no-v8-untrusted-code-mitigations --mojo-platform-channel-handle=4880 /prefetch:1"
Warning	18-11-2021 17:33:51	Microsoft-Windows-Kernel-PnP	225	(223)	"The application \Device\HarddiskVolume3\Windows\System32\SecurityHealthService.exe with process id 13500 stopped the removal or ejection for the device PCI\VEN_8086&DEV_282A&SUBSYS_86B4103C&REV_00\3&11583659&2&B8.
Process command line: C:\WINDOWS\system32\SecurityHealthService.exe"
Warning	18-11-2021 17:33:51	Microsoft-Windows-Kernel-PnP	225	(223)	"The application \Device\HarddiskVolume3\Users\mahendra\AppData\Roaming\Telegram Desktop\Telegram.exe with process id 12888 stopped the removal or ejection for the device PCI\VEN_8086&DEV_282A&SUBSYS_86B4103C&REV_00\3&11583659&2&B8.
Process command line: ""C:\Users\mahendra\AppData\Roaming\Telegram Desktop\Telegram.exe"" -noupdate"
Warning	18-11-2021 17:33:51	Microsoft-Windows-Kernel-PnP	225	(223)	"The application \Device\HarddiskVolume3\Windows\System32\RuntimeBroker.exe with process id 12852 stopped the removal or ejection for the device PCI\VEN_8086&DEV_282A&SUBSYS_86B4103C&REV_00\3&11583659&2&B8.
Process command line: C:\Windows\System32\RuntimeBroker.exe -Embedding"
Warning	18-11-2021 17:33:51	Microsoft-Windows-Kernel-PnP	225	(223)	"The application \Device\HarddiskVolume3\Windows\System32\svchost.exe with process id 12472 stopped the removal or ejection for the device PCI\VEN_8086&DEV_282A&SUBSYS_86B4103C&REV_00\3&11583659&2&B8.
Process command line: C:\WINDOWS\system32\svchost.exe -k netsvcs -p -s gpsvc"
Warning	18-11-2021 17:33:51	Microsoft-Windows-Kernel-PnP	225	(223)	"The application \Device\HarddiskVolume3\Program Files\McAfee\WebAdvisor\uihost.exe with process id 12108 stopped the removal or ejection for the device PCI\VEN_8086&DEV_282A&SUBSYS_86B4103C&REV_00\3&11583659&2&B8.
Process command line: ""C:\Program Files\McAfee\WebAdvisor\UIHost.exe"" "
Warning	18-11-2021 17:33:51	Microsoft-Windows-Kernel-PnP	225	(223)	"The application \Device\HarddiskVolume3\Windows\System32\svchost.exe with process id 12100 stopped the removal or ejection for the device PCI\VEN_8086&DEV_282A&SUBSYS_86B4103C&REV_00\3&11583659&2&B8.
Process command line: C:\WINDOWS\system32\svchost.exe -k netsvcs -p -s Appinfo"
Warning	18-11-2021 17:33:51	Microsoft-Windows-Kernel-PnP	225	(223)	"The application \Device\HarddiskVolume3\Windows\System32\sihost.exe with process id 11952 stopped the removal or ejection for the device PCI\VEN_8086&DEV_282A&SUBSYS_86B4103C&REV_00\3&11583659&2&B8.
Process command line: sihost.exe"
Warning	18-11-2021 17:33:51	Microsoft-Windows-Kernel-PnP	225	(223)	"The application \Device\HarddiskVolume3\Windows\System32\ApplicationFrameHost.exe with process id 11928 stopped the removal or ejection for the device PCI\VEN_8086&DEV_282A&SUBSYS_86B4103C&REV_00\3&11583659&2&B8.
Process command line: C:\WINDOWS\system32\ApplicationFrameHost.exe -Embedding"
Warning	18-11-2021 17:33:51	Microsoft-Windows-Kernel-PnP	225	(223)	"The application \Device\HarddiskVolume3\Windows\System32\svchost.exe with process id 11820 stopped the removal or ejection for the device PCI\VEN_8086&DEV_282A&SUBSYS_86B4103C&REV_00\3&11583659&2&B8.
Process command line: C:\WINDOWS\System32\svchost.exe -k netsvcs -p"
Warning	18-11-2021 17:33:51	Microsoft-Windows-Kernel-PnP	225	(223)	"The application \Device\HarddiskVolume3\ProgramData\Microsoft\Windows Defender\Scans\MsMpEngCP.exe with process id 11672 stopped the removal or ejection for the device PCI\VEN_8086&DEV_282A&SUBSYS_86B4103C&REV_00\3&11583659&2&B8.
Process command line: ""C:\ProgramData\Microsoft\Windows Defender\Scans\\MsMpEngCP.exe"" ""C:\ProgramData\Microsoft\Windows Defender\Definition Updates\{067219F7-8A6A-494E-8F80-D97CD524FA70}\mpengine.dll"" 61122091-42EA-4E85-B4C9-07EE6BF459BD S-1-15-2-3366370060-2959170129-387772758-1134737402-178384591-226746249-3839369693 1334.1d7d8fd44dd08f1"
Warning	18-11-2021 17:33:51	Microsoft-Windows-Kernel-PnP	225	(223)	"The application \Device\HarddiskVolume3\Windows\System32\svchost.exe with process id 11584 stopped the removal or ejection for the device PCI\VEN_8086&DEV_282A&SUBSYS_86B4103C&REV_00\3&11583659&2&B8.
Process command line: C:\WINDOWS\System32\svchost.exe -k LocalSystemNetworkRestricted -p -s Netman"
Warning	18-11-2021 17:33:51	Microsoft-Windows-Kernel-PnP	225	(223)	"The application \Device\HarddiskVolume3\Windows\System32\svchost.exe with process id 11512 stopped the removal or ejection for the device PCI\VEN_8086&DEV_282A&SUBSYS_86B4103C&REV_00\3&11583659&2&B8.
Process command line: C:\WINDOWS\system32\svchost.exe -k UnistackSvcGroup"
