Information	28-10-2021 18:01:24	Microsoft-Windows-Kernel-Processor-Power	55	(47)	"Processor 5 in group 0 exposes the following power management capabilities:

Idle state type: ACPI Idle (C) States (3 state(s))

Performance state type: ACPI Collaborative Processor Performance Control
Nominal Frequency (MHz): 2112
Maximum performance percentage: 200
Minimum performance percentage: 42
Minimum throttle percentage: 4"
Information	28-10-2021 18:01:24	Microsoft-Windows-Kernel-Processor-Power	55	(47)	"Processor 3 in group 0 exposes the following power management capabilities:

Idle state type: ACPI Idle (C) States (3 state(s))

Performance state type: ACPI Collaborative Processor Performance Control
Nominal Frequency (MHz): 2112
Maximum performance percentage: 200
Minimum performance percentage: 42
Minimum throttle percentage: 4"
Information	28-10-2021 18:01:24	Microsoft-Windows-Kernel-Processor-Power	55	(47)	"Processor 1 in group 0 exposes the following power management capabilities:

Idle state type: ACPI Idle (C) States (3 state(s))

Performance state type: ACPI Collaborative Processor Performance Control
Nominal Frequency (MHz): 2112
Maximum performance percentage: 200
Minimum performance percentage: 42
Minimum throttle percentage: 4"
Information	28-10-2021 18:01:24	Microsoft-Windows-Kernel-Processor-Power	55	(47)	"Processor 6 in group 0 exposes the following power management capabilities:

Idle state type: ACPI Idle (C) States (3 state(s))

Performance state type: ACPI Collaborative Processor Performance Control
Nominal Frequency (MHz): 2112
Maximum performance percentage: 200
Minimum performance percentage: 42
Minimum throttle percentage: 4"
Information	28-10-2021 18:01:24	Microsoft-Windows-Kernel-Processor-Power	55	(47)	"Processor 4 in group 0 exposes the following power management capabilities:

Idle state type: ACPI Idle (C) States (3 state(s))

Performance state type: ACPI Collaborative Processor Performance Control
Nominal Frequency (MHz): 2112
Maximum performance percentage: 200
Minimum performance percentage: 42
Minimum throttle percentage: 4"
Information	28-10-2021 18:01:24	Microsoft-Windows-Kernel-Processor-Power	55	(47)	"Processor 2 in group 0 exposes the following power management capabilities:

Idle state type: ACPI Idle (C) States (3 state(s))

Performance state type: ACPI Collaborative Processor Performance Control
Nominal Frequency (MHz): 2112
Maximum performance percentage: 200
Minimum performance percentage: 42
Minimum throttle percentage: 4"
Information	28-10-2021 18:01:24	Microsoft-Windows-Kernel-Processor-Power	55	(47)	"Processor 0 in group 0 exposes the following power management capabilities:

Idle state type: ACPI Idle (C) States (3 state(s))

Performance state type: ACPI Collaborative Processor Performance Control
Nominal Frequency (MHz): 2112
Maximum performance percentage: 200
Minimum performance percentage: 19
Minimum throttle percentage: 4"
Information	28-10-2021 18:01:24	Microsoft-Windows-Kernel-Power	172	(203)	Connectivity state in standby: Disconnected, Reason: NIC compliance
Warning	28-10-2021 18:01:19	Microsoft-Windows-Kernel-PnP	219	(212)	The driver \Driver\WudfRd failed to load for the device PCI\VEN_8086&DEV_1903&SUBSYS_86B4103C&REV_0C\3&11583659&2&20.
Information	28-10-2021 18:01:19	Microsoft-Windows-DriverFrameworks-UserMode	10118	Startup of the UMDF reflector	UMDF reflector is unable to connect to service control manager (SCM). This is expected during boot, when SCM has not started yet. Will retry when it starts.
Information	28-10-2021 18:01:15	Microsoft-Windows-FilterManager	6	None	File System Filter 'npsvctrig' (10.0, ‎2104‎-‎06‎-‎16T05:01:44.000000000Z) has successfully loaded and registered with Filter Manager.
Information	28-10-2021 18:01:13	Microsoft-Windows-FilterManager	6	None	File System Filter 'FileCrypt' (10.0, ‎2102‎-‎10‎-‎25T08:50:26.000000000Z) has successfully loaded and registered with Filter Manager.
Information	28-10-2021 18:01:09	Microsoft-Windows-Ntfs	98	None	Volume C: (\Device\HarddiskVolume3) is healthy.  No action is needed.
Information	28-10-2021 18:01:06	Microsoft-Windows-FilterManager	6	None	File System Filter 'WdFilter' (10.0, ‎2099‎-‎03‎-‎18T06:00:38.000000000Z) has successfully loaded and registered with Filter Manager.
Information	28-10-2021 18:01:06	Microsoft-Windows-FilterManager	6	None	File System Filter 'Wof' (10.0, ‎2061‎-‎09‎-‎05T19:26:37.000000000Z) has successfully loaded and registered with Filter Manager.
Information	28-10-2021 18:01:06	Microsoft-Windows-FilterManager	6	None	File System Filter 'FileInfo' (10.0, ‎1970‎-‎09‎-‎04T04:26:45.000000000Z) has successfully loaded and registered with Filter Manager.
Information	28-10-2021 18:01:05	Microsoft-Windows-HAL	16	None	The iommu fault reporting has been initialized.
Information	28-10-2021 18:01:05	Microsoft-Windows-Kernel-General	20	(6)	"The leap second configuration has been updated.
Reason: Leap second data initialized from registry during boot
Leap seconds enabled: true
New leap second count: 0
Old leap second count: 0"
Information	28-10-2021 18:01:05	Microsoft-Windows-Kernel-Boot	30	(21)	The firmware reported boot metrics.
Information	28-10-2021 18:01:05	Microsoft-Windows-Kernel-Boot	27	(33)	The boot type was 0x0.
Information	28-10-2021 18:01:05	Microsoft-Windows-Kernel-Boot	25	(32)	The boot menu policy was 0x1.
Information	28-10-2021 18:01:05	Microsoft-Windows-Kernel-Boot	238	(101)	EFI time zone bias: 2047. Daylight flags: 0. Firmware time: ‎2021‎-‎10‎-‎28T18:01:03.000000000Z.
Information	28-10-2021 18:01:05	Microsoft-Windows-Kernel-Boot	20	(31)	The last shutdown's success status was true. The last boot's success status was true.
Information	28-10-2021 18:01:05	Microsoft-Windows-Kernel-Boot	32	(58)	The bootmgr spent 0 ms waiting for user input.
Information	28-10-2021 18:01:05	Microsoft-Windows-Kernel-Boot	18	(57)	There are 0x1 boot options on this system.
Information	28-10-2021 18:01:05	Microsoft-Windows-Kernel-Boot	153	(62)	Virtualization-based security (policies: 0) is disabled.
Information	28-10-2021 18:01:05	Microsoft-Windows-Kernel-General	12	(1)	The operating system started at system time ‎2021‎-‎10‎-‎28T12:31:04.500000000Z.
Information	28-10-2021 18:00:41	Microsoft-Windows-Kernel-General	13	(2)	The operating system is shutting down at system time ‎2021‎-‎10‎-‎28T12:30:41.812239200Z.
Information	28-10-2021 18:00:30	Microsoft-Windows-WLAN-AutoConfig	4001	None	"WLAN AutoConfig service has successfully stopped.
"
Information	28-10-2021 18:00:17	Microsoft-Windows-Kernel-Power	109	(103)	"The kernel power manager has initiated a shutdown transition.

Shutdown Reason: Kernel API"
Information	28-10-2021 18:02:34	EventLog	6013	None	The system uptime is 89 seconds.
Information	28-10-2021 18:02:34	EventLog	6005	None	The Event log service was started.
Information	28-10-2021 18:02:34	EventLog	6009	None	Microsoft (R) Windows (R) 10.00. 22000  Multiprocessor Free.
Information	28-10-2021 18:00:09	Microsoft-Windows-Dhcp-Client	50037	Service State Event	DHCPv4 client service is stopped. ShutDown Flag value is 1
Information	28-10-2021 18:00:09	Microsoft-Windows-Dhcp-Client	50106	Service State Event	DHCPv4 is waiting on DHCPv6 service to stop
Information	28-10-2021 18:00:09	Microsoft-Windows-DHCPv6-Client	51057	Service State Event	DHCPv6 client service stop is almost done.DHCP Context Ref count is 1
Information	28-10-2021 18:00:09	Microsoft-Windows-DHCPv6-Client	51047	Service State Event	DHCPv6 client service is stopped. ShutDown Flag value is 1
Information	28-10-2021 18:00:10	EventLog	6006	None	The Event log service was stopped.
Information	28-10-2021 18:00:08	Microsoft-Windows-Dhcp-Client	50105	Service State Event	DHCPv4 client ProcessDHCPRequestForever received TERMINATE_EVENT
Information	28-10-2021 18:00:08	Microsoft-Windows-Dhcp-Client	50104	Service State Event	DHCPv4 client received shutdown notification
Error	28-10-2021 18:00:05	Service Control Manager	7023	None	"The User Energy Server Service queencreek service terminated with the following error: 
Driver %2 returned invalid ID for a child device (55005300450052005F0045005300520056005F005300560043005F0051005500450045004E0043005200450045004B000000)."
Error	28-10-2021 18:00:00	Service Control Manager	7043	None	The Delivery Optimization service did not shut down properly after receiving a preshutdown control.
Information	28-10-2021 17:59:00	Microsoft-Windows-Winlogon	7002	(1102)	User Logoff Notification for Customer Experience Improvement Program
Error	28-10-2021 17:58:51	Microsoft-Windows-DistributedCOM	10010	None	The server {7EAD5C10-8B3F-11E6-AE22-56B6B6499611} did not register with DCOM within the required timeout.
Information	28-10-2021 17:58:50	Microsoft-Windows-Kernel-Power	105	(100)	Power source change.
Warning	28-10-2021 17:58:22	Microsoft-Windows-DistributedCOM	10016	None	"The application-specific permission settings do not grant Local Activation permission for the COM Server application with CLSID 
{2593F8B9-4EAF-457C-B68A-50F6B8EA6B54}
 and APPID 
{15C20B67-12E7-4BB6-92BB-7AFF07997402}
 to the user LAPTOP-7EVMU4TQ\mahendra SID (S-1-5-21-38077573-387163758-1783380300-1002) from address LocalHost (Using LRPC) running in the application container Unavailable SID (Unavailable). This security permission can be modified using the Component Services administrative tool."
Information	28-10-2021 16:56:27	Microsoft-Windows-Kernel-Power	105	(100)	Power source change.
Information	28-10-2021 16:47:03	Microsoft-Windows-Kernel-General	16	None	The access history in hive \??\C:\Users\mahendra\AppData\Local\Packages\microsoft.windows.photos_8wekyb3d8bbwe\AC\GEH\POF.dat was cleared updating 1 keys and creating 1 modified pages.
Information	28-10-2021 16:26:38	Microsoft-Windows-Kernel-General	1	(5)	"The system time has changed to ‎2021‎-‎10‎-‎28T10:56:38.054522900Z from ‎2021‎-‎10‎-‎28T10:56:38.050574100Z.

Change Reason: An application or system component changed the time.
Process: '\Device\HarddiskVolume3\Windows\System32\svchost.exe' (PID 34004).

RTC time: ‎2021‎-‎10‎-‎28T16:26:38.054522900Z
Current time zone bias: -330
RTC time is in UTC: false
System time was based on RTC time: false"
Information	28-10-2021 16:26:38	Microsoft-Windows-Kernel-General	24	(11)	The time zone information was refreshed with exit reason 0. Current time zone bias is -330.
Information	28-10-2021 16:26:38	Microsoft-Windows-Time-Service	158	None	The time provider 'VMICTimeProvider' has indicated that the current hardware and operating environment is not supported and has stopped. This behavior is expected for VMICTimeProvider on non-HyperV-guest environments. This may be the expected behavior for the current provider in the current operating environment as well.
Information	28-10-2021 16:26:38	Microsoft-Windows-Time-Service	35	None	The time service is now synchronizing the system time with the time source time.windows.com,0x9 (ntp.m|0x9|0.0.0.0:123->40.81.94.65:123) with reference id 1096700200. Current local stratum number is 4.
Information	28-10-2021 16:26:38	Microsoft-Windows-Time-Service	37	None	The time provider NtpClient is currently receiving valid time data from time.windows.com,0x9 (ntp.m|0x9|0.0.0.0:123->40.81.94.65:123).
Information	28-10-2021 16:20:36	Microsoft-Windows-Kernel-General	16	None	The access history in hive \??\C:\WINDOWS\System32\SMI\Store\Machine\SCHEMA.DAT was cleared updating 14537 keys and creating 2426 modified pages.
Information	28-10-2021 16:18:46	Microsoft-Windows-Ntfs	98	None	Volume Windows (\Device\HarddiskVolumeShadowCopy7) is healthy.  No action is needed.
Information	28-10-2021 16:17:11	Service Control Manager	7040	None	The start type of the Windows Modules Installer service was changed from demand start to auto start.
Information	28-10-2021 16:17:08	Microsoft-Windows-WindowsUpdateClient	43	Windows Update Agent	Installation Started: Windows has started installing the following update: 2021-10 Cumulative Update Preview for .NET Framework 3.5 and 4.8 for Windows 11 for x64 (KB5006363)
Error	28-10-2021 16:16:34	Server	2505	None	The server could not bind to the transport \Device\NetBT_Tcpip_{9F961AE3-9423-4C8B-AB48-B1886999008B} because another computer on the network has the same name.  The server could not start.
Information	28-10-2021 16:12:52	Service Control Manager	7040	None	The start type of the Windows Modules Installer service was changed from auto start to demand start.
Information	28-10-2021 16:12:03	Service Control Manager	7040	None	The start type of the Windows Modules Installer service was changed from demand start to auto start.
Warning	28-10-2021 16:11:37	Microsoft-Windows-Time-Service	134	None	NtpClient was unable to set a manual peer to use as a time source because of DNS resolution error on 'time.windows.com,0x9'. NtpClient will try again in 15 minutes and double the reattempt interval thereafter. The error was: No such host is known. (0x80072AF9)
Information	28-10-2021 16:11:37	Microsoft-Windows-Time-Service	158	None	The time provider 'VMICTimeProvider' has indicated that the current hardware and operating environment is not supported and has stopped. This behavior is expected for VMICTimeProvider on non-HyperV-guest environments. This may be the expected behavior for the current provider in the current operating environment as well.
Information	28-10-2021 16:07:09	Microsoft-Windows-Kernel-Power	105	(100)	Power source change.
Information	28-10-2021 16:06:52	Microsoft-Windows-Kernel-Power	105	(100)	Power source change.
Information	28-10-2021 15:59:39	Microsoft-Windows-WindowsUpdateClient	44	Windows Update Agent	Windows Update started downloading an update.
Information	28-10-2021 15:58:43	Microsoft-Windows-Power-Troubleshooter	1	None	"The system has returned from a low power state.

Sleep Time: ‎2021‎-‎10‎-‎28T06:55:06.796754400Z
Wake Time: ‎2021‎-‎10‎-‎28T10:28:32.583825900Z

Wake Source: Power Button"
Error	28-10-2021 15:58:35	Server	2505	None	The server could not bind to the transport \Device\NetBT_Tcpip_{59426481-F96A-490F-9157-08A6F626BD36} because another computer on the network has the same name.  The server could not start.
Information	28-10-2021 15:58:32	Microsoft-Windows-Kernel-Power	566	(268)	"The system session has transitioned from 398 to 400.

Reason: 5"
Information	28-10-2021 15:58:32	Microsoft-Windows-Kernel-Power	566	(268)	"The system session has transitioned from 397 to 398.

Reason: 5"
Information	28-10-2021 15:58:30	Microsoft-Windows-Kernel-Power	105	(100)	Power source change.
Information	28-10-2021 15:58:29	Microsoft-Windows-Kernel-Power	130	(33)	Firmware S3 times. SuspendStart: 520555015, SuspendEnd: 520555016
Information	28-10-2021 15:58:29	Microsoft-Windows-Kernel-Power	131	(33)	Firmware S3 times. ResumeCount: 2, FullResume: 1027, AverageResume: 1027
Information	28-10-2021 15:58:29	Microsoft-Windows-Kernel-General	1	(5)	"The system time has changed to ‎2021‎-‎10‎-‎28T10:28:29.500000000Z from ‎2021‎-‎10‎-‎28T06:55:24.915364500Z.

Change Reason: System time synchronized with the hardware clock.
Process: '' (PID 4).

RTC time: ‎2021‎-‎10‎-‎28T15:58:29.500000000Z
Current time zone bias: -330
RTC time is in UTC: false
System time was based on RTC time: false"
Information	28-10-2021 12:25:24	Microsoft-Windows-Kernel-Power	107	(102)	The system has resumed from sleep.
Information	28-10-2021 12:25:20	Microsoft-Windows-Kernel-Power	42	(64)	"The system is entering sleep.

Sleep Reason: Button or Lid"
Information	28-10-2021 12:25:08	Microsoft-Windows-Kernel-Power	566	(268)	"The system session has transitioned from 396 to 397.

Reason: 5"
Information	28-10-2021 12:00:00	EventLog	6013	None	The system uptime is 1102449 seconds.
Warning	28-10-2021 11:52:05	Microsoft-Windows-Kernel-Processor-Power	37	(7)	The speed of processor 7 in group 0 is being limited by system firmware. The processor has been in this reduced performance state for 386508 seconds since the last report.
Warning	28-10-2021 11:26:45	Microsoft-Windows-DistributedCOM	10016	None	"The application-specific permission settings do not grant Local Activation permission for the COM Server application with CLSID 
{2593F8B9-4EAF-457C-B68A-50F6B8EA6B54}
 and APPID 
{15C20B67-12E7-4BB6-92BB-7AFF07997402}
 to the user LAPTOP-7EVMU4TQ\mahendra SID (S-1-5-21-38077573-387163758-1783380300-1002) from address LocalHost (Using LRPC) running in the application container Unavailable SID (Unavailable). This security permission can be modified using the Component Services administrative tool."
Information	28-10-2021 11:24:50	Microsoft-Windows-Kernel-General	16	None	The access history in hive \??\C:\Users\mahendra\AppData\Local\Packages\Microsoft.WindowsTerminal_8wekyb3d8bbwe\SystemAppData\Helium\UserClasses.dat was cleared updating 1 keys and creating 1 modified pages.
Information	28-10-2021 11:24:50	Microsoft-Windows-Kernel-General	16	None	The access history in hive \??\C:\Users\mahendra\AppData\Local\Packages\Microsoft.WindowsTerminal_8wekyb3d8bbwe\SystemAppData\Helium\User.dat was cleared updating 1 keys and creating 1 modified pages.
Warning	28-10-2021 11:23:39	Microsoft-Windows-DistributedCOM	10016	None	"The application-specific permission settings do not grant Local Activation permission for the COM Server application with CLSID 
{2593F8B9-4EAF-457C-B68A-50F6B8EA6B54}
 and APPID 
{15C20B67-12E7-4BB6-92BB-7AFF07997402}
 to the user LAPTOP-7EVMU4TQ\mahendra SID (S-1-5-21-38077573-387163758-1783380300-1002) from address LocalHost (Using LRPC) running in the application container Unavailable SID (Unavailable). This security permission can be modified using the Component Services administrative tool."
Information	28-10-2021 11:13:55	Service Control Manager	7040	None	The start type of the Background Intelligent Transfer Service service was changed from auto start to demand start.
Information	28-10-2021 11:11:59	Microsoft-Windows-Kernel-Power	105	(100)	Power source change.
Information	28-10-2021 11:11:26	Service Control Manager	7040	None	The start type of the Background Intelligent Transfer Service service was changed from demand start to auto start.
Warning	28-10-2021 11:10:26	Microsoft-Windows-DistributedCOM	10016	None	"The application-specific permission settings do not grant Local Activation permission for the COM Server application with CLSID 
{2593F8B9-4EAF-457C-B68A-50F6B8EA6B54}
 and APPID 
{15C20B67-12E7-4BB6-92BB-7AFF07997402}
 to the user LAPTOP-7EVMU4TQ\mahendra SID (S-1-5-21-38077573-387163758-1783380300-1002) from address LocalHost (Using LRPC) running in the application container Unavailable SID (Unavailable). This security permission can be modified using the Component Services administrative tool."
Information	28-10-2021 11:07:56	Microsoft-Windows-WindowsUpdateClient	19	Windows Update Agent	Installation Successful: Windows successfully installed the following update: 9NZKPSTSNW4P-Microsoft.XboxGamingOverlay
Information	28-10-2021 11:07:48	Microsoft-Windows-WindowsUpdateClient	43	Windows Update Agent	Installation Started: Windows has started installing the following update: 9NZKPSTSNW4P-Microsoft.XboxGamingOverlay
Information	28-10-2021 11:07:38	Microsoft-Windows-Kernel-General	16	None	The access history in hive \??\C:\ProgramData\Microsoft\Windows\AppRepository\Packages\Microsoft.XboxGamingOverlay_5.721.10202.0_x64__8wekyb3d8bbwe\ActivationStore.dat was cleared updating 0 keys and creating 0 modified pages.
Information	28-10-2021 11:06:30	Microsoft-Windows-WindowsUpdateClient	19	Windows Update Agent	Installation Successful: Windows successfully installed the following update: 9N0DX20HK701-Microsoft.WindowsTerminal
Information	28-10-2021 11:06:27	Microsoft-Windows-WindowsUpdateClient	44	Windows Update Agent	Windows Update started downloading an update.
Information	28-10-2021 11:06:21	Microsoft-Windows-WindowsUpdateClient	19	Windows Update Agent	Installation Successful: Windows successfully installed the following update: 9WZDNCRFJ3PR-MICROSOFT.WINDOWSALARMS
Information	28-10-2021 11:06:21	Microsoft-Windows-WindowsUpdateClient	19	Windows Update Agent	Installation Successful: Windows successfully installed the following update: 9WZDNCRFHVN5-MICROSOFT.WINDOWSCALCULATOR
Information	28-10-2021 11:06:13	Microsoft-Windows-Kernel-General	16	None	The access history in hive \??\C:\Users\mahendra\AppData\Local\Packages\Microsoft.WindowsTerminal_8wekyb3d8bbwe\Settings\settings.dat was cleared updating 1 keys and creating 1 modified pages.
Information	28-10-2021 11:06:08	Microsoft-Windows-Kernel-General	16	None	The access history in hive \??\C:\Users\mahendra\AppData\Local\Packages\Microsoft.WindowsAlarms_8wekyb3d8bbwe\Settings\settings.dat was cleared updating 6 keys and creating 1 modified pages.
Information	28-10-2021 11:06:04	Microsoft-Windows-Kernel-General	16	None	The access history in hive \??\C:\Users\mahendra\AppData\Local\Packages\Microsoft.WindowsCalculator_8wekyb3d8bbwe\Settings\settings.dat was cleared updating 3 keys and creating 1 modified pages.
Information	28-10-2021 11:06:02	Microsoft-Windows-WindowsUpdateClient	43	Windows Update Agent	Installation Started: Windows has started installing the following update: 9N0DX20HK701-Microsoft.WindowsTerminal
Information	28-10-2021 11:05:56	Microsoft-Windows-WindowsUpdateClient	43	Windows Update Agent	Installation Started: Windows has started installing the following update: 9WZDNCRFJ3PR-MICROSOFT.WINDOWSALARMS
Information	28-10-2021 11:05:54	Microsoft-Windows-Kernel-General	16	None	The access history in hive \??\C:\ProgramData\Microsoft\Windows\AppRepository\Packages\Microsoft.WindowsTerminal_1.11.2921.0_x64__8wekyb3d8bbwe\ActivationStore.dat was cleared updating 0 keys and creating 0 modified pages.
Information	28-10-2021 11:05:49	Microsoft-Windows-Kernel-General	16	None	The access history in hive \??\C:\ProgramData\Microsoft\Windows\AppRepository\Packages\Microsoft.WindowsAlarms_11.2109.1.0_x64__8wekyb3d8bbwe\ActivationStore.dat was cleared updating 0 keys and creating 0 modified pages.
Information	28-10-2021 11:05:43	Microsoft-Windows-WindowsUpdateClient	43	Windows Update Agent	Installation Started: Windows has started installing the following update: 9WZDNCRFHVN5-MICROSOFT.WINDOWSCALCULATOR
Information	28-10-2021 11:05:29	Microsoft-Windows-Kernel-General	16	None	The access history in hive \??\C:\ProgramData\Microsoft\Windows\AppRepository\Packages\Microsoft.WindowsCalculator_11.2109.9.0_x64__8wekyb3d8bbwe\ActivationStore.dat was cleared updating 0 keys and creating 0 modified pages.
Information	28-10-2021 11:04:12	Microsoft-Windows-WindowsUpdateClient	44	Windows Update Agent	Windows Update started downloading an update.
Information	28-10-2021 11:04:12	Microsoft-Windows-WindowsUpdateClient	44	Windows Update Agent	Windows Update started downloading an update.
Information	28-10-2021 11:03:31	Microsoft-Windows-WindowsUpdateClient	44	Windows Update Agent	Windows Update started downloading an update.
Information	28-10-2021 11:03:31	Microsoft-Windows-WindowsUpdateClient	44	Windows Update Agent	Windows Update started downloading an update.
Information	28-10-2021 11:03:31	Microsoft-Windows-WindowsUpdateClient	44	Windows Update Agent	Windows Update started downloading an update.
Information	28-10-2021 10:44:44	Microsoft-Windows-Kernel-Power	105	(100)	Power source change.
Information	28-10-2021 10:30:29	Microsoft-Windows-Kernel-Power	105	(100)	Power source change.
Information	28-10-2021 09:11:36	Microsoft-Windows-Kernel-Power	105	(100)	Power source change.
Information	28-10-2021 09:08:55	Microsoft-Windows-Kernel-Power	105	(100)	Power source change.
Information	28-10-2021 08:55:59	Microsoft-Windows-Kernel-General	16	None	The access history in hive \??\C:\Users\mahendra\AppData\Local\Packages\Microsoft.MicrosoftOfficeHub_8wekyb3d8bbwe\Settings\settings.dat was cleared updating 3 keys and creating 1 modified pages.
Warning	28-10-2021 08:44:54	Microsoft-Windows-DNS-Client	1014	(1014)	Name resolution for the name inaz.tr.teams.microsoft.com timed out after none of the configured DNS servers responded. Client PID 35456.
Information	28-10-2021 08:41:57	Service Control Manager	7040	None	The start type of the Background Intelligent Transfer Service service was changed from auto start to demand start.
Information	28-10-2021 08:39:13	Service Control Manager	7040	None	The start type of the Background Intelligent Transfer Service service was changed from demand start to auto start.
Warning	28-10-2021 08:38:13	Microsoft-Windows-DistributedCOM	10016	None	"The application-specific permission settings do not grant Local Activation permission for the COM Server application with CLSID 
{2593F8B9-4EAF-457C-B68A-50F6B8EA6B54}
 and APPID 
{15C20B67-12E7-4BB6-92BB-7AFF07997402}
 to the user LAPTOP-7EVMU4TQ\mahendra SID (S-1-5-21-38077573-387163758-1783380300-1002) from address LocalHost (Using LRPC) running in the application container Unavailable SID (Unavailable). This security permission can be modified using the Component Services administrative tool."
Information	28-10-2021 08:30:02	Microsoft-Windows-WindowsUpdateClient	19	Windows Update Agent	Installation Successful: Windows successfully installed the following update: HP Inc. - System - 1.37.2536.0
Information	28-10-2021 08:29:56	Microsoft-Windows-WindowsUpdateClient	43	Windows Update Agent	Installation Started: Windows has started installing the following update: HP Inc. - System - 1.37.2536.0
Information	28-10-2021 08:29:52	Microsoft-Windows-WindowsUpdateClient	19	Windows Update Agent	Installation Successful: Windows successfully installed the following update: Security Intelligence Update for Microsoft Defender Antivirus - KB2267602 (Version 1.351.1196.0)
Information	28-10-2021 08:29:29	Microsoft-Windows-WindowsUpdateClient	43	Windows Update Agent	Installation Started: Windows has started installing the following update: Security Intelligence Update for Microsoft Defender Antivirus - KB2267602 (Version 1.351.1196.0)
Information	28-10-2021 08:29:27	Microsoft-Windows-WindowsUpdateClient	44	Windows Update Agent	Windows Update started downloading an update.
Information	28-10-2021 08:29:27	Microsoft-Windows-WindowsUpdateClient	44	Windows Update Agent	Windows Update started downloading an update.
Information	28-10-2021 08:28:50	Microsoft-Windows-Kernel-General	16	None	The access history in hive \??\C:\WINDOWS\System32\config\COMPONENTS was cleared updating 72531 keys and creating 8574 modified pages.
Information	28-10-2021 08:28:39	Microsoft-Windows-Kernel-General	1	(5)	"The system time has changed to ‎2021‎-‎10‎-‎28T02:58:39.565991200Z from ‎2021‎-‎10‎-‎28T02:58:39.564838300Z.

Change Reason: An application or system component changed the time.
Process: '\Device\HarddiskVolume3\Windows\System32\svchost.exe' (PID 27020).

RTC time: ‎2021‎-‎10‎-‎28T08:28:39.565991200Z
Current time zone bias: -330
RTC time is in UTC: false
System time was based on RTC time: false"
Information	28-10-2021 08:28:39	Microsoft-Windows-Kernel-General	24	(11)	The time zone information was refreshed with exit reason 0. Current time zone bias is -330.
Information	28-10-2021 08:28:39	Microsoft-Windows-Time-Service	35	None	The time service is now synchronizing the system time with the time source time.windows.com,0x9 (ntp.m|0x9|0.0.0.0:123->40.81.94.65:123) with reference id 1096700200. Current local stratum number is 4.
Information	28-10-2021 08:28:39	Microsoft-Windows-Time-Service	37	None	The time provider NtpClient is currently receiving valid time data from time.windows.com,0x9 (ntp.m|0x9|0.0.0.0:123->40.81.94.65:123).
Error	28-10-2021 08:27:54	Server	2505	None	The server could not bind to the transport \Device\NetBT_Tcpip_{9F961AE3-9423-4C8B-AB48-B1886999008B} because another computer on the network has the same name.  The server could not start.
Warning	28-10-2021 08:26:39	Microsoft-Windows-DistributedCOM	10016	None	"The application-specific permission settings do not grant Local Activation permission for the COM Server application with CLSID 
{2593F8B9-4EAF-457C-B68A-50F6B8EA6B54}
 and APPID 
{15C20B67-12E7-4BB6-92BB-7AFF07997402}
 to the user LAPTOP-7EVMU4TQ\mahendra SID (S-1-5-21-38077573-387163758-1783380300-1002) from address LocalHost (Using LRPC) running in the application container Unavailable SID (Unavailable). This security permission can be modified using the Component Services administrative tool."
Warning	28-10-2021 08:26:26	Microsoft-Windows-Time-Service	134	None	NtpClient was unable to set a manual peer to use as a time source because of DNS resolution error on 'time.windows.com,0x9'. NtpClient will try again in 15 minutes and double the reattempt interval thereafter. The error was: No such host is known. (0x80072AF9)
Information	28-10-2021 08:25:56	Microsoft-Windows-Kernel-Power	105	(100)	Power source change.
Information	28-10-2021 08:25:49	Microsoft-Windows-Power-Troubleshooter	1	None	"The system has returned from a low power state.

Sleep Time: ‎2021‎-‎10‎-‎28T02:51:56.294465300Z
Wake Time: ‎2021‎-‎10‎-‎28T02:55:47.880748600Z

Wake Source: Power Button"
Error	28-10-2021 08:25:49	Server	2505	None	The server could not bind to the transport \Device\NetBT_Tcpip_{59426481-F96A-490F-9157-08A6F626BD36} because another computer on the network has the same name.  The server could not start.
Information	28-10-2021 08:25:47	Microsoft-Windows-Kernel-Power	566	(268)	"The system session has transitioned from 394 to 396.

Reason: 5"
Information	28-10-2021 08:25:47	Microsoft-Windows-Kernel-Power	566	(268)	"The system session has transitioned from 393 to 394.

Reason: 5"
Information	28-10-2021 08:25:45	Microsoft-Windows-Kernel-Power	130	(33)	Firmware S3 times. SuspendStart: 506178320, SuspendEnd: 506178321
Information	28-10-2021 08:25:45	Microsoft-Windows-Kernel-Power	131	(33)	Firmware S3 times. ResumeCount: 1, FullResume: 1027, AverageResume: 1027
Information	28-10-2021 08:25:45	Microsoft-Windows-Kernel-General	1	(5)	"The system time has changed to ‎2021‎-‎10‎-‎28T02:55:45.500000000Z from ‎2021‎-‎10‎-‎28T02:52:06.358045800Z.

Change Reason: System time synchronized with the hardware clock.
Process: '' (PID 4).

RTC time: ‎2021‎-‎10‎-‎28T08:25:45.500000000Z
Current time zone bias: -330
RTC time is in UTC: false
System time was based on RTC time: false"
Information	28-10-2021 08:22:06	Microsoft-Windows-Kernel-Power	107	(102)	The system has resumed from sleep.
Information	28-10-2021 08:22:01	Microsoft-Windows-Kernel-Power	42	(64)	"The system is entering sleep.

Sleep Reason: System Idle"
Information	28-10-2021 08:21:57	Microsoft-Windows-Kernel-Power	566	(268)	"The system session has transitioned from 391 to 393.

Reason: 5"
Information	28-10-2021 08:21:56	Microsoft-Windows-Kernel-Power	566	(268)	"The system session has transitioned from 390 to 391.

Reason: 5"
Information	28-10-2021 08:16:59	Service Control Manager	7040	None	The start type of the Background Intelligent Transfer Service service was changed from auto start to demand start.
Information	28-10-2021 08:14:40	Service Control Manager	7040	None	The start type of the Background Intelligent Transfer Service service was changed from demand start to auto start.
Warning	28-10-2021 08:14:21	Microsoft-Windows-DistributedCOM	10016	None	"The application-specific permission settings do not grant Local Activation permission for the COM Server application with CLSID 
{6B3B8D23-FA8D-40B9-8DBD-B950333E2C52}
 and APPID 
{4839DDB7-58C2-48F5-8283-E1D1807D0D7D}
 to the user NT AUTHORITY\LOCAL SERVICE SID (S-1-5-19) from address LocalHost (Using LRPC) running in the application container Unavailable SID (Unavailable). This security permission can be modified using the Component Services administrative tool."
Warning	28-10-2021 08:14:21	Microsoft-Windows-DistributedCOM	10016	None	"The application-specific permission settings do not grant Local Activation permission for the COM Server application with CLSID 
{6B3B8D23-FA8D-40B9-8DBD-B950333E2C52}
 and APPID 
{4839DDB7-58C2-48F5-8283-E1D1807D0D7D}
 to the user NT AUTHORITY\LOCAL SERVICE SID (S-1-5-19) from address LocalHost (Using LRPC) running in the application container Unavailable SID (Unavailable). This security permission can be modified using the Component Services administrative tool."
Information	28-10-2021 08:14:13	Microsoft-Windows-Winlogon	7001	(1101)	User Logon Notification for Customer Experience Improvement Program
Warning	28-10-2021 08:13:06	Microsoft-Windows-Time-Service	134	None	NtpClient was unable to set a manual peer to use as a time source because of DNS resolution error on 'time.windows.com,0x9'. NtpClient will try again in 15 minutes and double the reattempt interval thereafter. The error was: No such host is known. (0x80072AF9)
Information	28-10-2021 08:12:33	Microsoft-Windows-Power-Troubleshooter	1	None	"The system has returned from a low power state.

Sleep Time: ‎2021‎-‎10‎-‎27T17:13:53.944947600Z
Wake Time: ‎2021‎-‎10‎-‎28T02:42:29.148746000Z

Wake Source: Unknown"
Warning	28-10-2021 08:12:31	Microsoft-Windows-Time-Service	134	None	NtpClient was unable to set a manual peer to use as a time source because of DNS resolution error on 'time.windows.com,0x9'. NtpClient will try again in 15 minutes and double the reattempt interval thereafter. The error was: No such host is known. (0x80072AF9)
Information	28-10-2021 08:12:30	Microsoft-Windows-Kernel-Power	566	(268)	"The system session has transitioned from 388 to 390.

Reason: 5"
Error	28-10-2021 08:12:30	Server	2505	None	The server could not bind to the transport \Device\NetBT_Tcpip_{59426481-F96A-490F-9157-08A6F626BD36} because another computer on the network has the same name.  The server could not start.
Information	28-10-2021 08:12:27	Microsoft-Windows-Kernel-Power	566	(268)	"The system session has transitioned from 387 to 388.

Reason: 5"
Information	28-10-2021 08:12:27	Microsoft-Windows-Kernel-Boot	32	(58)	The bootmgr spent 0 ms waiting for user input.
Information	28-10-2021 08:12:27	Microsoft-Windows-Kernel-Boot	18	(57)	There are 0x1 boot options on this system.
Information	28-10-2021 08:12:27	Microsoft-Windows-Kernel-Boot	30	(21)	The firmware reported boot metrics.
Information	28-10-2021 08:12:25	Microsoft-Windows-Kernel-General	1	(5)	"The system time has changed to ‎2021‎-‎10‎-‎28T02:42:25.500000000Z from ‎2021‎-‎10‎-‎27T17:14:18.696774000Z.

Change Reason: System time synchronized with the hardware clock.
Process: '' (PID 4).

RTC time: ‎2021‎-‎10‎-‎28T08:12:25.500000000Z
Current time zone bias: -330
RTC time is in UTC: false
System time was based on RTC time: false"
Information	27-10-2021 22:44:18	Microsoft-Windows-Kernel-Power	107	(102)	The system has resumed from sleep.
Information	27-10-2021 22:44:15	Microsoft-Windows-Kernel-Power	105	(100)	Power source change.
Information	27-10-2021 22:44:07	Microsoft-Windows-Kernel-Power	42	(64)	"The system is entering sleep.

Sleep Reason: Application API"
Information	27-10-2021 22:43:54	Microsoft-Windows-Kernel-Power	566	(268)	"The system session has transitioned from 386 to 387.

Reason: 5"
Information	27-10-2021 22:43:53	Microsoft-Windows-Kernel-Power	187	(243)	User-mode process attempted to change the system state by calling SetSuspendState or SetSystemPowerState APIs.
Information	27-10-2021 22:43:52	Microsoft-Windows-Winlogon	7002	(1102)	User Logoff Notification for Customer Experience Improvement Program
Information	27-10-2021 22:43:38	User32	1074	None	"The process Explorer.EXE has initiated the power off of computer LAPTOP-7EVMU4TQ on behalf of user LAPTOP-7EVMU4TQ\mahendra for the following reason: Other (Unplanned)
 Reason Code: 0x0
 Shutdown Type: power off
 Comment: "
Information	27-10-2021 22:40:29	Service Control Manager	7040	None	The start type of the Background Intelligent Transfer Service service was changed from auto start to demand start.
Information	27-10-2021 22:38:20	Service Control Manager	7040	None	The start type of the Background Intelligent Transfer Service service was changed from demand start to auto start.
Information	27-10-2021 22:26:17	Microsoft-Windows-Kernel-General	15	(10)	Hive \??\Volume{637580df-304c-4bcc-9806-433c61606458}\System Volume Information\SPP\SppCbsHiveStore\{cd42efe1-f6f1-427c-b004-033192c625a4}{1101A079-0A7E-48EC-85C5-657F45FB6A1F} was reorganized with a starting size of 114028544 bytes and an ending size of 107757568 bytes.
Information	27-10-2021 22:26:08	Microsoft-Windows-Kernel-General	16	None	The access history in hive \??\Volume{637580df-304c-4bcc-9806-433c61606458}\System Volume Information\SPP\SppCbsHiveStore\{cd42efe1-f6f1-427c-b004-033192c625a4}{C6C2B9A0-81A1-4CB7-948B-C9CD93685D6F} was cleared updating 754 keys and creating 82 modified pages.
Information	27-10-2021 22:26:05	Microsoft-Windows-Kernel-General	16	None	The access history in hive \??\Volume{637580df-304c-4bcc-9806-433c61606458}\System Volume Information\SPP\SppCbsHiveStore\{cd42efe1-f6f1-427c-b004-033192c625a4}{A9885BBD-0994-4B30-A4CF-6A685FF92E66} was cleared updating 14537 keys and creating 2426 modified pages.
Information	27-10-2021 22:26:03	Microsoft-Windows-Kernel-General	16	None	The access history in hive \??\Volume{637580df-304c-4bcc-9806-433c61606458}\System Volume Information\SPP\SppCbsHiveStore\{cd42efe1-f6f1-427c-b004-033192c625a4}{27F426DF-6F19-45C4-810D-AAF5A258EB7E} was cleared updating 72531 keys and creating 8574 modified pages.
Information	27-10-2021 22:26:01	Microsoft-Windows-Kernel-General	16	None	The access history in hive \??\Volume{637580df-304c-4bcc-9806-433c61606458}\System Volume Information\SPP\SppCbsHiveStore\{cd42efe1-f6f1-427c-b004-033192c625a4}{CC9CF90D-21F2-4406-9EA5-95053565F4FC} was cleared updating 71 keys and creating 3 modified pages.
Information	27-10-2021 22:26:00	Microsoft-Windows-Kernel-General	16	None	The access history in hive \??\Volume{637580df-304c-4bcc-9806-433c61606458}\System Volume Information\SPP\SppCbsHiveStore\{cd42efe1-f6f1-427c-b004-033192c625a4}{24BFB5E1-8A7B-441A-8179-7DB0807F5DEB} was cleared updating 55 keys and creating 7 modified pages.
Information	27-10-2021 22:26:00	Microsoft-Windows-Kernel-General	15	(10)	Hive \??\Volume{637580df-304c-4bcc-9806-433c61606458}\System Volume Information\SPP\SppCbsHiveStore\{cd42efe1-f6f1-427c-b004-033192c625a4}{D7B0CCF3-169C-459B-A42F-234C115291B6} was reorganized with a starting size of 27373568 bytes and an ending size of 26673152 bytes.
Information	27-10-2021 22:25:27	Microsoft-Windows-Kernel-General	11	None	TxR init phase for hive \??\GLOBALROOT\Device\HarddiskVolumeShadowCopy6\WINDOWS\System32\config\DRIVERS (TM: {b7297679-370f-11ec-81e7-0068ebd8b518}, RM: {b7297678-370f-11ec-81e7-0068ebd8b518}) finished with result=0xC00000A2 (Internal code=7).
Information	27-10-2021 22:25:27	Microsoft-Windows-Kernel-General	11	None	TxR init phase for hive \??\GLOBALROOT\Device\HarddiskVolumeShadowCopy6\WINDOWS\System32\config\SYSTEM (TM: {b7297676-370f-11ec-81e7-0068ebd8b518}, RM: {b7297675-370f-11ec-81e7-0068ebd8b518}) finished with result=0xC00000A2 (Internal code=7).
Information	27-10-2021 22:25:27	Microsoft-Windows-Kernel-General	15	(10)	Hive \??\GLOBALROOT\Device\HarddiskVolumeShadowCopy6\WINDOWS\System32\config\SYSTEM was reorganized with a starting size of 27373568 bytes and an ending size of 26673152 bytes.
Information	27-10-2021 22:25:24	Microsoft-Windows-WindowsUpdateClient	19	Windows Update Agent	Installation Successful: Windows successfully installed the following update: 9NFTCH6J7FHV-Microsoft.PowerAutomateDesktop
Information	27-10-2021 22:25:17	Microsoft-Windows-Kernel-General	16	None	The access history in hive \??\C:\Users\mahendra\AppData\Local\Packages\Microsoft.PowerAutomateDesktop_8wekyb3d8bbwe\Settings\settings.dat was cleared updating 1 keys and creating 1 modified pages.
Information	27-10-2021 22:25:14	Microsoft-Windows-WindowsUpdateClient	43	Windows Update Agent	Installation Started: Windows has started installing the following update: 9NFTCH6J7FHV-Microsoft.PowerAutomateDesktop
Information	27-10-2021 22:25:08	Microsoft-Windows-WindowsUpdateClient	19	Windows Update Agent	Installation Successful: Windows successfully installed the following update: 9NBLGGH42THS-Microsoft.Microsoft3DViewer
Information	27-10-2021 22:25:00	Microsoft-Windows-WindowsUpdateClient	43	Windows Update Agent	Installation Started: Windows has started installing the following update: 9NBLGGH42THS-Microsoft.Microsoft3DViewer
Information	27-10-2021 22:24:53	Microsoft-Windows-Kernel-General	16	None	The access history in hive \??\C:\ProgramData\Microsoft\Windows\AppRepository\Packages\Microsoft.Microsoft3DViewer_1.0.35.0_x64__8wekyb3d8bbwe\ActivationStore.dat was cleared updating 0 keys and creating 0 modified pages.
Information	27-10-2021 22:24:51	Microsoft-Windows-WindowsUpdateClient	44	Windows Update Agent	Windows Update started downloading an update.
Information	27-10-2021 22:24:31	Microsoft-Windows-WindowsUpdateClient	44	Windows Update Agent	Windows Update started downloading an update.
Information	27-10-2021 22:24:31	Microsoft-Windows-WindowsUpdateClient	44	Windows Update Agent	Windows Update started downloading an update.
Information	27-10-2021 22:24:31	Microsoft-Windows-WindowsUpdateClient	44	Windows Update Agent	Windows Update started downloading an update.
Information	27-10-2021 22:17:10	Microsoft-Windows-UserModePowerService	12	(10)	Process C:\Windows\System32\svchost.exe (process ID:1644) reset policy scheme from {48684d4a-8524-4093-8a63-ea7132b79c1c} to {48684d4a-8524-4093-8a63-ea7132b79c1c}
Information	27-10-2021 22:17:09	Microsoft-Windows-Kernel-Power	105	(100)	Power source change.
Information	27-10-2021 22:16:17	Microsoft-Windows-UserModePowerService	12	(10)	Process C:\Windows\System32\svchost.exe (process ID:1644) reset policy scheme from {48684d4a-8524-4093-8a63-ea7132b79c1c} to {48684d4a-8524-4093-8a63-ea7132b79c1c}
Error	27-10-2021 22:06:08	Service Control Manager	7009	None	A timeout was reached (30000 milliseconds) while waiting for the Intel(R) SUR QC Software Asset Manager service to connect.
Information	27-10-2021 21:58:17	Service Control Manager	7040	None	The start type of the Background Intelligent Transfer Service service was changed from auto start to demand start.
Information	27-10-2021 21:55:41	Service Control Manager	7040	None	The start type of the Background Intelligent Transfer Service service was changed from demand start to auto start.
Warning	27-10-2021 21:54:04	Microsoft-Windows-DistributedCOM	10016	None	"The application-specific permission settings do not grant Local Activation permission for the COM Server application with CLSID 
{2593F8B9-4EAF-457C-B68A-50F6B8EA6B54}
 and APPID 
{15C20B67-12E7-4BB6-92BB-7AFF07997402}
 to the user LAPTOP-7EVMU4TQ\mahendra SID (S-1-5-21-38077573-387163758-1783380300-1002) from address LocalHost (Using LRPC) running in the application container Unavailable SID (Unavailable). This security permission can be modified using the Component Services administrative tool."
Error	27-10-2021 21:52:17	Server	2505	None	The server could not bind to the transport \Device\NetBT_Tcpip_{9F961AE3-9423-4C8B-AB48-B1886999008B} because another computer on the network has the same name.  The server could not start.
Information	27-10-2021 21:51:12	Microsoft-Windows-Power-Troubleshooter	1	None	"The system has returned from a low power state.

Sleep Time: ‎2021‎-‎10‎-‎27T13:01:04.147783900Z
Wake Time: ‎2021‎-‎10‎-‎27T16:21:00.258778700Z

Wake Source: Power Button"
Information	27-10-2021 21:51:00	Microsoft-Windows-Kernel-Power	566	(268)	"The system session has transitioned from 384 to 386.

Reason: 5"
Information	27-10-2021 21:50:59	Microsoft-Windows-Kernel-Power	566	(268)	"The system session has transitioned from 383 to 384.

Reason: 5"
Information	27-10-2021 21:50:56	Microsoft-Windows-Kernel-Power	130	(33)	Firmware S3 times. SuspendStart: 502502995, SuspendEnd: 502502996
Information	27-10-2021 21:50:56	Microsoft-Windows-Kernel-Power	131	(33)	Firmware S3 times. ResumeCount: 1, FullResume: 1029, AverageResume: 1029
Information	27-10-2021 21:50:56	Microsoft-Windows-Kernel-General	1	(5)	"The system time has changed to ‎2021‎-‎10‎-‎27T16:20:56.500000000Z from ‎2021‎-‎10‎-‎27T13:01:44.542699800Z.

Change Reason: System time synchronized with the hardware clock.
Process: '' (PID 4).

RTC time: ‎2021‎-‎10‎-‎27T21:50:56.500000000Z
Current time zone bias: -330
RTC time is in UTC: false
System time was based on RTC time: false"
Information	27-10-2021 18:31:44	Microsoft-Windows-Kernel-Power	107	(102)	The system has resumed from sleep.
Error	27-10-2021 21:51:02	Server	2505	None	The server could not bind to the transport \Device\NetBT_Tcpip_{59426481-F96A-490F-9157-08A6F626BD36} because another computer on the network has the same name.  The server could not start.
Information	27-10-2021 18:31:40	Microsoft-Windows-Kernel-Power	42	(64)	"The system is entering sleep.

Sleep Reason: Button or Lid"
Information	27-10-2021 18:31:13	Microsoft-Windows-Kernel-Power	566	(268)	"The system session has transitioned from 382 to 383.

Reason: 5"
Warning	27-10-2021 18:31:06	Microsoft-Windows-DistributedCOM	10016	None	"The application-specific permission settings do not grant Local Activation permission for the COM Server application with CLSID 
{2593F8B9-4EAF-457C-B68A-50F6B8EA6B54}
 and APPID 
{15C20B67-12E7-4BB6-92BB-7AFF07997402}
 to the user LAPTOP-7EVMU4TQ\mahendra SID (S-1-5-21-38077573-387163758-1783380300-1002) from address LocalHost (Using LRPC) running in the application container Unavailable SID (Unavailable). This security permission can be modified using the Component Services administrative tool."
Information	27-10-2021 16:58:45	Microsoft-Windows-Time-Service	158	None	The time provider 'VMICTimeProvider' has indicated that the current hardware and operating environment is not supported and has stopped. This behavior is expected for VMICTimeProvider on non-HyperV-guest environments. This may be the expected behavior for the current provider in the current operating environment as well.
Information	27-10-2021 16:41:41	Service Control Manager	7040	None	The start type of the Background Intelligent Transfer Service service was changed from auto start to demand start.
Information	27-10-2021 16:41:41	Microsoft-Windows-Time-Service	158	None	The time provider 'VMICTimeProvider' has indicated that the current hardware and operating environment is not supported and has stopped. This behavior is expected for VMICTimeProvider on non-HyperV-guest environments. This may be the expected behavior for the current provider in the current operating environment as well.
Information	27-10-2021 16:39:16	Service Control Manager	7040	None	The start type of the Background Intelligent Transfer Service service was changed from demand start to auto start.
Warning	27-10-2021 16:37:50	Microsoft-Windows-DistributedCOM	10016	None	"The application-specific permission settings do not grant Local Activation permission for the COM Server application with CLSID 
{2593F8B9-4EAF-457C-B68A-50F6B8EA6B54}
 and APPID 
{15C20B67-12E7-4BB6-92BB-7AFF07997402}
 to the user LAPTOP-7EVMU4TQ\mahendra SID (S-1-5-21-38077573-387163758-1783380300-1002) from address LocalHost (Using LRPC) running in the application container Unavailable SID (Unavailable). This security permission can be modified using the Component Services administrative tool."
Information	27-10-2021 16:24:37	Microsoft-Windows-Time-Service	158	None	The time provider 'VMICTimeProvider' has indicated that the current hardware and operating environment is not supported and has stopped. This behavior is expected for VMICTimeProvider on non-HyperV-guest environments. This may be the expected behavior for the current provider in the current operating environment as well.
Information	27-10-2021 16:22:55	Microsoft-Windows-Kernel-Power	105	(100)	Power source change.
Warning	27-10-2021 16:22:34	Microsoft-Windows-DistributedCOM	10016	None	"The application-specific permission settings do not grant Local Activation permission for the COM Server application with CLSID 
{2593F8B9-4EAF-457C-B68A-50F6B8EA6B54}
 and APPID 
{15C20B67-12E7-4BB6-92BB-7AFF07997402}
 to the user LAPTOP-7EVMU4TQ\mahendra SID (S-1-5-21-38077573-387163758-1783380300-1002) from address LocalHost (Using LRPC) running in the application container Unavailable SID (Unavailable). This security permission can be modified using the Component Services administrative tool."
Information	27-10-2021 16:22:01	Microsoft-Windows-Kernel-Power	566	(268)	"The system session has transitioned from 380 to 382.

Reason: 5"
Information	27-10-2021 16:19:48	Service Control Manager	7045	None	"A service was installed in the system.

Service Name:  MpKsl9c1f1b35
Service File Name:  C:\ProgramData\Microsoft\Windows Defender\Definition Updates\{FF8EEA11-CF6D-49D9-B875-C0F4AFD9D795}\MpKslDrv.sys
Service Type:  kernel mode driver
Service Start Type:  demand start
Service Account:  "
Information	27-10-2021 16:18:25	Microsoft-Windows-Kernel-Power	566	(268)	"The system session has transitioned from 379 to 380.

Reason: 5"
Information	27-10-2021 16:07:33	Microsoft-Windows-Time-Service	158	None	The time provider 'VMICTimeProvider' has indicated that the current hardware and operating environment is not supported and has stopped. This behavior is expected for VMICTimeProvider on non-HyperV-guest environments. This may be the expected behavior for the current provider in the current operating environment as well.
Information	27-10-2021 15:57:59	Microsoft-Windows-WindowsUpdateClient	19	Windows Update Agent	Installation Successful: Windows successfully installed the following update: 9WZDNCRFJ364-MICROSOFT.SKYPEAPP
