Information	20-11-2021 18:29:07	Microsoft-Windows-Kernel-Power	172	(203)	Connectivity state in standby: Disconnected, Reason: NIC compliance
Critical	20-11-2021 18:29:07	Microsoft-Windows-Kernel-Power	41	(63)	The system has rebooted without cleanly shutting down first. This error could be caused if the system stopped responding, crashed, or lost power unexpectedly.
Information	20-11-2021 18:29:07	Microsoft-Windows-FilterManager	6	None	File System Filter 'npsvctrig' (10.0, ‎2104‎-‎06‎-‎16T05:01:44.000000000Z) has successfully loaded and registered with Filter Manager.
Information	20-11-2021 18:29:06	Microsoft-Windows-FilterManager	6	None	File System Filter 'FileCrypt' (10.0, ‎2102‎-‎10‎-‎25T08:50:26.000000000Z) has successfully loaded and registered with Filter Manager.
Information	20-11-2021 18:29:06	Microsoft-Windows-Ntfs	98	None	Volume C: (\Device\HarddiskVolume3) is healthy.  No action is needed.
Information	20-11-2021 18:28:42	Microsoft-Windows-FilterManager	6	None	File System Filter 'WdFilter' (10.0, ‎2043‎-‎02‎-‎28T19:25:46.000000000Z) has successfully loaded and registered with Filter Manager.
Information	20-11-2021 18:28:42	Microsoft-Windows-FilterManager	6	None	File System Filter 'Wof' (10.0, ‎2061‎-‎09‎-‎05T19:26:37.000000000Z) has successfully loaded and registered with Filter Manager.
Information	20-11-2021 18:28:42	Microsoft-Windows-FilterManager	6	None	File System Filter 'FileInfo' (10.0, ‎1970‎-‎09‎-‎04T04:26:45.000000000Z) has successfully loaded and registered with Filter Manager.
Information	20-11-2021 18:30:04	RST Middleware	27	None	Found passthru disk: SCSI Port: 0, SCSI Bus: 0, SCSI Target: 1, SATA , 0 bytes, hp       DVDRW GUE1N                   
Information	20-11-2021 18:30:04	RST Middleware	27	None	Found passthru disk: SCSI Port: 0, SCSI Bus: 0, SCSI Target: 0, SATA HDD, 1000204886016 bytes, ST1000LM035-1RK172                     
Information	20-11-2021 18:30:03	EventLog	6013	None	The system uptime is 82 seconds.
Information	20-11-2021 18:30:03	EventLog	6005	None	The Event log service was started.
Information	20-11-2021 18:30:03	EventLog	6009	None	Microsoft (R) Windows (R) 10.00. 22000  Multiprocessor Free.
Error	20-11-2021 18:30:03	EventLog	6008	None	The previous system shutdown at 6:24:09 PM on ‎11/‎20/‎2021 was unexpected.
Information	20-11-2021 18:28:41	Microsoft-Windows-HAL	16	None	The iommu fault reporting has been initialized.
Information	20-11-2021 18:28:41	Microsoft-Windows-Kernel-General	20	(6)	"The leap second configuration has been updated.
Reason: Leap second data initialized from registry during boot
Leap seconds enabled: true
New leap second count: 0
Old leap second count: 0"
Information	20-11-2021 18:28:41	Microsoft-Windows-Kernel-Boot	30	(21)	The firmware reported boot metrics.
Information	20-11-2021 18:28:41	Microsoft-Windows-Kernel-Boot	27	(33)	The boot type was 0x0.
Information	20-11-2021 18:28:41	Microsoft-Windows-Kernel-Boot	25	(32)	The boot menu policy was 0x1.
Information	20-11-2021 18:28:41	Microsoft-Windows-Kernel-Boot	238	(101)	EFI time zone bias: 2047. Daylight flags: 0. Firmware time: ‎2021‎-‎11‎-‎20T18:28:39.000000000Z.
Information	20-11-2021 18:28:41	Microsoft-Windows-Kernel-Boot	20	(31)	The last shutdown's success status was false. The last boot's success status was true.
Information	20-11-2021 18:28:41	Microsoft-Windows-Kernel-Boot	32	(58)	The bootmgr spent 0 ms waiting for user input.
Information	20-11-2021 18:28:41	Microsoft-Windows-Kernel-Boot	18	(57)	There are 0x1 boot options on this system.
Information	20-11-2021 18:28:41	Microsoft-Windows-Kernel-Boot	153	(62)	Virtualization-based security (policies: 0) is disabled.
Information	20-11-2021 18:28:41	Microsoft-Windows-Kernel-General	12	(1)	The operating system started at system time ‎2021‎-‎11‎-‎20T12:58:40.500000000Z.
Error	20-11-2021 18:24:48	Server	2505	None	The server could not bind to the transport \Device\NetBT_Tcpip_{9F961AE3-9423-4C8B-AB48-B1886999008B} because another computer on the network has the same name.  The server could not start.
Information	20-11-2021 18:24:13	Microsoft-Windows-Power-Troubleshooter	1	None	"The system has returned from a low power state.

Sleep Time: ‎2021‎-‎11‎-‎20T12:16:31.872056500Z
Wake Time: ‎2021‎-‎11‎-‎20T12:54:10.743547800Z

Wake Source: Power Button"
Information	20-11-2021 18:24:11	Microsoft-Windows-Kernel-Power	566	(268)	"The system session has transitioned from 69 to 71.

Reason: 14"
Error	20-11-2021 18:24:12	Server	2505	None	The server could not bind to the transport \Device\NetBT_Tcpip_{59426481-F96A-490F-9157-08A6F626BD36} because another computer on the network has the same name.  The server could not start.
Information	20-11-2021 18:24:09	Microsoft-Windows-Kernel-Power	566	(268)	"The system session has transitioned from 68 to 69.

Reason: 14"
Information	20-11-2021 18:24:08	Microsoft-Windows-Kernel-Power	105	(100)	Power source change.
Information	20-11-2021 18:24:07	Microsoft-Windows-Kernel-Power	130	(33)	Firmware S3 times. SuspendStart: 43143655, SuspendEnd: 43143656
Information	20-11-2021 18:24:07	Microsoft-Windows-Kernel-Power	131	(33)	Firmware S3 times. ResumeCount: 3, FullResume: 1039, AverageResume: 1036
Information	20-11-2021 18:24:07	Microsoft-Windows-Kernel-General	1	(5)	"The system time has changed to ‎2021‎-‎11‎-‎20T12:54:07.500000000Z from ‎2021‎-‎11‎-‎20T12:16:41.384314500Z.

Change Reason: System time synchronized with the hardware clock.
Process: '' (PID 4).

RTC time: ‎2021‎-‎11‎-‎20T18:24:07.500000000Z
Current time zone bias: -330
RTC time is in UTC: false
System time was based on RTC time: false"
Information	20-11-2021 17:46:41	Microsoft-Windows-Kernel-Power	107	(102)	The system has resumed from sleep.
Information	20-11-2021 17:46:36	Microsoft-Windows-Kernel-Power	42	(64)	"The system is entering sleep.

Sleep Reason: System Idle"
Information	20-11-2021 17:46:32	Microsoft-Windows-Kernel-Power	566	(268)	"The system session has transitioned from 66 to 68.

Reason: 14"
Information	20-11-2021 17:42:25	Microsoft-Windows-Kernel-Power	566	(268)	"The system session has transitioned from 65 to 66.

Reason: 14"
Information	20-11-2021 17:41:29	Microsoft-Windows-Power-Troubleshooter	1	None	"The system has returned from a low power state.

Sleep Time: ‎2021‎-‎11‎-‎20T11:53:33.515580100Z
Wake Time: ‎2021‎-‎11‎-‎20T12:11:22.928111000Z

Wake Source: Power Button"
Error	20-11-2021 17:41:26	Server	2505	None	The server could not bind to the transport \Device\NetBT_Tcpip_{59426481-F96A-490F-9157-08A6F626BD36} because another computer on the network has the same name.  The server could not start.
Information	20-11-2021 17:41:22	Microsoft-Windows-Kernel-Power	566	(268)	"The system session has transitioned from 63 to 65.

Reason: 14"
Information	20-11-2021 17:41:22	Microsoft-Windows-Kernel-Power	566	(268)	"The system session has transitioned from 62 to 63.

Reason: 14"
Information	20-11-2021 17:41:21	Microsoft-Windows-Kernel-Power	130	(33)	Firmware S3 times. SuspendStart: 42823787, SuspendEnd: 42823788
Information	20-11-2021 17:41:21	Microsoft-Windows-Kernel-Power	131	(33)	Firmware S3 times. ResumeCount: 2, FullResume: 1039, AverageResume: 1035
Information	20-11-2021 17:41:21	Microsoft-Windows-Kernel-General	1	(5)	"The system time has changed to ‎2021‎-‎11‎-‎20T12:11:21.500000000Z from ‎2021‎-‎11‎-‎20T11:53:53.142396300Z.

Change Reason: System time synchronized with the hardware clock.
Process: '' (PID 4).

RTC time: ‎2021‎-‎11‎-‎20T17:41:21.500000000Z
Current time zone bias: -330
RTC time is in UTC: false
System time was based on RTC time: false"
Information	20-11-2021 17:23:53	Microsoft-Windows-Kernel-Power	107	(102)	The system has resumed from sleep.
Information	20-11-2021 17:23:48	Microsoft-Windows-Kernel-Power	42	(64)	"The system is entering sleep.

Sleep Reason: System Idle"
Information	20-11-2021 17:23:37	Microsoft-Windows-Kernel-Power	566	(268)	"The system session has transitioned from 60 to 62.

Reason: 14"
Information	20-11-2021 17:23:07	Microsoft-Windows-Kernel-Power	566	(268)	"The system session has transitioned from 59 to 60.

Reason: 14"
Warning	20-11-2021 17:21:03	Microsoft-Windows-DNS-Client	1014	(1014)	Name resolution for the name client.wns.windows.com timed out after none of the configured DNS servers responded. Client PID 4852.
Warning	20-11-2021 17:18:12	Microsoft-Windows-DistributedCOM	10016	None	"The application-specific permission settings do not grant Local Activation permission for the COM Server application with CLSID 
{2593F8B9-4EAF-457C-B68A-50F6B8EA6B54}
 and APPID 
{15C20B67-12E7-4BB6-92BB-7AFF07997402}
 to the user LAPTOP-7EVMU4TQ\mahendra SID (S-1-5-21-38077573-387163758-1783380300-1002) from address LocalHost (Using LRPC) running in the application container Unavailable SID (Unavailable). This security permission can be modified using the Component Services administrative tool."
Information	20-11-2021 17:17:03	Microsoft-Windows-Kernel-Power	105	(100)	Power source change.
Warning	20-11-2021 17:10:04	Microsoft-Windows-DistributedCOM	10016	None	"The application-specific permission settings do not grant Local Activation permission for the COM Server application with CLSID 
{2593F8B9-4EAF-457C-B68A-50F6B8EA6B54}
 and APPID 
{15C20B67-12E7-4BB6-92BB-7AFF07997402}
 to the user LAPTOP-7EVMU4TQ\mahendra SID (S-1-5-21-38077573-387163758-1783380300-1002) from address LocalHost (Using LRPC) running in the application container Unavailable SID (Unavailable). This security permission can be modified using the Component Services administrative tool."
Information	20-11-2021 17:07:33	Microsoft-Windows-Kernel-Power	566	(268)	"The system session has transitioned from 57 to 59.

Reason: 14"
Information	20-11-2021 17:06:19	Microsoft-Windows-Kernel-Power	566	(268)	"The system session has transitioned from 56 to 57.

Reason: 14"
Information	20-11-2021 16:56:19	Microsoft-Windows-Kernel-Power	566	(268)	"The system session has transitioned from 54 to 56.

Reason: 14"
Information	20-11-2021 16:52:16	Microsoft-Windows-Kernel-Power	566	(268)	"The system session has transitioned from 53 to 54.

Reason: 14"
Information	20-11-2021 16:40:12	Microsoft-Windows-Kernel-Power	566	(268)	"The system session has transitioned from 51 to 53.

Reason: 14"
Information	20-11-2021 16:17:01	Microsoft-Windows-Kernel-Power	566	(268)	"The system session has transitioned from 50 to 51.

Reason: 14"
Error	20-11-2021 16:06:20	Server	2505	None	The server could not bind to the transport \Device\NetBT_Tcpip_{9F961AE3-9423-4C8B-AB48-B1886999008B} because another computer on the network has the same name.  The server could not start.
Information	20-11-2021 16:05:43	Microsoft-Windows-Kernel-Power	566	(268)	"The system session has transitioned from 48 to 50.

Reason: 14"
Information	20-11-2021 16:01:10	Microsoft-Windows-Kernel-Power	566	(268)	"The system session has transitioned from 47 to 48.

Reason: 14"
Warning	20-11-2021 15:50:11	Microsoft-Windows-DNS-Client	1014	(1014)	Name resolution for the name clients4.google.com timed out after none of the configured DNS servers responded. Client PID 12792.
Warning	20-11-2021 15:37:20	Microsoft-Windows-DistributedCOM	10016	None	"The application-specific permission settings do not grant Local Activation permission for the COM Server application with CLSID 
{2593F8B9-4EAF-457C-B68A-50F6B8EA6B54}
 and APPID 
{15C20B67-12E7-4BB6-92BB-7AFF07997402}
 to the user LAPTOP-7EVMU4TQ\mahendra SID (S-1-5-21-38077573-387163758-1783380300-1002) from address LocalHost (Using LRPC) running in the application container Unavailable SID (Unavailable). This security permission can be modified using the Component Services administrative tool."
Information	20-11-2021 15:31:08	Microsoft-Windows-Power-Troubleshooter	1	None	"The system has returned from a low power state.

Sleep Time: ‎2021‎-‎11‎-‎20T10:00:20.802337000Z
Wake Time: ‎2021‎-‎11‎-‎20T10:00:57.192690800Z

Wake Source: Power Button"
Error	20-11-2021 15:31:07	Server	2505	None	The server could not bind to the transport \Device\NetBT_Tcpip_{9F961AE3-9423-4C8B-AB48-B1886999008B} because another computer on the network has the same name.  The server could not start.
Information	20-11-2021 15:30:57	Microsoft-Windows-Kernel-Power	566	(268)	"The system session has transitioned from 45 to 47.

Reason: 14"
Information	20-11-2021 15:30:55	Microsoft-Windows-Kernel-Power	566	(268)	"The system session has transitioned from 44 to 45.

Reason: 14"
Information	20-11-2021 15:30:54	Microsoft-Windows-Kernel-Power	130	(33)	Firmware S3 times. SuspendStart: 36045515, SuspendEnd: 36045516
Information	20-11-2021 15:30:54	Microsoft-Windows-Kernel-Power	131	(33)	Firmware S3 times. ResumeCount: 1, FullResume: 1031, AverageResume: 1031
Information	20-11-2021 15:30:54	Microsoft-Windows-Kernel-General	1	(5)	"The system time has changed to ‎2021‎-‎11‎-‎20T10:00:54.500000000Z from ‎2021‎-‎11‎-‎20T10:00:51.394770100Z.

Change Reason: System time synchronized with the hardware clock.
Process: '' (PID 4).

RTC time: ‎2021‎-‎11‎-‎20T15:30:54.500000000Z
Current time zone bias: -330
RTC time is in UTC: false
System time was based on RTC time: false"
Error	20-11-2021 15:31:01	Server	2505	None	The server could not bind to the transport \Device\NetBT_Tcpip_{59426481-F96A-490F-9157-08A6F626BD36} because another computer on the network has the same name.  The server could not start.
Information	20-11-2021 15:30:51	Microsoft-Windows-Kernel-Power	107	(102)	The system has resumed from sleep.
Information	20-11-2021 15:30:45	Microsoft-Windows-Kernel-Power	42	(64)	"The system is entering sleep.

Sleep Reason: System Idle"
Information	20-11-2021 15:30:25	Microsoft-Windows-Kernel-Power	566	(268)	"The system session has transitioned from 42 to 44.

Reason: 14"
Information	20-11-2021 15:22:41	Microsoft-Windows-Time-Service	158	None	The time provider 'VMICTimeProvider' has indicated that the current hardware and operating environment is not supported and has stopped. This behavior is expected for VMICTimeProvider on non-HyperV-guest environments. This may be the expected behavior for the current provider in the current operating environment as well.
Information	20-11-2021 15:07:31	Service Control Manager	7045	None	"A service was installed in the system.

Service Name:  MpKsl05c83a34
Service File Name:  C:\ProgramData\Microsoft\Windows Defender\Definition Updates\{280A99D9-20C4-4013-8CAC-21D94B9087FC}\MpKslDrv.sys
Service Type:  kernel mode driver
Service Start Type:  demand start
Service Account:  "
Information	20-11-2021 15:05:37	Microsoft-Windows-Time-Service	158	None	The time provider 'VMICTimeProvider' has indicated that the current hardware and operating environment is not supported and has stopped. This behavior is expected for VMICTimeProvider on non-HyperV-guest environments. This may be the expected behavior for the current provider in the current operating environment as well.
Error	20-11-2021 15:01:54	Microsoft-Windows-WindowsUpdateClient	20	Windows Update Agent	Installation Failure: Windows failed to install the following update with error 0x80073D02: 9N1SQW2NKPDS-5A894077.McAfeeSecurity.
Information	20-11-2021 14:53:52	Microsoft-Windows-WindowsUpdateClient	43	Windows Update Agent	Installation Started: Windows has started installing the following update: 9N1SQW2NKPDS-5A894077.McAfeeSecurity
Information	20-11-2021 14:51:45	Microsoft-Windows-Kernel-General	16	None	The access history in hive \??\C:\ProgramData\Microsoft\Windows\AppRepository\Packages\5A894077.McAfeeSecurity_2.1.68.0_x64__wafk5atnkzcwy\ActivationStore.dat was cleared updating 0 keys and creating 0 modified pages.
Information	20-11-2021 14:48:32	Microsoft-Windows-Time-Service	158	None	The time provider 'VMICTimeProvider' has indicated that the current hardware and operating environment is not supported and has stopped. This behavior is expected for VMICTimeProvider on non-HyperV-guest environments. This may be the expected behavior for the current provider in the current operating environment as well.
Information	20-11-2021 14:40:36	Microsoft-Windows-WindowsUpdateClient	44	Windows Update Agent	Windows Update started downloading an update.
Information	20-11-2021 14:38:53	Microsoft-Windows-Kernel-Power	566	(268)	"The system session has transitioned from 41 to 42.

Reason: 14"
Information	20-11-2021 14:32:54	Microsoft-Windows-Ntfs	98	None	Volume Windows (\Device\HarddiskVolumeShadowCopy2) is healthy.  No action is needed.
Information	20-11-2021 14:31:28	Microsoft-Windows-Time-Service	158	None	The time provider 'VMICTimeProvider' has indicated that the current hardware and operating environment is not supported and has stopped. This behavior is expected for VMICTimeProvider on non-HyperV-guest environments. This may be the expected behavior for the current provider in the current operating environment as well.
Information	20-11-2021 14:27:12	Microsoft-Windows-WindowsUpdateClient	19	Windows Update Agent	Installation Successful: Windows successfully installed the following update: 9NKSQGP7F2NH-5319275A.WhatsAppDesktop
Information	20-11-2021 14:27:07	Microsoft-Windows-Kernel-General	16	None	The access history in hive \??\C:\Users\mahendra\AppData\Local\Packages\5319275A.WhatsAppDesktop_cv1g1gvanyjgm\Settings\settings.dat was cleared updating 1 keys and creating 1 modified pages.
Information	20-11-2021 14:27:05	Microsoft-Windows-WindowsUpdateClient	43	Windows Update Agent	Installation Started: Windows has started installing the following update: 9NKSQGP7F2NH-5319275A.WhatsAppDesktop
Information	20-11-2021 14:25:04	Microsoft-Windows-Kernel-General	16	None	The access history in hive \??\C:\Users\Ramesh Lal\AppData\Local\Packages\Microsoft.HEIFImageExtension_8wekyb3d8bbwe\Settings\settings.dat was cleared updating 1 keys and creating 1 modified pages.
Information	20-11-2021 14:25:02	Microsoft-Windows-WindowsUpdateClient	19	Windows Update Agent	Installation Successful: Windows successfully installed the following update: 9NBLGGH4QGHW-Microsoft.MicrosoftStickyNotes
Information	20-11-2021 14:25:01	Microsoft-Windows-WindowsUpdateClient	19	Windows Update Agent	Installation Successful: Windows successfully installed the following update: 9PMMSR1CGPWG-Microsoft.HEIFImageExtension
Information	20-11-2021 14:24:55	Microsoft-Windows-Kernel-General	16	None	The access history in hive \??\C:\Users\Ramesh Lal\AppData\Local\Packages\Microsoft.MicrosoftStickyNotes_8wekyb3d8bbwe\Settings\settings.dat was cleared updating 2 keys and creating 1 modified pages.
Information	20-11-2021 14:24:54	Microsoft-Windows-Kernel-General	16	None	The access history in hive \??\C:\Users\mahendra\AppData\Local\Packages\Microsoft.HEIFImageExtension_8wekyb3d8bbwe\Settings\settings.dat was cleared updating 1 keys and creating 1 modified pages.
Information	20-11-2021 14:24:53	Microsoft-Windows-WindowsUpdateClient	43	Windows Update Agent	Installation Started: Windows has started installing the following update: 9PMMSR1CGPWG-Microsoft.HEIFImageExtension
Information	20-11-2021 14:24:48	Microsoft-Windows-WindowsUpdateClient	43	Windows Update Agent	Installation Started: Windows has started installing the following update: 9NBLGGH4QGHW-Microsoft.MicrosoftStickyNotes
Information	20-11-2021 14:24:46	Microsoft-Windows-WindowsUpdateClient	44	Windows Update Agent	Windows Update started downloading an update.
Information	20-11-2021 14:24:40	Microsoft-Windows-WindowsUpdateClient	19	Windows Update Agent	Installation Successful: Windows successfully installed the following update: 9NMPJ99VJBWV-Microsoft.YourPhone
Information	20-11-2021 14:24:36	Microsoft-Windows-WindowsUpdateClient	44	Windows Update Agent	Windows Update started downloading an update.
Information	20-11-2021 14:24:36	Microsoft-Windows-WindowsUpdateClient	44	Windows Update Agent	Windows Update started downloading an update.
Information	20-11-2021 14:24:30	Microsoft-Windows-WindowsUpdateClient	44	Windows Update Agent	Windows Update started downloading an update.
Information	20-11-2021 14:19:47	Microsoft-Windows-WindowsUpdateClient	19	Windows Update Agent	Installation Successful: Windows successfully installed the following update: Security Intelligence Update for Microsoft Defender Antivirus - KB2267602 (Version 1.353.1311.0)
Information	20-11-2021 14:18:51	Microsoft-Windows-WindowsUpdateClient	43	Windows Update Agent	Installation Started: Windows has started installing the following update: Security Intelligence Update for Microsoft Defender Antivirus - KB2267602 (Version 1.353.1311.0)
Information	20-11-2021 14:18:51	Microsoft-Windows-WindowsUpdateClient	44	Windows Update Agent	Windows Update started downloading an update.
Information	20-11-2021 14:14:08	Microsoft-Windows-Time-Service	37	None	The time provider NtpClient is currently receiving valid time data from time.windows.com,0x9 (ntp.m|0x9|0.0.0.0:123->40.81.94.65:123).
Information	20-11-2021 14:14:08	Microsoft-Windows-Time-Service	158	None	The time provider 'VMICTimeProvider' has indicated that the current hardware and operating environment is not supported and has stopped. This behavior is expected for VMICTimeProvider on non-HyperV-guest environments. This may be the expected behavior for the current provider in the current operating environment as well.
Information	20-11-2021 12:46:42	Microsoft-Windows-Kernel-General	16	None	The access history in hive \??\C:\ProgramData\Packages\MicrosoftTeams_8wekyb3d8bbwe\S-1-5-21-38077573-387163758-1783380300-1002\SystemAppData\Helium\Cache\6247ec33e1dd9fd_COM15.dat was cleared updating 1 keys and creating 1 modified pages.
Information	20-11-2021 12:38:01	Microsoft-Windows-Kernel-General	16	None	The access history in hive \??\C:\ProgramData\Packages\Microsoft.SkypeApp_kzf8qxf38zg5c\S-1-5-21-38077573-387163758-1783380300-1002\SystemAppData\Helium\Cache\2263336e0993e194_COM15.dat was cleared updating 1 keys and creating 1 modified pages.
Information	20-11-2021 12:38:01	Microsoft-Windows-Kernel-General	16	None	The access history in hive \??\C:\Users\mahendra\AppData\Local\Packages\Microsoft.SkypeApp_kzf8qxf38zg5c\SystemAppData\Helium\UserClasses.dat was cleared updating 1 keys and creating 1 modified pages.
Information	20-11-2021 12:38:01	Microsoft-Windows-Kernel-General	16	None	The access history in hive \??\C:\Users\mahendra\AppData\Local\Packages\Microsoft.SkypeApp_kzf8qxf38zg5c\SystemAppData\Helium\User.dat was cleared updating 3 keys and creating 1 modified pages.
Warning	20-11-2021 12:13:05	Microsoft-Windows-DistributedCOM	10016	None	"The application-specific permission settings do not grant Local Activation permission for the COM Server application with CLSID 
{8BC3F05E-D86B-11D0-A075-00C04FB68820}
 and APPID 
{8BC3F05E-D86B-11D0-A075-00C04FB68820}
 to the user LAPTOP-7EVMU4TQ\mahendra SID (S-1-5-21-38077573-387163758-1783380300-1002) from address LocalHost (Using LRPC) running in the application container Unavailable SID (S-1-15-2-3420641320-3245314657-3104628109-2329184437-2271740480-3337763920-1748268565). This security permission can be modified using the Component Services administrative tool."
Information	20-11-2021 12:00:00	EventLog	6013	None	The system uptime is 54811 seconds.
Information	20-11-2021 11:37:47	Microsoft-Windows-Kernel-General	16	None	The access history in hive \??\C:\Users\mahendra\AppData\Local\Packages\microsoft.windows.photos_8wekyb3d8bbwe\AC\GEH\POF.dat was cleared updating 1 keys and creating 1 modified pages.
Information	20-11-2021 11:33:07	Microsoft-Windows-Kernel-General	16	None	The access history in hive \??\C:\Users\Ramesh Lal\AppData\Local\Packages\Microsoft.MicrosoftOfficeHub_8wekyb3d8bbwe\Settings\settings.dat was cleared updating 2 keys and creating 1 modified pages.
Warning	20-11-2021 11:32:34	Microsoft-Windows-DistributedCOM	10016	None	"The application-specific permission settings do not grant Local Activation permission for the COM Server application with CLSID 
{2593F8B9-4EAF-457C-B68A-50F6B8EA6B54}
 and APPID 
{15C20B67-12E7-4BB6-92BB-7AFF07997402}
 to the user LAPTOP-7EVMU4TQ\mahendra SID (S-1-5-21-38077573-387163758-1783380300-1002) from address LocalHost (Using LRPC) running in the application container Unavailable SID (Unavailable). This security permission can be modified using the Component Services administrative tool."
Warning	20-11-2021 11:21:37	Microsoft-Windows-DistributedCOM	10016	None	"The application-specific permission settings do not grant Local Activation permission for the COM Server application with CLSID 
{2593F8B9-4EAF-457C-B68A-50F6B8EA6B54}
 and APPID 
{15C20B67-12E7-4BB6-92BB-7AFF07997402}
 to the user LAPTOP-7EVMU4TQ\mahendra SID (S-1-5-21-38077573-387163758-1783380300-1002) from address LocalHost (Using LRPC) running in the application container Unavailable SID (Unavailable). This security permission can be modified using the Component Services administrative tool."
Error	20-11-2021 11:04:10	Server	2505	None	The server could not bind to the transport \Device\NetBT_Tcpip_{9F961AE3-9423-4C8B-AB48-B1886999008B} because another computer on the network has the same name.  The server could not start.
Information	20-11-2021 11:02:21	Microsoft-Windows-Power-Troubleshooter	1	None	"The system has returned from a low power state.

Sleep Time: ‎2021‎-‎11‎-‎20T05:19:48.250118900Z
Wake Time: ‎2021‎-‎11‎-‎20T05:32:15.265692700Z

Wake Source: Unknown"
Information	20-11-2021 11:02:15	Microsoft-Windows-Kernel-Power	566	(268)	"The system session has transitioned from 39 to 41.

Reason: 14"
Information	20-11-2021 11:02:15	Microsoft-Windows-Kernel-Power	566	(268)	"The system session has transitioned from 38 to 39.

Reason: 14"
Information	20-11-2021 11:02:15	Microsoft-Windows-Kernel-Boot	32	(58)	The bootmgr spent 0 ms waiting for user input.
Information	20-11-2021 11:02:15	Microsoft-Windows-Kernel-Boot	18	(57)	There are 0x1 boot options on this system.
Information	20-11-2021 11:02:15	Microsoft-Windows-Kernel-Boot	30	(21)	The firmware reported boot metrics.
Error	20-11-2021 11:02:18	Server	2505	None	The server could not bind to the transport \Device\NetBT_Tcpip_{59426481-F96A-490F-9157-08A6F626BD36} because another computer on the network has the same name.  The server could not start.
Information	20-11-2021 11:02:14	Microsoft-Windows-UserModePowerService	12	(10)	Process C:\Windows\System32\svchost.exe (process ID:1724) reset policy scheme from {48684d4a-8524-4093-8a63-ea7132b79c1c} to {48684d4a-8524-4093-8a63-ea7132b79c1c}
Information	20-11-2021 11:02:13	Microsoft-Windows-Kernel-Power	105	(100)	Power source change.
Information	20-11-2021 11:02:12	Microsoft-Windows-Kernel-General	1	(5)	"The system time has changed to ‎2021‎-‎11‎-‎20T05:32:12.500000000Z from ‎2021‎-‎11‎-‎20T05:20:00.007550500Z.

Change Reason: System time synchronized with the hardware clock.
Process: '' (PID 4).

RTC time: ‎2021‎-‎11‎-‎20T11:02:12.500000000Z
Current time zone bias: -330
RTC time is in UTC: false
System time was based on RTC time: false"
Information	20-11-2021 10:50:00	Microsoft-Windows-Kernel-Power	107	(102)	The system has resumed from sleep.
Information	20-11-2021 10:49:56	Microsoft-Windows-Kernel-Power	42	(64)	"The system is entering sleep.

Sleep Reason: Battery"
Information	20-11-2021 10:49:49	Microsoft-Windows-Kernel-Power	566	(268)	"The system session has transitioned from 37 to 38.

Reason: 14"
Information	20-11-2021 10:49:48	Microsoft-Windows-UserModePowerService	12	(10)	Process C:\Windows\System32\svchost.exe (process ID:1724) reset policy scheme from {48684d4a-8524-4093-8a63-ea7132b79c1c} to {48684d4a-8524-4093-8a63-ea7132b79c1c}
Information	20-11-2021 10:49:48	Microsoft-Windows-Kernel-Power	524	(223)	Critical Battery Trigger Met
Error	20-11-2021 10:40:35	Server	2505	None	The server could not bind to the transport \Device\NetBT_Tcpip_{9F961AE3-9423-4C8B-AB48-B1886999008B} because another computer on the network has the same name.  The server could not start.
Information	20-11-2021 10:40:33	Microsoft-Windows-Power-Troubleshooter	1	None	"The system has returned from a low power state.

Sleep Time: ‎2021‎-‎11‎-‎20T05:00:36.053535300Z
Wake Time: ‎2021‎-‎11‎-‎20T05:10:30.094234500Z

Wake Source: Power Button"
Error	20-11-2021 10:40:33	Server	2505	None	The server could not bind to the transport \Device\NetBT_Tcpip_{59426481-F96A-490F-9157-08A6F626BD36} because another computer on the network has the same name.  The server could not start.
Information	20-11-2021 10:40:29	Microsoft-Windows-Kernel-Power	566	(268)	"The system session has transitioned from 35 to 37.

Reason: 14"
Information	20-11-2021 10:40:29	Microsoft-Windows-Kernel-Power	566	(268)	"The system session has transitioned from 34 to 35.

Reason: 14"
Information	20-11-2021 10:40:28	Microsoft-Windows-Kernel-Power	130	(33)	Firmware S3 times. SuspendStart: 19327499, SuspendEnd: 19327500
Information	20-11-2021 10:40:28	Microsoft-Windows-Kernel-Power	131	(33)	Firmware S3 times. ResumeCount: 4, FullResume: 1036, AverageResume: 1033
Information	20-11-2021 10:40:28	Microsoft-Windows-Kernel-General	1	(5)	"The system time has changed to ‎2021‎-‎11‎-‎20T05:10:28.500000000Z from ‎2021‎-‎11‎-‎20T05:00:46.638589800Z.

Change Reason: System time synchronized with the hardware clock.
Process: '' (PID 4).

RTC time: ‎2021‎-‎11‎-‎20T10:40:28.500000000Z
Current time zone bias: -330
RTC time is in UTC: false
System time was based on RTC time: false"
Information	20-11-2021 10:30:46	Microsoft-Windows-Kernel-Power	107	(102)	The system has resumed from sleep.
Information	20-11-2021 10:30:42	Microsoft-Windows-Kernel-Power	42	(64)	"The system is entering sleep.

Sleep Reason: System Idle"
Information	20-11-2021 10:30:37	Microsoft-Windows-Kernel-Power	566	(268)	"The system session has transitioned from 32 to 34.

Reason: 14"
Information	20-11-2021 10:30:30	Microsoft-Windows-Kernel-Power	566	(268)	"The system session has transitioned from 31 to 32.

Reason: 14"
Error	20-11-2021 10:24:29	Server	2505	None	The server could not bind to the transport \Device\NetBT_Tcpip_{9F961AE3-9423-4C8B-AB48-B1886999008B} because another computer on the network has the same name.  The server could not start.
Information	20-11-2021 10:24:27	Microsoft-Windows-Power-Troubleshooter	1	None	"The system has returned from a low power state.

Sleep Time: ‎2021‎-‎11‎-‎20T04:53:17.255870800Z
Wake Time: ‎2021‎-‎11‎-‎20T04:54:23.981307000Z

Wake Source: Power Button"
Error	20-11-2021 10:24:27	Server	2505	None	The server could not bind to the transport \Device\NetBT_Tcpip_{59426481-F96A-490F-9157-08A6F626BD36} because another computer on the network has the same name.  The server could not start.
Information	20-11-2021 10:24:23	Microsoft-Windows-Kernel-Power	566	(268)	"The system session has transitioned from 29 to 31.

Reason: 14"
Information	20-11-2021 10:24:23	Microsoft-Windows-Kernel-Power	566	(268)	"The system session has transitioned from 28 to 29.

Reason: 14"
Information	20-11-2021 10:24:22	Microsoft-Windows-Kernel-Power	130	(33)	Firmware S3 times. SuspendStart: 18943684, SuspendEnd: 18943685
Information	20-11-2021 10:24:22	Microsoft-Windows-Kernel-Power	131	(33)	Firmware S3 times. ResumeCount: 3, FullResume: 1033, AverageResume: 1032
Information	20-11-2021 10:24:22	Microsoft-Windows-Kernel-General	1	(5)	"The system time has changed to ‎2021‎-‎11‎-‎20T04:54:22.500000000Z from ‎2021‎-‎11‎-‎20T04:53:33.712788600Z.

Change Reason: System time synchronized with the hardware clock.
Process: '' (PID 4).

RTC time: ‎2021‎-‎11‎-‎20T10:24:22.500000000Z
Current time zone bias: -330
RTC time is in UTC: false
System time was based on RTC time: false"
Information	20-11-2021 10:23:33	Microsoft-Windows-Kernel-Power	107	(102)	The system has resumed from sleep.
Information	20-11-2021 10:23:29	Microsoft-Windows-Kernel-Power	42	(64)	"The system is entering sleep.

Sleep Reason: System Idle"
Information	20-11-2021 10:23:19	Microsoft-Windows-Kernel-Power	566	(268)	"The system session has transitioned from 26 to 28.

Reason: 14"
Information	20-11-2021 10:22:57	Microsoft-Windows-Kernel-Power	566	(268)	"The system session has transitioned from 25 to 26.

Reason: 14"
Warning	20-11-2021 10:17:11	Microsoft-Windows-DistributedCOM	10016	None	"The application-specific permission settings do not grant Local Activation permission for the COM Server application with CLSID 
{2593F8B9-4EAF-457C-B68A-50F6B8EA6B54}
 and APPID 
{15C20B67-12E7-4BB6-92BB-7AFF07997402}
 to the user LAPTOP-7EVMU4TQ\mahendra SID (S-1-5-21-38077573-387163758-1783380300-1002) from address LocalHost (Using LRPC) running in the application container Unavailable SID (Unavailable). This security permission can be modified using the Component Services administrative tool."
Warning	20-11-2021 10:12:30	Microsoft-Windows-DistributedCOM	10016	None	"The application-specific permission settings do not grant Local Activation permission for the COM Server application with CLSID 
{2593F8B9-4EAF-457C-B68A-50F6B8EA6B54}
 and APPID 
{15C20B67-12E7-4BB6-92BB-7AFF07997402}
 to the user LAPTOP-7EVMU4TQ\mahendra SID (S-1-5-21-38077573-387163758-1783380300-1002) from address LocalHost (Using LRPC) running in the application container Unavailable SID (Unavailable). This security permission can be modified using the Component Services administrative tool."
Error	20-11-2021 10:10:55	Server	2505	None	The server could not bind to the transport \Device\NetBT_Tcpip_{9F961AE3-9423-4C8B-AB48-B1886999008B} because another computer on the network has the same name.  The server could not start.
Information	20-11-2021 10:09:27	Microsoft-Windows-Kernel-General	16	None	The access history in hive \??\C:\Users\Ramesh Lal\AppData\Local\Packages\MicrosoftWindows.Client.WebExperience_cw5n1h2txyewy\SystemAppData\Helium\UserClasses.dat was cleared updating 12 keys and creating 1 modified pages.
Information	20-11-2021 10:09:27	Microsoft-Windows-Kernel-General	16	None	The access history in hive \??\C:\Users\Ramesh Lal\AppData\Local\Packages\MicrosoftWindows.Client.WebExperience_cw5n1h2txyewy\SystemAppData\Helium\User.dat was cleared updating 27 keys and creating 4 modified pages.
Information	20-11-2021 10:09:05	Microsoft-Windows-Power-Troubleshooter	1	None	"The system has returned from a low power state.

Sleep Time: ‎2021‎-‎11‎-‎20T03:54:04.123504900Z
Wake Time: ‎2021‎-‎11‎-‎20T04:39:00.834794300Z

Wake Source: Power Button"
Error	20-11-2021 10:09:04	Server	2505	None	The server could not bind to the transport \Device\NetBT_Tcpip_{59426481-F96A-490F-9157-08A6F626BD36} because another computer on the network has the same name.  The server could not start.
Information	20-11-2021 10:09:00	Microsoft-Windows-Kernel-Power	566	(268)	"The system session has transitioned from 23 to 25.

Reason: 14"
Information	20-11-2021 10:09:00	Microsoft-Windows-Kernel-Power	566	(268)	"The system session has transitioned from 22 to 23.

Reason: 14"
Information	20-11-2021 10:08:59	Microsoft-Windows-Kernel-Power	130	(33)	Firmware S3 times. SuspendStart: 18070222, SuspendEnd: 18070223
Information	20-11-2021 10:08:59	Microsoft-Windows-Kernel-Power	131	(33)	Firmware S3 times. ResumeCount: 2, FullResume: 1031, AverageResume: 1032
Information	20-11-2021 10:08:59	Microsoft-Windows-Kernel-General	1	(5)	"The system time has changed to ‎2021‎-‎11‎-‎20T04:38:59.500000000Z from ‎2021‎-‎11‎-‎20T03:54:13.899759400Z.

Change Reason: System time synchronized with the hardware clock.
Process: '' (PID 4).

RTC time: ‎2021‎-‎11‎-‎20T10:08:59.500000000Z
Current time zone bias: -330
RTC time is in UTC: false
System time was based on RTC time: false"
Information	20-11-2021 09:24:13	Microsoft-Windows-Kernel-Power	107	(102)	The system has resumed from sleep.
Information	20-11-2021 09:24:09	Microsoft-Windows-Kernel-Power	42	(64)	"The system is entering sleep.

Sleep Reason: System Idle"
Information	20-11-2021 09:24:05	Microsoft-Windows-Kernel-Power	566	(268)	"The system session has transitioned from 20 to 22.

Reason: 14"
Information	20-11-2021 09:24:04	Microsoft-Windows-Kernel-Power	566	(268)	"The system session has transitioned from 19 to 20.

Reason: 14"
Information	20-11-2021 09:20:20	Microsoft-Windows-Kernel-General	16	None	The access history in hive \??\C:\Users\Ramesh Lal\AppData\Local\Packages\5A894077.McAfeeSecurity_wafk5atnkzcwy\SystemAppData\Helium\UserClasses.dat was cleared updating 2 keys and creating 1 modified pages.
Information	20-11-2021 09:20:20	Microsoft-Windows-Kernel-General	16	None	The access history in hive \??\C:\Users\Ramesh Lal\AppData\Local\Packages\5A894077.McAfeeSecurity_wafk5atnkzcwy\SystemAppData\Helium\User.dat was cleared updating 5 keys and creating 1 modified pages.
Information	20-11-2021 09:20:15	Microsoft-Windows-Kernel-General	16	None	The access history in hive \??\C:\Users\Ramesh Lal\AppData\Local\Packages\5A894077.McAfeeSecurity_wafk5atnkzcwy\Settings\settings.dat was cleared updating 3 keys and creating 1 modified pages.
Warning	20-11-2021 09:18:40	Microsoft-Windows-DNS-Client	1014	(1014)	Name resolution for the name cms.inc.hp.com timed out after none of the configured DNS servers responded. Client PID 19092.
Information	20-11-2021 09:18:23	Service Control Manager	7040	None	The start type of the Background Intelligent Transfer Service service was changed from demand start to auto start.
Information	20-11-2021 09:17:17	Microsoft-Windows-Kernel-General	16	None	The access history in hive \??\C:\Users\mahendra\AppData\Local\Packages\AppUp.IntelGraphicsExperience_8j3eq9eme6ctt\Settings\settings.dat was cleared updating 2 keys and creating 1 modified pages.
Error	20-11-2021 09:17:16	Server	2505	None	The server could not bind to the transport \Device\NetBT_Tcpip_{9F961AE3-9423-4C8B-AB48-B1886999008B} because another computer on the network has the same name.  The server could not start.
Error	20-11-2021 09:17:06	Server	2505	None	The server could not bind to the transport \Device\NetBT_Tcpip_{9F961AE3-9423-4C8B-AB48-B1886999008B} because another computer on the network has the same name.  The server could not start.
Warning	20-11-2021 09:16:59	Microsoft-Windows-DistributedCOM	10016	None	"The application-specific permission settings do not grant Local Activation permission for the COM Server application with CLSID 
{6B3B8D23-FA8D-40B9-8DBD-B950333E2C52}
 and APPID 
{4839DDB7-58C2-48F5-8283-E1D1807D0D7D}
 to the user NT AUTHORITY\LOCAL SERVICE SID (S-1-5-19) from address LocalHost (Using LRPC) running in the application container Unavailable SID (Unavailable). This security permission can be modified using the Component Services administrative tool."
Warning	20-11-2021 09:16:59	Microsoft-Windows-DistributedCOM	10016	None	"The application-specific permission settings do not grant Local Activation permission for the COM Server application with CLSID 
{6B3B8D23-FA8D-40B9-8DBD-B950333E2C52}
 and APPID 
{4839DDB7-58C2-48F5-8283-E1D1807D0D7D}
 to the user NT AUTHORITY\LOCAL SERVICE SID (S-1-5-19) from address LocalHost (Using LRPC) running in the application container Unavailable SID (Unavailable). This security permission can be modified using the Component Services administrative tool."
Information	20-11-2021 09:16:55	Microsoft-Windows-Winlogon	7001	(1101)	User Logon Notification for Customer Experience Improvement Program
Error	20-11-2021 09:16:46	Server	2505	None	The server could not bind to the transport \Device\NetBT_Tcpip_{59426481-F96A-490F-9157-08A6F626BD36} because another computer on the network has the same name.  The server could not start.
Information	20-11-2021 09:16:44	Microsoft-Windows-Power-Troubleshooter	1	None	"The system has returned from a low power state.

Sleep Time: ‎2021‎-‎11‎-‎20T03:34:51.328956400Z
Wake Time: ‎2021‎-‎11‎-‎20T03:46:42.772522700Z

Wake Source: Power Button"
Information	20-11-2021 09:16:42	Microsoft-Windows-Kernel-Power	566	(268)	"The system session has transitioned from 17 to 19.

Reason: 14"
Information	20-11-2021 09:16:42	Microsoft-Windows-Kernel-Power	566	(268)	"The system session has transitioned from 16 to 17.

Reason: 14"
Information	20-11-2021 09:16:41	Microsoft-Windows-Kernel-Power	130	(33)	Firmware S3 times. SuspendStart: 17618208, SuspendEnd: 17618209
Information	20-11-2021 09:16:41	Microsoft-Windows-Kernel-Power	131	(33)	Firmware S3 times. ResumeCount: 1, FullResume: 1032, AverageResume: 1032
Information	20-11-2021 09:16:41	Microsoft-Windows-Kernel-General	1	(5)	"The system time has changed to ‎2021‎-‎11‎-‎20T03:46:41.500000000Z from ‎2021‎-‎11‎-‎20T03:35:01.158072500Z.

Change Reason: System time synchronized with the hardware clock.
Process: '' (PID 4).

RTC time: ‎2021‎-‎11‎-‎20T09:16:41.500000000Z
Current time zone bias: -330
RTC time is in UTC: false
System time was based on RTC time: false"
Information	20-11-2021 09:05:01	Microsoft-Windows-Kernel-Power	107	(102)	The system has resumed from sleep.
Information	20-11-2021 09:04:56	Microsoft-Windows-Kernel-Power	42	(64)	"The system is entering sleep.

Sleep Reason: System Idle"
Information	20-11-2021 09:04:56	Microsoft-Windows-Kernel-General	16	None	The access history in hive \??\C:\Users\Ramesh Lal\AppData\Local\Packages\Microsoft.Windows.ContentDeliveryManager_cw5n1h2txyewy\Settings\settings.dat was cleared updating 737 keys and creating 60 modified pages.
Information	20-11-2021 09:04:56	Microsoft-Windows-Kernel-General	16	None	The access history in hive \??\C:\Users\Ramesh Lal\AppData\Local\Packages\Microsoft.LockApp_cw5n1h2txyewy\Settings\settings.dat was cleared updating 3 keys and creating 1 modified pages.
Information	20-11-2021 09:04:53	Microsoft-Windows-Kernel-Power	566	(268)	"The system session has transitioned from 14 to 16.

Reason: 14"
Information	20-11-2021 09:04:25	Microsoft-Windows-Kernel-Power	566	(268)	"The system session has transitioned from 13 to 14.

Reason: 14"
Information	20-11-2021 09:01:27	Microsoft-Windows-Kernel-General	16	None	The access history in hive \??\C:\Users\Ramesh Lal\AppData\Local\Packages\AD2F1837.HPPrinterControl_v10z8vjag6ke6\Settings\settings.dat was cleared updating 1 keys and creating 1 modified pages.
Information	20-11-2021 09:01:22	Microsoft-Windows-Kernel-General	16	None	The access history in hive \??\C:\Users\Ramesh Lal\AppData\Local\Packages\Microsoft.DesktopAppInstaller_8wekyb3d8bbwe\Settings\settings.dat was cleared updating 1 keys and creating 1 modified pages.
Information	20-11-2021 09:01:15	Microsoft-Windows-Kernel-General	16	None	The access history in hive \??\C:\Users\Ramesh Lal\AppData\Local\Packages\Microsoft.GetHelp_8wekyb3d8bbwe\Settings\settings.dat was cleared updating 2 keys and creating 1 modified pages.
Information	20-11-2021 09:01:10	Microsoft-Windows-Kernel-General	16	None	The access history in hive \??\C:\Users\Ramesh Lal\AppData\Local\Packages\Microsoft.LanguageExperiencePacken-GB_8wekyb3d8bbwe\Settings\settings.dat was cleared updating 1 keys and creating 1 modified pages.
Information	20-11-2021 09:01:04	Microsoft-Windows-Kernel-General	16	None	The access history in hive \??\C:\Users\Ramesh Lal\AppData\Local\Packages\Microsoft.Office.OneNote_8wekyb3d8bbwe\Settings\settings.dat was cleared updating 1 keys and creating 1 modified pages.
Information	20-11-2021 09:00:59	Microsoft-Windows-Kernel-General	16	None	The access history in hive \??\C:\Users\Ramesh Lal\AppData\Local\Packages\Microsoft.PowerAutomateDesktop_8wekyb3d8bbwe\Settings\settings.dat was cleared updating 1 keys and creating 1 modified pages.
Information	20-11-2021 09:00:37	Microsoft-Windows-Kernel-General	16	None	The access history in hive \??\C:\Users\Ramesh Lal\AppData\Local\Packages\Microsoft.Todos_8wekyb3d8bbwe\Settings\settings.dat was cleared updating 1 keys and creating 1 modified pages.
Information	20-11-2021 09:00:30	Microsoft-Windows-Kernel-General	16	None	The access history in hive \??\C:\Users\Ramesh Lal\AppData\Local\Packages\Microsoft.VP9VideoExtensions_8wekyb3d8bbwe\Settings\settings.dat was cleared updating 2 keys and creating 1 modified pages.
Information	20-11-2021 09:00:13	Microsoft-Windows-Kernel-General	16	None	The access history in hive \??\C:\Users\Ramesh Lal\AppData\Local\Packages\Microsoft.Windows.Photos_8wekyb3d8bbwe\Settings\settings.dat was cleared updating 32 keys and creating 7 modified pages.
Information	20-11-2021 08:59:54	Microsoft-Windows-Kernel-General	16	None	The access history in hive \??\C:\Users\Ramesh Lal\AppData\Local\Packages\Microsoft.WindowsFeedbackHub_8wekyb3d8bbwe\Settings\settings.dat was cleared updating 2 keys and creating 1 modified pages.
Information	20-11-2021 08:59:44	Microsoft-Windows-Kernel-General	16	None	The access history in hive \??\C:\Users\Ramesh Lal\AppData\Local\Packages\Microsoft.WindowsStore_8wekyb3d8bbwe\Settings\settings.dat was cleared updating 15 keys and creating 3 modified pages.
Information	20-11-2021 08:59:39	Microsoft-Windows-Kernel-General	16	None	The access history in hive \??\C:\Users\Ramesh Lal\AppData\Local\Packages\Microsoft.XboxIdentityProvider_8wekyb3d8bbwe\Settings\settings.dat was cleared updating 2 keys and creating 1 modified pages.
Information	20-11-2021 08:59:34	Microsoft-Windows-Kernel-General	16	None	The access history in hive \??\C:\Users\Ramesh Lal\AppData\Local\Packages\Microsoft.Messaging_8wekyb3d8bbwe\Settings\settings.dat was cleared updating 1 keys and creating 1 modified pages.
Information	20-11-2021 08:59:31	Microsoft-Windows-Kernel-General	16	None	The access history in hive \??\C:\Users\Ramesh Lal\AppData\Local\Packages\Microsoft.ZuneMusic_8wekyb3d8bbwe\Settings\settings.dat was cleared updating 1 keys and creating 1 modified pages.
Information	20-11-2021 08:59:18	Microsoft-Windows-Kernel-General	16	None	The access history in hive \??\C:\Users\Ramesh Lal\AppData\Local\Packages\AD2F1837.HPSupportAssistant_v10z8vjag6ke6\Settings\settings.dat was cleared updating 9 keys and creating 2 modified pages.
Information	20-11-2021 08:59:11	Microsoft-Windows-Kernel-General	16	None	The access history in hive \??\C:\Users\Ramesh Lal\AppData\Local\Packages\Microsoft.SkypeApp_kzf8qxf38zg5c\Settings\settings.dat was cleared updating 1 keys and creating 1 modified pages.
Warning	20-11-2021 08:59:08	Microsoft-Windows-DistributedCOM	10016	None	"The machine-default permission settings do not grant Local Activation permission for the COM Server application with CLSID 
{C2F03A33-21F5-47FA-B4BB-156362A2F239}
 and APPID 
{316CDED5-E4AE-4B15-9113-7055D84DCC97}
 to the user NT AUTHORITY\LOCAL SERVICE SID (S-1-5-19) from address LocalHost (Using LRPC) running in the application container Unavailable SID (Unavailable). This security permission can be modified using the Component Services administrative tool."
Warning	20-11-2021 08:59:08	Microsoft-Windows-DistributedCOM	10016	None	"The application-specific permission settings do not grant Local Activation permission for the COM Server application with CLSID 
{6B3B8D23-FA8D-40B9-8DBD-B950333E2C52}
 and APPID 
{4839DDB7-58C2-48F5-8283-E1D1807D0D7D}
 to the user NT AUTHORITY\LOCAL SERVICE SID (S-1-5-19) from address LocalHost (Using LRPC) running in the application container Unavailable SID (Unavailable). This security permission can be modified using the Component Services administrative tool."
Warning	20-11-2021 08:59:08	Microsoft-Windows-DistributedCOM	10016	None	"The machine-default permission settings do not grant Local Activation permission for the COM Server application with CLSID 
{C2F03A33-21F5-47FA-B4BB-156362A2F239}
 and APPID 
{316CDED5-E4AE-4B15-9113-7055D84DCC97}
 to the user NT AUTHORITY\LOCAL SERVICE SID (S-1-5-19) from address LocalHost (Using LRPC) running in the application container Unavailable SID (Unavailable). This security permission can be modified using the Component Services administrative tool."
Warning	20-11-2021 08:59:08	Microsoft-Windows-DistributedCOM	10016	None	"The application-specific permission settings do not grant Local Activation permission for the COM Server application with CLSID 
{6B3B8D23-FA8D-40B9-8DBD-B950333E2C52}
 and APPID 
{4839DDB7-58C2-48F5-8283-E1D1807D0D7D}
 to the user NT AUTHORITY\LOCAL SERVICE SID (S-1-5-19) from address LocalHost (Using LRPC) running in the application container Unavailable SID (Unavailable). This security permission can be modified using the Component Services administrative tool."
Information	20-11-2021 08:58:29	Microsoft-Windows-Kernel-General	16	None	The access history in hive \??\C:\Users\Ramesh Lal\AppData\Local\Packages\MicrosoftTeams_8wekyb3d8bbwe\SystemAppData\Helium\UserClasses.dat was cleared updating 12 keys and creating 1 modified pages.
Information	20-11-2021 08:58:29	Microsoft-Windows-Kernel-General	16	None	The access history in hive \??\C:\Users\Ramesh Lal\AppData\Local\Packages\MicrosoftTeams_8wekyb3d8bbwe\SystemAppData\Helium\User.dat was cleared updating 25 keys and creating 3 modified pages.
Warning	20-11-2021 08:58:29	Microsoft-Windows-DistributedCOM	10016	None	"The application-specific permission settings do not grant Local Activation permission for the COM Server application with CLSID 
{2593F8B9-4EAF-457C-B68A-50F6B8EA6B54}
 and APPID 
{15C20B67-12E7-4BB6-92BB-7AFF07997402}
 to the user LAPTOP-7EVMU4TQ\Ramesh Lal SID (S-1-5-21-38077573-387163758-1783380300-1001) from address LocalHost (Using LRPC) running in the application container Unavailable SID (Unavailable). This security permission can be modified using the Component Services administrative tool."
Information	20-11-2021 08:58:19	Microsoft-Windows-Kernel-General	16	None	The access history in hive \??\C:\Users\Ramesh Lal\AppData\Local\Packages\MicrosoftTeams_8wekyb3d8bbwe\Settings\settings.dat was cleared updating 2 keys and creating 1 modified pages.
