Information	20-10-2021 08:43:46	Microsoft-Windows-Kernel-General	1	(5)	"The system time has changed to ‎2021‎-‎10‎-‎20T03:13:46.209037700Z from ‎2021‎-‎10‎-‎20T03:13:46.208406200Z.

Change Reason: An application or system component changed the time.
Process: '\Device\HarddiskVolume3\Windows\System32\svchost.exe' (PID 2448).

RTC time: ‎2021‎-‎10‎-‎20T08:43:46.209037700Z
Current time zone bias: -330
RTC time is in UTC: false
System time was based on RTC time: false"
Information	20-10-2021 08:43:46	Microsoft-Windows-Kernel-General	24	(11)	The time zone information was refreshed with exit reason 0. Current time zone bias is -330.
Information	20-10-2021 08:43:46	Microsoft-Windows-Time-Service	35	None	The time service is now synchronizing the system time with the time source time.windows.com,0x9 (ntp.m|0x9|0.0.0.0:123->40.81.94.65:123) with reference id 1096700200. Current local stratum number is 4.
Information	20-10-2021 08:43:35	Microsoft-Windows-Time-Service	37	None	The time provider NtpClient is currently receiving valid time data from time.windows.com,0x9 (ntp.m|0x9|0.0.0.0:123->40.81.94.65:123).
Information	20-10-2021 08:43:30	Microsoft-Windows-Power-Troubleshooter	1	None	"The system has returned from a low power state.

Sleep Time: ‎2021‎-‎10‎-‎19T20:20:20.687279200Z
Wake Time: ‎2021‎-‎10‎-‎20T03:13:23.286698200Z

Wake Source: Unknown"
Error	20-10-2021 08:43:28	Server	2505	None	The server could not bind to the transport \Device\NetBT_Tcpip_{9F961AE3-9423-4C8B-AB48-B1886999008B} because another computer on the network has the same name.  The server could not start.
Error	20-10-2021 08:43:26	Server	2505	None	The server could not bind to the transport \Device\NetBT_Tcpip_{59426481-F96A-490F-9157-08A6F626BD36} because another computer on the network has the same name.  The server could not start.
Information	20-10-2021 08:43:25	Microsoft-Windows-Kernel-General	16	None	The access history in hive \Device\HarddiskVolume1\EFI\Microsoft\Boot\BCD was cleared updating 144 keys and creating 8 modified pages.
Warning	20-10-2021 08:43:24	Microsoft-Windows-Time-Service	134	None	NtpClient was unable to set a manual peer to use as a time source because of DNS resolution error on 'time.windows.com,0x9'. NtpClient will try again in 15 minutes and double the reattempt interval thereafter. The error was: No such host is known. (0x80072AF9)
Information	20-10-2021 08:43:23	Microsoft-Windows-Kernel-Power	566	(268)	"The system session has transitioned from 144 to 146.

Reason: 5"
Information	20-10-2021 08:43:23	Microsoft-Windows-Kernel-Power	566	(268)	"The system session has transitioned from 143 to 144.

Reason: 5"
Information	20-10-2021 08:43:23	Microsoft-Windows-Kernel-Boot	32	(58)	The bootmgr spent 0 ms waiting for user input.
Information	20-10-2021 08:43:23	Microsoft-Windows-Kernel-Boot	18	(57)	There are 0x1 boot options on this system.
Information	20-10-2021 08:43:23	Microsoft-Windows-Kernel-Boot	30	(21)	The firmware reported boot metrics.
Information	20-10-2021 08:43:19	Microsoft-Windows-Kernel-General	1	(5)	"The system time has changed to ‎2021‎-‎10‎-‎20T03:13:19.500000000Z from ‎2021‎-‎10‎-‎19T20:20:52.883954600Z.

Change Reason: System time synchronized with the hardware clock.
Process: '' (PID 4).

RTC time: ‎2021‎-‎10‎-‎20T08:43:19.500000000Z
Current time zone bias: -330
RTC time is in UTC: false
System time was based on RTC time: false"
Information	20-10-2021 01:50:52	Microsoft-Windows-Kernel-Power	107	(102)	The system has resumed from sleep.
Information	20-10-2021 01:50:49	Microsoft-Windows-Kernel-General	1	(5)	"The system time has changed to ‎2021‎-‎10‎-‎19T20:20:48.500000000Z from ‎2021‎-‎10‎-‎19T20:20:49.539051200Z.

Change Reason: System time synchronized with the hardware clock.
Process: '' (PID 4).

RTC time: ‎2021‎-‎10‎-‎20T01:50:48.500000000Z
Current time zone bias: -330
RTC time is in UTC: false
System time was based on RTC time: false"
Information	20-10-2021 01:50:37	Microsoft-Windows-Kernel-Power	42	(64)	"The system is entering sleep.

Sleep Reason: Application API"
Warning	20-10-2021 01:50:28	Microsoft-Windows-DNS-Client	1014	(1014)	Name resolution for the name wdcp.microsoft.com timed out after none of the configured DNS servers responded. Client PID 4808.
Information	20-10-2021 01:50:21	Microsoft-Windows-Kernel-Power	566	(268)	"The system session has transitioned from 142 to 143.

Reason: 5"
Information	20-10-2021 01:50:20	Microsoft-Windows-Kernel-Power	187	(243)	User-mode process attempted to change the system state by calling SetSuspendState or SetSystemPowerState APIs.
Information	20-10-2021 01:50:18	Microsoft-Windows-Winlogon	7002	(1102)	User Logoff Notification for Customer Experience Improvement Program
Information	20-10-2021 01:49:36	User32	1074	None	"The process Explorer.EXE has initiated the power off of computer LAPTOP-7EVMU4TQ on behalf of user LAPTOP-7EVMU4TQ\mahendra for the following reason: Other (Unplanned)
 Reason Code: 0x0
 Shutdown Type: power off
 Comment: "
Warning	20-10-2021 01:49:19	Microsoft-Windows-DistributedCOM	10016	None	"The application-specific permission settings do not grant Local Activation permission for the COM Server application with CLSID 
{9E175B6D-F52A-11D8-B9A5-505054503030}
 and APPID 
{9E175B9C-F52A-11D8-B9A5-505054503030}
 to the user LAPTOP-7EVMU4TQ\mahendra SID (S-1-5-21-38077573-387163758-1783380300-1002) from address LocalHost (Using LRPC) running in the application container Unavailable SID (S-1-15-2-1596478239-3010268650-3441854243-568664637-4221020164-1984991691-4106938906). This security permission can be modified using the Component Services administrative tool."
Warning	20-10-2021 01:49:13	Microsoft-Windows-DistributedCOM	10016	None	"The application-specific permission settings do not grant Local Activation permission for the COM Server application with CLSID 
{9E175B6D-F52A-11D8-B9A5-505054503030}
 and APPID 
{9E175B9C-F52A-11D8-B9A5-505054503030}
 to the user LAPTOP-7EVMU4TQ\mahendra SID (S-1-5-21-38077573-387163758-1783380300-1002) from address LocalHost (Using LRPC) running in the application container Unavailable SID (S-1-15-2-1596478239-3010268650-3441854243-568664637-4221020164-1984991691-4106938906). This security permission can be modified using the Component Services administrative tool."
Warning	20-10-2021 01:48:46	Microsoft-Windows-DistributedCOM	10016	None	"The application-specific permission settings do not grant Local Activation permission for the COM Server application with CLSID 
{9E175B6D-F52A-11D8-B9A5-505054503030}
 and APPID 
{9E175B9C-F52A-11D8-B9A5-505054503030}
 to the user LAPTOP-7EVMU4TQ\mahendra SID (S-1-5-21-38077573-387163758-1783380300-1002) from address LocalHost (Using LRPC) running in the application container Unavailable SID (S-1-15-2-1596478239-3010268650-3441854243-568664637-4221020164-1984991691-4106938906). This security permission can be modified using the Component Services administrative tool."
Warning	20-10-2021 01:48:13	Microsoft-Windows-DistributedCOM	10016	None	"The application-specific permission settings do not grant Local Activation permission for the COM Server application with CLSID 
{8BC3F05E-D86B-11D0-A075-00C04FB68820}
 and APPID 
{8BC3F05E-D86B-11D0-A075-00C04FB68820}
 to the user LAPTOP-7EVMU4TQ\mahendra SID (S-1-5-21-38077573-387163758-1783380300-1002) from address LocalHost (Using LRPC) running in the application container Unavailable SID (S-1-15-2-1596478239-3010268650-3441854243-568664637-4221020164-1984991691-4106938906). This security permission can be modified using the Component Services administrative tool."
Warning	20-10-2021 01:47:21	Microsoft-Windows-DistributedCOM	10016	None	"The application-specific permission settings do not grant Local Activation permission for the COM Server application with CLSID 
{2593F8B9-4EAF-457C-B68A-50F6B8EA6B54}
 and APPID 
{15C20B67-12E7-4BB6-92BB-7AFF07997402}
 to the user LAPTOP-7EVMU4TQ\mahendra SID (S-1-5-21-38077573-387163758-1783380300-1002) from address LocalHost (Using LRPC) running in the application container Unavailable SID (Unavailable). This security permission can be modified using the Component Services administrative tool."
Information	20-10-2021 01:05:03	Microsoft-Windows-Kernel-General	16	None	The access history in hive \??\C:\Users\mahendra\AppData\Local\Packages\Microsoft.AAD.BrokerPlugin_cw5n1h2txyewy\Settings\settings.dat was cleared updating 20 keys and creating 5 modified pages.
Warning	20-10-2021 01:04:58	Microsoft-Windows-DistributedCOM	10016	None	"The application-specific permission settings do not grant Local Activation permission for the COM Server application with CLSID 
{2593F8B9-4EAF-457C-B68A-50F6B8EA6B54}
 and APPID 
{15C20B67-12E7-4BB6-92BB-7AFF07997402}
 to the user LAPTOP-7EVMU4TQ\mahendra SID (S-1-5-21-38077573-387163758-1783380300-1002) from address LocalHost (Using LRPC) running in the application container Unavailable SID (Unavailable). This security permission can be modified using the Component Services administrative tool."
Warning	19-10-2021 23:31:48	Microsoft-Windows-DistributedCOM	10016	None	"The application-specific permission settings do not grant Local Activation permission for the COM Server application with CLSID 
{2593F8B9-4EAF-457C-B68A-50F6B8EA6B54}
 and APPID 
{15C20B67-12E7-4BB6-92BB-7AFF07997402}
 to the user LAPTOP-7EVMU4TQ\mahendra SID (S-1-5-21-38077573-387163758-1783380300-1002) from address LocalHost (Using LRPC) running in the application container Unavailable SID (Unavailable). This security permission can be modified using the Component Services administrative tool."
Warning	19-10-2021 23:30:08	Microsoft-Windows-DistributedCOM	10016	None	"The application-specific permission settings do not grant Local Activation permission for the COM Server application with CLSID 
{2593F8B9-4EAF-457C-B68A-50F6B8EA6B54}
 and APPID 
{15C20B67-12E7-4BB6-92BB-7AFF07997402}
 to the user LAPTOP-7EVMU4TQ\mahendra SID (S-1-5-21-38077573-387163758-1783380300-1002) from address LocalHost (Using LRPC) running in the application container Unavailable SID (Unavailable). This security permission can be modified using the Component Services administrative tool."
Warning	19-10-2021 23:20:18	Microsoft-Windows-DistributedCOM	10016	None	"The application-specific permission settings do not grant Local Activation permission for the COM Server application with CLSID 
{8BC3F05E-D86B-11D0-A075-00C04FB68820}
 and APPID 
{8BC3F05E-D86B-11D0-A075-00C04FB68820}
 to the user LAPTOP-7EVMU4TQ\mahendra SID (S-1-5-21-38077573-387163758-1783380300-1002) from address LocalHost (Using LRPC) running in the application container Unavailable SID (S-1-15-2-885445994-184616449-2609404095-600538620-2235718199-1113431197-1444872449). This security permission can be modified using the Component Services administrative tool."
Information	19-10-2021 22:57:44	Service Control Manager	7040	None	The start type of the Background Intelligent Transfer Service service was changed from auto start to demand start.
Information	19-10-2021 22:55:34	Service Control Manager	7040	None	The start type of the Background Intelligent Transfer Service service was changed from demand start to auto start.
Warning	19-10-2021 22:53:52	Microsoft-Windows-DistributedCOM	10016	None	"The application-specific permission settings do not grant Local Activation permission for the COM Server application with CLSID 
{8BC3F05E-D86B-11D0-A075-00C04FB68820}
 and APPID 
{8BC3F05E-D86B-11D0-A075-00C04FB68820}
 to the user LAPTOP-7EVMU4TQ\mahendra SID (S-1-5-21-38077573-387163758-1783380300-1002) from address LocalHost (Using LRPC) running in the application container Unavailable SID (S-1-15-2-3332863122-1965083508-4254237627-398576710-3384560069-4158760370-2020026544). This security permission can be modified using the Component Services administrative tool."
Warning	19-10-2021 22:34:48	Microsoft-Windows-DistributedCOM	10016	None	"The application-specific permission settings do not grant Local Activation permission for the COM Server application with CLSID 
{2593F8B9-4EAF-457C-B68A-50F6B8EA6B54}
 and APPID 
{15C20B67-12E7-4BB6-92BB-7AFF07997402}
 to the user LAPTOP-7EVMU4TQ\mahendra SID (S-1-5-21-38077573-387163758-1783380300-1002) from address LocalHost (Using LRPC) running in the application container Unavailable SID (Unavailable). This security permission can be modified using the Component Services administrative tool."
Warning	19-10-2021 22:34:14	Microsoft-Windows-DistributedCOM	10016	None	"The application-specific permission settings do not grant Local Activation permission for the COM Server application with CLSID 
{2593F8B9-4EAF-457C-B68A-50F6B8EA6B54}
 and APPID 
{15C20B67-12E7-4BB6-92BB-7AFF07997402}
 to the user LAPTOP-7EVMU4TQ\mahendra SID (S-1-5-21-38077573-387163758-1783380300-1002) from address LocalHost (Using LRPC) running in the application container Unavailable SID (Unavailable). This security permission can be modified using the Component Services administrative tool."
Error	19-10-2021 22:16:29	Microsoft-Windows-WindowsUpdateClient	20	Windows Update Agent	Installation Failure: Windows failed to install the following update with error 0x80073D02: 9NMPJ99VJBWV-Microsoft.YourPhone.
Information	19-10-2021 22:16:10	Microsoft-Windows-WindowsUpdateClient	43	Windows Update Agent	Installation Started: Windows has started installing the following update: 9NMPJ99VJBWV-Microsoft.YourPhone
Warning	19-10-2021 22:12:05	Microsoft-Windows-DistributedCOM	10016	None	"The application-specific permission settings do not grant Local Activation permission for the COM Server application with CLSID 
{2593F8B9-4EAF-457C-B68A-50F6B8EA6B54}
 and APPID 
{15C20B67-12E7-4BB6-92BB-7AFF07997402}
 to the user LAPTOP-7EVMU4TQ\mahendra SID (S-1-5-21-38077573-387163758-1783380300-1002) from address LocalHost (Using LRPC) running in the application container Unavailable SID (Unavailable). This security permission can be modified using the Component Services administrative tool."
Error	19-10-2021 22:07:36	Server	2505	None	The server could not bind to the transport \Device\NetBT_Tcpip_{9F961AE3-9423-4C8B-AB48-B1886999008B} because another computer on the network has the same name.  The server could not start.
Information	19-10-2021 22:03:36	Microsoft-Windows-Kernel-Power	105	(100)	Power source change.
Warning	19-10-2021 22:03:03	Microsoft-Windows-DNS-Client	1014	(1014)	Name resolution for the name google.com timed out after none of the configured DNS servers responded. Client PID 10420.
Warning	19-10-2021 21:55:08	Microsoft-Windows-DistributedCOM	10016	None	"The application-specific permission settings do not grant Local Activation permission for the COM Server application with CLSID 
{2593F8B9-4EAF-457C-B68A-50F6B8EA6B54}
 and APPID 
{15C20B67-12E7-4BB6-92BB-7AFF07997402}
 to the user LAPTOP-7EVMU4TQ\mahendra SID (S-1-5-21-38077573-387163758-1783380300-1002) from address LocalHost (Using LRPC) running in the application container Unavailable SID (Unavailable). This security permission can be modified using the Component Services administrative tool."
Information	19-10-2021 21:19:33	Service Control Manager	7040	None	The start type of the Background Intelligent Transfer Service service was changed from auto start to demand start.
Information	19-10-2021 21:17:16	Service Control Manager	7040	None	The start type of the Background Intelligent Transfer Service service was changed from demand start to auto start.
Information	19-10-2021 21:12:02	Microsoft-Windows-Kernel-Power	105	(100)	Power source change.
Warning	19-10-2021 20:36:20	Microsoft-Windows-DistributedCOM	10016	None	"The application-specific permission settings do not grant Local Activation permission for the COM Server application with CLSID 
{2593F8B9-4EAF-457C-B68A-50F6B8EA6B54}
 and APPID 
{15C20B67-12E7-4BB6-92BB-7AFF07997402}
 to the user LAPTOP-7EVMU4TQ\mahendra SID (S-1-5-21-38077573-387163758-1783380300-1002) from address LocalHost (Using LRPC) running in the application container Unavailable SID (Unavailable). This security permission can be modified using the Component Services administrative tool."
Warning	19-10-2021 20:20:42	Microsoft-Windows-DNS-Client	1014	(1014)	Name resolution for the name ssl.gstatic.com timed out after none of the configured DNS servers responded. Client PID 10420.
Information	19-10-2021 19:27:30	Microsoft-Windows-Kernel-General	11	None	TxR init phase for hive \??\GLOBALROOT\Device\HarddiskVolumeShadowCopy3\WINDOWS\System32\config\DRIVERS (TM: {8135269e-2fec-11ec-81e7-0068ebd8b518}, RM: {8135269d-2fec-11ec-81e7-0068ebd8b518}) finished with result=0xC00000A2 (Internal code=7).
Information	19-10-2021 19:27:29	Microsoft-Windows-Kernel-General	11	None	TxR init phase for hive \??\GLOBALROOT\Device\HarddiskVolumeShadowCopy3\WINDOWS\System32\config\SYSTEM (TM: {8135269b-2fec-11ec-81e7-0068ebd8b518}, RM: {8135269a-2fec-11ec-81e7-0068ebd8b518}) finished with result=0xC00000A2 (Internal code=7).
Warning	19-10-2021 19:21:18	Microsoft-Windows-DistributedCOM	10016	None	"The application-specific permission settings do not grant Local Activation permission for the COM Server application with CLSID 
{2593F8B9-4EAF-457C-B68A-50F6B8EA6B54}
 and APPID 
{15C20B67-12E7-4BB6-92BB-7AFF07997402}
 to the user LAPTOP-7EVMU4TQ\mahendra SID (S-1-5-21-38077573-387163758-1783380300-1002) from address LocalHost (Using LRPC) running in the application container Unavailable SID (Unavailable). This security permission can be modified using the Component Services administrative tool."
Error	19-10-2021 19:13:03	Service Control Manager	7009	None	A timeout was reached (30000 milliseconds) while waiting for the Intel(R) SUR QC Software Asset Manager service to connect.
Information	19-10-2021 19:12:53	Microsoft-Windows-Time-Service	158	None	The time provider 'VMICTimeProvider' has indicated that the current hardware and operating environment is not supported and has stopped. This behavior is expected for VMICTimeProvider on non-HyperV-guest environments. This may be the expected behavior for the current provider in the current operating environment as well.
Warning	19-10-2021 19:05:00	Microsoft-Windows-DistributedCOM	10016	None	"The application-specific permission settings do not grant Local Activation permission for the COM Server application with CLSID 
{2593F8B9-4EAF-457C-B68A-50F6B8EA6B54}
 and APPID 
{15C20B67-12E7-4BB6-92BB-7AFF07997402}
 to the user LAPTOP-7EVMU4TQ\mahendra SID (S-1-5-21-38077573-387163758-1783380300-1002) from address LocalHost (Using LRPC) running in the application container Unavailable SID (Unavailable). This security permission can be modified using the Component Services administrative tool."
Information	19-10-2021 18:55:49	Microsoft-Windows-Time-Service	158	None	The time provider 'VMICTimeProvider' has indicated that the current hardware and operating environment is not supported and has stopped. This behavior is expected for VMICTimeProvider on non-HyperV-guest environments. This may be the expected behavior for the current provider in the current operating environment as well.
Information	19-10-2021 18:41:20	Microsoft-Windows-WindowsUpdateClient	19	Windows Update Agent	Installation Successful: Windows successfully installed the following update: 9MSSGKG348SP-MicrosoftWindows.Client.WebExperience
Information	19-10-2021 18:40:46	Microsoft-Windows-WindowsUpdateClient	43	Windows Update Agent	Installation Started: Windows has started installing the following update: 9MSSGKG348SP-MicrosoftWindows.Client.WebExperience
Information	19-10-2021 18:40:37	Microsoft-Windows-Kernel-General	16	None	The access history in hive \??\C:\ProgramData\Microsoft\Windows\AppRepository\Packages\MicrosoftWindows.Client.WebExperience_421.20034.345.0_x64__cw5n1h2txyewy\ActivationStore.dat was cleared updating 0 keys and creating 0 modified pages.
Information	19-10-2021 18:38:45	Microsoft-Windows-Time-Service	158	None	The time provider 'VMICTimeProvider' has indicated that the current hardware and operating environment is not supported and has stopped. This behavior is expected for VMICTimeProvider on non-HyperV-guest environments. This may be the expected behavior for the current provider in the current operating environment as well.
Information	19-10-2021 18:38:27	Microsoft-Windows-Power-Troubleshooter	1	None	"The system has returned from a low power state.

Sleep Time: ‎2021‎-‎10‎-‎19T13:06:30.547027500Z
Wake Time: ‎2021‎-‎10‎-‎19T13:08:14.862949200Z

Wake Source: Power Button"
Error	19-10-2021 18:38:20	Server	2505	None	The server could not bind to the transport \Device\NetBT_Tcpip_{9F961AE3-9423-4C8B-AB48-B1886999008B} because another computer on the network has the same name.  The server could not start.
Error	19-10-2021 18:38:19	Server	2505	None	The server could not bind to the transport \Device\NetBT_Tcpip_{59426481-F96A-490F-9157-08A6F626BD36} because another computer on the network has the same name.  The server could not start.
Information	19-10-2021 18:38:14	Microsoft-Windows-Kernel-Power	566	(268)	"The system session has transitioned from 140 to 142.

Reason: 5"
Information	19-10-2021 18:38:14	Microsoft-Windows-Kernel-Power	566	(268)	"The system session has transitioned from 139 to 140.

Reason: 5"
Information	19-10-2021 18:38:13	Microsoft-Windows-Kernel-Power	130	(33)	Firmware S3 times. SuspendStart: 197220915, SuspendEnd: 197220916
Information	19-10-2021 18:38:13	Microsoft-Windows-Kernel-Power	131	(33)	Firmware S3 times. ResumeCount: 4, FullResume: 1025, AverageResume: 1025
Information	19-10-2021 18:38:13	Microsoft-Windows-Kernel-General	1	(5)	"The system time has changed to ‎2021‎-‎10‎-‎19T13:08:13.500000000Z from ‎2021‎-‎10‎-‎19T13:07:26.129813100Z.

Change Reason: System time synchronized with the hardware clock.
Process: '' (PID 4).

RTC time: ‎2021‎-‎10‎-‎19T18:38:13.500000000Z
Current time zone bias: -330
RTC time is in UTC: false
System time was based on RTC time: false"
Information	19-10-2021 18:37:26	Microsoft-Windows-Kernel-Power	107	(102)	The system has resumed from sleep.
Information	19-10-2021 18:37:20	Microsoft-Windows-Kernel-Power	42	(64)	"The system is entering sleep.

Sleep Reason: Button or Lid"
Information	19-10-2021 18:36:59	Microsoft-Windows-Kernel-Power	566	(268)	"The system session has transitioned from 138 to 139.

Reason: 5"
Information	19-10-2021 18:36:02	Microsoft-Windows-Kernel-Power	566	(268)	"The system session has transitioned from 136 to 138.

Reason: 5"
Information	19-10-2021 18:35:41	Microsoft-Windows-Kernel-General	11	None	TxR init phase for hive \??\GLOBALROOT\Device\HarddiskVolumeShadowCopy3\WINDOWS\System32\config\DRIVERS (TM: {8135250d-2fec-11ec-81e7-0068ebd8b518}, RM: {8135250c-2fec-11ec-81e7-0068ebd8b518}) finished with result=0xC00000A2 (Internal code=7).
Information	19-10-2021 18:35:40	Microsoft-Windows-Kernel-General	11	None	TxR init phase for hive \??\GLOBALROOT\Device\HarddiskVolumeShadowCopy3\WINDOWS\System32\config\SYSTEM (TM: {8135250a-2fec-11ec-81e7-0068ebd8b518}, RM: {81352509-2fec-11ec-81e7-0068ebd8b518}) finished with result=0xC00000A2 (Internal code=7).
Information	19-10-2021 18:35:34	Microsoft-Windows-Ntfs	98	None	Volume Windows (\Device\HarddiskVolumeShadowCopy3) is healthy.  No action is needed.
Information	19-10-2021 18:32:35	Microsoft-Windows-Time-Service	158	None	The time provider 'VMICTimeProvider' has indicated that the current hardware and operating environment is not supported and has stopped. This behavior is expected for VMICTimeProvider on non-HyperV-guest environments. This may be the expected behavior for the current provider in the current operating environment as well.
Warning	19-10-2021 18:30:20	Microsoft-Windows-DNS-Client	1014	(1014)	Name resolution for the name www.google.ru timed out after none of the configured DNS servers responded. Client PID 18844.
Error	19-10-2021 18:27:48	Microsoft-Windows-WindowsUpdateClient	20	Windows Update Agent	Installation Failure: Windows failed to install the following update with error 0x80073D02: 9NMPJ99VJBWV-Microsoft.YourPhone.
Information	19-10-2021 18:27:45	Microsoft-Windows-WindowsUpdateClient	43	Windows Update Agent	Installation Started: Windows has started installing the following update: 9NMPJ99VJBWV-Microsoft.YourPhone
Information	19-10-2021 18:27:30	Microsoft-Windows-WindowsUpdateClient	19	Windows Update Agent	Installation Successful: Windows successfully installed the following update: 9NBLGGH42THS-Microsoft.Microsoft3DViewer
Information	19-10-2021 18:27:21	Microsoft-Windows-Kernel-Power	566	(268)	"The system session has transitioned from 135 to 136.

Reason: 5"
Information	19-10-2021 18:26:52	Microsoft-Windows-WindowsUpdateClient	43	Windows Update Agent	Installation Started: Windows has started installing the following update: 9NBLGGH42THS-Microsoft.Microsoft3DViewer
Information	19-10-2021 18:26:52	Microsoft-Windows-WindowsUpdateClient	44	Windows Update Agent	Windows Update started downloading an update.
Information	19-10-2021 18:26:52	Microsoft-Windows-WindowsUpdateClient	44	Windows Update Agent	Windows Update started downloading an update.
Information	19-10-2021 18:26:52	Microsoft-Windows-WindowsUpdateClient	44	Windows Update Agent	Windows Update started downloading an update.
Information	19-10-2021 18:21:57	Service Control Manager	7040	None	The start type of the Windows Modules Installer service was changed from auto start to demand start.
Information	19-10-2021 18:21:53	Service Control Manager	7040	None	The start type of the Windows Modules Installer service was changed from demand start to auto start.
Warning	19-10-2021 18:18:26	Microsoft-Windows-DNS-Client	1014	(1014)	Name resolution for the name docs.google.com timed out after none of the configured DNS servers responded. Client PID 10420.
Information	19-10-2021 18:17:06	Service Control Manager	7040	None	The start type of the Windows Modules Installer service was changed from auto start to demand start.
Information	19-10-2021 18:16:00	Service Control Manager	7040	None	The start type of the Windows Modules Installer service was changed from demand start to auto start.
Information	19-10-2021 18:15:15	Microsoft-Windows-Time-Service	37	None	The time provider NtpClient is currently receiving valid time data from time.windows.com,0x9 (ntp.m|0x9|0.0.0.0:123->40.81.94.65:123).
Information	19-10-2021 18:15:15	Microsoft-Windows-Time-Service	158	None	The time provider 'VMICTimeProvider' has indicated that the current hardware and operating environment is not supported and has stopped. This behavior is expected for VMICTimeProvider on non-HyperV-guest environments. This may be the expected behavior for the current provider in the current operating environment as well.
Warning	19-10-2021 17:22:24	Microsoft-Windows-DNS-Client	1014	(1014)	Name resolution for the name worldaz.tr.teams.microsoft.com timed out after none of the configured DNS servers responded. Client PID 25428.
Warning	19-10-2021 16:30:50	Microsoft-Windows-DistributedCOM	10016	None	"The application-specific permission settings do not grant Local Activation permission for the COM Server application with CLSID 
{2593F8B9-4EAF-457C-B68A-50F6B8EA6B54}
 and APPID 
{15C20B67-12E7-4BB6-92BB-7AFF07997402}
 to the user LAPTOP-7EVMU4TQ\mahendra SID (S-1-5-21-38077573-387163758-1783380300-1002) from address LocalHost (Using LRPC) running in the application container Unavailable SID (Unavailable). This security permission can be modified using the Component Services administrative tool."
Information	19-10-2021 16:23:10	Service Control Manager	7040	None	The start type of the Background Intelligent Transfer Service service was changed from auto start to demand start.
Warning	19-10-2021 16:18:19	Microsoft-Windows-DNS-Client	1014	(1014)	Name resolution for the name dns.google.com timed out after none of the configured DNS servers responded. Client PID 18844.
Information	19-10-2021 16:17:21	Service Control Manager	7040	None	The start type of the Background Intelligent Transfer Service service was changed from demand start to auto start.
Information	19-10-2021 15:44:50	Microsoft-Windows-Kernel-Power	105	(100)	Power source change.
Information	19-10-2021 15:26:10	Microsoft-Windows-Kernel-Power	566	(268)	"The system session has transitioned from 133 to 135.

Reason: 5"
Information	19-10-2021 15:25:51	Microsoft-Windows-Kernel-Power	566	(268)	"The system session has transitioned from 132 to 133.

Reason: 5"
Error	19-10-2021 15:18:50	Server	2505	None	The server could not bind to the transport \Device\NetBT_Tcpip_{9F961AE3-9423-4C8B-AB48-B1886999008B} because another computer on the network has the same name.  The server could not start.
Information	19-10-2021 15:17:36	Microsoft-Windows-Kernel-Power	566	(268)	"The system session has transitioned from 130 to 132.

Reason: 5"
Information	19-10-2021 15:17:00	Microsoft-Windows-Kernel-Power	566	(268)	"The system session has transitioned from 129 to 130.

Reason: 5"
Information	19-10-2021 15:15:28	Microsoft-Windows-Power-Troubleshooter	1	None	"The system has returned from a low power state.

Sleep Time: ‎2021‎-‎10‎-‎19T09:41:23.748838200Z
Wake Time: ‎2021‎-‎10‎-‎19T09:45:27.572132900Z

Wake Source: Power Button"
Error	19-10-2021 15:15:29	Server	2505	None	The server could not bind to the transport \Device\NetBT_Tcpip_{59426481-F96A-490F-9157-08A6F626BD36} because another computer on the network has the same name.  The server could not start.
Information	19-10-2021 15:15:27	Microsoft-Windows-Kernel-Power	566	(268)	"The system session has transitioned from 127 to 129.

Reason: 5"
Warning	19-10-2021 15:15:26	BTHUSB	34	None	The local adapter does not support an important Low Energy controller state to support peripheral mode.  The minimum required supported state mask is 0x2491f7fffff, got 0xffffffff.  Low Energy peripheral role functionality will not be available.
Information	19-10-2021 15:15:26	BTHUSB	18	None	Windows cannot store Bluetooth authentication codes (link keys) on the local adapter. Bluetooth keyboards might not work in the system BIOS during startup.
Information	19-10-2021 15:15:25	Microsoft-Windows-Kernel-Power	566	(268)	"The system session has transitioned from 126 to 127.

Reason: 5"
Information	19-10-2021 15:15:24	Microsoft-Windows-Kernel-Power	130	(33)	Firmware S3 times. SuspendStart: 185099833, SuspendEnd: 185099835
Information	19-10-2021 15:15:24	Microsoft-Windows-Kernel-Power	131	(33)	Firmware S3 times. ResumeCount: 3, FullResume: 1023, AverageResume: 1025
Information	19-10-2021 15:15:24	Microsoft-Windows-Kernel-General	1	(5)	"The system time has changed to ‎2021‎-‎10‎-‎19T09:45:24.500000000Z from ‎2021‎-‎10‎-‎19T09:41:35.896807800Z.

Change Reason: System time synchronized with the hardware clock.
Process: '' (PID 4).

RTC time: ‎2021‎-‎10‎-‎19T15:15:24.500000000Z
Current time zone bias: -330
RTC time is in UTC: false
System time was based on RTC time: false"
Information	19-10-2021 15:11:35	Microsoft-Windows-Kernel-Power	107	(102)	The system has resumed from sleep.
Information	19-10-2021 15:11:31	Microsoft-Windows-Kernel-Power	42	(64)	"The system is entering sleep.

Sleep Reason: System Idle"
Information	19-10-2021 15:11:25	Microsoft-Windows-Kernel-Power	566	(268)	"The system session has transitioned from 124 to 126.

Reason: 5"
Information	19-10-2021 15:11:04	Microsoft-Windows-Kernel-Power	566	(268)	"The system session has transitioned from 123 to 124.

Reason: 5"
Information	19-10-2021 15:10:58	Microsoft-Windows-Kernel-Power	105	(100)	Power source change.
Warning	19-10-2021 15:05:16	Microsoft-Windows-DistributedCOM	10016	None	"The machine-default permission settings do not grant Local Activation permission for the COM Server application with CLSID 
{C2F03A33-21F5-47FA-B4BB-156362A2F239}
 and APPID 
{316CDED5-E4AE-4B15-9113-7055D84DCC97}
 to the user NT AUTHORITY\LOCAL SERVICE SID (S-1-5-19) from address LocalHost (Using LRPC) running in the application container Unavailable SID (Unavailable). This security permission can be modified using the Component Services administrative tool."
Warning	19-10-2021 15:05:16	Microsoft-Windows-DistributedCOM	10016	None	"The application-specific permission settings do not grant Local Activation permission for the COM Server application with CLSID 
{6B3B8D23-FA8D-40B9-8DBD-B950333E2C52}
 and APPID 
{4839DDB7-58C2-48F5-8283-E1D1807D0D7D}
 to the user NT AUTHORITY\LOCAL SERVICE SID (S-1-5-19) from address LocalHost (Using LRPC) running in the application container Unavailable SID (Unavailable). This security permission can be modified using the Component Services administrative tool."
Warning	19-10-2021 15:05:16	Microsoft-Windows-DistributedCOM	10016	None	"The machine-default permission settings do not grant Local Activation permission for the COM Server application with CLSID 
{C2F03A33-21F5-47FA-B4BB-156362A2F239}
 and APPID 
{316CDED5-E4AE-4B15-9113-7055D84DCC97}
 to the user NT AUTHORITY\LOCAL SERVICE SID (S-1-5-19) from address LocalHost (Using LRPC) running in the application container Unavailable SID (Unavailable). This security permission can be modified using the Component Services administrative tool."
Warning	19-10-2021 15:05:16	Microsoft-Windows-DistributedCOM	10016	None	"The application-specific permission settings do not grant Local Activation permission for the COM Server application with CLSID 
{6B3B8D23-FA8D-40B9-8DBD-B950333E2C52}
 and APPID 
{4839DDB7-58C2-48F5-8283-E1D1807D0D7D}
 to the user NT AUTHORITY\LOCAL SERVICE SID (S-1-5-19) from address LocalHost (Using LRPC) running in the application container Unavailable SID (Unavailable). This security permission can be modified using the Component Services administrative tool."
Warning	19-10-2021 15:05:13	BTHUSB	34	None	The local adapter does not support an important Low Energy controller state to support peripheral mode.  The minimum required supported state mask is 0x2491f7fffff, got 0xffffffff.  Low Energy peripheral role functionality will not be available.
Information	19-10-2021 15:05:13	BTHUSB	18	None	Windows cannot store Bluetooth authentication codes (link keys) on the local adapter. Bluetooth keyboards might not work in the system BIOS during startup.
Error	19-10-2021 15:03:21	Server	2505	None	The server could not bind to the transport \Device\NetBT_Tcpip_{9F961AE3-9423-4C8B-AB48-B1886999008B} because another computer on the network has the same name.  The server could not start.
Error	19-10-2021 15:03:19	Server	2505	None	The server could not bind to the transport \Device\NetBT_Tcpip_{9F961AE3-9423-4C8B-AB48-B1886999008B} because another computer on the network has the same name.  The server could not start.
Information	19-10-2021 15:02:21	Microsoft-Windows-Power-Troubleshooter	1	None	"The system has returned from a low power state.

Sleep Time: ‎2021‎-‎10‎-‎19T08:01:29.687237000Z
Wake Time: ‎2021‎-‎10‎-‎19T09:32:14.378779500Z

Wake Source: Power Button"
Error	19-10-2021 15:02:16	Server	2505	None	The server could not bind to the transport \Device\NetBT_Tcpip_{59426481-F96A-490F-9157-08A6F626BD36} because another computer on the network has the same name.  The server could not start.
Information	19-10-2021 15:02:14	Microsoft-Windows-Kernel-Power	566	(268)	"The system session has transitioned from 121 to 123.

Reason: 5"
Information	19-10-2021 15:02:13	Microsoft-Windows-Kernel-Power	566	(268)	"The system session has transitioned from 120 to 121.

Reason: 5"
Information	19-10-2021 15:02:12	Microsoft-Windows-Kernel-Power	105	(100)	Power source change.
Information	19-10-2021 15:02:11	Microsoft-Windows-Kernel-Power	130	(33)	Firmware S3 times. SuspendStart: 184535397, SuspendEnd: 184535398
Information	19-10-2021 15:02:11	Microsoft-Windows-Kernel-Power	131	(33)	Firmware S3 times. ResumeCount: 2, FullResume: 1024, AverageResume: 1026
Information	19-10-2021 15:02:11	Microsoft-Windows-Kernel-General	1	(5)	"The system time has changed to ‎2021‎-‎10‎-‎19T09:32:11.500000000Z from ‎2021‎-‎10‎-‎19T08:01:52.220941100Z.

Change Reason: System time synchronized with the hardware clock.
Process: '' (PID 4).

RTC time: ‎2021‎-‎10‎-‎19T15:02:11.500000000Z
Current time zone bias: -330
RTC time is in UTC: false
System time was based on RTC time: false"
Information	19-10-2021 13:31:52	Microsoft-Windows-Kernel-Power	107	(102)	The system has resumed from sleep.
Information	19-10-2021 13:31:47	Microsoft-Windows-Kernel-Power	42	(64)	"The system is entering sleep.

Sleep Reason: System Idle"
Information	19-10-2021 13:31:32	Microsoft-Windows-Kernel-Power	566	(268)	"The system session has transitioned from 118 to 120.

Reason: 5"
Information	19-10-2021 13:31:27	Microsoft-Windows-Kernel-Power	566	(268)	"The system session has transitioned from 117 to 118.

Reason: 5"
Warning	19-10-2021 13:23:00	Microsoft-Windows-DistributedCOM	10016	None	"The application-specific permission settings do not grant Local Activation permission for the COM Server application with CLSID 
{2593F8B9-4EAF-457C-B68A-50F6B8EA6B54}
 and APPID 
{15C20B67-12E7-4BB6-92BB-7AFF07997402}
 to the user LAPTOP-7EVMU4TQ\mahendra SID (S-1-5-21-38077573-387163758-1783380300-1002) from address LocalHost (Using LRPC) running in the application container Unavailable SID (Unavailable). This security permission can be modified using the Component Services administrative tool."
Warning	19-10-2021 13:05:15	Microsoft-Windows-DistributedCOM	10016	None	"The application-specific permission settings do not grant Local Activation permission for the COM Server application with CLSID 
{9E175B6D-F52A-11D8-B9A5-505054503030}
 and APPID 
{9E175B9C-F52A-11D8-B9A5-505054503030}
 to the user LAPTOP-7EVMU4TQ\mahendra SID (S-1-5-21-38077573-387163758-1783380300-1002) from address LocalHost (Using LRPC) running in the application container Unavailable SID (S-1-15-2-213145890-1727308424-3048782045-2914891076-368191918-3888119464-2735207845). This security permission can be modified using the Component Services administrative tool."
Warning	19-10-2021 13:04:54	Microsoft-Windows-DistributedCOM	10016	None	"The application-specific permission settings do not grant Local Activation permission for the COM Server application with CLSID 
{9E175B6D-F52A-11D8-B9A5-505054503030}
 and APPID 
{9E175B9C-F52A-11D8-B9A5-505054503030}
 to the user LAPTOP-7EVMU4TQ\mahendra SID (S-1-5-21-38077573-387163758-1783380300-1002) from address LocalHost (Using LRPC) running in the application container Unavailable SID (S-1-15-2-213145890-1727308424-3048782045-2914891076-368191918-3888119464-2735207845). This security permission can be modified using the Component Services administrative tool."
Warning	19-10-2021 13:04:44	Microsoft-Windows-DistributedCOM	10016	None	"The application-specific permission settings do not grant Local Activation permission for the COM Server application with CLSID 
{9E175B6D-F52A-11D8-B9A5-505054503030}
 and APPID 
{9E175B9C-F52A-11D8-B9A5-505054503030}
 to the user LAPTOP-7EVMU4TQ\mahendra SID (S-1-5-21-38077573-387163758-1783380300-1002) from address LocalHost (Using LRPC) running in the application container Unavailable SID (S-1-15-2-213145890-1727308424-3048782045-2914891076-368191918-3888119464-2735207845). This security permission can be modified using the Component Services administrative tool."
Warning	19-10-2021 13:04:35	Microsoft-Windows-DistributedCOM	10016	None	"The application-specific permission settings do not grant Local Activation permission for the COM Server application with CLSID 
{9E175B6D-F52A-11D8-B9A5-505054503030}
 and APPID 
{9E175B9C-F52A-11D8-B9A5-505054503030}
 to the user LAPTOP-7EVMU4TQ\mahendra SID (S-1-5-21-38077573-387163758-1783380300-1002) from address LocalHost (Using LRPC) running in the application container Unavailable SID (S-1-15-2-213145890-1727308424-3048782045-2914891076-368191918-3888119464-2735207845). This security permission can be modified using the Component Services administrative tool."
Information	19-10-2021 12:55:47	Service Control Manager	7040	None	The start type of the Background Intelligent Transfer Service service was changed from auto start to demand start.
Information	19-10-2021 12:55:35	Microsoft-Windows-WindowsUpdateClient	19	Windows Update Agent	Installation Successful: Windows successfully installed the following update: Security Intelligence Update for Microsoft Defender Antivirus - KB2267602 (Version 1.351.670.0)
Information	19-10-2021 12:54:27	Microsoft-Windows-WindowsUpdateClient	43	Windows Update Agent	Installation Started: Windows has started installing the following update: Security Intelligence Update for Microsoft Defender Antivirus - KB2267602 (Version 1.351.670.0)
Information	19-10-2021 12:54:19	Microsoft-Windows-WindowsUpdateClient	44	Windows Update Agent	Windows Update started downloading an update.
Information	19-10-2021 12:53:18	Microsoft-Windows-Kernel-General	16	None	The access history in hive \??\C:\ProgramData\Packages\Microsoft.XboxGamingOverlay_8wekyb3d8bbwe\S-1-5-21-38077573-387163758-1783380300-1002\SystemAppData\Helium\Cache\22fa65dc658819d2_COM15.dat was cleared updating 1 keys and creating 1 modified pages.
Information	19-10-2021 12:53:00	Service Control Manager	7040	None	The start type of the Background Intelligent Transfer Service service was changed from demand start to auto start.
Warning	19-10-2021 12:41:56	Microsoft-Windows-DistributedCOM	10016	None	"The application-specific permission settings do not grant Local Activation permission for the COM Server application with CLSID 
{9E175B6D-F52A-11D8-B9A5-505054503030}
 and APPID 
{9E175B9C-F52A-11D8-B9A5-505054503030}
 to the user LAPTOP-7EVMU4TQ\mahendra SID (S-1-5-21-38077573-387163758-1783380300-1002) from address LocalHost (Using LRPC) running in the application container Unavailable SID (S-1-15-2-213145890-1727308424-3048782045-2914891076-368191918-3888119464-2735207845). This security permission can be modified using the Component Services administrative tool."
Warning	19-10-2021 12:41:50	Microsoft-Windows-DistributedCOM	10016	None	"The application-specific permission settings do not grant Local Activation permission for the COM Server application with CLSID 
{9E175B6D-F52A-11D8-B9A5-505054503030}
 and APPID 
{9E175B9C-F52A-11D8-B9A5-505054503030}
 to the user LAPTOP-7EVMU4TQ\mahendra SID (S-1-5-21-38077573-387163758-1783380300-1002) from address LocalHost (Using LRPC) running in the application container Unavailable SID (S-1-15-2-213145890-1727308424-3048782045-2914891076-368191918-3888119464-2735207845). This security permission can be modified using the Component Services administrative tool."
Warning	19-10-2021 12:41:29	Microsoft-Windows-DistributedCOM	10016	None	"The application-specific permission settings do not grant Local Activation permission for the COM Server application with CLSID 
{9E175B6D-F52A-11D8-B9A5-505054503030}
 and APPID 
{9E175B9C-F52A-11D8-B9A5-505054503030}
 to the user LAPTOP-7EVMU4TQ\mahendra SID (S-1-5-21-38077573-387163758-1783380300-1002) from address LocalHost (Using LRPC) running in the application container Unavailable SID (S-1-15-2-213145890-1727308424-3048782045-2914891076-368191918-3888119464-2735207845). This security permission can be modified using the Component Services administrative tool."
Warning	19-10-2021 12:41:03	Microsoft-Windows-DistributedCOM	10016	None	"The application-specific permission settings do not grant Local Activation permission for the COM Server application with CLSID 
{9E175B6D-F52A-11D8-B9A5-505054503030}
 and APPID 
{9E175B9C-F52A-11D8-B9A5-505054503030}
 to the user LAPTOP-7EVMU4TQ\mahendra SID (S-1-5-21-38077573-387163758-1783380300-1002) from address LocalHost (Using LRPC) running in the application container Unavailable SID (S-1-15-2-213145890-1727308424-3048782045-2914891076-368191918-3888119464-2735207845). This security permission can be modified using the Component Services administrative tool."
Warning	19-10-2021 12:41:02	Microsoft-Windows-DistributedCOM	10016	None	"The application-specific permission settings do not grant Local Activation permission for the COM Server application with CLSID 
{9E175B6D-F52A-11D8-B9A5-505054503030}
 and APPID 
{9E175B9C-F52A-11D8-B9A5-505054503030}
 to the user LAPTOP-7EVMU4TQ\mahendra SID (S-1-5-21-38077573-387163758-1783380300-1002) from address LocalHost (Using LRPC) running in the application container Unavailable SID (S-1-15-2-213145890-1727308424-3048782045-2914891076-368191918-3888119464-2735207845). This security permission can be modified using the Component Services administrative tool."
Warning	19-10-2021 12:40:49	Microsoft-Windows-DistributedCOM	10016	None	"The application-specific permission settings do not grant Local Activation permission for the COM Server application with CLSID 
{9E175B6D-F52A-11D8-B9A5-505054503030}
 and APPID 
{9E175B9C-F52A-11D8-B9A5-505054503030}
 to the user LAPTOP-7EVMU4TQ\mahendra SID (S-1-5-21-38077573-387163758-1783380300-1002) from address LocalHost (Using LRPC) running in the application container Unavailable SID (S-1-15-2-213145890-1727308424-3048782045-2914891076-368191918-3888119464-2735207845). This security permission can be modified using the Component Services administrative tool."
Warning	19-10-2021 12:39:21	Microsoft-Windows-DistributedCOM	10016	None	"The application-specific permission settings do not grant Local Activation permission for the COM Server application with CLSID 
{9E175B6D-F52A-11D8-B9A5-505054503030}
 and APPID 
{9E175B9C-F52A-11D8-B9A5-505054503030}
 to the user LAPTOP-7EVMU4TQ\mahendra SID (S-1-5-21-38077573-387163758-1783380300-1002) from address LocalHost (Using LRPC) running in the application container Unavailable SID (S-1-15-2-213145890-1727308424-3048782045-2914891076-368191918-3888119464-2735207845). This security permission can be modified using the Component Services administrative tool."
Warning	19-10-2021 12:39:17	Microsoft-Windows-DistributedCOM	10016	None	"The application-specific permission settings do not grant Local Activation permission for the COM Server application with CLSID 
{9E175B6D-F52A-11D8-B9A5-505054503030}
 and APPID 
{9E175B9C-F52A-11D8-B9A5-505054503030}
 to the user LAPTOP-7EVMU4TQ\mahendra SID (S-1-5-21-38077573-387163758-1783380300-1002) from address LocalHost (Using LRPC) running in the application container Unavailable SID (S-1-15-2-213145890-1727308424-3048782045-2914891076-368191918-3888119464-2735207845). This security permission can be modified using the Component Services administrative tool."
Warning	19-10-2021 12:36:42	Microsoft-Windows-DistributedCOM	10016	None	"The application-specific permission settings do not grant Local Activation permission for the COM Server application with CLSID 
{9E175B6D-F52A-11D8-B9A5-505054503030}
 and APPID 
{9E175B9C-F52A-11D8-B9A5-505054503030}
 to the user LAPTOP-7EVMU4TQ\mahendra SID (S-1-5-21-38077573-387163758-1783380300-1002) from address LocalHost (Using LRPC) running in the application container Unavailable SID (S-1-15-2-213145890-1727308424-3048782045-2914891076-368191918-3888119464-2735207845). This security permission can be modified using the Component Services administrative tool."
Warning	19-10-2021 12:36:39	Microsoft-Windows-DistributedCOM	10016	None	"The application-specific permission settings do not grant Local Activation permission for the COM Server application with CLSID 
{9E175B6D-F52A-11D8-B9A5-505054503030}
 and APPID 
{9E175B9C-F52A-11D8-B9A5-505054503030}
 to the user LAPTOP-7EVMU4TQ\mahendra SID (S-1-5-21-38077573-387163758-1783380300-1002) from address LocalHost (Using LRPC) running in the application container Unavailable SID (S-1-15-2-213145890-1727308424-3048782045-2914891076-368191918-3888119464-2735207845). This security permission can be modified using the Component Services administrative tool."
Warning	19-10-2021 12:36:24	Microsoft-Windows-DistributedCOM	10016	None	"The application-specific permission settings do not grant Local Activation permission for the COM Server application with CLSID 
{9E175B6D-F52A-11D8-B9A5-505054503030}
 and APPID 
{9E175B9C-F52A-11D8-B9A5-505054503030}
 to the user LAPTOP-7EVMU4TQ\mahendra SID (S-1-5-21-38077573-387163758-1783380300-1002) from address LocalHost (Using LRPC) running in the application container Unavailable SID (S-1-15-2-213145890-1727308424-3048782045-2914891076-368191918-3888119464-2735207845). This security permission can be modified using the Component Services administrative tool."
Warning	19-10-2021 12:35:30	Microsoft-Windows-DistributedCOM	10016	None	"The application-specific permission settings do not grant Local Activation permission for the COM Server application with CLSID 
{8BC3F05E-D86B-11D0-A075-00C04FB68820}
 and APPID 
{8BC3F05E-D86B-11D0-A075-00C04FB68820}
 to the user LAPTOP-7EVMU4TQ\mahendra SID (S-1-5-21-38077573-387163758-1783380300-1002) from address LocalHost (Using LRPC) running in the application container Unavailable SID (S-1-15-2-213145890-1727308424-3048782045-2914891076-368191918-3888119464-2735207845). This security permission can be modified using the Component Services administrative tool."
Warning	19-10-2021 12:19:39	Microsoft-Windows-DistributedCOM	10016	None	"The application-specific permission settings do not grant Local Activation permission for the COM Server application with CLSID 
{8BC3F05E-D86B-11D0-A075-00C04FB68820}
 and APPID 
{8BC3F05E-D86B-11D0-A075-00C04FB68820}
 to the user LAPTOP-7EVMU4TQ\mahendra SID (S-1-5-21-38077573-387163758-1783380300-1002) from address LocalHost (Using LRPC) running in the application container Unavailable SID (S-1-15-2-1176138853-2121099468-1379262235-1380614417-2322526457-4067520730-1032714575). This security permission can be modified using the Component Services administrative tool."
