Warning	22-10-2021 09:07:45	Microsoft-Windows-DistributedCOM	10016	None	"The application-specific permission settings do not grant Local Activation permission for the COM Server application with CLSID 
{2593F8B9-4EAF-457C-B68A-50F6B8EA6B54}
 and APPID 
{15C20B67-12E7-4BB6-92BB-7AFF07997402}
 to the user LAPTOP-7EVMU4TQ\mahendra SID (S-1-5-21-38077573-387163758-1783380300-1002) from address LocalHost (Using LRPC) running in the application container Unavailable SID (Unavailable). This security permission can be modified using the Component Services administrative tool."
Warning	22-10-2021 08:31:28	Microsoft-Windows-DistributedCOM	10016	None	"The application-specific permission settings do not grant Local Activation permission for the COM Server application with CLSID 
{2593F8B9-4EAF-457C-B68A-50F6B8EA6B54}
 and APPID 
{15C20B67-12E7-4BB6-92BB-7AFF07997402}
 to the user LAPTOP-7EVMU4TQ\mahendra SID (S-1-5-21-38077573-387163758-1783380300-1002) from address LocalHost (Using LRPC) running in the application container Unavailable SID (Unavailable). This security permission can be modified using the Component Services administrative tool."
Error	22-10-2021 08:31:02	Server	2505	None	The server could not bind to the transport \Device\NetBT_Tcpip_{9F961AE3-9423-4C8B-AB48-B1886999008B} because another computer on the network has the same name.  The server could not start.
Error	22-10-2021 08:30:18	Server	2505	None	The server could not bind to the transport \Device\NetBT_Tcpip_{9F961AE3-9423-4C8B-AB48-B1886999008B} because another computer on the network has the same name.  The server could not start.
Error	22-10-2021 08:29:58	Server	2505	None	The server could not bind to the transport \Device\NetBT_Tcpip_{9F961AE3-9423-4C8B-AB48-B1886999008B} because another computer on the network has the same name.  The server could not start.
Information	22-10-2021 08:29:27	Microsoft-Windows-Kernel-General	1	(5)	"The system time has changed to ‎2021‎-‎10‎-‎22T02:59:27.438228200Z from ‎2021‎-‎10‎-‎22T02:59:27.436888200Z.

Change Reason: An application or system component changed the time.
Process: '\Device\HarddiskVolume3\Windows\System32\svchost.exe' (PID 17836).

RTC time: ‎2021‎-‎10‎-‎22T08:29:27.438228200Z
Current time zone bias: -330
RTC time is in UTC: false
System time was based on RTC time: false"
Information	22-10-2021 08:29:27	Microsoft-Windows-Kernel-General	24	(11)	The time zone information was refreshed with exit reason 0. Current time zone bias is -330.
Information	22-10-2021 08:29:27	Microsoft-Windows-Time-Service	35	None	The time service is now synchronizing the system time with the time source time.windows.com,0x9 (ntp.m|0x9|0.0.0.0:123->40.81.94.65:123) with reference id 1096700200. Current local stratum number is 4.
Information	22-10-2021 08:29:27	Microsoft-Windows-Time-Service	37	None	The time provider NtpClient is currently receiving valid time data from time.windows.com,0x9 (ntp.m|0x9|0.0.0.0:123->40.81.94.65:123).
Error	22-10-2021 08:28:55	Server	2505	None	The server could not bind to the transport \Device\NetBT_Tcpip_{9F961AE3-9423-4C8B-AB48-B1886999008B} because another computer on the network has the same name.  The server could not start.
Error	22-10-2021 08:28:51	Server	2505	None	The server could not bind to the transport \Device\NetBT_Tcpip_{59426481-F96A-490F-9157-08A6F626BD36} because another computer on the network has the same name.  The server could not start.
Information	22-10-2021 08:28:49	Microsoft-Windows-Power-Troubleshooter	1	None	"The system has returned from a low power state.

Sleep Time: ‎2021‎-‎10‎-‎22T02:53:14.429733300Z
Wake Time: ‎2021‎-‎10‎-‎22T02:58:47.770330600Z

Wake Source: Power Button"
Information	22-10-2021 08:28:47	Microsoft-Windows-Kernel-Power	566	(268)	"The system session has transitioned from 215 to 217.

Reason: 5"
Information	22-10-2021 08:28:47	Microsoft-Windows-Kernel-Power	566	(268)	"The system session has transitioned from 214 to 215.

Reason: 5"
Information	22-10-2021 08:28:46	Microsoft-Windows-Kernel-Power	130	(33)	Firmware S3 times. SuspendStart: 328797907, SuspendEnd: 328797908
Information	22-10-2021 08:28:46	Microsoft-Windows-Kernel-Power	131	(33)	Firmware S3 times. ResumeCount: 2, FullResume: 1025, AverageResume: 1026
Information	22-10-2021 08:28:46	Microsoft-Windows-Kernel-General	1	(5)	"The system time has changed to ‎2021‎-‎10‎-‎22T02:58:46.500000000Z from ‎2021‎-‎10‎-‎22T02:53:27.411697400Z.

Change Reason: System time synchronized with the hardware clock.
Process: '' (PID 4).

RTC time: ‎2021‎-‎10‎-‎22T08:28:46.500000000Z
Current time zone bias: -330
RTC time is in UTC: false
System time was based on RTC time: false"
Information	22-10-2021 08:23:27	Microsoft-Windows-Kernel-Power	107	(102)	The system has resumed from sleep.
Information	22-10-2021 08:23:22	Microsoft-Windows-Kernel-Power	42	(64)	"The system is entering sleep.

Sleep Reason: System Idle"
Information	22-10-2021 08:23:17	Microsoft-Windows-Kernel-Power	566	(268)	"The system session has transitioned from 212 to 214.

Reason: 5"
Information	22-10-2021 08:23:14	Microsoft-Windows-Kernel-Power	566	(268)	"The system session has transitioned from 211 to 212.

Reason: 5"
Information	22-10-2021 08:18:53	Service Control Manager	7040	None	The start type of the Background Intelligent Transfer Service service was changed from auto start to demand start.
Information	22-10-2021 08:16:36	Service Control Manager	7040	None	The start type of the Background Intelligent Transfer Service service was changed from demand start to auto start.
Warning	22-10-2021 08:16:00	Microsoft-Windows-Time-Service	134	None	NtpClient was unable to set a manual peer to use as a time source because of DNS resolution error on 'time.windows.com,0x9'. NtpClient will try again in 15 minutes and double the reattempt interval thereafter. The error was: No such host is known. (0x80072AF9)
Warning	22-10-2021 08:15:41	Microsoft-Windows-DistributedCOM	10016	None	"The application-specific permission settings do not grant Local Activation permission for the COM Server application with CLSID 
{6B3B8D23-FA8D-40B9-8DBD-B950333E2C52}
 and APPID 
{4839DDB7-58C2-48F5-8283-E1D1807D0D7D}
 to the user NT AUTHORITY\LOCAL SERVICE SID (S-1-5-19) from address LocalHost (Using LRPC) running in the application container Unavailable SID (Unavailable). This security permission can be modified using the Component Services administrative tool."
Warning	22-10-2021 08:15:41	Microsoft-Windows-DistributedCOM	10016	None	"The application-specific permission settings do not grant Local Activation permission for the COM Server application with CLSID 
{6B3B8D23-FA8D-40B9-8DBD-B950333E2C52}
 and APPID 
{4839DDB7-58C2-48F5-8283-E1D1807D0D7D}
 to the user NT AUTHORITY\LOCAL SERVICE SID (S-1-5-19) from address LocalHost (Using LRPC) running in the application container Unavailable SID (Unavailable). This security permission can be modified using the Component Services administrative tool."
Information	22-10-2021 08:15:31	Microsoft-Windows-Kernel-General	15	(10)	Hive \??\C:\Users\mahendra\AppData\Local\Microsoft\Windows\UsrClass.dat was reorganized with a starting size of 9355264 bytes and an ending size of 9158656 bytes.
Information	22-10-2021 08:15:31	Microsoft-Windows-Kernel-General	15	(10)	Hive \??\C:\Users\mahendra\ntuser.dat was reorganized with a starting size of 15454208 bytes and an ending size of 15093760 bytes.
Information	22-10-2021 08:15:31	Microsoft-Windows-Winlogon	7001	(1101)	User Logon Notification for Customer Experience Improvement Program
Information	22-10-2021 08:15:23	Microsoft-Windows-Power-Troubleshooter	1	None	"The system has returned from a low power state.

Sleep Time: ‎2021‎-‎10‎-‎22T02:39:02.860693400Z
Wake Time: ‎2021‎-‎10‎-‎22T02:45:22.666762900Z

Wake Source: Power Button"
Error	22-10-2021 08:15:24	Server	2505	None	The server could not bind to the transport \Device\NetBT_Tcpip_{59426481-F96A-490F-9157-08A6F626BD36} because another computer on the network has the same name.  The server could not start.
Information	22-10-2021 08:15:22	Microsoft-Windows-Kernel-Power	566	(268)	"The system session has transitioned from 209 to 211.

Reason: 5"
Information	22-10-2021 08:15:21	Microsoft-Windows-Kernel-Power	566	(268)	"The system session has transitioned from 208 to 209.

Reason: 5"
Information	22-10-2021 08:15:19	Microsoft-Windows-Kernel-Power	130	(33)	Firmware S3 times. SuspendStart: 328310294, SuspendEnd: 328310295
Information	22-10-2021 08:15:19	Microsoft-Windows-Kernel-Power	131	(33)	Firmware S3 times. ResumeCount: 1, FullResume: 1027, AverageResume: 1027
Information	22-10-2021 08:15:19	Microsoft-Windows-Kernel-General	1	(5)	"The system time has changed to ‎2021‎-‎10‎-‎22T02:45:19.500000000Z from ‎2021‎-‎10‎-‎22T02:39:18.486212700Z.

Change Reason: System time synchronized with the hardware clock.
Process: '' (PID 4).

RTC time: ‎2021‎-‎10‎-‎22T08:15:19.500000000Z
Current time zone bias: -330
RTC time is in UTC: false
System time was based on RTC time: false"
Information	22-10-2021 08:09:18	Microsoft-Windows-Kernel-Power	107	(102)	The system has resumed from sleep.
Information	22-10-2021 08:09:14	Microsoft-Windows-Kernel-Power	42	(64)	"The system is entering sleep.

Sleep Reason: System Idle"
Information	22-10-2021 08:09:03	Microsoft-Windows-Kernel-Power	566	(268)	"The system session has transitioned from 206 to 208.

Reason: 5"
Information	22-10-2021 08:09:02	Microsoft-Windows-Kernel-Power	566	(268)	"The system session has transitioned from 205 to 206.

Reason: 5"
Warning	22-10-2021 08:04:33	Microsoft-Windows-Time-Service	134	None	NtpClient was unable to set a manual peer to use as a time source because of DNS resolution error on 'time.windows.com,0x9'. NtpClient will try again in 15 minutes and double the reattempt interval thereafter. The error was: No such host is known. (0x80072AF9)
Information	22-10-2021 08:04:00	Microsoft-Windows-Power-Troubleshooter	1	None	"The system has returned from a low power state.

Sleep Time: ‎2021‎-‎10‎-‎21T18:03:36.558515100Z
Wake Time: ‎2021‎-‎10‎-‎22T02:33:55.550056000Z

Wake Source: Unknown"
Warning	22-10-2021 08:03:58	Microsoft-Windows-Time-Service	134	None	NtpClient was unable to set a manual peer to use as a time source because of DNS resolution error on 'time.windows.com,0x9'. NtpClient will try again in 15 minutes and double the reattempt interval thereafter. The error was: No such host is known. (0x80072AF9)
Error	22-10-2021 08:03:58	Server	2505	None	The server could not bind to the transport \Device\NetBT_Tcpip_{59426481-F96A-490F-9157-08A6F626BD36} because another computer on the network has the same name.  The server could not start.
Information	22-10-2021 08:03:55	Microsoft-Windows-Kernel-Power	566	(268)	"The system session has transitioned from 203 to 205.

Reason: 5"
Information	22-10-2021 08:03:55	Microsoft-Windows-Kernel-Power	566	(268)	"The system session has transitioned from 202 to 203.

Reason: 5"
Information	22-10-2021 08:03:55	Microsoft-Windows-Kernel-Boot	32	(58)	The bootmgr spent 0 ms waiting for user input.
Information	22-10-2021 08:03:55	Microsoft-Windows-Kernel-Boot	18	(57)	There are 0x1 boot options on this system.
Information	22-10-2021 08:03:55	Microsoft-Windows-Kernel-Boot	30	(21)	The firmware reported boot metrics.
Information	22-10-2021 08:03:54	Microsoft-Windows-Kernel-Power	105	(100)	Power source change.
Information	22-10-2021 08:03:51	Microsoft-Windows-Kernel-General	1	(5)	"The system time has changed to ‎2021‎-‎10‎-‎22T02:33:51.500000000Z from ‎2021‎-‎10‎-‎21T18:04:11.707092700Z.

Change Reason: System time synchronized with the hardware clock.
Process: '' (PID 4).

RTC time: ‎2021‎-‎10‎-‎22T08:03:51.500000000Z
Current time zone bias: -330
RTC time is in UTC: false
System time was based on RTC time: false"
Information	21-10-2021 23:34:11	Microsoft-Windows-Kernel-Power	107	(102)	The system has resumed from sleep.
Information	21-10-2021 23:33:53	Microsoft-Windows-Kernel-Power	42	(64)	"The system is entering sleep.

Sleep Reason: Application API"
Information	21-10-2021 23:33:37	Microsoft-Windows-Kernel-Power	566	(268)	"The system session has transitioned from 201 to 202.

Reason: 5"
Information	21-10-2021 23:33:36	Microsoft-Windows-Kernel-Power	187	(243)	User-mode process attempted to change the system state by calling SetSuspendState or SetSystemPowerState APIs.
Information	21-10-2021 23:33:31	Microsoft-Windows-Winlogon	7002	(1102)	User Logoff Notification for Customer Experience Improvement Program
Information	21-10-2021 23:32:58	User32	1074	None	"The process Explorer.EXE has initiated the power off of computer LAPTOP-7EVMU4TQ on behalf of user LAPTOP-7EVMU4TQ\mahendra for the following reason: Other (Unplanned)
 Reason Code: 0x0
 Shutdown Type: power off
 Comment: "
Warning	21-10-2021 23:32:15	Microsoft-Windows-DistributedCOM	10016	None	"The application-specific permission settings do not grant Local Activation permission for the COM Server application with CLSID 
{2593F8B9-4EAF-457C-B68A-50F6B8EA6B54}
 and APPID 
{15C20B67-12E7-4BB6-92BB-7AFF07997402}
 to the user LAPTOP-7EVMU4TQ\mahendra SID (S-1-5-21-38077573-387163758-1783380300-1002) from address LocalHost (Using LRPC) running in the application container Unavailable SID (Unavailable). This security permission can be modified using the Component Services administrative tool."
Warning	21-10-2021 23:25:41	Microsoft-Windows-DNS-Client	1014	(1014)	Name resolution for the name disc801.prod.do.dsp.mp.microsoft.com timed out after none of the configured DNS servers responded. Client PID 3824.
Error	21-10-2021 23:23:32	Server	2505	None	The server could not bind to the transport \Device\NetBT_Tcpip_{9F961AE3-9423-4C8B-AB48-B1886999008B} because another computer on the network has the same name.  The server could not start.
Error	21-10-2021 23:21:39	Server	2505	None	The server could not bind to the transport \Device\NetBT_Tcpip_{9F961AE3-9423-4C8B-AB48-B1886999008B} because another computer on the network has the same name.  The server could not start.
Error	21-10-2021 23:21:37	Server	2505	None	The server could not bind to the transport \Device\NetBT_Tcpip_{9F961AE3-9423-4C8B-AB48-B1886999008B} because another computer on the network has the same name.  The server could not start.
Error	21-10-2021 23:20:31	Server	2505	None	The server could not bind to the transport \Device\NetBT_Tcpip_{9F961AE3-9423-4C8B-AB48-B1886999008B} because another computer on the network has the same name.  The server could not start.
Warning	21-10-2021 23:02:13	Microsoft-Windows-DNS-Client	1014	(1014)	Name resolution for the name client.wns.windows.com timed out after none of the configured DNS servers responded. Client PID 4464.
Information	21-10-2021 22:59:18	Microsoft-Windows-WindowsUpdateClient	19	Windows Update Agent	Installation Successful: Windows successfully installed the following update: Security Intelligence Update for Microsoft Defender Antivirus - KB2267602 (Version 1.351.806.0)
Information	21-10-2021 22:58:46	Service Control Manager	7040	None	The start type of the Background Intelligent Transfer Service service was changed from auto start to demand start.
Information	21-10-2021 22:57:59	Microsoft-Windows-WindowsUpdateClient	43	Windows Update Agent	Installation Started: Windows has started installing the following update: Security Intelligence Update for Microsoft Defender Antivirus - KB2267602 (Version 1.351.806.0)
Information	21-10-2021 22:57:56	Microsoft-Windows-WindowsUpdateClient	44	Windows Update Agent	Windows Update started downloading an update.
Information	21-10-2021 22:55:19	Service Control Manager	7040	None	The start type of the Background Intelligent Transfer Service service was changed from demand start to auto start.
Warning	21-10-2021 22:53:27	Microsoft-Windows-DNS-Client	1014	(1014)	Name resolution for the name dns.google.com timed out after none of the configured DNS servers responded. Client PID 7608.
Information	21-10-2021 22:07:18	Service Control Manager	7040	None	The start type of the Background Intelligent Transfer Service service was changed from auto start to demand start.
Information	21-10-2021 22:04:39	Service Control Manager	7040	None	The start type of the Background Intelligent Transfer Service service was changed from demand start to auto start.
Warning	21-10-2021 22:03:38	Microsoft-Windows-DistributedCOM	10016	None	"The application-specific permission settings do not grant Local Activation permission for the COM Server application with CLSID 
{2593F8B9-4EAF-457C-B68A-50F6B8EA6B54}
 and APPID 
{15C20B67-12E7-4BB6-92BB-7AFF07997402}
 to the user LAPTOP-7EVMU4TQ\mahendra SID (S-1-5-21-38077573-387163758-1783380300-1002) from address LocalHost (Using LRPC) running in the application container Unavailable SID (Unavailable). This security permission can be modified using the Component Services administrative tool."
Error	21-10-2021 20:42:40	Server	2505	None	The server could not bind to the transport \Device\NetBT_Tcpip_{9F961AE3-9423-4C8B-AB48-B1886999008B} because another computer on the network has the same name.  The server could not start.
Warning	21-10-2021 20:20:57	Microsoft-Windows-DistributedCOM	10016	None	"The application-specific permission settings do not grant Local Activation permission for the COM Server application with CLSID 
{2593F8B9-4EAF-457C-B68A-50F6B8EA6B54}
 and APPID 
{15C20B67-12E7-4BB6-92BB-7AFF07997402}
 to the user LAPTOP-7EVMU4TQ\mahendra SID (S-1-5-21-38077573-387163758-1783380300-1002) from address LocalHost (Using LRPC) running in the application container Unavailable SID (Unavailable). This security permission can be modified using the Component Services administrative tool."
Warning	21-10-2021 20:14:02	Microsoft-Windows-DistributedCOM	10016	None	"The application-specific permission settings do not grant Local Activation permission for the COM Server application with CLSID 
{2593F8B9-4EAF-457C-B68A-50F6B8EA6B54}
 and APPID 
{15C20B67-12E7-4BB6-92BB-7AFF07997402}
 to the user LAPTOP-7EVMU4TQ\mahendra SID (S-1-5-21-38077573-387163758-1783380300-1002) from address LocalHost (Using LRPC) running in the application container Unavailable SID (Unavailable). This security permission can be modified using the Component Services administrative tool."
Warning	21-10-2021 20:02:22	Microsoft-Windows-DistributedCOM	10016	None	"The application-specific permission settings do not grant Local Activation permission for the COM Server application with CLSID 
{2593F8B9-4EAF-457C-B68A-50F6B8EA6B54}
 and APPID 
{15C20B67-12E7-4BB6-92BB-7AFF07997402}
 to the user LAPTOP-7EVMU4TQ\mahendra SID (S-1-5-21-38077573-387163758-1783380300-1002) from address LocalHost (Using LRPC) running in the application container Unavailable SID (Unavailable). This security permission can be modified using the Component Services administrative tool."
Warning	21-10-2021 19:54:17	Microsoft-Windows-DistributedCOM	10016	None	"The application-specific permission settings do not grant Local Activation permission for the COM Server application with CLSID 
{2593F8B9-4EAF-457C-B68A-50F6B8EA6B54}
 and APPID 
{15C20B67-12E7-4BB6-92BB-7AFF07997402}
 to the user LAPTOP-7EVMU4TQ\mahendra SID (S-1-5-21-38077573-387163758-1783380300-1002) from address LocalHost (Using LRPC) running in the application container Unavailable SID (Unavailable). This security permission can be modified using the Component Services administrative tool."
Error	21-10-2021 19:15:00	Service Control Manager	7009	None	A timeout was reached (30000 milliseconds) while waiting for the Intel(R) SUR QC Software Asset Manager service to connect.
Information	21-10-2021 18:54:03	Microsoft-Windows-Kernel-General	16	None	The access history in hive \??\C:\Users\mahendra\AppData\Local\Packages\Microsoft.Windows.ContentDeliveryManager_cw5n1h2txyewy\Settings\settings.dat was cleared updating 2317 keys and creating 164 modified pages.
Error	21-10-2021 18:52:17	Server	2505	None	The server could not bind to the transport \Device\NetBT_Tcpip_{9F961AE3-9423-4C8B-AB48-B1886999008B} because another computer on the network has the same name.  The server could not start.
Information	21-10-2021 18:52:14	Microsoft-Windows-Power-Troubleshooter	1	None	"The system has returned from a low power state.

Sleep Time: ‎2021‎-‎10‎-‎21T12:49:50.682235000Z
Wake Time: ‎2021‎-‎10‎-‎21T13:22:10.913932100Z

Wake Source: Power Button"
Error	21-10-2021 18:52:14	Server	2505	None	The server could not bind to the transport \Device\NetBT_Tcpip_{59426481-F96A-490F-9157-08A6F626BD36} because another computer on the network has the same name.  The server could not start.
Information	21-10-2021 18:52:10	Microsoft-Windows-Kernel-Power	566	(268)	"The system session has transitioned from 199 to 201.

Reason: 5"
Information	21-10-2021 18:52:10	Microsoft-Windows-Kernel-Power	566	(268)	"The system session has transitioned from 198 to 199.

Reason: 5"
Information	21-10-2021 18:52:09	Microsoft-Windows-Kernel-Power	130	(33)	Firmware S3 times. SuspendStart: 311250857, SuspendEnd: 311250858
Information	21-10-2021 18:52:09	Microsoft-Windows-Kernel-Power	131	(33)	Firmware S3 times. ResumeCount: 4, FullResume: 1027, AverageResume: 1025
Warning	21-10-2021 18:52:09	Microsoft-Windows-DNS-Client	1014	(1014)	Name resolution for the name ctldl.windowsupdate.com timed out after none of the configured DNS servers responded. Client PID 2848.
Information	21-10-2021 18:52:09	Microsoft-Windows-Kernel-General	1	(5)	"The system time has changed to ‎2021‎-‎10‎-‎21T13:22:09.500000000Z from ‎2021‎-‎10‎-‎21T12:50:11.119848200Z.

Change Reason: System time synchronized with the hardware clock.
Process: '' (PID 4).

RTC time: ‎2021‎-‎10‎-‎21T18:52:09.500000000Z
Current time zone bias: -330
RTC time is in UTC: false
System time was based on RTC time: false"
Information	21-10-2021 18:20:11	Microsoft-Windows-Kernel-Power	107	(102)	The system has resumed from sleep.
Information	21-10-2021 18:20:00	Microsoft-Windows-Kernel-Power	42	(64)	"The system is entering sleep.

Sleep Reason: System Idle"
Information	21-10-2021 18:19:51	Microsoft-Windows-Kernel-Power	566	(268)	"The system session has transitioned from 196 to 198.

Reason: 5"
Warning	21-10-2021 18:17:31	Microsoft-Windows-DNS-Client	1014	(1014)	Name resolution for the name trouter2-azsc-asse-2-b.trouter.teams.microsoft.com timed out after none of the configured DNS servers responded. Client PID 18844.
Error	21-10-2021 18:17:22	Server	2505	None	The server could not bind to the transport \Device\NetBT_Tcpip_{9F961AE3-9423-4C8B-AB48-B1886999008B} because another computer on the network has the same name.  The server could not start.
Warning	21-10-2021 18:17:12	Microsoft-Windows-DNS-Client	1014	(1014)	Name resolution for the name gameplay.intel.com timed out after none of the configured DNS servers responded. Client PID 26508.
Information	21-10-2021 18:17:00	Microsoft-Windows-Kernel-General	16	None	The access history in hive \??\C:\Users\mahendra\AppData\Local\Packages\AppUp.IntelGraphicsExperience_8j3eq9eme6ctt\Settings\settings.dat was cleared updating 2 keys and creating 1 modified pages.
Error	21-10-2021 18:16:38	Server	2505	None	The server could not bind to the transport \Device\NetBT_Tcpip_{9F961AE3-9423-4C8B-AB48-B1886999008B} because another computer on the network has the same name.  The server could not start.
Information	21-10-2021 18:09:41	Microsoft-Windows-Kernel-Power	566	(268)	"The system session has transitioned from 195 to 196.

Reason: 5"
Warning	21-10-2021 18:04:20	Microsoft-Windows-DNS-Client	1014	(1014)	Name resolution for the name outlook.office.com timed out after none of the configured DNS servers responded. Client PID 23424.
Warning	21-10-2021 18:04:17	Microsoft-Windows-DNS-Client	1014	(1014)	Name resolution for the name substrate.office.com timed out after none of the configured DNS servers responded. Client PID 23424.
Error	21-10-2021 18:01:03	Server	2505	None	The server could not bind to the transport \Device\NetBT_Tcpip_{9F961AE3-9423-4C8B-AB48-B1886999008B} because another computer on the network has the same name.  The server could not start.
Information	21-10-2021 16:52:09	Service Control Manager	7040	None	The start type of the Background Intelligent Transfer Service service was changed from auto start to demand start.
Information	21-10-2021 16:49:12	Service Control Manager	7040	None	The start type of the Background Intelligent Transfer Service service was changed from demand start to auto start.
Warning	21-10-2021 16:48:07	Microsoft-Windows-DistributedCOM	10016	None	"The application-specific permission settings do not grant Local Activation permission for the COM Server application with CLSID 
{2593F8B9-4EAF-457C-B68A-50F6B8EA6B54}
 and APPID 
{15C20B67-12E7-4BB6-92BB-7AFF07997402}
 to the user LAPTOP-7EVMU4TQ\mahendra SID (S-1-5-21-38077573-387163758-1783380300-1002) from address LocalHost (Using LRPC) running in the application container Unavailable SID (Unavailable). This security permission can be modified using the Component Services administrative tool."
Information	21-10-2021 16:35:19	Microsoft-Windows-Kernel-Power	105	(100)	Power source change.
Error	21-10-2021 16:35:06	Server	2505	None	The server could not bind to the transport \Device\NetBT_Tcpip_{9F961AE3-9423-4C8B-AB48-B1886999008B} because another computer on the network has the same name.  The server could not start.
Warning	21-10-2021 16:33:59	Microsoft-Windows-DistributedCOM	10016	None	"The application-specific permission settings do not grant Local Activation permission for the COM Server application with CLSID 
{2593F8B9-4EAF-457C-B68A-50F6B8EA6B54}
 and APPID 
{15C20B67-12E7-4BB6-92BB-7AFF07997402}
 to the user LAPTOP-7EVMU4TQ\mahendra SID (S-1-5-21-38077573-387163758-1783380300-1002) from address LocalHost (Using LRPC) running in the application container Unavailable SID (Unavailable). This security permission can be modified using the Component Services administrative tool."
Warning	21-10-2021 16:30:02	Microsoft-Windows-DNS-Client	1014	(1014)	Name resolution for the name chrome.cloudflare-dns.com timed out after none of the configured DNS servers responded. Client PID 27680.
Error	21-10-2021 16:26:05	Server	2505	None	The server could not bind to the transport \Device\NetBT_Tcpip_{9F961AE3-9423-4C8B-AB48-B1886999008B} because another computer on the network has the same name.  The server could not start.
Information	21-10-2021 16:26:03	Microsoft-Windows-Power-Troubleshooter	1	None	"The system has returned from a low power state.

Sleep Time: ‎2021‎-‎10‎-‎21T10:54:52.819847100Z
Wake Time: ‎2021‎-‎10‎-‎21T10:56:00.616094000Z

Wake Source: Power Button"
Error	21-10-2021 16:26:03	Server	2505	None	The server could not bind to the transport \Device\NetBT_Tcpip_{59426481-F96A-490F-9157-08A6F626BD36} because another computer on the network has the same name.  The server could not start.
Information	21-10-2021 16:26:00	Microsoft-Windows-Kernel-Power	566	(268)	"The system session has transitioned from 193 to 195.

Reason: 5"
Information	21-10-2021 16:26:00	Microsoft-Windows-Kernel-Power	566	(268)	"The system session has transitioned from 192 to 193.

Reason: 5"
Information	21-10-2021 16:25:58	Microsoft-Windows-Kernel-Power	130	(33)	Firmware S3 times. SuspendStart: 304398387, SuspendEnd: 304398389
Information	21-10-2021 16:25:58	Microsoft-Windows-Kernel-Power	131	(33)	Firmware S3 times. ResumeCount: 3, FullResume: 1023, AverageResume: 1025
Information	21-10-2021 16:25:58	Microsoft-Windows-Kernel-General	1	(5)	"The system time has changed to ‎2021‎-‎10‎-‎21T10:55:58.500000000Z from ‎2021‎-‎10‎-‎21T10:55:00.641482700Z.

Change Reason: System time synchronized with the hardware clock.
Process: '' (PID 4).

RTC time: ‎2021‎-‎10‎-‎21T16:25:58.500000000Z
Current time zone bias: -330
RTC time is in UTC: false
System time was based on RTC time: false"
Information	21-10-2021 16:25:00	Microsoft-Windows-Kernel-Power	107	(102)	The system has resumed from sleep.
Information	21-10-2021 16:24:56	Microsoft-Windows-Kernel-Power	42	(64)	"The system is entering sleep.

Sleep Reason: System Idle"
Information	21-10-2021 16:24:53	Microsoft-Windows-Kernel-Power	566	(268)	"The system session has transitioned from 190 to 192.

Reason: 5"
Information	21-10-2021 16:24:52	Microsoft-Windows-Kernel-Power	566	(268)	"The system session has transitioned from 189 to 190.

Reason: 5"
Information	21-10-2021 16:24:46	Microsoft-Windows-Kernel-Power	105	(100)	Power source change.
Information	21-10-2021 16:15:31	Microsoft-Windows-Kernel-Power	566	(268)	"The system session has transitioned from 187 to 189.

Reason: 5"
Information	21-10-2021 16:13:59	Microsoft-Windows-Kernel-Power	566	(268)	"The system session has transitioned from 186 to 187.

Reason: 5"
Information	21-10-2021 15:54:20	Microsoft-Windows-Time-Service	158	None	The time provider 'VMICTimeProvider' has indicated that the current hardware and operating environment is not supported and has stopped. This behavior is expected for VMICTimeProvider on non-HyperV-guest environments. This may be the expected behavior for the current provider in the current operating environment as well.
Warning	21-10-2021 15:50:44	Microsoft-Windows-DNS-Client	1014	(1014)	Name resolution for the name v20.events.data.microsoft.com timed out after none of the configured DNS servers responded. Client PID 4472.
Information	21-10-2021 15:37:16	Microsoft-Windows-Time-Service	158	None	The time provider 'VMICTimeProvider' has indicated that the current hardware and operating environment is not supported and has stopped. This behavior is expected for VMICTimeProvider on non-HyperV-guest environments. This may be the expected behavior for the current provider in the current operating environment as well.
Error	21-10-2021 15:26:22	Server	2505	None	The server could not bind to the transport \Device\NetBT_Tcpip_{9F961AE3-9423-4C8B-AB48-B1886999008B} because another computer on the network has the same name.  The server could not start.
Error	21-10-2021 15:20:20	Server	2505	None	The server could not bind to the transport \Device\NetBT_Tcpip_{9F961AE3-9423-4C8B-AB48-B1886999008B} because another computer on the network has the same name.  The server could not start.
Information	21-10-2021 15:19:42	Microsoft-Windows-Power-Troubleshooter	1	None	"The system has returned from a low power state.

Sleep Time: ‎2021‎-‎10‎-‎21T09:31:36.022180600Z
Wake Time: ‎2021‎-‎10‎-‎21T09:49:34.833509100Z

Wake Source: Power Button"
Error	21-10-2021 15:19:42	Server	2505	None	The server could not bind to the transport \Device\NetBT_Tcpip_{9F961AE3-9423-4C8B-AB48-B1886999008B} because another computer on the network has the same name.  The server could not start.
Error	21-10-2021 15:19:38	Server	2505	None	The server could not bind to the transport \Device\NetBT_Tcpip_{59426481-F96A-490F-9157-08A6F626BD36} because another computer on the network has the same name.  The server could not start.
Information	21-10-2021 15:19:35	Microsoft-Windows-Time-Service	158	None	The time provider 'VMICTimeProvider' has indicated that the current hardware and operating environment is not supported and has stopped. This behavior is expected for VMICTimeProvider on non-HyperV-guest environments. This may be the expected behavior for the current provider in the current operating environment as well.
Information	21-10-2021 15:19:34	Microsoft-Windows-Kernel-Power	566	(268)	"The system session has transitioned from 184 to 186.

Reason: 5"
Information	21-10-2021 15:19:34	Microsoft-Windows-Kernel-Power	566	(268)	"The system session has transitioned from 183 to 184.

Reason: 5"
Information	21-10-2021 15:19:33	Microsoft-Windows-Kernel-Power	130	(33)	Firmware S3 times. SuspendStart: 300471240, SuspendEnd: 300471241
Information	21-10-2021 15:19:33	Microsoft-Windows-Kernel-Power	131	(33)	Firmware S3 times. ResumeCount: 2, FullResume: 1028, AverageResume: 1026
Information	21-10-2021 15:19:33	Microsoft-Windows-Kernel-General	1	(5)	"The system time has changed to ‎2021‎-‎10‎-‎21T09:49:33.500000000Z from ‎2021‎-‎10‎-‎21T09:31:46.714510800Z.

Change Reason: System time synchronized with the hardware clock.
Process: '' (PID 4).

RTC time: ‎2021‎-‎10‎-‎21T15:19:33.500000000Z
Current time zone bias: -330
RTC time is in UTC: false
System time was based on RTC time: false"
Information	21-10-2021 15:01:46	Microsoft-Windows-Kernel-Power	107	(102)	The system has resumed from sleep.
Information	21-10-2021 15:01:40	Microsoft-Windows-Kernel-Power	42	(64)	"The system is entering sleep.

Sleep Reason: System Idle"
Information	21-10-2021 15:01:36	Microsoft-Windows-Kernel-Power	566	(268)	"The system session has transitioned from 181 to 183.

Reason: 5"
Information	21-10-2021 14:51:28	Microsoft-Windows-Kernel-Power	566	(268)	"The system session has transitioned from 180 to 181.

Reason: 5"
Information	21-10-2021 14:48:46	Microsoft-Windows-Time-Service	158	None	The time provider 'VMICTimeProvider' has indicated that the current hardware and operating environment is not supported and has stopped. This behavior is expected for VMICTimeProvider on non-HyperV-guest environments. This may be the expected behavior for the current provider in the current operating environment as well.
Error	21-10-2021 14:41:30	Server	2505	None	The server could not bind to the transport \Device\NetBT_Tcpip_{9F961AE3-9423-4C8B-AB48-B1886999008B} because another computer on the network has the same name.  The server could not start.
Information	21-10-2021 14:38:26	Microsoft-Windows-WindowsUpdateClient	19	Windows Update Agent	Installation Successful: Windows successfully installed the following update: 9WZDNCRFHVQM-MICROSOFT.WINDOWSCOMMUNICATIONSAPPS
Information	21-10-2021 14:38:15	Microsoft-Windows-WindowsUpdateClient	43	Windows Update Agent	Installation Started: Windows has started installing the following update: 9WZDNCRFHVQM-MICROSOFT.WINDOWSCOMMUNICATIONSAPPS
Information	21-10-2021 14:38:09	Microsoft-Windows-Kernel-General	16	None	The access history in hive \??\C:\ProgramData\Microsoft\Windows\AppRepository\Packages\microsoft.windowscommunicationsapps_16005.14326.20520.0_x64__8wekyb3d8bbwe\ActivationStore.dat was cleared updating 0 keys and creating 0 modified pages.
Information	21-10-2021 14:36:24	Microsoft-Windows-WindowsUpdateClient	19	Windows Update Agent	Installation Successful: Windows successfully installed the following update: 9NBLGGH5R558-Microsoft.Todos
Information	21-10-2021 14:35:45	Microsoft-Windows-Kernel-General	16	None	The access history in hive \??\C:\Users\mahendra\AppData\Local\Packages\Microsoft.Todos_8wekyb3d8bbwe\Settings\settings.dat was cleared updating 1 keys and creating 1 modified pages.
Information	21-10-2021 14:35:40	Microsoft-Windows-WindowsUpdateClient	43	Windows Update Agent	Installation Started: Windows has started installing the following update: 9NBLGGH5R558-Microsoft.Todos
Information	21-10-2021 14:35:29	Microsoft-Windows-Kernel-General	16	None	The access history in hive \??\C:\ProgramData\Microsoft\Windows\AppRepository\Packages\Microsoft.Todos_2.55.42923.0_x64__8wekyb3d8bbwe\ActivationStore.dat was cleared updating 0 keys and creating 0 modified pages.
Information	21-10-2021 14:34:30	Microsoft-Windows-WindowsUpdateClient	19	Windows Update Agent	Installation Successful: Windows successfully installed the following update: 9NBLGGH42THS-Microsoft.Microsoft3DViewer
Information	21-10-2021 14:34:25	Microsoft-Windows-WindowsUpdateClient	44	Windows Update Agent	Windows Update started downloading an update.
Information	21-10-2021 14:34:25	Microsoft-Windows-Kernel-General	16	None	The access history in hive \??\C:\Users\mahendra\AppData\Local\Packages\Microsoft.Microsoft3DViewer_8wekyb3d8bbwe\Settings\settings.dat was cleared updating 1 keys and creating 1 modified pages.
Error	21-10-2021 14:34:19	Microsoft-Windows-WindowsUpdateClient	20	Windows Update Agent	Installation Failure: Windows failed to install the following update with error 0x80073D02: 9NMPJ99VJBWV-Microsoft.YourPhone.
Information	21-10-2021 14:34:15	Microsoft-Windows-WindowsUpdateClient	43	Windows Update Agent	Installation Started: Windows has started installing the following update: 9NMPJ99VJBWV-Microsoft.YourPhone
Information	21-10-2021 14:34:14	Microsoft-Windows-WindowsUpdateClient	43	Windows Update Agent	Installation Started: Windows has started installing the following update: 9NBLGGH42THS-Microsoft.Microsoft3DViewer
Information	21-10-2021 14:33:51	Microsoft-Windows-WindowsUpdateClient	44	Windows Update Agent	Windows Update started downloading an update.
Information	21-10-2021 14:33:51	Microsoft-Windows-WindowsUpdateClient	44	Windows Update Agent	Windows Update started downloading an update.
Information	21-10-2021 14:33:51	Microsoft-Windows-WindowsUpdateClient	44	Windows Update Agent	Windows Update started downloading an update.
Information	21-10-2021 14:33:25	Microsoft-Windows-Ntfs	98	None	Volume Windows (\Device\HarddiskVolumeShadowCopy4) is healthy.  No action is needed.
Information	21-10-2021 14:31:26	Microsoft-Windows-Time-Service	37	None	The time provider NtpClient is currently receiving valid time data from time.windows.com,0x9 (ntp.m|0x9|0.0.0.0:123->40.81.94.65:123).
Information	21-10-2021 14:31:26	Microsoft-Windows-Time-Service	158	None	The time provider 'VMICTimeProvider' has indicated that the current hardware and operating environment is not supported and has stopped. This behavior is expected for VMICTimeProvider on non-HyperV-guest environments. This may be the expected behavior for the current provider in the current operating environment as well.
Information	21-10-2021 14:21:38	Microsoft-Windows-Kernel-General	1	(5)	"The system time has changed to ‎2021‎-‎10‎-‎21T08:51:38.066981100Z from ‎2021‎-‎10‎-‎21T08:51:38.067028000Z.

Change Reason: An application or system component changed the time.
Process: '\Device\HarddiskVolume3\Windows\System32\svchost.exe' (PID 9536).

RTC time: ‎2021‎-‎10‎-‎21T14:21:38.066981100Z
Current time zone bias: -330
RTC time is in UTC: false
System time was based on RTC time: false"
Information	21-10-2021 14:21:38	Microsoft-Windows-Kernel-General	24	(11)	The time zone information was refreshed with exit reason 0. Current time zone bias is -330.
Information	21-10-2021 14:21:38	Microsoft-Windows-Time-Service	158	None	The time provider 'VMICTimeProvider' has indicated that the current hardware and operating environment is not supported and has stopped. This behavior is expected for VMICTimeProvider on non-HyperV-guest environments. This may be the expected behavior for the current provider in the current operating environment as well.
Information	21-10-2021 14:21:37	Microsoft-Windows-Time-Service	35	None	The time service is now synchronizing the system time with the time source time.windows.com,0x9 (ntp.m|0x9|0.0.0.0:123->40.81.94.65:123) with reference id 1096700200. Current local stratum number is 4.
Information	21-10-2021 14:21:37	Microsoft-Windows-Time-Service	37	None	The time provider NtpClient is currently receiving valid time data from time.windows.com,0x9 (ntp.m|0x9|0.0.0.0:123->40.81.94.65:123).
Error	21-10-2021 14:20:52	Server	2505	None	The server could not bind to the transport \Device\NetBT_Tcpip_{9F961AE3-9423-4C8B-AB48-B1886999008B} because another computer on the network has the same name.  The server could not start.
Warning	21-10-2021 14:10:08	Microsoft-Windows-Time-Service	134	None	NtpClient was unable to set a manual peer to use as a time source because of DNS resolution error on 'time.windows.com,0x9'. NtpClient will try again in 15 minutes and double the reattempt interval thereafter. The error was: No such host is known. (0x80072AF9)
Warning	21-10-2021 14:10:06	Microsoft-Windows-Time-Service	134	None	NtpClient was unable to set a manual peer to use as a time source because of DNS resolution error on 'time.windows.com,0x9'. NtpClient will try again in 15 minutes and double the reattempt interval thereafter. The error was: No such host is known. (0x80072AF9)
Information	21-10-2021 14:10:06	Microsoft-Windows-Time-Service	158	None	The time provider 'VMICTimeProvider' has indicated that the current hardware and operating environment is not supported and has stopped. This behavior is expected for VMICTimeProvider on non-HyperV-guest environments. This may be the expected behavior for the current provider in the current operating environment as well.
Information	21-10-2021 14:10:02	Microsoft-Windows-Power-Troubleshooter	1	None	"The system has returned from a low power state.

Sleep Time: ‎2021‎-‎10‎-‎21T08:08:55.055380100Z
Wake Time: ‎2021‎-‎10‎-‎21T08:39:58.319513500Z

Wake Source: Power Button"
Information	21-10-2021 14:09:59	Microsoft-Windows-Kernel-Power	566	(268)	"The system session has transitioned from 178 to 180.

Reason: 5"
Error	21-10-2021 14:09:59	Server	2505	None	The server could not bind to the transport \Device\NetBT_Tcpip_{59426481-F96A-490F-9157-08A6F626BD36} because another computer on the network has the same name.  The server could not start.
Information	21-10-2021 14:09:55	Microsoft-Windows-Kernel-Power	566	(268)	"The system session has transitioned from 177 to 178.

Reason: 5"
Information	21-10-2021 14:09:54	Microsoft-Windows-Kernel-Power	130	(33)	Firmware S3 times. SuspendStart: 297359067, SuspendEnd: 297359068
Information	21-10-2021 14:09:54	Microsoft-Windows-Kernel-Power	131	(33)	Firmware S3 times. ResumeCount: 1, FullResume: 1024, AverageResume: 1024
Information	21-10-2021 14:09:54	Microsoft-Windows-Kernel-General	1	(5)	"The system time has changed to ‎2021‎-‎10‎-‎21T08:39:54.500000000Z from ‎2021‎-‎10‎-‎21T08:09:13.516990300Z.

Change Reason: System time synchronized with the hardware clock.
Process: '' (PID 4).

RTC time: ‎2021‎-‎10‎-‎21T14:09:54.500000000Z
Current time zone bias: -330
RTC time is in UTC: false
System time was based on RTC time: false"
Information	21-10-2021 13:39:13	Microsoft-Windows-Kernel-Power	107	(102)	The system has resumed from sleep.
Information	21-10-2021 13:39:08	Microsoft-Windows-Kernel-Power	42	(64)	"The system is entering sleep.

Sleep Reason: System Idle"
Information	21-10-2021 13:38:56	Microsoft-Windows-Kernel-Power	566	(268)	"The system session has transitioned from 175 to 177.

Reason: 5"
Information	21-10-2021 13:28:29	Microsoft-Windows-Kernel-Power	566	(268)	"The system session has transitioned from 174 to 175.

Reason: 5"
Warning	21-10-2021 13:28:03	Microsoft-Windows-DNS-Client	1014	(1014)	Name resolution for the name client.wns.windows.com timed out after none of the configured DNS servers responded. Client PID 4464.
Error	21-10-2021 13:21:13	Server	2505	None	The server could not bind to the transport \Device\NetBT_Tcpip_{9F961AE3-9423-4C8B-AB48-B1886999008B} because another computer on the network has the same name.  The server could not start.
Information	21-10-2021 12:05:46	Microsoft-Windows-Kernel-General	16	None	The access history in hive \??\C:\ProgramData\Packages\Microsoft.SkypeApp_kzf8qxf38zg5c\S-1-5-21-38077573-387163758-1783380300-1002\SystemAppData\Helium\Cache\5b98b20d3235689_COM15.dat was cleared updating 1 keys and creating 1 modified pages.
Information	21-10-2021 12:05:46	Microsoft-Windows-Kernel-General	16	None	The access history in hive \??\C:\Users\mahendra\AppData\Local\Packages\Microsoft.SkypeApp_kzf8qxf38zg5c\SystemAppData\Helium\UserClasses.dat was cleared updating 1 keys and creating 1 modified pages.
Information	21-10-2021 12:05:46	Microsoft-Windows-Kernel-General	16	None	The access history in hive \??\C:\Users\mahendra\AppData\Local\Packages\Microsoft.SkypeApp_kzf8qxf38zg5c\SystemAppData\Helium\User.dat was cleared updating 3 keys and creating 1 modified pages.
Information	21-10-2021 12:02:41	Service Control Manager	7040	None	The start type of the Background Intelligent Transfer Service service was changed from auto start to demand start.
Information	21-10-2021 12:00:18	Service Control Manager	7040	None	The start type of the Background Intelligent Transfer Service service was changed from demand start to auto start.
Information	21-10-2021 12:00:00	EventLog	6013	None	The system uptime is 497650 seconds.
Warning	21-10-2021 11:59:06	Microsoft-Windows-DistributedCOM	10016	None	"The application-specific permission settings do not grant Local Activation permission for the COM Server application with CLSID 
{2593F8B9-4EAF-457C-B68A-50F6B8EA6B54}
 and APPID 
{15C20B67-12E7-4BB6-92BB-7AFF07997402}
 to the user LAPTOP-7EVMU4TQ\mahendra SID (S-1-5-21-38077573-387163758-1783380300-1002) from address LocalHost (Using LRPC) running in the application container Unavailable SID (Unavailable). This security permission can be modified using the Component Services administrative tool."
Information	21-10-2021 11:54:51	Microsoft-Windows-Kernel-General	16	None	The access history in hive \??\C:\Users\mahendra\AppData\Local\Packages\microsoft.windows.photos_8wekyb3d8bbwe\AC\GEH\POF.dat was cleared updating 1 keys and creating 1 modified pages.
Warning	21-10-2021 10:17:52	Microsoft-Windows-DistributedCOM	10016	None	"The application-specific permission settings do not grant Local Activation permission for the COM Server application with CLSID 
{2593F8B9-4EAF-457C-B68A-50F6B8EA6B54}
 and APPID 
{15C20B67-12E7-4BB6-92BB-7AFF07997402}
 to the user LAPTOP-7EVMU4TQ\mahendra SID (S-1-5-21-38077573-387163758-1783380300-1002) from address LocalHost (Using LRPC) running in the application container Unavailable SID (Unavailable). This security permission can be modified using the Component Services administrative tool."
Warning	21-10-2021 10:05:14	Microsoft-Windows-DistributedCOM	10016	None	"The application-specific permission settings do not grant Local Activation permission for the COM Server application with CLSID 
{8BC3F05E-D86B-11D0-A075-00C04FB68820}
 and APPID 
{8BC3F05E-D86B-11D0-A075-00C04FB68820}
 to the user LAPTOP-7EVMU4TQ\mahendra SID (S-1-5-21-38077573-387163758-1783380300-1002) from address LocalHost (Using LRPC) running in the application container Unavailable SID (S-1-15-2-4059112624-2057156377-3503732394-2771752990-467326528-3882542942-2196737790). This security permission can be modified using the Component Services administrative tool."
Information	21-10-2021 09:52:32	Microsoft-Windows-UserModePowerService	12	(10)	Process C:\Windows\System32\svchost.exe (process ID:1644) reset policy scheme from {48684d4a-8524-4093-8a63-ea7132b79c1c} to {48684d4a-8524-4093-8a63-ea7132b79c1c}
Information	21-10-2021 09:52:31	Microsoft-Windows-Kernel-Power	105	(100)	Power source change.
Information	21-10-2021 09:52:21	Microsoft-Windows-UserModePowerService	12	(10)	Process C:\Windows\System32\svchost.exe (process ID:1644) reset policy scheme from {48684d4a-8524-4093-8a63-ea7132b79c1c} to {48684d4a-8524-4093-8a63-ea7132b79c1c}
Information	21-10-2021 09:44:03	Microsoft-Windows-WindowsUpdateClient	19	Windows Update Agent	Installation Successful: Windows successfully installed the following update: Security Intelligence Update for Microsoft Defender Antivirus - KB2267602 (Version 1.351.776.0)
Information	21-10-2021 09:43:13	Microsoft-Windows-WindowsUpdateClient	43	Windows Update Agent	Installation Started: Windows has started installing the following update: Security Intelligence Update for Microsoft Defender Antivirus - KB2267602 (Version 1.351.776.0)
Information	21-10-2021 09:43:10	Microsoft-Windows-WindowsUpdateClient	44	Windows Update Agent	Windows Update started downloading an update.
Warning	21-10-2021 09:01:36	Microsoft-Windows-DistributedCOM	10016	None	"The application-specific permission settings do not grant Local Activation permission for the COM Server application with CLSID 
{2593F8B9-4EAF-457C-B68A-50F6B8EA6B54}
 and APPID 
{15C20B67-12E7-4BB6-92BB-7AFF07997402}
 to the user LAPTOP-7EVMU4TQ\mahendra SID (S-1-5-21-38077573-387163758-1783380300-1002) from address LocalHost (Using LRPC) running in the application container Unavailable SID (Unavailable). This security permission can be modified using the Component Services administrative tool."
Warning	21-10-2021 08:47:25	Microsoft-Windows-DistributedCOM	10016	None	"The application-specific permission settings do not grant Local Activation permission for the COM Server application with CLSID 
{2593F8B9-4EAF-457C-B68A-50F6B8EA6B54}
 and APPID 
{15C20B67-12E7-4BB6-92BB-7AFF07997402}
 to the user LAPTOP-7EVMU4TQ\mahendra SID (S-1-5-21-38077573-387163758-1783380300-1002) from address LocalHost (Using LRPC) running in the application container Unavailable SID (Unavailable). This security permission can be modified using the Component Services administrative tool."
Warning	21-10-2021 08:45:30	Microsoft-Windows-DistributedCOM	10016	None	"The application-specific permission settings do not grant Local Activation permission for the COM Server application with CLSID 
{2593F8B9-4EAF-457C-B68A-50F6B8EA6B54}
 and APPID 
{15C20B67-12E7-4BB6-92BB-7AFF07997402}
 to the user LAPTOP-7EVMU4TQ\mahendra SID (S-1-5-21-38077573-387163758-1783380300-1002) from address LocalHost (Using LRPC) running in the application container Unavailable SID (Unavailable). This security permission can be modified using the Component Services administrative tool."
