Information	16-11-2021 19:43:47	Microsoft-Windows-WindowsUpdateClient	43	Windows Update Agent	Installation Started: Windows has started installing the following update: 9NBLGGH5R558-Microsoft.Todos
Information	16-11-2021 19:43:43	Microsoft-Windows-Kernel-General	16	None	The access history in hive \??\C:\ProgramData\Microsoft\Windows\AppRepository\Packages\Microsoft.Todos_2.57.43142.0_x64__8wekyb3d8bbwe\ActivationStore.dat was cleared updating 0 keys and creating 0 modified pages.
Information	16-11-2021 19:43:41	Microsoft-Windows-WindowsUpdateClient	43	Windows Update Agent	Installation Started: Windows has started installing the following update: 9NBLGGH4RV3K-Microsoft.VCLibs.140.00.UWPDesktop
Information	16-11-2021 19:43:33	Microsoft-Windows-Kernel-General	16	None	The access history in hive \??\C:\ProgramData\Microsoft\Windows\AppRepository\Packages\Microsoft.DesktopAppInstaller_1.16.12986.0_x64__8wekyb3d8bbwe\ActivationStore.dat was cleared updating 0 keys and creating 0 modified pages.
Information	16-11-2021 19:43:06	Microsoft-Windows-WindowsUpdateClient	44	Windows Update Agent	Windows Update started downloading an update.
Information	16-11-2021 19:43:01	Microsoft-Windows-WindowsUpdateClient	44	Windows Update Agent	Windows Update started downloading an update.
Information	16-11-2021 19:43:01	Microsoft-Windows-WindowsUpdateClient	44	Windows Update Agent	Windows Update started downloading an update.
Information	16-11-2021 19:35:15	Microsoft-Windows-Time-Service	158	None	The time provider 'VMICTimeProvider' has indicated that the current hardware and operating environment is not supported and has stopped. This behavior is expected for VMICTimeProvider on non-HyperV-guest environments. This may be the expected behavior for the current provider in the current operating environment as well.
Warning	16-11-2021 19:22:14	Microsoft-Windows-DistributedCOM	10016	None	"The application-specific permission settings do not grant Local Activation permission for the COM Server application with CLSID 
{2593F8B9-4EAF-457C-B68A-50F6B8EA6B54}
 and APPID 
{15C20B67-12E7-4BB6-92BB-7AFF07997402}
 to the user LAPTOP-7EVMU4TQ\mahendra SID (S-1-5-21-38077573-387163758-1783380300-1002) from address LocalHost (Using LRPC) running in the application container Unavailable SID (Unavailable). This security permission can be modified using the Component Services administrative tool."
Information	16-11-2021 19:19:21	Microsoft-Windows-WindowsUpdateClient	44	Windows Update Agent	Windows Update started downloading an update.
Warning	16-11-2021 19:19:02	Microsoft-Windows-DistributedCOM	10016	None	"The machine-default permission settings do not grant Local Activation permission for the COM Server application with CLSID 
{C2F03A33-21F5-47FA-B4BB-156362A2F239}
 and APPID 
{316CDED5-E4AE-4B15-9113-7055D84DCC97}
 to the user NT AUTHORITY\LOCAL SERVICE SID (S-1-5-19) from address LocalHost (Using LRPC) running in the application container Unavailable SID (Unavailable). This security permission can be modified using the Component Services administrative tool."
Warning	16-11-2021 19:19:02	Microsoft-Windows-DistributedCOM	10016	None	"The application-specific permission settings do not grant Local Activation permission for the COM Server application with CLSID 
{6B3B8D23-FA8D-40B9-8DBD-B950333E2C52}
 and APPID 
{4839DDB7-58C2-48F5-8283-E1D1807D0D7D}
 to the user NT AUTHORITY\LOCAL SERVICE SID (S-1-5-19) from address LocalHost (Using LRPC) running in the application container Unavailable SID (Unavailable). This security permission can be modified using the Component Services administrative tool."
Warning	16-11-2021 19:19:02	Microsoft-Windows-DistributedCOM	10016	None	"The machine-default permission settings do not grant Local Activation permission for the COM Server application with CLSID 
{C2F03A33-21F5-47FA-B4BB-156362A2F239}
 and APPID 
{316CDED5-E4AE-4B15-9113-7055D84DCC97}
 to the user NT AUTHORITY\LOCAL SERVICE SID (S-1-5-19) from address LocalHost (Using LRPC) running in the application container Unavailable SID (Unavailable). This security permission can be modified using the Component Services administrative tool."
Warning	16-11-2021 19:19:01	Microsoft-Windows-DistributedCOM	10016	None	"The application-specific permission settings do not grant Local Activation permission for the COM Server application with CLSID 
{6B3B8D23-FA8D-40B9-8DBD-B950333E2C52}
 and APPID 
{4839DDB7-58C2-48F5-8283-E1D1807D0D7D}
 to the user NT AUTHORITY\LOCAL SERVICE SID (S-1-5-19) from address LocalHost (Using LRPC) running in the application container Unavailable SID (Unavailable). This security permission can be modified using the Component Services administrative tool."
Warning	16-11-2021 19:19:00	BTHUSB	34	None	The local adapter does not support an important Low Energy controller state to support peripheral mode.  The minimum required supported state mask is 0x2491f7fffff, got 0xffffffff.  Low Energy peripheral role functionality will not be available.
Information	16-11-2021 19:19:00	BTHUSB	18	None	Windows cannot store Bluetooth authentication codes (link keys) on the local adapter. Bluetooth keyboards might not work in the system BIOS during startup.
Information	16-11-2021 19:17:55	Microsoft-Windows-Time-Service	37	None	The time provider NtpClient is currently receiving valid time data from time.windows.com,0x9 (ntp.m|0x9|0.0.0.0:123->40.81.94.65:123).
Information	16-11-2021 19:17:55	Microsoft-Windows-Time-Service	158	None	The time provider 'VMICTimeProvider' has indicated that the current hardware and operating environment is not supported and has stopped. This behavior is expected for VMICTimeProvider on non-HyperV-guest environments. This may be the expected behavior for the current provider in the current operating environment as well.
Information	16-11-2021 19:02:01	Microsoft-Windows-Kernel-Power	566	(268)	"The system session has transitioned from 180 to 182.

Reason: 12"
Information	16-11-2021 19:02:01	Microsoft-Windows-Kernel-Power	566	(268)	"The system session has transitioned from 179 to 180.

Reason: 12"
Information	16-11-2021 19:01:26	Microsoft-Windows-Power-Troubleshooter	1	None	"The system has returned from a low power state.

Sleep Time: ‎2021‎-‎11‎-‎16T13:20:43.835545800Z
Wake Time: ‎2021‎-‎11‎-‎16T13:30:58.158535300Z

Wake Source: Unknown"
Information	16-11-2021 19:01:00	Microsoft-Windows-Kernel-Power	566	(268)	"The system session has transitioned from 177 to 179.

Reason: 12"
Information	16-11-2021 19:00:55	Microsoft-Windows-UserModePowerService	12	(10)	Process C:\Windows\System32\svchost.exe (process ID:1588) reset policy scheme from {48684d4a-8524-4093-8a63-ea7132b79c1c} to {48684d4a-8524-4093-8a63-ea7132b79c1c}
Information	16-11-2021 19:00:55	Microsoft-Windows-Kernel-Power	566	(268)	"The system session has transitioned from 176 to 177.

Reason: 12"
Information	16-11-2021 19:00:55	Microsoft-Windows-Kernel-Boot	32	(58)	The bootmgr spent 0 ms waiting for user input.
Information	16-11-2021 19:00:55	Microsoft-Windows-Kernel-Boot	18	(57)	There are 0x1 boot options on this system.
Information	16-11-2021 19:00:55	Microsoft-Windows-Kernel-Boot	30	(21)	The firmware reported boot metrics.
Error	16-11-2021 19:01:00	Server	2505	None	The server could not bind to the transport \Device\NetBT_Tcpip_{9F961AE3-9423-4C8B-AB48-B1886999008B} because another computer on the network has the same name.  The server could not start.
Error	16-11-2021 19:00:58	Server	2505	None	The server could not bind to the transport \Device\NetBT_Tcpip_{59426481-F96A-490F-9157-08A6F626BD36} because another computer on the network has the same name.  The server could not start.
Information	16-11-2021 19:00:54	Microsoft-Windows-Kernel-Power	105	(100)	Power source change.
Information	16-11-2021 19:00:52	Microsoft-Windows-Kernel-General	1	(5)	"The system time has changed to ‎2021‎-‎11‎-‎16T13:30:52.500000000Z from ‎2021‎-‎11‎-‎16T13:21:06.495849300Z.

Change Reason: System time synchronized with the hardware clock.
Process: '' (PID 4).

RTC time: ‎2021‎-‎11‎-‎16T19:00:52.500000000Z
Current time zone bias: -330
RTC time is in UTC: false
System time was based on RTC time: false"
Information	16-11-2021 18:51:06	Microsoft-Windows-Kernel-Power	107	(102)	The system has resumed from sleep.
Information	16-11-2021 18:51:00	Microsoft-Windows-Kernel-Power	42	(64)	"The system is entering sleep.

Sleep Reason: Battery"
Information	16-11-2021 18:50:48	Microsoft-Windows-Kernel-Power	566	(268)	"The system session has transitioned from 175 to 176.

Reason: 12"
Information	16-11-2021 18:50:46	Microsoft-Windows-UserModePowerService	12	(10)	Process C:\Windows\System32\svchost.exe (process ID:1588) reset policy scheme from {48684d4a-8524-4093-8a63-ea7132b79c1c} to {48684d4a-8524-4093-8a63-ea7132b79c1c}
Information	16-11-2021 18:50:43	Microsoft-Windows-Kernel-Power	524	(223)	Critical Battery Trigger Met
Error	16-11-2021 18:44:06	Server	2505	None	The server could not bind to the transport \Device\NetBT_Tcpip_{9F961AE3-9423-4C8B-AB48-B1886999008B} because another computer on the network has the same name.  The server could not start.
Information	16-11-2021 18:42:46	Microsoft-Windows-Power-Troubleshooter	1	None	"The system has returned from a low power state.

Sleep Time: ‎2021‎-‎11‎-‎16T12:58:49.305276000Z
Wake Time: ‎2021‎-‎11‎-‎16T13:12:44.904340300Z

Wake Source: Power Button"
Error	16-11-2021 18:42:46	Server	2505	None	The server could not bind to the transport \Device\NetBT_Tcpip_{59426481-F96A-490F-9157-08A6F626BD36} because another computer on the network has the same name.  The server could not start.
Information	16-11-2021 18:42:44	Microsoft-Windows-Kernel-Power	566	(268)	"The system session has transitioned from 173 to 175.

Reason: 12"
Information	16-11-2021 18:42:43	Microsoft-Windows-Kernel-Power	566	(268)	"The system session has transitioned from 172 to 173.

Reason: 12"
Information	16-11-2021 18:42:41	Microsoft-Windows-Kernel-Power	130	(33)	Firmware S3 times. SuspendStart: 96365997, SuspendEnd: 96365998
Information	16-11-2021 18:42:41	Microsoft-Windows-Kernel-Power	131	(33)	Firmware S3 times. ResumeCount: 6, FullResume: 1035, AverageResume: 1034
Information	16-11-2021 18:42:41	Microsoft-Windows-Kernel-General	1	(5)	"The system time has changed to ‎2021‎-‎11‎-‎16T13:12:41.500000000Z from ‎2021‎-‎11‎-‎16T12:59:08.015003800Z.

Change Reason: System time synchronized with the hardware clock.
Process: '' (PID 4).

RTC time: ‎2021‎-‎11‎-‎16T18:42:41.500000000Z
Current time zone bias: -330
RTC time is in UTC: false
System time was based on RTC time: false"
Information	16-11-2021 18:29:08	Microsoft-Windows-Kernel-Power	107	(102)	The system has resumed from sleep.
Information	16-11-2021 18:29:01	Microsoft-Windows-Kernel-Power	42	(64)	"The system is entering sleep.

Sleep Reason: System Idle"
Information	16-11-2021 18:28:52	Microsoft-Windows-Kernel-Power	566	(268)	"The system session has transitioned from 170 to 172.

Reason: 12"
Information	16-11-2021 18:28:31	Microsoft-Windows-Kernel-Power	566	(268)	"The system session has transitioned from 169 to 170.

Reason: 12"
Information	16-11-2021 18:11:48	Service Control Manager	7040	None	The start type of the Background Intelligent Transfer Service service was changed from auto start to demand start.
Error	16-11-2021 18:10:43	Server	2505	None	The server could not bind to the transport \Device\NetBT_Tcpip_{9F961AE3-9423-4C8B-AB48-B1886999008B} because another computer on the network has the same name.  The server could not start.
Information	16-11-2021 18:10:40	Microsoft-Windows-Power-Troubleshooter	1	None	"The system has returned from a low power state.

Sleep Time: ‎2021‎-‎11‎-‎16T12:39:04.491982900Z
Wake Time: ‎2021‎-‎11‎-‎16T12:40:37.794826700Z

Wake Source: Power Button"
Error	16-11-2021 18:10:41	Server	2505	None	The server could not bind to the transport \Device\NetBT_Tcpip_{59426481-F96A-490F-9157-08A6F626BD36} because another computer on the network has the same name.  The server could not start.
Information	16-11-2021 18:10:37	Microsoft-Windows-Kernel-Power	566	(268)	"The system session has transitioned from 167 to 169.

Reason: 12"
Information	16-11-2021 18:10:37	Microsoft-Windows-Kernel-Power	566	(268)	"The system session has transitioned from 166 to 167.

Reason: 12"
Information	16-11-2021 18:10:36	Microsoft-Windows-Kernel-Power	130	(33)	Firmware S3 times. SuspendStart: 95255232, SuspendEnd: 95255233
Information	16-11-2021 18:10:36	Microsoft-Windows-Kernel-Power	131	(33)	Firmware S3 times. ResumeCount: 5, FullResume: 1034, AverageResume: 1034
Information	16-11-2021 18:10:36	Microsoft-Windows-Kernel-General	1	(5)	"The system time has changed to ‎2021‎-‎11‎-‎16T12:40:36.500000000Z from ‎2021‎-‎11‎-‎16T12:39:21.712434300Z.

Change Reason: System time synchronized with the hardware clock.
Process: '' (PID 4).

RTC time: ‎2021‎-‎11‎-‎16T18:10:36.500000000Z
Current time zone bias: -330
RTC time is in UTC: false
System time was based on RTC time: false"
Information	16-11-2021 18:09:21	Microsoft-Windows-Kernel-Power	107	(102)	The system has resumed from sleep.
Information	16-11-2021 18:09:16	Microsoft-Windows-Kernel-Power	42	(64)	"The system is entering sleep.

Sleep Reason: System Idle"
Information	16-11-2021 18:09:06	Microsoft-Windows-Kernel-Power	566	(268)	"The system session has transitioned from 164 to 166.

Reason: 12"
Information	16-11-2021 18:08:54	Microsoft-Windows-Kernel-Power	566	(268)	"The system session has transitioned from 163 to 164.

Reason: 12"
Information	16-11-2021 18:08:27	Service Control Manager	7040	None	The start type of the Background Intelligent Transfer Service service was changed from demand start to auto start.
Error	16-11-2021 18:07:12	Service Control Manager	7009	None	A timeout was reached (30000 milliseconds) while waiting for the Intel(R) SUR QC Software Asset Manager service to connect.
Warning	16-11-2021 17:53:33	Microsoft-Windows-DistributedCOM	10016	None	"The application-specific permission settings do not grant Local Activation permission for the COM Server application with CLSID 
{2593F8B9-4EAF-457C-B68A-50F6B8EA6B54}
 and APPID 
{15C20B67-12E7-4BB6-92BB-7AFF07997402}
 to the user LAPTOP-7EVMU4TQ\mahendra SID (S-1-5-21-38077573-387163758-1783380300-1002) from address LocalHost (Using LRPC) running in the application container Unavailable SID (Unavailable). This security permission can be modified using the Component Services administrative tool."
Error	16-11-2021 17:53:25	Server	2505	None	The server could not bind to the transport \Device\NetBT_Tcpip_{9F961AE3-9423-4C8B-AB48-B1886999008B} because another computer on the network has the same name.  The server could not start.
Error	16-11-2021 17:52:31	Microsoft-Windows-DistributedCOM	10010	None	The server microsoft.windowscommunicationsapps_16005.14326.20544.0_x64__8wekyb3d8bbwe!microsoft.windowslive.calendar.AppXwkn9j84yh1kvnt49k5r8h6y1ecsv09hs.mca did not register with DCOM within the required timeout.
Information	16-11-2021 17:52:31	Microsoft-Windows-Power-Troubleshooter	1	None	"The system has returned from a low power state.

Sleep Time: ‎2021‎-‎11‎-‎16T08:47:25.359671100Z
Wake Time: ‎2021‎-‎11‎-‎16T12:22:23.222208100Z

Wake Source: Power Button"
Error	16-11-2021 17:52:24	Server	2505	None	The server could not bind to the transport \Device\NetBT_Tcpip_{59426481-F96A-490F-9157-08A6F626BD36} because another computer on the network has the same name.  The server could not start.
Information	16-11-2021 17:52:23	Microsoft-Windows-Kernel-Power	566	(268)	"The system session has transitioned from 161 to 163.

Reason: 12"
Information	16-11-2021 17:52:22	Microsoft-Windows-Kernel-Power	566	(268)	"The system session has transitioned from 160 to 161.

Reason: 12"
Information	16-11-2021 17:52:20	Microsoft-Windows-Kernel-Power	130	(33)	Firmware S3 times. SuspendStart: 94234704, SuspendEnd: 94234705
Information	16-11-2021 17:52:20	Microsoft-Windows-Kernel-Power	131	(33)	Firmware S3 times. ResumeCount: 4, FullResume: 1034, AverageResume: 1034
Information	16-11-2021 17:52:20	Microsoft-Windows-Kernel-General	1	(5)	"The system time has changed to ‎2021‎-‎11‎-‎16T12:22:20.500000000Z from ‎2021‎-‎11‎-‎16T08:47:41.340590400Z.

Change Reason: System time synchronized with the hardware clock.
Process: '' (PID 4).

RTC time: ‎2021‎-‎11‎-‎16T17:52:20.500000000Z
Current time zone bias: -330
RTC time is in UTC: false
System time was based on RTC time: false"
Information	16-11-2021 14:17:41	Microsoft-Windows-Kernel-Power	107	(102)	The system has resumed from sleep.
Information	16-11-2021 14:17:36	Microsoft-Windows-Kernel-Power	42	(64)	"The system is entering sleep.

Sleep Reason: System Idle"
Information	16-11-2021 14:17:26	Microsoft-Windows-Kernel-Power	566	(268)	"The system session has transitioned from 158 to 160.

Reason: 12"
Information	16-11-2021 14:17:03	Microsoft-Windows-Kernel-Power	566	(268)	"The system session has transitioned from 157 to 158.

Reason: 12"
Information	16-11-2021 14:15:23	Service Control Manager	7040	None	The start type of the Background Intelligent Transfer Service service was changed from auto start to demand start.
Information	16-11-2021 14:12:59	Service Control Manager	7040	None	The start type of the Background Intelligent Transfer Service service was changed from demand start to auto start.
Warning	16-11-2021 14:11:59	Microsoft-Windows-DistributedCOM	10016	None	"The application-specific permission settings do not grant Local Activation permission for the COM Server application with CLSID 
{2593F8B9-4EAF-457C-B68A-50F6B8EA6B54}
 and APPID 
{15C20B67-12E7-4BB6-92BB-7AFF07997402}
 to the user LAPTOP-7EVMU4TQ\mahendra SID (S-1-5-21-38077573-387163758-1783380300-1002) from address LocalHost (Using LRPC) running in the application container Unavailable SID (Unavailable). This security permission can be modified using the Component Services administrative tool."
Information	16-11-2021 14:01:55	Service Control Manager	7040	None	The start type of the Background Intelligent Transfer Service service was changed from auto start to demand start.
Warning	16-11-2021 13:59:20	Microsoft-Windows-DNS-Client	1014	(1014)	Name resolution for the name default.exp-tas.com timed out after none of the configured DNS servers responded. Client PID 18088.
Error	16-11-2021 13:59:14	Server	2505	None	The server could not bind to the transport \Device\NetBT_Tcpip_{9F961AE3-9423-4C8B-AB48-B1886999008B} because another computer on the network has the same name.  The server could not start.
Information	16-11-2021 13:58:53	Service Control Manager	7040	None	The start type of the Background Intelligent Transfer Service service was changed from demand start to auto start.
Information	16-11-2021 13:16:42	Microsoft-Windows-Kernel-Power	105	(100)	Power source change.
Warning	16-11-2021 12:27:17	Microsoft-Windows-DistributedCOM	10016	None	"The application-specific permission settings do not grant Local Activation permission for the COM Server application with CLSID 
{2593F8B9-4EAF-457C-B68A-50F6B8EA6B54}
 and APPID 
{15C20B67-12E7-4BB6-92BB-7AFF07997402}
 to the user LAPTOP-7EVMU4TQ\mahendra SID (S-1-5-21-38077573-387163758-1783380300-1002) from address LocalHost (Using LRPC) running in the application container Unavailable SID (Unavailable). This security permission can be modified using the Component Services administrative tool."
Warning	16-11-2021 12:08:38	Microsoft-Windows-Kernel-Processor-Power	37	(7)	The speed of processor 7 in group 0 is being limited by system firmware. The processor has been in this reduced performance state for 188665 seconds since the last report.
Error	16-11-2021 12:01:41	Server	2505	None	The server could not bind to the transport \Device\NetBT_Tcpip_{9F961AE3-9423-4C8B-AB48-B1886999008B} because another computer on the network has the same name.  The server could not start.
Information	16-11-2021 12:01:33	Microsoft-Windows-Kernel-General	16	None	The access history in hive \??\C:\Users\mahendra\AppData\Local\Packages\microsoft.windows.shellexperiencehost_cw5n1h2txyewy\AC\GEH\POF.dat was cleared updating 1 keys and creating 1 modified pages.
Information	16-11-2021 12:00:51	Microsoft-Windows-Kernel-Power	566	(268)	"The system session has transitioned from 155 to 157.

Reason: 12"
Information	16-11-2021 12:00:25	Microsoft-Windows-Kernel-Power	566	(268)	"The system session has transitioned from 154 to 155.

Reason: 12"
Information	16-11-2021 12:00:00	EventLog	6013	None	The system uptime is 188240 seconds.
Information	16-11-2021 11:59:19	Microsoft-Windows-Kernel-Power	566	(268)	"The system session has transitioned from 152 to 154.

Reason: 12"
Information	16-11-2021 11:59:10	Microsoft-Windows-Kernel-Power	566	(268)	"The system session has transitioned from 151 to 152.

Reason: 12"
Error	16-11-2021 11:57:16	Server	2505	None	The server could not bind to the transport \Device\NetBT_Tcpip_{9F961AE3-9423-4C8B-AB48-B1886999008B} because another computer on the network has the same name.  The server could not start.
Information	16-11-2021 11:57:14	Microsoft-Windows-Power-Troubleshooter	1	None	"The system has returned from a low power state.

Sleep Time: ‎2021‎-‎11‎-‎16T06:22:40.045624600Z
Wake Time: ‎2021‎-‎11‎-‎16T06:27:10.827561900Z

Wake Source: Power Button"
Error	16-11-2021 11:57:14	Server	2505	None	The server could not bind to the transport \Device\NetBT_Tcpip_{59426481-F96A-490F-9157-08A6F626BD36} because another computer on the network has the same name.  The server could not start.
Information	16-11-2021 11:57:10	Microsoft-Windows-Kernel-Power	566	(268)	"The system session has transitioned from 149 to 151.

Reason: 12"
Information	16-11-2021 11:57:10	Microsoft-Windows-Kernel-Power	566	(268)	"The system session has transitioned from 148 to 149.

Reason: 12"
Information	16-11-2021 11:57:09	Microsoft-Windows-Kernel-Power	130	(33)	Firmware S3 times. SuspendStart: 85808571, SuspendEnd: 85808572
Information	16-11-2021 11:57:09	Microsoft-Windows-Kernel-Power	131	(33)	Firmware S3 times. ResumeCount: 3, FullResume: 1038, AverageResume: 1035
Information	16-11-2021 11:57:09	Microsoft-Windows-Kernel-General	1	(5)	"The system time has changed to ‎2021‎-‎11‎-‎16T06:27:09.500000000Z from ‎2021‎-‎11‎-‎16T06:22:54.199214400Z.

Change Reason: System time synchronized with the hardware clock.
Process: '' (PID 4).

RTC time: ‎2021‎-‎11‎-‎16T11:57:09.500000000Z
Current time zone bias: -330
RTC time is in UTC: false
System time was based on RTC time: false"
Information	16-11-2021 11:52:54	Microsoft-Windows-Kernel-Power	107	(102)	The system has resumed from sleep.
Information	16-11-2021 11:52:49	Microsoft-Windows-Kernel-Power	42	(64)	"The system is entering sleep.

Sleep Reason: System Idle"
Information	16-11-2021 11:52:41	Microsoft-Windows-Kernel-Power	566	(268)	"The system session has transitioned from 146 to 148.

Reason: 12"
Information	16-11-2021 11:42:14	Microsoft-Windows-Kernel-Power	566	(268)	"The system session has transitioned from 145 to 146.

Reason: 12"
Information	16-11-2021 11:39:35	Microsoft-Windows-WindowsUpdateClient	19	Windows Update Agent	Installation Successful: Windows successfully installed the following update: 9P7QFQMJRFP7-PythonSoftwareFoundation.Python.3.9
Information	16-11-2021 11:39:26	Microsoft-Windows-WindowsUpdateClient	43	Windows Update Agent	Installation Started: Windows has started installing the following update: 9P7QFQMJRFP7-PythonSoftwareFoundation.Python.3.9
Information	16-11-2021 11:38:50	Microsoft-Windows-WindowsUpdateClient	19	Windows Update Agent	Installation Successful: Windows successfully installed the following update: 9WZDNCRFHVJL-MICROSOFT.OFFICE.ONENOTE
Information	16-11-2021 11:38:40	Microsoft-Windows-Kernel-General	16	None	The access history in hive \??\C:\Users\mahendra\AppData\Local\Packages\Microsoft.Office.OneNote_8wekyb3d8bbwe\Settings\settings.dat was cleared updating 1 keys and creating 1 modified pages.
Information	16-11-2021 11:38:37	Microsoft-Windows-WindowsUpdateClient	43	Windows Update Agent	Installation Started: Windows has started installing the following update: 9WZDNCRFHVJL-MICROSOFT.OFFICE.ONENOTE
Information	16-11-2021 11:38:31	Microsoft-Windows-Kernel-General	16	None	The access history in hive \??\C:\ProgramData\Microsoft\Windows\AppRepository\Packages\Microsoft.Office.OneNote_16001.14326.20588.0_x64__8wekyb3d8bbwe\ActivationStore.dat was cleared updating 0 keys and creating 0 modified pages.
Information	16-11-2021 11:37:39	Microsoft-Windows-Kernel-General	16	None	The access history in hive \??\C:\ProgramData\Microsoft\Windows\AppRepository\Packages\5A894077.McAfeeSecurity_2.1.68.0_x64__wafk5atnkzcwy\ActivationStore.dat was cleared updating 0 keys and creating 0 modified pages.
Information	16-11-2021 11:37:15	Microsoft-Windows-WindowsUpdateClient	44	Windows Update Agent	Windows Update started downloading an update.
Information	16-11-2021 11:37:08	Microsoft-Windows-WindowsUpdateClient	44	Windows Update Agent	Windows Update started downloading an update.
Information	16-11-2021 11:37:04	Microsoft-Windows-WindowsUpdateClient	44	Windows Update Agent	Windows Update started downloading an update.
Information	16-11-2021 11:37:04	Microsoft-Windows-WindowsUpdateClient	44	Windows Update Agent	Windows Update started downloading an update.
Information	16-11-2021 11:36:58	Microsoft-Windows-WindowsUpdateClient	44	Windows Update Agent	Windows Update started downloading an update.
Information	16-11-2021 11:36:53	Microsoft-Windows-WindowsUpdateClient	44	Windows Update Agent	Windows Update started downloading an update.
Information	16-11-2021 11:36:53	Microsoft-Windows-WindowsUpdateClient	44	Windows Update Agent	Windows Update started downloading an update.
Information	16-11-2021 11:36:53	Microsoft-Windows-WindowsUpdateClient	44	Windows Update Agent	Windows Update started downloading an update.
Information	16-11-2021 11:36:41	Microsoft-Windows-WindowsUpdateClient	44	Windows Update Agent	Windows Update started downloading an update.
Information	16-11-2021 11:36:41	Microsoft-Windows-WindowsUpdateClient	44	Windows Update Agent	Windows Update started downloading an update.
Information	16-11-2021 11:16:03	Service Control Manager	7040	None	The start type of the Background Intelligent Transfer Service service was changed from auto start to demand start.
Information	16-11-2021 11:13:23	Service Control Manager	7040	None	The start type of the Background Intelligent Transfer Service service was changed from demand start to auto start.
Warning	16-11-2021 11:12:22	Microsoft-Windows-DistributedCOM	10016	None	"The application-specific permission settings do not grant Local Activation permission for the COM Server application with CLSID 
{2593F8B9-4EAF-457C-B68A-50F6B8EA6B54}
 and APPID 
{15C20B67-12E7-4BB6-92BB-7AFF07997402}
 to the user LAPTOP-7EVMU4TQ\mahendra SID (S-1-5-21-38077573-387163758-1783380300-1002) from address LocalHost (Using LRPC) running in the application container Unavailable SID (Unavailable). This security permission can be modified using the Component Services administrative tool."
Warning	16-11-2021 11:12:03	Microsoft-Windows-DistributedCOM	10016	None	"The application-specific permission settings do not grant Local Activation permission for the COM Server application with CLSID 
{2593F8B9-4EAF-457C-B68A-50F6B8EA6B54}
 and APPID 
{15C20B67-12E7-4BB6-92BB-7AFF07997402}
 to the user LAPTOP-7EVMU4TQ\mahendra SID (S-1-5-21-38077573-387163758-1783380300-1002) from address LocalHost (Using LRPC) running in the application container Unavailable SID (Unavailable). This security permission can be modified using the Component Services administrative tool."
Error	16-11-2021 11:04:57	Server	2505	None	The server could not bind to the transport \Device\NetBT_Tcpip_{9F961AE3-9423-4C8B-AB48-B1886999008B} because another computer on the network has the same name.  The server could not start.
Information	16-11-2021 10:34:59	Microsoft-Windows-Kernel-Power	105	(100)	Power source change.
Information	16-11-2021 10:07:42	Microsoft-Windows-WindowsUpdateClient	19	Windows Update Agent	Installation Successful: Windows successfully installed the following update: Security Intelligence Update for Microsoft Defender Antivirus - KB2267602 (Version 1.353.1059.0)
Information	16-11-2021 10:07:00	Microsoft-Windows-WindowsUpdateClient	43	Windows Update Agent	Installation Started: Windows has started installing the following update: Security Intelligence Update for Microsoft Defender Antivirus - KB2267602 (Version 1.353.1059.0)
Information	16-11-2021 10:07:00	Microsoft-Windows-WindowsUpdateClient	44	Windows Update Agent	Windows Update started downloading an update.
Information	16-11-2021 09:31:55	Microsoft-Windows-Kernel-Power	105	(100)	Power source change.
Information	16-11-2021 09:21:32	Volsnap	33	None	The oldest shadow copy of volume C: was deleted to keep disk space usage for shadow copies of volume C: below the user defined limit.
Information	16-11-2021 09:18:32	Service Control Manager	7040	None	The start type of the Background Intelligent Transfer Service service was changed from auto start to demand start.
Information	16-11-2021 09:15:35	Service Control Manager	7040	None	The start type of the Background Intelligent Transfer Service service was changed from demand start to auto start.
Warning	16-11-2021 09:14:29	Microsoft-Windows-DistributedCOM	10016	None	"The application-specific permission settings do not grant Local Activation permission for the COM Server application with CLSID 
{2593F8B9-4EAF-457C-B68A-50F6B8EA6B54}
 and APPID 
{15C20B67-12E7-4BB6-92BB-7AFF07997402}
 to the user LAPTOP-7EVMU4TQ\mahendra SID (S-1-5-21-38077573-387163758-1783380300-1002) from address LocalHost (Using LRPC) running in the application container Unavailable SID (Unavailable). This security permission can be modified using the Component Services administrative tool."
Warning	16-11-2021 09:13:25	Microsoft-Windows-DistributedCOM	10016	None	"The application-specific permission settings do not grant Local Activation permission for the COM Server application with CLSID 
{2593F8B9-4EAF-457C-B68A-50F6B8EA6B54}
 and APPID 
{15C20B67-12E7-4BB6-92BB-7AFF07997402}
 to the user LAPTOP-7EVMU4TQ\mahendra SID (S-1-5-21-38077573-387163758-1783380300-1002) from address LocalHost (Using LRPC) running in the application container Unavailable SID (Unavailable). This security permission can be modified using the Component Services administrative tool."
Information	16-11-2021 09:09:26	Service Control Manager	7040	None	The start type of the Background Intelligent Transfer Service service was changed from auto start to demand start.
Error	16-11-2021 09:07:36	Server	2505	None	The server could not bind to the transport \Device\NetBT_Tcpip_{9F961AE3-9423-4C8B-AB48-B1886999008B} because another computer on the network has the same name.  The server could not start.
Information	16-11-2021 09:07:32	Microsoft-Windows-Power-Troubleshooter	1	None	"The system has returned from a low power state.

Sleep Time: ‎2021‎-‎11‎-‎16T03:36:51.502971700Z
Wake Time: ‎2021‎-‎11‎-‎16T03:37:30.855088800Z

Wake Source: Power Button"
Error	16-11-2021 09:07:33	Server	2505	None	The server could not bind to the transport \Device\NetBT_Tcpip_{59426481-F96A-490F-9157-08A6F626BD36} because another computer on the network has the same name.  The server could not start.
Information	16-11-2021 09:07:31	Microsoft-Windows-Kernel-Power	566	(268)	"The system session has transitioned from 143 to 145.

Reason: 12"
Information	16-11-2021 09:07:30	Microsoft-Windows-Kernel-Power	566	(268)	"The system session has transitioned from 142 to 143.

Reason: 12"
Information	16-11-2021 09:07:28	Microsoft-Windows-Kernel-Power	130	(33)	Firmware S3 times. SuspendStart: 75889591, SuspendEnd: 75889592
Information	16-11-2021 09:07:28	Microsoft-Windows-Kernel-Power	131	(33)	Firmware S3 times. ResumeCount: 2, FullResume: 1033, AverageResume: 1033
Information	16-11-2021 09:07:28	Microsoft-Windows-Kernel-General	1	(5)	"The system time has changed to ‎2021‎-‎11‎-‎16T03:37:28.500000000Z from ‎2021‎-‎11‎-‎16T03:37:09.962531700Z.

Change Reason: System time synchronized with the hardware clock.
Process: '' (PID 4).

RTC time: ‎2021‎-‎11‎-‎16T09:07:28.500000000Z
Current time zone bias: -330
RTC time is in UTC: false
System time was based on RTC time: false"
Information	16-11-2021 09:07:09	Microsoft-Windows-Kernel-Power	107	(102)	The system has resumed from sleep.
Information	16-11-2021 09:07:05	Microsoft-Windows-Kernel-Power	42	(64)	"The system is entering sleep.

Sleep Reason: System Idle"
Information	16-11-2021 09:07:03	Service Control Manager	7040	None	The start type of the Background Intelligent Transfer Service service was changed from demand start to auto start.
Information	16-11-2021 09:07:01	Microsoft-Windows-Kernel-Power	105	(100)	Power source change.
Information	16-11-2021 09:06:55	Microsoft-Windows-Kernel-General	16	None	The access history in hive \??\C:\Users\mahendra\AppData\Local\Packages\Microsoft.LockApp_cw5n1h2txyewy\Settings\settings.dat was cleared updating 3 keys and creating 1 modified pages.
Information	16-11-2021 09:06:53	Microsoft-Windows-Kernel-Power	566	(268)	"The system session has transitioned from 140 to 142.

Reason: 12"
Information	16-11-2021 09:06:34	Microsoft-Windows-Kernel-Power	566	(268)	"The system session has transitioned from 139 to 140.

Reason: 12"
Information	16-11-2021 09:01:35	Service Control Manager	7040	None	The start type of the Background Intelligent Transfer Service service was changed from auto start to demand start.
Warning	16-11-2021 09:00:29	Microsoft-Windows-DistributedCOM	10016	None	"The application-specific permission settings do not grant Local Activation permission for the COM Server application with CLSID 
{2593F8B9-4EAF-457C-B68A-50F6B8EA6B54}
 and APPID 
{15C20B67-12E7-4BB6-92BB-7AFF07997402}
 to the user LAPTOP-7EVMU4TQ\mahendra SID (S-1-5-21-38077573-387163758-1783380300-1002) from address LocalHost (Using LRPC) running in the application container Unavailable SID (Unavailable). This security permission can be modified using the Component Services administrative tool."
Information	16-11-2021 08:58:53	Service Control Manager	7040	None	The start type of the Background Intelligent Transfer Service service was changed from demand start to auto start.
Warning	16-11-2021 08:57:52	Microsoft-Windows-DistributedCOM	10016	None	"The application-specific permission settings do not grant Local Activation permission for the COM Server application with CLSID 
{2593F8B9-4EAF-457C-B68A-50F6B8EA6B54}
 and APPID 
{15C20B67-12E7-4BB6-92BB-7AFF07997402}
 to the user LAPTOP-7EVMU4TQ\mahendra SID (S-1-5-21-38077573-387163758-1783380300-1002) from address LocalHost (Using LRPC) running in the application container Unavailable SID (Unavailable). This security permission can be modified using the Component Services administrative tool."
Error	16-11-2021 08:56:57	Server	2505	None	The server could not bind to the transport \Device\NetBT_Tcpip_{9F961AE3-9423-4C8B-AB48-B1886999008B} because another computer on the network has the same name.  The server could not start.
Information	16-11-2021 08:47:35	Service Control Manager	7040	None	The start type of the Background Intelligent Transfer Service service was changed from auto start to demand start.
Information	16-11-2021 08:40:03	Microsoft-Windows-Winlogon	7001	(1101)	User Logon Notification for Customer Experience Improvement Program
Error	16-11-2021 08:37:40	Server	2505	None	The server could not bind to the transport \Device\NetBT_Tcpip_{9F961AE3-9423-4C8B-AB48-B1886999008B} because another computer on the network has the same name.  The server could not start.
Information	16-11-2021 08:37:36	Microsoft-Windows-Power-Troubleshooter	1	None	"The system has returned from a low power state.

Sleep Time: ‎2021‎-‎11‎-‎16T03:06:08.704895600Z
Wake Time: ‎2021‎-‎11‎-‎16T03:07:33.708044700Z

Wake Source: Power Button"
Error	16-11-2021 08:37:36	Server	2505	None	The server could not bind to the transport \Device\NetBT_Tcpip_{59426481-F96A-490F-9157-08A6F626BD36} because another computer on the network has the same name.  The server could not start.
Information	16-11-2021 08:37:33	Microsoft-Windows-Kernel-Power	566	(268)	"The system session has transitioned from 137 to 139.

Reason: 12"
Information	16-11-2021 08:37:33	Microsoft-Windows-Kernel-Power	566	(268)	"The system session has transitioned from 136 to 137.

Reason: 12"
Information	16-11-2021 08:37:32	Microsoft-Windows-Kernel-Power	130	(33)	Firmware S3 times. SuspendStart: 74113328, SuspendEnd: 74113329
Information	16-11-2021 08:37:32	Microsoft-Windows-Kernel-Power	131	(33)	Firmware S3 times. ResumeCount: 1, FullResume: 1033, AverageResume: 1033
Information	16-11-2021 08:37:32	Microsoft-Windows-Kernel-General	1	(5)	"The system time has changed to ‎2021‎-‎11‎-‎16T03:07:32.500000000Z from ‎2021‎-‎11‎-‎16T03:06:19.703274900Z.

Change Reason: System time synchronized with the hardware clock.
Process: '' (PID 4).

RTC time: ‎2021‎-‎11‎-‎16T08:37:32.500000000Z
Current time zone bias: -330
RTC time is in UTC: false
System time was based on RTC time: false"
Information	16-11-2021 08:36:19	Microsoft-Windows-Kernel-Power	107	(102)	The system has resumed from sleep.
Information	16-11-2021 08:36:15	Microsoft-Windows-Kernel-Power	42	(64)	"The system is entering sleep.

Sleep Reason: System Idle"
Information	16-11-2021 08:36:09	Microsoft-Windows-Kernel-Power	566	(268)	"The system session has transitioned from 134 to 136.

Reason: 12"
Information	16-11-2021 08:36:08	Microsoft-Windows-Kernel-Power	566	(268)	"The system session has transitioned from 133 to 134.

Reason: 12"
Information	16-11-2021 08:31:03	Microsoft-Windows-Kernel-General	1	(5)	"The system time has changed to ‎2021‎-‎11‎-‎16T03:01:03.082628500Z from ‎2021‎-‎11‎-‎16T03:01:03.081537700Z.

Change Reason: An application or system component changed the time.
Process: '\Device\HarddiskVolume3\Windows\System32\svchost.exe' (PID 3928).

RTC time: ‎2021‎-‎11‎-‎16T08:31:03.082628500Z
Current time zone bias: -330
RTC time is in UTC: false
System time was based on RTC time: false"
Information	16-11-2021 08:31:03	Microsoft-Windows-Kernel-General	24	(11)	The time zone information was refreshed with exit reason 0. Current time zone bias is -330.
Information	16-11-2021 08:31:03	Microsoft-Windows-Time-Service	35	None	The time service is now synchronizing the system time with the time source time.windows.com,0x9 (ntp.m|0x9|0.0.0.0:123->40.81.94.65:123) with reference id 1096700200. Current local stratum number is 4.
Information	16-11-2021 08:30:47	Microsoft-Windows-Time-Service	37	None	The time provider NtpClient is currently receiving valid time data from time.windows.com,0x9 (ntp.m|0x9|0.0.0.0:123->40.81.94.65:123).
Error	16-11-2021 08:30:19	Server	2505	None	The server could not bind to the transport \Device\NetBT_Tcpip_{9F961AE3-9423-4C8B-AB48-B1886999008B} because another computer on the network has the same name.  The server could not start.
Information	16-11-2021 08:30:15	Microsoft-Windows-Power-Troubleshooter	1	None	"The system has returned from a low power state.

Sleep Time: ‎2021‎-‎11‎-‎15T17:48:29.315643700Z
Wake Time: ‎2021‎-‎11‎-‎16T03:00:11.968335700Z

Wake Source: Unknown"
Error	16-11-2021 08:30:14	Server	2505	None	The server could not bind to the transport \Device\NetBT_Tcpip_{59426481-F96A-490F-9157-08A6F626BD36} because another computer on the network has the same name.  The server could not start.
Information	16-11-2021 08:30:13	Microsoft-Windows-Kernel-Power	566	(268)	"The system session has transitioned from 131 to 133.

Reason: 12"
Warning	16-11-2021 08:30:11	Microsoft-Windows-Time-Service	134	None	NtpClient was unable to set a manual peer to use as a time source because of DNS resolution error on 'time.windows.com,0x9'. NtpClient will try again in 15 minutes and double the reattempt interval thereafter. The error was: No such host is known. (0x80072AF9)
Information	16-11-2021 08:30:11	Microsoft-Windows-Kernel-Power	566	(268)	"The system session has transitioned from 130 to 131.

Reason: 12"
Information	16-11-2021 08:30:11	Microsoft-Windows-Kernel-Boot	32	(58)	The bootmgr spent 0 ms waiting for user input.
Information	16-11-2021 08:30:11	Microsoft-Windows-Kernel-Boot	18	(57)	There are 0x1 boot options on this system.
Information	16-11-2021 08:30:11	Microsoft-Windows-Kernel-Boot	30	(21)	The firmware reported boot metrics.
Information	16-11-2021 08:30:06	Microsoft-Windows-Kernel-General	1	(5)	"The system time has changed to ‎2021‎-‎11‎-‎16T03:00:06.500000000Z from ‎2021‎-‎11‎-‎15T17:48:57.404078900Z.

Change Reason: System time synchronized with the hardware clock.
Process: '' (PID 4).

RTC time: ‎2021‎-‎11‎-‎16T08:30:06.500000000Z
Current time zone bias: -330
RTC time is in UTC: false
System time was based on RTC time: false"
Information	15-11-2021 23:18:57	Microsoft-Windows-Kernel-Power	107	(102)	The system has resumed from sleep.
Information	15-11-2021 23:18:40	Microsoft-Windows-Kernel-Power	42	(64)	"The system is entering sleep.

Sleep Reason: Application API"
Information	15-11-2021 23:18:29	Microsoft-Windows-Kernel-Power	566	(268)	"The system session has transitioned from 129 to 130.

Reason: 12"
Information	15-11-2021 23:18:29	Microsoft-Windows-Kernel-Power	187	(243)	User-mode process attempted to change the system state by calling SetSuspendState or SetSystemPowerState APIs.
Information	15-11-2021 23:18:27	Microsoft-Windows-Winlogon	7002	(1102)	User Logoff Notification for Customer Experience Improvement Program
Information	15-11-2021 23:18:13	Microsoft-Windows-Kernel-Power	105	(100)	Power source change.
Information	15-11-2021 23:18:09	User32	1074	None	"The process Explorer.EXE has initiated the power off of computer LAPTOP-7EVMU4TQ on behalf of user LAPTOP-7EVMU4TQ\mahendra for the following reason: Other (Unplanned)
 Reason Code: 0x0
 Shutdown Type: power off
 Comment: "
Warning	15-11-2021 23:17:10	Microsoft-Windows-DistributedCOM	10016	None	"The application-specific permission settings do not grant Local Activation permission for the COM Server application with CLSID 
{2593F8B9-4EAF-457C-B68A-50F6B8EA6B54}
 and APPID 
{15C20B67-12E7-4BB6-92BB-7AFF07997402}
 to the user LAPTOP-7EVMU4TQ\mahendra SID (S-1-5-21-38077573-387163758-1783380300-1002) from address LocalHost (Using LRPC) running in the application container Unavailable SID (Unavailable). This security permission can be modified using the Component Services administrative tool."
Information	15-11-2021 23:16:25	Service Control Manager	7040	None	The start type of the Background Intelligent Transfer Service service was changed from demand start to auto start.
Warning	15-11-2021 23:13:31	Microsoft-Windows-DistributedCOM	10016	None	"The application-specific permission settings do not grant Local Activation permission for the COM Server application with CLSID 
{2593F8B9-4EAF-457C-B68A-50F6B8EA6B54}
 and APPID 
{15C20B67-12E7-4BB6-92BB-7AFF07997402}
 to the user LAPTOP-7EVMU4TQ\mahendra SID (S-1-5-21-38077573-387163758-1783380300-1002) from address LocalHost (Using LRPC) running in the application container Unavailable SID (Unavailable). This security permission can be modified using the Component Services administrative tool."
Information	15-11-2021 23:00:02	Microsoft-Windows-Kernel-Power	566	(268)	"The system session has transitioned from 127 to 129.

Reason: 12"
Information	15-11-2021 22:56:03	Microsoft-Windows-Kernel-Power	566	(268)	"The system session has transitioned from 126 to 127.

Reason: 12"
Warning	15-11-2021 22:32:47	Microsoft-Windows-DNS-Client	1014	(1014)	Name resolution for the name checkappexec.microsoft.com timed out after none of the configured DNS servers responded. Client PID 9924.
Warning	15-11-2021 22:32:45	Microsoft-Windows-DistributedCOM	10016	None	"The application-specific permission settings do not grant Local Activation permission for the COM Server application with CLSID 
{2593F8B9-4EAF-457C-B68A-50F6B8EA6B54}
 and APPID 
{15C20B67-12E7-4BB6-92BB-7AFF07997402}
 to the user LAPTOP-7EVMU4TQ\mahendra SID (S-1-5-21-38077573-387163758-1783380300-1002) from address LocalHost (Using LRPC) running in the application container Unavailable SID (Unavailable). This security permission can be modified using the Component Services administrative tool."
Warning	15-11-2021 22:32:42	Microsoft-Windows-DistributedCOM	10016	None	"The application-specific permission settings do not grant Local Activation permission for the COM Server application with CLSID 
{2593F8B9-4EAF-457C-B68A-50F6B8EA6B54}
 and APPID 
{15C20B67-12E7-4BB6-92BB-7AFF07997402}
 to the user LAPTOP-7EVMU4TQ\mahendra SID (S-1-5-21-38077573-387163758-1783380300-1002) from address LocalHost (Using LRPC) running in the application container Unavailable SID (Unavailable). This security permission can be modified using the Component Services administrative tool."
Information	15-11-2021 22:32:21	Microsoft-Windows-Kernel-Power	566	(268)	"The system session has transitioned from 124 to 126.

Reason: 12"
Information	15-11-2021 22:24:22	Microsoft-Windows-Kernel-Power	566	(268)	"The system session has transitioned from 123 to 124.

Reason: 12"
Warning	15-11-2021 22:23:01	Microsoft-Windows-DNS-Client	1014	(1014)	Name resolution for the name inference.location.live.net timed out after none of the configured DNS servers responded. Client PID 2408.
Warning	15-11-2021 22:22:39	Microsoft-Windows-DNS-Client	1014	(1014)	Name resolution for the name google.com timed out after none of the configured DNS servers responded. Client PID 9628.
Error	15-11-2021 22:22:39	Server	2505	None	The server could not bind to the transport \Device\NetBT_Tcpip_{9F961AE3-9423-4C8B-AB48-B1886999008B} because another computer on the network has the same name.  The server could not start.
Warning	15-11-2021 22:22:35	Microsoft-Windows-DNS-Client	1014	(1014)	Name resolution for the name www.google.ru timed out after none of the configured DNS servers responded. Client PID 9628.
Warning	15-11-2021 22:20:45	Microsoft-Windows-DNS-Client	1014	(1014)	Name resolution for the name mozilla.cloudflare-dns.com timed out after none of the configured DNS servers responded. Client PID 9628.
Warning	15-11-2021 22:18:55	Microsoft-Windows-DNS-Client	1014	(1014)	Name resolution for the name settings-win.data.microsoft.com timed out after none of the configured DNS servers responded. Client PID 4780.
Warning	15-11-2021 22:18:28	Microsoft-Windows-DNS-Client	1014	(1014)	Name resolution for the name chrome.cloudflare-dns.com timed out after none of the configured DNS servers responded. Client PID 14992.
Error	15-11-2021 22:18:16	Server	2505	None	The server could not bind to the transport \Device\NetBT_Tcpip_{9F961AE3-9423-4C8B-AB48-B1886999008B} because another computer on the network has the same name.  The server could not start.
Warning	15-11-2021 22:18:03	Microsoft-Windows-DNS-Client	1014	(1014)	Name resolution for the name google.com timed out after none of the configured DNS servers responded. Client PID 9628.
Error	15-11-2021 22:17:53	Server	2505	None	The server could not bind to the transport \Device\NetBT_Tcpip_{9F961AE3-9423-4C8B-AB48-B1886999008B} because another computer on the network has the same name.  The server could not start.
Warning	15-11-2021 22:17:30	Microsoft-Windows-DNS-Client	1014	(1014)	Name resolution for the name reserve-5a846.firebaseio.com timed out after none of the configured DNS servers responded. Client PID 9628.
Warning	15-11-2021 22:17:27	Microsoft-Windows-DNS-Client	1014	(1014)	Name resolution for the name www.google.ru timed out after none of the configured DNS servers responded. Client PID 9628.
Error	15-11-2021 22:17:18	Server	2505	None	The server could not bind to the transport \Device\NetBT_Tcpip_{9F961AE3-9423-4C8B-AB48-B1886999008B} because another computer on the network has the same name.  The server could not start.
Information	15-11-2021 22:08:43	Microsoft-Windows-Kernel-Power	566	(268)	"The system session has transitioned from 121 to 123.

Reason: 12"
Information	15-11-2021 22:08:41	Microsoft-Windows-Kernel-Power	566	(268)	"The system session has transitioned from 120 to 121.

Reason: 12"
Warning	15-11-2021 21:55:09	Microsoft-Windows-DNS-Client	1014	(1014)	Name resolution for the name inference.location.live.net timed out after none of the configured DNS servers responded. Client PID 2408.
Warning	15-11-2021 21:55:00	Microsoft-Windows-DNS-Client	1014	(1014)	Name resolution for the name licensing.mp.microsoft.com timed out after none of the configured DNS servers responded. Client PID 15004.
Warning	15-11-2021 21:54:54	Microsoft-Windows-DNS-Client	1014	(1014)	Name resolution for the name ic3.events.data.microsoft.com timed out after none of the configured DNS servers responded. Client PID 12092.
Information	15-11-2021 21:54:41	Microsoft-Windows-Power-Troubleshooter	1	None	"The system has returned from a low power state.

Sleep Time: ‎2021‎-‎11‎-‎15T16:11:54.497980100Z
Wake Time: ‎2021‎-‎11‎-‎15T16:24:34.027365000Z

Wake Source: Power Button"
Error	15-11-2021 21:54:42	Server	2505	None	The server could not bind to the transport \Device\NetBT_Tcpip_{9F961AE3-9423-4C8B-AB48-B1886999008B} because another computer on the network has the same name.  The server could not start.
Information	15-11-2021 21:54:36	Microsoft-Windows-Kernel-Power	566	(268)	"The system session has transitioned from 118 to 120.

Reason: 12"
Information	15-11-2021 21:54:31	Microsoft-Windows-Kernel-Power	566	(268)	"The system session has transitioned from 117 to 118.

Reason: 12"
