Information	19-11-2021 14:35:38	Microsoft-Windows-WindowsUpdateClient	43	Windows Update Agent	Installation Started: Windows has started installing the following update: 2021-10 Update for Windows SV Version 21H2 for x64-based Systems (KB4023057)
Information	19-11-2021 14:29:21	Microsoft-Windows-Time-Service	37	None	The time provider NtpClient is currently receiving valid time data from time.windows.com,0x9 (ntp.m|0x9|0.0.0.0:123->40.81.94.65:123).
Information	19-11-2021 14:29:21	Microsoft-Windows-Time-Service	158	None	The time provider 'VMICTimeProvider' has indicated that the current hardware and operating environment is not supported and has stopped. This behavior is expected for VMICTimeProvider on non-HyperV-guest environments. This may be the expected behavior for the current provider in the current operating environment as well.
Information	19-11-2021 14:28:17	Microsoft-Windows-Kernel-Power	566	(268)	"The system session has transitioned from 43 to 44.

Reason: 13"
Information	19-11-2021 14:24:09	Microsoft-Windows-Kernel-General	15	(10)	Hive \??\Volume{637580df-304c-4bcc-9806-433c61606458}\System Volume Information\SPP\SppCbsHiveStore\{cd42efe1-f6f1-427c-b004-033192c625a4}{898E21AE-4923-49BD-B050-0FEA96BE418D} was reorganized with a starting size of 11067392 bytes and an ending size of 10481664 bytes.
Information	19-11-2021 14:23:39	Microsoft-Windows-Kernel-General	11	None	TxR init phase for hive \??\GLOBALROOT\Device\HarddiskVolumeShadowCopy9\WINDOWS\System32\config\DRIVERS (TM: {05f2dde8-4881-11ec-81ef-0068ebd8b518}, RM: {05f2dde7-4881-11ec-81ef-0068ebd8b518}) finished with result=0xC00000A2 (Internal code=7).
Information	19-11-2021 14:23:39	Microsoft-Windows-Kernel-General	11	None	TxR init phase for hive \??\GLOBALROOT\Device\HarddiskVolumeShadowCopy9\WINDOWS\System32\config\SYSTEM (TM: {05f2dde5-4881-11ec-81ef-0068ebd8b518}, RM: {05f2dde4-4881-11ec-81ef-0068ebd8b518}) finished with result=0xC00000A2 (Internal code=7).
Information	19-11-2021 14:23:34	Microsoft-Windows-Ntfs	98	None	Volume Windows (\Device\HarddiskVolumeShadowCopy9) is healthy.  No action is needed.
Information	19-11-2021 14:16:36	Microsoft-Windows-Kernel-Power	105	(100)	Power source change.
Information	19-11-2021 14:13:14	Microsoft-Windows-Kernel-Power	105	(100)	Power source change.
Error	19-11-2021 14:07:01	Server	2505	None	The server could not bind to the transport \Device\NetBT_Tcpip_{9F961AE3-9423-4C8B-AB48-B1886999008B} because another computer on the network has the same name.  The server could not start.
Warning	19-11-2021 13:22:39	Microsoft-Windows-DistributedCOM	10016	None	"The application-specific permission settings do not grant Local Activation permission for the COM Server application with CLSID 
{8BC3F05E-D86B-11D0-A075-00C04FB68820}
 and APPID 
{8BC3F05E-D86B-11D0-A075-00C04FB68820}
 to the user LAPTOP-7EVMU4TQ\mahendra SID (S-1-5-21-38077573-387163758-1783380300-1002) from address LocalHost (Using LRPC) running in the application container Unavailable SID (S-1-15-2-2673739627-4062540557-2202021488-721027812-3656277377-471251846-4266303732). This security permission can be modified using the Component Services administrative tool."
Warning	19-11-2021 13:21:14	Microsoft-Windows-DistributedCOM	10016	None	"The application-specific permission settings do not grant Local Activation permission for the COM Server application with CLSID 
{8BC3F05E-D86B-11D0-A075-00C04FB68820}
 and APPID 
{8BC3F05E-D86B-11D0-A075-00C04FB68820}
 to the user LAPTOP-7EVMU4TQ\mahendra SID (S-1-5-21-38077573-387163758-1783380300-1002) from address LocalHost (Using LRPC) running in the application container Unavailable SID (S-1-15-2-2203353364-2197074524-2755567058-2191058478-1668240185-3273627855-735318796). This security permission can be modified using the Component Services administrative tool."
Warning	19-11-2021 13:20:04	Microsoft-Windows-DistributedCOM	10016	None	"The application-specific permission settings do not grant Local Activation permission for the COM Server application with CLSID 
{8BC3F05E-D86B-11D0-A075-00C04FB68820}
 and APPID 
{8BC3F05E-D86B-11D0-A075-00C04FB68820}
 to the user LAPTOP-7EVMU4TQ\mahendra SID (S-1-5-21-38077573-387163758-1783380300-1002) from address LocalHost (Using LRPC) running in the application container Unavailable SID (S-1-15-2-285662363-3459980751-218410989-3523623100-308647463-3605855068-1574900294). This security permission can be modified using the Component Services administrative tool."
Information	19-11-2021 12:37:58	Microsoft-Windows-Kernel-General	16	None	The access history in hive \??\C:\Users\mahendra\AppData\Local\Packages\Microsoft.XboxGamingOverlay_8wekyb3d8bbwe\Settings\settings.dat was cleared updating 6 keys and creating 1 modified pages.
Warning	19-11-2021 12:16:50	Microsoft-Windows-DistributedCOM	10016	None	"The application-specific permission settings do not grant Local Activation permission for the COM Server application with CLSID 
{8BC3F05E-D86B-11D0-A075-00C04FB68820}
 and APPID 
{8BC3F05E-D86B-11D0-A075-00C04FB68820}
 to the user LAPTOP-7EVMU4TQ\mahendra SID (S-1-5-21-38077573-387163758-1783380300-1002) from address LocalHost (Using LRPC) running in the application container Unavailable SID (S-1-15-2-2912960981-1273143967-2993556976-1226182149-2699812710-375547759-2694990713). This security permission can be modified using the Component Services administrative tool."
Information	19-11-2021 12:00:00	EventLog	6013	None	The system uptime is 55447 seconds.
Information	19-11-2021 11:56:27	Microsoft-Windows-WindowsUpdateClient	19	Windows Update Agent	Installation Successful: Windows successfully installed the following update: Security Intelligence Update for Microsoft Defender Antivirus - KB2267602 (Version 1.353.1239.0)
Information	19-11-2021 11:55:56	Microsoft-Windows-Kernel-Power	566	(268)	"The system session has transitioned from 41 to 43.

Reason: 13"
Information	19-11-2021 11:54:29	Microsoft-Windows-WindowsUpdateClient	43	Windows Update Agent	Installation Started: Windows has started installing the following update: Security Intelligence Update for Microsoft Defender Antivirus - KB2267602 (Version 1.353.1239.0)
Information	19-11-2021 11:54:29	Microsoft-Windows-WindowsUpdateClient	44	Windows Update Agent	Windows Update started downloading an update.
Information	19-11-2021 11:54:29	Microsoft-Windows-WindowsUpdateClient	44	Windows Update Agent	Windows Update started downloading an update.
Information	19-11-2021 11:50:38	Microsoft-Windows-Kernel-Power	566	(268)	"The system session has transitioned from 40 to 41.

Reason: 13"
Information	19-11-2021 11:39:36	Microsoft-Windows-Kernel-Power	105	(100)	Power source change.
Information	19-11-2021 11:38:54	Service Control Manager	7040	None	The start type of the Background Intelligent Transfer Service service was changed from auto start to demand start.
Information	19-11-2021 11:36:17	Service Control Manager	7040	None	The start type of the Background Intelligent Transfer Service service was changed from demand start to auto start.
Warning	19-11-2021 11:35:15	Microsoft-Windows-DistributedCOM	10016	None	"The application-specific permission settings do not grant Local Activation permission for the COM Server application with CLSID 
{2593F8B9-4EAF-457C-B68A-50F6B8EA6B54}
 and APPID 
{15C20B67-12E7-4BB6-92BB-7AFF07997402}
 to the user LAPTOP-7EVMU4TQ\mahendra SID (S-1-5-21-38077573-387163758-1783380300-1002) from address LocalHost (Using LRPC) running in the application container Unavailable SID (Unavailable). This security permission can be modified using the Component Services administrative tool."
Warning	19-11-2021 11:25:20	Microsoft-Windows-DistributedCOM	10016	None	"The application-specific permission settings do not grant Local Activation permission for the COM Server application with CLSID 
{2593F8B9-4EAF-457C-B68A-50F6B8EA6B54}
 and APPID 
{15C20B67-12E7-4BB6-92BB-7AFF07997402}
 to the user LAPTOP-7EVMU4TQ\mahendra SID (S-1-5-21-38077573-387163758-1783380300-1002) from address LocalHost (Using LRPC) running in the application container Unavailable SID (Unavailable). This security permission can be modified using the Component Services administrative tool."
Information	19-11-2021 11:24:46	Microsoft-Windows-Kernel-Power	105	(100)	Power source change.
Warning	19-11-2021 10:09:07	Microsoft-Windows-DistributedCOM	10016	None	"The application-specific permission settings do not grant Local Activation permission for the COM Server application with CLSID 
{2593F8B9-4EAF-457C-B68A-50F6B8EA6B54}
 and APPID 
{15C20B67-12E7-4BB6-92BB-7AFF07997402}
 to the user LAPTOP-7EVMU4TQ\mahendra SID (S-1-5-21-38077573-387163758-1783380300-1002) from address LocalHost (Using LRPC) running in the application container Unavailable SID (Unavailable). This security permission can be modified using the Component Services administrative tool."
Warning	19-11-2021 09:56:21	Microsoft-Windows-DistributedCOM	10016	None	"The application-specific permission settings do not grant Local Activation permission for the COM Server application with CLSID 
{2593F8B9-4EAF-457C-B68A-50F6B8EA6B54}
 and APPID 
{15C20B67-12E7-4BB6-92BB-7AFF07997402}
 to the user LAPTOP-7EVMU4TQ\mahendra SID (S-1-5-21-38077573-387163758-1783380300-1002) from address LocalHost (Using LRPC) running in the application container Unavailable SID (Unavailable). This security permission can be modified using the Component Services administrative tool."
Warning	19-11-2021 09:54:34	Microsoft-Windows-DistributedCOM	10016	None	"The application-specific permission settings do not grant Local Activation permission for the COM Server application with CLSID 
{2593F8B9-4EAF-457C-B68A-50F6B8EA6B54}
 and APPID 
{15C20B67-12E7-4BB6-92BB-7AFF07997402}
 to the user LAPTOP-7EVMU4TQ\mahendra SID (S-1-5-21-38077573-387163758-1783380300-1002) from address LocalHost (Using LRPC) running in the application container Unavailable SID (Unavailable). This security permission can be modified using the Component Services administrative tool."
Error	19-11-2021 09:35:20	Microsoft-Windows-WindowsUpdateClient	20	Windows Update Agent	Installation Failure: Windows failed to install the following update with error 0x80073D02: 9NMPJ99VJBWV-Microsoft.YourPhone.
Information	19-11-2021 09:35:17	Microsoft-Windows-WindowsUpdateClient	43	Windows Update Agent	Installation Started: Windows has started installing the following update: 9NMPJ99VJBWV-Microsoft.YourPhone
Information	19-11-2021 09:35:09	Microsoft-Windows-Kernel-General	16	None	The access history in hive \??\C:\ProgramData\Microsoft\Windows\AppRepository\Packages\Microsoft.YourPhone_1.21102.134.0_x64__8wekyb3d8bbwe\ActivationStore.dat was cleared updating 0 keys and creating 0 modified pages.
Information	19-11-2021 09:34:42	Microsoft-Windows-WindowsUpdateClient	19	Windows Update Agent	Installation Successful: Windows successfully installed the following update: 9WZDNCRFHWLH-AD2F1837.HPPRINTERCONTROL
Information	19-11-2021 09:34:05	Microsoft-Windows-WindowsUpdateClient	43	Windows Update Agent	Installation Started: Windows has started installing the following update: 9WZDNCRFHWLH-AD2F1837.HPPRINTERCONTROL
Information	19-11-2021 09:34:00	Microsoft-Windows-Kernel-General	16	None	The access history in hive \??\C:\ProgramData\Microsoft\Windows\AppRepository\Packages\AD2F1837.HPPrinterControl_132.3.262.0_x64__v10z8vjag6ke6\ActivationStore.dat was cleared updating 0 keys and creating 0 modified pages.
Information	19-11-2021 09:33:36	Microsoft-Windows-WindowsUpdateClient	19	Windows Update Agent	Installation Successful: Windows successfully installed the following update: 9WZDNCRD1HKW-Microsoft.XboxIdentityProvider
Information	19-11-2021 09:33:31	Microsoft-Windows-Kernel-General	16	None	The access history in hive \??\C:\Users\mahendra\AppData\Local\Packages\Microsoft.XboxIdentityProvider_8wekyb3d8bbwe\Settings\settings.dat was cleared updating 2 keys and creating 1 modified pages.
Information	19-11-2021 09:33:25	Microsoft-Windows-WindowsUpdateClient	43	Windows Update Agent	Installation Started: Windows has started installing the following update: 9WZDNCRD1HKW-Microsoft.XboxIdentityProvider
Information	19-11-2021 09:33:18	Microsoft-Windows-Kernel-General	16	None	The access history in hive \??\C:\ProgramData\Microsoft\Windows\AppRepository\Packages\Microsoft.XboxIdentityProvider_12.83.12001.0_x64__8wekyb3d8bbwe\ActivationStore.dat was cleared updating 0 keys and creating 0 modified pages.
Information	19-11-2021 09:33:04	Microsoft-Windows-WindowsUpdateClient	44	Windows Update Agent	Windows Update started downloading an update.
Information	19-11-2021 09:32:58	Microsoft-Windows-WindowsUpdateClient	44	Windows Update Agent	Windows Update started downloading an update.
Information	19-11-2021 09:32:58	Microsoft-Windows-WindowsUpdateClient	44	Windows Update Agent	Windows Update started downloading an update.
Information	19-11-2021 09:32:58	Microsoft-Windows-WindowsUpdateClient	44	Windows Update Agent	Windows Update started downloading an update.
Information	19-11-2021 09:32:53	Microsoft-Windows-WindowsUpdateClient	44	Windows Update Agent	Windows Update started downloading an update.
Information	19-11-2021 09:32:53	Microsoft-Windows-WindowsUpdateClient	44	Windows Update Agent	Windows Update started downloading an update.
Information	19-11-2021 09:32:50	Microsoft-Windows-WindowsUpdateClient	44	Windows Update Agent	Windows Update started downloading an update.
Information	19-11-2021 09:32:50	Microsoft-Windows-WindowsUpdateClient	44	Windows Update Agent	Windows Update started downloading an update.
Information	19-11-2021 09:29:07	Microsoft-Windows-WindowsUpdateClient	44	Windows Update Agent	Windows Update started downloading an update.
Information	19-11-2021 09:29:05	Microsoft-Windows-WindowsUpdateClient	44	Windows Update Agent	Windows Update started downloading an update.
Information	19-11-2021 09:29:05	Microsoft-Windows-WindowsUpdateClient	44	Windows Update Agent	Windows Update started downloading an update.
Information	19-11-2021 09:29:05	Microsoft-Windows-WindowsUpdateClient	44	Windows Update Agent	Windows Update started downloading an update.
Information	19-11-2021 09:28:56	Microsoft-Windows-WindowsUpdateClient	44	Windows Update Agent	Windows Update started downloading an update.
Information	19-11-2021 09:28:56	Microsoft-Windows-WindowsUpdateClient	44	Windows Update Agent	Windows Update started downloading an update.
Information	19-11-2021 09:21:30	Service Control Manager	7040	None	The start type of the Background Intelligent Transfer Service service was changed from auto start to demand start.
Information	19-11-2021 09:15:59	Service Control Manager	7040	None	The start type of the Background Intelligent Transfer Service service was changed from demand start to auto start.
Warning	19-11-2021 09:15:59	Microsoft-Windows-DistributedCOM	10016	None	"The application-specific permission settings do not grant Local Activation permission for the COM Server application with CLSID 
{2593F8B9-4EAF-457C-B68A-50F6B8EA6B54}
 and APPID 
{15C20B67-12E7-4BB6-92BB-7AFF07997402}
 to the user LAPTOP-7EVMU4TQ\mahendra SID (S-1-5-21-38077573-387163758-1783380300-1002) from address LocalHost (Using LRPC) running in the application container Unavailable SID (Unavailable). This security permission can be modified using the Component Services administrative tool."
Information	19-11-2021 09:15:55	Microsoft-Windows-Kernel-Power	105	(100)	Power source change.
Information	19-11-2021 07:17:51	Service Control Manager	7040	None	The start type of the Background Intelligent Transfer Service service was changed from auto start to demand start.
Information	19-11-2021 07:15:30	Service Control Manager	7040	None	The start type of the Background Intelligent Transfer Service service was changed from demand start to auto start.
Warning	19-11-2021 07:14:30	Microsoft-Windows-DistributedCOM	10016	None	"The application-specific permission settings do not grant Local Activation permission for the COM Server application with CLSID 
{2593F8B9-4EAF-457C-B68A-50F6B8EA6B54}
 and APPID 
{15C20B67-12E7-4BB6-92BB-7AFF07997402}
 to the user LAPTOP-7EVMU4TQ\mahendra SID (S-1-5-21-38077573-387163758-1783380300-1002) from address LocalHost (Using LRPC) running in the application container Unavailable SID (Unavailable). This security permission can be modified using the Component Services administrative tool."
Warning	19-11-2021 07:13:53	Microsoft-Windows-DistributedCOM	10016	None	"The application-specific permission settings do not grant Local Activation permission for the COM Server application with CLSID 
{2593F8B9-4EAF-457C-B68A-50F6B8EA6B54}
 and APPID 
{15C20B67-12E7-4BB6-92BB-7AFF07997402}
 to the user LAPTOP-7EVMU4TQ\mahendra SID (S-1-5-21-38077573-387163758-1783380300-1002) from address LocalHost (Using LRPC) running in the application container Unavailable SID (Unavailable). This security permission can be modified using the Component Services administrative tool."
Information	19-11-2021 07:10:54	Microsoft-Windows-WindowsUpdateClient	19	Windows Update Agent	Installation Successful: Windows successfully installed the following update: Security Intelligence Update for Microsoft Defender Antivirus - KB2267602 (Version 1.353.1213.0)
Information	19-11-2021 07:10:27	Microsoft-Windows-WindowsUpdateClient	43	Windows Update Agent	Installation Started: Windows has started installing the following update: Security Intelligence Update for Microsoft Defender Antivirus - KB2267602 (Version 1.353.1213.0)
Information	19-11-2021 07:09:06	Service Control Manager	7040	None	The start type of the Background Intelligent Transfer Service service was changed from auto start to demand start.
Information	19-11-2021 07:06:32	Service Control Manager	7040	None	The start type of the Background Intelligent Transfer Service service was changed from demand start to auto start.
Error	19-11-2021 07:06:22	Server	2505	None	The server could not bind to the transport \Device\NetBT_Tcpip_{9F961AE3-9423-4C8B-AB48-B1886999008B} because another computer on the network has the same name.  The server could not start.
Information	19-11-2021 07:00:49	Microsoft-Windows-Winlogon	7001	(1101)	User Logon Notification for Customer Experience Improvement Program
Information	19-11-2021 07:00:14	Microsoft-Windows-Power-Troubleshooter	1	None	"The system has returned from a low power state.

Sleep Time: ‎2021‎-‎11‎-‎18T18:13:52.649786500Z
Wake Time: ‎2021‎-‎11‎-‎19T01:30:09.885910900Z

Wake Source: Unknown"
Information	19-11-2021 07:00:10	Microsoft-Windows-Kernel-Power	566	(268)	"The system session has transitioned from 38 to 40.

Reason: 13"
Information	19-11-2021 07:00:09	Microsoft-Windows-Kernel-Power	566	(268)	"The system session has transitioned from 37 to 38.

Reason: 13"
Information	19-11-2021 07:00:09	Microsoft-Windows-Kernel-Boot	32	(58)	The bootmgr spent 0 ms waiting for user input.
Information	19-11-2021 07:00:09	Microsoft-Windows-Kernel-Boot	18	(57)	There are 0x1 boot options on this system.
Information	19-11-2021 07:00:09	Microsoft-Windows-Kernel-Boot	30	(21)	The firmware reported boot metrics.
Error	19-11-2021 07:00:11	Server	2505	None	The server could not bind to the transport \Device\NetBT_Tcpip_{59426481-F96A-490F-9157-08A6F626BD36} because another computer on the network has the same name.  The server could not start.
Information	19-11-2021 07:00:08	Microsoft-Windows-Kernel-Power	105	(100)	Power source change.
Information	19-11-2021 07:00:07	Microsoft-Windows-Kernel-General	1	(5)	"The system time has changed to ‎2021‎-‎11‎-‎19T01:30:07.500000000Z from ‎2021‎-‎11‎-‎18T18:14:11.244658800Z.

Change Reason: System time synchronized with the hardware clock.
Process: '' (PID 4).

RTC time: ‎2021‎-‎11‎-‎19T07:00:07.500000000Z
Current time zone bias: -330
RTC time is in UTC: false
System time was based on RTC time: false"
Information	18-11-2021 23:44:11	Microsoft-Windows-Kernel-Power	107	(102)	The system has resumed from sleep.
Information	18-11-2021 23:44:01	Microsoft-Windows-Kernel-Power	42	(64)	"The system is entering sleep.

Sleep Reason: Application API"
Information	18-11-2021 23:43:54	Microsoft-Windows-Kernel-Power	566	(268)	"The system session has transitioned from 36 to 37.

Reason: 13"
Information	18-11-2021 23:43:52	Microsoft-Windows-Kernel-Power	187	(243)	User-mode process attempted to change the system state by calling SetSuspendState or SetSystemPowerState APIs.
Information	18-11-2021 23:43:50	Microsoft-Windows-Winlogon	7002	(1102)	User Logoff Notification for Customer Experience Improvement Program
Information	18-11-2021 23:43:50	User32	1074	None	"The process C:\WINDOWS\system32\winlogon.exe (LAPTOP-7EVMU4TQ) has initiated the power off of computer LAPTOP-7EVMU4TQ on behalf of user NT AUTHORITY\SYSTEM for the following reason: No title for this reason could be found
 Reason Code: 0x500ff
 Shutdown Type: power off
 Comment: "
Information	18-11-2021 23:43:40	User32	1074	None	"The process Explorer.EXE has initiated the power off of computer LAPTOP-7EVMU4TQ on behalf of user LAPTOP-7EVMU4TQ\mahendra for the following reason: Other (Unplanned)
 Reason Code: 0x0
 Shutdown Type: power off
 Comment: "
Information	18-11-2021 23:43:15	Microsoft-Windows-Kernel-Power	566	(268)	"The system session has transitioned from 34 to 36.

Reason: 13"
Information	18-11-2021 23:41:37	Microsoft-Windows-Kernel-Power	566	(268)	"The system session has transitioned from 33 to 34.

Reason: 13"
Information	18-11-2021 23:32:03	Microsoft-Windows-WindowsUpdateClient	44	Windows Update Agent	Windows Update started downloading an update.
Information	18-11-2021 23:30:32	Service Control Manager	7040	None	The start type of the Background Intelligent Transfer Service service was changed from auto start to demand start.
Warning	18-11-2021 23:25:11	Microsoft-Windows-DistributedCOM	10016	None	"The application-specific permission settings do not grant Local Activation permission for the COM Server application with CLSID 
{8BC3F05E-D86B-11D0-A075-00C04FB68820}
 and APPID 
{8BC3F05E-D86B-11D0-A075-00C04FB68820}
 to the user LAPTOP-7EVMU4TQ\mahendra SID (S-1-5-21-38077573-387163758-1783380300-1002) from address LocalHost (Using LRPC) running in the application container Unavailable SID (S-1-15-2-455850612-1142214495-276218627-3894330912-4103085770-3300346153-729825213). This security permission can be modified using the Component Services administrative tool."
Information	18-11-2021 23:24:47	Service Control Manager	7040	None	The start type of the Background Intelligent Transfer Service service was changed from demand start to auto start.
Warning	18-11-2021 23:24:30	Microsoft-Windows-DistributedCOM	10016	None	"The application-specific permission settings do not grant Local Activation permission for the COM Server application with CLSID 
{8BC3F05E-D86B-11D0-A075-00C04FB68820}
 and APPID 
{8BC3F05E-D86B-11D0-A075-00C04FB68820}
 to the user LAPTOP-7EVMU4TQ\mahendra SID (S-1-5-21-38077573-387163758-1783380300-1002) from address LocalHost (Using LRPC) running in the application container Unavailable SID (S-1-15-2-2441515641-3930057175-2831616597-2215021523-2224805962-997876358-1295383114). This security permission can be modified using the Component Services administrative tool."
Warning	18-11-2021 23:23:46	Microsoft-Windows-DistributedCOM	10016	None	"The application-specific permission settings do not grant Local Activation permission for the COM Server application with CLSID 
{2593F8B9-4EAF-457C-B68A-50F6B8EA6B54}
 and APPID 
{15C20B67-12E7-4BB6-92BB-7AFF07997402}
 to the user LAPTOP-7EVMU4TQ\mahendra SID (S-1-5-21-38077573-387163758-1783380300-1002) from address LocalHost (Using LRPC) running in the application container Unavailable SID (Unavailable). This security permission can be modified using the Component Services administrative tool."
Warning	18-11-2021 23:23:40	Microsoft-Windows-DistributedCOM	10016	None	"The application-specific permission settings do not grant Local Activation permission for the COM Server application with CLSID 
{2593F8B9-4EAF-457C-B68A-50F6B8EA6B54}
 and APPID 
{15C20B67-12E7-4BB6-92BB-7AFF07997402}
 to the user LAPTOP-7EVMU4TQ\mahendra SID (S-1-5-21-38077573-387163758-1783380300-1002) from address LocalHost (Using LRPC) running in the application container Unavailable SID (Unavailable). This security permission can be modified using the Component Services administrative tool."
Information	18-11-2021 22:36:24	Microsoft-Windows-Kernel-General	16	None	The access history in hive \??\C:\Users\mahendra\AppData\Local\Packages\Microsoft.WindowsNotepad_8wekyb3d8bbwe\SystemAppData\Helium\UserClasses.dat was cleared updating 5 keys and creating 1 modified pages.
Information	18-11-2021 22:36:24	Microsoft-Windows-Kernel-General	16	None	The access history in hive \??\C:\Users\mahendra\AppData\Local\Packages\Microsoft.WindowsNotepad_8wekyb3d8bbwe\SystemAppData\Helium\User.dat was cleared updating 7 keys and creating 1 modified pages.
Information	18-11-2021 22:36:22	Microsoft-Windows-Kernel-General	16	None	The access history in hive \??\C:\ProgramData\Packages\Microsoft.WindowsTerminal_8wekyb3d8bbwe\S-1-5-21-38077573-387163758-1783380300-1002\SystemAppData\Helium\Cache\b33bc60424b98cae_COM15.dat was cleared updating 1 keys and creating 1 modified pages.
Information	18-11-2021 22:36:22	Microsoft-Windows-Kernel-General	16	None	The access history in hive \??\C:\Users\mahendra\AppData\Local\Packages\Microsoft.WindowsTerminal_8wekyb3d8bbwe\SystemAppData\Helium\UserClasses.dat was cleared updating 2 keys and creating 1 modified pages.
Information	18-11-2021 22:36:22	Microsoft-Windows-Kernel-General	16	None	The access history in hive \??\C:\Users\mahendra\AppData\Local\Packages\Microsoft.WindowsTerminal_8wekyb3d8bbwe\SystemAppData\Helium\User.dat was cleared updating 1 keys and creating 1 modified pages.
Information	18-11-2021 22:23:44	Microsoft-Windows-Kernel-Power	566	(268)	"The system session has transitioned from 31 to 33.

Reason: 13"
Information	18-11-2021 22:21:17	Microsoft-Windows-Kernel-Power	566	(268)	"The system session has transitioned from 30 to 31.

Reason: 13"
Error	18-11-2021 22:13:26	Server	2505	None	The server could not bind to the transport \Device\NetBT_Tcpip_{9F961AE3-9423-4C8B-AB48-B1886999008B} because another computer on the network has the same name.  The server could not start.
Warning	18-11-2021 22:11:40	Microsoft-Windows-DNS-Client	1014	(1014)	Name resolution for the name client.wns.windows.com timed out after none of the configured DNS servers responded. Client PID 5876.
Information	18-11-2021 22:03:12	Microsoft-Windows-Kernel-Power	566	(268)	"The system session has transitioned from 28 to 30.

Reason: 13"
Information	18-11-2021 22:03:11	Microsoft-Windows-Kernel-Power	566	(268)	"The system session has transitioned from 27 to 28.

Reason: 13"
Information	18-11-2021 22:02:10	Microsoft-Windows-Kernel-Power	566	(268)	"The system session has transitioned from 25 to 27.

Reason: 13"
Information	18-11-2021 22:01:51	Microsoft-Windows-Kernel-Power	566	(268)	"The system session has transitioned from 24 to 25.

Reason: 13"
Information	18-11-2021 22:00:50	Microsoft-Windows-Kernel-Power	566	(268)	"The system session has transitioned from 22 to 24.

Reason: 13"
Information	18-11-2021 22:00:41	Microsoft-Windows-Kernel-Power	566	(268)	"The system session has transitioned from 21 to 22.

Reason: 13"
Information	18-11-2021 21:58:50	Microsoft-Windows-Kernel-Power	566	(268)	"The system session has transitioned from 19 to 21.

Reason: 13"
Information	18-11-2021 21:58:31	Microsoft-Windows-Kernel-Power	566	(268)	"The system session has transitioned from 18 to 19.

Reason: 13"
Information	18-11-2021 21:56:51	Microsoft-Windows-Kernel-Power	566	(268)	"The system session has transitioned from 16 to 18.

Reason: 13"
Information	18-11-2021 21:52:35	Microsoft-Windows-Kernel-Power	566	(268)	"The system session has transitioned from 15 to 16.

Reason: 13"
Information	18-11-2021 21:49:01	Microsoft-Windows-Kernel-Power	566	(268)	"The system session has transitioned from 13 to 15.

Reason: 13"
Information	18-11-2021 21:48:39	Microsoft-Windows-Kernel-Power	566	(268)	"The system session has transitioned from 12 to 13.

Reason: 13"
Information	18-11-2021 21:47:39	Microsoft-Windows-Kernel-Power	566	(268)	"The system session has transitioned from 10 to 12.

Reason: 13"
Information	18-11-2021 21:46:15	Microsoft-Windows-Kernel-Power	566	(268)	"The system session has transitioned from 9 to 10.

Reason: 13"
Information	18-11-2021 21:44:28	Microsoft-Windows-Kernel-Power	566	(268)	"The system session has transitioned from 7 to 9.

Reason: 13"
Information	18-11-2021 21:23:12	Microsoft-Windows-Kernel-Power	566	(268)	"The system session has transitioned from 6 to 7.

Reason: 13"
Information	18-11-2021 21:22:11	Microsoft-Windows-Kernel-Power	566	(268)	"The system session has transitioned from 4 to 6.

Reason: 13"
Information	18-11-2021 21:17:48	Microsoft-Windows-Kernel-Power	566	(268)	"The system session has transitioned from 3 to 4.

Reason: 13"
Information	18-11-2021 21:16:15	Microsoft-Windows-Kernel-Power	566	(268)	"The system session has transitioned from 1 to 3.

Reason: 13"
Information	18-11-2021 21:10:02	Microsoft-Windows-Kernel-General	15	(10)	Hive \??\C:\Users\Ramesh Lal\AppData\Local\Microsoft\Windows\UsrClass.dat was reorganized with a starting size of 7376896 bytes and an ending size of 7176192 bytes.
Information	18-11-2021 21:10:01	Microsoft-Windows-Kernel-General	16	None	The access history in hive \??\C:\Users\Ramesh Lal\ntuser.dat was cleared updating 220 keys and creating 80 modified pages.
Information	18-11-2021 20:55:16	Microsoft-Windows-Kernel-General	16	None	The access history in hive \??\C:\ProgramData\Microsoft\Provisioning\Microsoft-Desktop-Provisioning-Sequence.dat was cleared updating 0 keys and creating 0 modified pages.
Information	18-11-2021 20:50:04	Microsoft-Windows-WindowsUpdateClient	19	Windows Update Agent	Installation Successful: Windows successfully installed the following update: Security Intelligence Update for Microsoft Defender Antivirus - KB2267602 (Version 1.353.1211.0)
Information	18-11-2021 20:49:39	Microsoft-Windows-WindowsUpdateClient	43	Windows Update Agent	Installation Started: Windows has started installing the following update: Security Intelligence Update for Microsoft Defender Antivirus - KB2267602 (Version 1.353.1211.0)
Information	18-11-2021 20:49:39	Microsoft-Windows-WindowsUpdateClient	44	Windows Update Agent	Windows Update started downloading an update.
Error	18-11-2021 20:48:05	Service Control Manager	7009	None	A timeout was reached (30000 milliseconds) while waiting for the Intel(R) SUR QC Software Asset Manager service to connect.
Information	18-11-2021 20:48:04	Microsoft-Windows-Kernel-General	16	None	The access history in hive \??\C:\ProgramData\Microsoft\Windows\AppRepository\Packages\5A894077.McAfeeSecurity_2.1.68.0_x64__wafk5atnkzcwy\ActivationStore.dat was cleared updating 0 keys and creating 0 modified pages.
Information	18-11-2021 20:47:39	Microsoft-Windows-WindowsUpdateClient	44	Windows Update Agent	Windows Update started downloading an update.
Information	18-11-2021 20:47:39	Microsoft-Windows-WindowsUpdateClient	44	Windows Update Agent	Windows Update started downloading an update.
Information	18-11-2021 20:47:34	Microsoft-Windows-WindowsUpdateClient	44	Windows Update Agent	Windows Update started downloading an update.
Information	18-11-2021 20:47:34	Microsoft-Windows-WindowsUpdateClient	44	Windows Update Agent	Windows Update started downloading an update.
Information	18-11-2021 20:47:34	Microsoft-Windows-WindowsUpdateClient	44	Windows Update Agent	Windows Update started downloading an update.
Information	18-11-2021 20:47:29	Microsoft-Windows-WindowsUpdateClient	44	Windows Update Agent	Windows Update started downloading an update.
Information	18-11-2021 20:45:35	Service Control Manager	7040	None	The start type of the Background Intelligent Transfer Service service was changed from auto start to demand start.
Information	18-11-2021 20:41:07	Service Control Manager	7040	None	The start type of the Background Intelligent Transfer Service service was changed from demand start to auto start.
Information	18-11-2021 20:40:48	Microsoft-Windows-Kernel-General	15	(10)	Hive \??\C:\WINDOWS\System32\config\COMPONENTS was reorganized with a starting size of 57245696 bytes and an ending size of 41574400 bytes.
Information	18-11-2021 20:40:41	Microsoft-Windows-Kernel-General	16	None	The access history in hive \??\C:\Users\mahendra\AppData\Local\Packages\AD2F1837.HPSystemEventUtility_v10z8vjag6ke6\SystemAppData\Helium\UserClasses.dat was cleared updating 1 keys and creating 1 modified pages.
Information	18-11-2021 20:40:41	Microsoft-Windows-Kernel-General	16	None	The access history in hive \??\C:\Users\mahendra\AppData\Local\Packages\AD2F1837.HPSystemEventUtility_v10z8vjag6ke6\SystemAppData\Helium\User.dat was cleared updating 12 keys and creating 1 modified pages.
Information	18-11-2021 20:40:28	Microsoft-Windows-Kernel-General	16	None	The access history in hive \??\C:\WINDOWS\ServiceProfiles\NetworkService\AppData\Local\Microsoft\Windows\DeliveryOptimization\State\dosvcState.dat was cleared updating 34 keys and creating 10 modified pages.
Information	18-11-2021 20:40:23	Microsoft-Windows-Kernel-Power	566	(268)	"The system session has transitioned from 0 to 1.

Reason: 13"
Information	18-11-2021 20:39:55	Microsoft-Windows-Kernel-General	16	None	The access history in hive \??\C:\Users\mahendra\AppData\Local\Packages\AD2F1837.HPJumpStarts_v10z8vjag6ke6\Settings\settings.dat was cleared updating 3 keys and creating 1 modified pages.
Information	18-11-2021 20:38:25	Microsoft-Windows-Kernel-General	16	None	The access history in hive \??\C:\WINDOWS\AppCompat\Programs\Amcache.hve was cleared updating 2984 keys and creating 1184 modified pages.
Information	18-11-2021 20:38:10	Microsoft-Windows-TPM-WMI	1025	None	The TPM was successfully provisioned and is now ready for use.
Information	18-11-2021 20:38:08	Microsoft-Windows-TPM-WMI	1282	None	The TBS device identifier has been generated.
Error	18-11-2021 20:38:00	Service Control Manager	7000	None	"The Windows Presentation Foundation Font Cache 3.0.0.0 service failed to start due to the following error: 
The service did not respond to the start or control request in a timely fashion."
Error	18-11-2021 20:38:00	Service Control Manager	7009	None	A timeout was reached (45000 milliseconds) while waiting for the Windows Presentation Foundation Font Cache 3.0.0.0 service to connect.
Information	18-11-2021 20:37:46	TPM	18	None	This event triggers the Trusted Platform Module (TPM) provisioning/status check to run.
Information	18-11-2021 20:37:46	Service Control Manager	7026	None	"The following boot-start or system-start driver(s) did not load: 
dam
WinSetupMon"
Information	18-11-2021 20:37:38	Microsoft-Windows-WLAN-AutoConfig	4000	None	"WLAN AutoConfig service has successfully started.
"
Information	18-11-2021 20:37:25	Service Control Manager	7040	None	The start type of the HfcDisableService service was changed from auto start to disabled.
Information	18-11-2021 20:37:22	Microsoft-Windows-UserModePowerService	12	(10)	Process C:\Windows\System32\DriverStore\FileRepository\dptf_cpu.inf_amd64_21306a77b30fd6e0\esif_uf.exe (process ID:5788) reset policy scheme from {48684d4a-8524-4093-8a63-ea7132b79c1c} to {48684d4a-8524-4093-8a63-ea7132b79c1c}
Information	18-11-2021 20:37:22	Microsoft-Windows-UserModePowerService	12	(10)	Process C:\Windows\System32\DriverStore\FileRepository\dptf_cpu.inf_amd64_21306a77b30fd6e0\esif_uf.exe (process ID:5788) reset policy scheme from {48684d4a-8524-4093-8a63-ea7132b79c1c} to {48684d4a-8524-4093-8a63-ea7132b79c1c}
Warning	18-11-2021 20:37:21	Microsoft-Windows-Kernel-Processor-Power	37	(7)	The speed of processor 7 in group 0 is being limited by system firmware. The processor has been in this reduced performance state for 71 seconds since the last report.
Information	18-11-2021 20:37:06	Microsoft-Windows-Winlogon	7001	(1101)	User Logon Notification for Customer Experience Improvement Program
Information	18-11-2021 20:37:01	Microsoft-Windows-FilterManager	6	None	File System Filter 'bindflt' (10.0, ‎2050‎-‎06‎-‎24T18:22:06.000000000Z) has successfully loaded and registered with Filter Manager.
Information	18-11-2021 20:37:01	Microsoft-Windows-DHCPv6-Client	51046	Service State Event	DHCPv6 client service is started
Information	18-11-2021 20:37:01	Microsoft-Windows-Dhcp-Client	50036	Service State Event	DHCPv4 client service is started
Information	18-11-2021 20:37:01	Microsoft-Windows-Dhcp-Client	50103	Service State Event	DHCPv4 client registered for shutdown notification
Information	18-11-2021 20:37:01	Microsoft-Windows-Dhcp-Client	50036	Service State Event	DHCPv4 client service is started
Information	18-11-2021 20:37:01	Microsoft-Windows-FilterManager	6	None	File System Filter 'storqosflt' (10.0, ‎1990‎-‎03‎-‎04T19:48:49.000000000Z) has successfully loaded and registered with Filter Manager.
Information	18-11-2021 20:37:01	Microsoft-Windows-FilterManager	6	None	File System Filter 'CldFlt' (10.0, ‎1986‎-‎05‎-‎22T18:16:22.000000000Z) has successfully loaded and registered with Filter Manager.
Information	18-11-2021 20:37:01	Microsoft-Windows-FilterManager	1	None	File System Filter 'CldFlt' (Version 10.0, ‎1986‎-‎05‎-‎22T18:16:22.000000000Z) unloaded successfully.
Information	18-11-2021 20:37:01	Microsoft-Windows-FilterManager	6	None	File System Filter 'CldFlt' (10.0, ‎1986‎-‎05‎-‎22T18:16:22.000000000Z) has successfully loaded and registered with Filter Manager.
Information	18-11-2021 20:37:01	Microsoft-Windows-Kernel-General	16	None	The access history in hive \SystemRoot\System32\Config\bbimigrate\BBI was cleared updating 1 keys and creating 1 modified pages.
Information	18-11-2021 20:37:00	Microsoft-Windows-UserModePowerService	12	(10)	Process C:\Windows\System32\svchost.exe (process ID:1708) reset policy scheme from {48684d4a-8524-4093-8a63-ea7132b79c1c} to {48684d4a-8524-4093-8a63-ea7132b79c1c}
Information	18-11-2021 20:37:00	Microsoft-Windows-FilterManager	6	None	File System Filter 'luafv' (10.0, ‎2058‎-‎03‎-‎26T06:07:33.000000000Z) has successfully loaded and registered with Filter Manager.
Information	18-11-2021 20:36:58	Microsoft-Windows-FilterManager	6	None	File System Filter 'wcifs' (10.0, ‎1970‎-‎02‎-‎13T21:42:24.000000000Z) has successfully loaded and registered with Filter Manager.
Information	18-11-2021 20:36:58	Microsoft-Windows-Kernel-General	16	None	The access history in hive \SystemRoot\System32\Config\BBI was cleared updating 901 keys and creating 212 modified pages.
Information	18-11-2021 20:36:57	Microsoft-Windows-Kernel-General	16	None	The access history in hive \??\C:\WINDOWS\ServiceProfiles\NetworkService\NTUSER.DAT was cleared updating 206 keys and creating 20 modified pages.
Information	18-11-2021 20:36:57	Microsoft-Windows-Kernel-General	16	None	The access history in hive \??\C:\WINDOWS\ServiceProfiles\LocalService\NTUSER.DAT was cleared updating 166 keys and creating 18 modified pages.
Information	18-11-2021 20:36:57	Microsoft-Windows-Directory-Services-SAM	16983	None	"The security account manager is now logging periodic summary events for remote clients that call legacy password change or set RPC methods.

For more information please see https://go.microsoft.com/fwlink/?linkid=2150956.
"
Information	18-11-2021 20:36:57	Microsoft-Windows-Directory-Services-SAM	16977	None	"The domain is configured with the following minimum password length-related settings.

MinimumPasswordLength: 0

RelaxMinimumPasswordLengthLimits: 0

MinimumPasswordLengthAudit: -1

For more information see https://go.microsoft.com/fwlink/?LinkId=2097191.
"
Information	18-11-2021 20:36:57	Microsoft-Windows-Kernel-General	16	None	The access history in hive \SystemRoot\System32\Config\SAM was cleared updating 55 keys and creating 7 modified pages.
Information	18-11-2021 20:36:57	Microsoft-Windows-Directory-Services-SAM	16962	None	"Remote calls to the SAM database are being restricted using the default security descriptor: O:SYG:SYD:(A;;RC;;;BA).
For more information please see http://go.microsoft.com/fwlink/?LinkId=787651."
Information	18-11-2021 20:36:56	Microsoft-Windows-Kernel-General	16	None	The access history in hive \SystemRoot\System32\Config\SECURITY was cleared updating 83 keys and creating 4 modified pages.
Information	18-11-2021 20:36:55	Microsoft-Windows-Wininit	14	None	Credential Guard configuration: 0x0, 0
Information	18-11-2021 20:36:48	Microsoft-Windows-Kernel-General	16	None	The access history in hive \SystemRoot\System32\Config\DEFAULT was cleared updating 751 keys and creating 90 modified pages.
Information	18-11-2021 20:36:44	Microsoft-Windows-Kernel-General	16	None	The access history in hive \Device\HarddiskVolume1\EFI\Microsoft\Boot\BCD was cleared updating 77 keys and creating 8 modified pages.
Information	18-11-2021 20:36:43	Microsoft-Windows-Kernel-General	24	(11)	The time zone information was refreshed with exit reason 0. Current time zone bias is -330.
Information	18-11-2021 20:36:43	Microsoft-Windows-Kernel-General	15	(10)	Hive \SystemRoot\System32\Config\SOFTWARE was reorganized with a starting size of 114753536 bytes and an ending size of 108441600 bytes.
Information	18-11-2021 20:36:36	Microsoft-Windows-Kernel-General	16	None	The access history in hive \Device\HarddiskVolume1\EFI\Microsoft\Boot\BCD was cleared updating 77 keys and creating 8 modified pages.
Information	18-11-2021 20:36:36	Microsoft-Windows-Kernel-General	16	None	The access history in hive \Device\HarddiskVolume1\EFI\Microsoft\Boot\BCD was cleared updating 77 keys and creating 8 modified pages.
Information	18-11-2021 20:36:35	Microsoft-Windows-Ntfs	98	None	Volume \\?\Volume{c386ec05-0800-406a-b64e-447dfac340c8} (\Device\HarddiskVolume4) is healthy.  No action is needed.
Information	18-11-2021 20:36:34	Microsoft-Windows-Kernel-General	16	None	The access history in hive \Device\HarddiskVolume1\EFI\Microsoft\Boot\BCD was cleared updating 77 keys and creating 8 modified pages.
Information	18-11-2021 20:36:34	Microsoft-Windows-Kernel-General	16	None	The access history in hive \Device\HarddiskVolume1\EFI\Microsoft\Boot\BCD was cleared updating 77 keys and creating 8 modified pages.
Information	18-11-2021 20:36:33	Microsoft-Windows-Ntfs	98	None	Volume E: (\Device\HarddiskVolume5) is healthy.  No action is needed.
Information	18-11-2021 20:36:32	Microsoft-Windows-Kernel-General	16	None	The access history in hive \Device\HarddiskVolume1\EFI\Microsoft\Boot\BCD was cleared updating 77 keys and creating 8 modified pages.
Information	18-11-2021 20:36:31	Microsoft-Windows-Ntfs	98	None	Volume \\?\Volume{5db82c8c-c006-49d6-8c98-08debef57484} (\Device\HarddiskVolume6) is healthy.  No action is needed.
Information	18-11-2021 20:36:10	MEIx64	2	None	Intel(R) Management Engine Interface driver has started successfully.
Information	18-11-2021 20:36:10	Microsoft-Windows-Kernel-Power	521	(220)	Active battery count change.
Information	18-11-2021 20:36:10	Microsoft-Windows-Kernel-Power	521	(220)	Active battery count change.
Error	18-11-2021 20:36:10	VBoxNetLwf	12	None	The driver detected an internal driver error on \Device\VBoxNetLwf.
Information	18-11-2021 20:36:10	Microsoft-Windows-Kernel-Processor-Power	55	(47)	"Processor 7 in group 0 exposes the following power management capabilities:

Idle state type: ACPI Idle (C) States (3 state(s))

Performance state type: ACPI Collaborative Processor Performance Control
Nominal Frequency (MHz): 2112
Maximum performance percentage: 200
Minimum performance percentage: 42
Minimum throttle percentage: 4"
Information	18-11-2021 20:36:09	Microsoft-Windows-Kernel-Processor-Power	55	(47)	"Processor 5 in group 0 exposes the following power management capabilities:

Idle state type: ACPI Idle (C) States (3 state(s))

Performance state type: ACPI Collaborative Processor Performance Control
Nominal Frequency (MHz): 2112
Maximum performance percentage: 200
Minimum performance percentage: 42
Minimum throttle percentage: 4"
Information	18-11-2021 20:36:09	Microsoft-Windows-Kernel-Processor-Power	55	(47)	"Processor 3 in group 0 exposes the following power management capabilities:

Idle state type: ACPI Idle (C) States (3 state(s))

Performance state type: ACPI Collaborative Processor Performance Control
Nominal Frequency (MHz): 2112
Maximum performance percentage: 200
Minimum performance percentage: 42
Minimum throttle percentage: 4"
Information	18-11-2021 20:36:09	Microsoft-Windows-Kernel-Processor-Power	55	(47)	"Processor 1 in group 0 exposes the following power management capabilities:

Idle state type: ACPI Idle (C) States (3 state(s))

Performance state type: ACPI Collaborative Processor Performance Control
Nominal Frequency (MHz): 2112
Maximum performance percentage: 200
Minimum performance percentage: 42
Minimum throttle percentage: 4"
Information	18-11-2021 20:36:09	Microsoft-Windows-Kernel-Processor-Power	55	(47)	"Processor 6 in group 0 exposes the following power management capabilities:

Idle state type: ACPI Idle (C) States (3 state(s))

Performance state type: ACPI Collaborative Processor Performance Control
Nominal Frequency (MHz): 2112
Maximum performance percentage: 200
Minimum performance percentage: 42
Minimum throttle percentage: 4"
Information	18-11-2021 20:36:09	Microsoft-Windows-Kernel-Processor-Power	55	(47)	"Processor 4 in group 0 exposes the following power management capabilities:

Idle state type: ACPI Idle (C) States (3 state(s))

Performance state type: ACPI Collaborative Processor Performance Control
Nominal Frequency (MHz): 2112
Maximum performance percentage: 200
Minimum performance percentage: 38
Minimum throttle percentage: 4"
Information	18-11-2021 20:36:09	Microsoft-Windows-Kernel-Processor-Power	55	(47)	"Processor 2 in group 0 exposes the following power management capabilities:

Idle state type: ACPI Idle (C) States (3 state(s))

Performance state type: ACPI Collaborative Processor Performance Control
Nominal Frequency (MHz): 2112
Maximum performance percentage: 200
Minimum performance percentage: 38
Minimum throttle percentage: 4"
Information	18-11-2021 20:36:09	Microsoft-Windows-Kernel-Processor-Power	55	(47)	"Processor 0 in group 0 exposes the following power management capabilities:

Idle state type: ACPI Idle (C) States (3 state(s))

Performance state type: ACPI Collaborative Processor Performance Control
Nominal Frequency (MHz): 2112
Maximum performance percentage: 200
Minimum performance percentage: 19
Minimum throttle percentage: 4"
Warning	18-11-2021 20:36:06	Microsoft-Windows-Kernel-PnP	219	(212)	The driver \Driver\WudfRd failed to load for the device PCI\VEN_8086&DEV_1903&SUBSYS_86B4103C&REV_0C\3&11583659&2&20.
Information	18-11-2021 20:36:06	Microsoft-Windows-DriverFrameworks-UserMode	10118	Startup of the UMDF reflector	UMDF reflector is unable to connect to service control manager (SCM). This is expected during boot, when SCM has not started yet. Will retry when it starts.
Information	18-11-2021 20:36:06	Microsoft-Windows-Kernel-Power	172	(203)	Connectivity state in standby: Disconnected, Reason: NIC compliance
Information	18-11-2021 20:36:06	Microsoft-Windows-Kernel-General	16	None	The access history in hive \Device\HarddiskVolume1\EFI\Microsoft\Boot\BCD was cleared updating 77 keys and creating 8 modified pages.
Information	18-11-2021 20:36:04	Microsoft-Windows-FilterManager	6	None	File System Filter 'npsvctrig' (10.0, ‎2104‎-‎06‎-‎16T05:01:44.000000000Z) has successfully loaded and registered with Filter Manager.
Information	18-11-2021 20:36:02	Microsoft-Windows-FilterManager	6	None	File System Filter 'FileCrypt' (10.0, ‎2102‎-‎10‎-‎25T08:50:26.000000000Z) has successfully loaded and registered with Filter Manager.
Information	18-11-2021 20:35:58	Microsoft-Windows-Ntfs	98	None	Volume C: (\Device\HarddiskVolume3) is healthy.  No action is needed.
Information	18-11-2021 20:37:29	RST Middleware	27	None	Found passthru disk: SCSI Port: 0, SCSI Bus: 0, SCSI Target: 1, SATA , 0 bytes, hp       DVDRW GUE1N                   
Information	18-11-2021 20:37:29	RST Middleware	27	None	Found passthru disk: SCSI Port: 0, SCSI Bus: 0, SCSI Target: 0, SATA HDD, 1000204886016 bytes, ST1000LM035-1RK172                     
Information	18-11-2021 20:35:54	Microsoft-Windows-FilterManager	6	None	File System Filter 'WdFilter' (10.0, ‎2043‎-‎02‎-‎28T19:25:46.000000000Z) has successfully loaded and registered with Filter Manager.
Information	18-11-2021 20:35:54	Microsoft-Windows-FilterManager	6	None	File System Filter 'Wof' (10.0, ‎2061‎-‎09‎-‎05T19:26:37.000000000Z) has successfully loaded and registered with Filter Manager.
Information	18-11-2021 20:35:54	Microsoft-Windows-FilterManager	6	None	File System Filter 'FileInfo' (10.0, ‎1970‎-‎09‎-‎04T04:26:45.000000000Z) has successfully loaded and registered with Filter Manager.
Information	18-11-2021 20:35:53	Microsoft-Windows-HAL	16	None	The iommu fault reporting has been initialized.
Information	18-11-2021 20:35:53	Microsoft-Windows-Kernel-General	20	(6)	"The leap second configuration has been updated.
Reason: Leap second data initialized from registry during boot
Leap seconds enabled: true
New leap second count: 0
Old leap second count: 0"
Information	18-11-2021 20:35:53	Microsoft-Windows-Kernel-Boot	30	(21)	The firmware reported boot metrics.
Information	18-11-2021 20:35:53	Microsoft-Windows-Kernel-Boot	27	(33)	The boot type was 0x0.
Information	18-11-2021 20:35:53	Microsoft-Windows-Kernel-Boot	25	(32)	The boot menu policy was 0x1.
