Information	03-11-2021 15:06:05	Microsoft-Windows-Kernel-General	16	None	The access history in hive \??\C:\Users\mahendra\AppData\Local\Packages\Microsoft.Todos_8wekyb3d8bbwe\Settings\settings.dat was cleared updating 1 keys and creating 1 modified pages.
Information	03-11-2021 15:06:02	Microsoft-Windows-WindowsUpdateClient	43	Windows Update Agent	Installation Started: Windows has started installing the following update: 9NBLGGH5R558-Microsoft.Todos
Information	03-11-2021 15:05:56	Microsoft-Windows-Kernel-General	16	None	The access history in hive \??\C:\ProgramData\Microsoft\Windows\AppRepository\Packages\Microsoft.Todos_2.56.43053.0_x64__8wekyb3d8bbwe\ActivationStore.dat was cleared updating 0 keys and creating 0 modified pages.
Information	03-11-2021 15:05:26	Microsoft-Windows-WindowsUpdateClient	44	Windows Update Agent	Windows Update started downloading an update.
Information	03-11-2021 15:05:26	Microsoft-Windows-WindowsUpdateClient	44	Windows Update Agent	Windows Update started downloading an update.
Warning	03-11-2021 14:59:45	Microsoft-Windows-DistributedCOM	10016	None	"The application-specific permission settings do not grant Local Activation permission for the COM Server application with CLSID 
{2593F8B9-4EAF-457C-B68A-50F6B8EA6B54}
 and APPID 
{15C20B67-12E7-4BB6-92BB-7AFF07997402}
 to the user LAPTOP-7EVMU4TQ\mahendra SID (S-1-5-21-38077573-387163758-1783380300-1002) from address LocalHost (Using LRPC) running in the application container Unavailable SID (Unavailable). This security permission can be modified using the Component Services administrative tool."
Information	03-11-2021 14:54:24	Service Control Manager	7040	None	The start type of the Background Intelligent Transfer Service service was changed from auto start to demand start.
Warning	03-11-2021 14:54:10	Microsoft-Windows-DistributedCOM	10016	None	"The application-specific permission settings do not grant Local Activation permission for the COM Server application with CLSID 
{2593F8B9-4EAF-457C-B68A-50F6B8EA6B54}
 and APPID 
{15C20B67-12E7-4BB6-92BB-7AFF07997402}
 to the user LAPTOP-7EVMU4TQ\mahendra SID (S-1-5-21-38077573-387163758-1783380300-1002) from address LocalHost (Using LRPC) running in the application container Unavailable SID (Unavailable). This security permission can be modified using the Component Services administrative tool."
Information	03-11-2021 14:51:26	Microsoft-Windows-WindowsUpdateClient	19	Windows Update Agent	Installation Successful: Windows successfully installed the following update: 9WZDNCRFHWLH-AD2F1837.HPPRINTERCONTROL
Information	03-11-2021 14:51:19	Microsoft-Windows-Kernel-General	16	None	The access history in hive \??\C:\Users\mahendra\AppData\Local\Packages\AD2F1837.HPPrinterControl_v10z8vjag6ke6\Settings\settings.dat was cleared updating 2 keys and creating 1 modified pages.
Information	03-11-2021 14:51:16	Microsoft-Windows-WindowsUpdateClient	43	Windows Update Agent	Installation Started: Windows has started installing the following update: 9WZDNCRFHWLH-AD2F1837.HPPRINTERCONTROL
Information	03-11-2021 14:51:07	Microsoft-Windows-Kernel-General	16	None	The access history in hive \??\C:\ProgramData\Microsoft\Windows\AppRepository\Packages\AD2F1837.HPPrinterControl_132.1.257.0_x64__v10z8vjag6ke6\ActivationStore.dat was cleared updating 0 keys and creating 0 modified pages.
Information	03-11-2021 14:48:41	Microsoft-Windows-Kernel-General	16	None	The access history in hive \??\C:\Users\mahendra\AppData\Local\Packages\AD2F1837.HPSupportAssistant_v10z8vjag6ke6\Settings\settings.dat was cleared updating 9 keys and creating 1 modified pages.
Information	03-11-2021 14:48:23	Microsoft-Windows-WindowsUpdateClient	19	Windows Update Agent	Installation Successful: Windows successfully installed the following update: 9WZDNCRFJBMP-MICROSOFT.WINDOWSSTORE
Information	03-11-2021 14:48:10	Microsoft-Windows-WindowsUpdateClient	43	Windows Update Agent	Installation Started: Windows has started installing the following update: 9WZDNCRFJBMP-MICROSOFT.WINDOWSSTORE
Information	03-11-2021 14:48:02	Microsoft-Windows-Kernel-General	16	None	The access history in hive \??\C:\ProgramData\Microsoft\Windows\AppRepository\Packages\Microsoft.WindowsStore_22110.1401.11.0_x64__8wekyb3d8bbwe\ActivationStore.dat was cleared updating 0 keys and creating 0 modified pages.
Information	03-11-2021 14:46:51	Microsoft-Windows-WindowsUpdateClient	44	Windows Update Agent	Windows Update started downloading an update.
Information	03-11-2021 14:46:28	Microsoft-Windows-WindowsUpdateClient	44	Windows Update Agent	Windows Update started downloading an update.
Information	03-11-2021 14:46:24	Microsoft-Windows-WindowsUpdateClient	44	Windows Update Agent	Windows Update started downloading an update.
Information	03-11-2021 14:46:24	Microsoft-Windows-WindowsUpdateClient	44	Windows Update Agent	Windows Update started downloading an update.
Information	03-11-2021 14:32:53	Microsoft-Windows-WindowsUpdateClient	19	Windows Update Agent	Installation Successful: Windows successfully installed the following update: Security Intelligence Update for Microsoft Defender Antivirus - KB2267602 (Version 1.353.326.0)
Warning	03-11-2021 14:30:38	Microsoft-Windows-DistributedCOM	10016	None	"The application-specific permission settings do not grant Local Activation permission for the COM Server application with CLSID 
{2593F8B9-4EAF-457C-B68A-50F6B8EA6B54}
 and APPID 
{15C20B67-12E7-4BB6-92BB-7AFF07997402}
 to the user LAPTOP-7EVMU4TQ\mahendra SID (S-1-5-21-38077573-387163758-1783380300-1002) from address LocalHost (Using LRPC) running in the application container Unavailable SID (Unavailable). This security permission can be modified using the Component Services administrative tool."
Information	03-11-2021 14:25:14	Microsoft-Windows-WindowsUpdateClient	43	Windows Update Agent	Installation Started: Windows has started installing the following update: Security Intelligence Update for Microsoft Defender Antivirus - KB2267602 (Version 1.353.326.0)
Information	03-11-2021 14:24:56	Microsoft-Windows-WindowsUpdateClient	19	Windows Update Agent	Installation Successful: Windows successfully installed the following update: Update for Microsoft Defender Antivirus antimalware platform - KB4052623 (Version 4.18.2110.6)
Information	03-11-2021 14:24:48	Service Control Manager	7040	None	The start type of the Background Intelligent Transfer Service service was changed from demand start to auto start.
Warning	03-11-2021 14:24:40	Microsoft-Windows-DistributedCOM	10016	None	"The application-specific permission settings do not grant Local Activation permission for the COM Server application with CLSID 
{2593F8B9-4EAF-457C-B68A-50F6B8EA6B54}
 and APPID 
{15C20B67-12E7-4BB6-92BB-7AFF07997402}
 to the user LAPTOP-7EVMU4TQ\mahendra SID (S-1-5-21-38077573-387163758-1783380300-1002) from address LocalHost (Using LRPC) running in the application container Unavailable SID (Unavailable). This security permission can be modified using the Component Services administrative tool."
Information	03-11-2021 14:24:34	Microsoft-Windows-FilterManager	6	None	File System Filter 'WdFilter' (10.0, ‎2043‎-‎02‎-‎28T19:25:46.000000000Z) has successfully loaded and registered with Filter Manager.
Information	03-11-2021 14:24:09	Microsoft-Windows-FilterManager	1	None	File System Filter 'WdFilter' (Version 10.0, ‎2099‎-‎03‎-‎18T06:00:38.000000000Z) unloaded successfully.
Information	03-11-2021 14:23:23	Microsoft-Windows-WindowsUpdateClient	43	Windows Update Agent	Installation Started: Windows has started installing the following update: Update for Microsoft Defender Antivirus antimalware platform - KB4052623 (Version 4.18.2110.6)
Information	03-11-2021 14:23:23	Microsoft-Windows-WindowsUpdateClient	44	Windows Update Agent	Windows Update started downloading an update.
Information	03-11-2021 14:23:23	Microsoft-Windows-WindowsUpdateClient	44	Windows Update Agent	Windows Update started downloading an update.
Information	03-11-2021 14:22:05	Microsoft-Windows-Kernel-General	16	None	The access history in hive \??\C:\Users\mahendra\AppData\Local\Packages\Microsoft.SkypeApp_kzf8qxf38zg5c\Settings\settings.dat was cleared updating 1 keys and creating 1 modified pages.
Information	03-11-2021 14:21:56	Service Control Manager	7040	None	The start type of the Background Intelligent Transfer Service service was changed from auto start to demand start.
Error	03-11-2021 14:21:51	Server	2505	None	The server could not bind to the transport \Device\NetBT_Tcpip_{9F961AE3-9423-4C8B-AB48-B1886999008B} because another computer on the network has the same name.  The server could not start.
Information	03-11-2021 14:19:37	Service Control Manager	7040	None	The start type of the Background Intelligent Transfer Service service was changed from demand start to auto start.
Warning	03-11-2021 14:19:17	Microsoft-Windows-DistributedCOM	10016	None	"The application-specific permission settings do not grant Local Activation permission for the COM Server application with CLSID 
{6B3B8D23-FA8D-40B9-8DBD-B950333E2C52}
 and APPID 
{4839DDB7-58C2-48F5-8283-E1D1807D0D7D}
 to the user NT AUTHORITY\LOCAL SERVICE SID (S-1-5-19) from address LocalHost (Using LRPC) running in the application container Unavailable SID (Unavailable). This security permission can be modified using the Component Services administrative tool."
Warning	03-11-2021 14:19:17	Microsoft-Windows-DistributedCOM	10016	None	"The application-specific permission settings do not grant Local Activation permission for the COM Server application with CLSID 
{6B3B8D23-FA8D-40B9-8DBD-B950333E2C52}
 and APPID 
{4839DDB7-58C2-48F5-8283-E1D1807D0D7D}
 to the user NT AUTHORITY\LOCAL SERVICE SID (S-1-5-19) from address LocalHost (Using LRPC) running in the application container Unavailable SID (Unavailable). This security permission can be modified using the Component Services administrative tool."
Information	03-11-2021 14:19:14	Microsoft-Windows-Winlogon	7001	(1101)	User Logon Notification for Customer Experience Improvement Program
Information	03-11-2021 14:18:24	Microsoft-Windows-Power-Troubleshooter	1	None	"The system has returned from a low power state.

Sleep Time: ‎2021‎-‎11‎-‎02T17:01:30.108927300Z
Wake Time: ‎2021‎-‎11‎-‎03T08:48:17.092934500Z

Wake Source: Unknown"
Information	03-11-2021 14:18:19	Microsoft-Windows-Kernel-Power	566	(268)	"The system session has transitioned from 142 to 144.

Reason: 7"
Information	03-11-2021 14:18:17	Microsoft-Windows-Kernel-Power	566	(268)	"The system session has transitioned from 141 to 142.

Reason: 7"
Information	03-11-2021 14:18:17	Microsoft-Windows-Kernel-Boot	32	(58)	The bootmgr spent 0 ms waiting for user input.
Information	03-11-2021 14:18:17	Microsoft-Windows-Kernel-Boot	18	(57)	There are 0x1 boot options on this system.
Information	03-11-2021 14:18:17	Microsoft-Windows-Kernel-Boot	30	(21)	The firmware reported boot metrics.
Information	03-11-2021 14:18:15	Microsoft-Windows-Kernel-Power	105	(100)	Power source change.
Error	03-11-2021 14:18:18	Server	2505	None	The server could not bind to the transport \Device\NetBT_Tcpip_{59426481-F96A-490F-9157-08A6F626BD36} because another computer on the network has the same name.  The server could not start.
Information	03-11-2021 14:18:14	Microsoft-Windows-Kernel-General	1	(5)	"The system time has changed to ‎2021‎-‎11‎-‎03T08:48:14.500000000Z from ‎2021‎-‎11‎-‎02T17:01:56.931312400Z.

Change Reason: System time synchronized with the hardware clock.
Process: '' (PID 4).

RTC time: ‎2021‎-‎11‎-‎03T14:18:14.500000000Z
Current time zone bias: -330
RTC time is in UTC: false
System time was based on RTC time: false"
Information	02-11-2021 22:31:56	Microsoft-Windows-Kernel-Power	107	(102)	The system has resumed from sleep.
Information	03-11-2021 14:18:15	EventLog	6013	None	The system uptime is 337761 seconds.
Information	02-11-2021 22:31:43	Microsoft-Windows-Kernel-Power	42	(64)	"The system is entering sleep.

Sleep Reason: Application API"
Information	02-11-2021 22:31:30	Microsoft-Windows-Kernel-Power	566	(268)	"The system session has transitioned from 140 to 141.

Reason: 7"
Information	02-11-2021 22:31:30	Microsoft-Windows-Kernel-Power	187	(243)	User-mode process attempted to change the system state by calling SetSuspendState or SetSystemPowerState APIs.
Information	02-11-2021 22:31:29	Microsoft-Windows-Winlogon	7002	(1102)	User Logoff Notification for Customer Experience Improvement Program
Information	02-11-2021 22:31:17	User32	1074	None	"The process Explorer.EXE has initiated the power off of computer LAPTOP-7EVMU4TQ on behalf of user LAPTOP-7EVMU4TQ\mahendra for the following reason: Other (Unplanned)
 Reason Code: 0x0
 Shutdown Type: power off
 Comment: "
Warning	02-11-2021 21:37:01	Microsoft-Windows-DistributedCOM	10016	None	"The application-specific permission settings do not grant Local Activation permission for the COM Server application with CLSID 
{2593F8B9-4EAF-457C-B68A-50F6B8EA6B54}
 and APPID 
{15C20B67-12E7-4BB6-92BB-7AFF07997402}
 to the user LAPTOP-7EVMU4TQ\mahendra SID (S-1-5-21-38077573-387163758-1783380300-1002) from address LocalHost (Using LRPC) running in the application container Unavailable SID (Unavailable). This security permission can be modified using the Component Services administrative tool."
Warning	02-11-2021 21:05:06	Microsoft-Windows-DistributedCOM	10016	None	"The application-specific permission settings do not grant Local Activation permission for the COM Server application with CLSID 
{8BC3F05E-D86B-11D0-A075-00C04FB68820}
 and APPID 
{8BC3F05E-D86B-11D0-A075-00C04FB68820}
 to the user LAPTOP-7EVMU4TQ\mahendra SID (S-1-5-21-38077573-387163758-1783380300-1002) from address LocalHost (Using LRPC) running in the application container Unavailable SID (S-1-15-2-3829659756-4249436088-1077786145-4020960838-3509348660-297568687-1183956089). This security permission can be modified using the Component Services administrative tool."
Information	02-11-2021 20:54:49	Microsoft-Windows-Kernel-Power	566	(268)	"The system session has transitioned from 138 to 140.

Reason: 7"
Information	02-11-2021 20:53:05	Microsoft-Windows-Kernel-Power	566	(268)	"The system session has transitioned from 137 to 138.

Reason: 7"
Information	02-11-2021 20:52:14	Microsoft-Windows-Power-Troubleshooter	1	None	"The system has returned from a low power state.

Sleep Time: ‎2021‎-‎11‎-‎02T14:07:25.579068200Z
Wake Time: ‎2021‎-‎11‎-‎02T15:22:04.357676200Z

Wake Source: Power Button"
Error	02-11-2021 20:52:15	Server	2505	None	The server could not bind to the transport \Device\NetBT_Tcpip_{9F961AE3-9423-4C8B-AB48-B1886999008B} because another computer on the network has the same name.  The server could not start.
Error	02-11-2021 20:52:06	Server	2505	None	The server could not bind to the transport \Device\NetBT_Tcpip_{59426481-F96A-490F-9157-08A6F626BD36} because another computer on the network has the same name.  The server could not start.
Information	02-11-2021 20:52:04	Microsoft-Windows-Kernel-Power	566	(268)	"The system session has transitioned from 135 to 137.

Reason: 7"
Information	02-11-2021 20:52:03	Microsoft-Windows-Kernel-Power	566	(268)	"The system session has transitioned from 134 to 135.

Reason: 7"
Information	02-11-2021 20:52:01	Microsoft-Windows-Kernel-Power	130	(33)	Firmware S3 times. SuspendStart: 101867560, SuspendEnd: 101867562
Information	02-11-2021 20:52:01	Microsoft-Windows-Kernel-Power	131	(33)	Firmware S3 times. ResumeCount: 1, FullResume: 1035, AverageResume: 1035
Information	02-11-2021 20:52:01	Microsoft-Windows-Kernel-General	1	(5)	"The system time has changed to ‎2021‎-‎11‎-‎02T15:22:01.500000000Z from ‎2021‎-‎11‎-‎02T14:07:44.720439000Z.

Change Reason: System time synchronized with the hardware clock.
Process: '' (PID 4).

RTC time: ‎2021‎-‎11‎-‎02T20:52:01.500000000Z
Current time zone bias: -330
RTC time is in UTC: false
System time was based on RTC time: false"
Information	02-11-2021 19:37:44	Microsoft-Windows-Kernel-Power	107	(102)	The system has resumed from sleep.
Information	02-11-2021 19:37:40	Microsoft-Windows-Kernel-Power	42	(64)	"The system is entering sleep.

Sleep Reason: Button or Lid"
Information	02-11-2021 19:37:35	Microsoft-Windows-Kernel-Power	105	(100)	Power source change.
Information	02-11-2021 19:37:26	Microsoft-Windows-Kernel-Power	566	(268)	"The system session has transitioned from 133 to 134.

Reason: 7"
Information	02-11-2021 18:52:30	Microsoft-Windows-Kernel-Power	105	(100)	Power source change.
Information	02-11-2021 18:52:15	Microsoft-Windows-Kernel-Power	105	(100)	Power source change.
Information	02-11-2021 18:49:22	Microsoft-Windows-Kernel-General	16	None	The access history in hive \??\C:\ProgramData\Packages\MicrosoftTeams_8wekyb3d8bbwe\S-1-5-21-38077573-387163758-1783380300-1002\SystemAppData\Helium\Cache\1a7ea36c97e5a6ff_COM15.dat was cleared updating 1 keys and creating 1 modified pages.
Information	02-11-2021 18:49:21	Microsoft-Windows-Kernel-General	16	None	The access history in hive \??\C:\Users\mahendra\AppData\Local\Packages\MicrosoftTeams_8wekyb3d8bbwe\SystemAppData\Helium\UserClasses.dat was cleared updating 12 keys and creating 1 modified pages.
Information	02-11-2021 18:49:21	Microsoft-Windows-Kernel-General	16	None	The access history in hive \??\C:\Users\mahendra\AppData\Local\Packages\MicrosoftTeams_8wekyb3d8bbwe\SystemAppData\Helium\User.dat was cleared updating 13 keys and creating 1 modified pages.
Information	02-11-2021 18:43:50	Service Control Manager	7040	None	The start type of the Background Intelligent Transfer Service service was changed from auto start to demand start.
Warning	02-11-2021 18:42:53	Microsoft-Windows-DistributedCOM	10016	None	"The application-specific permission settings do not grant Local Activation permission for the COM Server application with CLSID 
{2593F8B9-4EAF-457C-B68A-50F6B8EA6B54}
 and APPID 
{15C20B67-12E7-4BB6-92BB-7AFF07997402}
 to the user LAPTOP-7EVMU4TQ\mahendra SID (S-1-5-21-38077573-387163758-1783380300-1002) from address LocalHost (Using LRPC) running in the application container Unavailable SID (Unavailable). This security permission can be modified using the Component Services administrative tool."
Information	02-11-2021 18:41:42	Service Control Manager	7040	None	The start type of the Background Intelligent Transfer Service service was changed from demand start to auto start.
Error	02-11-2021 18:18:16	Service Control Manager	7009	None	A timeout was reached (30000 milliseconds) while waiting for the Intel(R) SUR QC Software Asset Manager service to connect.
Information	02-11-2021 17:42:36	Microsoft-Windows-Power-Troubleshooter	1	None	"The system has returned from a low power state.

Sleep Time: ‎2021‎-‎11‎-‎02T12:09:26.234188600Z
Wake Time: ‎2021‎-‎11‎-‎02T12:12:11.344515100Z

Wake Source: Unknown"
Error	02-11-2021 17:42:15	Server	2505	None	The server could not bind to the transport \Device\NetBT_Tcpip_{59426481-F96A-490F-9157-08A6F626BD36} because another computer on the network has the same name.  The server could not start.
Error	02-11-2021 17:42:15	Server	2505	None	The server could not bind to the transport \Device\NetBT_Tcpip_{9F961AE3-9423-4C8B-AB48-B1886999008B} because another computer on the network has the same name.  The server could not start.
Information	02-11-2021 17:42:13	Microsoft-Windows-Kernel-Power	566	(268)	"The system session has transitioned from 131 to 133.

Reason: 7"
Information	02-11-2021 17:42:11	Microsoft-Windows-Kernel-Power	566	(268)	"The system session has transitioned from 130 to 131.

Reason: 7"
Information	02-11-2021 17:42:11	Microsoft-Windows-Kernel-Boot	32	(58)	The bootmgr spent 0 ms waiting for user input.
Information	02-11-2021 17:42:11	Microsoft-Windows-Kernel-Boot	18	(57)	There are 0x1 boot options on this system.
Information	02-11-2021 17:42:11	Microsoft-Windows-Kernel-Boot	30	(21)	The firmware reported boot metrics.
Information	02-11-2021 17:42:08	Microsoft-Windows-Kernel-General	1	(5)	"The system time has changed to ‎2021‎-‎11‎-‎02T12:12:08.500000000Z from ‎2021‎-‎11‎-‎02T12:09:55.152666500Z.

Change Reason: System time synchronized with the hardware clock.
Process: '' (PID 4).

RTC time: ‎2021‎-‎11‎-‎02T17:42:08.500000000Z
Current time zone bias: -330
RTC time is in UTC: false
System time was based on RTC time: false"
Information	02-11-2021 17:39:55	Microsoft-Windows-Kernel-Power	107	(102)	The system has resumed from sleep.
Information	02-11-2021 17:39:49	Microsoft-Windows-Kernel-Power	42	(64)	"The system is entering sleep.

Sleep Reason: Battery"
Information	02-11-2021 17:39:36	Microsoft-Windows-UserModePowerService	12	(10)	Process C:\Windows\System32\svchost.exe (process ID:1676) reset policy scheme from {48684d4a-8524-4093-8a63-ea7132b79c1c} to {48684d4a-8524-4093-8a63-ea7132b79c1c}
Information	02-11-2021 17:39:36	Microsoft-Windows-Kernel-Power	105	(100)	Power source change.
Information	02-11-2021 17:39:30	Microsoft-Windows-Kernel-Power	566	(268)	"The system session has transitioned from 129 to 130.

Reason: 7"
Information	02-11-2021 17:39:26	Microsoft-Windows-Kernel-Power	524	(223)	Critical Battery Trigger Met
Warning	02-11-2021 17:23:34	Microsoft-Windows-DistributedCOM	10016	None	"The application-specific permission settings do not grant Local Activation permission for the COM Server application with CLSID 
{2593F8B9-4EAF-457C-B68A-50F6B8EA6B54}
 and APPID 
{15C20B67-12E7-4BB6-92BB-7AFF07997402}
 to the user LAPTOP-7EVMU4TQ\mahendra SID (S-1-5-21-38077573-387163758-1783380300-1002) from address LocalHost (Using LRPC) running in the application container Unavailable SID (Unavailable). This security permission can be modified using the Component Services administrative tool."
Information	02-11-2021 17:18:34	Microsoft-Windows-UserModePowerService	12	(10)	Process C:\Windows\System32\svchost.exe (process ID:1676) reset policy scheme from {48684d4a-8524-4093-8a63-ea7132b79c1c} to {48684d4a-8524-4093-8a63-ea7132b79c1c}
Warning	02-11-2021 17:17:03	Microsoft-Windows-DistributedCOM	10016	None	"The application-specific permission settings do not grant Local Activation permission for the COM Server application with CLSID 
{2593F8B9-4EAF-457C-B68A-50F6B8EA6B54}
 and APPID 
{15C20B67-12E7-4BB6-92BB-7AFF07997402}
 to the user LAPTOP-7EVMU4TQ\mahendra SID (S-1-5-21-38077573-387163758-1783380300-1002) from address LocalHost (Using LRPC) running in the application container Unavailable SID (Unavailable). This security permission can be modified using the Component Services administrative tool."
Warning	02-11-2021 17:16:41	Microsoft-Windows-DistributedCOM	10016	None	"The application-specific permission settings do not grant Local Activation permission for the COM Server application with CLSID 
{2593F8B9-4EAF-457C-B68A-50F6B8EA6B54}
 and APPID 
{15C20B67-12E7-4BB6-92BB-7AFF07997402}
 to the user LAPTOP-7EVMU4TQ\mahendra SID (S-1-5-21-38077573-387163758-1783380300-1002) from address LocalHost (Using LRPC) running in the application container Unavailable SID (Unavailable). This security permission can be modified using the Component Services administrative tool."
Warning	02-11-2021 15:58:14	Microsoft-Windows-DistributedCOM	10016	None	"The application-specific permission settings do not grant Local Activation permission for the COM Server application with CLSID 
{2593F8B9-4EAF-457C-B68A-50F6B8EA6B54}
 and APPID 
{15C20B67-12E7-4BB6-92BB-7AFF07997402}
 to the user LAPTOP-7EVMU4TQ\mahendra SID (S-1-5-21-38077573-387163758-1783380300-1002) from address LocalHost (Using LRPC) running in the application container Unavailable SID (Unavailable). This security permission can be modified using the Component Services administrative tool."
Information	02-11-2021 15:56:56	Microsoft-Windows-Kernel-General	16	None	The access history in hive \??\C:\ProgramData\Packages\Microsoft.WindowsNotepad_8wekyb3d8bbwe\S-1-5-21-38077573-387163758-1783380300-1002\SystemAppData\Helium\Cache\4c15689769aad169_COM15.dat was cleared updating 1 keys and creating 1 modified pages.
Information	02-11-2021 15:56:56	Microsoft-Windows-Kernel-General	16	None	The access history in hive \??\C:\Users\mahendra\AppData\Local\Packages\Microsoft.WindowsNotepad_8wekyb3d8bbwe\SystemAppData\Helium\UserClasses.dat was cleared updating 1 keys and creating 1 modified pages.
Information	02-11-2021 15:56:56	Microsoft-Windows-Kernel-General	16	None	The access history in hive \??\C:\Users\mahendra\AppData\Local\Packages\Microsoft.WindowsNotepad_8wekyb3d8bbwe\SystemAppData\Helium\User.dat was cleared updating 4 keys and creating 1 modified pages.
Information	02-11-2021 15:41:53	Microsoft-Windows-WindowsUpdateClient	19	Windows Update Agent	Installation Successful: Windows successfully installed the following update: Security Intelligence Update for Microsoft Defender Antivirus - KB2267602 (Version 1.353.262.0)
Information	02-11-2021 15:41:19	Microsoft-Windows-WindowsUpdateClient	43	Windows Update Agent	Installation Started: Windows has started installing the following update: Security Intelligence Update for Microsoft Defender Antivirus - KB2267602 (Version 1.353.262.0)
Information	02-11-2021 15:41:19	Microsoft-Windows-WindowsUpdateClient	44	Windows Update Agent	Windows Update started downloading an update.
Warning	02-11-2021 15:19:40	Microsoft-Windows-Kernel-Processor-Power	37	(7)	The speed of processor 7 in group 0 is being limited by system firmware. The processor has been in this reduced performance state for 254948 seconds since the last report.
Information	02-11-2021 15:06:34	Service Control Manager	7040	None	The start type of the Background Intelligent Transfer Service service was changed from auto start to demand start.
Information	02-11-2021 15:04:13	Service Control Manager	7040	None	The start type of the Background Intelligent Transfer Service service was changed from demand start to auto start.
Error	02-11-2021 14:50:49	Server	2505	None	The server could not bind to the transport \Device\NetBT_Tcpip_{9F961AE3-9423-4C8B-AB48-B1886999008B} because another computer on the network has the same name.  The server could not start.
Information	02-11-2021 14:50:43	Microsoft-Windows-Power-Troubleshooter	1	None	"The system has returned from a low power state.

Sleep Time: ‎2021‎-‎11‎-‎02T09:16:26.199443700Z
Wake Time: ‎2021‎-‎11‎-‎02T09:20:40.816523400Z

Wake Source: Power Button"
Error	02-11-2021 14:50:44	Server	2505	None	The server could not bind to the transport \Device\NetBT_Tcpip_{59426481-F96A-490F-9157-08A6F626BD36} because another computer on the network has the same name.  The server could not start.
Information	02-11-2021 14:50:40	Microsoft-Windows-Kernel-Power	566	(268)	"The system session has transitioned from 127 to 129.

Reason: 7"
Information	02-11-2021 14:50:40	Microsoft-Windows-Kernel-Power	566	(268)	"The system session has transitioned from 126 to 127.

Reason: 7"
Information	02-11-2021 14:50:39	Microsoft-Windows-Kernel-Power	130	(33)	Firmware S3 times. SuspendStart: 84810948, SuspendEnd: 84810949
Information	02-11-2021 14:50:39	Microsoft-Windows-Kernel-Power	131	(33)	Firmware S3 times. ResumeCount: 2, FullResume: 1033, AverageResume: 1030
Information	02-11-2021 14:50:39	Microsoft-Windows-Kernel-General	1	(5)	"The system time has changed to ‎2021‎-‎11‎-‎02T09:20:39.500000000Z from ‎2021‎-‎11‎-‎02T09:16:38.678104200Z.

Change Reason: System time synchronized with the hardware clock.
Process: '' (PID 4).

RTC time: ‎2021‎-‎11‎-‎02T14:50:39.500000000Z
Current time zone bias: -330
RTC time is in UTC: false
System time was based on RTC time: false"
Information	02-11-2021 14:46:38	Microsoft-Windows-Kernel-Power	107	(102)	The system has resumed from sleep.
Information	02-11-2021 14:46:33	Microsoft-Windows-Kernel-Power	42	(64)	"The system is entering sleep.

Sleep Reason: System Idle"
Information	02-11-2021 14:46:27	Microsoft-Windows-Kernel-Power	566	(268)	"The system session has transitioned from 124 to 126.

Reason: 7"
Information	02-11-2021 14:46:20	Microsoft-Windows-Kernel-Power	566	(268)	"The system session has transitioned from 123 to 124.

Reason: 7"
Information	02-11-2021 14:39:05	Microsoft-Windows-Kernel-Power	105	(100)	Power source change.
Information	02-11-2021 14:32:41	Microsoft-Windows-Kernel-General	1	(5)	"The system time has changed to ‎2021‎-‎11‎-‎02T09:02:41.635289100Z from ‎2021‎-‎11‎-‎02T09:02:41.635308400Z.

Change Reason: An application or system component changed the time.
Process: '\Device\HarddiskVolume3\Windows\System32\svchost.exe' (PID 32560).

RTC time: ‎2021‎-‎11‎-‎02T14:32:41.635289100Z
Current time zone bias: -330
RTC time is in UTC: false
System time was based on RTC time: false"
Information	02-11-2021 14:32:41	Microsoft-Windows-Kernel-General	24	(11)	The time zone information was refreshed with exit reason 0. Current time zone bias is -330.
Information	02-11-2021 14:32:41	Microsoft-Windows-Time-Service	158	None	The time provider 'VMICTimeProvider' has indicated that the current hardware and operating environment is not supported and has stopped. This behavior is expected for VMICTimeProvider on non-HyperV-guest environments. This may be the expected behavior for the current provider in the current operating environment as well.
Information	02-11-2021 14:32:41	Microsoft-Windows-Time-Service	35	None	The time service is now synchronizing the system time with the time source time.windows.com,0x9 (ntp.m|0x9|0.0.0.0:123->40.81.94.65:123) with reference id 1096700200. Current local stratum number is 4.
Information	02-11-2021 14:32:41	Microsoft-Windows-Time-Service	37	None	The time provider NtpClient is currently receiving valid time data from time.windows.com,0x9 (ntp.m|0x9|0.0.0.0:123->40.81.94.65:123).
Error	02-11-2021 14:32:01	Server	2505	None	The server could not bind to the transport \Device\NetBT_Tcpip_{9F961AE3-9423-4C8B-AB48-B1886999008B} because another computer on the network has the same name.  The server could not start.
Error	02-11-2021 14:31:56	Server	2505	None	The server could not bind to the transport \Device\NetBT_Tcpip_{9F961AE3-9423-4C8B-AB48-B1886999008B} because another computer on the network has the same name.  The server could not start.
Information	02-11-2021 14:27:24	Microsoft-Windows-Ntfs	98	None	Volume Windows (\Device\HarddiskVolumeShadowCopy7) is healthy.  No action is needed.
Warning	02-11-2021 14:25:46	Microsoft-Windows-Time-Service	134	None	NtpClient was unable to set a manual peer to use as a time source because of DNS resolution error on 'time.windows.com,0x9'. NtpClient will try again in 15 minutes and double the reattempt interval thereafter. The error was: No such host is known. (0x80072AF9)
Warning	02-11-2021 14:25:44	Microsoft-Windows-Time-Service	134	None	NtpClient was unable to set a manual peer to use as a time source because of DNS resolution error on 'time.windows.com,0x9'. NtpClient will try again in 15 minutes and double the reattempt interval thereafter. The error was: No such host is known. (0x80072AF9)
Information	02-11-2021 14:25:44	Microsoft-Windows-Time-Service	158	None	The time provider 'VMICTimeProvider' has indicated that the current hardware and operating environment is not supported and has stopped. This behavior is expected for VMICTimeProvider on non-HyperV-guest environments. This may be the expected behavior for the current provider in the current operating environment as well.
Information	02-11-2021 13:56:53	Microsoft-Windows-Kernel-Power	566	(268)	"The system session has transitioned from 121 to 123.

Reason: 7"
Information	02-11-2021 13:56:35	Microsoft-Windows-Kernel-Power	566	(268)	"The system session has transitioned from 120 to 121.

Reason: 7"
Information	02-11-2021 13:55:46	Microsoft-Windows-Power-Troubleshooter	1	None	"The system has returned from a low power state.

Sleep Time: ‎2021‎-‎11‎-‎02T06:44:18.402874500Z
Wake Time: ‎2021‎-‎11‎-‎02T08:25:33.555692200Z

Wake Source: Power Button"
Information	02-11-2021 13:55:33	Microsoft-Windows-Kernel-Power	566	(268)	"The system session has transitioned from 118 to 120.

Reason: 7"
Error	02-11-2021 13:55:34	Server	2505	None	The server could not bind to the transport \Device\NetBT_Tcpip_{59426481-F96A-490F-9157-08A6F626BD36} because another computer on the network has the same name.  The server could not start.
Information	02-11-2021 13:55:32	Microsoft-Windows-Kernel-Power	566	(268)	"The system session has transitioned from 117 to 118.

Reason: 7"
Information	02-11-2021 13:55:29	Microsoft-Windows-Kernel-Power	130	(33)	Firmware S3 times. SuspendStart: 81741349, SuspendEnd: 81741350
Information	02-11-2021 13:55:29	Microsoft-Windows-Kernel-Power	131	(33)	Firmware S3 times. ResumeCount: 1, FullResume: 1027, AverageResume: 1027
Information	02-11-2021 13:55:29	Microsoft-Windows-Kernel-General	1	(5)	"The system time has changed to ‎2021‎-‎11‎-‎02T08:25:29.500000000Z from ‎2021‎-‎11‎-‎02T06:44:36.582059300Z.

Change Reason: System time synchronized with the hardware clock.
Process: '' (PID 4).

RTC time: ‎2021‎-‎11‎-‎02T13:55:29.500000000Z
Current time zone bias: -330
RTC time is in UTC: false
System time was based on RTC time: false"
Information	02-11-2021 12:14:36	Microsoft-Windows-Kernel-Power	107	(102)	The system has resumed from sleep.
Information	02-11-2021 12:14:32	Microsoft-Windows-Kernel-Power	42	(64)	"The system is entering sleep.

Sleep Reason: Button or Lid"
Information	02-11-2021 12:14:19	Microsoft-Windows-Kernel-Power	566	(268)	"The system session has transitioned from 116 to 117.

Reason: 7"
Information	02-11-2021 12:00:00	EventLog	6013	None	The system uptime is 243067 seconds.
Information	02-11-2021 10:47:18	Microsoft-Windows-Kernel-Power	105	(100)	Power source change.
Information	02-11-2021 10:47:15	Microsoft-Windows-Kernel-Power	105	(100)	Power source change.
Information	02-11-2021 10:42:52	Microsoft-Windows-Kernel-Power	105	(100)	Power source change.
Information	02-11-2021 10:42:49	Microsoft-Windows-Kernel-Power	105	(100)	Power source change.
Information	02-11-2021 10:42:42	Microsoft-Windows-Kernel-Power	105	(100)	Power source change.
Information	02-11-2021 10:41:32	Microsoft-Windows-Kernel-Power	105	(100)	Power source change.
Information	02-11-2021 10:07:05	Service Control Manager	7040	None	The start type of the Background Intelligent Transfer Service service was changed from auto start to demand start.
Information	02-11-2021 10:04:17	Service Control Manager	7040	None	The start type of the Background Intelligent Transfer Service service was changed from demand start to auto start.
Error	02-11-2021 10:04:06	Server	2505	None	The server could not bind to the transport \Device\NetBT_Tcpip_{9F961AE3-9423-4C8B-AB48-B1886999008B} because another computer on the network has the same name.  The server could not start.
Error	02-11-2021 10:04:01	Server	2505	None	The server could not bind to the transport \Device\NetBT_Tcpip_{9F961AE3-9423-4C8B-AB48-B1886999008B} because another computer on the network has the same name.  The server could not start.
Warning	02-11-2021 10:03:13	Microsoft-Windows-DistributedCOM	10016	None	"The application-specific permission settings do not grant Local Activation permission for the COM Server application with CLSID 
{2593F8B9-4EAF-457C-B68A-50F6B8EA6B54}
 and APPID 
{15C20B67-12E7-4BB6-92BB-7AFF07997402}
 to the user LAPTOP-7EVMU4TQ\mahendra SID (S-1-5-21-38077573-387163758-1783380300-1002) from address LocalHost (Using LRPC) running in the application container Unavailable SID (Unavailable). This security permission can be modified using the Component Services administrative tool."
Information	02-11-2021 09:58:53	Microsoft-Windows-Kernel-Power	105	(100)	Power source change.
Warning	02-11-2021 09:58:26	Microsoft-Windows-DistributedCOM	10016	None	"The application-specific permission settings do not grant Local Activation permission for the COM Server application with CLSID 
{6B3B8D23-FA8D-40B9-8DBD-B950333E2C52}
 and APPID 
{4839DDB7-58C2-48F5-8283-E1D1807D0D7D}
 to the user NT AUTHORITY\LOCAL SERVICE SID (S-1-5-19) from address LocalHost (Using LRPC) running in the application container Unavailable SID (Unavailable). This security permission can be modified using the Component Services administrative tool."
Warning	02-11-2021 09:58:26	Microsoft-Windows-DistributedCOM	10016	None	"The application-specific permission settings do not grant Local Activation permission for the COM Server application with CLSID 
{6B3B8D23-FA8D-40B9-8DBD-B950333E2C52}
 and APPID 
{4839DDB7-58C2-48F5-8283-E1D1807D0D7D}
 to the user NT AUTHORITY\LOCAL SERVICE SID (S-1-5-19) from address LocalHost (Using LRPC) running in the application container Unavailable SID (Unavailable). This security permission can be modified using the Component Services administrative tool."
Information	02-11-2021 09:58:24	Microsoft-Windows-Winlogon	7001	(1101)	User Logon Notification for Customer Experience Improvement Program
Information	02-11-2021 09:57:12	Microsoft-Windows-Kernel-Power	105	(100)	Power source change.
Information	02-11-2021 09:53:24	Microsoft-Windows-Kernel-Power	566	(268)	"The system session has transitioned from 114 to 116.

Reason: 7"
Information	02-11-2021 09:53:18	Microsoft-Windows-Kernel-Power	566	(268)	"The system session has transitioned from 113 to 114.

Reason: 7"
Information	02-11-2021 09:52:10	Microsoft-Windows-Kernel-Power	105	(100)	Power source change.
Information	02-11-2021 09:52:07	Microsoft-Windows-Kernel-Power	105	(100)	Power source change.
Information	02-11-2021 09:44:22	Microsoft-Windows-Kernel-Power	105	(100)	Power source change.
Information	02-11-2021 09:44:19	Microsoft-Windows-Kernel-Power	105	(100)	Power source change.
Information	02-11-2021 09:36:31	Service Control Manager	7040	None	The start type of the Background Intelligent Transfer Service service was changed from auto start to demand start.
Information	02-11-2021 09:34:26	Service Control Manager	7040	None	The start type of the Background Intelligent Transfer Service service was changed from demand start to auto start.
Information	02-11-2021 09:28:36	Microsoft-Windows-Power-Troubleshooter	1	None	"The system has returned from a low power state.

Sleep Time: ‎2021‎-‎11‎-‎01T17:17:13.322066300Z
Wake Time: ‎2021‎-‎11‎-‎02T03:58:30.564224400Z

Wake Source: Unknown"
Information	02-11-2021 09:28:33	Microsoft-Windows-Kernel-Power	566	(268)	"The system session has transitioned from 111 to 113.

Reason: 7"
Information	02-11-2021 09:28:28	Microsoft-Windows-Kernel-Power	566	(268)	"The system session has transitioned from 110 to 111.

Reason: 7"
Information	02-11-2021 09:28:28	Microsoft-Windows-Kernel-Boot	32	(58)	The bootmgr spent 0 ms waiting for user input.
Information	02-11-2021 09:28:28	Microsoft-Windows-Kernel-Boot	18	(57)	There are 0x1 boot options on this system.
Information	02-11-2021 09:28:28	Microsoft-Windows-Kernel-Boot	30	(21)	The firmware reported boot metrics.
Error	02-11-2021 09:28:29	Server	2505	None	The server could not bind to the transport \Device\NetBT_Tcpip_{59426481-F96A-490F-9157-08A6F626BD36} because another computer on the network has the same name.  The server could not start.
Information	02-11-2021 09:28:26	Microsoft-Windows-Kernel-Power	105	(100)	Power source change.
Information	02-11-2021 09:28:25	Microsoft-Windows-Kernel-General	1	(5)	"The system time has changed to ‎2021‎-‎11‎-‎02T03:58:25.500000000Z from ‎2021‎-‎11‎-‎01T17:17:44.627625300Z.

Change Reason: System time synchronized with the hardware clock.
Process: '' (PID 4).

RTC time: ‎2021‎-‎11‎-‎02T09:28:25.500000000Z
Current time zone bias: -330
RTC time is in UTC: false
System time was based on RTC time: false"
Information	01-11-2021 22:47:44	Microsoft-Windows-Kernel-Power	107	(102)	The system has resumed from sleep.
Information	01-11-2021 22:47:29	Microsoft-Windows-Kernel-Power	42	(64)	"The system is entering sleep.

Sleep Reason: Application API"
Information	01-11-2021 22:47:13	Microsoft-Windows-Kernel-Power	566	(268)	"The system session has transitioned from 109 to 110.

Reason: 7"
Information	01-11-2021 22:47:13	Microsoft-Windows-Kernel-Power	187	(243)	User-mode process attempted to change the system state by calling SetSuspendState or SetSystemPowerState APIs.
Information	01-11-2021 22:47:12	Microsoft-Windows-Winlogon	7002	(1102)	User Logoff Notification for Customer Experience Improvement Program
Information	01-11-2021 22:46:52	User32	1074	None	"The process Explorer.EXE has initiated the power off of computer LAPTOP-7EVMU4TQ on behalf of user LAPTOP-7EVMU4TQ\mahendra for the following reason: Other (Unplanned)
 Reason Code: 0x0
 Shutdown Type: power off
 Comment: "
Warning	01-11-2021 22:46:49	Microsoft-Windows-DistributedCOM	10016	None	"The application-specific permission settings do not grant Local Activation permission for the COM Server application with CLSID 
{2593F8B9-4EAF-457C-B68A-50F6B8EA6B54}
 and APPID 
{15C20B67-12E7-4BB6-92BB-7AFF07997402}
 to the user LAPTOP-7EVMU4TQ\mahendra SID (S-1-5-21-38077573-387163758-1783380300-1002) from address LocalHost (Using LRPC) running in the application container Unavailable SID (Unavailable). This security permission can be modified using the Component Services administrative tool."
Error	01-11-2021 22:27:08	Server	2505	None	The server could not bind to the transport \Device\NetBT_Tcpip_{9F961AE3-9423-4C8B-AB48-B1886999008B} because another computer on the network has the same name.  The server could not start.
Error	01-11-2021 22:27:06	Server	2505	None	The server could not bind to the transport \Device\NetBT_Tcpip_{59426481-F96A-490F-9157-08A6F626BD36} because another computer on the network has the same name.  The server could not start.
Information	01-11-2021 22:27:04	Microsoft-Windows-Power-Troubleshooter	1	None	"The system has returned from a low power state.

Sleep Time: ‎2021‎-‎11‎-‎01T16:45:53.412892000Z
Wake Time: ‎2021‎-‎11‎-‎01T16:57:04.309395000Z

Wake Source: Power Button"
Information	01-11-2021 22:27:04	Microsoft-Windows-Kernel-Power	566	(268)	"The system session has transitioned from 107 to 109.

Reason: 7"
Information	01-11-2021 22:27:03	Microsoft-Windows-Kernel-Power	566	(268)	"The system session has transitioned from 106 to 107.

Reason: 7"
Information	01-11-2021 22:27:01	Microsoft-Windows-Kernel-Power	130	(33)	Firmware S3 times. SuspendStart: 70509615, SuspendEnd: 70509616
Information	01-11-2021 22:27:01	Microsoft-Windows-Kernel-Power	131	(33)	Firmware S3 times. ResumeCount: 10, FullResume: 1027, AverageResume: 1029
Information	01-11-2021 22:27:01	Microsoft-Windows-Kernel-General	1	(5)	"The system time has changed to ‎2021‎-‎11‎-‎01T16:57:01.500000000Z from ‎2021‎-‎11‎-‎01T16:46:02.524950000Z.

Change Reason: System time synchronized with the hardware clock.
Process: '' (PID 4).

RTC time: ‎2021‎-‎11‎-‎01T22:27:01.500000000Z
Current time zone bias: -330
RTC time is in UTC: false
System time was based on RTC time: false"
Information	01-11-2021 22:16:02	Microsoft-Windows-Kernel-Power	107	(102)	The system has resumed from sleep.
Information	01-11-2021 22:15:57	Microsoft-Windows-Kernel-Power	42	(64)	"The system is entering sleep.

Sleep Reason: System Idle"
Information	01-11-2021 22:15:55	Microsoft-Windows-Kernel-Power	566	(268)	"The system session has transitioned from 104 to 106.

Reason: 7"
Information	01-11-2021 22:15:52	Microsoft-Windows-Kernel-Power	566	(268)	"The system session has transitioned from 103 to 104.

Reason: 7"
Error	01-11-2021 22:06:13	Server	2505	None	The server could not bind to the transport \Device\NetBT_Tcpip_{9F961AE3-9423-4C8B-AB48-B1886999008B} because another computer on the network has the same name.  The server could not start.
Information	01-11-2021 22:06:10	Microsoft-Windows-Power-Troubleshooter	1	None	"The system has returned from a low power state.

Sleep Time: ‎2021‎-‎11‎-‎01T16:29:25.154823300Z
Wake Time: ‎2021‎-‎11‎-‎01T16:36:07.849424500Z

Wake Source: Power Button"
Error	01-11-2021 22:06:11	Server	2505	None	The server could not bind to the transport \Device\NetBT_Tcpip_{59426481-F96A-490F-9157-08A6F626BD36} because another computer on the network has the same name.  The server could not start.
Information	01-11-2021 22:06:07	Microsoft-Windows-Kernel-Power	566	(268)	"The system session has transitioned from 101 to 103.

Reason: 7"
Information	01-11-2021 22:06:07	Microsoft-Windows-Kernel-Power	566	(268)	"The system session has transitioned from 100 to 101.

Reason: 7"
Information	01-11-2021 22:06:06	Microsoft-Windows-Kernel-Power	130	(33)	Firmware S3 times. SuspendStart: 69913577, SuspendEnd: 69913578
Information	01-11-2021 22:06:06	Microsoft-Windows-Kernel-Power	131	(33)	Firmware S3 times. ResumeCount: 9, FullResume: 1030, AverageResume: 1029
Information	01-11-2021 22:06:06	Microsoft-Windows-Kernel-General	1	(5)	"The system time has changed to ‎2021‎-‎11‎-‎01T16:36:06.500000000Z from ‎2021‎-‎11‎-‎01T16:29:38.228420000Z.

Change Reason: System time synchronized with the hardware clock.
Process: '' (PID 4).

RTC time: ‎2021‎-‎11‎-‎01T22:06:06.500000000Z
Current time zone bias: -330
RTC time is in UTC: false
System time was based on RTC time: false"
Information	01-11-2021 21:59:38	Microsoft-Windows-Kernel-Power	107	(102)	The system has resumed from sleep.
Information	01-11-2021 21:59:33	Microsoft-Windows-Kernel-Power	42	(64)	"The system is entering sleep.

Sleep Reason: System Idle"
Information	01-11-2021 21:59:26	Microsoft-Windows-Kernel-Power	566	(268)	"The system session has transitioned from 98 to 100.

Reason: 7"
Information	01-11-2021 21:59:23	Microsoft-Windows-Kernel-Power	566	(268)	"The system session has transitioned from 97 to 98.

Reason: 7"
Information	01-11-2021 21:41:30	Microsoft-Windows-WindowsUpdateClient	19	Windows Update Agent	Installation Successful: Windows successfully installed the following update: Security Intelligence Update for Microsoft Defender Antivirus - KB2267602 (Version 1.353.212.0)
Information	01-11-2021 21:41:04	Microsoft-Windows-Kernel-General	1	(5)	"The system time has changed to ‎2021‎-‎11‎-‎01T16:11:04.169554500Z from ‎2021‎-‎11‎-‎01T16:11:04.169116000Z.

Change Reason: An application or system component changed the time.
Process: '\Device\HarddiskVolume3\Windows\System32\svchost.exe' (PID 24004).

RTC time: ‎2021‎-‎11‎-‎01T21:41:04.169554500Z
Current time zone bias: -330
RTC time is in UTC: false
System time was based on RTC time: false"
Information	01-11-2021 21:41:04	Microsoft-Windows-Kernel-General	24	(11)	The time zone information was refreshed with exit reason 0. Current time zone bias is -330.
Information	01-11-2021 21:41:04	Microsoft-Windows-Time-Service	35	None	The time service is now synchronizing the system time with the time source time.windows.com,0x9 (ntp.m|0x9|0.0.0.0:123->40.81.94.65:123) with reference id 1096700200. Current local stratum number is 4.
Information	01-11-2021 21:41:04	Microsoft-Windows-Time-Service	37	None	The time provider NtpClient is currently receiving valid time data from time.windows.com,0x9 (ntp.m|0x9|0.0.0.0:123->40.81.94.65:123).
Information	01-11-2021 21:40:50	Microsoft-Windows-WindowsUpdateClient	43	Windows Update Agent	Installation Started: Windows has started installing the following update: Security Intelligence Update for Microsoft Defender Antivirus - KB2267602 (Version 1.353.212.0)
Information	01-11-2021 21:40:50	Microsoft-Windows-WindowsUpdateClient	44	Windows Update Agent	Windows Update started downloading an update.
Error	01-11-2021 21:40:22	Server	2505	None	The server could not bind to the transport \Device\NetBT_Tcpip_{9F961AE3-9423-4C8B-AB48-B1886999008B} because another computer on the network has the same name.  The server could not start.
Error	01-11-2021 21:40:19	Server	2505	None	The server could not bind to the transport \Device\NetBT_Tcpip_{9F961AE3-9423-4C8B-AB48-B1886999008B} because another computer on the network has the same name.  The server could not start.
Warning	01-11-2021 21:39:50	Microsoft-Windows-Time-Service	134	None	NtpClient was unable to set a manual peer to use as a time source because of DNS resolution error on 'time.windows.com,0x9'. NtpClient will try again in 15 minutes and double the reattempt interval thereafter. The error was: No such host is known. (0x80072AF9)
Information	01-11-2021 21:39:21	Microsoft-Windows-Power-Troubleshooter	1	None	"The system has returned from a low power state.

Sleep Time: ‎2021‎-‎11‎-‎01T14:17:32.626254300Z
Wake Time: ‎2021‎-‎11‎-‎01T16:09:12.975663700Z

Wake Source: Power Button"
Error	01-11-2021 21:39:15	Server	2505	None	The server could not bind to the transport \Device\NetBT_Tcpip_{59426481-F96A-490F-9157-08A6F626BD36} because another computer on the network has the same name.  The server could not start.
Information	01-11-2021 21:39:12	Microsoft-Windows-Kernel-Power	566	(268)	"The system session has transitioned from 95 to 97.

Reason: 7"
Warning	01-11-2021 21:39:12	Microsoft-Windows-Time-Service	134	None	NtpClient was unable to set a manual peer to use as a time source because of DNS resolution error on 'time.windows.com,0x9'. NtpClient will try again in 15 minutes and double the reattempt interval thereafter. The error was: No such host is known. (0x80072AF9)
Information	01-11-2021 21:39:12	Microsoft-Windows-Kernel-Power	566	(268)	"The system session has transitioned from 94 to 95.

Reason: 7"
Information	01-11-2021 21:39:10	Microsoft-Windows-Kernel-Power	130	(33)	Firmware S3 times. SuspendStart: 68685828, SuspendEnd: 68685830
Information	01-11-2021 21:39:10	Microsoft-Windows-Kernel-Power	131	(33)	Firmware S3 times. ResumeCount: 8, FullResume: 1028, AverageResume: 1029
