Information	11-11-2021 14:47:17	Microsoft-Windows-Kernel-General	1	(5)	"The system time has changed to ‎2021‎-‎11‎-‎11T09:17:17.163750900Z from ‎2021‎-‎11‎-‎11T09:17:17.163064400Z.

Change Reason: An application or system component changed the time.
Process: '\Device\HarddiskVolume3\Windows\System32\svchost.exe' (PID 7808).

RTC time: ‎2021‎-‎11‎-‎11T14:47:17.163750900Z
Current time zone bias: -330
RTC time is in UTC: false
System time was based on RTC time: false"
Information	11-11-2021 14:47:17	Microsoft-Windows-Kernel-General	24	(11)	The time zone information was refreshed with exit reason 0. Current time zone bias is -330.
Information	11-11-2021 14:47:17	Microsoft-Windows-Kernel-General	1	(5)	"The system time has changed to ‎2021‎-‎11‎-‎11T09:17:17.161245400Z from ‎2021‎-‎11‎-‎11T09:17:17.161081000Z.

Change Reason: An application or system component changed the time.
Process: '\Device\HarddiskVolume3\Windows\System32\svchost.exe' (PID 7808).

RTC time: ‎2021‎-‎11‎-‎11T14:47:17.161245400Z
Current time zone bias: -330
RTC time is in UTC: false
System time was based on RTC time: false"
Information	11-11-2021 14:47:17	Microsoft-Windows-Kernel-General	24	(11)	The time zone information was refreshed with exit reason 0. Current time zone bias is -330.
Information	11-11-2021 14:47:17	Microsoft-Windows-Time-Service	35	None	The time service is now synchronizing the system time with the time source time.windows.com,0x9 (ntp.m|0x9|0.0.0.0:123->40.81.94.65:123) with reference id 1096700200. Current local stratum number is 4.
Information	11-11-2021 14:47:17	Microsoft-Windows-Kernel-General	1	(5)	"The system time has changed to ‎2021‎-‎11‎-‎11T09:17:17.158348300Z from ‎2021‎-‎11‎-‎11T09:17:15.772620300Z.

Change Reason: An application or system component changed the time.
Process: '\Device\HarddiskVolume3\Windows\System32\svchost.exe' (PID 7808).

RTC time: ‎2021‎-‎11‎-‎11T14:47:17.158348300Z
Current time zone bias: -330
RTC time is in UTC: false
System time was based on RTC time: false"
Information	11-11-2021 14:47:17	Microsoft-Windows-Kernel-General	24	(11)	The time zone information was refreshed with exit reason 0. Current time zone bias is -330.
Information	11-11-2021 14:47:15	Microsoft-Windows-Time-Service	37	None	The time provider NtpClient is currently receiving valid time data from time.windows.com,0x9 (ntp.m|0x9|0.0.0.0:123->40.81.94.65:123).
Warning	11-11-2021 14:47:15	Microsoft-Windows-DistributedCOM	10016	None	"The application-specific permission settings do not grant Local Activation permission for the COM Server application with CLSID 
{2593F8B9-4EAF-457C-B68A-50F6B8EA6B54}
 and APPID 
{15C20B67-12E7-4BB6-92BB-7AFF07997402}
 to the user LAPTOP-7EVMU4TQ\mahendra SID (S-1-5-21-38077573-387163758-1783380300-1002) from address LocalHost (Using LRPC) running in the application container Unavailable SID (Unavailable). This security permission can be modified using the Component Services administrative tool."
Information	11-11-2021 14:47:04	Microsoft-Windows-Kernel-General	16	None	The access history in hive \??\C:\Users\mahendra\AppData\Local\Packages\Microsoft.XboxIdentityProvider_8wekyb3d8bbwe\Settings\settings.dat was cleared updating 2 keys and creating 1 modified pages.
Information	11-11-2021 14:46:55	Microsoft-Windows-Kernel-General	16	None	The access history in hive \??\C:\Users\mahendra\AppData\Local\Packages\Microsoft.SkypeApp_kzf8qxf38zg5c\Settings\settings.dat was cleared updating 1 keys and creating 1 modified pages.
Information	11-11-2021 14:46:53	Microsoft-Windows-Kernel-General	16	None	The access history in hive \??\C:\Users\mahendra\AppData\Local\Packages\Microsoft.XboxGamingOverlay_8wekyb3d8bbwe\Settings\settings.dat was cleared updating 6 keys and creating 1 modified pages.
Error	11-11-2021 14:46:30	Server	2505	None	The server could not bind to the transport \Device\NetBT_Tcpip_{9F961AE3-9423-4C8B-AB48-B1886999008B} because another computer on the network has the same name.  The server could not start.
Information	11-11-2021 14:45:58	Microsoft-Windows-Kernel-Power	566	(268)	"The system session has transitioned from 28 to 30.

Reason: 9"
Information	11-11-2021 14:41:57	Microsoft-Windows-Kernel-Power	566	(268)	"The system session has transitioned from 27 to 28.

Reason: 9"
Information	11-11-2021 14:41:52	Microsoft-Windows-Kernel-Power	566	(268)	"The system session has transitioned from 25 to 27.

Reason: 9"
Information	11-11-2021 14:41:52	Microsoft-Windows-Kernel-Power	105	(100)	Power source change.
Information	11-11-2021 14:41:29	Microsoft-Windows-Kernel-Power	566	(268)	"The system session has transitioned from 24 to 25.

Reason: 9"
Information	11-11-2021 14:41:07	Microsoft-Windows-Kernel-General	16	None	The access history in hive \??\C:\Users\mahendra\AppData\Local\Packages\Microsoft.AAD.BrokerPlugin_cw5n1h2txyewy\Settings\settings.dat was cleared updating 44 keys and creating 6 modified pages.
Warning	11-11-2021 14:40:26	Microsoft-Windows-Time-Service	134	None	NtpClient was unable to set a manual peer to use as a time source because of DNS resolution error on 'time.windows.com,0x9'. NtpClient will try again in 15 minutes and double the reattempt interval thereafter. The error was: No such host is known. (0x80072AF9)
Information	11-11-2021 14:39:57	Microsoft-Windows-Kernel-General	15	(10)	Hive \SystemRoot\System32\config\DRIVERS was reorganized with a starting size of 10473472 bytes and an ending size of 10469376 bytes.
Information	11-11-2021 14:39:53	Microsoft-Windows-Power-Troubleshooter	1	None	"The system has returned from a low power state.

Sleep Time: ‎2021‎-‎11‎-‎09T13:01:48.917519500Z
Wake Time: ‎2021‎-‎11‎-‎11T09:09:48.224140300Z

Wake Source: Power Button"
Error	11-11-2021 14:39:50	Server	2505	None	The server could not bind to the transport \Device\NetBT_Tcpip_{59426481-F96A-490F-9157-08A6F626BD36} because another computer on the network has the same name.  The server could not start.
Information	11-11-2021 14:39:48	Microsoft-Windows-Kernel-General	16	None	The access history in hive \??\C:\ProgramData\Packages\MicrosoftTeams_8wekyb3d8bbwe\S-1-5-21-38077573-387163758-1783380300-1002\SystemAppData\Helium\Cache\1a7ea36c97e5a6ff_COM15.dat was cleared updating 1 keys and creating 1 modified pages.
Information	11-11-2021 14:39:48	Microsoft-Windows-Kernel-General	16	None	The access history in hive \??\C:\Users\mahendra\AppData\Local\Packages\MicrosoftTeams_8wekyb3d8bbwe\SystemAppData\Helium\UserClasses.dat was cleared updating 12 keys and creating 1 modified pages.
Information	11-11-2021 14:39:48	Microsoft-Windows-Kernel-Power	566	(268)	"The system session has transitioned from 22 to 24.

Reason: 9"
Warning	11-11-2021 14:39:48	Microsoft-Windows-Time-Service	134	None	NtpClient was unable to set a manual peer to use as a time source because of DNS resolution error on 'time.windows.com,0x9'. NtpClient will try again in 15 minutes and double the reattempt interval thereafter. The error was: No such host is known. (0x80072AF9)
Information	11-11-2021 14:39:48	Service Control Manager	7040	None	The start type of the Background Intelligent Transfer Service service was changed from demand start to auto start.
Information	11-11-2021 14:39:47	Microsoft-Windows-Kernel-Power	566	(268)	"The system session has transitioned from 21 to 22.

Reason: 9"
Information	11-11-2021 14:39:47	Microsoft-Windows-Kernel-General	16	None	The access history in hive \??\C:\Users\mahendra\AppData\Local\Packages\MicrosoftTeams_8wekyb3d8bbwe\SystemAppData\Helium\User.dat was cleared updating 13 keys and creating 1 modified pages.
Information	11-11-2021 14:39:46	Microsoft-Windows-Kernel-Power	105	(100)	Power source change.
Information	11-11-2021 14:39:45	Microsoft-Windows-Kernel-Power	130	(33)	Firmware S3 times. SuspendStart: 18424599, SuspendEnd: 18424600
Information	11-11-2021 14:39:45	Microsoft-Windows-Kernel-Power	131	(33)	Firmware S3 times. ResumeCount: 3, FullResume: 1039, AverageResume: 1034
Information	11-11-2021 14:39:45	Microsoft-Windows-Kernel-General	1	(5)	"The system time has changed to ‎2021‎-‎11‎-‎11T09:09:45.500000000Z from ‎2021‎-‎11‎-‎09T13:01:59.713006300Z.

Change Reason: System time synchronized with the hardware clock.
Process: '' (PID 4).

RTC time: ‎2021‎-‎11‎-‎11T14:39:45.500000000Z
Current time zone bias: -330
RTC time is in UTC: false
System time was based on RTC time: false"
Information	09-11-2021 18:31:59	Microsoft-Windows-Kernel-Power	107	(102)	The system has resumed from sleep.
Information	11-11-2021 14:39:46	EventLog	6013	None	The system uptime is 189674 seconds.
Information	09-11-2021 18:31:55	Microsoft-Windows-Kernel-Power	42	(64)	"The system is entering sleep.

Sleep Reason: System Idle"
Information	09-11-2021 18:31:49	Microsoft-Windows-Kernel-Power	566	(268)	"The system session has transitioned from 19 to 21.

Reason: 9"
Information	09-11-2021 18:21:43	Microsoft-Windows-Kernel-General	15	(10)	Hive \??\Volume{637580df-304c-4bcc-9806-433c61606458}\System Volume Information\SPP\SppCbsHiveStore\{cd42efe1-f6f1-427c-b004-033192c625a4}{A04D4B5F-1119-481E-81FA-714DB51815AF} was reorganized with a starting size of 114073600 bytes and an ending size of 107786240 bytes.
Information	09-11-2021 18:21:25	Microsoft-Windows-Kernel-Power	566	(268)	"The system session has transitioned from 18 to 19.

Reason: 9"
Information	09-11-2021 18:21:13	Microsoft-Windows-Kernel-General	16	None	The access history in hive \??\Volume{637580df-304c-4bcc-9806-433c61606458}\System Volume Information\SPP\SppCbsHiveStore\{cd42efe1-f6f1-427c-b004-033192c625a4}{D4980683-89E1-425C-8C8D-DFC5716D5C94} was cleared updating 449 keys and creating 62 modified pages.
Information	09-11-2021 18:21:12	Microsoft-Windows-Kernel-General	16	None	The access history in hive \??\Volume{637580df-304c-4bcc-9806-433c61606458}\System Volume Information\SPP\SppCbsHiveStore\{cd42efe1-f6f1-427c-b004-033192c625a4}{A697A417-1096-4CA8-9789-3CAF416E69D5} was cleared updating 1 keys and creating 1 modified pages.
Information	09-11-2021 18:21:08	Microsoft-Windows-Kernel-General	16	None	The access history in hive \??\Volume{637580df-304c-4bcc-9806-433c61606458}\System Volume Information\SPP\SppCbsHiveStore\{cd42efe1-f6f1-427c-b004-033192c625a4}{26A44EC8-FC16-409E-8803-CD5BA90ED15D} was cleared updating 71 keys and creating 4 modified pages.
Information	09-11-2021 18:21:08	Microsoft-Windows-Kernel-General	16	None	The access history in hive \??\Volume{637580df-304c-4bcc-9806-433c61606458}\System Volume Information\SPP\SppCbsHiveStore\{cd42efe1-f6f1-427c-b004-033192c625a4}{3FB44435-A47B-48A5-8D84-322F637506A5} was cleared updating 55 keys and creating 7 modified pages.
Information	09-11-2021 18:21:05	Microsoft-Windows-Kernel-General	15	(10)	Hive \??\Volume{637580df-304c-4bcc-9806-433c61606458}\System Volume Information\SPP\SppCbsHiveStore\{cd42efe1-f6f1-427c-b004-033192c625a4}{4D8052FE-478E-48FE-A811-FAED29DDAE24} was reorganized with a starting size of 26808320 bytes and an ending size of 26558464 bytes.
Information	09-11-2021 18:20:32	Microsoft-Windows-Kernel-General	11	None	TxR init phase for hive \??\GLOBALROOT\Device\HarddiskVolumeShadowCopy8\WINDOWS\System32\config\DRIVERS (TM: {7e922732-4115-11ec-81eb-0068ebd8b518}, RM: {7e922731-4115-11ec-81eb-0068ebd8b518}) finished with result=0xC00000A2 (Internal code=7).
Information	09-11-2021 18:20:31	Microsoft-Windows-Kernel-General	11	None	TxR init phase for hive \??\GLOBALROOT\Device\HarddiskVolumeShadowCopy8\WINDOWS\System32\config\SYSTEM (TM: {7e92272f-4115-11ec-81eb-0068ebd8b518}, RM: {7e92272e-4115-11ec-81eb-0068ebd8b518}) finished with result=0xC00000A2 (Internal code=7).
Information	09-11-2021 18:20:31	Microsoft-Windows-Kernel-General	15	(10)	Hive \??\GLOBALROOT\Device\HarddiskVolumeShadowCopy8\WINDOWS\System32\config\SYSTEM was reorganized with a starting size of 26808320 bytes and an ending size of 26558464 bytes.
Information	09-11-2021 18:19:43	Microsoft-Windows-Kernel-General	11	None	TxR init phase for hive \??\GLOBALROOT\Device\HarddiskVolumeShadowCopy10\WINDOWS\System32\config\DRIVERS (TM: {7e92270a-4115-11ec-81eb-0068ebd8b518}, RM: {7e922709-4115-11ec-81eb-0068ebd8b518}) finished with result=0xC00000A2 (Internal code=7).
Information	09-11-2021 18:19:43	Microsoft-Windows-Kernel-General	11	None	TxR init phase for hive \??\GLOBALROOT\Device\HarddiskVolumeShadowCopy10\WINDOWS\System32\config\SYSTEM (TM: {7e922707-4115-11ec-81eb-0068ebd8b518}, RM: {7e922706-4115-11ec-81eb-0068ebd8b518}) finished with result=0xC00000A2 (Internal code=7).
Information	09-11-2021 18:18:08	Service Control Manager	7040	None	The start type of the Windows Modules Installer service was changed from auto start to demand start.
Information	09-11-2021 18:18:04	Service Control Manager	7040	None	The start type of the Windows Modules Installer service was changed from demand start to auto start.
Information	09-11-2021 18:17:46	Service Control Manager	7040	None	The start type of the Windows Modules Installer service was changed from auto start to demand start.
Information	09-11-2021 18:17:36	Service Control Manager	7040	None	The start type of the Windows Modules Installer service was changed from demand start to auto start.
Information	09-11-2021 18:17:36	Service Control Manager	7040	None	The start type of the Windows Modules Installer service was changed from auto start to demand start.
Information	09-11-2021 18:15:27	Service Control Manager	7040	None	The start type of the Windows Modules Installer service was changed from demand start to auto start.
Information	09-11-2021 16:56:22	Service Control Manager	7040	None	The start type of the Windows Modules Installer service was changed from auto start to demand start.
Information	09-11-2021 16:55:28	Service Control Manager	7040	None	The start type of the Background Intelligent Transfer Service service was changed from auto start to demand start.
Information	09-11-2021 16:53:24	Service Control Manager	7040	None	The start type of the Background Intelligent Transfer Service service was changed from demand start to auto start.
Error	09-11-2021 16:52:23	Microsoft-Windows-WindowsUpdateClient	20	Windows Update Agent	Installation Failure: Windows failed to install the following update with error 0x80073D02: 9NMPJ99VJBWV-Microsoft.YourPhone.
Information	09-11-2021 16:51:57	Service Control Manager	7040	None	The start type of the Windows Modules Installer service was changed from demand start to auto start.
Information	09-11-2021 16:51:54	Service Control Manager	7040	None	The start type of the Windows Modules Installer service was changed from auto start to demand start.
Information	09-11-2021 16:51:07	Service Control Manager	7040	None	The start type of the Windows Modules Installer service was changed from demand start to auto start.
Information	09-11-2021 16:51:04	Service Control Manager	7040	None	The start type of the Windows Modules Installer service was changed from auto start to demand start.
Information	09-11-2021 16:50:52	Service Control Manager	7040	None	The start type of the Windows Modules Installer service was changed from demand start to auto start.
Information	09-11-2021 16:50:51	Service Control Manager	7045	None	"A service was installed in the system.

Service Name:  MpKsleb7259ec
Service File Name:  C:\ProgramData\Microsoft\Windows Defender\Definition Updates\{0B5A99DF-2AF0-40ED-845E-276B7CD7B155}\MpKslDrv.sys
Service Type:  kernel mode driver
Service Start Type:  demand start
Service Account:  "
Information	09-11-2021 16:50:47	Service Control Manager	7040	None	The start type of the Windows Modules Installer service was changed from auto start to demand start.
Information	09-11-2021 16:50:14	Microsoft-Windows-WindowsUpdateClient	43	Windows Update Agent	Installation Started: Windows has started installing the following update: 9NMPJ99VJBWV-Microsoft.YourPhone
Information	09-11-2021 16:50:12	Service Control Manager	7040	None	The start type of the Windows Modules Installer service was changed from demand start to auto start.
Information	09-11-2021 15:51:09	Microsoft-Windows-Kernel-Power	105	(100)	Power source change.
Information	09-11-2021 15:49:11	Microsoft-Windows-Power-Troubleshooter	1	None	"The system has returned from a low power state.

Sleep Time: ‎2021‎-‎11‎-‎09T09:19:09.373195000Z
Wake Time: ‎2021‎-‎11‎-‎09T10:19:06.880193700Z

Wake Source: Power Button"
Error	09-11-2021 15:49:12	Server	2505	None	The server could not bind to the transport \Device\NetBT_Tcpip_{9F961AE3-9423-4C8B-AB48-B1886999008B} because another computer on the network has the same name.  The server could not start.
Error	09-11-2021 15:49:09	Server	2505	None	The server could not bind to the transport \Device\NetBT_Tcpip_{59426481-F96A-490F-9157-08A6F626BD36} because another computer on the network has the same name.  The server could not start.
Information	09-11-2021 15:49:06	Microsoft-Windows-Kernel-Power	566	(268)	"The system session has transitioned from 16 to 18.

Reason: 9"
Information	09-11-2021 15:49:06	Microsoft-Windows-Kernel-Power	566	(268)	"The system session has transitioned from 15 to 16.

Reason: 9"
Information	09-11-2021 15:49:04	Microsoft-Windows-Kernel-Power	130	(33)	Firmware S3 times. SuspendStart: 8656674, SuspendEnd: 8656675
Information	09-11-2021 15:49:04	Microsoft-Windows-Kernel-Power	131	(33)	Firmware S3 times. ResumeCount: 2, FullResume: 1029, AverageResume: 1031
Information	09-11-2021 15:49:04	Microsoft-Windows-Kernel-General	1	(5)	"The system time has changed to ‎2021‎-‎11‎-‎09T10:19:04.500000000Z from ‎2021‎-‎11‎-‎09T09:19:24.952993400Z.

Change Reason: System time synchronized with the hardware clock.
Process: '' (PID 4).

RTC time: ‎2021‎-‎11‎-‎09T15:49:04.500000000Z
Current time zone bias: -330
RTC time is in UTC: false
System time was based on RTC time: false"
Information	09-11-2021 14:49:24	Microsoft-Windows-Kernel-Power	107	(102)	The system has resumed from sleep.
Information	09-11-2021 14:49:20	Microsoft-Windows-Kernel-Power	42	(64)	"The system is entering sleep.

Sleep Reason: System Idle"
Information	09-11-2021 14:49:13	Microsoft-Windows-Kernel-Power	566	(268)	"The system session has transitioned from 13 to 15.

Reason: 9"
Information	09-11-2021 14:48:55	Microsoft-Windows-Kernel-Power	566	(268)	"The system session has transitioned from 12 to 13.

Reason: 9"
Information	09-11-2021 14:45:31	Service Control Manager	7040	None	The start type of the Background Intelligent Transfer Service service was changed from auto start to demand start.
Information	09-11-2021 14:43:17	Microsoft-Windows-WindowsUpdateClient	19	Windows Update Agent	Installation Successful: Windows successfully installed the following update: 9P7QFQMJRFP7-PythonSoftwareFoundation.Python.3.9
Information	09-11-2021 14:43:09	Microsoft-Windows-Kernel-General	16	None	The access history in hive \??\C:\Users\mahendra\AppData\Local\Packages\PythonSoftwareFoundation.Python.3.9_qbz5n2kfra8p0\Settings\settings.dat was cleared updating 2 keys and creating 1 modified pages.
Information	09-11-2021 14:42:58	Service Control Manager	7040	None	The start type of the Background Intelligent Transfer Service service was changed from demand start to auto start.
Warning	09-11-2021 14:41:40	Microsoft-Windows-DistributedCOM	10016	None	"The application-specific permission settings do not grant Local Activation permission for the COM Server application with CLSID 
{2593F8B9-4EAF-457C-B68A-50F6B8EA6B54}
 and APPID 
{15C20B67-12E7-4BB6-92BB-7AFF07997402}
 to the user LAPTOP-7EVMU4TQ\mahendra SID (S-1-5-21-38077573-387163758-1783380300-1002) from address LocalHost (Using LRPC) running in the application container Unavailable SID (Unavailable). This security permission can be modified using the Component Services administrative tool."
Information	09-11-2021 14:40:34	Microsoft-Windows-Power-Troubleshooter	1	None	"The system has returned from a low power state.

Sleep Time: ‎2021‎-‎11‎-‎09T06:43:23.975375100Z
Wake Time: ‎2021‎-‎11‎-‎09T09:10:27.432922700Z

Wake Source: Power Button"
Error	09-11-2021 14:40:31	Server	2505	None	The server could not bind to the transport \Device\NetBT_Tcpip_{9F961AE3-9423-4C8B-AB48-B1886999008B} because another computer on the network has the same name.  The server could not start.
Information	09-11-2021 14:40:27	Microsoft-Windows-Kernel-Power	566	(268)	"The system session has transitioned from 10 to 12.

Reason: 9"
Error	09-11-2021 14:40:28	Server	2505	None	The server could not bind to the transport \Device\NetBT_Tcpip_{59426481-F96A-490F-9157-08A6F626BD36} because another computer on the network has the same name.  The server could not start.
Information	09-11-2021 14:40:26	Microsoft-Windows-Kernel-Power	566	(268)	"The system session has transitioned from 9 to 10.

Reason: 9"
Information	09-11-2021 14:40:23	Microsoft-Windows-Kernel-Power	130	(33)	Firmware S3 times. SuspendStart: 8115673, SuspendEnd: 8115675
Information	09-11-2021 14:40:23	Microsoft-Windows-Kernel-Power	131	(33)	Firmware S3 times. ResumeCount: 1, FullResume: 1033, AverageResume: 1033
Information	09-11-2021 14:40:23	Microsoft-Windows-Kernel-General	1	(5)	"The system time has changed to ‎2021‎-‎11‎-‎09T09:10:23.500000000Z from ‎2021‎-‎11‎-‎09T06:43:38.110439800Z.

Change Reason: System time synchronized with the hardware clock.
Process: '' (PID 4).

RTC time: ‎2021‎-‎11‎-‎09T14:40:23.500000000Z
Current time zone bias: -330
RTC time is in UTC: false
System time was based on RTC time: false"
Information	09-11-2021 12:13:38	Microsoft-Windows-Kernel-Power	107	(102)	The system has resumed from sleep.
Information	09-11-2021 12:13:33	Microsoft-Windows-Kernel-Power	42	(64)	"The system is entering sleep.

Sleep Reason: System Idle"
Information	09-11-2021 12:13:25	Microsoft-Windows-Kernel-Power	566	(268)	"The system session has transitioned from 7 to 9.

Reason: 9"
Information	09-11-2021 12:13:17	Microsoft-Windows-Kernel-Power	566	(268)	"The system session has transitioned from 6 to 7.

Reason: 9"
Information	09-11-2021 12:13:11	Microsoft-Windows-Kernel-Power	566	(268)	"The system session has transitioned from 4 to 6.

Reason: 9"
Information	09-11-2021 12:13:11	Microsoft-Windows-Kernel-Power	105	(100)	Power source change.
Information	09-11-2021 12:12:46	Microsoft-Windows-Kernel-Power	566	(268)	"The system session has transitioned from 3 to 4.

Reason: 9"
Information	09-11-2021 12:12:27	Microsoft-Windows-WindowsUpdateClient	43	Windows Update Agent	Installation Started: Windows has started installing the following update: 9P7QFQMJRFP7-PythonSoftwareFoundation.Python.3.9
Information	09-11-2021 12:11:03	Microsoft-Windows-WindowsUpdateClient	19	Windows Update Agent	Installation Successful: Windows successfully installed the following update: 9PHNB71MKR4J-king.com.BubbleWitch3Saga
Information	09-11-2021 12:10:55	Microsoft-Windows-Kernel-General	16	None	The access history in hive \??\C:\Users\mahendra\AppData\Local\Packages\king.com.BubbleWitch3Saga_kgqvnymyfvs32\Settings\settings.dat was cleared updating 1 keys and creating 1 modified pages.
Information	09-11-2021 12:10:54	Microsoft-Windows-WindowsUpdateClient	43	Windows Update Agent	Installation Started: Windows has started installing the following update: 9PHNB71MKR4J-king.com.BubbleWitch3Saga
Information	09-11-2021 12:10:49	Microsoft-Windows-Kernel-General	16	None	The access history in hive \??\C:\ProgramData\Microsoft\Windows\AppRepository\Packages\king.com.BubbleWitch3Saga_7.11.20.0_x86__kgqvnymyfvs32\ActivationStore.dat was cleared updating 0 keys and creating 0 modified pages.
Error	09-11-2021 12:09:26	Microsoft-Windows-WindowsUpdateClient	20	Windows Update Agent	Installation Failure: Windows failed to install the following update with error 0x80073D02: 9NMPJ99VJBWV-Microsoft.YourPhone.
Information	09-11-2021 12:09:24	Microsoft-Windows-WindowsUpdateClient	43	Windows Update Agent	Installation Started: Windows has started installing the following update: 9NMPJ99VJBWV-Microsoft.YourPhone
Information	09-11-2021 12:09:19	Microsoft-Windows-Kernel-General	16	None	The access history in hive \??\C:\ProgramData\Microsoft\Windows\AppRepository\Packages\Microsoft.YourPhone_1.21092.149.0_x64__8wekyb3d8bbwe\ActivationStore.dat was cleared updating 0 keys and creating 0 modified pages.
Information	09-11-2021 12:08:06	Microsoft-Windows-WindowsUpdateClient	44	Windows Update Agent	Windows Update started downloading an update.
Information	09-11-2021 12:08:00	Microsoft-Windows-WindowsUpdateClient	19	Windows Update Agent	Installation Successful: Windows successfully installed the following update: 9PKDZBMV1H3T-Microsoft.GetHelp
Information	09-11-2021 12:07:50	Microsoft-Windows-Kernel-General	16	None	The access history in hive \??\C:\Users\mahendra\AppData\Local\Packages\Microsoft.GetHelp_8wekyb3d8bbwe\Settings\settings.dat was cleared updating 2 keys and creating 1 modified pages.
Information	09-11-2021 12:07:45	Microsoft-Windows-WindowsUpdateClient	43	Windows Update Agent	Installation Started: Windows has started installing the following update: 9PKDZBMV1H3T-Microsoft.GetHelp
Information	09-11-2021 12:07:35	Microsoft-Windows-Kernel-General	16	None	The access history in hive \??\C:\ProgramData\Microsoft\Windows\AppRepository\Packages\Microsoft.GetHelp_10.2109.42921.0_x64__8wekyb3d8bbwe\ActivationStore.dat was cleared updating 0 keys and creating 0 modified pages.
Information	09-11-2021 12:06:52	Microsoft-Windows-WindowsUpdateClient	44	Windows Update Agent	Windows Update started downloading an update.
Information	09-11-2021 12:06:52	Microsoft-Windows-WindowsUpdateClient	44	Windows Update Agent	Windows Update started downloading an update.
Information	09-11-2021 12:06:52	Microsoft-Windows-WindowsUpdateClient	44	Windows Update Agent	Windows Update started downloading an update.
Warning	09-11-2021 12:04:57	Microsoft-Windows-DNS-Client	1014	(1014)	Name resolution for the name easylist-downloads.adblockplus.org timed out after none of the configured DNS servers responded. Client PID 3200.
Error	09-11-2021 12:04:54	Server	2505	None	The server could not bind to the transport \Device\NetBT_Tcpip_{9F961AE3-9423-4C8B-AB48-B1886999008B} because another computer on the network has the same name.  The server could not start.
Information	09-11-2021 12:02:51	Service Control Manager	7040	None	The start type of the Windows Modules Installer service was changed from auto start to demand start.
Information	09-11-2021 12:01:53	Service Control Manager	7040	None	The start type of the Windows Modules Installer service was changed from demand start to auto start.
Information	09-11-2021 12:01:53	Service Control Manager	7040	None	The start type of the Windows Modules Installer service was changed from auto start to demand start.
Information	09-11-2021 12:01:51	Service Control Manager	7040	None	The start type of the Windows Modules Installer service was changed from demand start to auto start.
Information	09-11-2021 12:00:00	EventLog	6013	None	The system uptime is 7288 seconds.
Information	09-11-2021 11:58:45	Microsoft-Windows-Time-Service	158	None	The time provider 'VMICTimeProvider' has indicated that the current hardware and operating environment is not supported and has stopped. This behavior is expected for VMICTimeProvider on non-HyperV-guest environments. This may be the expected behavior for the current provider in the current operating environment as well.
Information	09-11-2021 11:41:41	Microsoft-Windows-Time-Service	158	None	The time provider 'VMICTimeProvider' has indicated that the current hardware and operating environment is not supported and has stopped. This behavior is expected for VMICTimeProvider on non-HyperV-guest environments. This may be the expected behavior for the current provider in the current operating environment as well.
Information	09-11-2021 11:24:37	Microsoft-Windows-Time-Service	158	None	The time provider 'VMICTimeProvider' has indicated that the current hardware and operating environment is not supported and has stopped. This behavior is expected for VMICTimeProvider on non-HyperV-guest environments. This may be the expected behavior for the current provider in the current operating environment as well.
Information	09-11-2021 11:07:33	Microsoft-Windows-Time-Service	158	None	The time provider 'VMICTimeProvider' has indicated that the current hardware and operating environment is not supported and has stopped. This behavior is expected for VMICTimeProvider on non-HyperV-guest environments. This may be the expected behavior for the current provider in the current operating environment as well.
Information	09-11-2021 10:59:58	Microsoft-Windows-Ntfs	98	None	Volume Windows (\Device\HarddiskVolumeShadowCopy10) is healthy.  No action is needed.
Information	09-11-2021 10:58:54	Service Control Manager	7040	None	The start type of the Windows Modules Installer service was changed from auto start to demand start.
Information	09-11-2021 10:58:32	Microsoft-Windows-Kernel-Power	566	(268)	"The system session has transitioned from 1 to 3.

Reason: 9"
Information	09-11-2021 10:57:53	Microsoft-Windows-WindowsUpdateClient	44	Windows Update Agent	Windows Update started downloading an update.
Information	09-11-2021 10:57:23	Microsoft-Windows-WindowsUpdateClient	44	Windows Update Agent	Windows Update started downloading an update.
Information	09-11-2021 10:57:23	Microsoft-Windows-WindowsUpdateClient	44	Windows Update Agent	Windows Update started downloading an update.
Information	09-11-2021 10:56:10	Microsoft-Windows-Kernel-Power	566	(268)	"The system session has transitioned from 0 to 1.

Reason: 9"
Information	09-11-2021 10:56:05	Microsoft-Windows-WindowsUpdateClient	44	Windows Update Agent	Windows Update started downloading an update.
Information	09-11-2021 10:55:05	Microsoft-Windows-WindowsUpdateClient	44	Windows Update Agent	Windows Update started downloading an update.
Information	09-11-2021 10:54:54	Microsoft-Windows-WindowsUpdateClient	44	Windows Update Agent	Windows Update started downloading an update.
Information	09-11-2021 10:53:18	Microsoft-Windows-WindowsUpdateClient	44	Windows Update Agent	Windows Update started downloading an update.
Information	09-11-2021 10:50:48	Service Control Manager	7040	None	The start type of the Windows Modules Installer service was changed from demand start to auto start.
Information	09-11-2021 10:50:24	Service Control Manager	7040	None	The start type of the Windows Modules Installer service was changed from auto start to demand start.
Information	09-11-2021 10:50:14	Service Control Manager	7040	None	The start type of the Windows Modules Installer service was changed from demand start to auto start.
Information	09-11-2021 10:50:13	Microsoft-Windows-Time-Service	37	None	The time provider NtpClient is currently receiving valid time data from time.windows.com,0x9 (ntp.m|0x9|0.0.0.0:123->40.81.94.65:123).
Information	09-11-2021 10:50:13	Microsoft-Windows-Time-Service	158	None	The time provider 'VMICTimeProvider' has indicated that the current hardware and operating environment is not supported and has stopped. This behavior is expected for VMICTimeProvider on non-HyperV-guest environments. This may be the expected behavior for the current provider in the current operating environment as well.
Error	09-11-2021 10:17:20	Service Control Manager	7009	None	A timeout was reached (30000 milliseconds) while waiting for the Intel(R) SUR QC Software Asset Manager service to connect.
Information	09-11-2021 10:15:17	Service Control Manager	7045	None	"A service was installed in the system.

Service Name:  Intel(R) Driver & Support Assistant Updater
Service File Name:  ""C:\Program Files (x86)\Intel\Driver and Support Assistant\DSAUpdateService.exe""
Service Type:  user mode service
Service Start Type:  demand start
Service Account:  LocalSystem"
Information	09-11-2021 10:15:17	Service Control Manager	7045	None	"A service was installed in the system.

Service Name:  Intel(R) Driver & Support Assistant
Service File Name:  ""C:\Program Files (x86)\Intel\Driver and Support Assistant\DSAService.exe""
Service Type:  user mode service
Service Start Type:  auto start
Service Account:  LocalSystem"
Information	09-11-2021 10:14:54	Microsoft-Windows-Ntfs	98	None	Volume Windows (\Device\HarddiskVolumeShadowCopy9) is healthy.  No action is needed.
Information	09-11-2021 10:13:10	Service Control Manager	7040	None	The start type of the Background Intelligent Transfer Service service was changed from auto start to demand start.
Information	09-11-2021 10:11:50	Microsoft-Windows-WindowsUpdateClient	19	Windows Update Agent	Installation Successful: Windows successfully installed the following update: Security Intelligence Update for Microsoft Defender Antivirus - KB2267602 (Version 1.353.675.0)
Information	09-11-2021 10:11:48	Microsoft-Windows-WindowsUpdateClient	19	Windows Update Agent	Installation Successful: Windows successfully installed the following update: Security Intelligence Update for Microsoft Defender Antivirus - KB2267602 (Version 1.353.675.0)
Information	09-11-2021 10:10:32	Microsoft-Windows-WindowsUpdateClient	43	Windows Update Agent	Installation Started: Windows has started installing the following update: Security Intelligence Update for Microsoft Defender Antivirus - KB2267602 (Version 1.353.675.0)
Information	09-11-2021 10:10:32	Microsoft-Windows-WindowsUpdateClient	44	Windows Update Agent	Windows Update started downloading an update.
Error	09-11-2021 10:10:31	Service Control Manager	7009	None	A timeout was reached (30000 milliseconds) while waiting for the Intel(R) SUR QC Software Asset Manager service to connect.
Information	09-11-2021 10:10:02	Microsoft-Windows-Kernel-General	16	None	The access history in hive \??\C:\Users\Ramesh Lal\AppData\Local\Microsoft\Windows\UsrClass.dat was cleared updating 14267 keys and creating 1313 modified pages.
Information	09-11-2021 10:10:02	Microsoft-Windows-Kernel-General	16	None	The access history in hive \??\C:\Users\Ramesh Lal\ntuser.dat was cleared updating 1859 keys and creating 323 modified pages.
Information	09-11-2021 10:07:24	Service Control Manager	7040	None	The start type of the Background Intelligent Transfer Service service was changed from demand start to auto start.
Information	09-11-2021 10:07:20	Service Control Manager	7040	None	The start type of the Background Intelligent Transfer Service service was changed from auto start to demand start.
Information	09-11-2021 10:05:40	Microsoft-Windows-Kernel-General	16	None	The access history in hive \??\C:\WINDOWS\ServiceProfiles\NetworkService\AppData\Local\Microsoft\Windows\DeliveryOptimization\State\dosvcState.dat was cleared updating 34 keys and creating 9 modified pages.
Error	09-11-2021 10:05:01	Service Control Manager	7000	None	"The Storage Service service failed to start due to the following error: 
The service did not respond to the start or control request in a timely fashion."
Error	09-11-2021 10:05:01	Service Control Manager	7009	None	A timeout was reached (30000 milliseconds) while waiting for the Storage Service service to connect.
Information	09-11-2021 10:04:26	Service Control Manager	7040	None	The start type of the Background Intelligent Transfer Service service was changed from demand start to auto start.
Error	09-11-2021 10:04:16	Service Control Manager	7022	None	The Delivery Optimization service hung on starting.
Warning	09-11-2021 10:03:21	Microsoft-Windows-DistributedCOM	10016	None	"The application-specific permission settings do not grant Local Activation permission for the COM Server application with CLSID 
{2593F8B9-4EAF-457C-B68A-50F6B8EA6B54}
 and APPID 
{15C20B67-12E7-4BB6-92BB-7AFF07997402}
 to the user LAPTOP-7EVMU4TQ\mahendra SID (S-1-5-21-38077573-387163758-1783380300-1002) from address LocalHost (Using LRPC) running in the application container Unavailable SID (Unavailable). This security permission can be modified using the Component Services administrative tool."
Information	09-11-2021 10:00:49	Microsoft-Windows-TPM-WMI	1025	None	The TPM was successfully provisioned and is now ready for use.
Error	09-11-2021 10:00:44	Service Control Manager	7009	None	A timeout was reached (30000 milliseconds) while waiting for the Intel(R) SUR QC Software Asset Manager service to connect.
Information	09-11-2021 10:00:35	Microsoft-Windows-Winlogon	7001	(1101)	User Logon Notification for Customer Experience Improvement Program
Information	09-11-2021 10:00:31	Microsoft-Windows-TPM-WMI	1282	None	The TBS device identifier has been generated.
Information	09-11-2021 10:00:08	TPM	18	None	This event triggers the Trusted Platform Module (TPM) provisioning/status check to run.
Information	09-11-2021 10:00:08	Service Control Manager	7026	None	"The following boot-start or system-start driver(s) did not load: 
dam
WinSetupMon"
Information	09-11-2021 10:00:08	Microsoft-Windows-Kernel-General	16	None	The access history in hive \??\C:\WINDOWS\AppCompat\Programs\Amcache.hve was cleared updating 2875 keys and creating 1159 modified pages.
Warning	09-11-2021 10:00:05	Microsoft-Windows-Kernel-Processor-Power	37	(7)	The speed of processor 7 in group 0 is being limited by system firmware. The processor has been in this reduced performance state for 71 seconds since the last report.
Information	09-11-2021 09:59:45	Microsoft-Windows-UserModePowerService	12	(10)	Process C:\Windows\System32\DriverStore\FileRepository\dptf_cpu.inf_amd64_21306a77b30fd6e0\esif_uf.exe (process ID:5324) reset policy scheme from {48684d4a-8524-4093-8a63-ea7132b79c1c} to {48684d4a-8524-4093-8a63-ea7132b79c1c}
Information	09-11-2021 09:59:45	Microsoft-Windows-UserModePowerService	12	(10)	Process C:\Windows\System32\DriverStore\FileRepository\dptf_cpu.inf_amd64_21306a77b30fd6e0\esif_uf.exe (process ID:5324) reset policy scheme from {48684d4a-8524-4093-8a63-ea7132b79c1c} to {48684d4a-8524-4093-8a63-ea7132b79c1c}
Information	09-11-2021 09:59:42	Microsoft-Windows-WLAN-AutoConfig	4000	None	"WLAN AutoConfig service has successfully started.
"
Information	09-11-2021 09:59:38	Service Control Manager	7040	None	The start type of the TabletInputService service was changed from auto start to demand start.
Information	09-11-2021 09:59:28	Microsoft-Windows-UserModePowerService	12	(10)	Process C:\Windows\System32\svchost.exe (process ID:1844) reset policy scheme from {48684d4a-8524-4093-8a63-ea7132b79c1c} to {48684d4a-8524-4093-8a63-ea7132b79c1c}
Information	09-11-2021 09:59:28	Microsoft-Windows-UserModePowerService	12	(10)	Process C:\Windows\System32\svchost.exe (process ID:1844) reset policy scheme from {48684d4a-8524-4093-8a63-ea7132b79c1c} to {48684d4a-8524-4093-8a63-ea7132b79c1c}
Information	09-11-2021 09:59:27	Microsoft-Windows-DHCPv6-Client	51046	Service State Event	DHCPv6 client service is started
Information	09-11-2021 09:59:27	Microsoft-Windows-Dhcp-Client	50036	Service State Event	DHCPv4 client service is started
Information	09-11-2021 09:59:27	Microsoft-Windows-Dhcp-Client	50103	Service State Event	DHCPv4 client registered for shutdown notification
Information	09-11-2021 09:59:27	Microsoft-Windows-Dhcp-Client	50036	Service State Event	DHCPv4 client service is started
Information	09-11-2021 09:59:27	Microsoft-Windows-FilterManager	6	None	File System Filter 'bindflt' (10.0, ‎1970‎-‎08‎-‎19T06:40:34.000000000Z) has successfully loaded and registered with Filter Manager.
Information	09-11-2021 09:59:27	Microsoft-Windows-FilterManager	6	None	File System Filter 'storqosflt' (10.0, ‎1990‎-‎03‎-‎04T19:48:49.000000000Z) has successfully loaded and registered with Filter Manager.
Information	09-11-2021 09:59:27	Microsoft-Windows-Kernel-General	16	None	The access history in hive \SystemRoot\System32\Config\bbimigrate\BBI was cleared updating 1 keys and creating 1 modified pages.
Information	09-11-2021 09:59:26	Microsoft-Windows-FilterManager	6	None	File System Filter 'CldFlt' (10.0, ‎1986‎-‎05‎-‎22T18:16:22.000000000Z) has successfully loaded and registered with Filter Manager.
Information	09-11-2021 09:59:26	Microsoft-Windows-FilterManager	1	None	File System Filter 'CldFlt' (Version 10.0, ‎1986‎-‎05‎-‎22T18:16:22.000000000Z) unloaded successfully.
Information	09-11-2021 09:59:26	Microsoft-Windows-FilterManager	6	None	File System Filter 'CldFlt' (10.0, ‎1986‎-‎05‎-‎22T18:16:22.000000000Z) has successfully loaded and registered with Filter Manager.
Information	09-11-2021 09:59:26	Microsoft-Windows-FilterManager	6	None	File System Filter 'luafv' (10.0, ‎2058‎-‎03‎-‎26T06:07:33.000000000Z) has successfully loaded and registered with Filter Manager.
Information	09-11-2021 09:59:26	Microsoft-Windows-FilterManager	6	None	File System Filter 'wcifs' (10.0, ‎1991‎-‎06‎-‎21T12:00:29.000000000Z) has successfully loaded and registered with Filter Manager.
Information	09-11-2021 09:59:26	Microsoft-Windows-Kernel-General	16	None	The access history in hive \SystemRoot\System32\Config\BBI was cleared updating 949 keys and creating 217 modified pages.
Information	09-11-2021 09:59:25	Microsoft-Windows-Kernel-General	16	None	The access history in hive \??\C:\WINDOWS\ServiceProfiles\NetworkService\NTUSER.DAT was cleared updating 203 keys and creating 20 modified pages.
Information	09-11-2021 09:59:25	Microsoft-Windows-Kernel-General	16	None	The access history in hive \??\C:\WINDOWS\ServiceProfiles\LocalService\NTUSER.DAT was cleared updating 164 keys and creating 19 modified pages.
Information	09-11-2021 09:59:25	Microsoft-Windows-Directory-Services-SAM	16983	None	"The security account manager is now logging periodic summary events for remote clients that call legacy password change or set RPC methods.

For more information please see https://go.microsoft.com/fwlink/?linkid=2150956.
"
Information	09-11-2021 09:59:25	Microsoft-Windows-Directory-Services-SAM	16977	None	"The domain is configured with the following minimum password length-related settings.

MinimumPasswordLength: 0

RelaxMinimumPasswordLengthLimits: 0

MinimumPasswordLengthAudit: -1

For more information see https://go.microsoft.com/fwlink/?LinkId=2097191.
"
Information	09-11-2021 09:59:25	Microsoft-Windows-Directory-Services-SAM	16962	None	"Remote calls to the SAM database are being restricted using the default security descriptor: O:SYG:SYD:(A;;RC;;;BA).
For more information please see http://go.microsoft.com/fwlink/?LinkId=787651."
Information	09-11-2021 09:59:25	Microsoft-Windows-Wininit	14	None	Credential Guard configuration: 0x0, 0
Information	09-11-2021 09:59:22	Microsoft-Windows-Kernel-General	16	None	The access history in hive \SystemRoot\System32\Config\SAM was cleared updating 55 keys and creating 7 modified pages.
Information	09-11-2021 09:59:22	Microsoft-Windows-Kernel-General	24	(11)	The time zone information was refreshed with exit reason 0. Current time zone bias is -330.
Information	09-11-2021 09:59:19	Microsoft-Windows-Ntfs	98	None	Volume \\?\Volume{c386ec05-0800-406a-b64e-447dfac340c8} (\Device\HarddiskVolume4) is healthy.  No action is needed.
Information	09-11-2021 09:59:18	Microsoft-Windows-Ntfs	98	None	Volume E: (\Device\HarddiskVolume5) is healthy.  No action is needed.
Information	09-11-2021 09:59:16	Microsoft-Windows-Ntfs	98	None	Volume \\?\Volume{5db82c8c-c006-49d6-8c98-08debef57484} (\Device\HarddiskVolume6) is healthy.  No action is needed.
Information	09-11-2021 09:58:56	MEIx64	2	None	Intel(R) Management Engine Interface driver has started successfully.
Information	09-11-2021 09:58:53	Microsoft-Windows-Kernel-Power	521	(220)	Active battery count change.
Information	09-11-2021 09:58:53	Microsoft-Windows-Kernel-Power	521	(220)	Active battery count change.
Error	09-11-2021 09:58:53	VBoxNetLwf	12	None	The driver detected an internal driver error on \Device\VBoxNetLwf.
Information	09-11-2021 09:58:53	Microsoft-Windows-Kernel-Processor-Power	55	(47)	"Processor 7 in group 0 exposes the following power management capabilities:

Idle state type: ACPI Idle (C) States (3 state(s))

Performance state type: ACPI Collaborative Processor Performance Control
Nominal Frequency (MHz): 2112
Maximum performance percentage: 200
Minimum performance percentage: 38
Minimum throttle percentage: 4"
Information	09-11-2021 09:58:53	Microsoft-Windows-Kernel-Processor-Power	55	(47)	"Processor 5 in group 0 exposes the following power management capabilities:

Idle state type: ACPI Idle (C) States (3 state(s))

Performance state type: ACPI Collaborative Processor Performance Control
Nominal Frequency (MHz): 2112
Maximum performance percentage: 200
Minimum performance percentage: 38
Minimum throttle percentage: 4"
Information	09-11-2021 09:58:53	Microsoft-Windows-Kernel-Processor-Power	55	(47)	"Processor 3 in group 0 exposes the following power management capabilities:

Idle state type: ACPI Idle (C) States (3 state(s))

Performance state type: ACPI Collaborative Processor Performance Control
Nominal Frequency (MHz): 2112
Maximum performance percentage: 200
Minimum performance percentage: 38
Minimum throttle percentage: 4"
Information	09-11-2021 09:58:53	Microsoft-Windows-Kernel-Processor-Power	55	(47)	"Processor 1 in group 0 exposes the following power management capabilities:

Idle state type: ACPI Idle (C) States (3 state(s))

Performance state type: ACPI Collaborative Processor Performance Control
Nominal Frequency (MHz): 2112
Maximum performance percentage: 200
Minimum performance percentage: 38
Minimum throttle percentage: 4"
Information	09-11-2021 09:58:53	Microsoft-Windows-Kernel-Processor-Power	55	(47)	"Processor 6 in group 0 exposes the following power management capabilities:

Idle state type: ACPI Idle (C) States (3 state(s))

Performance state type: ACPI Collaborative Processor Performance Control
Nominal Frequency (MHz): 2112
Maximum performance percentage: 200
Minimum performance percentage: 38
Minimum throttle percentage: 4"
Information	09-11-2021 09:58:53	Microsoft-Windows-Kernel-Processor-Power	55	(47)	"Processor 4 in group 0 exposes the following power management capabilities:

Idle state type: ACPI Idle (C) States (3 state(s))

Performance state type: ACPI Collaborative Processor Performance Control
Nominal Frequency (MHz): 2112
Maximum performance percentage: 200
Minimum performance percentage: 38
Minimum throttle percentage: 4"
Information	09-11-2021 09:58:53	Microsoft-Windows-Kernel-Processor-Power	55	(47)	"Processor 2 in group 0 exposes the following power management capabilities:

Idle state type: ACPI Idle (C) States (3 state(s))

Performance state type: ACPI Collaborative Processor Performance Control
Nominal Frequency (MHz): 2112
Maximum performance percentage: 200
Minimum performance percentage: 38
Minimum throttle percentage: 4"
Information	09-11-2021 09:58:53	Microsoft-Windows-Kernel-Processor-Power	55	(47)	"Processor 0 in group 0 exposes the following power management capabilities:

Idle state type: ACPI Idle (C) States (3 state(s))

Performance state type: ACPI Collaborative Processor Performance Control
Nominal Frequency (MHz): 2112
Maximum performance percentage: 200
Minimum performance percentage: 19
Minimum throttle percentage: 4"
Information	09-11-2021 09:58:53	Microsoft-Windows-Kernel-Power	172	(203)	Connectivity state in standby: Disconnected, Reason: NIC compliance
Critical	09-11-2021 09:58:53	Microsoft-Windows-Kernel-Power	41	(63)	The system has rebooted without cleanly shutting down first. This error could be caused if the system stopped responding, crashed, or lost power unexpectedly.
Warning	09-11-2021 09:58:48	Microsoft-Windows-Kernel-PnP	219	(212)	The driver \Driver\WudfRd failed to load for the device PCI\VEN_8086&DEV_1903&SUBSYS_86B4103C&REV_0C\3&11583659&2&20.
Information	09-11-2021 09:58:48	Microsoft-Windows-DriverFrameworks-UserMode	10118	Startup of the UMDF reflector	UMDF reflector is unable to connect to service control manager (SCM). This is expected during boot, when SCM has not started yet. Will retry when it starts.
Information	09-11-2021 09:58:47	Microsoft-Windows-FilterManager	6	None	File System Filter 'npsvctrig' (10.0, ‎2104‎-‎06‎-‎16T05:01:44.000000000Z) has successfully loaded and registered with Filter Manager.
Information	09-11-2021 09:58:46	Microsoft-Windows-FilterManager	6	None	File System Filter 'FileCrypt' (10.0, ‎2102‎-‎10‎-‎25T08:50:26.000000000Z) has successfully loaded and registered with Filter Manager.
Error	09-11-2021 09:58:46	volmgr	46	None	Crash dump initialization failed!
Information	09-11-2021 09:58:46	Microsoft-Windows-Ntfs	98	None	Volume C: (\Device\HarddiskVolume3) is healthy.  No action is needed.
Information	09-11-2021 09:58:33	Microsoft-Windows-FilterManager	6	None	File System Filter 'WdFilter' (10.0, ‎2043‎-‎02‎-‎28T19:25:46.000000000Z) has successfully loaded and registered with Filter Manager.
Information	09-11-2021 09:58:33	Microsoft-Windows-FilterManager	6	None	File System Filter 'Wof' (10.0, ‎2061‎-‎09‎-‎05T19:26:37.000000000Z) has successfully loaded and registered with Filter Manager.
Information	09-11-2021 09:58:33	Microsoft-Windows-FilterManager	6	None	File System Filter 'FileInfo' (10.0, ‎1970‎-‎09‎-‎04T04:26:45.000000000Z) has successfully loaded and registered with Filter Manager.
Information	09-11-2021 09:59:48	RST Middleware	27	None	Found passthru disk: SCSI Port: 0, SCSI Bus: 0, SCSI Target: 1, SATA , 0 bytes, hp       DVDRW GUE1N                   
Information	09-11-2021 09:59:48	RST Middleware	27	None	Found passthru disk: SCSI Port: 0, SCSI Bus: 0, SCSI Target: 0, SATA HDD, 1000204886016 bytes, ST1000LM035-1RK172                     
Information	09-11-2021 09:59:48	EventLog	6013	None	The system uptime is 76 seconds.
Information	09-11-2021 09:59:48	EventLog	6005	None	The Event log service was started.
Information	09-11-2021 09:59:48	EventLog	6009	None	Microsoft (R) Windows (R) 10.00. 22000  Multiprocessor Free.
