Warning	18-11-2021 17:33:51	Microsoft-Windows-Kernel-PnP	225	(223)	"The application \Device\HarddiskVolume3\Windows\explorer.exe with process id 11404 stopped the removal or ejection for the device PCI\VEN_8086&DEV_282A&SUBSYS_86B4103C&REV_00\3&11583659&2&B8.
Process command line: C:\WINDOWS\Explorer.EXE"
Warning	18-11-2021 17:33:51	Microsoft-Windows-Kernel-PnP	225	(223)	"The application \Device\HarddiskVolume3\Windows\System32\svchost.exe with process id 11104 stopped the removal or ejection for the device PCI\VEN_8086&DEV_282A&SUBSYS_86B4103C&REV_00\3&11583659&2&B8.
Process command line: C:\WINDOWS\System32\svchost.exe -k LocalSystemNetworkRestricted -p -s TabletInputService"
Warning	18-11-2021 17:33:51	Microsoft-Windows-Kernel-PnP	225	(223)	"The application \Device\HarddiskVolume3\Windows\System32\fontdrvhost.exe with process id 11052 stopped the removal or ejection for the device PCI\VEN_8086&DEV_282A&SUBSYS_86B4103C&REV_00\3&11583659&2&B8.
Process command line: ""fontdrvhost.exe"""
Warning	18-11-2021 17:33:51	Microsoft-Windows-Kernel-PnP	225	(223)	"The application \Device\HarddiskVolume3\Windows\System32\svchost.exe with process id 10820 stopped the removal or ejection for the device PCI\VEN_8086&DEV_282A&SUBSYS_86B4103C&REV_00\3&11583659&2&B8.
Process command line: C:\WINDOWS\system32\svchost.exe -k UnistackSvcGroup -s WpnUserService"
Warning	18-11-2021 17:33:51	Microsoft-Windows-Kernel-PnP	225	(223)	"The application \Device\HarddiskVolume3\Windows\System32\svchost.exe with process id 10528 stopped the removal or ejection for the device PCI\VEN_8086&DEV_282A&SUBSYS_86B4103C&REV_00\3&11583659&2&B8.
Process command line: C:\WINDOWS\system32\svchost.exe -k netsvcs -p -s TokenBroker"
Warning	18-11-2021 17:33:51	Microsoft-Windows-Kernel-PnP	225	(223)	"The application \Device\HarddiskVolume3\Windows\Microsoft.NET\Framework64\v3.0\WPF\PresentationFontCache.exe with process id 10380 stopped the removal or ejection for the device PCI\VEN_8086&DEV_282A&SUBSYS_86B4103C&REV_00\3&11583659&2&B8.
Process command line: C:\WINDOWS\Microsoft.Net\Framework64\v3.0\WPF\PresentationFontCache.exe"
Warning	18-11-2021 17:33:51	Microsoft-Windows-Kernel-PnP	225	(223)	"The application \Device\HarddiskVolume3\Users\mahendra\AppData\Local\Microsoft\Teams\current\Teams.exe with process id 10040 stopped the removal or ejection for the device PCI\VEN_8086&DEV_282A&SUBSYS_86B4103C&REV_00\3&11583659&2&B8.
Process command line: ""C:\Users\mahendra\AppData\Local\Microsoft\Teams\current\Teams.exe"" "
Warning	18-11-2021 17:33:51	Microsoft-Windows-Kernel-PnP	225	(223)	"The application \Device\HarddiskVolume3\Users\mahendra\AppData\Local\Microsoft\Teams\current\Teams.exe with process id 9896 stopped the removal or ejection for the device PCI\VEN_8086&DEV_282A&SUBSYS_86B4103C&REV_00\3&11583659&2&B8.
Process command line: ""C:\Users\mahendra\AppData\Local\Microsoft\Teams\current\Teams.exe"" --type=renderer --autoplay-policy=no-user-gesture-required --disable-background-timer-throttling --field-trial-handle=1568,3932789189872750862,10401727444766960502,131072 --enable-features=ContextBridgeMutability,WebComponentsV0Enabled,WinUseBrowserSpellChecker,WinUseHybridSpellChecker --disable-features=CookiesWithoutSameSiteMustBeSecure,SameSiteByDefaultCookies,SpareRendererForSitePerProcess --lang=en-US --enable-wer --ms-teams-less-cors=522133263 --app-user-model-id=com.squirrel.Teams.Teams --app-path=""C:\Users\mahendra\AppData\Local\Microsoft\Teams\current\resources\app.asar"" --device-scale-factor=1.25 --num-raster-threads=4 --enable-main-frame-before-activation --renderer-client-id=117 --no-v8-untrusted-code-mitigations --mojo-platform-channel-handle=2140 /prefetch:1"
Warning	18-11-2021 17:33:51	Microsoft-Windows-Kernel-PnP	225	(223)	"The application \Device\HarddiskVolume3\Windows\System32\RuntimeBroker.exe with process id 9704 stopped the removal or ejection for the device PCI\VEN_8086&DEV_282A&SUBSYS_86B4103C&REV_00\3&11583659&2&B8.
Process command line: C:\Windows\System32\RuntimeBroker.exe -Embedding"
Warning	18-11-2021 17:33:51	Microsoft-Windows-Kernel-PnP	225	(223)	"The application \Device\HarddiskVolume3\Program Files\Microsoft Office\root\Office16\SDXHelper.exe with process id 9244 stopped the removal or ejection for the device PCI\VEN_8086&DEV_282A&SUBSYS_86B4103C&REV_00\3&11583659&2&B8.
Process command line: ""C:\Program Files\Microsoft Office\Root\Office16\SDXHelper.exe"" -Embedding"
Warning	18-11-2021 17:33:51	Microsoft-Windows-Kernel-PnP	225	(223)	"The application \Device\HarddiskVolume3\Windows\System32\dllhost.exe with process id 8716 stopped the removal or ejection for the device PCI\VEN_8086&DEV_282A&SUBSYS_86B4103C&REV_00\3&11583659&2&B8.
Process command line: C:\WINDOWS\system32\DllHost.exe /Processid:{973D20D7-562D-44B9-B70B-5A0F49CCDF3F}"
Warning	18-11-2021 17:33:51	Microsoft-Windows-Kernel-PnP	225	(223)	"The application \Device\HarddiskVolume3\Program Files\NVIDIA Corporation\NvContainer\nvcontainer.exe with process id 8700 stopped the removal or ejection for the device PCI\VEN_8086&DEV_282A&SUBSYS_86B4103C&REV_00\3&11583659&2&B8.
Process command line: ""C:\Program Files\NVIDIA Corporation\NvContainer\nvcontainer.exe"" -f ""C:\ProgramData\NVIDIA\NvContainerUser%d.log"" -d ""C:\Program Files\NVIDIA Corporation\NvContainer\plugins\User"" -r -l 3 -p 30000 -st ""C:\Program Files\NVIDIA Corporation\NvContainer\NvContainerTelemetryApi.dll"" -c"
Warning	18-11-2021 17:33:51	Microsoft-Windows-Kernel-PnP	225	(223)	"The application \Device\HarddiskVolume3\Windows\System32\svchost.exe with process id 8480 stopped the removal or ejection for the device PCI\VEN_8086&DEV_282A&SUBSYS_86B4103C&REV_00\3&11583659&2&B8.
Process command line: C:\WINDOWS\System32\svchost.exe -k LocalServiceNetworkRestricted -p -s lmhosts"
Warning	18-11-2021 17:33:51	Microsoft-Windows-Kernel-PnP	225	(223)	"The application \Device\HarddiskVolume3\Windows\System32\svchost.exe with process id 8336 stopped the removal or ejection for the device PCI\VEN_8086&DEV_282A&SUBSYS_86B4103C&REV_00\3&11583659&2&B8.
Process command line: C:\WINDOWS\system32\svchost.exe -k osprivacy -p -s camsvc"
Warning	18-11-2021 17:33:51	Microsoft-Windows-Kernel-PnP	225	(223)	"The application \Device\HarddiskVolume3\Windows\System32\SearchIndexer.exe with process id 8112 stopped the removal or ejection for the device PCI\VEN_8086&DEV_282A&SUBSYS_86B4103C&REV_00\3&11583659&2&B8.
Process command line: C:\WINDOWS\system32\SearchIndexer.exe /Embedding"
Warning	18-11-2021 17:33:51	Microsoft-Windows-Kernel-PnP	225	(223)	"The application \Device\HarddiskVolume3\Windows\System32\svchost.exe with process id 7932 stopped the removal or ejection for the device PCI\VEN_8086&DEV_282A&SUBSYS_86B4103C&REV_00\3&11583659&2&B8.
Process command line: C:\WINDOWS\System32\svchost.exe -k LocalServiceNetworkRestricted -p -s wscsvc"
Warning	18-11-2021 17:33:51	Microsoft-Windows-Kernel-PnP	225	(223)	"The application \Device\HarddiskVolume3\Windows\System32\svchost.exe with process id 7824 stopped the removal or ejection for the device PCI\VEN_8086&DEV_282A&SUBSYS_86B4103C&REV_00\3&11583659&2&B8.
Process command line: C:\WINDOWS\system32\svchost.exe -k netsvcs -p -s UsoSvc"
Warning	18-11-2021 17:33:51	Microsoft-Windows-Kernel-PnP	225	(223)	"The application \Device\HarddiskVolume3\Windows\System32\dwm.exe with process id 7688 stopped the removal or ejection for the device PCI\VEN_8086&DEV_282A&SUBSYS_86B4103C&REV_00\3&11583659&2&B8.
Process command line: ""dwm.exe"""
Warning	18-11-2021 17:33:51	Microsoft-Windows-Kernel-PnP	225	(223)	"The application \Device\HarddiskVolume3\Windows\System32\SgrmBroker.exe with process id 7636 stopped the removal or ejection for the device PCI\VEN_8086&DEV_282A&SUBSYS_86B4103C&REV_00\3&11583659&2&B8.
Process command line: C:\WINDOWS\system32\SgrmBroker.exe"
Warning	18-11-2021 17:33:51	Microsoft-Windows-Kernel-PnP	225	(223)	"The application \Device\HarddiskVolume3\Windows\System32\svchost.exe with process id 7588 stopped the removal or ejection for the device PCI\VEN_8086&DEV_282A&SUBSYS_86B4103C&REV_00\3&11583659&2&B8.
Process command line: C:\WINDOWS\system32\svchost.exe -k netsvcs -p -s wlidsvc"
Warning	18-11-2021 17:33:51	Microsoft-Windows-Kernel-PnP	225	(223)	"The application \Device\HarddiskVolume3\Windows\System32\svchost.exe with process id 7348 stopped the removal or ejection for the device PCI\VEN_8086&DEV_282A&SUBSYS_86B4103C&REV_00\3&11583659&2&B8.
Process command line: C:\WINDOWS\system32\svchost.exe -k LocalSystemNetworkRestricted -p -s PcaSvc"
Warning	18-11-2021 17:33:51	Microsoft-Windows-Kernel-PnP	225	(223)	"The application \Device\HarddiskVolume3\Windows\System32\AggregatorHost.exe with process id 7100 stopped the removal or ejection for the device PCI\VEN_8086&DEV_282A&SUBSYS_86B4103C&REV_00\3&11583659&2&B8.
Process command line: AggregatorHost.exe"
Warning	18-11-2021 17:33:51	Microsoft-Windows-Kernel-PnP	225	(223)	"The application \Device\HarddiskVolume3\Program Files\Intel\SUR\QUEENCREEK\x64\esrv_svc.exe with process id 6936 stopped the removal or ejection for the device PCI\VEN_8086&DEV_282A&SUBSYS_86B4103C&REV_00\3&11583659&2&B8.
Process command line: ""C:\Program Files\Intel\SUR\QUEENCREEK\x64\esrv_svc.exe"" ""--AUTO_START"" ""--start"" ""--start_options_registry_key"" ""HKEY_LOCAL_MACHINE\SYSTEM\CurrentControlSet\services\ESRV_SVC_QUEENCREEK\_start"""
Warning	18-11-2021 17:33:51	Microsoft-Windows-Kernel-PnP	225	(223)	"The application \Device\HarddiskVolume3\Windows\System32\svchost.exe with process id 6692 stopped the removal or ejection for the device PCI\VEN_8086&DEV_282A&SUBSYS_86B4103C&REV_00\3&11583659&2&B8.
Process command line: C:\WINDOWS\system32\svchost.exe -k NetworkServiceNetworkRestricted -p -s PolicyAgent"
Warning	18-11-2021 17:33:51	Microsoft-Windows-Kernel-PnP	225	(223)	"The application \Device\HarddiskVolume3\Program Files\WindowsApps\AD2F1837.HPJumpStarts_1.10.1627.0_x64__v10z8vjag6ke6\HP.JumpStarts.exe with process id 6512 stopped the removal or ejection for the device PCI\VEN_8086&DEV_282A&SUBSYS_86B4103C&REV_00\3&11583659&2&B8.
Process command line: ""C:\Program Files\WindowsApps\AD2F1837.HPJumpStarts_1.10.1627.0_x64__v10z8vjag6ke6\HP.JumpStarts.exe"" -ServerName:App.AppXs371kr81pk5v2v7a8y07rn2ppv4jsbwp.mca"
Warning	18-11-2021 17:33:51	Microsoft-Windows-Kernel-PnP	225	(223)	"The application \Device\HarddiskVolume3\Program Files (x86)\Microsoft\Edge\Application\msedge.exe with process id 6496 stopped the removal or ejection for the device PCI\VEN_8086&DEV_282A&SUBSYS_86B4103C&REV_00\3&11583659&2&B8.
Process command line: ""C:\Program Files (x86)\Microsoft\Edge\Application\msedge.exe"" --type=crashpad-handler ""--user-data-dir=C:\Users\mahendra\AppData\Local\Microsoft\Edge\User Data"" /prefetch:7 --monitor-self-annotation=ptype=crashpad-handler ""--database=C:\Users\mahendra\AppData\Local\Microsoft\Edge\User Data\Crashpad"" ""--metrics-dir=C:\Users\mahendra\AppData\Local\Microsoft\Edge\User Data"" --annotation=IsOfficialBuild=1 --annotation=channel= --annotation=chromium-version=95.0.4638.69 ""--annotation=exe=C:\Program Files (x86)\Microsoft\Edge\Application\msedge.exe"" --annotation=plat=Win64 ""--annotation=prod=Microsoft Edge"" --annotation=ver=95.0.1020.53 --initial-client-data=0xf4,0xf8,0xfc,0xd0,0x100,0x7ff995498720,0x7ff995498730,0x7ff995498740"
Warning	18-11-2021 17:33:51	Microsoft-Windows-Kernel-PnP	225	(223)	"The application \Device\HarddiskVolume3\Windows\System32\svchost.exe with process id 6296 stopped the removal or ejection for the device PCI\VEN_8086&DEV_282A&SUBSYS_86B4103C&REV_00\3&11583659&2&B8.
Process command line: C:\WINDOWS\System32\svchost.exe -k LocalServiceNetworkRestricted -s RmSvc"
Warning	18-11-2021 17:33:51	Microsoft-Windows-Kernel-PnP	225	(223)	"The application \Device\HarddiskVolume3\Program Files\McAfee\WebAdvisor\servicehost.exe with process id 5972 stopped the removal or ejection for the device PCI\VEN_8086&DEV_282A&SUBSYS_86B4103C&REV_00\3&11583659&2&B8.
Process command line: ""C:\Program Files\McAfee\WebAdvisor\ServiceHost.exe"""
Warning	18-11-2021 17:33:51	Microsoft-Windows-Kernel-PnP	225	(223)	"The application \Device\HarddiskVolume3\Program Files\Common Files\microsoft shared\ClickToRun\OfficeClickToRun.exe with process id 5880 stopped the removal or ejection for the device PCI\VEN_8086&DEV_282A&SUBSYS_86B4103C&REV_00\3&11583659&2&B8.
Process command line: ""C:\Program Files\Common Files\Microsoft Shared\ClickToRun\OfficeClickToRun.exe"" /service"
Warning	18-11-2021 17:33:51	Microsoft-Windows-Kernel-PnP	225	(223)	"The application \Device\HarddiskVolume3\Windows\System32\svchost.exe with process id 5720 stopped the removal or ejection for the device PCI\VEN_8086&DEV_282A&SUBSYS_86B4103C&REV_00\3&11583659&2&B8.
Process command line: C:\WINDOWS\System32\svchost.exe -k netsvcs"
Warning	18-11-2021 17:33:51	Microsoft-Windows-Kernel-PnP	225	(223)	"The application \Device\HarddiskVolume3\Windows\System32\DriverStore\FileRepository\dal.inf_amd64_0b214be229a13e84\jhi_service.exe with process id 5652 stopped the removal or ejection for the device PCI\VEN_8086&DEV_282A&SUBSYS_86B4103C&REV_00\3&11583659&2&B8.
Process command line: C:\WINDOWS\System32\DriverStore\FileRepository\dal.inf_amd64_0b214be229a13e84\jhi_service.exe"
Warning	18-11-2021 17:33:51	Microsoft-Windows-Kernel-PnP	225	(223)	"The application \Device\HarddiskVolume3\Windows\System32\svchost.exe with process id 5472 stopped the removal or ejection for the device PCI\VEN_8086&DEV_282A&SUBSYS_86B4103C&REV_00\3&11583659&2&B8.
Process command line: C:\WINDOWS\system32\svchost.exe -k netsvcs -p -s LanmanServer"
Warning	18-11-2021 17:33:51	Microsoft-Windows-Kernel-PnP	225	(223)	"The application \Device\HarddiskVolume3\Windows\System32\DriverStore\FileRepository\dptf_cpu.inf_amd64_21306a77b30fd6e0\esif_uf.exe with process id 5312 stopped the removal or ejection for the device PCI\VEN_8086&DEV_282A&SUBSYS_86B4103C&REV_00\3&11583659&2&B8.
Process command line: ""C:\WINDOWS\System32\DriverStore\FileRepository\dptf_cpu.inf_amd64_21306a77b30fd6e0\esif_uf.exe"""
Warning	18-11-2021 17:33:51	Microsoft-Windows-Kernel-PnP	225	(223)	"The application \Device\HarddiskVolume3\Windows\System32\DriverStore\FileRepository\realtekservice.inf_amd64_bb0c442560f99618\RtkAudUService64.exe with process id 5232 stopped the removal or ejection for the device PCI\VEN_8086&DEV_282A&SUBSYS_86B4103C&REV_00\3&11583659&2&B8.
Process command line: ""C:\WINDOWS\System32\DriverStore\FileRepository\realtekservice.inf_amd64_bb0c442560f99618\RtkAudUService64.exe"""
Warning	18-11-2021 17:33:51	Microsoft-Windows-Kernel-PnP	225	(223)	"The application \Device\HarddiskVolume3\Windows\System32\DriverStore\FileRepository\iastorac.inf_amd64_42f9d9bfb72d84cf\RstMwService.exe with process id 5212 stopped the removal or ejection for the device PCI\VEN_8086&DEV_282A&SUBSYS_86B4103C&REV_00\3&11583659&2&B8.
Process command line: C:\WINDOWS\System32\DriverStore\FileRepository\iastorac.inf_amd64_42f9d9bfb72d84cf\RstMwService.exe"
Warning	18-11-2021 17:33:51	Microsoft-Windows-Kernel-PnP	225	(223)	"The application \Device\HarddiskVolume3\Windows\System32\DriverStore\FileRepository\igcc_dch.inf_amd64_577b4722c749a41f\OneApp.IGCC.WinService.exe with process id 5200 stopped the removal or ejection for the device PCI\VEN_8086&DEV_282A&SUBSYS_86B4103C&REV_00\3&11583659&2&B8.
Process command line: C:\WINDOWS\System32\DriverStore\FileRepository\igcc_dch.inf_amd64_577b4722c749a41f\OneApp.IGCC.WinService.exe"
Warning	18-11-2021 17:33:51	Microsoft-Windows-Kernel-PnP	225	(223)	"The application \Device\HarddiskVolume3\Windows\System32\dllhost.exe with process id 5108 stopped the removal or ejection for the device PCI\VEN_8086&DEV_282A&SUBSYS_86B4103C&REV_00\3&11583659&2&B8.
Process command line: C:\WINDOWS\system32\DllHost.exe /Processid:{3EB3C877-1F16-487C-9050-104DBCD66683}"
Warning	18-11-2021 17:33:51	Microsoft-Windows-Kernel-PnP	225	(223)	"The application \Device\HarddiskVolume3\Windows\System32\PrintCtrl.exe with process id 4980 stopped the removal or ejection for the device PCI\VEN_8086&DEV_282A&SUBSYS_86B4103C&REV_00\3&11583659&2&B8.
Process command line: C:\windows\system32\PrintCtrl.exe"
Warning	18-11-2021 17:33:51	Microsoft-Windows-Kernel-PnP	225	(223)	"The application \Device\HarddiskVolume3\Windows\SysWOW64\XtuService.exe with process id 4948 stopped the removal or ejection for the device PCI\VEN_8086&DEV_282A&SUBSYS_86B4103C&REV_00\3&11583659&2&B8.
Process command line: C:\WINDOWS\SysWOW64\XtuService.exe"
Warning	18-11-2021 17:33:51	Microsoft-Windows-Kernel-PnP	225	(223)	"The application \Device\HarddiskVolume3\Program Files (x86)\WildTangent Games\Integration\WildTangentHelperService.exe with process id 4940 stopped the removal or ejection for the device PCI\VEN_8086&DEV_282A&SUBSYS_86B4103C&REV_00\3&11583659&2&B8.
Process command line: ""C:\Program Files (x86)\WildTangent Games\Integration\WildTangentHelperService.exe"""
Warning	18-11-2021 17:33:51	Microsoft-Windows-Kernel-PnP	225	(223)	"The application \Device\HarddiskVolume3\Program Files (x86)\Intel\Driver and Support Assistant\DSAService.exe with process id 4932 stopped the removal or ejection for the device PCI\VEN_8086&DEV_282A&SUBSYS_86B4103C&REV_00\3&11583659&2&B8.
Process command line: ""C:\Program Files (x86)\Intel\Driver and Support Assistant\DSAService.exe"""
Warning	18-11-2021 17:33:51	Microsoft-Windows-Kernel-PnP	225	(223)	"The application \Device\HarddiskVolume3\Program Files (x86)\Rescue and Smart Assistant\LmsaWindowsService.exe with process id 4924 stopped the removal or ejection for the device PCI\VEN_8086&DEV_282A&SUBSYS_86B4103C&REV_00\3&11583659&2&B8.
Process command line: ""C:\Program Files (x86)\Rescue and Smart Assistant\LmsaWindowsService.exe"""
Warning	18-11-2021 17:33:51	Microsoft-Windows-Kernel-PnP	225	(223)	"The application \Device\HarddiskVolume3\ProgramData\Microsoft\Windows Defender\Platform\4.18.2110.6-0\MsMpEng.exe with process id 4916 stopped the removal or ejection for the device PCI\VEN_8086&DEV_282A&SUBSYS_86B4103C&REV_00\3&11583659&2&B8.
Process command line: ""C:\ProgramData\Microsoft\Windows Defender\Platform\4.18.2110.6-0\MsMpEng.exe"""
Warning	18-11-2021 17:33:51	Microsoft-Windows-Kernel-PnP	225	(223)	"The application \Device\HarddiskVolume3\Windows\System32\svchost.exe with process id 4900 stopped the removal or ejection for the device PCI\VEN_8086&DEV_282A&SUBSYS_86B4103C&REV_00\3&11583659&2&B8.
Process command line: C:\WINDOWS\system32\svchost.exe -k netsvcs -p -s WpnService"
Warning	18-11-2021 17:33:51	Microsoft-Windows-Kernel-PnP	225	(223)	"The application \Device\HarddiskVolume3\Windows\System32\svchost.exe with process id 4892 stopped the removal or ejection for the device PCI\VEN_8086&DEV_282A&SUBSYS_86B4103C&REV_00\3&11583659&2&B8.
Process command line: C:\WINDOWS\System32\svchost.exe -k LocalSystemNetworkRestricted -p -s TrkWks"
Warning	18-11-2021 17:33:51	Microsoft-Windows-Kernel-PnP	225	(223)	"The application \Device\HarddiskVolume3\Program Files\Intel\SUR\QUEENCREEK\SurSvc.exe with process id 4876 stopped the removal or ejection for the device PCI\VEN_8086&DEV_282A&SUBSYS_86B4103C&REV_00\3&11583659&2&B8.
Process command line: ""C:\Program Files\Intel\SUR\QUEENCREEK\SurSvc.exe"""
Warning	18-11-2021 17:33:51	Microsoft-Windows-Kernel-PnP	225	(223)	"The application \Device\HarddiskVolume3\Windows\RtkBtManServ.exe with process id 4868 stopped the removal or ejection for the device PCI\VEN_8086&DEV_282A&SUBSYS_86B4103C&REV_00\3&11583659&2&B8.
Process command line: C:\WINDOWS\RtkBtManServ.exe"
Warning	18-11-2021 17:33:51	Microsoft-Windows-Kernel-PnP	225	(223)	"The application \Device\HarddiskVolume3\Windows\System32\svchost.exe with process id 4836 stopped the removal or ejection for the device PCI\VEN_8086&DEV_282A&SUBSYS_86B4103C&REV_00\3&11583659&2&B8.
Process command line: C:\WINDOWS\system32\svchost.exe -k LocalService -p -s SstpSvc"
Warning	18-11-2021 17:33:51	Microsoft-Windows-Kernel-PnP	225	(223)	"The application \Device\HarddiskVolume3\Program Files\NVIDIA Corporation\NvTelemetry\NvTelemetryContainer.exe with process id 4824 stopped the removal or ejection for the device PCI\VEN_8086&DEV_282A&SUBSYS_86B4103C&REV_00\3&11583659&2&B8.
Process command line: ""C:\Program Files\NVIDIA Corporation\NvTelemetry\NvTelemetryContainer.exe"" -s NvTelemetryContainer -f ""C:\ProgramData\NVIDIA\NvTelemetryContainer.log"" -l 3 -d ""C:\Program Files\NVIDIA Corporation\NvTelemetry\plugins"" -r"
Warning	18-11-2021 17:33:51	Microsoft-Windows-Kernel-PnP	225	(223)	"The application \Device\HarddiskVolume3\Program Files\NVIDIA Corporation\NvContainer\nvcontainer.exe with process id 4816 stopped the removal or ejection for the device PCI\VEN_8086&DEV_282A&SUBSYS_86B4103C&REV_00\3&11583659&2&B8.
Process command line: ""C:\Program Files\NVIDIA Corporation\NvContainer\nvcontainer.exe"" -s NvContainerLocalSystem -a -f ""C:\ProgramData\NVIDIA\NvContainerLocalSystem.log"" -l 3 -d ""C:\Program Files\NVIDIA Corporation\NvContainer\plugins\LocalSystem"" -r -p 30000 -st ""C:\Program Files\NVIDIA Corporation\NvContainer\NvContainerTelemetryApi.dll"""
Warning	18-11-2021 17:33:51	Microsoft-Windows-Kernel-PnP	225	(223)	"The application \Device\HarddiskVolume3\Windows\System32\svchost.exe with process id 4800 stopped the removal or ejection for the device PCI\VEN_8086&DEV_282A&SUBSYS_86B4103C&REV_00\3&11583659&2&B8.
Process command line: C:\WINDOWS\System32\svchost.exe -k NetSvcs -p -s iphlpsvc"
Warning	18-11-2021 17:33:51	Microsoft-Windows-Kernel-PnP	225	(223)	"The application \Device\HarddiskVolume3\Windows\System32\svchost.exe with process id 4792 stopped the removal or ejection for the device PCI\VEN_8086&DEV_282A&SUBSYS_86B4103C&REV_00\3&11583659&2&B8.
Process command line: C:\WINDOWS\System32\svchost.exe -k LocalServiceNoNetwork -p -s DPS"
Warning	18-11-2021 17:33:51	Microsoft-Windows-Kernel-PnP	225	(223)	"The application \Device\HarddiskVolume3\Windows\System32\svchost.exe with process id 4780 stopped the removal or ejection for the device PCI\VEN_8086&DEV_282A&SUBSYS_86B4103C&REV_00\3&11583659&2&B8.
Process command line: C:\WINDOWS\System32\svchost.exe -k utcsvc -p"
Warning	18-11-2021 17:33:51	Microsoft-Windows-Kernel-PnP	225	(223)	"The application \Device\HarddiskVolume3\Windows\System32\svchost.exe with process id 4680 stopped the removal or ejection for the device PCI\VEN_8086&DEV_282A&SUBSYS_86B4103C&REV_00\3&11583659&2&B8.
Process command line: C:\WINDOWS\System32\svchost.exe -k NetworkService -p -s LanmanWorkstation"
Warning	18-11-2021 17:33:51	Microsoft-Windows-Kernel-PnP	225	(223)	"The application \Device\HarddiskVolume3\Windows\System32\svchost.exe with process id 4536 stopped the removal or ejection for the device PCI\VEN_8086&DEV_282A&SUBSYS_86B4103C&REV_00\3&11583659&2&B8.
Process command line: C:\WINDOWS\system32\svchost.exe -k LocalServiceNoNetworkFirewall -p"
Warning	18-11-2021 17:33:51	Microsoft-Windows-Kernel-PnP	225	(223)	"The application \Device\HarddiskVolume3\Windows\System32\spoolsv.exe with process id 4504 stopped the removal or ejection for the device PCI\VEN_8086&DEV_282A&SUBSYS_86B4103C&REV_00\3&11583659&2&B8.
Process command line: C:\WINDOWS\System32\spoolsv.exe"
Warning	18-11-2021 17:33:51	Microsoft-Windows-Kernel-PnP	225	(223)	"The application \Device\HarddiskVolume3\Program Files (x86)\Intel\Driver and Support Assistant\DSAUpdateService.exe with process id 4456 stopped the removal or ejection for the device PCI\VEN_8086&DEV_282A&SUBSYS_86B4103C&REV_00\3&11583659&2&B8.
Process command line: ""C:\Program Files (x86)\Intel\Driver and Support Assistant\DSAUpdateService.exe"""
Warning	18-11-2021 17:33:51	Microsoft-Windows-Kernel-PnP	225	(223)	"The application \Device\HarddiskVolume3\Windows\System32\svchost.exe with process id 4448 stopped the removal or ejection for the device PCI\VEN_8086&DEV_282A&SUBSYS_86B4103C&REV_00\3&11583659&2&B8.
Process command line: C:\WINDOWS\System32\svchost.exe -k netsvcs -p -s ShellHWDetection"
Warning	18-11-2021 17:33:51	Microsoft-Windows-Kernel-PnP	225	(223)	"The application \Device\HarddiskVolume3\Windows\System32\svchost.exe with process id 4424 stopped the removal or ejection for the device PCI\VEN_8086&DEV_282A&SUBSYS_86B4103C&REV_00\3&11583659&2&B8.
Process command line: C:\WINDOWS\system32\svchost.exe -k LocalSystemNetworkRestricted -p"
Warning	18-11-2021 17:33:51	Microsoft-Windows-Kernel-PnP	225	(223)	"The application \Device\HarddiskVolume3\Program Files (x86)\Microsoft\Edge\Application\msedge.exe with process id 4316 stopped the removal or ejection for the device PCI\VEN_8086&DEV_282A&SUBSYS_86B4103C&REV_00\3&11583659&2&B8.
Process command line: ""C:\Program Files (x86)\Microsoft\Edge\Application\msedge.exe"" --no-startup-window /prefetch:5"
Warning	18-11-2021 17:33:51	Microsoft-Windows-Kernel-PnP	225	(223)	"The application \Device\HarddiskVolume3\Windows\System32\svchost.exe with process id 4288 stopped the removal or ejection for the device PCI\VEN_8086&DEV_282A&SUBSYS_86B4103C&REV_00\3&11583659&2&B8.
Process command line: C:\WINDOWS\System32\svchost.exe -k LocalServiceNetworkRestricted -p"
Warning	18-11-2021 17:33:51	Microsoft-Windows-Kernel-PnP	225	(223)	"The application \Device\HarddiskVolume3\Windows\System32\svchost.exe with process id 4280 stopped the removal or ejection for the device PCI\VEN_8086&DEV_282A&SUBSYS_86B4103C&REV_00\3&11583659&2&B8.
Process command line: C:\WINDOWS\system32\svchost.exe -k LocalServiceNetworkRestricted -p"
Warning	18-11-2021 17:33:51	Microsoft-Windows-Kernel-PnP	225	(223)	"The application \Device\HarddiskVolume3\Program Files\HPCommRecovery\HPCommRecovery.exe with process id 4200 stopped the removal or ejection for the device PCI\VEN_8086&DEV_282A&SUBSYS_86B4103C&REV_00\3&11583659&2&B8.
Process command line: ""C:\Program Files\HPCommRecovery\HPCommRecovery.exe"""
Warning	18-11-2021 17:33:51	Microsoft-Windows-Kernel-PnP	225	(223)	"The application \Device\HarddiskVolume3\Windows\System32\SECOMN64.exe with process id 4152 stopped the removal or ejection for the device PCI\VEN_8086&DEV_282A&SUBSYS_86B4103C&REV_00\3&11583659&2&B8.
Process command line: ""C:\WINDOWS\System32\SECOMN64.exe"""
Warning	18-11-2021 17:33:51	Microsoft-Windows-Kernel-PnP	225	(223)	"The application \Device\HarddiskVolume3\Windows\System32\svchost.exe with process id 4124 stopped the removal or ejection for the device PCI\VEN_8086&DEV_282A&SUBSYS_86B4103C&REV_00\3&11583659&2&B8.
Process command line: C:\WINDOWS\System32\svchost.exe -k LocalServiceNetworkRestricted -p"
Warning	18-11-2021 17:33:51	Microsoft-Windows-Kernel-PnP	225	(223)	"The application \Device\HarddiskVolume3\Windows\System32\svchost.exe with process id 4076 stopped the removal or ejection for the device PCI\VEN_8086&DEV_282A&SUBSYS_86B4103C&REV_00\3&11583659&2&B8.
Process command line: C:\WINDOWS\System32\svchost.exe -k LocalServiceNetworkRestricted -p -s EventLog"
Warning	18-11-2021 17:33:51	Microsoft-Windows-Kernel-PnP	225	(223)	"The application \Device\HarddiskVolume3\Windows\System32\DriverStore\FileRepository\nvhm.inf_amd64_6f7f22b0a5610d99\Display.NvContainer\NVDisplay.Container.exe with process id 4036 stopped the removal or ejection for the device PCI\VEN_8086&DEV_282A&SUBSYS_86B4103C&REV_00\3&11583659&2&B8.
Process command line: C:\WINDOWS\System32\DriverStore\FileRepository\nvhm.inf_amd64_6f7f22b0a5610d99\Display.NvContainer\NVDisplay.Container.exe -s NVDisplay.ContainerLocalSystem -f C:\ProgramData\NVIDIA\NVDisplay.ContainerLocalSystem.log -l 3 -d C:\WINDOWS\System32\DriverStore\FileRepository\nvhm.inf_amd64_6f7f22b0a5610d99\Display.NvContainer\plugins\LocalSystem -r -p 30000 -cfg NVDisplay.ContainerLocalSystem\LocalSystem"
Warning	18-11-2021 17:33:51	Microsoft-Windows-Kernel-PnP	225	(223)	"The application \Device\HarddiskVolume3\Users\mahendra\AppData\Local\Microsoft\Teams\current\Teams.exe with process id 3996 stopped the removal or ejection for the device PCI\VEN_8086&DEV_282A&SUBSYS_86B4103C&REV_00\3&11583659&2&B8.
Process command line: ""C:\Users\mahendra\AppData\Local\Microsoft\Teams\current\Teams.exe"" --type=renderer --autoplay-policy=no-user-gesture-required --disable-background-timer-throttling --field-trial-handle=1568,3932789189872750862,10401727444766960502,131072 --enable-features=ContextBridgeMutability,WebComponentsV0Enabled,WinUseBrowserSpellChecker,WinUseHybridSpellChecker --disable-features=CookiesWithoutSameSiteMustBeSecure,SameSiteByDefaultCookies,SpareRendererForSitePerProcess --lang=en-US --enable-wer --ms-teams-less-cors=522133263 --app-user-model-id=com.squirrel.Teams.Teams --app-path=""C:\Users\mahendra\AppData\Local\Microsoft\Teams\current\resources\app.asar"" --no-sandbox --no-zygote --preload=""C:\Users\mahendra\AppData\Local\Microsoft\Teams\current\resources\app.asar\lib\pluginhost\preload.js"" --context-isolation --background-color=#fff --enable-spellcheck --enable-websql --disable-electron-site-instance-overrides --device-scale-factor=1.25 --num-raster-threads=4 --enable-main-frame-before-activation --renderer-client-id=10 --no-v8-untrusted-code-mitigations --mojo-platform-channel-handle=4320 /prefetch:1 --msteams-process-type=pluginHost"
Warning	18-11-2021 17:33:51	Microsoft-Windows-Kernel-PnP	225	(223)	"The application \Device\HarddiskVolume3\Windows\System32\SynTPEnhService.exe with process id 3980 stopped the removal or ejection for the device PCI\VEN_8086&DEV_282A&SUBSYS_86B4103C&REV_00\3&11583659&2&B8.
Process command line: C:\WINDOWS\System32\SynTPEnhService.exe"
Warning	18-11-2021 17:33:51	Microsoft-Windows-Kernel-PnP	225	(223)	"The application \Device\HarddiskVolume3\Windows\System32\svchost.exe with process id 3904 stopped the removal or ejection for the device PCI\VEN_8086&DEV_282A&SUBSYS_86B4103C&REV_00\3&11583659&2&B8.
Process command line: C:\WINDOWS\system32\svchost.exe -k LocalService -p -s FontCache"
Warning	18-11-2021 17:33:51	Microsoft-Windows-Kernel-PnP	225	(223)	"The application \Device\HarddiskVolume3\ProgramData\Microsoft\Windows Defender\Platform\4.18.2110.6-0\NisSrv.exe with process id 3752 stopped the removal or ejection for the device PCI\VEN_8086&DEV_282A&SUBSYS_86B4103C&REV_00\3&11583659&2&B8.
Process command line: ""C:\ProgramData\Microsoft\Windows Defender\Platform\4.18.2110.6-0\NisSrv.exe"""
Warning	18-11-2021 17:33:51	Microsoft-Windows-Kernel-PnP	225	(223)	"The application \Device\HarddiskVolume3\Windows\System32\wbem\WmiPrvSE.exe with process id 3744 stopped the removal or ejection for the device PCI\VEN_8086&DEV_282A&SUBSYS_86B4103C&REV_00\3&11583659&2&B8.
Process command line: C:\WINDOWS\system32\wbem\wmiprvse.exe"
Warning	18-11-2021 17:33:51	Microsoft-Windows-Kernel-PnP	225	(223)	"The application \Device\HarddiskVolume3\Windows\System32\wbem\unsecapp.exe with process id 3592 stopped the removal or ejection for the device PCI\VEN_8086&DEV_282A&SUBSYS_86B4103C&REV_00\3&11583659&2&B8.
Process command line: C:\WINDOWS\system32\wbem\unsecapp.exe -Embedding"
Warning	18-11-2021 17:33:51	Microsoft-Windows-Kernel-PnP	225	(223)	"The application \Device\HarddiskVolume3\Windows\System32\svchost.exe with process id 3424 stopped the removal or ejection for the device PCI\VEN_8086&DEV_282A&SUBSYS_86B4103C&REV_00\3&11583659&2&B8.
Process command line: C:\WINDOWS\system32\svchost.exe -k appmodel -p -s StateRepository"
Warning	18-11-2021 17:33:51	Microsoft-Windows-Kernel-PnP	225	(223)	"The application \Device\HarddiskVolume3\Windows\System32\svchost.exe with process id 3388 stopped the removal or ejection for the device PCI\VEN_8086&DEV_282A&SUBSYS_86B4103C&REV_00\3&11583659&2&B8.
Process command line: C:\WINDOWS\system32\svchost.exe -k LocalService -p -s CDPSvc"
Warning	18-11-2021 17:33:51	Microsoft-Windows-Kernel-PnP	225	(223)	"The application \Device\HarddiskVolume3\Windows\System32\svchost.exe with process id 3320 stopped the removal or ejection for the device PCI\VEN_8086&DEV_282A&SUBSYS_86B4103C&REV_00\3&11583659&2&B8.
Process command line: C:\WINDOWS\system32\svchost.exe -k LocalService -p -s EventSystem"
Warning	18-11-2021 17:33:51	Microsoft-Windows-Kernel-PnP	225	(223)	"The application \Device\HarddiskVolume3\Program Files (x86)\Google\Update\1.3.36.112\GoogleCrashHandler.exe with process id 3256 stopped the removal or ejection for the device PCI\VEN_8086&DEV_282A&SUBSYS_86B4103C&REV_00\3&11583659&2&B8.
Process command line: ""C:\Program Files (x86)\Google\Update\1.3.36.112\GoogleCrashHandler.exe"""
Warning	18-11-2021 17:33:51	Microsoft-Windows-Kernel-PnP	225	(223)	"The application \Device\HarddiskVolume3\Windows\System32\svchost.exe with process id 3212 stopped the removal or ejection for the device PCI\VEN_8086&DEV_282A&SUBSYS_86B4103C&REV_00\3&11583659&2&B8.
Process command line: C:\WINDOWS\system32\svchost.exe -k LocalService -p -s DispBrokerDesktopSvc"
Warning	18-11-2021 17:33:51	Microsoft-Windows-Kernel-PnP	225	(223)	"The application \Device\HarddiskVolume3\Windows\System32\svchost.exe with process id 3148 stopped the removal or ejection for the device PCI\VEN_8086&DEV_282A&SUBSYS_86B4103C&REV_00\3&11583659&2&B8.
Process command line: C:\WINDOWS\system32\svchost.exe -k netsvcs -p -s SENS"
Warning	18-11-2021 17:33:51	Microsoft-Windows-Kernel-PnP	225	(223)	"The application \Device\HarddiskVolume3\Windows\System32\svchost.exe with process id 3104 stopped the removal or ejection for the device PCI\VEN_8086&DEV_282A&SUBSYS_86B4103C&REV_00\3&11583659&2&B8.
Process command line: C:\WINDOWS\system32\svchost.exe -k LocalSystemNetworkRestricted -p -s SysMain"
Warning	18-11-2021 17:33:51	Microsoft-Windows-Kernel-PnP	225	(223)	"The application \Device\HarddiskVolume3\Windows\System32\svchost.exe with process id 3096 stopped the removal or ejection for the device PCI\VEN_8086&DEV_282A&SUBSYS_86B4103C&REV_00\3&11583659&2&B8.
Process command line: C:\WINDOWS\System32\svchost.exe -k netsvcs -p -s Themes"
Warning	18-11-2021 17:33:51	Microsoft-Windows-Kernel-PnP	225	(223)	"The application \Device\HarddiskVolume3\Windows\System32\svchost.exe with process id 2900 stopped the removal or ejection for the device PCI\VEN_8086&DEV_282A&SUBSYS_86B4103C&REV_00\3&11583659&2&B8.
Process command line: C:\WINDOWS\system32\svchost.exe -k LocalServiceNetworkRestricted -p -s Dhcp"
Warning	18-11-2021 17:33:51	Microsoft-Windows-Kernel-PnP	225	(223)	"The application \Device\HarddiskVolume3\Windows\System32\svchost.exe with process id 2848 stopped the removal or ejection for the device PCI\VEN_8086&DEV_282A&SUBSYS_86B4103C&REV_00\3&11583659&2&B8.
Process command line: C:\WINDOWS\System32\svchost.exe -k NetworkService -p -s DoSvc"
Warning	18-11-2021 17:33:51	Microsoft-Windows-Kernel-PnP	225	(223)	"The application \Device\HarddiskVolume3\Windows\System32\svchost.exe with process id 2692 stopped the removal or ejection for the device PCI\VEN_8086&DEV_282A&SUBSYS_86B4103C&REV_00\3&11583659&2&B8.
Process command line: C:\WINDOWS\system32\svchost.exe -k NetworkService -p"
Warning	18-11-2021 17:33:51	Microsoft-Windows-Kernel-PnP	225	(223)	"The application \Device\HarddiskVolume3\Windows\System32\svchost.exe with process id 2656 stopped the removal or ejection for the device PCI\VEN_8086&DEV_282A&SUBSYS_86B4103C&REV_00\3&11583659&2&B8.
Process command line: C:\WINDOWS\system32\svchost.exe -k LocalServiceAndNoImpersonation -p -s SSDPSRV"
Warning	18-11-2021 17:33:51	Microsoft-Windows-Kernel-PnP	225	(223)	"The application \Device\HarddiskVolume3\Windows\System32\svchost.exe with process id 2636 stopped the removal or ejection for the device PCI\VEN_8086&DEV_282A&SUBSYS_86B4103C&REV_00\3&11583659&2&B8.
Process command line: C:\WINDOWS\system32\svchost.exe -k LocalServiceNoNetwork -p"
Warning	18-11-2021 17:33:51	Microsoft-Windows-Kernel-PnP	225	(223)	"The application \Device\HarddiskVolume3\Windows\System32\svchost.exe with process id 2588 stopped the removal or ejection for the device PCI\VEN_8086&DEV_282A&SUBSYS_86B4103C&REV_00\3&11583659&2&B8.
Process command line: C:\WINDOWS\System32\svchost.exe -k LocalSystemNetworkRestricted -p -s AudioEndpointBuilder"
Warning	18-11-2021 17:33:51	Microsoft-Windows-Kernel-PnP	225	(223)	"The application \Device\HarddiskVolume3\Windows\System32\DriverStore\FileRepository\cui_dch.inf_amd64_efb119a73d6b56f6\igfxCUIService.exe with process id 2560 stopped the removal or ejection for the device PCI\VEN_8086&DEV_282A&SUBSYS_86B4103C&REV_00\3&11583659&2&B8.
Process command line: C:\WINDOWS\System32\DriverStore\FileRepository\cui_dch.inf_amd64_efb119a73d6b56f6\igfxCUIService.exe"
Warning	18-11-2021 17:33:51	Microsoft-Windows-Kernel-PnP	225	(223)	"The application \Device\HarddiskVolume3\Windows\System32\svchost.exe with process id 2492 stopped the removal or ejection for the device PCI\VEN_8086&DEV_282A&SUBSYS_86B4103C&REV_00\3&11583659&2&B8.
Process command line: C:\WINDOWS\system32\svchost.exe -k NetworkService -p"
Warning	18-11-2021 17:33:51	Microsoft-Windows-Kernel-PnP	225	(223)	"The application \Device\HarddiskVolume3\Windows\System32\DriverStore\FileRepository\hpanalyticscomp.inf_amd64_87bd97ebe57d6f93\x64\TouchpointAnalyticsClientService.exe with process id 2480 stopped the removal or ejection for the device PCI\VEN_8086&DEV_282A&SUBSYS_86B4103C&REV_00\3&11583659&2&B8.
Process command line: C:\WINDOWS\System32\DriverStore\FileRepository\hpanalyticscomp.inf_amd64_87bd97ebe57d6f93\x64\TouchpointAnalyticsClientService.exe"
Warning	18-11-2021 17:33:51	Microsoft-Windows-Kernel-PnP	225	(223)	"The application \Device\HarddiskVolume3\Windows\System32\RuntimeBroker.exe with process id 2436 stopped the removal or ejection for the device PCI\VEN_8086&DEV_282A&SUBSYS_86B4103C&REV_00\3&11583659&2&B8.
Process command line: C:\Windows\System32\RuntimeBroker.exe -Embedding"
Warning	18-11-2021 17:33:51	Microsoft-Windows-Kernel-PnP	225	(223)	"The application \Device\HarddiskVolume3\Windows\System32\svchost.exe with process id 2408 stopped the removal or ejection for the device PCI\VEN_8086&DEV_282A&SUBSYS_86B4103C&REV_00\3&11583659&2&B8.
Process command line: C:\WINDOWS\system32\svchost.exe -k netsvcs -p -s lfsvc"
Warning	18-11-2021 17:33:51	Microsoft-Windows-Kernel-PnP	225	(223)	"The application \Device\HarddiskVolume3\Windows\System32\svchost.exe with process id 2368 stopped the removal or ejection for the device PCI\VEN_8086&DEV_282A&SUBSYS_86B4103C&REV_00\3&11583659&2&B8.
Process command line: C:\WINDOWS\system32\svchost.exe -k netsvcs -p -s UserManager"
Warning	18-11-2021 17:33:51	Microsoft-Windows-Kernel-PnP	225	(223)	"The application \Device\HarddiskVolume3\Windows\System32\DriverStore\FileRepository\hpcustomcapcomp.inf_amd64_fac814d252ae9e85\x64\NetworkCap.exe with process id 2288 stopped the removal or ejection for the device PCI\VEN_8086&DEV_282A&SUBSYS_86B4103C&REV_00\3&11583659&2&B8.
Process command line: C:\WINDOWS\System32\DriverStore\FileRepository\hpcustomcapcomp.inf_amd64_fac814d252ae9e85\x64\NetworkCap.exe"
Warning	18-11-2021 17:33:51	Microsoft-Windows-Kernel-PnP	225	(223)	"The application \Device\HarddiskVolume3\Windows\System32\DriverStore\FileRepository\hpcustomcapcomp.inf_amd64_fac814d252ae9e85\x64\SysInfoCap.exe with process id 2276 stopped the removal or ejection for the device PCI\VEN_8086&DEV_282A&SUBSYS_86B4103C&REV_00\3&11583659&2&B8.
Process command line: C:\WINDOWS\System32\DriverStore\FileRepository\hpcustomcapcomp.inf_amd64_fac814d252ae9e85\x64\SysInfoCap.exe"
Warning	18-11-2021 17:33:51	Microsoft-Windows-Kernel-PnP	225	(223)	"The application \Device\HarddiskVolume3\Windows\System32\DriverStore\FileRepository\hpcustomcapcomp.inf_amd64_fac814d252ae9e85\x64\DiagsCap.exe with process id 2260 stopped the removal or ejection for the device PCI\VEN_8086&DEV_282A&SUBSYS_86B4103C&REV_00\3&11583659&2&B8.
Process command line: C:\WINDOWS\System32\DriverStore\FileRepository\hpcustomcapcomp.inf_amd64_fac814d252ae9e85\x64\DiagsCap.exe"
Warning	18-11-2021 17:33:51	Microsoft-Windows-Kernel-PnP	225	(223)	"The application \Device\HarddiskVolume3\Windows\System32\DriverStore\FileRepository\hpcustomcapcomp.inf_amd64_fac814d252ae9e85\x64\AppHelperCap.exe with process id 2252 stopped the removal or ejection for the device PCI\VEN_8086&DEV_282A&SUBSYS_86B4103C&REV_00\3&11583659&2&B8.
Process command line: C:\WINDOWS\System32\DriverStore\FileRepository\hpcustomcapcomp.inf_amd64_fac814d252ae9e85\x64\AppHelperCap.exe"
Warning	18-11-2021 17:33:51	Microsoft-Windows-Kernel-PnP	225	(223)	"The application \Device\HarddiskVolume3\Windows\System32\svchost.exe with process id 2224 stopped the removal or ejection for the device PCI\VEN_8086&DEV_282A&SUBSYS_86B4103C&REV_00\3&11583659&2&B8.
Process command line: C:\WINDOWS\system32\svchost.exe -k netsvcs -p -s Winmgmt"
Warning	18-11-2021 17:33:51	Microsoft-Windows-Kernel-PnP	225	(223)	"The application \Device\HarddiskVolume3\Windows\System32\dasHost.exe with process id 2204 stopped the removal or ejection for the device PCI\VEN_8086&DEV_282A&SUBSYS_86B4103C&REV_00\3&11583659&2&B8.
Process command line: dashost.exe {718db447-60cf-4a04-b4be016bba6b262c}"
Warning	18-11-2021 17:33:51	Microsoft-Windows-Kernel-PnP	225	(223)	"The application \Device\HarddiskVolume3\Windows\System32\svchost.exe with process id 2200 stopped the removal or ejection for the device PCI\VEN_8086&DEV_282A&SUBSYS_86B4103C&REV_00\3&11583659&2&B8.
Process command line: C:\WINDOWS\System32\svchost.exe -k LocalSystemNetworkRestricted -p -s StorSvc"
Warning	18-11-2021 17:33:51	Microsoft-Windows-Kernel-PnP	225	(223)	"The application \Device\HarddiskVolume3\Windows\System32\svchost.exe with process id 2120 stopped the removal or ejection for the device PCI\VEN_8086&DEV_282A&SUBSYS_86B4103C&REV_00\3&11583659&2&B8.
Process command line: C:\WINDOWS\system32\svchost.exe -k LocalSystemNetworkRestricted -p -s DeviceAssociationService"
Warning	18-11-2021 17:33:51	Microsoft-Windows-Kernel-PnP	225	(223)	"The application \Device\HarddiskVolume3\Windows\System32\svchost.exe with process id 2112 stopped the removal or ejection for the device PCI\VEN_8086&DEV_282A&SUBSYS_86B4103C&REV_00\3&11583659&2&B8.
Process command line: C:\WINDOWS\system32\svchost.exe -k netsvcs -p -s ProfSvc"
Warning	18-11-2021 17:33:51	Microsoft-Windows-Kernel-PnP	225	(223)	"The application \Device\HarddiskVolume3\Windows\System32\svchost.exe with process id 2092 stopped the removal or ejection for the device PCI\VEN_8086&DEV_282A&SUBSYS_86B4103C&REV_00\3&11583659&2&B8.
Process command line: C:\WINDOWS\system32\svchost.exe -k netsvcs -p -s Schedule"
Warning	18-11-2021 17:33:51	Microsoft-Windows-Kernel-PnP	225	(223)	"The application \Device\HarddiskVolume3\Windows\System32\svchost.exe with process id 1924 stopped the removal or ejection for the device PCI\VEN_8086&DEV_282A&SUBSYS_86B4103C&REV_00\3&11583659&2&B8.
Process command line: C:\WINDOWS\system32\svchost.exe -k LocalServiceNetworkRestricted -p -s TimeBrokerSvc"
Warning	18-11-2021 17:33:51	Microsoft-Windows-Kernel-PnP	225	(223)	"The application \Device\HarddiskVolume3\Windows\System32\svchost.exe with process id 1788 stopped the removal or ejection for the device PCI\VEN_8086&DEV_282A&SUBSYS_86B4103C&REV_00\3&11583659&2&B8.
Process command line: C:\WINDOWS\System32\svchost.exe -k netprofm -p -s netprofm"
Warning	18-11-2021 17:33:51	Microsoft-Windows-Kernel-PnP	225	(223)	"The application \Device\HarddiskVolume3\Windows\System32\DriverStore\FileRepository\iigd_dch.inf_amd64_2b1d9e395a05d1c9\IntelCpHeciSvc.exe with process id 1772 stopped the removal or ejection for the device PCI\VEN_8086&DEV_282A&SUBSYS_86B4103C&REV_00\3&11583659&2&B8.
Process command line: C:\WINDOWS\System32\DriverStore\FileRepository\iigd_dch.inf_amd64_2b1d9e395a05d1c9\IntelCpHeciSvc.exe"
Warning	18-11-2021 17:33:51	Microsoft-Windows-Kernel-PnP	225	(223)	"The application \Device\HarddiskVolume3\Windows\System32\svchost.exe with process id 1700 stopped the removal or ejection for the device PCI\VEN_8086&DEV_282A&SUBSYS_86B4103C&REV_00\3&11583659&2&B8.
Process command line: C:\WINDOWS\system32\svchost.exe -k imgsvc"
Warning	18-11-2021 17:33:51	Microsoft-Windows-Kernel-PnP	225	(223)	"The application \Device\HarddiskVolume3\Windows\System32\svchost.exe with process id 1680 stopped the removal or ejection for the device PCI\VEN_8086&DEV_282A&SUBSYS_86B4103C&REV_00\3&11583659&2&B8.
Process command line: C:\WINDOWS\system32\svchost.exe -k LocalService -p -s nsi"
Warning	18-11-2021 17:33:51	Microsoft-Windows-Kernel-PnP	225	(223)	"The application \Device\HarddiskVolume3\Windows\System32\svchost.exe with process id 1648 stopped the removal or ejection for the device PCI\VEN_8086&DEV_282A&SUBSYS_86B4103C&REV_00\3&11583659&2&B8.
Process command line: C:\WINDOWS\system32\svchost.exe -k LocalServiceNetworkRestricted -p -s WinHttpAutoProxySvc"
Warning	18-11-2021 17:33:51	Microsoft-Windows-Kernel-PnP	225	(223)	"The application \Device\HarddiskVolume3\Windows\System32\svchost.exe with process id 1588 stopped the removal or ejection for the device PCI\VEN_8086&DEV_282A&SUBSYS_86B4103C&REV_00\3&11583659&2&B8.
Process command line: C:\WINDOWS\system32\svchost.exe -k LocalSystemNetworkRestricted -p -s DisplayEnhancementService"
Warning	18-11-2021 17:33:51	Microsoft-Windows-Kernel-PnP	225	(223)	"The application \Device\HarddiskVolume3\Windows\System32\DriverStore\FileRepository\iigd_dch.inf_amd64_2b1d9e395a05d1c9\IntelCpHDCPSvc.exe with process id 1580 stopped the removal or ejection for the device PCI\VEN_8086&DEV_282A&SUBSYS_86B4103C&REV_00\3&11583659&2&B8.
Process command line: C:\WINDOWS\System32\DriverStore\FileRepository\iigd_dch.inf_amd64_2b1d9e395a05d1c9\IntelCpHDCPSvc.exe"
Warning	18-11-2021 17:33:51	Microsoft-Windows-Kernel-PnP	225	(223)	"The application \Device\HarddiskVolume3\Program Files (x86)\Google\Update\1.3.36.112\GoogleCrashHandler64.exe with process id 1576 stopped the removal or ejection for the device PCI\VEN_8086&DEV_282A&SUBSYS_86B4103C&REV_00\3&11583659&2&B8.
Process command line: ""C:\Program Files (x86)\Google\Update\1.3.36.112\GoogleCrashHandler64.exe"""
Warning	18-11-2021 17:33:51	Microsoft-Windows-Kernel-PnP	225	(223)	"The application \Device\HarddiskVolume3\Windows\System32\svchost.exe with process id 1548 stopped the removal or ejection for the device PCI\VEN_8086&DEV_282A&SUBSYS_86B4103C&REV_00\3&11583659&2&B8.
Process command line: C:\WINDOWS\System32\svchost.exe -k LocalSystemNetworkRestricted -p -s NcbService"
Warning	18-11-2021 17:33:51	Microsoft-Windows-Kernel-PnP	225	(223)	"The application \Device\HarddiskVolume3\Windows\System32\svchost.exe with process id 1376 stopped the removal or ejection for the device PCI\VEN_8086&DEV_282A&SUBSYS_86B4103C&REV_00\3&11583659&2&B8.
Process command line: C:\WINDOWS\system32\svchost.exe -k DcomLaunch -p -s LSM"
Warning	18-11-2021 17:33:51	Microsoft-Windows-Kernel-PnP	225	(223)	"The application \Device\HarddiskVolume3\Windows\System32\svchost.exe with process id 1316 stopped the removal or ejection for the device PCI\VEN_8086&DEV_282A&SUBSYS_86B4103C&REV_00\3&11583659&2&B8.
Process command line: C:\WINDOWS\system32\svchost.exe -k RPCSS -p"
Warning	18-11-2021 17:33:51	Microsoft-Windows-Kernel-PnP	225	(223)	"The application \Device\HarddiskVolume3\Windows\System32\fontdrvhost.exe with process id 1220 stopped the removal or ejection for the device PCI\VEN_8086&DEV_282A&SUBSYS_86B4103C&REV_00\3&11583659&2&B8.
Process command line: ""fontdrvhost.exe"""
Warning	18-11-2021 17:33:51	Microsoft-Windows-Kernel-PnP	225	(223)	"The application \Device\HarddiskVolume3\Users\mahendra\AppData\Local\Microsoft\Teams\current\Teams.exe with process id 1216 stopped the removal or ejection for the device PCI\VEN_8086&DEV_282A&SUBSYS_86B4103C&REV_00\3&11583659&2&B8.
Process command line: ""C:\Users\mahendra\AppData\Local\Microsoft\Teams\current\Teams.exe"" --type=renderer --autoplay-policy=no-user-gesture-required --disable-background-timer-throttling --field-trial-handle=1568,3932789189872750862,10401727444766960502,131072 --enable-features=ContextBridgeMutability,WebComponentsV0Enabled,WinUseBrowserSpellChecker,WinUseHybridSpellChecker --disable-features=CookiesWithoutSameSiteMustBeSecure,SameSiteByDefaultCookies,SpareRendererForSitePerProcess --lang=en-US --enable-wer --ms-teams-less-cors=522133263 --app-user-model-id=com.squirrel.Teams.Teams --app-path=""C:\Users\mahendra\AppData\Local\Microsoft\Teams\current\resources\app.asar"" --enable-sandbox --native-window-open --preload=""C:\Users\mahendra\AppData\Local\Microsoft\Teams\current\resources\app.asar\lib\renderer\experienceRenderer\preload_webview.js"" --background-color=#fff --guest-instance-id=5 --enable-blink-features --disable-blink-features --node-integration-in-subframes --enable-spellcheck --enable-websql --disable-electron-site-instance-overrides --device-scale-factor=1.25 --num-raster-threads=4 --enable-main-frame-before-activation --renderer-client-id=9 --no-v8-untrusted-code-mitigations --mojo-platform-channel-handle=3904 /prefetch:1 --msteams-process-type=experience-renderer"
Warning	18-11-2021 17:33:51	Microsoft-Windows-Kernel-PnP	225	(223)	"The application \Device\HarddiskVolume3\Windows\System32\WUDFHost.exe with process id 1152 stopped the removal or ejection for the device PCI\VEN_8086&DEV_282A&SUBSYS_86B4103C&REV_00\3&11583659&2&B8.
Process command line: ""C:\Windows\System32\WUDFHost.exe"" -HostGUID:{193a1820-d9ac-4997-8c55-be817523f6aa} -IoEventPortName:\UMDFCommunicationPorts\WUDF\HostProcess-be6fd3f9-a417-4a75-8286-4857527116d6 -SystemEventPortName:\UMDFCommunicationPorts\WUDF\HostProcess-433e3111-82e5-4247-adf9-b22c951dca50 -IoCancelEventPortName:\UMDFCommunicationPorts\WUDF\HostProcess-033a90d4-12a3-4533-b73c-29c2504f19b2 -NonStateChangingEventPortName:\UMDFCommunicationPorts\WUDF\HostProcess-0159211a-b742-4f3e-9d92-78498b1d0615 -LifetimeId:25a5c444-b34f-4d25-b892-58e3f380809f -DeviceGroupId: -HostArg:0"
