Information	13-10-2021 14:32:36	Microsoft-Windows-Time-Service	158	None	The time provider 'VMICTimeProvider' has indicated that the current hardware and operating environment is not supported and has stopped. This behavior is expected for VMICTimeProvider on non-HyperV-guest environments. This may be the expected behavior for the current provider in the current operating environment as well.
Information	13-10-2021 14:31:01	Service Control Manager	7040	None	The start type of the Background Intelligent Transfer Service service was changed from demand start to auto start.
Information	13-10-2021 14:28:10	Microsoft-Windows-Kernel-Power	566	(268)	"The system session has transitioned from 1 to 3.

Reason: 4"
Information	13-10-2021 14:26:53	Microsoft-Windows-Kernel-Power	566	(268)	"The system session has transitioned from 0 to 1.

Reason: 4"
Information	13-10-2021 14:21:24	Microsoft-Windows-Ntfs	98	None	Volume Windows (\Device\HarddiskVolumeShadowCopy7) is healthy.  No action is needed.
Information	13-10-2021 14:21:17	Service Control Manager	7040	None	The start type of the Windows Modules Installer service was changed from demand start to auto start.
Information	13-10-2021 14:19:43	Service Control Manager	7040	None	The start type of the Windows Modules Installer service was changed from auto start to demand start.
Information	13-10-2021 14:16:25	Service Control Manager	7040	None	The start type of the Windows Modules Installer service was changed from demand start to auto start.
Information	13-10-2021 14:15:47	Microsoft-Windows-Kernel-General	15	(10)	Hive \??\C:\WINDOWS\System32\config\COMPONENTS was reorganized with a starting size of 45596672 bytes and an ending size of 37859328 bytes.
Information	13-10-2021 14:15:30	Microsoft-Windows-Kernel-General	15	(10)	Hive \SystemRoot\System32\config\DRIVERS was reorganized with a starting size of 10485760 bytes and an ending size of 10489856 bytes.
Information	13-10-2021 14:15:27	Service Control Manager	7040	None	The start type of the Windows Modules Installer service was changed from auto start to demand start.
Information	13-10-2021 14:15:06	Microsoft-Windows-Time-Service	37	None	The time provider NtpClient is currently receiving valid time data from time.windows.com,0x9 (ntp.m|0x9|0.0.0.0:123->40.81.94.65:123).
Information	13-10-2021 14:15:06	Microsoft-Windows-Time-Service	158	None	The time provider 'VMICTimeProvider' has indicated that the current hardware and operating environment is not supported and has stopped. This behavior is expected for VMICTimeProvider on non-HyperV-guest environments. This may be the expected behavior for the current provider in the current operating environment as well.
Information	13-10-2021 14:14:43	Service Control Manager	7040	None	The start type of the Windows Modules Installer service was changed from demand start to auto start.
Information	13-10-2021 12:59:50	Microsoft-Windows-WindowsUpdateClient	19	Windows Update Agent	Installation Successful: Windows successfully installed the following update: 9NBLGGH5R558-Microsoft.Todos
Information	13-10-2021 12:59:40	Microsoft-Windows-WindowsUpdateClient	43	Windows Update Agent	Installation Started: Windows has started installing the following update: 9NBLGGH5R558-Microsoft.Todos
Information	13-10-2021 12:59:33	Microsoft-Windows-Kernel-General	16	None	The access history in hive \??\C:\ProgramData\Microsoft\Windows\AppRepository\Packages\Microsoft.Todos_2.55.42812.0_x64__8wekyb3d8bbwe\ActivationStore.dat was cleared updating 0 keys and creating 0 modified pages.
Information	13-10-2021 12:59:03	Microsoft-Windows-WindowsUpdateClient	44	Windows Update Agent	Windows Update started downloading an update.
Information	13-10-2021 12:57:32	Microsoft-Windows-WindowsUpdateClient	19	Windows Update Agent	Installation Successful: Windows successfully installed the following update: 9NBLGGH42THS-Microsoft.Microsoft3DViewer
Information	13-10-2021 12:57:29	Microsoft-Windows-Kernel-General	16	None	The access history in hive \??\C:\Users\mahendra\AppData\Local\Packages\Microsoft.Microsoft3DViewer_8wekyb3d8bbwe\Settings\settings.dat was cleared updating 2 keys and creating 1 modified pages.
Information	13-10-2021 12:56:50	Microsoft-Windows-Ntfs	98	None	Volume Windows (\Device\HarddiskVolumeShadowCopy6) is healthy.  No action is needed.
Error	13-10-2021 12:56:13	Microsoft-Windows-WindowsUpdateClient	20	Windows Update Agent	Installation Failure: Windows failed to install the following update with error 0x80073D02: 9WZDNCRFJ3P2-MICROSOFT.ZUNEVIDEO.
Information	13-10-2021 12:56:05	Microsoft-Windows-WindowsUpdateClient	43	Windows Update Agent	Installation Started: Windows has started installing the following update: 9WZDNCRFJ3P2-MICROSOFT.ZUNEVIDEO
Information	13-10-2021 12:56:05	Microsoft-Windows-WindowsUpdateClient	43	Windows Update Agent	Installation Started: Windows has started installing the following update: 9NBLGGH42THS-Microsoft.Microsoft3DViewer
Information	13-10-2021 12:46:41	Microsoft-Windows-WindowsUpdateClient	44	Windows Update Agent	Windows Update started downloading an update.
Information	13-10-2021 12:46:41	Microsoft-Windows-WindowsUpdateClient	44	Windows Update Agent	Windows Update started downloading an update.
Information	13-10-2021 12:46:41	Microsoft-Windows-WindowsUpdateClient	44	Windows Update Agent	Windows Update started downloading an update.
Information	13-10-2021 12:00:00	EventLog	6013	None	The system uptime is 6995 seconds.
Information	13-10-2021 11:51:34	Service Control Manager	7040	None	The start type of the Windows Modules Installer service was changed from auto start to demand start.
Information	13-10-2021 11:50:41	Service Control Manager	7040	None	The start type of the Windows Modules Installer service was changed from demand start to auto start.
Information	13-10-2021 11:49:45	Microsoft-Windows-WindowsUpdateClient	44	Windows Update Agent	Windows Update started downloading an update.
Information	13-10-2021 11:47:54	Microsoft-Windows-WindowsUpdateClient	44	Windows Update Agent	Windows Update started downloading an update.
Information	13-10-2021 11:47:50	Microsoft-Windows-WindowsUpdateClient	44	Windows Update Agent	Windows Update started downloading an update.
Information	13-10-2021 11:41:53	Microsoft-Windows-UserModePowerService	12	(10)	Process C:\Windows\System32\svchost.exe (process ID:1684) reset policy scheme from {48684d4a-8524-4093-8a63-ea7132b79c1c} to {48684d4a-8524-4093-8a63-ea7132b79c1c}
Information	13-10-2021 11:41:53	Microsoft-Windows-Kernel-Power	105	(100)	Power source change.
Information	13-10-2021 11:41:42	Microsoft-Windows-UserModePowerService	12	(10)	Process C:\Windows\System32\svchost.exe (process ID:1684) reset policy scheme from {48684d4a-8524-4093-8a63-ea7132b79c1c} to {48684d4a-8524-4093-8a63-ea7132b79c1c}
Information	13-10-2021 10:31:04	Service Control Manager	7040	None	The start type of the Background Intelligent Transfer Service service was changed from auto start to demand start.
Information	13-10-2021 10:28:36	Service Control Manager	7040	None	The start type of the Background Intelligent Transfer Service service was changed from demand start to auto start.
Warning	13-10-2021 10:27:35	Microsoft-Windows-DistributedCOM	10016	None	"The application-specific permission settings do not grant Local Activation permission for the COM Server application with CLSID 
{2593F8B9-4EAF-457C-B68A-50F6B8EA6B54}
 and APPID 
{15C20B67-12E7-4BB6-92BB-7AFF07997402}
 to the user LAPTOP-7EVMU4TQ\mahendra SID (S-1-5-21-38077573-387163758-1783380300-1002) from address LocalHost (Using LRPC) running in the application container Unavailable SID (Unavailable). This security permission can be modified using the Component Services administrative tool."
Information	13-10-2021 10:27:02	Service Control Manager	7040	None	The start type of the Background Intelligent Transfer Service service was changed from auto start to demand start.
Information	13-10-2021 10:22:51	Service Control Manager	7040	None	The start type of the Background Intelligent Transfer Service service was changed from demand start to auto start.
Warning	13-10-2021 10:21:30	Microsoft-Windows-DistributedCOM	10016	None	"The application-specific permission settings do not grant Local Activation permission for the COM Server application with CLSID 
{2593F8B9-4EAF-457C-B68A-50F6B8EA6B54}
 and APPID 
{15C20B67-12E7-4BB6-92BB-7AFF07997402}
 to the user LAPTOP-7EVMU4TQ\mahendra SID (S-1-5-21-38077573-387163758-1783380300-1002) from address LocalHost (Using LRPC) running in the application container Unavailable SID (Unavailable). This security permission can be modified using the Component Services administrative tool."
Warning	13-10-2021 10:19:59	Microsoft-Windows-DistributedCOM	10016	None	"The application-specific permission settings do not grant Local Activation permission for the COM Server application with CLSID 
{2593F8B9-4EAF-457C-B68A-50F6B8EA6B54}
 and APPID 
{15C20B67-12E7-4BB6-92BB-7AFF07997402}
 to the user LAPTOP-7EVMU4TQ\mahendra SID (S-1-5-21-38077573-387163758-1783380300-1002) from address LocalHost (Using LRPC) running in the application container Unavailable SID (Unavailable). This security permission can be modified using the Component Services administrative tool."
Error	13-10-2021 10:15:32	Service Control Manager	7009	None	A timeout was reached (30000 milliseconds) while waiting for the Intel(R) SUR QC Software Asset Manager service to connect.
Information	13-10-2021 10:14:13	Microsoft-Windows-WindowsUpdateClient	19	Windows Update Agent	Installation Successful: Windows successfully installed the following update: Security Intelligence Update for Microsoft Defender Antivirus - KB2267602 (Version 1.351.314.0)
Information	13-10-2021 10:12:54	Microsoft-Windows-WindowsUpdateClient	43	Windows Update Agent	Installation Started: Windows has started installing the following update: Security Intelligence Update for Microsoft Defender Antivirus - KB2267602 (Version 1.351.314.0)
Information	13-10-2021 10:12:34	Microsoft-Windows-WindowsUpdateClient	44	Windows Update Agent	Windows Update started downloading an update.
Warning	13-10-2021 10:12:12	Microsoft-Windows-DistributedCOM	10016	None	"The application-specific permission settings do not grant Local Activation permission for the COM Server application with CLSID 
{2593F8B9-4EAF-457C-B68A-50F6B8EA6B54}
 and APPID 
{15C20B67-12E7-4BB6-92BB-7AFF07997402}
 to the user LAPTOP-7EVMU4TQ\mahendra SID (S-1-5-21-38077573-387163758-1783380300-1002) from address LocalHost (Using LRPC) running in the application container Unavailable SID (Unavailable). This security permission can be modified using the Component Services administrative tool."
Warning	13-10-2021 10:10:35	Microsoft-Windows-DistributedCOM	10016	None	"The application-specific permission settings do not grant Local Launch permission for the COM Server application with CLSID 
Windows.SecurityCenter.WscDataProtection
 and APPID 
Unavailable
 to the user NT AUTHORITY\SYSTEM SID (S-1-5-18) from address LocalHost (Using LRPC) running in the application container Unavailable SID (Unavailable). This security permission can be modified using the Component Services administrative tool."
Error	13-10-2021 10:07:03	Service Control Manager	7000	None	"The Windows Presentation Foundation Font Cache 3.0.0.0 service failed to start due to the following error: 
The service did not respond to the start or control request in a timely fashion."
Error	13-10-2021 10:07:03	Service Control Manager	7009	None	A timeout was reached (30000 milliseconds) while waiting for the Windows Presentation Foundation Font Cache 3.0.0.0 service to connect.
Information	13-10-2021 10:05:55	Microsoft-Windows-TPM-WMI	1025	None	The TPM was successfully provisioned and is now ready for use.
Information	13-10-2021 10:05:52	Microsoft-Windows-TPM-WMI	1282	None	The TBS device identifier has been generated.
Error	13-10-2021 10:05:47	Service Control Manager	7009	None	A timeout was reached (30000 milliseconds) while waiting for the Intel(R) SUR QC Software Asset Manager service to connect.
Information	13-10-2021 10:05:23	Microsoft-Windows-Winlogon	7001	(1101)	User Logon Notification for Customer Experience Improvement Program
Information	13-10-2021 10:05:15	TPM	18	None	This event triggers the Trusted Platform Module (TPM) provisioning/status check to run.
Information	13-10-2021 10:05:15	Service Control Manager	7026	None	"The following boot-start or system-start driver(s) did not load: 
dam
WinSetupMon"
Warning	13-10-2021 10:05:07	Microsoft-Windows-Kernel-Processor-Power	37	(7)	The speed of processor 7 in group 0 is being limited by system firmware. The processor has been in this reduced performance state for 71 seconds since the last report.
Information	13-10-2021 10:04:54	Microsoft-Windows-WLAN-AutoConfig	4000	None	"WLAN AutoConfig service has successfully started.
"
Information	13-10-2021 10:04:56	RST Middleware	27	None	Found passthru disk: SCSI Port: 0, SCSI Bus: 0, SCSI Target: 1, SATA , 0 bytes, hp       DVDRW GUE1N                   
Information	13-10-2021 10:04:56	RST Middleware	27	None	Found passthru disk: SCSI Port: 0, SCSI Bus: 0, SCSI Target: 0, SATA HDD, 1000204886016 bytes, ST1000LM035-1RK172                     
Information	13-10-2021 10:04:46	Microsoft-Windows-UserModePowerService	12	(10)	Process C:\Windows\System32\DriverStore\FileRepository\dptf_cpu.inf_amd64_21306a77b30fd6e0\esif_uf.exe (process ID:5080) reset policy scheme from {48684d4a-8524-4093-8a63-ea7132b79c1c} to {48684d4a-8524-4093-8a63-ea7132b79c1c}
Information	13-10-2021 10:04:46	Microsoft-Windows-UserModePowerService	12	(10)	Process C:\Windows\System32\DriverStore\FileRepository\dptf_cpu.inf_amd64_21306a77b30fd6e0\esif_uf.exe (process ID:5080) reset policy scheme from {48684d4a-8524-4093-8a63-ea7132b79c1c} to {48684d4a-8524-4093-8a63-ea7132b79c1c}
Information	13-10-2021 10:04:25	Microsoft-Windows-DHCPv6-Client	51046	Service State Event	DHCPv6 client service is started
Information	13-10-2021 10:04:25	Microsoft-Windows-Dhcp-Client	50036	Service State Event	DHCPv4 client service is started
Information	13-10-2021 10:04:25	Microsoft-Windows-Dhcp-Client	50103	Service State Event	DHCPv4 client registered for shutdown notification
Information	13-10-2021 10:04:25	Microsoft-Windows-Dhcp-Client	50036	Service State Event	DHCPv4 client service is started
Information	13-10-2021 10:04:25	Microsoft-Windows-FilterManager	6	None	File System Filter 'bindflt' (10.0, ‎2038‎-‎07‎-‎16T15:00:12.000000000Z) has successfully loaded and registered with Filter Manager.
Information	13-10-2021 10:04:25	Microsoft-Windows-FilterManager	6	None	File System Filter 'storqosflt' (10.0, ‎1990‎-‎03‎-‎04T19:48:49.000000000Z) has successfully loaded and registered with Filter Manager.
Information	13-10-2021 10:04:24	Microsoft-Windows-FilterManager	6	None	File System Filter 'CldFlt' (10.0, ‎1990‎-‎03‎-‎18T15:34:03.000000000Z) has successfully loaded and registered with Filter Manager.
Information	13-10-2021 10:04:24	Microsoft-Windows-FilterManager	1	None	File System Filter 'CldFlt' (Version 10.0, ‎1990‎-‎03‎-‎18T15:34:03.000000000Z) unloaded successfully.
Information	13-10-2021 10:04:24	Microsoft-Windows-FilterManager	6	None	File System Filter 'CldFlt' (10.0, ‎1990‎-‎03‎-‎18T15:34:03.000000000Z) has successfully loaded and registered with Filter Manager.
Information	13-10-2021 10:04:23	Microsoft-Windows-UserModePowerService	12	(10)	Process C:\Windows\System32\svchost.exe (process ID:1684) reset policy scheme from {48684d4a-8524-4093-8a63-ea7132b79c1c} to {48684d4a-8524-4093-8a63-ea7132b79c1c}
Information	13-10-2021 10:04:23	Microsoft-Windows-FilterManager	6	None	File System Filter 'luafv' (10.0, ‎2058‎-‎03‎-‎26T06:07:33.000000000Z) has successfully loaded and registered with Filter Manager.
Information	13-10-2021 10:04:23	Microsoft-Windows-FilterManager	6	None	File System Filter 'wcifs' (10.0, ‎1991‎-‎06‎-‎21T12:00:29.000000000Z) has successfully loaded and registered with Filter Manager.
Information	13-10-2021 10:04:22	Microsoft-Windows-Directory-Services-SAM	16983	None	"The security account manager is now logging periodic summary events for remote clients that call legacy password change or set RPC methods.

For more information please see https://go.microsoft.com/fwlink/?linkid=2150956.
"
Information	13-10-2021 10:04:22	Microsoft-Windows-Directory-Services-SAM	16977	None	"The domain is configured with the following minimum password length-related settings.

MinimumPasswordLength: 0

RelaxMinimumPasswordLengthLimits: 0

MinimumPasswordLengthAudit: -1

For more information see https://go.microsoft.com/fwlink/?LinkId=2097191.
"
Information	13-10-2021 10:04:22	Microsoft-Windows-Directory-Services-SAM	16962	None	"Remote calls to the SAM database are being restricted using the default security descriptor: O:SYG:SYD:(A;;RC;;;BA).
For more information please see http://go.microsoft.com/fwlink/?LinkId=787651."
Information	13-10-2021 10:04:22	Microsoft-Windows-Wininit	14	None	Credential Guard configuration: 0x0, 0
Information	13-10-2021 10:04:17	Microsoft-Windows-Kernel-General	24	(11)	The time zone information was refreshed with exit reason 0. Current time zone bias is -330.
Information	13-10-2021 10:04:10	Microsoft-Windows-Ntfs	98	None	Volume \\?\Volume{c386ec05-0800-406a-b64e-447dfac340c8} (\Device\HarddiskVolume4) is healthy.  No action is needed.
Information	13-10-2021 10:04:09	Microsoft-Windows-Ntfs	98	None	Volume \\?\Volume{5db82c8c-c006-49d6-8c98-08debef57484} (\Device\HarddiskVolume6) is healthy.  No action is needed.
Information	13-10-2021 10:03:57	MEIx64	2	None	Intel(R) Management Engine Interface driver has started successfully.
Information	13-10-2021 10:03:56	Microsoft-Windows-Kernel-Power	521	(220)	Active battery count change.
Information	13-10-2021 10:03:56	Microsoft-Windows-Kernel-Power	105	(100)	Power source change.
Information	13-10-2021 10:03:56	Microsoft-Windows-Kernel-Power	521	(220)	Active battery count change.
Error	13-10-2021 10:03:56	VBoxNetLwf	12	None	The driver detected an internal driver error on \Device\VBoxNetLwf.
Information	13-10-2021 10:03:56	Microsoft-Windows-Kernel-Processor-Power	55	(47)	"Processor 7 in group 0 exposes the following power management capabilities:

Idle state type: ACPI Idle (C) States (3 state(s))

Performance state type: ACPI Collaborative Processor Performance Control
Nominal Frequency (MHz): 2112
Maximum performance percentage: 200
Minimum performance percentage: 38
Minimum throttle percentage: 4"
Information	13-10-2021 10:03:56	Microsoft-Windows-Kernel-Processor-Power	55	(47)	"Processor 5 in group 0 exposes the following power management capabilities:

Idle state type: ACPI Idle (C) States (3 state(s))

Performance state type: ACPI Collaborative Processor Performance Control
Nominal Frequency (MHz): 2112
Maximum performance percentage: 200
Minimum performance percentage: 38
Minimum throttle percentage: 4"
Information	13-10-2021 10:03:56	Microsoft-Windows-Kernel-Processor-Power	55	(47)	"Processor 3 in group 0 exposes the following power management capabilities:

Idle state type: ACPI Idle (C) States (3 state(s))

Performance state type: ACPI Collaborative Processor Performance Control
Nominal Frequency (MHz): 2112
Maximum performance percentage: 200
Minimum performance percentage: 38
Minimum throttle percentage: 4"
Information	13-10-2021 10:03:56	Microsoft-Windows-Kernel-Processor-Power	55	(47)	"Processor 1 in group 0 exposes the following power management capabilities:

Idle state type: ACPI Idle (C) States (3 state(s))

Performance state type: ACPI Collaborative Processor Performance Control
Nominal Frequency (MHz): 2112
Maximum performance percentage: 200
Minimum performance percentage: 38
Minimum throttle percentage: 4"
Information	13-10-2021 10:03:56	Microsoft-Windows-Kernel-Processor-Power	55	(47)	"Processor 6 in group 0 exposes the following power management capabilities:

Idle state type: ACPI Idle (C) States (3 state(s))

Performance state type: ACPI Collaborative Processor Performance Control
Nominal Frequency (MHz): 2112
Maximum performance percentage: 200
Minimum performance percentage: 38
Minimum throttle percentage: 4"
Information	13-10-2021 10:03:56	Microsoft-Windows-Kernel-Processor-Power	55	(47)	"Processor 4 in group 0 exposes the following power management capabilities:

Idle state type: ACPI Idle (C) States (3 state(s))

Performance state type: ACPI Collaborative Processor Performance Control
Nominal Frequency (MHz): 2112
Maximum performance percentage: 200
Minimum performance percentage: 38
Minimum throttle percentage: 4"
Information	13-10-2021 10:03:56	Microsoft-Windows-Kernel-Processor-Power	55	(47)	"Processor 2 in group 0 exposes the following power management capabilities:

Idle state type: ACPI Idle (C) States (3 state(s))

Performance state type: ACPI Collaborative Processor Performance Control
Nominal Frequency (MHz): 2112
Maximum performance percentage: 200
Minimum performance percentage: 38
Minimum throttle percentage: 4"
Information	13-10-2021 10:03:56	Microsoft-Windows-Kernel-Processor-Power	55	(47)	"Processor 0 in group 0 exposes the following power management capabilities:

Idle state type: ACPI Idle (C) States (3 state(s))

Performance state type: ACPI Collaborative Processor Performance Control
Nominal Frequency (MHz): 2112
Maximum performance percentage: 200
Minimum performance percentage: 19
Minimum throttle percentage: 4"
Information	13-10-2021 10:03:56	Microsoft-Windows-Ntfs	98	None	Volume E: (\Device\HarddiskVolume5) is healthy.  No action is needed.
Warning	13-10-2021 10:03:54	Microsoft-Windows-Kernel-PnP	219	(212)	The driver \Driver\WudfRd failed to load for the device PCI\VEN_8086&DEV_1903&SUBSYS_86B4103C&REV_0C\3&11583659&2&20.
Information	13-10-2021 10:03:54	Microsoft-Windows-DriverFrameworks-UserMode	10118	Startup of the UMDF reflector	UMDF reflector is unable to connect to service control manager (SCM). This is expected during boot, when SCM has not started yet. Will retry when it starts.
Information	13-10-2021 10:03:53	Microsoft-Windows-Kernel-Power	172	(203)	Connectivity state in standby: Disconnected, Reason: NIC compliance
Information	13-10-2021 10:03:52	Microsoft-Windows-FilterManager	6	None	File System Filter 'npsvctrig' (10.0, ‎2104‎-‎06‎-‎16T05:01:44.000000000Z) has successfully loaded and registered with Filter Manager.
Information	13-10-2021 10:03:51	Microsoft-Windows-FilterManager	6	None	File System Filter 'FileCrypt' (10.0, ‎2102‎-‎10‎-‎25T08:50:26.000000000Z) has successfully loaded and registered with Filter Manager.
Information	13-10-2021 10:03:43	Microsoft-Windows-Ntfs	98	None	Volume C: (\Device\HarddiskVolume3) is healthy.  No action is needed.
Information	13-10-2021 10:03:29	Microsoft-Windows-FilterManager	6	None	File System Filter 'WdFilter' (10.0, ‎2068‎-‎11‎-‎20T18:21:04.000000000Z) has successfully loaded and registered with Filter Manager.
Information	13-10-2021 10:03:29	Microsoft-Windows-FilterManager	6	None	File System Filter 'Wof' (10.0, ‎2061‎-‎09‎-‎05T19:26:37.000000000Z) has successfully loaded and registered with Filter Manager.
Information	13-10-2021 10:03:29	Microsoft-Windows-FilterManager	6	None	File System Filter 'FileInfo' (10.0, ‎1970‎-‎09‎-‎04T04:26:45.000000000Z) has successfully loaded and registered with Filter Manager.
Information	13-10-2021 10:03:26	Microsoft-Windows-HAL	16	None	The iommu fault reporting has been initialized.
Information	13-10-2021 10:03:26	Microsoft-Windows-Kernel-General	20	(6)	"The leap second configuration has been updated.
Reason: Leap second data initialized from registry during boot
Leap seconds enabled: true
New leap second count: 0
Old leap second count: 0"
Information	13-10-2021 10:03:26	Microsoft-Windows-Kernel-Boot	30	(21)	The firmware reported boot metrics.
Information	13-10-2021 10:03:26	Microsoft-Windows-Kernel-Boot	27	(33)	The boot type was 0x0.
Information	13-10-2021 10:03:26	Microsoft-Windows-Kernel-Boot	25	(32)	The boot menu policy was 0x1.
Information	13-10-2021 10:03:26	Microsoft-Windows-Kernel-Boot	238	(101)	EFI time zone bias: 2047. Daylight flags: 0. Firmware time: ‎2021‎-‎10‎-‎13T10:03:24.000000000Z.
Information	13-10-2021 10:03:26	Microsoft-Windows-Kernel-Boot	20	(31)	The last shutdown's success status was true. The last boot's success status was true.
Information	13-10-2021 10:03:26	Microsoft-Windows-Kernel-Boot	32	(58)	The bootmgr spent 0 ms waiting for user input.
Information	13-10-2021 10:03:26	Microsoft-Windows-Kernel-Boot	18	(57)	There are 0x1 boot options on this system.
Information	13-10-2021 10:03:26	Microsoft-Windows-Kernel-Boot	153	(62)	Virtualization-based security (policies: 0) is disabled.
Information	13-10-2021 10:03:26	Microsoft-Windows-Kernel-General	12	(1)	The operating system started at system time ‎2021‎-‎10‎-‎13T04:33:25.500000000Z.
Information	13-10-2021 10:03:02	Microsoft-Windows-Kernel-General	13	(2)	The operating system is shutting down at system time ‎2021‎-‎10‎-‎13T04:33:02.918514200Z.
Information	13-10-2021 10:02:31	Microsoft-Windows-WLAN-AutoConfig	4001	None	"WLAN AutoConfig service has successfully stopped.
"
Information	13-10-2021 10:02:23	Microsoft-Windows-Kernel-Power	109	(103)	"The kernel power manager has initiated a shutdown transition.

Shutdown Reason: Kernel API"
Information	13-10-2021 10:04:42	EventLog	6013	None	The system uptime is 77 seconds.
Information	13-10-2021 10:04:42	EventLog	6005	None	The Event log service was started.
Information	13-10-2021 10:04:42	EventLog	6009	None	Microsoft (R) Windows (R) 10.00. 22000  Multiprocessor Free.
Information	13-10-2021 10:02:18	Microsoft-Windows-Dhcp-Client	50037	Service State Event	DHCPv4 client service is stopped. ShutDown Flag value is 1
Information	13-10-2021 10:02:18	Microsoft-Windows-Dhcp-Client	50106	Service State Event	DHCPv4 is waiting on DHCPv6 service to stop
Information	13-10-2021 10:02:18	Microsoft-Windows-DHCPv6-Client	51057	Service State Event	DHCPv6 client service stop is almost done.DHCP Context Ref count is 1
Information	13-10-2021 10:02:18	Microsoft-Windows-DHCPv6-Client	51047	Service State Event	DHCPv6 client service is stopped. ShutDown Flag value is 1
Information	13-10-2021 10:02:18	EventLog	6006	None	The Event log service was stopped.
Information	13-10-2021 10:02:17	Microsoft-Windows-Dhcp-Client	50105	Service State Event	DHCPv4 client ProcessDHCPRequestForever received TERMINATE_EVENT
Information	13-10-2021 10:02:17	Microsoft-Windows-Dhcp-Client	50104	Service State Event	DHCPv4 client received shutdown notification
Error	13-10-2021 10:02:12	Service Control Manager	7023	None	"The User Energy Server Service queencreek service terminated with the following error: 
Driver %2 returned invalid ID for a child device (55005300450052005F0045005300520056005F005300560043005F0051005500450045004E0043005200450045004B000000)."
Error	13-10-2021 10:02:10	Service Control Manager	7043	None	The Energy Server Service queencreek service did not shut down properly after receiving a preshutdown control.
Information	13-10-2021 10:01:45	Microsoft-Windows-Winlogon	7002	(1102)	User Logoff Notification for Customer Experience Improvement Program
Information	13-10-2021 10:01:36	User32	1074	None	"The process Explorer.EXE has initiated the restart of computer LAPTOP-7EVMU4TQ on behalf of user LAPTOP-7EVMU4TQ\mahendra for the following reason: Other (Unplanned)
 Reason Code: 0x0
 Shutdown Type: restart
 Comment: "
Information	13-10-2021 09:57:14	Microsoft-Windows-WindowsUpdateClient	19	Windows Update Agent	Installation Successful: Windows successfully installed the following update: Security Intelligence Update for Microsoft Defender Antivirus - KB2267602 (Version 1.351.301.0)
Information	13-10-2021 09:56:11	Microsoft-Windows-WindowsUpdateClient	43	Windows Update Agent	Installation Started: Windows has started installing the following update: Security Intelligence Update for Microsoft Defender Antivirus - KB2267602 (Version 1.351.301.0)
Information	13-10-2021 09:56:10	Microsoft-Windows-WindowsUpdateClient	44	Windows Update Agent	Windows Update started downloading an update.
Warning	13-10-2021 09:54:13	Microsoft-Windows-DistributedCOM	10016	None	"The application-specific permission settings do not grant Local Activation permission for the COM Server application with CLSID 
{2593F8B9-4EAF-457C-B68A-50F6B8EA6B54}
 and APPID 
{15C20B67-12E7-4BB6-92BB-7AFF07997402}
 to the user LAPTOP-7EVMU4TQ\mahendra SID (S-1-5-21-38077573-387163758-1783380300-1002) from address LocalHost (Using LRPC) running in the application container Unavailable SID (Unavailable). This security permission can be modified using the Component Services administrative tool."
Information	13-10-2021 09:52:59	Microsoft-Windows-Kernel-General	16	None	The access history in hive \??\C:\Users\mahendra\AppData\Local\Packages\Microsoft.XboxIdentityProvider_8wekyb3d8bbwe\Settings\settings.dat was cleared updating 3 keys and creating 1 modified pages.
Warning	13-10-2021 09:50:42	Microsoft-Windows-DistributedCOM	10016	None	"The application-specific permission settings do not grant Local Activation permission for the COM Server application with CLSID 
{2593F8B9-4EAF-457C-B68A-50F6B8EA6B54}
 and APPID 
{15C20B67-12E7-4BB6-92BB-7AFF07997402}
 to the user LAPTOP-7EVMU4TQ\mahendra SID (S-1-5-21-38077573-387163758-1783380300-1002) from address LocalHost (Using LRPC) running in the application container Unavailable SID (Unavailable). This security permission can be modified using the Component Services administrative tool."
Error	13-10-2021 09:48:30	Server	2505	None	The server could not bind to the transport \Device\NetBT_Tcpip_{9F961AE3-9423-4C8B-AB48-B1886999008B} because another computer on the network has the same name.  The server could not start.
Information	13-10-2021 09:47:29	Microsoft-Windows-Power-Troubleshooter	1	None	"The system has returned from a low power state.

Sleep Time: ‎2021‎-‎10‎-‎13T03:28:11.569077600Z
Wake Time: ‎2021‎-‎10‎-‎13T04:17:26.943401400Z

Wake Source: Power Button"
Information	13-10-2021 09:47:26	Microsoft-Windows-Kernel-Power	566	(268)	"The system session has transitioned from 58 to 60.

Reason: 3"
Error	13-10-2021 09:47:22	Server	2505	None	The server could not bind to the transport \Device\NetBT_Tcpip_{59426481-F96A-490F-9157-08A6F626BD36} because another computer on the network has the same name.  The server could not start.
Information	13-10-2021 09:47:21	Microsoft-Windows-Kernel-Power	566	(268)	"The system session has transitioned from 57 to 58.

Reason: 3"
Information	13-10-2021 09:47:18	Microsoft-Windows-Kernel-Power	130	(33)	Firmware S3 times. SuspendStart: 36512598, SuspendEnd: 36512599
Information	13-10-2021 09:47:18	Microsoft-Windows-Kernel-Power	131	(33)	Firmware S3 times. ResumeCount: 2, FullResume: 1020, AverageResume: 1024
Information	13-10-2021 09:47:18	Microsoft-Windows-Kernel-General	1	(5)	"The system time has changed to ‎2021‎-‎10‎-‎13T04:17:18.500000000Z from ‎2021‎-‎10‎-‎13T03:28:25.479735500Z.

Change Reason: System time synchronized with the hardware clock.
Process: '' (PID 4).

RTC time: ‎2021‎-‎10‎-‎13T09:47:18.500000000Z
Current time zone bias: -330
RTC time is in UTC: false
System time was based on RTC time: false"
Information	13-10-2021 08:58:25	Microsoft-Windows-Kernel-Power	107	(102)	The system has resumed from sleep.
Information	13-10-2021 08:58:19	Microsoft-Windows-Kernel-Power	42	(64)	"The system is entering sleep.

Sleep Reason: System Idle"
Information	13-10-2021 08:58:14	Microsoft-Windows-Kernel-Power	566	(268)	"The system session has transitioned from 55 to 57.

Reason: 3"
Information	13-10-2021 08:57:47	Microsoft-Windows-Kernel-Power	566	(268)	"The system session has transitioned from 54 to 55.

Reason: 3"
Error	13-10-2021 08:54:20	Microsoft-Windows-DistributedCOM	10001	None	"Unable to start a DCOM Server: {A28430CA-1EBF-48DD-AA17-9221B6F86A6C} as Unavailable/Unavailable. The error:
""2147958016""
Happened while starting this command:
""C:\Program Files\WindowsApps\MicrosoftTeams_21253.510.996.1465_x64__8wekyb3d8bbwe\msteamsupdate.exe"" -RegisterComServerForUpdaterTask -Embedding"
Error	13-10-2021 08:54:20	Microsoft-Windows-DistributedCOM	10001	None	"Unable to start a DCOM Server: {08949FF9-54D2-47CB-9B3F-82E9ACC93DF1} as Unavailable/Unavailable. The error:
""2147958016""
Happened while starting this command:
""C:\Program Files\WindowsApps\MicrosoftTeams_21253.510.996.1465_x64__8wekyb3d8bbwe\msteamsupdate.exe"" -RegisterComServerForEcsTask -Embedding"
Warning	13-10-2021 08:50:22	Microsoft-Windows-DNS-Client	1014	(1014)	Name resolution for the name crl3.digicert.com timed out after none of the configured DNS servers responded. Client PID 11616.
Information	13-10-2021 08:49:51	Microsoft-Windows-Kernel-General	1	(5)	"The system time has changed to ‎2021‎-‎10‎-‎13T03:19:51.283095800Z from ‎2021‎-‎10‎-‎13T03:19:51.277837700Z.

Change Reason: An application or system component changed the time.
Process: '\Device\HarddiskVolume3\Windows\System32\svchost.exe' (PID 15256).

RTC time: ‎2021‎-‎10‎-‎13T08:49:51.283095800Z
Current time zone bias: -330
RTC time is in UTC: false
System time was based on RTC time: false"
Information	13-10-2021 08:49:51	Microsoft-Windows-Kernel-General	24	(11)	The time zone information was refreshed with exit reason 0. Current time zone bias is -330.
Information	13-10-2021 08:49:51	Microsoft-Windows-Time-Service	35	None	The time service is now synchronizing the system time with the time source time.windows.com,0x9 (ntp.m|0x9|0.0.0.0:123->40.81.94.65:123) with reference id 1096700200. Current local stratum number is 4.
Information	13-10-2021 08:49:35	Microsoft-Windows-Time-Service	37	None	The time provider NtpClient is currently receiving valid time data from time.windows.com,0x9 (ntp.m|0x9|0.0.0.0:123->40.81.94.65:123).
Warning	13-10-2021 08:49:33	Microsoft-Windows-DNS-Client	1014	(1014)	Name resolution for the name services.gfe.nvidia.com timed out after none of the configured DNS servers responded. Client PID 524.
Information	13-10-2021 08:49:10	Microsoft-Windows-Winlogon	7001	(1101)	User Logon Notification for Customer Experience Improvement Program
Error	13-10-2021 08:49:05	Server	2505	None	The server could not bind to the transport \Device\NetBT_Tcpip_{9F961AE3-9423-4C8B-AB48-B1886999008B} because another computer on the network has the same name.  The server could not start.
Information	13-10-2021 08:48:58	Microsoft-Windows-Power-Troubleshooter	1	None	"The system has returned from a low power state.

Sleep Time: ‎2021‎-‎10‎-‎13T03:01:59.321218200Z
Wake Time: ‎2021‎-‎10‎-‎13T03:18:55.678422500Z

Wake Source: Power Button"
Error	13-10-2021 08:48:58	Server	2505	None	The server could not bind to the transport \Device\NetBT_Tcpip_{59426481-F96A-490F-9157-08A6F626BD36} because another computer on the network has the same name.  The server could not start.
Information	13-10-2021 08:48:55	Microsoft-Windows-Kernel-Power	566	(268)	"The system session has transitioned from 52 to 54.

Reason: 3"
Warning	13-10-2021 08:48:55	Microsoft-Windows-Time-Service	134	None	NtpClient was unable to set a manual peer to use as a time source because of DNS resolution error on 'time.windows.com,0x9'. NtpClient will try again in 15 minutes and double the reattempt interval thereafter. The error was: No such host is known. (0x80072AF9)
Information	13-10-2021 08:48:55	Microsoft-Windows-Kernel-Power	566	(268)	"The system session has transitioned from 51 to 52.

Reason: 3"
Information	13-10-2021 08:48:54	Microsoft-Windows-Kernel-Power	130	(33)	Firmware S3 times. SuspendStart: 35941669, SuspendEnd: 35941670
Information	13-10-2021 08:48:54	Microsoft-Windows-Kernel-Power	131	(33)	Firmware S3 times. ResumeCount: 1, FullResume: 1028, AverageResume: 1028
Information	13-10-2021 08:48:54	Microsoft-Windows-Kernel-General	1	(5)	"The system time has changed to ‎2021‎-‎10‎-‎13T03:18:54.500000000Z from ‎2021‎-‎10‎-‎13T03:02:12.216568100Z.

Change Reason: System time synchronized with the hardware clock.
Process: '' (PID 4).

RTC time: ‎2021‎-‎10‎-‎13T08:48:54.500000000Z
Current time zone bias: -330
RTC time is in UTC: false
System time was based on RTC time: false"
Information	13-10-2021 08:32:12	Microsoft-Windows-Kernel-Power	107	(102)	The system has resumed from sleep.
Information	13-10-2021 08:32:07	Microsoft-Windows-Kernel-Power	42	(64)	"The system is entering sleep.

Sleep Reason: System Idle"
Information	13-10-2021 08:31:59	Microsoft-Windows-Kernel-Power	566	(268)	"The system session has transitioned from 49 to 51.

Reason: 3"
Information	13-10-2021 08:31:53	Microsoft-Windows-Kernel-Power	566	(268)	"The system session has transitioned from 48 to 49.

Reason: 3"
Warning	13-10-2021 08:27:22	Microsoft-Windows-Time-Service	134	None	NtpClient was unable to set a manual peer to use as a time source because of DNS resolution error on 'time.windows.com,0x9'. NtpClient will try again in 15 minutes and double the reattempt interval thereafter. The error was: No such host is known. (0x80072AF9)
Information	13-10-2021 08:26:52	Microsoft-Windows-Power-Troubleshooter	1	None	"The system has returned from a low power state.

Sleep Time: ‎2021‎-‎10‎-‎12T18:47:30.020357600Z
Wake Time: ‎2021‎-‎10‎-‎13T02:56:45.411729000Z

Wake Source: Unknown"
Warning	13-10-2021 08:26:48	Microsoft-Windows-Time-Service	134	None	NtpClient was unable to set a manual peer to use as a time source because of DNS resolution error on 'time.windows.com,0x9'. NtpClient will try again in 15 minutes and double the reattempt interval thereafter. The error was: No such host is known. (0x80072AF9)
Error	13-10-2021 08:26:49	Server	2505	None	The server could not bind to the transport \Device\NetBT_Tcpip_{59426481-F96A-490F-9157-08A6F626BD36} because another computer on the network has the same name.  The server could not start.
Information	13-10-2021 08:26:45	Microsoft-Windows-Kernel-Power	566	(268)	"The system session has transitioned from 46 to 48.

Reason: 3"
Information	13-10-2021 08:26:45	Microsoft-Windows-Kernel-Power	566	(268)	"The system session has transitioned from 45 to 46.

Reason: 3"
Information	13-10-2021 08:26:45	Microsoft-Windows-Kernel-Boot	32	(58)	The bootmgr spent 0 ms waiting for user input.
Information	13-10-2021 08:26:45	Microsoft-Windows-Kernel-Boot	18	(57)	There are 0x1 boot options on this system.
Information	13-10-2021 08:26:45	Microsoft-Windows-Kernel-Boot	30	(21)	The firmware reported boot metrics.
Information	13-10-2021 08:26:41	Microsoft-Windows-Kernel-General	1	(5)	"The system time has changed to ‎2021‎-‎10‎-‎13T02:56:41.500000000Z from ‎2021‎-‎10‎-‎12T18:48:19.468692800Z.

Change Reason: System time synchronized with the hardware clock.
Process: '' (PID 4).

RTC time: ‎2021‎-‎10‎-‎13T08:26:41.500000000Z
Current time zone bias: -330
RTC time is in UTC: false
System time was based on RTC time: false"
Information	13-10-2021 00:18:19	Microsoft-Windows-Kernel-Power	107	(102)	The system has resumed from sleep.
Information	13-10-2021 00:17:46	Microsoft-Windows-Kernel-Power	42	(64)	"The system is entering sleep.

Sleep Reason: Application API"
Information	13-10-2021 00:17:30	Microsoft-Windows-Kernel-Power	566	(268)	"The system session has transitioned from 44 to 45.

Reason: 3"
Information	13-10-2021 00:17:30	Microsoft-Windows-Kernel-Power	187	(243)	User-mode process attempted to change the system state by calling SetSuspendState or SetSystemPowerState APIs.
Information	13-10-2021 00:17:14	Microsoft-Windows-Winlogon	7002	(1102)	User Logoff Notification for Customer Experience Improvement Program
Information	13-10-2021 00:17:14	User32	1074	None	"The process C:\WINDOWS\system32\winlogon.exe (LAPTOP-7EVMU4TQ) has initiated the power off of computer LAPTOP-7EVMU4TQ on behalf of user NT AUTHORITY\SYSTEM for the following reason: No title for this reason could be found
 Reason Code: 0x500ff
 Shutdown Type: power off
 Comment: "
Warning	13-10-2021 00:16:51	Microsoft-Windows-DNS-Client	1014	(1014)	Name resolution for the name wdcp.microsoft.com timed out after none of the configured DNS servers responded. Client PID 2496.
Information	13-10-2021 00:16:04	User32	1074	None	"The process explorer.exe has initiated the power off of computer LAPTOP-7EVMU4TQ on behalf of user LAPTOP-7EVMU4TQ\mahendra for the following reason: Other (Unplanned)
 Reason Code: 0x0
 Shutdown Type: power off
 Comment: "
Information	13-10-2021 00:15:39	Microsoft-Windows-Ntfs	98	None	Volume Windows (\Device\HarddiskVolumeShadowCopy6) is healthy.  No action is needed.
Information	13-10-2021 00:15:38	Microsoft-Windows-Kernel-General	16	None	The access history in hive \??\C:\Users\mahendra\AppData\Local\Packages\Microsoft.XboxGamingOverlay_8wekyb3d8bbwe\Settings\settings.dat was cleared updating 7 keys and creating 1 modified pages.
Error	13-10-2021 00:15:34	Server	2505	None	The server could not bind to the transport \Device\NetBT_Tcpip_{9F961AE3-9423-4C8B-AB48-B1886999008B} because another computer on the network has the same name.  The server could not start.
Error	13-10-2021 00:13:46	Service Control Manager	7011	None	A timeout (30000 milliseconds) was reached while waiting for a transaction response from the HPSysInfoCap service.
Error	13-10-2021 00:13:16	Service Control Manager	7011	None	A timeout (30000 milliseconds) was reached while waiting for a transaction response from the RtkBtManServ service.
Error	13-10-2021 00:12:46	Service Control Manager	7011	None	A timeout (30000 milliseconds) was reached while waiting for a transaction response from the HPSysInfoCap service.
Error	13-10-2021 00:12:16	Service Control Manager	7011	None	A timeout (30000 milliseconds) was reached while waiting for a transaction response from the RtkBtManServ service.
Error	13-10-2021 00:11:46	Service Control Manager	7011	None	A timeout (30000 milliseconds) was reached while waiting for a transaction response from the HPSysInfoCap service.
Error	13-10-2021 00:11:16	Service Control Manager	7011	None	A timeout (30000 milliseconds) was reached while waiting for a transaction response from the RtkBtManServ service.
Information	13-10-2021 00:10:50	Microsoft-Windows-Kernel-Power	105	(100)	Power source change.
Information	13-10-2021 00:07:22	Microsoft-Windows-Ntfs	98	None	Volume Windows (\Device\HarddiskVolumeShadowCopy4) is healthy.  No action is needed.
Warning	13-10-2021 00:03:48	Microsoft-Windows-DNS-Client	1014	(1014)	Name resolution for the name continuum.dds.microsoft.com timed out after none of the configured DNS servers responded. Client PID 5632.
Warning	13-10-2021 00:03:36	Microsoft-Windows-DNS-Client	1014	(1014)	Name resolution for the name client.wns.windows.com timed out after none of the configured DNS servers responded. Client PID 4852.
Information	13-10-2021 00:03:24	Microsoft-Windows-Kernel-General	16	None	The access history in hive \??\C:\Users\mahendra\AppData\Local\Packages\Microsoft.AAD.BrokerPlugin_cw5n1h2txyewy\Settings\settings.dat was cleared updating 87 keys and creating 6 modified pages.
Error	13-10-2021 00:03:25	Server	2505	None	The server could not bind to the transport \Device\NetBT_Tcpip_{9F961AE3-9423-4C8B-AB48-B1886999008B} because another computer on the network has the same name.  The server could not start.
Information	13-10-2021 00:03:21	Microsoft-Windows-Kernel-Power	566	(268)	"The system session has transitioned from 42 to 44.

Reason: 3"
Information	13-10-2021 00:02:28	Microsoft-Windows-Kernel-Power	566	(268)	"The system session has transitioned from 41 to 42.

Reason: 3"
Error	12-10-2021 23:33:25	Server	2505	None	The server could not bind to the transport \Device\NetBT_Tcpip_{9F961AE3-9423-4C8B-AB48-B1886999008B} because another computer on the network has the same name.  The server could not start.
Error	12-10-2021 23:33:20	Server	2505	None	The server could not bind to the transport \Device\NetBT_Tcpip_{9F961AE3-9423-4C8B-AB48-B1886999008B} because another computer on the network has the same name.  The server could not start.
Warning	12-10-2021 23:31:58	Microsoft-Windows-DNS-Client	1014	(1014)	Name resolution for the name meet.google.com timed out after none of the configured DNS servers responded. Client PID 15012.
Error	12-10-2021 23:07:25	Server	2505	None	The server could not bind to the transport \Device\NetBT_Tcpip_{9F961AE3-9423-4C8B-AB48-B1886999008B} because another computer on the network has the same name.  The server could not start.
Warning	12-10-2021 23:07:18	Microsoft-Windows-DNS-Client	1014	(1014)	Name resolution for the name meet.google.com timed out after none of the configured DNS servers responded. Client PID 15012.
Warning	12-10-2021 22:08:25	Microsoft-Windows-DistributedCOM	10016	None	"The application-specific permission settings do not grant Local Activation permission for the COM Server application with CLSID 
{2593F8B9-4EAF-457C-B68A-50F6B8EA6B54}
 and APPID 
{15C20B67-12E7-4BB6-92BB-7AFF07997402}
 to the user LAPTOP-7EVMU4TQ\mahendra SID (S-1-5-21-38077573-387163758-1783380300-1002) from address LocalHost (Using LRPC) running in the application container Unavailable SID (Unavailable). This security permission can be modified using the Component Services administrative tool."
Warning	12-10-2021 22:05:54	Microsoft-Windows-DistributedCOM	10016	None	"The application-specific permission settings do not grant Local Activation permission for the COM Server application with CLSID 
{2593F8B9-4EAF-457C-B68A-50F6B8EA6B54}
 and APPID 
{15C20B67-12E7-4BB6-92BB-7AFF07997402}
 to the user LAPTOP-7EVMU4TQ\mahendra SID (S-1-5-21-38077573-387163758-1783380300-1002) from address LocalHost (Using LRPC) running in the application container Unavailable SID (Unavailable). This security permission can be modified using the Component Services administrative tool."
Information	12-10-2021 21:46:11	Service Control Manager	7040	None	The start type of the Background Intelligent Transfer Service service was changed from auto start to demand start.
Information	12-10-2021 21:43:50	Service Control Manager	7040	None	The start type of the Background Intelligent Transfer Service service was changed from demand start to auto start.
Information	12-10-2021 21:23:52	Microsoft-Windows-Ntfs	98	None	Volume Windows (\Device\HarddiskVolumeShadowCopy3) is healthy.  No action is needed.
Error	12-10-2021 21:22:51	Server	2505	None	The server could not bind to the transport \Device\NetBT_Tcpip_{9F961AE3-9423-4C8B-AB48-B1886999008B} because another computer on the network has the same name.  The server could not start.
Error	12-10-2021 21:16:26	Service Control Manager	7000	None	"The Microsoft Account Sign-in Assistant service failed to start due to the following error: 
The service did not respond to the start or control request in a timely fashion."
Error	12-10-2021 21:16:26	Service Control Manager	7009	None	A timeout was reached (30000 milliseconds) while waiting for the Microsoft Account Sign-in Assistant service to connect.
Information	12-10-2021 21:14:03	Microsoft-Windows-Kernel-Power	566	(268)	"The system session has transitioned from 39 to 41.

Reason: 3"
Information	12-10-2021 21:11:58	Microsoft-Windows-Kernel-Power	566	(268)	"The system session has transitioned from 38 to 39.

Reason: 3"
Error	12-10-2021 19:27:44	Service Control Manager	7000	None	"The Windows Search service failed to start due to the following error: 
The service did not respond to the start or control request in a timely fashion."
Error	12-10-2021 19:27:44	Service Control Manager	7009	None	A timeout was reached (30000 milliseconds) while waiting for the Windows Search service to connect.
Error	12-10-2021 19:23:05	Service Control Manager	7009	None	A timeout was reached (30000 milliseconds) while waiting for the Intel(R) SUR QC Software Asset Manager service to connect.
Information	12-10-2021 19:20:31	Service Control Manager	7040	None	The start type of the Background Intelligent Transfer Service service was changed from auto start to demand start.
Information	12-10-2021 19:18:15	Service Control Manager	7040	None	The start type of the Background Intelligent Transfer Service service was changed from demand start to auto start.
Warning	12-10-2021 19:17:06	Microsoft-Windows-DistributedCOM	10016	None	"The application-specific permission settings do not grant Local Activation permission for the COM Server application with CLSID 
{2593F8B9-4EAF-457C-B68A-50F6B8EA6B54}
 and APPID 
{15C20B67-12E7-4BB6-92BB-7AFF07997402}
 to the user LAPTOP-7EVMU4TQ\mahendra SID (S-1-5-21-38077573-387163758-1783380300-1002) from address LocalHost (Using LRPC) running in the application container Unavailable SID (Unavailable). This security permission can be modified using the Component Services administrative tool."
Information	12-10-2021 19:07:17	Microsoft-Windows-Kernel-Power	566	(268)	"The system session has transitioned from 36 to 38.

Reason: 3"
Warning	12-10-2021 19:03:07	Microsoft-Windows-DistributedCOM	10016	None	"The application-specific permission settings do not grant Local Activation permission for the COM Server application with CLSID 
{2593F8B9-4EAF-457C-B68A-50F6B8EA6B54}
 and APPID 
{15C20B67-12E7-4BB6-92BB-7AFF07997402}
 to the user LAPTOP-7EVMU4TQ\mahendra SID (S-1-5-21-38077573-387163758-1783380300-1002) from address LocalHost (Using LRPC) running in the application container Unavailable SID (Unavailable). This security permission can be modified using the Component Services administrative tool."
