Error	12-10-2021 12:06:51	Service Control Manager	7031	None	The NVIDIA Display Container LS service terminated unexpectedly.  It has done this 1 time(s).  The following corrective action will be taken in 6000 milliseconds: Restart the service.
Information	12-10-2021 12:06:48	Microsoft-Windows-Winlogon	7001	(1101)	User Logon Notification for Customer Experience Improvement Program
Error	12-10-2021 12:06:38	Service Control Manager	7009	None	A timeout was reached (45000 milliseconds) while waiting for the Intel(R) SUR QC Software Asset Manager service to connect.
Information	12-10-2021 12:06:28	Microsoft-Windows-TPM-WMI	1025	None	The TPM was successfully provisioned and is now ready for use.
Information	12-10-2021 12:06:25	Microsoft-Windows-TPM-WMI	1282	None	The TBS device identifier has been generated.
Information	12-10-2021 12:06:00	TPM	18	None	This event triggers the Trusted Platform Module (TPM) provisioning/status check to run.
Information	12-10-2021 12:06:00	Service Control Manager	7026	None	"The following boot-start or system-start driver(s) did not load: 
dam
WinSetupMon"
Information	12-10-2021 12:05:19	Microsoft-Windows-UserModePowerService	12	(10)	Process C:\Windows\System32\DriverStore\FileRepository\dptf_cpu.inf_amd64_21306a77b30fd6e0\esif_uf.exe (process ID:2464) reset policy scheme from {48684d4a-8524-4093-8a63-ea7132b79c1c} to {48684d4a-8524-4093-8a63-ea7132b79c1c}
Information	12-10-2021 12:05:19	Microsoft-Windows-UserModePowerService	12	(10)	Process C:\Windows\System32\DriverStore\FileRepository\dptf_cpu.inf_amd64_21306a77b30fd6e0\esif_uf.exe (process ID:2464) reset policy scheme from {48684d4a-8524-4093-8a63-ea7132b79c1c} to {48684d4a-8524-4093-8a63-ea7132b79c1c}
Information	12-10-2021 12:05:14	Microsoft-Windows-WLAN-AutoConfig	4000	None	"WLAN AutoConfig service has successfully started.
"
Information	12-10-2021 12:05:10	Microsoft-Windows-GroupPolicy	1502	None	The Group Policy settings for the computer were processed successfully. New settings from 1 Group Policy objects were detected and applied.
Warning	12-10-2021 12:04:57	Microsoft-Windows-Kernel-Processor-Power	37	(7)	The speed of processor 7 in group 0 is being limited by system firmware. The processor has been in this reduced performance state for 71 seconds since the last report.
Information	12-10-2021 12:04:41	Microsoft-Windows-DHCPv6-Client	51046	Service State Event	DHCPv6 client service is started
Information	12-10-2021 12:04:41	Microsoft-Windows-Dhcp-Client	50036	Service State Event	DHCPv4 client service is started
Information	12-10-2021 12:04:41	Microsoft-Windows-Dhcp-Client	50103	Service State Event	DHCPv4 client registered for shutdown notification
Information	12-10-2021 12:04:41	Microsoft-Windows-Dhcp-Client	50036	Service State Event	DHCPv4 client service is started
Information	12-10-2021 12:04:36	Microsoft-Windows-FilterManager	6	None	File System Filter 'bindflt' (10.0, ‎2038‎-‎07‎-‎16T15:00:12.000000000Z) has successfully loaded and registered with Filter Manager.
Information	12-10-2021 12:04:36	Microsoft-Windows-FilterManager	6	None	File System Filter 'storqosflt' (10.0, ‎1990‎-‎03‎-‎04T19:48:49.000000000Z) has successfully loaded and registered with Filter Manager.
Information	12-10-2021 12:04:36	Microsoft-Windows-UserModePowerService	12	(10)	Process C:\Windows\System32\svchost.exe (process ID:1668) reset policy scheme from {48684d4a-8524-4093-8a63-ea7132b79c1c} to {48684d4a-8524-4093-8a63-ea7132b79c1c}
Information	12-10-2021 12:04:35	Microsoft-Windows-FilterManager	6	None	File System Filter 'CldFlt' (10.0, ‎1990‎-‎03‎-‎18T15:34:03.000000000Z) has successfully loaded and registered with Filter Manager.
Information	12-10-2021 12:04:35	Microsoft-Windows-FilterManager	1	None	File System Filter 'CldFlt' (Version 10.0, ‎1990‎-‎03‎-‎18T15:34:03.000000000Z) unloaded successfully.
Information	12-10-2021 12:04:35	Microsoft-Windows-FilterManager	6	None	File System Filter 'CldFlt' (10.0, ‎1990‎-‎03‎-‎18T15:34:03.000000000Z) has successfully loaded and registered with Filter Manager.
Information	12-10-2021 12:04:35	Microsoft-Windows-FilterManager	6	None	File System Filter 'luafv' (10.0, ‎2058‎-‎03‎-‎26T06:07:33.000000000Z) has successfully loaded and registered with Filter Manager.
Information	12-10-2021 12:04:35	Microsoft-Windows-FilterManager	6	None	File System Filter 'wcifs' (10.0, ‎1991‎-‎06‎-‎21T12:00:29.000000000Z) has successfully loaded and registered with Filter Manager.
Information	12-10-2021 12:04:29	Microsoft-Windows-Directory-Services-SAM	16983	None	"The security account manager is now logging periodic summary events for remote clients that call legacy password change or set RPC methods.

For more information please see https://go.microsoft.com/fwlink/?linkid=2150956.
"
Information	12-10-2021 12:04:29	Microsoft-Windows-Directory-Services-SAM	16977	None	"The domain is configured with the following minimum password length-related settings.

MinimumPasswordLength: 0

RelaxMinimumPasswordLengthLimits: 0

MinimumPasswordLengthAudit: -1

For more information see https://go.microsoft.com/fwlink/?LinkId=2097191.
"
Information	12-10-2021 12:04:29	Microsoft-Windows-Directory-Services-SAM	16962	None	"Remote calls to the SAM database are being restricted using the default security descriptor: O:SYG:SYD:(A;;RC;;;BA).
For more information please see http://go.microsoft.com/fwlink/?LinkId=787651."
Information	12-10-2021 12:04:28	Microsoft-Windows-Wininit	14	None	Credential Guard configuration: 0x0, 0
Information	12-10-2021 12:04:22	Microsoft-Windows-Kernel-General	16	None	The access history in hive \Device\HarddiskVolume1\EFI\Microsoft\Boot\BCD was cleared updating 182 keys and creating 8 modified pages.
Information	12-10-2021 12:04:21	Microsoft-Windows-Kernel-General	24	(11)	The time zone information was refreshed with exit reason 0. Current time zone bias is -330.
Information	12-10-2021 12:04:13	Microsoft-Windows-Kernel-General	16	None	The access history in hive \Device\HarddiskVolume1\EFI\Microsoft\Boot\BCD was cleared updating 182 keys and creating 8 modified pages.
Information	12-10-2021 12:04:13	Microsoft-Windows-Kernel-General	16	None	The access history in hive \Device\HarddiskVolume1\EFI\Microsoft\Boot\BCD was cleared updating 182 keys and creating 8 modified pages.
Information	12-10-2021 12:04:13	Microsoft-Windows-Ntfs	98	None	Volume \\?\Volume{c386ec05-0800-406a-b64e-447dfac340c8} (\Device\HarddiskVolume4) is healthy.  No action is needed.
Information	12-10-2021 12:04:12	Microsoft-Windows-Kernel-General	16	None	The access history in hive \Device\HarddiskVolume1\EFI\Microsoft\Boot\BCD was cleared updating 182 keys and creating 8 modified pages.
Information	12-10-2021 12:04:12	Microsoft-Windows-Kernel-General	16	None	The access history in hive \Device\HarddiskVolume1\EFI\Microsoft\Boot\BCD was cleared updating 182 keys and creating 8 modified pages.
Information	12-10-2021 12:04:12	Microsoft-Windows-Kernel-General	16	None	The access history in hive \Device\HarddiskVolume1\EFI\Microsoft\Boot\BCD was cleared updating 182 keys and creating 8 modified pages.
Information	12-10-2021 12:04:12	Microsoft-Windows-Ntfs	98	None	Volume \\?\Volume{5db82c8c-c006-49d6-8c98-08debef57484} (\Device\HarddiskVolume6) is healthy.  No action is needed.
Information	12-10-2021 12:03:51	Microsoft-Windows-Ntfs	98	None	Volume E: (\Device\HarddiskVolume5) is healthy.  No action is needed.
Information	12-10-2021 12:03:48	MEIx64	2	None	Intel(R) Management Engine Interface driver has started successfully.
Information	12-10-2021 12:03:46	Microsoft-Windows-Kernel-Power	521	(220)	Active battery count change.
Information	12-10-2021 12:03:46	Microsoft-Windows-Kernel-Power	105	(100)	Power source change.
Information	12-10-2021 12:03:46	Microsoft-Windows-Kernel-Power	521	(220)	Active battery count change.
Error	12-10-2021 12:03:46	VBoxNetLwf	12	None	The driver detected an internal driver error on \Device\VBoxNetLwf.
Information	12-10-2021 12:03:46	Microsoft-Windows-Kernel-Processor-Power	55	(47)	"Processor 7 in group 0 exposes the following power management capabilities:

Idle state type: ACPI Idle (C) States (3 state(s))

Performance state type: ACPI Collaborative Processor Performance Control
Nominal Frequency (MHz): 2112
Maximum performance percentage: 200
Minimum performance percentage: 42
Minimum throttle percentage: 4"
Information	12-10-2021 12:03:46	Microsoft-Windows-Kernel-Processor-Power	55	(47)	"Processor 5 in group 0 exposes the following power management capabilities:

Idle state type: ACPI Idle (C) States (3 state(s))

Performance state type: ACPI Collaborative Processor Performance Control
Nominal Frequency (MHz): 2112
Maximum performance percentage: 200
Minimum performance percentage: 38
Minimum throttle percentage: 4"
Information	12-10-2021 12:03:46	Microsoft-Windows-Kernel-Processor-Power	55	(47)	"Processor 3 in group 0 exposes the following power management capabilities:

Idle state type: ACPI Idle (C) States (3 state(s))

Performance state type: ACPI Collaborative Processor Performance Control
Nominal Frequency (MHz): 2112
Maximum performance percentage: 200
Minimum performance percentage: 38
Minimum throttle percentage: 4"
Information	12-10-2021 12:03:46	Microsoft-Windows-Kernel-Processor-Power	55	(47)	"Processor 1 in group 0 exposes the following power management capabilities:

Idle state type: ACPI Idle (C) States (3 state(s))

Performance state type: ACPI Collaborative Processor Performance Control
Nominal Frequency (MHz): 2112
Maximum performance percentage: 200
Minimum performance percentage: 42
Minimum throttle percentage: 4"
Information	12-10-2021 12:03:46	Microsoft-Windows-Kernel-Processor-Power	55	(47)	"Processor 6 in group 0 exposes the following power management capabilities:

Idle state type: ACPI Idle (C) States (3 state(s))

Performance state type: ACPI Collaborative Processor Performance Control
Nominal Frequency (MHz): 2112
Maximum performance percentage: 200
Minimum performance percentage: 38
Minimum throttle percentage: 4"
Information	12-10-2021 12:03:46	Microsoft-Windows-Kernel-Processor-Power	55	(47)	"Processor 4 in group 0 exposes the following power management capabilities:

Idle state type: ACPI Idle (C) States (3 state(s))

Performance state type: ACPI Collaborative Processor Performance Control
Nominal Frequency (MHz): 2112
Maximum performance percentage: 200
Minimum performance percentage: 38
Minimum throttle percentage: 4"
Information	12-10-2021 12:03:46	Microsoft-Windows-Kernel-Processor-Power	55	(47)	"Processor 2 in group 0 exposes the following power management capabilities:

Idle state type: ACPI Idle (C) States (3 state(s))

Performance state type: ACPI Collaborative Processor Performance Control
Nominal Frequency (MHz): 2112
Maximum performance percentage: 200
Minimum performance percentage: 38
Minimum throttle percentage: 4"
Information	12-10-2021 12:03:46	Microsoft-Windows-Kernel-Processor-Power	55	(47)	"Processor 0 in group 0 exposes the following power management capabilities:

Idle state type: ACPI Idle (C) States (3 state(s))

Performance state type: ACPI Collaborative Processor Performance Control
Nominal Frequency (MHz): 2112
Maximum performance percentage: 200
Minimum performance percentage: 19
Minimum throttle percentage: 4"
Warning	12-10-2021 12:03:42	Microsoft-Windows-Kernel-PnP	219	(212)	The driver \Driver\WudfRd failed to load for the device PCI\VEN_8086&DEV_1903&SUBSYS_86B4103C&REV_0C\3&11583659&2&20.
Information	12-10-2021 12:03:42	Microsoft-Windows-DriverFrameworks-UserMode	10118	Startup of the UMDF reflector	UMDF reflector is unable to connect to service control manager (SCM). This is expected during boot, when SCM has not started yet. Will retry when it starts.
Information	12-10-2021 12:03:41	Microsoft-Windows-Kernel-Power	172	(203)	Connectivity state in standby: Disconnected, Reason: NIC compliance
Information	12-10-2021 12:03:41	Microsoft-Windows-Kernel-General	16	None	The access history in hive \Device\HarddiskVolume1\EFI\Microsoft\Boot\BCD was cleared updating 182 keys and creating 8 modified pages.
Critical	12-10-2021 12:03:41	Microsoft-Windows-Kernel-Power	41	(63)	The system has rebooted without cleanly shutting down first. This error could be caused if the system stopped responding, crashed, or lost power unexpectedly.
Information	12-10-2021 12:03:41	Microsoft-Windows-FilterManager	6	None	File System Filter 'npsvctrig' (10.0, ‎2104‎-‎06‎-‎16T05:01:44.000000000Z) has successfully loaded and registered with Filter Manager.
Information	12-10-2021 12:03:39	Microsoft-Windows-FilterManager	6	None	File System Filter 'FileCrypt' (10.0, ‎2102‎-‎10‎-‎25T08:50:26.000000000Z) has successfully loaded and registered with Filter Manager.
Information	12-10-2021 12:03:36	Microsoft-Windows-Ntfs	98	None	Volume C: (\Device\HarddiskVolume3) is healthy.  No action is needed.
Information	12-10-2021 12:03:19	Microsoft-Windows-FilterManager	6	None	File System Filter 'WdFilter' (10.0, ‎2068‎-‎11‎-‎20T18:21:04.000000000Z) has successfully loaded and registered with Filter Manager.
Information	12-10-2021 12:03:19	Microsoft-Windows-FilterManager	6	None	File System Filter 'Wof' (10.0, ‎2061‎-‎09‎-‎05T19:26:37.000000000Z) has successfully loaded and registered with Filter Manager.
Information	12-10-2021 12:03:19	Microsoft-Windows-FilterManager	6	None	File System Filter 'FileInfo' (10.0, ‎1970‎-‎09‎-‎04T04:26:45.000000000Z) has successfully loaded and registered with Filter Manager.
Information	12-10-2021 12:05:25	EventLog	6013	None	The system uptime is 130 seconds.
Information	12-10-2021 12:05:25	EventLog	6005	None	The Event log service was started.
Information	12-10-2021 12:05:25	EventLog	6009	None	Microsoft (R) Windows (R) 10.00. 22000  Multiprocessor Free.
Error	12-10-2021 12:05:25	EventLog	6008	None	The previous system shutdown at 11:54:34 AM on ‎10/‎12/‎2021 was unexpected.
Information	12-10-2021 12:05:24	RST Middleware	27	None	Found passthru disk: SCSI Port: 0, SCSI Bus: 0, SCSI Target: 1, SATA , 0 bytes, hp       DVDRW GUE1N                   
Information	12-10-2021 12:05:24	RST Middleware	27	None	Found passthru disk: SCSI Port: 0, SCSI Bus: 0, SCSI Target: 0, SATA HDD, 1000204886016 bytes, ST1000LM035-1RK172                     
Information	12-10-2021 12:03:16	Microsoft-Windows-HAL	16	None	The iommu fault reporting has been initialized.
Information	12-10-2021 12:03:16	Microsoft-Windows-Kernel-General	20	(6)	"The leap second configuration has been updated.
Reason: Leap second data initialized from registry during boot
Leap seconds enabled: true
New leap second count: 0
Old leap second count: 0"
Information	12-10-2021 12:03:16	Microsoft-Windows-Kernel-Boot	30	(21)	The firmware reported boot metrics.
Information	12-10-2021 12:03:16	Microsoft-Windows-Kernel-Boot	27	(33)	The boot type was 0x0.
Information	12-10-2021 12:03:16	Microsoft-Windows-Kernel-Boot	25	(32)	The boot menu policy was 0x1.
Information	12-10-2021 12:03:16	Microsoft-Windows-Kernel-Boot	238	(101)	EFI time zone bias: 2047. Daylight flags: 0. Firmware time: ‎2021‎-‎10‎-‎12T12:03:14.000000000Z.
Information	12-10-2021 12:03:16	Microsoft-Windows-Kernel-Boot	20	(31)	The last shutdown's success status was false. The last boot's success status was true.
Information	12-10-2021 12:03:16	Microsoft-Windows-Kernel-Boot	32	(58)	The bootmgr spent 0 ms waiting for user input.
Information	12-10-2021 12:03:16	Microsoft-Windows-Kernel-Boot	18	(57)	There are 0x1 boot options on this system.
Information	12-10-2021 12:03:16	Microsoft-Windows-Kernel-Boot	153	(62)	Virtualization-based security (policies: 0) is disabled.
Information	12-10-2021 12:03:16	Microsoft-Windows-Kernel-General	12	(1)	The operating system started at system time ‎2021‎-‎10‎-‎12T06:33:15.500000000Z.
Information	12-10-2021 12:01:55	Microsoft-Windows-Power-Troubleshooter	1	None	"The system has returned from a low power state.

Sleep Time: ‎2021‎-‎10‎-‎12T06:26:18.566223200Z
Wake Time: ‎2021‎-‎10‎-‎12T06:31:51.196034600Z

Wake Source: Power Button"
Error	12-10-2021 12:01:55	Server	2505	None	The server could not bind to the transport \Device\NetBT_Tcpip_{9F961AE3-9423-4C8B-AB48-B1886999008B} because another computer on the network has the same name.  The server could not start.
Error	12-10-2021 12:01:54	Server	2505	None	The server could not bind to the transport \Device\NetBT_Tcpip_{59426481-F96A-490F-9157-08A6F626BD36} because another computer on the network has the same name.  The server could not start.
Information	12-10-2021 12:01:52	Microsoft-Windows-Kernel-Power	566	(268)	"The system session has transitioned from 222 to 224.

Reason: 2"
Information	12-10-2021 12:01:50	Microsoft-Windows-Kernel-Power	566	(268)	"The system session has transitioned from 221 to 222.

Reason: 2"
Information	12-10-2021 12:01:50	EventLog	6013	None	The system uptime is 513242 seconds.
Information	12-10-2021 12:01:48	Microsoft-Windows-Kernel-Power	130	(33)	Firmware S3 times. SuspendStart: 315731842, SuspendEnd: 315731843
Information	12-10-2021 12:01:48	Microsoft-Windows-Kernel-Power	131	(33)	Firmware S3 times. ResumeCount: 4, FullResume: 1023, AverageResume: 1021
Information	12-10-2021 12:01:48	Microsoft-Windows-Kernel-General	1	(5)	"The system time has changed to ‎2021‎-‎10‎-‎12T06:31:48.500000000Z from ‎2021‎-‎10‎-‎12T06:26:29.919948700Z.

Change Reason: System time synchronized with the hardware clock.
Process: '' (PID 4).

RTC time: ‎2021‎-‎10‎-‎12T12:01:48.500000000Z
Current time zone bias: -330
RTC time is in UTC: false
System time was based on RTC time: false"
Information	12-10-2021 11:56:29	Microsoft-Windows-Kernel-Power	107	(102)	The system has resumed from sleep.
Information	12-10-2021 11:56:24	Microsoft-Windows-Kernel-Power	42	(64)	"The system is entering sleep.

Sleep Reason: Button or Lid"
Information	12-10-2021 11:56:20	Microsoft-Windows-Kernel-Power	566	(268)	"The system session has transitioned from 220 to 221.

Reason: 2"
Information	12-10-2021 11:54:33	Microsoft-Windows-Kernel-Power	105	(100)	Power source change.
Information	12-10-2021 11:54:33	Microsoft-Windows-Power-Troubleshooter	1	None	"The system has returned from a low power state.

Sleep Time: ‎2021‎-‎10‎-‎12T06:24:10.882803800Z
Wake Time: ‎2021‎-‎10‎-‎12T06:24:28.707459700Z

Wake Source: Power Button"
Error	12-10-2021 11:54:31	Server	2505	None	The server could not bind to the transport \Device\NetBT_Tcpip_{9F961AE3-9423-4C8B-AB48-B1886999008B} because another computer on the network has the same name.  The server could not start.
Information	12-10-2021 11:54:30	Microsoft-Windows-Kernel-Power	566	(268)	"The system session has transitioned from 218 to 220.

Reason: 2"
Error	12-10-2021 11:54:31	Server	2505	None	The server could not bind to the transport \Device\NetBT_Tcpip_{59426481-F96A-490F-9157-08A6F626BD36} because another computer on the network has the same name.  The server could not start.
Information	12-10-2021 11:54:26	Microsoft-Windows-Kernel-Power	566	(268)	"The system session has transitioned from 217 to 218.

Reason: 2"
Information	12-10-2021 11:54:25	Microsoft-Windows-Kernel-Power	130	(33)	Firmware S3 times. SuspendStart: 315607525, SuspendEnd: 315607526
Information	12-10-2021 11:54:25	Microsoft-Windows-Kernel-Power	131	(33)	Firmware S3 times. ResumeCount: 3, FullResume: 1020, AverageResume: 1020
Information	12-10-2021 11:54:25	Microsoft-Windows-Kernel-General	1	(5)	"The system time has changed to ‎2021‎-‎10‎-‎12T06:24:25.500000000Z from ‎2021‎-‎10‎-‎12T06:24:18.353553200Z.

Change Reason: System time synchronized with the hardware clock.
Process: '' (PID 4).

RTC time: ‎2021‎-‎10‎-‎12T11:54:25.500000000Z
Current time zone bias: -330
RTC time is in UTC: false
System time was based on RTC time: false"
Information	12-10-2021 11:54:18	Microsoft-Windows-Kernel-Power	107	(102)	The system has resumed from sleep.
Information	12-10-2021 11:54:13	Microsoft-Windows-Kernel-Power	42	(64)	"The system is entering sleep.

Sleep Reason: Button or Lid"
Information	12-10-2021 11:54:11	Microsoft-Windows-Kernel-Power	566	(268)	"The system session has transitioned from 216 to 217.

Reason: 2"
Information	12-10-2021 11:51:47	Microsoft-Windows-Power-Troubleshooter	1	None	"The system has returned from a low power state.

Sleep Time: ‎2021‎-‎10‎-‎12T06:16:24.730789800Z
Wake Time: ‎2021‎-‎10‎-‎12T06:21:38.959900100Z

Wake Source: Power Button"
Information	12-10-2021 11:51:40	Microsoft-Windows-Kernel-Power	566	(268)	"The system session has transitioned from 214 to 216.

Reason: 2"
Error	12-10-2021 11:51:41	Server	2505	None	The server could not bind to the transport \Device\NetBT_Tcpip_{9F961AE3-9423-4C8B-AB48-B1886999008B} because another computer on the network has the same name.  The server could not start.
Error	12-10-2021 11:51:40	Server	2505	None	The server could not bind to the transport \Device\NetBT_Tcpip_{59426481-F96A-490F-9157-08A6F626BD36} because another computer on the network has the same name.  The server could not start.
Information	12-10-2021 11:51:37	Microsoft-Windows-Kernel-Power	566	(268)	"The system session has transitioned from 213 to 214.

Reason: 2"
Information	12-10-2021 11:51:35	Microsoft-Windows-Kernel-Power	130	(33)	Firmware S3 times. SuspendStart: 315444806, SuspendEnd: 315444807
Information	12-10-2021 11:51:35	Microsoft-Windows-Kernel-Power	131	(33)	Firmware S3 times. ResumeCount: 2, FullResume: 1022, AverageResume: 1021
Information	12-10-2021 11:51:35	Microsoft-Windows-Kernel-General	1	(5)	"The system time has changed to ‎2021‎-‎10‎-‎12T06:21:35.500000000Z from ‎2021‎-‎10‎-‎12T06:17:24.002397900Z.

Change Reason: System time synchronized with the hardware clock.
Process: '' (PID 4).

RTC time: ‎2021‎-‎10‎-‎12T11:51:35.500000000Z
Current time zone bias: -330
RTC time is in UTC: false
System time was based on RTC time: false"
Information	12-10-2021 11:47:24	Microsoft-Windows-Kernel-Power	107	(102)	The system has resumed from sleep.
Information	12-10-2021 11:47:18	Microsoft-Windows-Kernel-Power	42	(64)	"The system is entering sleep.

Sleep Reason: System Idle"
Information	12-10-2021 11:46:49	Microsoft-Windows-Kernel-Power	566	(268)	"The system session has transitioned from 211 to 213.

Reason: 2"
Information	12-10-2021 11:36:08	Microsoft-Windows-Kernel-Power	566	(268)	"The system session has transitioned from 210 to 211.

Reason: 2"
Information	12-10-2021 10:52:33	Microsoft-Windows-WindowsUpdateClient	19	Windows Update Agent	Installation Successful: Windows successfully installed the following update: Security Intelligence Update for Microsoft Defender Antivirus - KB2267602 (Version 1.351.239.0)
Information	12-10-2021 10:51:56	Microsoft-Windows-WindowsUpdateClient	43	Windows Update Agent	Installation Started: Windows has started installing the following update: Security Intelligence Update for Microsoft Defender Antivirus - KB2267602 (Version 1.351.239.0)
Information	12-10-2021 10:51:54	Microsoft-Windows-WindowsUpdateClient	44	Windows Update Agent	Windows Update started downloading an update.
Information	12-10-2021 09:39:36	Service Control Manager	7040	None	The start type of the Background Intelligent Transfer Service service was changed from auto start to demand start.
Information	12-10-2021 09:36:08	Service Control Manager	7040	None	The start type of the Background Intelligent Transfer Service service was changed from demand start to auto start.
Warning	12-10-2021 09:34:59	Microsoft-Windows-DistributedCOM	10016	None	"The application-specific permission settings do not grant Local Activation permission for the COM Server application with CLSID 
{2593F8B9-4EAF-457C-B68A-50F6B8EA6B54}
 and APPID 
{15C20B67-12E7-4BB6-92BB-7AFF07997402}
 to the user LAPTOP-7EVMU4TQ\mahendra SID (S-1-5-21-38077573-387163758-1783380300-1002) from address LocalHost (Using LRPC) running in the application container Unavailable SID (Unavailable). This security permission can be modified using the Component Services administrative tool."
Information	12-10-2021 09:32:06	Microsoft-Windows-Kernel-General	16	None	The access history in hive \??\C:\Users\mahendra\AppData\Local\Packages\Microsoft.Windows.ShellExperienceHost_cw5n1h2txyewy\Settings\settings.dat was cleared updating 3 keys and creating 1 modified pages.
Warning	12-10-2021 09:00:44	Microsoft-Windows-DistributedCOM	10016	None	"The application-specific permission settings do not grant Local Activation permission for the COM Server application with CLSID 
{2593F8B9-4EAF-457C-B68A-50F6B8EA6B54}
 and APPID 
{15C20B67-12E7-4BB6-92BB-7AFF07997402}
 to the user LAPTOP-7EVMU4TQ\mahendra SID (S-1-5-21-38077573-387163758-1783380300-1002) from address LocalHost (Using LRPC) running in the application container Unavailable SID (Unavailable). This security permission can be modified using the Component Services administrative tool."
Information	12-10-2021 08:48:59	Microsoft-Windows-Kernel-Power	105	(100)	Power source change.
Warning	12-10-2021 08:35:03	Microsoft-Windows-DistributedCOM	10016	None	"The application-specific permission settings do not grant Local Activation permission for the COM Server application with CLSID 
{2593F8B9-4EAF-457C-B68A-50F6B8EA6B54}
 and APPID 
{15C20B67-12E7-4BB6-92BB-7AFF07997402}
 to the user LAPTOP-7EVMU4TQ\mahendra SID (S-1-5-21-38077573-387163758-1783380300-1002) from address LocalHost (Using LRPC) running in the application container Unavailable SID (Unavailable). This security permission can be modified using the Component Services administrative tool."
Error	12-10-2021 08:34:47	Server	2505	None	The server could not bind to the transport \Device\NetBT_Tcpip_{9F961AE3-9423-4C8B-AB48-B1886999008B} because another computer on the network has the same name.  The server could not start.
Information	12-10-2021 08:31:09	Microsoft-Windows-Kernel-General	16	None	The access history in hive \??\C:\Users\mahendra\AppData\Local\Packages\AD2F1837.HPJumpStarts_v10z8vjag6ke6\Settings\settings.dat was cleared updating 4 keys and creating 1 modified pages.
Warning	12-10-2021 08:30:10	Microsoft-Windows-DistributedCOM	10016	None	"The application-specific permission settings do not grant Local Activation permission for the COM Server application with CLSID 
{6B3B8D23-FA8D-40B9-8DBD-B950333E2C52}
 and APPID 
{4839DDB7-58C2-48F5-8283-E1D1807D0D7D}
 to the user NT AUTHORITY\LOCAL SERVICE SID (S-1-5-19) from address LocalHost (Using LRPC) running in the application container Unavailable SID (Unavailable). This security permission can be modified using the Component Services administrative tool."
Warning	12-10-2021 08:30:10	Microsoft-Windows-DistributedCOM	10016	None	"The application-specific permission settings do not grant Local Activation permission for the COM Server application with CLSID 
{6B3B8D23-FA8D-40B9-8DBD-B950333E2C52}
 and APPID 
{4839DDB7-58C2-48F5-8283-E1D1807D0D7D}
 to the user NT AUTHORITY\LOCAL SERVICE SID (S-1-5-19) from address LocalHost (Using LRPC) running in the application container Unavailable SID (Unavailable). This security permission can be modified using the Component Services administrative tool."
Information	12-10-2021 08:29:59	Microsoft-Windows-Winlogon	7001	(1101)	User Logon Notification for Customer Experience Improvement Program
Error	12-10-2021 08:29:51	Server	2505	None	The server could not bind to the transport \Device\NetBT_Tcpip_{9F961AE3-9423-4C8B-AB48-B1886999008B} because another computer on the network has the same name.  The server could not start.
Information	12-10-2021 08:29:46	Microsoft-Windows-Power-Troubleshooter	1	None	"The system has returned from a low power state.

Sleep Time: ‎2021‎-‎10‎-‎12T02:51:22.792047400Z
Wake Time: ‎2021‎-‎10‎-‎12T02:59:44.692784400Z

Wake Source: Power Button"
Error	12-10-2021 08:29:47	Server	2505	None	The server could not bind to the transport \Device\NetBT_Tcpip_{59426481-F96A-490F-9157-08A6F626BD36} because another computer on the network has the same name.  The server could not start.
Information	12-10-2021 08:29:44	Microsoft-Windows-Kernel-Power	566	(268)	"The system session has transitioned from 208 to 210.

Reason: 2"
Information	12-10-2021 08:29:44	Microsoft-Windows-Kernel-Power	566	(268)	"The system session has transitioned from 207 to 208.

Reason: 2"
Information	12-10-2021 08:29:43	Microsoft-Windows-Kernel-Power	130	(33)	Firmware S3 times. SuspendStart: 303594534, SuspendEnd: 303594535
Information	12-10-2021 08:29:43	Microsoft-Windows-Kernel-Power	131	(33)	Firmware S3 times. ResumeCount: 1, FullResume: 1020, AverageResume: 1020
Information	12-10-2021 08:29:43	Microsoft-Windows-Kernel-General	1	(5)	"The system time has changed to ‎2021‎-‎10‎-‎12T02:59:43.500000000Z from ‎2021‎-‎10‎-‎12T02:51:36.269040600Z.

Change Reason: System time synchronized with the hardware clock.
Process: '' (PID 4).

RTC time: ‎2021‎-‎10‎-‎12T08:29:43.500000000Z
Current time zone bias: -330
RTC time is in UTC: false
System time was based on RTC time: false"
Information	12-10-2021 08:21:36	Microsoft-Windows-Kernel-Power	107	(102)	The system has resumed from sleep.
Information	12-10-2021 08:21:31	Microsoft-Windows-Kernel-Power	42	(64)	"The system is entering sleep.

Sleep Reason: System Idle"
Information	12-10-2021 08:21:23	Microsoft-Windows-Kernel-Power	566	(268)	"The system session has transitioned from 205 to 207.

Reason: 2"
Information	12-10-2021 08:21:22	Microsoft-Windows-Kernel-Power	566	(268)	"The system session has transitioned from 204 to 205.

Reason: 2"
Error	12-10-2021 08:16:20	Server	2505	None	The server could not bind to the transport \Device\NetBT_Tcpip_{9F961AE3-9423-4C8B-AB48-B1886999008B} because another computer on the network has the same name.  The server could not start.
Information	12-10-2021 08:16:17	Microsoft-Windows-Power-Troubleshooter	1	None	"The system has returned from a low power state.

Sleep Time: ‎2021‎-‎10‎-‎11T19:16:42.012980900Z
Wake Time: ‎2021‎-‎10‎-‎12T02:46:12.040967000Z

Wake Source: Unknown"
Error	12-10-2021 08:16:14	Server	2505	None	The server could not bind to the transport \Device\NetBT_Tcpip_{59426481-F96A-490F-9157-08A6F626BD36} because another computer on the network has the same name.  The server could not start.
Information	12-10-2021 08:16:12	Microsoft-Windows-Kernel-Power	566	(268)	"The system session has transitioned from 202 to 204.

Reason: 2"
Information	12-10-2021 08:16:12	Microsoft-Windows-Kernel-Power	566	(268)	"The system session has transitioned from 201 to 202.

Reason: 2"
Information	12-10-2021 08:16:12	Microsoft-Windows-Kernel-Boot	32	(58)	The bootmgr spent 0 ms waiting for user input.
Information	12-10-2021 08:16:12	Microsoft-Windows-Kernel-Boot	18	(57)	There are 0x1 boot options on this system.
Information	12-10-2021 08:16:12	Microsoft-Windows-Kernel-Boot	30	(21)	The firmware reported boot metrics.
Information	12-10-2021 08:16:11	Microsoft-Windows-Kernel-Power	105	(100)	Power source change.
Information	12-10-2021 08:16:09	Microsoft-Windows-Kernel-General	1	(5)	"The system time has changed to ‎2021‎-‎10‎-‎12T02:46:09.500000000Z from ‎2021‎-‎10‎-‎11T19:17:18.992623200Z.

Change Reason: System time synchronized with the hardware clock.
Process: '' (PID 4).

RTC time: ‎2021‎-‎10‎-‎12T08:16:09.500000000Z
Current time zone bias: -330
RTC time is in UTC: false
System time was based on RTC time: false"
Information	12-10-2021 00:47:19	Microsoft-Windows-Kernel-Power	107	(102)	The system has resumed from sleep.
Information	12-10-2021 00:47:00	Microsoft-Windows-Kernel-Power	42	(64)	"The system is entering sleep.

Sleep Reason: Application API"
Information	12-10-2021 00:46:43	Microsoft-Windows-Kernel-Power	566	(268)	"The system session has transitioned from 200 to 201.

Reason: 2"
Information	12-10-2021 00:46:42	Microsoft-Windows-Kernel-Power	187	(243)	User-mode process attempted to change the system state by calling SetSuspendState or SetSystemPowerState APIs.
Information	12-10-2021 00:46:38	Microsoft-Windows-Winlogon	7002	(1102)	User Logoff Notification for Customer Experience Improvement Program
Warning	12-10-2021 00:46:09	Microsoft-Windows-DistributedCOM	10016	None	"The application-specific permission settings do not grant Local Activation permission for the COM Server application with CLSID 
{2593F8B9-4EAF-457C-B68A-50F6B8EA6B54}
 and APPID 
{15C20B67-12E7-4BB6-92BB-7AFF07997402}
 to the user LAPTOP-7EVMU4TQ\mahendra SID (S-1-5-21-38077573-387163758-1783380300-1002) from address LocalHost (Using LRPC) running in the application container Unavailable SID (Unavailable). This security permission can be modified using the Component Services administrative tool."
Information	12-10-2021 00:46:08	User32	1074	None	"The process Explorer.EXE has initiated the power off of computer LAPTOP-7EVMU4TQ on behalf of user LAPTOP-7EVMU4TQ\mahendra for the following reason: Other (Unplanned)
 Reason Code: 0x0
 Shutdown Type: power off
 Comment: "
Warning	12-10-2021 00:09:24	Microsoft-Windows-DNS-Client	1014	(1014)	Name resolution for the name dns.google.com timed out after none of the configured DNS servers responded. Client PID 32544.
Warning	12-10-2021 00:09:23	Microsoft-Windows-DNS-Client	1014	(1014)	Name resolution for the name kv801.prod.do.dsp.mp.microsoft.com timed out after none of the configured DNS servers responded. Client PID 18480.
Error	12-10-2021 00:09:24	Server	2505	None	The server could not bind to the transport \Device\NetBT_Tcpip_{9F961AE3-9423-4C8B-AB48-B1886999008B} because another computer on the network has the same name.  The server could not start.
Error	12-10-2021 00:09:08	Server	2505	None	The server could not bind to the transport \Device\NetBT_Tcpip_{9F961AE3-9423-4C8B-AB48-B1886999008B} because another computer on the network has the same name.  The server could not start.
Error	12-10-2021 00:05:46	Server	2505	None	The server could not bind to the transport \Device\NetBT_Tcpip_{9F961AE3-9423-4C8B-AB48-B1886999008B} because another computer on the network has the same name.  The server could not start.
Error	11-10-2021 23:54:02	Server	2505	None	The server could not bind to the transport \Device\NetBT_Tcpip_{9F961AE3-9423-4C8B-AB48-B1886999008B} because another computer on the network has the same name.  The server could not start.
Information	11-10-2021 23:37:51	Microsoft-Windows-Kernel-General	1	(5)	"The system time has changed to ‎2021‎-‎10‎-‎11T18:07:51.726409500Z from ‎2021‎-‎10‎-‎11T18:07:51.726416000Z.

Change Reason: An application or system component changed the time.
Process: '\Device\HarddiskVolume3\Windows\System32\svchost.exe' (PID 16320).

RTC time: ‎2021‎-‎10‎-‎11T23:37:51.726409500Z
Current time zone bias: -330
RTC time is in UTC: false
System time was based on RTC time: false"
Information	11-10-2021 23:37:51	Microsoft-Windows-Kernel-General	24	(11)	The time zone information was refreshed with exit reason 0. Current time zone bias is -330.
Information	11-10-2021 23:37:51	Microsoft-Windows-Kernel-General	1	(5)	"The system time has changed to ‎2021‎-‎10‎-‎11T18:07:51.723911100Z from ‎2021‎-‎10‎-‎11T18:07:51.723532200Z.

Change Reason: An application or system component changed the time.
Process: '\Device\HarddiskVolume3\Windows\System32\svchost.exe' (PID 16320).

RTC time: ‎2021‎-‎10‎-‎11T23:37:51.723911100Z
Current time zone bias: -330
RTC time is in UTC: false
System time was based on RTC time: false"
Information	11-10-2021 23:37:51	Microsoft-Windows-Kernel-General	24	(11)	The time zone information was refreshed with exit reason 0. Current time zone bias is -330.
Information	11-10-2021 23:37:51	Microsoft-Windows-Time-Service	35	None	The time service is now synchronizing the system time with the time source time.windows.com,0x9 (ntp.m|0x9|0.0.0.0:123->40.81.94.65:123) with reference id 1096700200. Current local stratum number is 4.
Information	11-10-2021 23:37:51	Microsoft-Windows-Kernel-General	1	(5)	"The system time has changed to ‎2021‎-‎10‎-‎11T18:07:51.721602600Z from ‎2021‎-‎10‎-‎11T18:07:49.695832400Z.

Change Reason: An application or system component changed the time.
Process: '\Device\HarddiskVolume3\Windows\System32\svchost.exe' (PID 16320).

RTC time: ‎2021‎-‎10‎-‎11T23:37:51.721602600Z
Current time zone bias: -330
RTC time is in UTC: false
System time was based on RTC time: false"
Information	11-10-2021 23:37:51	Microsoft-Windows-Kernel-General	24	(11)	The time zone information was refreshed with exit reason 0. Current time zone bias is -330.
Information	11-10-2021 23:37:49	Microsoft-Windows-Time-Service	37	None	The time provider NtpClient is currently receiving valid time data from time.windows.com,0x9 (ntp.m|0x9|0.0.0.0:123->40.81.94.65:123).
Information	11-10-2021 22:41:05	Service Control Manager	7040	None	The start type of the Background Intelligent Transfer Service service was changed from auto start to demand start.
Information	11-10-2021 22:38:35	Service Control Manager	7040	None	The start type of the Background Intelligent Transfer Service service was changed from demand start to auto start.
Information	11-10-2021 22:37:55	Service Control Manager	7040	None	The start type of the Background Intelligent Transfer Service service was changed from auto start to demand start.
Warning	11-10-2021 22:37:34	Microsoft-Windows-DistributedCOM	10016	None	"The application-specific permission settings do not grant Local Activation permission for the COM Server application with CLSID 
{2593F8B9-4EAF-457C-B68A-50F6B8EA6B54}
 and APPID 
{15C20B67-12E7-4BB6-92BB-7AFF07997402}
 to the user LAPTOP-7EVMU4TQ\mahendra SID (S-1-5-21-38077573-387163758-1783380300-1002) from address LocalHost (Using LRPC) running in the application container Unavailable SID (Unavailable). This security permission can be modified using the Component Services administrative tool."
Information	11-10-2021 22:35:44	Service Control Manager	7040	None	The start type of the Background Intelligent Transfer Service service was changed from demand start to auto start.
Warning	11-10-2021 22:31:24	Microsoft-Windows-DistributedCOM	10016	None	"The application-specific permission settings do not grant Local Activation permission for the COM Server application with CLSID 
{2593F8B9-4EAF-457C-B68A-50F6B8EA6B54}
 and APPID 
{15C20B67-12E7-4BB6-92BB-7AFF07997402}
 to the user LAPTOP-7EVMU4TQ\mahendra SID (S-1-5-21-38077573-387163758-1783380300-1002) from address LocalHost (Using LRPC) running in the application container Unavailable SID (Unavailable). This security permission can be modified using the Component Services administrative tool."
Information	11-10-2021 22:19:35	Microsoft-Windows-Kernel-General	16	None	The access history in hive \??\C:\Users\mahendra\AppData\Local\Packages\AD2F1837.HPSupportAssistant_v10z8vjag6ke6\Settings\settings.dat was cleared updating 10 keys and creating 1 modified pages.
Information	11-10-2021 22:18:15	Microsoft-Windows-WindowsUpdateClient	19	Windows Update Agent	Installation Successful: Windows successfully installed the following update: Security Intelligence Update for Microsoft Defender Antivirus - KB2267602 (Version 1.351.217.0)
Information	11-10-2021 22:17:48	Microsoft-Windows-WindowsUpdateClient	43	Windows Update Agent	Installation Started: Windows has started installing the following update: Security Intelligence Update for Microsoft Defender Antivirus - KB2267602 (Version 1.351.217.0)
Information	11-10-2021 22:17:48	Microsoft-Windows-WindowsUpdateClient	44	Windows Update Agent	Windows Update started downloading an update.
Warning	11-10-2021 21:52:36	Microsoft-Windows-DNS-Client	1014	(1014)	Name resolution for the name settings-win.data.microsoft.com timed out after none of the configured DNS servers responded. Client PID 30712.
Error	11-10-2021 21:52:31	Server	2505	None	The server could not bind to the transport \Device\NetBT_Tcpip_{9F961AE3-9423-4C8B-AB48-B1886999008B} because another computer on the network has the same name.  The server could not start.
Information	11-10-2021 21:49:29	Microsoft-Windows-Kernel-Power	105	(100)	Power source change.
Warning	11-10-2021 21:29:10	Microsoft-Windows-DistributedCOM	10016	None	"The application-specific permission settings do not grant Local Activation permission for the COM Server application with CLSID 
{2593F8B9-4EAF-457C-B68A-50F6B8EA6B54}
 and APPID 
{15C20B67-12E7-4BB6-92BB-7AFF07997402}
 to the user LAPTOP-7EVMU4TQ\mahendra SID (S-1-5-21-38077573-387163758-1783380300-1002) from address LocalHost (Using LRPC) running in the application container Unavailable SID (Unavailable). This security permission can be modified using the Component Services administrative tool."
Warning	11-10-2021 20:24:25	Microsoft-Windows-DistributedCOM	10016	None	"The application-specific permission settings do not grant Local Activation permission for the COM Server application with CLSID 
{2593F8B9-4EAF-457C-B68A-50F6B8EA6B54}
 and APPID 
{15C20B67-12E7-4BB6-92BB-7AFF07997402}
 to the user LAPTOP-7EVMU4TQ\mahendra SID (S-1-5-21-38077573-387163758-1783380300-1002) from address LocalHost (Using LRPC) running in the application container Unavailable SID (Unavailable). This security permission can be modified using the Component Services administrative tool."
Error	11-10-2021 20:21:32	Server	2505	None	The server could not bind to the transport \Device\NetBT_Tcpip_{9F961AE3-9423-4C8B-AB48-B1886999008B} because another computer on the network has the same name.  The server could not start.
Information	11-10-2021 20:21:25	Microsoft-Windows-Kernel-Power	105	(100)	Power source change.
Warning	11-10-2021 20:21:13	Microsoft-Windows-DNS-Client	1014	(1014)	Name resolution for the name d27xxe7juh1us6.cloudfront.net timed out after none of the configured DNS servers responded. Client PID 22348.
Warning	11-10-2021 20:21:08	Microsoft-Windows-DNS-Client	1014	(1014)	Name resolution for the name go.trouter.teams.microsoft.com timed out after none of the configured DNS servers responded. Client PID 26416.
Error	11-10-2021 20:20:57	Server	2505	None	The server could not bind to the transport \Device\NetBT_Tcpip_{9F961AE3-9423-4C8B-AB48-B1886999008B} because another computer on the network has the same name.  The server could not start.
Warning	11-10-2021 20:20:26	Microsoft-Windows-DNS-Client	1014	(1014)	Name resolution for the name teams.microsoft.com timed out after none of the configured DNS servers responded. Client PID 34948.
Warning	11-10-2021 20:19:14	Microsoft-Windows-DNS-Client	1014	(1014)	Name resolution for the name trouter2-azsc-auea-3-b.trouter.teams.microsoft.com timed out after none of the configured DNS servers responded. Client PID 26416.
Error	11-10-2021 20:19:13	Server	2505	None	The server could not bind to the transport \Device\NetBT_Tcpip_{9F961AE3-9423-4C8B-AB48-B1886999008B} because another computer on the network has the same name.  The server could not start.
Warning	11-10-2021 20:19:07	Microsoft-Windows-DNS-Client	1014	(1014)	Name resolution for the name geo.prod.do.dsp.mp.microsoft.com timed out after none of the configured DNS servers responded. Client PID 18480.
Information	11-10-2021 20:18:56	Microsoft-Windows-Kernel-Power	566	(268)	"The system session has transitioned from 198 to 200.

Reason: 2"
Information	11-10-2021 20:17:06	Microsoft-Windows-Kernel-Power	566	(268)	"The system session has transitioned from 197 to 198.

Reason: 2"
Warning	11-10-2021 20:06:59	Microsoft-Windows-DNS-Client	1014	(1014)	Name resolution for the name ic3.events.data.microsoft.com timed out after none of the configured DNS servers responded. Client PID 26416.
Warning	11-10-2021 20:06:43	Microsoft-Windows-DNS-Client	1014	(1014)	Name resolution for the name teams.microsoft.com timed out after none of the configured DNS servers responded. Client PID 34948.
Warning	11-10-2021 19:55:19	Microsoft-Windows-DNS-Client	1014	(1014)	Name resolution for the name ic3.events.data.microsoft.com timed out after none of the configured DNS servers responded. Client PID 26416.
Error	11-10-2021 19:53:59	Server	2505	None	The server could not bind to the transport \Device\NetBT_Tcpip_{9F961AE3-9423-4C8B-AB48-B1886999008B} because another computer on the network has the same name.  The server could not start.
Warning	11-10-2021 19:24:23	Microsoft-Windows-DistributedCOM	10016	None	"The application-specific permission settings do not grant Local Activation permission for the COM Server application with CLSID 
{2593F8B9-4EAF-457C-B68A-50F6B8EA6B54}
 and APPID 
{15C20B67-12E7-4BB6-92BB-7AFF07997402}
 to the user LAPTOP-7EVMU4TQ\mahendra SID (S-1-5-21-38077573-387163758-1783380300-1002) from address LocalHost (Using LRPC) running in the application container Unavailable SID (Unavailable). This security permission can be modified using the Component Services administrative tool."
Warning	11-10-2021 18:59:26	Microsoft-Windows-DistributedCOM	10016	None	"The application-specific permission settings do not grant Local Activation permission for the COM Server application with CLSID 
{2593F8B9-4EAF-457C-B68A-50F6B8EA6B54}
 and APPID 
{15C20B67-12E7-4BB6-92BB-7AFF07997402}
 to the user LAPTOP-7EVMU4TQ\mahendra SID (S-1-5-21-38077573-387163758-1783380300-1002) from address LocalHost (Using LRPC) running in the application container Unavailable SID (Unavailable). This security permission can be modified using the Component Services administrative tool."
Warning	11-10-2021 18:37:00	Microsoft-Windows-DistributedCOM	10016	None	"The application-specific permission settings do not grant Local Activation permission for the COM Server application with CLSID 
{2593F8B9-4EAF-457C-B68A-50F6B8EA6B54}
 and APPID 
{15C20B67-12E7-4BB6-92BB-7AFF07997402}
 to the user LAPTOP-7EVMU4TQ\mahendra SID (S-1-5-21-38077573-387163758-1783380300-1002) from address LocalHost (Using LRPC) running in the application container Unavailable SID (Unavailable). This security permission can be modified using the Component Services administrative tool."
Error	11-10-2021 17:54:37	Service Control Manager	7009	None	A timeout was reached (30000 milliseconds) while waiting for the Intel(R) SUR QC Software Asset Manager service to connect.
Error	11-10-2021 16:05:48	Microsoft-Windows-WindowsUpdateClient	20	Windows Update Agent	Installation Failure: Windows failed to install the following update with error 0x80073D02: 9WZDNCRFJ3P2-MICROSOFT.ZUNEVIDEO.
Information	11-10-2021 16:05:43	Microsoft-Windows-WindowsUpdateClient	43	Windows Update Agent	Installation Started: Windows has started installing the following update: 9WZDNCRFJ3P2-MICROSOFT.ZUNEVIDEO
Information	11-10-2021 16:05:35	Microsoft-Windows-Kernel-General	16	None	The access history in hive \??\C:\ProgramData\Microsoft\Windows\AppRepository\Packages\Microsoft.ZuneVideo_10.21092.10731.0_x64__8wekyb3d8bbwe\ActivationStore.dat was cleared updating 0 keys and creating 0 modified pages.
Warning	11-10-2021 16:05:00	Microsoft-Windows-DistributedCOM	10016	None	"The application-specific permission settings do not grant Local Activation permission for the COM Server application with CLSID 
{2593F8B9-4EAF-457C-B68A-50F6B8EA6B54}
 and APPID 
{15C20B67-12E7-4BB6-92BB-7AFF07997402}
 to the user LAPTOP-7EVMU4TQ\mahendra SID (S-1-5-21-38077573-387163758-1783380300-1002) from address LocalHost (Using LRPC) running in the application container Unavailable SID (Unavailable). This security permission can be modified using the Component Services administrative tool."
Information	11-10-2021 16:04:16	Microsoft-Windows-Time-Service	158	None	The time provider 'VMICTimeProvider' has indicated that the current hardware and operating environment is not supported and has stopped. This behavior is expected for VMICTimeProvider on non-HyperV-guest environments. This may be the expected behavior for the current provider in the current operating environment as well.
Information	11-10-2021 16:02:57	Microsoft-Windows-WindowsUpdateClient	19	Windows Update Agent	Installation Successful: Windows successfully installed the following update: 9NBLGGH4QGHW-Microsoft.MicrosoftStickyNotes
Information	11-10-2021 16:02:50	Microsoft-Windows-WindowsUpdateClient	43	Windows Update Agent	Installation Started: Windows has started installing the following update: 9NBLGGH4QGHW-Microsoft.MicrosoftStickyNotes
Information	11-10-2021 16:02:45	Microsoft-Windows-Kernel-General	16	None	The access history in hive \??\C:\ProgramData\Microsoft\Windows\AppRepository\Packages\Microsoft.MicrosoftStickyNotes_4.0.4.0_x64__8wekyb3d8bbwe\ActivationStore.dat was cleared updating 0 keys and creating 0 modified pages.
Information	11-10-2021 15:59:38	Microsoft-Windows-WindowsUpdateClient	19	Windows Update Agent	Installation Successful: Windows successfully installed the following update: 9NBLGGH42THS-Microsoft.Microsoft3DViewer
Information	11-10-2021 15:59:33	Microsoft-Windows-WindowsUpdateClient	43	Windows Update Agent	Installation Started: Windows has started installing the following update: 9NBLGGH42THS-Microsoft.Microsoft3DViewer
Information	11-10-2021 15:59:22	Microsoft-Windows-WindowsUpdateClient	44	Windows Update Agent	Windows Update started downloading an update.
Information	11-10-2021 15:59:22	Microsoft-Windows-WindowsUpdateClient	44	Windows Update Agent	Windows Update started downloading an update.
Information	11-10-2021 15:59:22	Microsoft-Windows-WindowsUpdateClient	44	Windows Update Agent	Windows Update started downloading an update.
Information	11-10-2021 15:47:12	Microsoft-Windows-Time-Service	158	None	The time provider 'VMICTimeProvider' has indicated that the current hardware and operating environment is not supported and has stopped. This behavior is expected for VMICTimeProvider on non-HyperV-guest environments. This may be the expected behavior for the current provider in the current operating environment as well.
