Information	24-10-2021 15:04:08	Microsoft-Windows-Time-Service	158	None	The time provider 'VMICTimeProvider' has indicated that the current hardware and operating environment is not supported and has stopped. This behavior is expected for VMICTimeProvider on non-HyperV-guest environments. This may be the expected behavior for the current provider in the current operating environment as well.
Information	24-10-2021 14:47:25	Microsoft-Windows-Kernel-Power	566	(268)	"The system session has transitioned from 331 to 332.

Reason: 5"
Information	24-10-2021 14:47:04	Microsoft-Windows-Time-Service	158	None	The time provider 'VMICTimeProvider' has indicated that the current hardware and operating environment is not supported and has stopped. This behavior is expected for VMICTimeProvider on non-HyperV-guest environments. This may be the expected behavior for the current provider in the current operating environment as well.
Warning	24-10-2021 14:37:30	Microsoft-Windows-DistributedCOM	10016	None	"The application-specific permission settings do not grant Local Activation permission for the COM Server application with CLSID 
{2593F8B9-4EAF-457C-B68A-50F6B8EA6B54}
 and APPID 
{15C20B67-12E7-4BB6-92BB-7AFF07997402}
 to the user LAPTOP-7EVMU4TQ\mahendra SID (S-1-5-21-38077573-387163758-1783380300-1002) from address LocalHost (Using LRPC) running in the application container Unavailable SID (Unavailable). This security permission can be modified using the Component Services administrative tool."
Information	24-10-2021 14:36:56	Microsoft-Windows-WindowsUpdateClient	19	Windows Update Agent	Installation Successful: Windows successfully installed the following update: 9NBLGGH42THS-Microsoft.Microsoft3DViewer
Information	24-10-2021 14:36:49	Microsoft-Windows-WindowsUpdateClient	43	Windows Update Agent	Installation Started: Windows has started installing the following update: 9NBLGGH42THS-Microsoft.Microsoft3DViewer
Information	24-10-2021 14:36:39	Microsoft-Windows-WindowsUpdateClient	44	Windows Update Agent	Windows Update started downloading an update.
Information	24-10-2021 14:36:39	Microsoft-Windows-WindowsUpdateClient	44	Windows Update Agent	Windows Update started downloading an update.
Information	24-10-2021 14:36:34	Microsoft-Windows-WindowsUpdateClient	19	Windows Update Agent	Installation Successful: Windows successfully installed the following update: 9NMPJ99VJBWV-Microsoft.YourPhone
Information	24-10-2021 14:30:00	Microsoft-Windows-Time-Service	158	None	The time provider 'VMICTimeProvider' has indicated that the current hardware and operating environment is not supported and has stopped. This behavior is expected for VMICTimeProvider on non-HyperV-guest environments. This may be the expected behavior for the current provider in the current operating environment as well.
Information	24-10-2021 14:19:04	Microsoft-Windows-Ntfs	98	None	Volume Windows (\Device\HarddiskVolumeShadowCopy5) is healthy.  No action is needed.
Information	24-10-2021 14:12:41	Microsoft-Windows-Time-Service	37	None	The time provider NtpClient is currently receiving valid time data from time.windows.com,0x9 (ntp.m|0x9|0.0.0.0:123->40.81.94.65:123).
Information	24-10-2021 14:12:40	Microsoft-Windows-Time-Service	158	None	The time provider 'VMICTimeProvider' has indicated that the current hardware and operating environment is not supported and has stopped. This behavior is expected for VMICTimeProvider on non-HyperV-guest environments. This may be the expected behavior for the current provider in the current operating environment as well.
Information	24-10-2021 12:35:52	Microsoft-Windows-WindowsUpdateClient	19	Windows Update Agent	Installation Successful: Windows successfully installed the following update: Security Intelligence Update for Microsoft Defender Antivirus - KB2267602 (Version 1.351.967.0)
Information	24-10-2021 12:35:19	Microsoft-Windows-WindowsUpdateClient	43	Windows Update Agent	Installation Started: Windows has started installing the following update: Security Intelligence Update for Microsoft Defender Antivirus - KB2267602 (Version 1.351.967.0)
Information	24-10-2021 12:35:19	Microsoft-Windows-WindowsUpdateClient	44	Windows Update Agent	Windows Update started downloading an update.
Error	24-10-2021 12:34:32	Server	2505	None	The server could not bind to the transport \Device\NetBT_Tcpip_{9F961AE3-9423-4C8B-AB48-B1886999008B} because another computer on the network has the same name.  The server could not start.
Information	24-10-2021 12:32:23	Microsoft-Windows-WindowsUpdateClient	44	Windows Update Agent	Windows Update started downloading an update.
Information	24-10-2021 12:00:00	EventLog	6013	None	The system uptime is 756849 seconds.
Information	24-10-2021 11:49:10	Microsoft-Windows-Kernel-Power	105	(100)	Power source change.
Warning	24-10-2021 11:44:20	Microsoft-Windows-DistributedCOM	10016	None	"The application-specific permission settings do not grant Local Activation permission for the COM Server application with CLSID 
{2593F8B9-4EAF-457C-B68A-50F6B8EA6B54}
 and APPID 
{15C20B67-12E7-4BB6-92BB-7AFF07997402}
 to the user LAPTOP-7EVMU4TQ\mahendra SID (S-1-5-21-38077573-387163758-1783380300-1002) from address LocalHost (Using LRPC) running in the application container Unavailable SID (Unavailable). This security permission can be modified using the Component Services administrative tool."
Warning	24-10-2021 11:27:53	Microsoft-Windows-DistributedCOM	10016	None	"The application-specific permission settings do not grant Local Activation permission for the COM Server application with CLSID 
{2593F8B9-4EAF-457C-B68A-50F6B8EA6B54}
 and APPID 
{15C20B67-12E7-4BB6-92BB-7AFF07997402}
 to the user LAPTOP-7EVMU4TQ\mahendra SID (S-1-5-21-38077573-387163758-1783380300-1002) from address LocalHost (Using LRPC) running in the application container Unavailable SID (Unavailable). This security permission can be modified using the Component Services administrative tool."
Information	24-10-2021 11:21:53	Service Control Manager	7040	None	The start type of the Background Intelligent Transfer Service service was changed from auto start to demand start.
Information	24-10-2021 11:19:33	Service Control Manager	7040	None	The start type of the Background Intelligent Transfer Service service was changed from demand start to auto start.
Warning	24-10-2021 11:18:33	Microsoft-Windows-DistributedCOM	10016	None	"The application-specific permission settings do not grant Local Activation permission for the COM Server application with CLSID 
{2593F8B9-4EAF-457C-B68A-50F6B8EA6B54}
 and APPID 
{15C20B67-12E7-4BB6-92BB-7AFF07997402}
 to the user LAPTOP-7EVMU4TQ\mahendra SID (S-1-5-21-38077573-387163758-1783380300-1002) from address LocalHost (Using LRPC) running in the application container Unavailable SID (Unavailable). This security permission can be modified using the Component Services administrative tool."
Warning	24-10-2021 11:18:20	Microsoft-Windows-DistributedCOM	10016	None	"The application-specific permission settings do not grant Local Activation permission for the COM Server application with CLSID 
{2593F8B9-4EAF-457C-B68A-50F6B8EA6B54}
 and APPID 
{15C20B67-12E7-4BB6-92BB-7AFF07997402}
 to the user LAPTOP-7EVMU4TQ\mahendra SID (S-1-5-21-38077573-387163758-1783380300-1002) from address LocalHost (Using LRPC) running in the application container Unavailable SID (Unavailable). This security permission can be modified using the Component Services administrative tool."
Warning	24-10-2021 11:18:12	Microsoft-Windows-DistributedCOM	10016	None	"The application-specific permission settings do not grant Local Activation permission for the COM Server application with CLSID 
{2593F8B9-4EAF-457C-B68A-50F6B8EA6B54}
 and APPID 
{15C20B67-12E7-4BB6-92BB-7AFF07997402}
 to the user LAPTOP-7EVMU4TQ\mahendra SID (S-1-5-21-38077573-387163758-1783380300-1002) from address LocalHost (Using LRPC) running in the application container Unavailable SID (Unavailable). This security permission can be modified using the Component Services administrative tool."
Warning	24-10-2021 11:16:43	Microsoft-Windows-DistributedCOM	10016	None	"The application-specific permission settings do not grant Local Activation permission for the COM Server application with CLSID 
{8BC3F05E-D86B-11D0-A075-00C04FB68820}
 and APPID 
{8BC3F05E-D86B-11D0-A075-00C04FB68820}
 to the user LAPTOP-7EVMU4TQ\mahendra SID (S-1-5-21-38077573-387163758-1783380300-1002) from address LocalHost (Using LRPC) running in the application container Unavailable SID (S-1-15-2-3756516754-2264350331-2160065534-2478249659-2182564797-1720869316-4071012357). This security permission can be modified using the Component Services administrative tool."
Error	24-10-2021 10:26:57	Server	2505	None	The server could not bind to the transport \Device\NetBT_Tcpip_{9F961AE3-9423-4C8B-AB48-B1886999008B} because another computer on the network has the same name.  The server could not start.
Error	24-10-2021 10:26:55	Server	2505	None	The server could not bind to the transport \Device\NetBT_Tcpip_{59426481-F96A-490F-9157-08A6F626BD36} because another computer on the network has the same name.  The server could not start.
Information	24-10-2021 10:26:53	Microsoft-Windows-Power-Troubleshooter	1	None	"The system has returned from a low power state.

Sleep Time: ‎2021‎-‎10‎-‎24T04:49:57.540323700Z
Wake Time: ‎2021‎-‎10‎-‎24T04:56:52.194412200Z

Wake Source: Power Button"
Information	24-10-2021 10:26:51	Microsoft-Windows-Kernel-Power	566	(268)	"The system session has transitioned from 329 to 331.

Reason: 5"
Information	24-10-2021 10:26:51	Microsoft-Windows-Kernel-Power	566	(268)	"The system session has transitioned from 328 to 329.

Reason: 5"
Information	24-10-2021 10:26:49	Microsoft-Windows-Kernel-Power	130	(33)	Firmware S3 times. SuspendStart: 435488438, SuspendEnd: 435488439
Information	24-10-2021 10:26:49	Microsoft-Windows-Kernel-Power	131	(33)	Firmware S3 times. ResumeCount: 3, FullResume: 1026, AverageResume: 1026
Information	24-10-2021 10:26:49	Microsoft-Windows-Kernel-General	1	(5)	"The system time has changed to ‎2021‎-‎10‎-‎24T04:56:49.500000000Z from ‎2021‎-‎10‎-‎24T04:50:09.510655400Z.

Change Reason: System time synchronized with the hardware clock.
Process: '' (PID 4).

RTC time: ‎2021‎-‎10‎-‎24T10:26:49.500000000Z
Current time zone bias: -330
RTC time is in UTC: false
System time was based on RTC time: false"
Information	24-10-2021 10:20:09	Microsoft-Windows-Kernel-Power	107	(102)	The system has resumed from sleep.
Information	24-10-2021 10:20:04	Microsoft-Windows-Kernel-Power	42	(64)	"The system is entering sleep.

Sleep Reason: System Idle"
Information	24-10-2021 10:19:58	Microsoft-Windows-Kernel-Power	566	(268)	"The system session has transitioned from 326 to 328.

Reason: 5"
Information	24-10-2021 10:19:55	Microsoft-Windows-Kernel-Power	566	(268)	"The system session has transitioned from 325 to 326.

Reason: 5"
Information	24-10-2021 10:17:48	Service Control Manager	7040	None	The start type of the Background Intelligent Transfer Service service was changed from auto start to demand start.
Information	24-10-2021 10:15:36	Service Control Manager	7040	None	The start type of the Background Intelligent Transfer Service service was changed from demand start to auto start.
Warning	24-10-2021 10:14:36	Microsoft-Windows-DistributedCOM	10016	None	"The application-specific permission settings do not grant Local Activation permission for the COM Server application with CLSID 
{2593F8B9-4EAF-457C-B68A-50F6B8EA6B54}
 and APPID 
{15C20B67-12E7-4BB6-92BB-7AFF07997402}
 to the user LAPTOP-7EVMU4TQ\mahendra SID (S-1-5-21-38077573-387163758-1783380300-1002) from address LocalHost (Using LRPC) running in the application container Unavailable SID (Unavailable). This security permission can be modified using the Component Services administrative tool."
Information	24-10-2021 10:02:27	Microsoft-Windows-WindowsUpdateClient	19	Windows Update Agent	Installation Successful: Windows successfully installed the following update: Security Intelligence Update for Microsoft Defender Antivirus - KB2267602 (Version 1.351.961.0)
Information	24-10-2021 10:01:45	Microsoft-Windows-WindowsUpdateClient	43	Windows Update Agent	Installation Started: Windows has started installing the following update: Security Intelligence Update for Microsoft Defender Antivirus - KB2267602 (Version 1.351.961.0)
Information	24-10-2021 10:01:45	Microsoft-Windows-WindowsUpdateClient	44	Windows Update Agent	Windows Update started downloading an update.
Information	24-10-2021 09:44:45	Service Control Manager	7040	None	The start type of the Background Intelligent Transfer Service service was changed from auto start to demand start.
Information	24-10-2021 09:42:28	Service Control Manager	7040	None	The start type of the Background Intelligent Transfer Service service was changed from demand start to auto start.
Error	24-10-2021 09:41:34	Server	2505	None	The server could not bind to the transport \Device\NetBT_Tcpip_{9F961AE3-9423-4C8B-AB48-B1886999008B} because another computer on the network has the same name.  The server could not start.
Warning	24-10-2021 09:41:30	Microsoft-Windows-DistributedCOM	10016	None	"The application-specific permission settings do not grant Local Activation permission for the COM Server application with CLSID 
{2593F8B9-4EAF-457C-B68A-50F6B8EA6B54}
 and APPID 
{15C20B67-12E7-4BB6-92BB-7AFF07997402}
 to the user LAPTOP-7EVMU4TQ\mahendra SID (S-1-5-21-38077573-387163758-1783380300-1002) from address LocalHost (Using LRPC) running in the application container Unavailable SID (Unavailable). This security permission can be modified using the Component Services administrative tool."
Information	24-10-2021 09:41:12	Microsoft-Windows-Power-Troubleshooter	1	None	"The system has returned from a low power state.

Sleep Time: ‎2021‎-‎10‎-‎24T03:45:15.500513200Z
Wake Time: ‎2021‎-‎10‎-‎24T04:11:09.802295300Z

Wake Source: Power Button"
Error	24-10-2021 09:41:12	Server	2505	None	The server could not bind to the transport \Device\NetBT_Tcpip_{59426481-F96A-490F-9157-08A6F626BD36} because another computer on the network has the same name.  The server could not start.
Information	24-10-2021 09:41:09	Microsoft-Windows-Kernel-Power	566	(268)	"The system session has transitioned from 323 to 325.

Reason: 5"
Information	24-10-2021 09:41:09	Microsoft-Windows-Kernel-Power	566	(268)	"The system session has transitioned from 322 to 323.

Reason: 5"
Information	24-10-2021 09:41:08	Microsoft-Windows-Kernel-Power	130	(33)	Firmware S3 times. SuspendStart: 433149550, SuspendEnd: 433149551
Information	24-10-2021 09:41:08	Microsoft-Windows-Kernel-Power	131	(33)	Firmware S3 times. ResumeCount: 2, FullResume: 1025, AverageResume: 1026
Information	24-10-2021 09:41:08	Microsoft-Windows-Kernel-General	1	(5)	"The system time has changed to ‎2021‎-‎10‎-‎24T04:11:08.500000000Z from ‎2021‎-‎10‎-‎24T03:45:26.461174800Z.

Change Reason: System time synchronized with the hardware clock.
Process: '' (PID 4).

RTC time: ‎2021‎-‎10‎-‎24T09:41:08.500000000Z
Current time zone bias: -330
RTC time is in UTC: false
System time was based on RTC time: false"
Information	24-10-2021 09:15:26	Microsoft-Windows-Kernel-Power	107	(102)	The system has resumed from sleep.
Information	24-10-2021 09:15:21	Microsoft-Windows-Kernel-Power	42	(64)	"The system is entering sleep.

Sleep Reason: System Idle"
Information	24-10-2021 09:15:20	Microsoft-Windows-Kernel-General	16	None	The access history in hive \??\C:\Users\mahendra\AppData\Local\Packages\Microsoft.LockApp_cw5n1h2txyewy\Settings\settings.dat was cleared updating 3 keys and creating 1 modified pages.
Information	24-10-2021 09:15:17	Microsoft-Windows-Kernel-Power	566	(268)	"The system session has transitioned from 320 to 322.

Reason: 5"
Information	24-10-2021 09:15:02	Microsoft-Windows-Kernel-Power	566	(268)	"The system session has transitioned from 319 to 320.

Reason: 5"
Information	24-10-2021 09:08:29	Microsoft-Windows-Kernel-General	16	None	The access history in hive \??\C:\Users\mahendra\AppData\Local\Packages\ad2f1837.hpjumpstarts_v10z8vjag6ke6\AC\GEH\POF.dat was cleared updating 1 keys and creating 1 modified pages.
Information	24-10-2021 09:08:09	Microsoft-Windows-Kernel-General	16	None	The access history in hive \??\C:\ProgramData\Packages\AppUp.IntelGraphicsExperience_8j3eq9eme6ctt\S-1-5-21-38077573-387163758-1783380300-1002\SystemAppData\Helium\Cache\474826dcceed1abe_COM15.dat was cleared updating 1 keys and creating 1 modified pages.
Information	24-10-2021 09:08:09	Microsoft-Windows-Kernel-General	16	None	The access history in hive \??\C:\Users\mahendra\AppData\Local\Packages\AppUp.IntelGraphicsExperience_8j3eq9eme6ctt\SystemAppData\Helium\UserClasses.dat was cleared updating 4 keys and creating 1 modified pages.
Information	24-10-2021 09:08:09	Microsoft-Windows-Kernel-General	16	None	The access history in hive \??\C:\Users\mahendra\AppData\Local\Packages\AppUp.IntelGraphicsExperience_8j3eq9eme6ctt\SystemAppData\Helium\User.dat was cleared updating 12 keys and creating 1 modified pages.
Information	24-10-2021 09:08:05	Microsoft-Windows-Kernel-General	16	None	The access history in hive \??\C:\Users\mahendra\AppData\Local\Packages\Microsoft.YourPhone_8wekyb3d8bbwe\Settings\settings.dat was cleared updating 27 keys and creating 10 modified pages.
Warning	24-10-2021 09:08:04	Microsoft-Windows-DNS-Client	1014	(1014)	Name resolution for the name login.microsoftonline.com timed out after none of the configured DNS servers responded. Client PID 29704.
Information	24-10-2021 09:07:50	Microsoft-Windows-Kernel-General	16	None	The access history in hive \??\C:\Users\mahendra\AppData\Local\Packages\Microsoft.Windows.StartMenuExperienceHost_cw5n1h2txyewy\Settings\settings.dat was cleared updating 7 keys and creating 1 modified pages.
Information	24-10-2021 09:07:49	Microsoft-Windows-Kernel-General	16	None	The access history in hive \??\C:\Users\mahendra\AppData\Local\Packages\MicrosoftWindows.Client.CBS_cw5n1h2txyewy\Settings\settings.dat was cleared updating 13 keys and creating 4 modified pages.
Warning	24-10-2021 09:07:36	Microsoft-Windows-DistributedCOM	10016	None	"The application-specific permission settings do not grant Local Activation permission for the COM Server application with CLSID 
{6B3B8D23-FA8D-40B9-8DBD-B950333E2C52}
 and APPID 
{4839DDB7-58C2-48F5-8283-E1D1807D0D7D}
 to the user NT AUTHORITY\LOCAL SERVICE SID (S-1-5-19) from address LocalHost (Using LRPC) running in the application container Unavailable SID (Unavailable). This security permission can be modified using the Component Services administrative tool."
Warning	24-10-2021 09:07:36	Microsoft-Windows-DistributedCOM	10016	None	"The application-specific permission settings do not grant Local Activation permission for the COM Server application with CLSID 
{6B3B8D23-FA8D-40B9-8DBD-B950333E2C52}
 and APPID 
{4839DDB7-58C2-48F5-8283-E1D1807D0D7D}
 to the user NT AUTHORITY\LOCAL SERVICE SID (S-1-5-19) from address LocalHost (Using LRPC) running in the application container Unavailable SID (Unavailable). This security permission can be modified using the Component Services administrative tool."
Information	24-10-2021 09:07:30	Microsoft-Windows-Winlogon	7001	(1101)	User Logon Notification for Customer Experience Improvement Program
Error	24-10-2021 09:06:42	Server	2505	None	The server could not bind to the transport \Device\NetBT_Tcpip_{9F961AE3-9423-4C8B-AB48-B1886999008B} because another computer on the network has the same name.  The server could not start.
Information	24-10-2021 09:06:36	Microsoft-Windows-Power-Troubleshooter	1	None	"The system has returned from a low power state.

Sleep Time: ‎2021‎-‎10‎-‎24T03:35:01.763017600Z
Wake Time: ‎2021‎-‎10‎-‎24T03:36:34.697640500Z

Wake Source: Power Button"
Error	24-10-2021 09:06:37	Server	2505	None	The server could not bind to the transport \Device\NetBT_Tcpip_{59426481-F96A-490F-9157-08A6F626BD36} because another computer on the network has the same name.  The server could not start.
Information	24-10-2021 09:06:34	Microsoft-Windows-Kernel-Power	566	(268)	"The system session has transitioned from 317 to 319.

Reason: 5"
Information	24-10-2021 09:06:34	Microsoft-Windows-Kernel-Power	566	(268)	"The system session has transitioned from 316 to 317.

Reason: 5"
Information	24-10-2021 09:06:33	Microsoft-Windows-Kernel-Power	130	(33)	Firmware S3 times. SuspendStart: 432617069, SuspendEnd: 432617070
Information	24-10-2021 09:06:33	Microsoft-Windows-Kernel-Power	131	(33)	Firmware S3 times. ResumeCount: 1, FullResume: 1028, AverageResume: 1028
Information	24-10-2021 09:06:33	Microsoft-Windows-Kernel-General	1	(5)	"The system time has changed to ‎2021‎-‎10‎-‎24T03:36:33.500000000Z from ‎2021‎-‎10‎-‎24T03:35:15.291531700Z.

Change Reason: System time synchronized with the hardware clock.
Process: '' (PID 4).

RTC time: ‎2021‎-‎10‎-‎24T09:06:33.500000000Z
Current time zone bias: -330
RTC time is in UTC: false
System time was based on RTC time: false"
Information	24-10-2021 09:05:15	Microsoft-Windows-Kernel-Power	107	(102)	The system has resumed from sleep.
Information	24-10-2021 09:05:10	Microsoft-Windows-Kernel-Power	42	(64)	"The system is entering sleep.

Sleep Reason: System Idle"
Information	24-10-2021 09:05:02	Microsoft-Windows-Kernel-Power	566	(268)	"The system session has transitioned from 314 to 316.

Reason: 5"
Information	24-10-2021 09:05:01	Microsoft-Windows-Kernel-Power	566	(268)	"The system session has transitioned from 313 to 314.

Reason: 5"
Warning	24-10-2021 09:00:59	Microsoft-Windows-DNS-Client	1014	(1014)	Name resolution for the name ipv6.msftconnecttest.com timed out after none of the configured DNS servers responded. Client PID 1936.
Warning	24-10-2021 09:00:47	Microsoft-Windows-DNS-Client	1014	(1014)	Name resolution for the name disc501.prod.do.dsp.mp.microsoft.com timed out after none of the configured DNS servers responded. Client PID 3824.
Error	24-10-2021 09:00:16	Server	2505	None	The server could not bind to the transport \Device\NetBT_Tcpip_{9F961AE3-9423-4C8B-AB48-B1886999008B} because another computer on the network has the same name.  The server could not start.
Error	24-10-2021 09:00:09	Server	2505	None	The server could not bind to the transport \Device\NetBT_Tcpip_{9F961AE3-9423-4C8B-AB48-B1886999008B} because another computer on the network has the same name.  The server could not start.
Information	24-10-2021 08:59:58	Microsoft-Windows-Power-Troubleshooter	1	None	"The system has returned from a low power state.

Sleep Time: ‎2021‎-‎10‎-‎23T19:11:05.082196400Z
Wake Time: ‎2021‎-‎10‎-‎24T03:29:54.426009000Z

Wake Source: Unknown"
Error	24-10-2021 08:59:56	Server	2505	None	The server could not bind to the transport \Device\NetBT_Tcpip_{59426481-F96A-490F-9157-08A6F626BD36} because another computer on the network has the same name.  The server could not start.
Information	24-10-2021 08:59:54	Microsoft-Windows-Kernel-Power	566	(268)	"The system session has transitioned from 311 to 313.

Reason: 5"
Information	24-10-2021 08:59:54	Microsoft-Windows-Kernel-Power	566	(268)	"The system session has transitioned from 310 to 311.

Reason: 5"
Information	24-10-2021 08:59:54	Microsoft-Windows-Kernel-Boot	32	(58)	The bootmgr spent 0 ms waiting for user input.
Information	24-10-2021 08:59:54	Microsoft-Windows-Kernel-Boot	18	(57)	There are 0x1 boot options on this system.
Information	24-10-2021 08:59:54	Microsoft-Windows-Kernel-Boot	30	(21)	The firmware reported boot metrics.
Information	24-10-2021 08:59:52	Microsoft-Windows-Kernel-General	1	(5)	"The system time has changed to ‎2021‎-‎10‎-‎24T03:29:52.500000000Z from ‎2021‎-‎10‎-‎23T19:11:38.990478100Z.

Change Reason: System time synchronized with the hardware clock.
Process: '' (PID 4).

RTC time: ‎2021‎-‎10‎-‎24T08:59:52.500000000Z
Current time zone bias: -330
RTC time is in UTC: false
System time was based on RTC time: false"
Information	24-10-2021 00:41:38	Microsoft-Windows-Kernel-Power	107	(102)	The system has resumed from sleep.
Warning	24-10-2021 00:41:29	Microsoft-Windows-DNS-Client	1014	(1014)	Name resolution for the name ipv6.msftconnecttest.com timed out after none of the configured DNS servers responded. Client PID 1936.
Information	24-10-2021 00:41:25	Microsoft-Windows-Kernel-Power	42	(64)	"The system is entering sleep.

Sleep Reason: Application API"
Information	24-10-2021 00:41:12	Microsoft-Windows-Kernel-Power	105	(100)	Power source change.
Information	24-10-2021 00:41:07	Microsoft-Windows-Kernel-Power	566	(268)	"The system session has transitioned from 309 to 310.

Reason: 5"
Information	24-10-2021 00:41:05	Microsoft-Windows-Kernel-Power	187	(243)	User-mode process attempted to change the system state by calling SetSuspendState or SetSystemPowerState APIs.
Information	24-10-2021 00:41:04	Microsoft-Windows-Winlogon	7002	(1102)	User Logoff Notification for Customer Experience Improvement Program
Information	24-10-2021 00:40:50	User32	1074	None	"The process Explorer.EXE has initiated the power off of computer LAPTOP-7EVMU4TQ on behalf of user LAPTOP-7EVMU4TQ\mahendra for the following reason: Other (Unplanned)
 Reason Code: 0x0
 Shutdown Type: power off
 Comment: "
Information	24-10-2021 00:40:10	Microsoft-Windows-Power-Troubleshooter	1	None	"The system has returned from a low power state.

Sleep Time: ‎2021‎-‎10‎-‎23T19:06:02.380149500Z
Wake Time: ‎2021‎-‎10‎-‎23T19:10:02.834883900Z

Wake Source: Device -Intel(R) USB 3.1 eXtensible Host Controller - 1.10 (Microsoft)"
Error	24-10-2021 00:40:09	Server	2505	None	The server could not bind to the transport \Device\NetBT_Tcpip_{9F961AE3-9423-4C8B-AB48-B1886999008B} because another computer on the network has the same name.  The server could not start.
Error	24-10-2021 00:40:06	Server	2505	None	The server could not bind to the transport \Device\NetBT_Tcpip_{59426481-F96A-490F-9157-08A6F626BD36} because another computer on the network has the same name.  The server could not start.
Information	24-10-2021 00:40:02	Microsoft-Windows-Kernel-Power	566	(268)	"The system session has transitioned from 307 to 309.

Reason: 5"
Information	24-10-2021 00:40:02	Microsoft-Windows-Kernel-Power	566	(268)	"The system session has transitioned from 306 to 307.

Reason: 5"
Information	24-10-2021 00:40:01	Microsoft-Windows-Kernel-Power	130	(33)	Firmware S3 times. SuspendStart: 432243262, SuspendEnd: 432243263
Information	24-10-2021 00:40:01	Microsoft-Windows-Kernel-Power	131	(33)	Firmware S3 times. ResumeCount: 5, FullResume: 1031, AverageResume: 1027
Information	24-10-2021 00:40:01	Microsoft-Windows-Kernel-General	1	(5)	"The system time has changed to ‎2021‎-‎10‎-‎23T19:10:01.500000000Z from ‎2021‎-‎10‎-‎23T19:06:20.110743500Z.

Change Reason: System time synchronized with the hardware clock.
Process: '' (PID 4).

RTC time: ‎2021‎-‎10‎-‎24T00:40:01.500000000Z
Current time zone bias: -330
RTC time is in UTC: false
System time was based on RTC time: false"
Information	24-10-2021 00:36:20	Microsoft-Windows-Kernel-Power	107	(102)	The system has resumed from sleep.
Information	24-10-2021 00:36:13	Microsoft-Windows-Kernel-Power	42	(64)	"The system is entering sleep.

Sleep Reason: System Idle"
Information	24-10-2021 00:36:04	Microsoft-Windows-Kernel-Power	566	(268)	"The system session has transitioned from 304 to 306.

Reason: 5"
Warning	24-10-2021 00:30:17	Microsoft-Windows-Kernel-Processor-Power	37	(7)	The speed of processor 7 in group 0 is being limited by system firmware. The processor has been in this reduced performance state for 126760 seconds since the last report.
Information	24-10-2021 00:25:41	Microsoft-Windows-Kernel-Power	566	(268)	"The system session has transitioned from 303 to 304.

Reason: 5"
Information	24-10-2021 00:09:47	Microsoft-Windows-WindowsUpdateClient	19	Windows Update Agent	Installation Successful: Windows successfully installed the following update: Security Intelligence Update for Microsoft Defender Antivirus - KB2267602 (Version 1.351.936.0)
Information	24-10-2021 00:09:23	Microsoft-Windows-WindowsUpdateClient	43	Windows Update Agent	Installation Started: Windows has started installing the following update: Security Intelligence Update for Microsoft Defender Antivirus - KB2267602 (Version 1.351.936.0)
Information	24-10-2021 00:09:23	Microsoft-Windows-WindowsUpdateClient	44	Windows Update Agent	Windows Update started downloading an update.
Information	23-10-2021 23:45:20	Service Control Manager	7040	None	The start type of the Background Intelligent Transfer Service service was changed from auto start to demand start.
Information	23-10-2021 23:43:00	Service Control Manager	7040	None	The start type of the Background Intelligent Transfer Service service was changed from demand start to auto start.
Information	23-10-2021 23:33:00	Microsoft-Windows-Kernel-Power	566	(268)	"The system session has transitioned from 301 to 303.

Reason: 5"
Information	23-10-2021 23:26:24	Microsoft-Windows-Kernel-Power	566	(268)	"The system session has transitioned from 300 to 301.

Reason: 5"
Information	23-10-2021 23:24:52	Service Control Manager	7040	None	The start type of the Background Intelligent Transfer Service service was changed from auto start to demand start.
Information	23-10-2021 23:22:47	Service Control Manager	7040	None	The start type of the Background Intelligent Transfer Service service was changed from demand start to auto start.
Information	23-10-2021 23:21:13	Service Control Manager	7045	None	"A service was installed in the system.

Service Name:  MpKsle477bc2e
Service File Name:  C:\ProgramData\Microsoft\Windows Defender\Definition Updates\{E679BF88-12D9-4E27-86D7-526CC17FB347}\MpKslDrv.sys
Service Type:  kernel mode driver
Service Start Type:  demand start
Service Account:  "
Information	23-10-2021 23:06:09	Microsoft-Windows-Kernel-General	1	(5)	"The system time has changed to ‎2021‎-‎10‎-‎23T17:36:09.726659100Z from ‎2021‎-‎10‎-‎23T17:36:09.725679800Z.

Change Reason: An application or system component changed the time.
Process: '\Device\HarddiskVolume3\Windows\System32\svchost.exe' (PID 26884).

RTC time: ‎2021‎-‎10‎-‎23T23:06:09.726659100Z
Current time zone bias: -330
RTC time is in UTC: false
System time was based on RTC time: false"
Information	23-10-2021 23:06:09	Microsoft-Windows-Kernel-General	24	(11)	The time zone information was refreshed with exit reason 0. Current time zone bias is -330.
Information	23-10-2021 23:06:09	Microsoft-Windows-Kernel-General	1	(5)	"The system time has changed to ‎2021‎-‎10‎-‎23T17:36:09.724481100Z from ‎2021‎-‎10‎-‎23T17:36:09.723700600Z.

Change Reason: An application or system component changed the time.
Process: '\Device\HarddiskVolume3\Windows\System32\svchost.exe' (PID 26884).

RTC time: ‎2021‎-‎10‎-‎23T23:06:09.724481100Z
Current time zone bias: -330
RTC time is in UTC: false
System time was based on RTC time: false"
Information	23-10-2021 23:06:09	Microsoft-Windows-Kernel-General	24	(11)	The time zone information was refreshed with exit reason 0. Current time zone bias is -330.
Information	23-10-2021 23:06:09	Microsoft-Windows-Time-Service	35	None	The time service is now synchronizing the system time with the time source time.windows.com,0x9 (ntp.m|0x9|0.0.0.0:123->40.81.94.65:123) with reference id 1096700200. Current local stratum number is 4.
Information	23-10-2021 23:06:09	Microsoft-Windows-Kernel-General	1	(5)	"The system time has changed to ‎2021‎-‎10‎-‎23T17:36:09.722344100Z from ‎2021‎-‎10‎-‎23T17:36:08.531716600Z.

Change Reason: An application or system component changed the time.
Process: '\Device\HarddiskVolume3\Windows\System32\svchost.exe' (PID 26884).

RTC time: ‎2021‎-‎10‎-‎23T23:06:09.722344100Z
Current time zone bias: -330
RTC time is in UTC: false
System time was based on RTC time: false"
Information	23-10-2021 23:06:09	Microsoft-Windows-Kernel-General	24	(11)	The time zone information was refreshed with exit reason 0. Current time zone bias is -330.
Information	23-10-2021 23:06:08	Microsoft-Windows-Time-Service	37	None	The time provider NtpClient is currently receiving valid time data from time.windows.com,0x9 (ntp.m|0x9|0.0.0.0:123->40.81.94.65:123).
Information	23-10-2021 22:24:50	Service Control Manager	7040	None	The start type of the Background Intelligent Transfer Service service was changed from auto start to demand start.
Information	23-10-2021 22:22:41	Service Control Manager	7040	None	The start type of the Background Intelligent Transfer Service service was changed from demand start to auto start.
Error	23-10-2021 20:12:40	Server	2505	None	The server could not bind to the transport \Device\NetBT_Tcpip_{9F961AE3-9423-4C8B-AB48-B1886999008B} because another computer on the network has the same name.  The server could not start.
Error	23-10-2021 20:12:38	Server	2505	None	The server could not bind to the transport \Device\NetBT_Tcpip_{9F961AE3-9423-4C8B-AB48-B1886999008B} because another computer on the network has the same name.  The server could not start.
Warning	23-10-2021 20:12:09	Microsoft-Windows-DNS-Client	1014	(1014)	Name resolution for the name clientservices.googleapis.com timed out after none of the configured DNS servers responded. Client PID 21416.
Error	23-10-2021 19:18:03	Service Control Manager	7009	None	A timeout was reached (30000 milliseconds) while waiting for the Intel(R) SUR QC Software Asset Manager service to connect.
Information	23-10-2021 18:45:11	Service Control Manager	7040	None	The start type of the Background Intelligent Transfer Service service was changed from auto start to demand start.
Information	23-10-2021 18:42:59	Service Control Manager	7040	None	The start type of the Background Intelligent Transfer Service service was changed from demand start to auto start.
Warning	23-10-2021 18:41:58	Microsoft-Windows-DistributedCOM	10016	None	"The application-specific permission settings do not grant Local Activation permission for the COM Server application with CLSID 
{2593F8B9-4EAF-457C-B68A-50F6B8EA6B54}
 and APPID 
{15C20B67-12E7-4BB6-92BB-7AFF07997402}
 to the user LAPTOP-7EVMU4TQ\mahendra SID (S-1-5-21-38077573-387163758-1783380300-1002) from address LocalHost (Using LRPC) running in the application container Unavailable SID (Unavailable). This security permission can be modified using the Component Services administrative tool."
Information	23-10-2021 18:34:51	Service Control Manager	7040	None	The start type of the Background Intelligent Transfer Service service was changed from auto start to demand start.
Information	23-10-2021 18:32:39	Service Control Manager	7040	None	The start type of the Background Intelligent Transfer Service service was changed from demand start to auto start.
Warning	23-10-2021 18:31:38	Microsoft-Windows-DistributedCOM	10016	None	"The application-specific permission settings do not grant Local Activation permission for the COM Server application with CLSID 
{2593F8B9-4EAF-457C-B68A-50F6B8EA6B54}
 and APPID 
{15C20B67-12E7-4BB6-92BB-7AFF07997402}
 to the user LAPTOP-7EVMU4TQ\mahendra SID (S-1-5-21-38077573-387163758-1783380300-1002) from address LocalHost (Using LRPC) running in the application container Unavailable SID (Unavailable). This security permission can be modified using the Component Services administrative tool."
Information	23-10-2021 18:02:36	Microsoft-Windows-Kernel-Power	566	(268)	"The system session has transitioned from 298 to 300.

Reason: 5"
Information	23-10-2021 18:00:58	Microsoft-Windows-Kernel-Power	566	(268)	"The system session has transitioned from 297 to 298.

Reason: 5"
Information	23-10-2021 17:45:04	Service Control Manager	7040	None	The start type of the Background Intelligent Transfer Service service was changed from auto start to demand start.
Information	23-10-2021 17:42:50	Service Control Manager	7040	None	The start type of the Background Intelligent Transfer Service service was changed from demand start to auto start.
Warning	23-10-2021 17:41:51	Microsoft-Windows-DistributedCOM	10016	None	"The application-specific permission settings do not grant Local Activation permission for the COM Server application with CLSID 
{2593F8B9-4EAF-457C-B68A-50F6B8EA6B54}
 and APPID 
{15C20B67-12E7-4BB6-92BB-7AFF07997402}
 to the user LAPTOP-7EVMU4TQ\mahendra SID (S-1-5-21-38077573-387163758-1783380300-1002) from address LocalHost (Using LRPC) running in the application container Unavailable SID (Unavailable). This security permission can be modified using the Component Services administrative tool."
Information	23-10-2021 17:03:33	Service Control Manager	7040	None	The start type of the Background Intelligent Transfer Service service was changed from auto start to demand start.
Information	23-10-2021 17:01:16	Service Control Manager	7040	None	The start type of the Background Intelligent Transfer Service service was changed from demand start to auto start.
Information	23-10-2021 15:48:29	Microsoft-Windows-Kernel-Power	566	(268)	"The system session has transitioned from 295 to 297.

Reason: 5"
Information	23-10-2021 15:31:42	Microsoft-Windows-Kernel-Power	566	(268)	"The system session has transitioned from 294 to 295.

Reason: 5"
Information	23-10-2021 15:30:41	Microsoft-Windows-Kernel-Power	566	(268)	"The system session has transitioned from 292 to 294.

Reason: 5"
Information	23-10-2021 15:29:07	Microsoft-Windows-Kernel-Power	566	(268)	"The system session has transitioned from 291 to 292.

Reason: 5"
Information	23-10-2021 15:27:53	Microsoft-Windows-Kernel-Power	566	(268)	"The system session has transitioned from 289 to 291.

Reason: 5"
Information	23-10-2021 15:20:41	Microsoft-Windows-Kernel-Power	566	(268)	"The system session has transitioned from 288 to 289.

Reason: 5"
Warning	23-10-2021 15:20:28	Microsoft-Windows-DNS-Client	1014	(1014)	Name resolution for the name www.msftconnecttest.com timed out after none of the configured DNS servers responded. Client PID 1936.
Information	23-10-2021 15:19:55	Microsoft-Windows-Time-Service	158	None	The time provider 'VMICTimeProvider' has indicated that the current hardware and operating environment is not supported and has stopped. This behavior is expected for VMICTimeProvider on non-HyperV-guest environments. This may be the expected behavior for the current provider in the current operating environment as well.
Error	23-10-2021 15:19:45	Server	2505	None	The server could not bind to the transport \Device\NetBT_Tcpip_{9F961AE3-9423-4C8B-AB48-B1886999008B} because another computer on the network has the same name.  The server could not start.
Error	23-10-2021 15:19:43	Server	2505	None	The server could not bind to the transport \Device\NetBT_Tcpip_{59426481-F96A-490F-9157-08A6F626BD36} because another computer on the network has the same name.  The server could not start.
Information	23-10-2021 15:19:42	Microsoft-Windows-Power-Troubleshooter	1	None	"The system has returned from a low power state.

Sleep Time: ‎2021‎-‎10‎-‎23T09:46:19.604814600Z
Wake Time: ‎2021‎-‎10‎-‎23T09:49:40.619476800Z

Wake Source: Power Button"
Information	23-10-2021 15:19:39	Microsoft-Windows-Kernel-Power	566	(268)	"The system session has transitioned from 286 to 288.

Reason: 5"
Information	23-10-2021 15:19:39	Microsoft-Windows-Kernel-Power	566	(268)	"The system session has transitioned from 285 to 286.

Reason: 5"
Information	23-10-2021 15:19:38	Microsoft-Windows-Kernel-Power	130	(33)	Firmware S3 times. SuspendStart: 398868823, SuspendEnd: 398868824
Information	23-10-2021 15:19:38	Microsoft-Windows-Kernel-Power	131	(33)	Firmware S3 times. ResumeCount: 4, FullResume: 1027, AverageResume: 1026
Information	23-10-2021 15:19:38	Microsoft-Windows-Kernel-General	1	(5)	"The system time has changed to ‎2021‎-‎10‎-‎23T09:49:38.500000000Z from ‎2021‎-‎10‎-‎23T09:46:26.892220300Z.

Change Reason: System time synchronized with the hardware clock.
Process: '' (PID 4).

RTC time: ‎2021‎-‎10‎-‎23T15:19:38.500000000Z
Current time zone bias: -330
RTC time is in UTC: false
System time was based on RTC time: false"
Information	23-10-2021 15:16:26	Microsoft-Windows-Kernel-Power	107	(102)	The system has resumed from sleep.
Information	23-10-2021 15:16:22	Microsoft-Windows-Kernel-Power	42	(64)	"The system is entering sleep.

Sleep Reason: System Idle"
Information	23-10-2021 15:16:20	Microsoft-Windows-Kernel-Power	566	(268)	"The system session has transitioned from 283 to 285.

Reason: 5"
Information	23-10-2021 15:13:18	Microsoft-Windows-Time-Service	158	None	The time provider 'VMICTimeProvider' has indicated that the current hardware and operating environment is not supported and has stopped. This behavior is expected for VMICTimeProvider on non-HyperV-guest environments. This may be the expected behavior for the current provider in the current operating environment as well.
Information	23-10-2021 15:07:31	Microsoft-Windows-Kernel-Power	566	(268)	"The system session has transitioned from 282 to 283.

Reason: 5"
Error	23-10-2021 14:56:17	Server	2505	None	The server could not bind to the transport \Device\NetBT_Tcpip_{9F961AE3-9423-4C8B-AB48-B1886999008B} because another computer on the network has the same name.  The server could not start.
Information	23-10-2021 14:55:39	Microsoft-Windows-Power-Troubleshooter	1	None	"The system has returned from a low power state.

Sleep Time: ‎2021‎-‎10‎-‎23T08:51:34.231676000Z
Wake Time: ‎2021‎-‎10‎-‎23T09:25:34.850885200Z

Wake Source: Power Button"
Error	23-10-2021 14:55:38	Server	2505	None	The server could not bind to the transport \Device\NetBT_Tcpip_{59426481-F96A-490F-9157-08A6F626BD36} because another computer on the network has the same name.  The server could not start.
Information	23-10-2021 14:55:34	Microsoft-Windows-Kernel-Power	566	(268)	"The system session has transitioned from 280 to 282.

Reason: 5"
Information	23-10-2021 14:55:34	Microsoft-Windows-Time-Service	158	None	The time provider 'VMICTimeProvider' has indicated that the current hardware and operating environment is not supported and has stopped. This behavior is expected for VMICTimeProvider on non-HyperV-guest environments. This may be the expected behavior for the current provider in the current operating environment as well.
Information	23-10-2021 14:55:34	Microsoft-Windows-Kernel-Power	566	(268)	"The system session has transitioned from 279 to 280.

Reason: 5"
Information	23-10-2021 14:55:33	Microsoft-Windows-Kernel-Power	130	(33)	Firmware S3 times. SuspendStart: 397616401, SuspendEnd: 397616403
Information	23-10-2021 14:55:33	Microsoft-Windows-Kernel-Power	131	(33)	Firmware S3 times. ResumeCount: 3, FullResume: 1028, AverageResume: 1026
Information	23-10-2021 14:55:33	Microsoft-Windows-Kernel-General	1	(5)	"The system time has changed to ‎2021‎-‎10‎-‎23T09:25:33.500000000Z from ‎2021‎-‎10‎-‎23T08:51:48.136050000Z.

Change Reason: System time synchronized with the hardware clock.
Process: '' (PID 4).

RTC time: ‎2021‎-‎10‎-‎23T14:55:33.500000000Z
Current time zone bias: -330
RTC time is in UTC: false
System time was based on RTC time: false"
Information	23-10-2021 14:21:48	Microsoft-Windows-Kernel-Power	107	(102)	The system has resumed from sleep.
Information	23-10-2021 14:21:43	Microsoft-Windows-Kernel-Power	42	(64)	"The system is entering sleep.

Sleep Reason: System Idle"
Information	23-10-2021 14:21:35	Microsoft-Windows-Kernel-Power	566	(268)	"The system session has transitioned from 277 to 279.

Reason: 5"
Information	23-10-2021 14:17:20	Microsoft-Windows-Time-Service	158	None	The time provider 'VMICTimeProvider' has indicated that the current hardware and operating environment is not supported and has stopped. This behavior is expected for VMICTimeProvider on non-HyperV-guest environments. This may be the expected behavior for the current provider in the current operating environment as well.
Information	23-10-2021 14:11:34	Microsoft-Windows-Kernel-Power	566	(268)	"The system session has transitioned from 276 to 277.

Reason: 5"
Information	23-10-2021 14:01:33	Microsoft-Windows-Kernel-General	16	None	The access history in hive \??\C:\Users\mahendra\AppData\Local\Packages\microsoft.windows.shellexperiencehost_cw5n1h2txyewy\AC\GEH\POF.dat was cleared updating 1 keys and creating 1 modified pages.
Information	23-10-2021 14:00:00	Microsoft-Windows-Time-Service	37	None	The time provider NtpClient is currently receiving valid time data from time.windows.com,0x9 (ntp.m|0x9|0.0.0.0:123->40.81.94.65:123).
Information	23-10-2021 14:00:00	Microsoft-Windows-Time-Service	158	None	The time provider 'VMICTimeProvider' has indicated that the current hardware and operating environment is not supported and has stopped. This behavior is expected for VMICTimeProvider on non-HyperV-guest environments. This may be the expected behavior for the current provider in the current operating environment as well.
Warning	23-10-2021 12:44:26	Microsoft-Windows-DistributedCOM	10016	None	"The application-specific permission settings do not grant Local Activation permission for the COM Server application with CLSID 
{2593F8B9-4EAF-457C-B68A-50F6B8EA6B54}
 and APPID 
{15C20B67-12E7-4BB6-92BB-7AFF07997402}
 to the user LAPTOP-7EVMU4TQ\mahendra SID (S-1-5-21-38077573-387163758-1783380300-1002) from address LocalHost (Using LRPC) running in the application container Unavailable SID (Unavailable). This security permission can be modified using the Component Services administrative tool."
Information	23-10-2021 12:37:51	Microsoft-Windows-Kernel-General	16	None	The access history in hive \??\C:\ProgramData\Packages\Microsoft.WindowsTerminal_8wekyb3d8bbwe\S-1-5-21-38077573-387163758-1783380300-1002\SystemAppData\Helium\Cache\7395edb55775b507_COM15.dat was cleared updating 1 keys and creating 1 modified pages.
Warning	23-10-2021 12:03:50	Microsoft-Windows-DistributedCOM	10016	None	"The application-specific permission settings do not grant Local Activation permission for the COM Server application with CLSID 
{2593F8B9-4EAF-457C-B68A-50F6B8EA6B54}
 and APPID 
{15C20B67-12E7-4BB6-92BB-7AFF07997402}
 to the user LAPTOP-7EVMU4TQ\mahendra SID (S-1-5-21-38077573-387163758-1783380300-1002) from address LocalHost (Using LRPC) running in the application container Unavailable SID (Unavailable). This security permission can be modified using the Component Services administrative tool."
Information	23-10-2021 12:03:28	Service Control Manager	7040	None	The start type of the Background Intelligent Transfer Service service was changed from auto start to demand start.
Information	23-10-2021 12:01:16	Service Control Manager	7040	None	The start type of the Background Intelligent Transfer Service service was changed from demand start to auto start.
Information	23-10-2021 12:00:18	Service Control Manager	7040	None	The start type of the Background Intelligent Transfer Service service was changed from auto start to demand start.
Warning	23-10-2021 12:00:16	Microsoft-Windows-DistributedCOM	10016	None	"The application-specific permission settings do not grant Local Activation permission for the COM Server application with CLSID 
{2593F8B9-4EAF-457C-B68A-50F6B8EA6B54}
 and APPID 
{15C20B67-12E7-4BB6-92BB-7AFF07997402}
 to the user LAPTOP-7EVMU4TQ\mahendra SID (S-1-5-21-38077573-387163758-1783380300-1002) from address LocalHost (Using LRPC) running in the application container Unavailable SID (Unavailable). This security permission can be modified using the Component Services administrative tool."
Information	23-10-2021 12:00:00	EventLog	6013	None	The system uptime is 670450 seconds.
Information	23-10-2021 11:57:51	Service Control Manager	7040	None	The start type of the Background Intelligent Transfer Service service was changed from demand start to auto start.
Warning	23-10-2021 11:56:53	Microsoft-Windows-DistributedCOM	10016	None	"The application-specific permission settings do not grant Local Activation permission for the COM Server application with CLSID 
{2593F8B9-4EAF-457C-B68A-50F6B8EA6B54}
 and APPID 
{15C20B67-12E7-4BB6-92BB-7AFF07997402}
 to the user LAPTOP-7EVMU4TQ\mahendra SID (S-1-5-21-38077573-387163758-1783380300-1002) from address LocalHost (Using LRPC) running in the application container Unavailable SID (Unavailable). This security permission can be modified using the Component Services administrative tool."
Information	23-10-2021 11:51:39	Microsoft-Windows-WindowsUpdateClient	19	Windows Update Agent	Installation Successful: Windows successfully installed the following update: Security Intelligence Update for Microsoft Defender Antivirus - KB2267602 (Version 1.351.908.0)
Information	23-10-2021 11:51:13	Microsoft-Windows-WindowsUpdateClient	43	Windows Update Agent	Installation Started: Windows has started installing the following update: Security Intelligence Update for Microsoft Defender Antivirus - KB2267602 (Version 1.351.908.0)
Information	23-10-2021 11:51:10	Microsoft-Windows-WindowsUpdateClient	44	Windows Update Agent	Windows Update started downloading an update.
Warning	23-10-2021 11:45:31	Microsoft-Windows-DistributedCOM	10016	None	"The application-specific permission settings do not grant Local Activation permission for the COM Server application with CLSID 
{2593F8B9-4EAF-457C-B68A-50F6B8EA6B54}
 and APPID 
{15C20B67-12E7-4BB6-92BB-7AFF07997402}
 to the user LAPTOP-7EVMU4TQ\mahendra SID (S-1-5-21-38077573-387163758-1783380300-1002) from address LocalHost (Using LRPC) running in the application container Unavailable SID (Unavailable). This security permission can be modified using the Component Services administrative tool."
Information	23-10-2021 11:45:23	Microsoft-Windows-Kernel-Power	105	(100)	Power source change.
