Warning	30-10-2021 16:20:54	Microsoft-Windows-Time-Service	134	None	NtpClient was unable to set a manual peer to use as a time source because of DNS resolution error on 'time.windows.com,0x9'. NtpClient will try again in 15 minutes and double the reattempt interval thereafter. The error was: No such host is known. (0x80072AF9)
Information	30-10-2021 16:20:54	Microsoft-Windows-Kernel-Power	566	(268)	"The system session has transitioned from 49 to 50.

Reason: 6"
Information	30-10-2021 16:20:53	Microsoft-Windows-UserModePowerService	12	(10)	Process C:\Windows\System32\svchost.exe (process ID:1664) reset policy scheme from {48684d4a-8524-4093-8a63-ea7132b79c1c} to {48684d4a-8524-4093-8a63-ea7132b79c1c}
Information	30-10-2021 16:20:50	Microsoft-Windows-Kernel-Power	105	(100)	Power source change.
Information	30-10-2021 16:20:50	EventLog	6013	None	The system uptime is 166785 seconds.
Information	30-10-2021 16:20:49	Microsoft-Windows-Kernel-Power	130	(33)	Firmware S3 times. SuspendStart: 32424540, SuspendEnd: 32424541
Information	30-10-2021 16:20:49	Microsoft-Windows-Kernel-Power	131	(33)	Firmware S3 times. ResumeCount: 7, FullResume: 1029, AverageResume: 1029
Information	30-10-2021 16:20:49	Microsoft-Windows-Kernel-General	1	(5)	"The system time has changed to ‎2021‎-‎10‎-‎30T10:50:49.500000000Z from ‎2021‎-‎10‎-‎29T18:05:50.238048800Z.

Change Reason: System time synchronized with the hardware clock.
Process: '' (PID 4).

RTC time: ‎2021‎-‎10‎-‎30T16:20:49.500000000Z
Current time zone bias: -330
RTC time is in UTC: false
System time was based on RTC time: false"
Information	29-10-2021 23:35:50	Microsoft-Windows-Kernel-Power	107	(102)	The system has resumed from sleep.
Information	29-10-2021 23:35:45	Microsoft-Windows-Kernel-Power	42	(64)	"The system is entering sleep.

Sleep Reason: System Idle"
Information	29-10-2021 23:35:42	Microsoft-Windows-Kernel-Power	566	(268)	"The system session has transitioned from 47 to 49.

Reason: 6"
Information	29-10-2021 23:31:15	Microsoft-Windows-Kernel-Power	566	(268)	"The system session has transitioned from 46 to 47.

Reason: 6"
Information	29-10-2021 23:29:54	Microsoft-Windows-Power-Troubleshooter	1	None	"The system has returned from a low power state.

Sleep Time: ‎2021‎-‎10‎-‎29T17:59:40.110824800Z
Wake Time: ‎2021‎-‎10‎-‎29T17:59:52.823725100Z

Wake Source: Device -Intel(R) USB 3.1 eXtensible Host Controller - 1.10 (Microsoft)"
Error	29-10-2021 23:29:55	Server	2505	None	The server could not bind to the transport \Device\NetBT_Tcpip_{59426481-F96A-490F-9157-08A6F626BD36} because another computer on the network has the same name.  The server could not start.
Information	29-10-2021 23:29:53	Microsoft-Windows-Kernel-Power	566	(268)	"The system session has transitioned from 44 to 46.

Reason: 6"
Information	29-10-2021 23:29:51	Microsoft-Windows-Kernel-Power	566	(268)	"The system session has transitioned from 43 to 44.

Reason: 6"
Information	29-10-2021 23:29:50	Microsoft-Windows-Kernel-Power	130	(33)	Firmware S3 times. SuspendStart: 32065082, SuspendEnd: 32065083
Information	29-10-2021 23:29:50	Microsoft-Windows-Kernel-Power	131	(33)	Firmware S3 times. ResumeCount: 6, FullResume: 1029, AverageResume: 1029
Information	29-10-2021 23:29:50	Microsoft-Windows-Kernel-General	1	(5)	"The system time has changed to ‎2021‎-‎10‎-‎29T17:59:50.500000000Z from ‎2021‎-‎10‎-‎29T17:59:47.458008300Z.

Change Reason: System time synchronized with the hardware clock.
Process: '' (PID 4).

RTC time: ‎2021‎-‎10‎-‎29T23:29:50.500000000Z
Current time zone bias: -330
RTC time is in UTC: false
System time was based on RTC time: false"
Information	29-10-2021 23:29:47	Microsoft-Windows-Kernel-Power	107	(102)	The system has resumed from sleep.
Information	29-10-2021 23:29:43	Microsoft-Windows-Kernel-Power	42	(64)	"The system is entering sleep.

Sleep Reason: Button or Lid"
Information	29-10-2021 23:29:41	Microsoft-Windows-Kernel-Power	566	(268)	"The system session has transitioned from 42 to 43.

Reason: 6"
Error	29-10-2021 23:27:26	Server	2505	None	The server could not bind to the transport \Device\NetBT_Tcpip_{9F961AE3-9423-4C8B-AB48-B1886999008B} because another computer on the network has the same name.  The server could not start.
Information	29-10-2021 23:27:25	Microsoft-Windows-Power-Troubleshooter	1	None	"The system has returned from a low power state.

Sleep Time: ‎2021‎-‎10‎-‎29T17:52:50.829254100Z
Wake Time: ‎2021‎-‎10‎-‎29T17:57:23.116481700Z

Wake Source: Power Button"
Error	29-10-2021 23:27:25	Server	2505	None	The server could not bind to the transport \Device\NetBT_Tcpip_{59426481-F96A-490F-9157-08A6F626BD36} because another computer on the network has the same name.  The server could not start.
Information	29-10-2021 23:27:23	Microsoft-Windows-Kernel-Power	566	(268)	"The system session has transitioned from 40 to 42.

Reason: 6"
Information	29-10-2021 23:27:22	Microsoft-Windows-Kernel-Power	566	(268)	"The system session has transitioned from 39 to 40.

Reason: 6"
Information	29-10-2021 23:27:20	Microsoft-Windows-Kernel-Power	130	(33)	Firmware S3 times. SuspendStart: 31918237, SuspendEnd: 31918238
Information	29-10-2021 23:27:20	Microsoft-Windows-Kernel-Power	131	(33)	Firmware S3 times. ResumeCount: 5, FullResume: 1027, AverageResume: 1029
Information	29-10-2021 23:27:20	Microsoft-Windows-Kernel-General	1	(5)	"The system time has changed to ‎2021‎-‎10‎-‎29T17:57:20.500000000Z from ‎2021‎-‎10‎-‎29T17:53:03.997194100Z.

Change Reason: System time synchronized with the hardware clock.
Process: '' (PID 4).

RTC time: ‎2021‎-‎10‎-‎29T23:27:20.500000000Z
Current time zone bias: -330
RTC time is in UTC: false
System time was based on RTC time: false"
Information	29-10-2021 23:23:03	Microsoft-Windows-Kernel-Power	107	(102)	The system has resumed from sleep.
Information	29-10-2021 23:22:58	Microsoft-Windows-Kernel-Power	42	(64)	"The system is entering sleep.

Sleep Reason: System Idle"
Information	29-10-2021 23:22:52	Microsoft-Windows-Kernel-Power	566	(268)	"The system session has transitioned from 37 to 39.

Reason: 6"
Information	29-10-2021 23:22:32	Microsoft-Windows-Kernel-Power	566	(268)	"The system session has transitioned from 36 to 37.

Reason: 6"
Information	29-10-2021 22:53:40	Service Control Manager	7040	None	The start type of the Background Intelligent Transfer Service service was changed from auto start to demand start.
Information	29-10-2021 22:50:46	Service Control Manager	7040	None	The start type of the Background Intelligent Transfer Service service was changed from demand start to auto start.
Warning	29-10-2021 22:49:45	Microsoft-Windows-DistributedCOM	10016	None	"The application-specific permission settings do not grant Local Activation permission for the COM Server application with CLSID 
{2593F8B9-4EAF-457C-B68A-50F6B8EA6B54}
 and APPID 
{15C20B67-12E7-4BB6-92BB-7AFF07997402}
 to the user LAPTOP-7EVMU4TQ\mahendra SID (S-1-5-21-38077573-387163758-1783380300-1002) from address LocalHost (Using LRPC) running in the application container Unavailable SID (Unavailable). This security permission can be modified using the Component Services administrative tool."
Information	29-10-2021 22:48:55	Microsoft-Windows-Time-Service	158	None	The time provider 'VMICTimeProvider' has indicated that the current hardware and operating environment is not supported and has stopped. This behavior is expected for VMICTimeProvider on non-HyperV-guest environments. This may be the expected behavior for the current provider in the current operating environment as well.
Information	29-10-2021 22:31:51	Microsoft-Windows-Time-Service	158	None	The time provider 'VMICTimeProvider' has indicated that the current hardware and operating environment is not supported and has stopped. This behavior is expected for VMICTimeProvider on non-HyperV-guest environments. This may be the expected behavior for the current provider in the current operating environment as well.
Information	29-10-2021 22:14:47	Microsoft-Windows-Time-Service	158	None	The time provider 'VMICTimeProvider' has indicated that the current hardware and operating environment is not supported and has stopped. This behavior is expected for VMICTimeProvider on non-HyperV-guest environments. This may be the expected behavior for the current provider in the current operating environment as well.
Information	29-10-2021 21:59:26	Microsoft-Windows-WindowsUpdateClient	19	Windows Update Agent	Installation Successful: Windows successfully installed the following update: Security Intelligence Update for Microsoft Defender Antivirus - KB2267602 (Version 1.353.44.0)
Information	29-10-2021 21:58:54	Microsoft-Windows-WindowsUpdateClient	43	Windows Update Agent	Installation Started: Windows has started installing the following update: Security Intelligence Update for Microsoft Defender Antivirus - KB2267602 (Version 1.353.44.0)
Information	29-10-2021 21:58:53	Microsoft-Windows-WindowsUpdateClient	44	Windows Update Agent	Windows Update started downloading an update.
Information	29-10-2021 21:57:32	Microsoft-Windows-Power-Troubleshooter	1	None	"The system has returned from a low power state.

Sleep Time: ‎2021‎-‎10‎-‎29T12:26:10.615699000Z
Wake Time: ‎2021‎-‎10‎-‎29T16:27:26.484144800Z

Wake Source: Power Button"
Information	29-10-2021 21:57:27	Microsoft-Windows-Time-Service	37	None	The time provider NtpClient is currently receiving valid time data from time.windows.com,0x9 (ntp.m|0x9|0.0.0.0:123->40.81.94.65:123).
Information	29-10-2021 21:57:27	Microsoft-Windows-Time-Service	158	None	The time provider 'VMICTimeProvider' has indicated that the current hardware and operating environment is not supported and has stopped. This behavior is expected for VMICTimeProvider on non-HyperV-guest environments. This may be the expected behavior for the current provider in the current operating environment as well.
Error	29-10-2021 21:57:29	Server	2505	None	The server could not bind to the transport \Device\NetBT_Tcpip_{59426481-F96A-490F-9157-08A6F626BD36} because another computer on the network has the same name.  The server could not start.
Information	29-10-2021 21:57:26	Microsoft-Windows-Kernel-Power	566	(268)	"The system session has transitioned from 34 to 36.

Reason: 6"
Information	29-10-2021 21:57:26	Microsoft-Windows-Kernel-Power	566	(268)	"The system session has transitioned from 33 to 34.

Reason: 6"
Error	29-10-2021 21:57:25	Server	2505	None	The server could not bind to the transport \Device\NetBT_Tcpip_{9F961AE3-9423-4C8B-AB48-B1886999008B} because another computer on the network has the same name.  The server could not start.
Information	29-10-2021 21:57:19	Microsoft-Windows-Kernel-Power	130	(33)	Firmware S3 times. SuspendStart: 26777881, SuspendEnd: 26777883
Information	29-10-2021 21:57:19	Microsoft-Windows-Kernel-Power	131	(33)	Firmware S3 times. ResumeCount: 4, FullResume: 1028, AverageResume: 1030
Information	29-10-2021 21:57:19	Microsoft-Windows-Kernel-General	1	(5)	"The system time has changed to ‎2021‎-‎10‎-‎29T16:27:19.500000000Z from ‎2021‎-‎10‎-‎29T12:26:22.576438500Z.

Change Reason: System time synchronized with the hardware clock.
Process: '' (PID 4).

RTC time: ‎2021‎-‎10‎-‎29T21:57:19.500000000Z
Current time zone bias: -330
RTC time is in UTC: false
System time was based on RTC time: false"
Information	29-10-2021 17:56:22	Microsoft-Windows-Kernel-Power	107	(102)	The system has resumed from sleep.
Information	29-10-2021 17:56:18	Microsoft-Windows-Kernel-Power	42	(64)	"The system is entering sleep.

Sleep Reason: Button or Lid"
Information	29-10-2021 17:56:11	Microsoft-Windows-Kernel-Power	566	(268)	"The system session has transitioned from 32 to 33.

Reason: 6"
Information	29-10-2021 17:56:11	Microsoft-Windows-Kernel-Power	105	(100)	Power source change.
Warning	29-10-2021 17:53:17	Microsoft-Windows-Time-Service	134	None	NtpClient was unable to set a manual peer to use as a time source because of DNS resolution error on 'time.windows.com,0x9'. NtpClient will try again in 15 minutes and double the reattempt interval thereafter. The error was: No such host is known. (0x80072AF9)
Warning	29-10-2021 17:53:16	Microsoft-Windows-Time-Service	134	None	NtpClient was unable to set a manual peer to use as a time source because of DNS resolution error on 'time.windows.com,0x9'. NtpClient will try again in 15 minutes and double the reattempt interval thereafter. The error was: No such host is known. (0x80072AF9)
Information	29-10-2021 17:53:16	Microsoft-Windows-Time-Service	158	None	The time provider 'VMICTimeProvider' has indicated that the current hardware and operating environment is not supported and has stopped. This behavior is expected for VMICTimeProvider on non-HyperV-guest environments. This may be the expected behavior for the current provider in the current operating environment as well.
Warning	29-10-2021 17:48:52	Microsoft-Windows-DNS-Client	1014	(1014)	Name resolution for the name chrome.cloudflare-dns.com timed out after none of the configured DNS servers responded. Client PID 17412.
Warning	29-10-2021 17:48:37	Microsoft-Windows-DistributedCOM	10016	None	"The application-specific permission settings do not grant Local Activation permission for the COM Server application with CLSID 
{2593F8B9-4EAF-457C-B68A-50F6B8EA6B54}
 and APPID 
{15C20B67-12E7-4BB6-92BB-7AFF07997402}
 to the user LAPTOP-7EVMU4TQ\mahendra SID (S-1-5-21-38077573-387163758-1783380300-1002) from address LocalHost (Using LRPC) running in the application container Unavailable SID (Unavailable). This security permission can be modified using the Component Services administrative tool."
Information	29-10-2021 16:36:59	Service Control Manager	7040	None	The start type of the Background Intelligent Transfer Service service was changed from auto start to demand start.
Information	29-10-2021 16:33:10	Service Control Manager	7040	None	The start type of the Background Intelligent Transfer Service service was changed from demand start to auto start.
Warning	29-10-2021 16:32:09	Microsoft-Windows-DistributedCOM	10016	None	"The application-specific permission settings do not grant Local Activation permission for the COM Server application with CLSID 
{2593F8B9-4EAF-457C-B68A-50F6B8EA6B54}
 and APPID 
{15C20B67-12E7-4BB6-92BB-7AFF07997402}
 to the user LAPTOP-7EVMU4TQ\mahendra SID (S-1-5-21-38077573-387163758-1783380300-1002) from address LocalHost (Using LRPC) running in the application container Unavailable SID (Unavailable). This security permission can be modified using the Component Services administrative tool."
Warning	29-10-2021 16:31:23	Microsoft-Windows-DistributedCOM	10016	None	"The application-specific permission settings do not grant Local Activation permission for the COM Server application with CLSID 
{2593F8B9-4EAF-457C-B68A-50F6B8EA6B54}
 and APPID 
{15C20B67-12E7-4BB6-92BB-7AFF07997402}
 to the user LAPTOP-7EVMU4TQ\mahendra SID (S-1-5-21-38077573-387163758-1783380300-1002) from address LocalHost (Using LRPC) running in the application container Unavailable SID (Unavailable). This security permission can be modified using the Component Services administrative tool."
Information	29-10-2021 15:40:55	Microsoft-Windows-Kernel-Power	105	(100)	Power source change.
Information	29-10-2021 15:40:24	Microsoft-Windows-Kernel-Power	105	(100)	Power source change.
Information	29-10-2021 15:08:02	Microsoft-Windows-Kernel-Power	105	(100)	Power source change.
Information	29-10-2021 15:07:56	Microsoft-Windows-Kernel-Power	105	(100)	Power source change.
Information	29-10-2021 15:05:47	Microsoft-Windows-Kernel-Power	105	(100)	Power source change.
Information	29-10-2021 15:05:42	Microsoft-Windows-Kernel-Power	105	(100)	Power source change.
Information	29-10-2021 14:51:22	Microsoft-Windows-Kernel-Power	105	(100)	Power source change.
Error	29-10-2021 14:49:51	Server	2505	None	The server could not bind to the transport \Device\NetBT_Tcpip_{9F961AE3-9423-4C8B-AB48-B1886999008B} because another computer on the network has the same name.  The server could not start.
Error	29-10-2021 14:49:46	Server	2505	None	The server could not bind to the transport \Device\NetBT_Tcpip_{9F961AE3-9423-4C8B-AB48-B1886999008B} because another computer on the network has the same name.  The server could not start.
Warning	29-10-2021 14:49:14	Microsoft-Windows-DistributedCOM	10016	None	"The application-specific permission settings do not grant Local Activation permission for the COM Server application with CLSID 
{2593F8B9-4EAF-457C-B68A-50F6B8EA6B54}
 and APPID 
{15C20B67-12E7-4BB6-92BB-7AFF07997402}
 to the user LAPTOP-7EVMU4TQ\mahendra SID (S-1-5-21-38077573-387163758-1783380300-1002) from address LocalHost (Using LRPC) running in the application container Unavailable SID (Unavailable). This security permission can be modified using the Component Services administrative tool."
Error	29-10-2021 14:48:39	Server	2505	None	The server could not bind to the transport \Device\NetBT_Tcpip_{59426481-F96A-490F-9157-08A6F626BD36} because another computer on the network has the same name.  The server could not start.
Information	29-10-2021 14:48:38	Microsoft-Windows-Power-Troubleshooter	1	None	"The system has returned from a low power state.

Sleep Time: ‎2021‎-‎10‎-‎29T09:00:38.572562100Z
Wake Time: ‎2021‎-‎10‎-‎29T09:18:37.819228200Z

Wake Source: Power Button"
Information	29-10-2021 14:48:38	Microsoft-Windows-Kernel-Power	566	(268)	"The system session has transitioned from 30 to 32.

Reason: 6"
Information	29-10-2021 14:48:37	Microsoft-Windows-Kernel-Power	566	(268)	"The system session has transitioned from 29 to 30.

Reason: 6"
Information	29-10-2021 14:48:35	Microsoft-Windows-Kernel-Power	130	(33)	Firmware S3 times. SuspendStart: 15519698, SuspendEnd: 15519699
Information	29-10-2021 14:48:35	Microsoft-Windows-Kernel-Power	131	(33)	Firmware S3 times. ResumeCount: 3, FullResume: 1030, AverageResume: 1031
Information	29-10-2021 14:48:35	Microsoft-Windows-Kernel-General	1	(5)	"The system time has changed to ‎2021‎-‎10‎-‎29T09:18:35.500000000Z from ‎2021‎-‎10‎-‎29T09:00:50.179086800Z.

Change Reason: System time synchronized with the hardware clock.
Process: '' (PID 4).

RTC time: ‎2021‎-‎10‎-‎29T14:48:35.500000000Z
Current time zone bias: -330
RTC time is in UTC: false
System time was based on RTC time: false"
Information	29-10-2021 14:30:50	Microsoft-Windows-Kernel-Power	107	(102)	The system has resumed from sleep.
Information	29-10-2021 14:30:44	Microsoft-Windows-Kernel-Power	42	(64)	"The system is entering sleep.

Sleep Reason: System Idle"
Information	29-10-2021 14:30:40	Microsoft-Windows-Kernel-Power	566	(268)	"The system session has transitioned from 27 to 29.

Reason: 6"
Information	29-10-2021 14:26:14	Microsoft-Windows-Kernel-Power	566	(268)	"The system session has transitioned from 26 to 27.

Reason: 6"
Information	29-10-2021 14:25:15	Microsoft-Windows-Power-Troubleshooter	1	None	"The system has returned from a low power state.

Sleep Time: ‎2021‎-‎10‎-‎29T06:46:15.315064000Z
Wake Time: ‎2021‎-‎10‎-‎29T08:55:13.000451800Z

Wake Source: Power Button"
Error	29-10-2021 14:25:14	Server	2505	None	The server could not bind to the transport \Device\NetBT_Tcpip_{59426481-F96A-490F-9157-08A6F626BD36} because another computer on the network has the same name.  The server could not start.
Information	29-10-2021 14:25:13	Microsoft-Windows-Kernel-Power	566	(268)	"The system session has transitioned from 24 to 26.

Reason: 6"
Information	29-10-2021 14:25:12	Microsoft-Windows-Kernel-Power	566	(268)	"The system session has transitioned from 23 to 24.

Reason: 6"
Information	29-10-2021 14:25:10	Microsoft-Windows-Kernel-Power	130	(33)	Firmware S3 times. SuspendStart: 15180283, SuspendEnd: 15180284
Information	29-10-2021 14:25:10	Microsoft-Windows-Kernel-Power	131	(33)	Firmware S3 times. ResumeCount: 2, FullResume: 1028, AverageResume: 1031
Information	29-10-2021 14:25:10	Microsoft-Windows-Kernel-General	1	(5)	"The system time has changed to ‎2021‎-‎10‎-‎29T08:55:10.500000000Z from ‎2021‎-‎10‎-‎29T06:46:24.237621200Z.

Change Reason: System time synchronized with the hardware clock.
Process: '' (PID 4).

RTC time: ‎2021‎-‎10‎-‎29T14:25:10.500000000Z
Current time zone bias: -330
RTC time is in UTC: false
System time was based on RTC time: false"
Information	29-10-2021 12:16:24	Microsoft-Windows-Kernel-Power	107	(102)	The system has resumed from sleep.
Information	29-10-2021 12:16:19	Microsoft-Windows-Kernel-Power	42	(64)	"The system is entering sleep.

Sleep Reason: Button or Lid"
Information	29-10-2021 12:16:15	Microsoft-Windows-Kernel-Power	566	(268)	"The system session has transitioned from 22 to 23.

Reason: 6"
Warning	29-10-2021 12:13:52	Microsoft-Windows-DistributedCOM	10016	None	"The application-specific permission settings do not grant Local Activation permission for the COM Server application with CLSID 
{2593F8B9-4EAF-457C-B68A-50F6B8EA6B54}
 and APPID 
{15C20B67-12E7-4BB6-92BB-7AFF07997402}
 to the user LAPTOP-7EVMU4TQ\mahendra SID (S-1-5-21-38077573-387163758-1783380300-1002) from address LocalHost (Using LRPC) running in the application container Unavailable SID (Unavailable). This security permission can be modified using the Component Services administrative tool."
Information	29-10-2021 12:09:35	Microsoft-Windows-Power-Troubleshooter	1	None	"The system has returned from a low power state.

Sleep Time: ‎2021‎-‎10‎-‎29T06:19:04.076782700Z
Wake Time: ‎2021‎-‎10‎-‎29T06:39:32.069802800Z

Wake Source: Power Button"
Error	29-10-2021 12:09:33	Server	2505	None	The server could not bind to the transport \Device\NetBT_Tcpip_{59426481-F96A-490F-9157-08A6F626BD36} because another computer on the network has the same name.  The server could not start.
Information	29-10-2021 12:09:32	Microsoft-Windows-Kernel-Power	566	(268)	"The system session has transitioned from 20 to 22.

Reason: 6"
Information	29-10-2021 12:09:31	Microsoft-Windows-Kernel-Power	566	(268)	"The system session has transitioned from 19 to 20.

Reason: 6"
Information	29-10-2021 12:09:29	Microsoft-Windows-Kernel-Power	130	(33)	Firmware S3 times. SuspendStart: 14765872, SuspendEnd: 14765873
Information	29-10-2021 12:09:29	Microsoft-Windows-Kernel-Power	131	(33)	Firmware S3 times. ResumeCount: 1, FullResume: 1034, AverageResume: 1034
Information	29-10-2021 12:09:29	Microsoft-Windows-Kernel-General	1	(5)	"The system time has changed to ‎2021‎-‎10‎-‎29T06:39:29.500000000Z from ‎2021‎-‎10‎-‎29T06:19:22.660079200Z.

Change Reason: System time synchronized with the hardware clock.
Process: '' (PID 4).

RTC time: ‎2021‎-‎10‎-‎29T12:09:29.500000000Z
Current time zone bias: -330
RTC time is in UTC: false
System time was based on RTC time: false"
Information	29-10-2021 11:49:22	Microsoft-Windows-Kernel-Power	107	(102)	The system has resumed from sleep.
Information	29-10-2021 12:09:30	EventLog	6013	None	The system uptime is 65305 seconds.
Information	29-10-2021 11:49:18	Microsoft-Windows-Kernel-Power	42	(64)	"The system is entering sleep.

Sleep Reason: Button or Lid"
Information	29-10-2021 11:49:05	Microsoft-Windows-Kernel-Power	566	(268)	"The system session has transitioned from 18 to 19.

Reason: 6"
Information	29-10-2021 11:48:53	Microsoft-Windows-Kernel-General	16	None	The access history in hive \??\C:\Users\mahendra\AppData\Local\Packages\Microsoft.SkypeApp_kzf8qxf38zg5c\SystemAppData\Helium\UserClasses.dat was cleared updating 1 keys and creating 1 modified pages.
Information	29-10-2021 11:48:53	Microsoft-Windows-Kernel-General	16	None	The access history in hive \??\C:\Users\mahendra\AppData\Local\Packages\Microsoft.SkypeApp_kzf8qxf38zg5c\SystemAppData\Helium\User.dat was cleared updating 3 keys and creating 1 modified pages.
Warning	29-10-2021 11:48:49	Microsoft-Windows-DistributedCOM	10016	None	"The application-specific permission settings do not grant Local Activation permission for the COM Server application with CLSID 
{2593F8B9-4EAF-457C-B68A-50F6B8EA6B54}
 and APPID 
{15C20B67-12E7-4BB6-92BB-7AFF07997402}
 to the user LAPTOP-7EVMU4TQ\mahendra SID (S-1-5-21-38077573-387163758-1783380300-1002) from address LocalHost (Using LRPC) running in the application container Unavailable SID (Unavailable). This security permission can be modified using the Component Services administrative tool."
Information	29-10-2021 10:48:34	Microsoft-Windows-Kernel-Power	105	(100)	Power source change.
Warning	29-10-2021 09:19:33	Microsoft-Windows-DistributedCOM	10016	None	"The application-specific permission settings do not grant Local Activation permission for the COM Server application with CLSID 
{2593F8B9-4EAF-457C-B68A-50F6B8EA6B54}
 and APPID 
{15C20B67-12E7-4BB6-92BB-7AFF07997402}
 to the user LAPTOP-7EVMU4TQ\mahendra SID (S-1-5-21-38077573-387163758-1783380300-1002) from address LocalHost (Using LRPC) running in the application container Unavailable SID (Unavailable). This security permission can be modified using the Component Services administrative tool."
Warning	29-10-2021 09:11:39	Microsoft-Windows-DistributedCOM	10016	None	"The application-specific permission settings do not grant Local Activation permission for the COM Server application with CLSID 
{2593F8B9-4EAF-457C-B68A-50F6B8EA6B54}
 and APPID 
{15C20B67-12E7-4BB6-92BB-7AFF07997402}
 to the user LAPTOP-7EVMU4TQ\mahendra SID (S-1-5-21-38077573-387163758-1783380300-1002) from address LocalHost (Using LRPC) running in the application container Unavailable SID (Unavailable). This security permission can be modified using the Component Services administrative tool."
Warning	29-10-2021 09:10:56	Microsoft-Windows-DistributedCOM	10016	None	"The application-specific permission settings do not grant Local Activation permission for the COM Server application with CLSID 
{2593F8B9-4EAF-457C-B68A-50F6B8EA6B54}
 and APPID 
{15C20B67-12E7-4BB6-92BB-7AFF07997402}
 to the user LAPTOP-7EVMU4TQ\mahendra SID (S-1-5-21-38077573-387163758-1783380300-1002) from address LocalHost (Using LRPC) running in the application container Unavailable SID (Unavailable). This security permission can be modified using the Component Services administrative tool."
Information	29-10-2021 09:05:40	Microsoft-Windows-Kernel-Power	105	(100)	Power source change.
Information	29-10-2021 09:01:08	Microsoft-Windows-Kernel-Power	105	(100)	Power source change.
Information	29-10-2021 08:26:23	Microsoft-Windows-Kernel-General	16	None	The access history in hive \??\C:\Users\mahendra\AppData\Local\Packages\Microsoft.Windows.ContentDeliveryManager_cw5n1h2txyewy\Settings\settings.dat was cleared updating 3950 keys and creating 165 modified pages.
Error	29-10-2021 08:24:46	Service Control Manager	7009	None	A timeout was reached (30000 milliseconds) while waiting for the Intel(R) SUR QC Software Asset Manager service to connect.
Information	29-10-2021 08:23:50	Service Control Manager	7040	None	The start type of the Background Intelligent Transfer Service service was changed from auto start to demand start.
Warning	29-10-2021 08:22:46	Microsoft-Windows-DistributedCOM	10016	None	"The application-specific permission settings do not grant Local Activation permission for the COM Server application with CLSID 
{2593F8B9-4EAF-457C-B68A-50F6B8EA6B54}
 and APPID 
{15C20B67-12E7-4BB6-92BB-7AFF07997402}
 to the user LAPTOP-7EVMU4TQ\mahendra SID (S-1-5-21-38077573-387163758-1783380300-1002) from address LocalHost (Using LRPC) running in the application container Unavailable SID (Unavailable). This security permission can be modified using the Component Services administrative tool."
Information	29-10-2021 08:21:50	Microsoft-Windows-Kernel-General	16	None	The access history in hive \??\C:\Users\mahendra\AppData\Local\Packages\AppUp.IntelGraphicsExperience_8j3eq9eme6ctt\Settings\settings.dat was cleared updating 2 keys and creating 1 modified pages.
Information	29-10-2021 08:21:31	Service Control Manager	7040	None	The start type of the Background Intelligent Transfer Service service was changed from demand start to auto start.
Information	29-10-2021 08:21:21	Microsoft-Windows-Kernel-General	16	None	The access history in hive \??\C:\Users\mahendra\AppData\Local\Microsoft\Windows\UsrClass.dat was cleared updating 18776 keys and creating 1777 modified pages.
Information	29-10-2021 08:21:20	Microsoft-Windows-Kernel-General	16	None	The access history in hive \??\C:\Users\mahendra\ntuser.dat was cleared updating 9261 keys and creating 1085 modified pages.
Information	29-10-2021 08:21:20	Microsoft-Windows-Winlogon	7001	(1101)	User Logon Notification for Customer Experience Improvement Program
Information	29-10-2021 08:21:11	Microsoft-Windows-Kernel-Power	566	(268)	"The system session has transitioned from 16 to 18.

Reason: 6"
Information	29-10-2021 08:20:19	Microsoft-Windows-Kernel-Power	566	(268)	"The system session has transitioned from 15 to 16.

Reason: 6"
Information	29-10-2021 08:15:21	Microsoft-Windows-WindowsUpdateClient	19	Windows Update Agent	Installation Successful: Windows successfully installed the following update: Security Intelligence Update for Microsoft Defender Antivirus - KB2267602 (Version 1.353.8.0)
Information	29-10-2021 08:14:32	Microsoft-Windows-WindowsUpdateClient	43	Windows Update Agent	Installation Started: Windows has started installing the following update: Security Intelligence Update for Microsoft Defender Antivirus - KB2267602 (Version 1.353.8.0)
Information	29-10-2021 08:14:29	Microsoft-Windows-WindowsUpdateClient	44	Windows Update Agent	Windows Update started downloading an update.
Error	29-10-2021 08:10:22	Server	2505	None	The server could not bind to the transport \Device\NetBT_Tcpip_{9F961AE3-9423-4C8B-AB48-B1886999008B} because another computer on the network has the same name.  The server could not start.
Information	29-10-2021 08:10:16	Microsoft-Windows-Power-Troubleshooter	1	None	"The system has returned from a low power state.

Sleep Time: ‎2021‎-‎10‎-‎28T13:15:20.482662300Z
Wake Time: ‎2021‎-‎10‎-‎29T02:40:11.901176200Z

Wake Source: Unknown"
Information	29-10-2021 08:10:12	Microsoft-Windows-Kernel-Power	566	(268)	"The system session has transitioned from 13 to 15.

Reason: 6"
Information	29-10-2021 08:10:11	Microsoft-Windows-Kernel-Power	566	(268)	"The system session has transitioned from 12 to 13.

Reason: 6"
Information	29-10-2021 08:10:11	Microsoft-Windows-Kernel-Boot	32	(58)	The bootmgr spent 0 ms waiting for user input.
Information	29-10-2021 08:10:11	Microsoft-Windows-Kernel-Boot	18	(57)	There are 0x1 boot options on this system.
Information	29-10-2021 08:10:11	Microsoft-Windows-Kernel-Boot	30	(21)	The firmware reported boot metrics.
Information	29-10-2021 08:10:08	Microsoft-Windows-Kernel-Power	105	(100)	Power source change.
Error	29-10-2021 08:10:11	Server	2505	None	The server could not bind to the transport \Device\NetBT_Tcpip_{59426481-F96A-490F-9157-08A6F626BD36} because another computer on the network has the same name.  The server could not start.
Information	29-10-2021 08:10:07	Microsoft-Windows-Kernel-General	1	(5)	"The system time has changed to ‎2021‎-‎10‎-‎29T02:40:07.500000000Z from ‎2021‎-‎10‎-‎28T13:15:44.656929500Z.

Change Reason: System time synchronized with the hardware clock.
Process: '' (PID 4).

RTC time: ‎2021‎-‎10‎-‎29T08:10:07.500000000Z
Current time zone bias: -330
RTC time is in UTC: false
System time was based on RTC time: false"
Information	28-10-2021 18:45:44	Microsoft-Windows-Kernel-Power	107	(102)	The system has resumed from sleep.
Information	28-10-2021 18:45:28	Microsoft-Windows-Kernel-Power	42	(64)	"The system is entering sleep.

Sleep Reason: Application API"
Information	28-10-2021 18:45:21	Microsoft-Windows-Kernel-Power	566	(268)	"The system session has transitioned from 11 to 12.

Reason: 6"
Information	28-10-2021 18:45:20	Microsoft-Windows-Kernel-Power	187	(243)	User-mode process attempted to change the system state by calling SetSuspendState or SetSystemPowerState APIs.
Information	28-10-2021 18:45:19	Microsoft-Windows-Winlogon	7002	(1102)	User Logoff Notification for Customer Experience Improvement Program
Information	28-10-2021 18:45:19	User32	1074	None	"The process C:\WINDOWS\system32\winlogon.exe (LAPTOP-7EVMU4TQ) has initiated the power off of computer LAPTOP-7EVMU4TQ on behalf of user NT AUTHORITY\SYSTEM for the following reason: No title for this reason could be found
 Reason Code: 0x500ff
 Shutdown Type: power off
 Comment: "
Information	28-10-2021 18:45:11	User32	1074	None	"The process Explorer.EXE has initiated the power off of computer LAPTOP-7EVMU4TQ on behalf of user LAPTOP-7EVMU4TQ\mahendra for the following reason: Other (Unplanned)
 Reason Code: 0x0
 Shutdown Type: power off
 Comment: "
Error	28-10-2021 18:42:27	Server	2505	None	The server could not bind to the transport \Device\NetBT_Tcpip_{9F961AE3-9423-4C8B-AB48-B1886999008B} because another computer on the network has the same name.  The server could not start.
Information	28-10-2021 18:41:16	Microsoft-Windows-Power-Troubleshooter	1	None	"The system has returned from a low power state.

Sleep Time: ‎2021‎-‎10‎-‎28T12:53:57.400080000Z
Wake Time: ‎2021‎-‎10‎-‎28T13:11:13.008814200Z

Wake Source: Power Button"
Information	28-10-2021 18:41:13	Microsoft-Windows-Kernel-Power	566	(268)	"The system session has transitioned from 9 to 11.

Reason: 6"
Error	28-10-2021 18:41:13	Server	2505	None	The server could not bind to the transport \Device\NetBT_Tcpip_{59426481-F96A-490F-9157-08A6F626BD36} because another computer on the network has the same name.  The server could not start.
Information	28-10-2021 18:41:09	Microsoft-Windows-Kernel-Power	566	(268)	"The system session has transitioned from 8 to 9.

Reason: 6"
Information	28-10-2021 18:41:07	Microsoft-Windows-Kernel-Power	130	(33)	Firmware S3 times. SuspendStart: 1337926, SuspendEnd: 1337927
Information	28-10-2021 18:41:07	Microsoft-Windows-Kernel-Power	131	(33)	Firmware S3 times. ResumeCount: 2, FullResume: 1024, AverageResume: 1026
Information	28-10-2021 18:41:07	Microsoft-Windows-Kernel-General	1	(5)	"The system time has changed to ‎2021‎-‎10‎-‎28T13:11:07.500000000Z from ‎2021‎-‎10‎-‎28T12:54:19.100083700Z.

Change Reason: System time synchronized with the hardware clock.
Process: '' (PID 4).

RTC time: ‎2021‎-‎10‎-‎28T18:41:07.500000000Z
Current time zone bias: -330
RTC time is in UTC: false
System time was based on RTC time: false"
Information	28-10-2021 18:24:19	Microsoft-Windows-Kernel-Power	107	(102)	The system has resumed from sleep.
Information	28-10-2021 18:24:13	Microsoft-Windows-Kernel-Power	42	(64)	"The system is entering sleep.

Sleep Reason: Button or Lid"
Information	28-10-2021 18:23:58	Microsoft-Windows-Kernel-Power	566	(268)	"The system session has transitioned from 7 to 8.

Reason: 6"
Information	28-10-2021 18:22:42	Service Control Manager	7040	None	The start type of the Background Intelligent Transfer Service service was changed from auto start to demand start.
Information	28-10-2021 18:21:52	Microsoft-Windows-WindowsUpdateClient	19	Windows Update Agent	Installation Successful: Windows successfully installed the following update: Security Intelligence Update for Microsoft Defender Antivirus - KB2267602 (Version 1.351.1216.0)
Information	28-10-2021 18:21:16	Microsoft-Windows-WindowsUpdateClient	43	Windows Update Agent	Installation Started: Windows has started installing the following update: Security Intelligence Update for Microsoft Defender Antivirus - KB2267602 (Version 1.351.1216.0)
Information	28-10-2021 18:21:12	Microsoft-Windows-WindowsUpdateClient	44	Windows Update Agent	Windows Update started downloading an update.
Information	28-10-2021 18:20:13	Service Control Manager	7040	None	The start type of the Background Intelligent Transfer Service service was changed from demand start to auto start.
Warning	28-10-2021 18:18:40	Microsoft-Windows-DistributedCOM	10016	None	"The application-specific permission settings do not grant Local Activation permission for the COM Server application with CLSID 
{2593F8B9-4EAF-457C-B68A-50F6B8EA6B54}
 and APPID 
{15C20B67-12E7-4BB6-92BB-7AFF07997402}
 to the user LAPTOP-7EVMU4TQ\mahendra SID (S-1-5-21-38077573-387163758-1783380300-1002) from address LocalHost (Using LRPC) running in the application container Unavailable SID (Unavailable). This security permission can be modified using the Component Services administrative tool."
Error	28-10-2021 18:18:14	Server	2505	None	The server could not bind to the transport \Device\NetBT_Tcpip_{59426481-F96A-490F-9157-08A6F626BD36} because another computer on the network has the same name.  The server could not start.
Information	28-10-2021 18:18:12	Microsoft-Windows-Power-Troubleshooter	1	None	"The system has returned from a low power state.

Sleep Time: ‎2021‎-‎10‎-‎28T12:46:38.345355200Z
Wake Time: ‎2021‎-‎10‎-‎28T12:48:09.859448400Z

Wake Source: Power Button"
Information	28-10-2021 18:18:09	Microsoft-Windows-Kernel-Power	566	(268)	"The system session has transitioned from 5 to 7.

Reason: 6"
Information	28-10-2021 18:18:09	Microsoft-Windows-Kernel-Power	566	(268)	"The system session has transitioned from 4 to 5.

Reason: 6"
Information	28-10-2021 18:18:03	Microsoft-Windows-Kernel-Power	130	(33)	Firmware S3 times. SuspendStart: 962571, SuspendEnd: 962574
Information	28-10-2021 18:18:03	Microsoft-Windows-Kernel-Power	131	(33)	Firmware S3 times. ResumeCount: 1, FullResume: 1027, AverageResume: 1027
Information	28-10-2021 18:18:03	Microsoft-Windows-Kernel-General	1	(5)	"The system time has changed to ‎2021‎-‎10‎-‎28T12:48:03.500000000Z from ‎2021‎-‎10‎-‎28T12:46:53.944672100Z.

Change Reason: System time synchronized with the hardware clock.
Process: '' (PID 4).

RTC time: ‎2021‎-‎10‎-‎28T18:18:03.500000000Z
Current time zone bias: -330
RTC time is in UTC: false
System time was based on RTC time: false"
Information	28-10-2021 18:16:53	Microsoft-Windows-Kernel-Power	107	(102)	The system has resumed from sleep.
Information	28-10-2021 18:16:48	Microsoft-Windows-Kernel-Power	105	(100)	Power source change.
Information	28-10-2021 18:16:48	Microsoft-Windows-Kernel-Power	42	(64)	"The system is entering sleep.

Sleep Reason: Button or Lid"
Information	28-10-2021 18:16:39	Microsoft-Windows-Kernel-Power	566	(268)	"The system session has transitioned from 3 to 4.

Reason: 6"
Information	28-10-2021 18:16:33	Microsoft-Windows-Kernel-Power	566	(268)	"The system session has transitioned from 1 to 3.

Reason: 6"
Information	28-10-2021 18:16:02	Service Control Manager	7040	None	The start type of the Windows Modules Installer service was changed from auto start to demand start.
Information	28-10-2021 18:14:25	Service Control Manager	7040	None	The start type of the Windows Modules Installer service was changed from demand start to auto start.
Error	28-10-2021 18:13:25	Service Control Manager	7009	None	A timeout was reached (30000 milliseconds) while waiting for the Intel(R) SUR QC Software Asset Manager service to connect.
Information	28-10-2021 18:10:02	Microsoft-Windows-Kernel-General	15	(10)	Hive \??\C:\Users\Ramesh Lal\AppData\Local\Microsoft\Windows\UsrClass.dat was reorganized with a starting size of 7217152 bytes and an ending size of 7168000 bytes.
Information	28-10-2021 18:10:01	Microsoft-Windows-Kernel-General	16	None	The access history in hive \??\C:\Users\Ramesh Lal\ntuser.dat was cleared updating 219 keys and creating 79 modified pages.
Information	28-10-2021 18:08:09	Microsoft-Windows-WindowsUpdateClient	19	Windows Update Agent	Installation Successful: Windows successfully installed the following update: 2021-10 Cumulative Update Preview for .NET Framework 3.5 and 4.8 for Windows 11 for x64 (KB5006363)
Warning	28-10-2021 18:07:50	Microsoft-Windows-DistributedCOM	10016	None	"The application-specific permission settings do not grant Local Launch permission for the COM Server application with CLSID 
Windows.SecurityCenter.WscDataProtection
 and APPID 
Unavailable
 to the user NT AUTHORITY\SYSTEM SID (S-1-5-18) from address LocalHost (Using LRPC) running in the application container Unavailable SID (Unavailable). This security permission can be modified using the Component Services administrative tool."
Information	28-10-2021 18:07:00	Microsoft-Windows-Kernel-General	16	None	The access history in hive \??\C:\WINDOWS\ServiceProfiles\NetworkService\AppData\Local\Microsoft\Windows\DeliveryOptimization\State\dosvcState.dat was cleared updating 34 keys and creating 9 modified pages.
Information	28-10-2021 18:06:56	Microsoft-Windows-Kernel-Power	566	(268)	"The system session has transitioned from 0 to 1.

Reason: 6"
Information	28-10-2021 18:04:06	Microsoft-Windows-Winlogon	7001	(1101)	User Logon Notification for Customer Experience Improvement Program
Error	28-10-2021 18:03:59	Service Control Manager	7031	None	The NVIDIA Display Container LS service terminated unexpectedly.  It has done this 1 time(s).  The following corrective action will be taken in 6000 milliseconds: Restart the service.
Information	28-10-2021 18:03:53	Service Control Manager	7040	None	The start type of the Windows Modules Installer service was changed from auto start to demand start.
Information	28-10-2021 18:03:43	Microsoft-Windows-TPM-WMI	1025	None	The TPM was successfully provisioned and is now ready for use.
Information	28-10-2021 18:03:31	Microsoft-Windows-TPM-WMI	1282	None	The TBS device identifier has been generated.
Information	28-10-2021 18:03:15	TPM	18	None	This event triggers the Trusted Platform Module (TPM) provisioning/status check to run.
Information	28-10-2021 18:03:15	Service Control Manager	7026	None	"The following boot-start or system-start driver(s) did not load: 
dam
WinSetupMon"
Information	28-10-2021 18:03:10	Microsoft-Windows-Kernel-General	16	None	The access history in hive \??\C:\WINDOWS\AppCompat\Programs\Amcache.hve was cleared updating 2834 keys and creating 1163 modified pages.
Information	28-10-2021 18:02:47	Microsoft-Windows-WLAN-AutoConfig	4000	None	"WLAN AutoConfig service has successfully started.
"
Information	28-10-2021 18:02:41	RST Middleware	27	None	Found passthru disk: SCSI Port: 0, SCSI Bus: 0, SCSI Target: 1, SATA , 0 bytes, hp       DVDRW GUE1N                   
Information	28-10-2021 18:02:41	RST Middleware	27	None	Found passthru disk: SCSI Port: 0, SCSI Bus: 0, SCSI Target: 0, SATA HDD, 1000204886016 bytes, ST1000LM035-1RK172                     
Information	28-10-2021 18:02:39	Microsoft-Windows-UserModePowerService	12	(10)	Process C:\Windows\System32\DriverStore\FileRepository\dptf_cpu.inf_amd64_21306a77b30fd6e0\esif_uf.exe (process ID:5324) reset policy scheme from {48684d4a-8524-4093-8a63-ea7132b79c1c} to {48684d4a-8524-4093-8a63-ea7132b79c1c}
Information	28-10-2021 18:02:39	Microsoft-Windows-UserModePowerService	12	(10)	Process C:\Windows\System32\DriverStore\FileRepository\dptf_cpu.inf_amd64_21306a77b30fd6e0\esif_uf.exe (process ID:5324) reset policy scheme from {48684d4a-8524-4093-8a63-ea7132b79c1c} to {48684d4a-8524-4093-8a63-ea7132b79c1c}
Warning	28-10-2021 18:02:35	Microsoft-Windows-Kernel-Processor-Power	37	(7)	The speed of processor 7 in group 0 is being limited by system firmware. The processor has been in this reduced performance state for 71 seconds since the last report.
Information	28-10-2021 18:02:24	Microsoft-Windows-DHCPv6-Client	51046	Service State Event	DHCPv6 client service is started
Information	28-10-2021 18:02:23	Microsoft-Windows-Dhcp-Client	50036	Service State Event	DHCPv4 client service is started
Information	28-10-2021 18:02:23	Microsoft-Windows-Dhcp-Client	50103	Service State Event	DHCPv4 client registered for shutdown notification
Information	28-10-2021 18:02:23	Microsoft-Windows-Dhcp-Client	50036	Service State Event	DHCPv4 client service is started
Information	28-10-2021 18:02:22	Microsoft-Windows-UserModePowerService	12	(10)	Process C:\Windows\System32\svchost.exe (process ID:1664) reset policy scheme from {48684d4a-8524-4093-8a63-ea7132b79c1c} to {48684d4a-8524-4093-8a63-ea7132b79c1c}
Information	28-10-2021 18:02:22	Microsoft-Windows-FilterManager	6	None	File System Filter 'bindflt' (10.0, ‎1970‎-‎08‎-‎19T06:40:34.000000000Z) has successfully loaded and registered with Filter Manager.
Information	28-10-2021 18:02:22	Microsoft-Windows-FilterManager	6	None	File System Filter 'storqosflt' (10.0, ‎1990‎-‎03‎-‎04T19:48:49.000000000Z) has successfully loaded and registered with Filter Manager.
Information	28-10-2021 18:02:22	Microsoft-Windows-FilterManager	6	None	File System Filter 'CldFlt' (10.0, ‎1986‎-‎05‎-‎22T18:16:22.000000000Z) has successfully loaded and registered with Filter Manager.
Information	28-10-2021 18:02:22	Microsoft-Windows-FilterManager	1	None	File System Filter 'CldFlt' (Version 10.0, ‎1986‎-‎05‎-‎22T18:16:22.000000000Z) unloaded successfully.
Information	28-10-2021 18:02:22	Microsoft-Windows-FilterManager	6	None	File System Filter 'CldFlt' (10.0, ‎1986‎-‎05‎-‎22T18:16:22.000000000Z) has successfully loaded and registered with Filter Manager.
Information	28-10-2021 18:02:21	Microsoft-Windows-Kernel-General	16	None	The access history in hive \SystemRoot\System32\Config\bbimigrate\BBI was cleared updating 1 keys and creating 1 modified pages.
Information	28-10-2021 18:02:21	Microsoft-Windows-FilterManager	6	None	File System Filter 'wcifs' (10.0, ‎1991‎-‎06‎-‎21T12:00:29.000000000Z) has successfully loaded and registered with Filter Manager.
Information	28-10-2021 18:02:21	Microsoft-Windows-FilterManager	6	None	File System Filter 'luafv' (10.0, ‎2058‎-‎03‎-‎26T06:07:33.000000000Z) has successfully loaded and registered with Filter Manager.
Information	28-10-2021 18:02:19	Microsoft-Windows-Kernel-General	16	None	The access history in hive \SystemRoot\System32\Config\BBI was cleared updating 871 keys and creating 197 modified pages.
Information	28-10-2021 18:02:17	Microsoft-Windows-Kernel-General	16	None	The access history in hive \??\C:\WINDOWS\ServiceProfiles\NetworkService\NTUSER.DAT was cleared updating 203 keys and creating 19 modified pages.
Information	28-10-2021 18:02:17	Microsoft-Windows-Kernel-General	16	None	The access history in hive \??\C:\WINDOWS\ServiceProfiles\LocalService\NTUSER.DAT was cleared updating 169 keys and creating 18 modified pages.
Information	28-10-2021 18:02:17	Microsoft-Windows-Directory-Services-SAM	16983	None	"The security account manager is now logging periodic summary events for remote clients that call legacy password change or set RPC methods.

For more information please see https://go.microsoft.com/fwlink/?linkid=2150956.
"
Information	28-10-2021 18:02:17	Microsoft-Windows-Directory-Services-SAM	16977	None	"The domain is configured with the following minimum password length-related settings.

MinimumPasswordLength: 0

RelaxMinimumPasswordLengthLimits: 0

MinimumPasswordLengthAudit: -1

For more information see https://go.microsoft.com/fwlink/?LinkId=2097191.
"
Information	28-10-2021 18:02:16	Microsoft-Windows-Kernel-General	16	None	The access history in hive \SystemRoot\System32\Config\SAM was cleared updating 55 keys and creating 7 modified pages.
Information	28-10-2021 18:02:16	Microsoft-Windows-Directory-Services-SAM	16962	None	"Remote calls to the SAM database are being restricted using the default security descriptor: O:SYG:SYD:(A;;RC;;;BA).
For more information please see http://go.microsoft.com/fwlink/?LinkId=787651."
Information	28-10-2021 18:02:15	Microsoft-Windows-Kernel-General	16	None	The access history in hive \SystemRoot\System32\Config\SECURITY was cleared updating 83 keys and creating 4 modified pages.
Information	28-10-2021 18:02:15	Microsoft-Windows-Wininit	14	None	Credential Guard configuration: 0x0, 0
Information	28-10-2021 18:02:08	Microsoft-Windows-Kernel-General	16	None	The access history in hive \SystemRoot\System32\Config\DEFAULT was cleared updating 754 keys and creating 83 modified pages.
Information	28-10-2021 18:02:03	Microsoft-Windows-Kernel-General	24	(11)	The time zone information was refreshed with exit reason 0. Current time zone bias is -330.
Information	28-10-2021 18:02:03	Microsoft-Windows-Kernel-General	15	(10)	Hive \SystemRoot\System32\Config\SOFTWARE was reorganized with a starting size of 114028544 bytes and an ending size of 107823104 bytes.
Information	28-10-2021 18:01:54	Microsoft-Windows-Ntfs	98	None	Volume \\?\Volume{c386ec05-0800-406a-b64e-447dfac340c8} (\Device\HarddiskVolume4) is healthy.  No action is needed.
Information	28-10-2021 18:01:53	Microsoft-Windows-Ntfs	98	None	Volume E: (\Device\HarddiskVolume5) is healthy.  No action is needed.
Information	28-10-2021 18:01:51	Microsoft-Windows-Ntfs	98	None	Volume \\?\Volume{5db82c8c-c006-49d6-8c98-08debef57484} (\Device\HarddiskVolume6) is healthy.  No action is needed.
Information	28-10-2021 18:01:26	MEIx64	2	None	Intel(R) Management Engine Interface driver has started successfully.
Information	28-10-2021 18:01:24	Microsoft-Windows-Kernel-Power	521	(220)	Active battery count change.
Information	28-10-2021 18:01:24	Microsoft-Windows-Kernel-Power	521	(220)	Active battery count change.
Error	28-10-2021 18:01:24	VBoxNetLwf	12	None	The driver detected an internal driver error on \Device\VBoxNetLwf.
Information	28-10-2021 18:01:24	Microsoft-Windows-Kernel-Processor-Power	55	(47)	"Processor 7 in group 0 exposes the following power management capabilities:

Idle state type: ACPI Idle (C) States (3 state(s))

Performance state type: ACPI Collaborative Processor Performance Control
Nominal Frequency (MHz): 2112
Maximum performance percentage: 200
Minimum performance percentage: 42
Minimum throttle percentage: 4"
