Information	11-11-2021 19:23:42	Microsoft-Windows-Kernel-General	16	None	The access history in hive \??\C:\Users\mahendra\AppData\Local\Packages\AD2F1837.HPSystemEventUtility_v10z8vjag6ke6\SystemAppData\Helium\User.dat was cleared updating 12 keys and creating 1 modified pages.
Information	11-11-2021 19:23:13	Microsoft-Windows-Kernel-General	16	None	The access history in hive \??\C:\Users\mahendra\AppData\Local\Packages\AD2F1837.HPJumpStarts_v10z8vjag6ke6\Settings\settings.dat was cleared updating 4 keys and creating 1 modified pages.
Information	11-11-2021 19:22:44	Microsoft-Windows-WindowsUpdateClient	19	Windows Update Agent	Installation Successful: Windows successfully installed the following update: 2021-11 Cumulative Update for Windows 11 for x64-based Systems (KB5007215)
Information	11-11-2021 19:22:19	Microsoft-Windows-Winlogon	7001	(1101)	User Logon Notification for Customer Experience Improvement Program
Information	11-11-2021 19:22:06	Service Control Manager	7040	None	The start type of the Windows Modules Installer service was changed from auto start to demand start.
Information	11-11-2021 19:18:47	Microsoft-Windows-HttpEvent	15007	None	Reservation for namespace identified by URL prefix http://+:3387/rdp/ was successfully added.
Information	11-11-2021 19:18:47	Microsoft-Windows-HttpEvent	15007	None	Reservation for namespace identified by URL prefix https://+:3392/rdp/ was successfully added.
Information	11-11-2021 19:18:10	Microsoft-Windows-Kernel-General	16	None	The access history in hive \??\C:\Users\Default\NTUSER.DAT was cleared updating 8 keys and creating 4 modified pages.
Information	11-11-2021 19:18:01	Microsoft-Windows-HttpEvent	15008	None	Reservation for namespace identified by URL prefix http://+:3387/rdp/ was successfully deleted.
Information	11-11-2021 19:18:01	Microsoft-Windows-HttpEvent	15008	None	Reservation for namespace identified by URL prefix https://+:3392/rdp/ was successfully deleted.
Information	11-11-2021 19:17:40	Microsoft-Windows-TPM-WMI	1025	None	The TPM was successfully provisioned and is now ready for use.
Information	11-11-2021 19:17:38	Microsoft-Windows-TPM-WMI	1282	None	The TBS device identifier has been generated.
Information	11-11-2021 19:17:28	TPM	18	None	This event triggers the Trusted Platform Module (TPM) provisioning/status check to run.
Information	11-11-2021 19:17:28	Service Control Manager	7026	None	"The following boot-start or system-start driver(s) did not load: 
dam
WinSetupMon"
Information	11-11-2021 19:17:22	Microsoft-Windows-WLAN-AutoConfig	4000	None	"WLAN AutoConfig service has successfully started.
"
Information	11-11-2021 19:17:01	Microsoft-Windows-UserModePowerService	12	(10)	Process C:\Windows\System32\DriverStore\FileRepository\dptf_cpu.inf_amd64_21306a77b30fd6e0\esif_uf.exe (process ID:5084) reset policy scheme from {48684d4a-8524-4093-8a63-ea7132b79c1c} to {48684d4a-8524-4093-8a63-ea7132b79c1c}
Information	11-11-2021 19:17:01	Microsoft-Windows-UserModePowerService	12	(10)	Process C:\Windows\System32\DriverStore\FileRepository\dptf_cpu.inf_amd64_21306a77b30fd6e0\esif_uf.exe (process ID:5084) reset policy scheme from {48684d4a-8524-4093-8a63-ea7132b79c1c} to {48684d4a-8524-4093-8a63-ea7132b79c1c}
Warning	11-11-2021 19:17:00	Microsoft-Windows-Kernel-Processor-Power	37	(7)	The speed of processor 7 in group 0 is being limited by system firmware. The processor has been in this reduced performance state for 71 seconds since the last report.
Information	11-11-2021 19:17:02	RST Middleware	27	None	Found passthru disk: SCSI Port: 0, SCSI Bus: 0, SCSI Target: 1, SATA , 0 bytes, hp       DVDRW GUE1N                   
Information	11-11-2021 19:17:02	RST Middleware	27	None	Found passthru disk: SCSI Port: 0, SCSI Bus: 0, SCSI Target: 0, SATA HDD, 1000204886016 bytes, ST1000LM035-1RK172                     
Information	11-11-2021 19:16:34	Microsoft-Windows-DHCPv6-Client	51046	Service State Event	DHCPv6 client service is started
Information	11-11-2021 19:16:34	Microsoft-Windows-Dhcp-Client	50036	Service State Event	DHCPv4 client service is started
Information	11-11-2021 19:16:34	Microsoft-Windows-Dhcp-Client	50103	Service State Event	DHCPv4 client registered for shutdown notification
Information	11-11-2021 19:16:34	Microsoft-Windows-Dhcp-Client	50036	Service State Event	DHCPv4 client service is started
Information	11-11-2021 19:16:33	Microsoft-Windows-FilterManager	6	None	File System Filter 'bindflt' (10.0, ‎2050‎-‎06‎-‎24T18:22:06.000000000Z) has successfully loaded and registered with Filter Manager.
Information	11-11-2021 19:16:33	Microsoft-Windows-FilterManager	6	None	File System Filter 'storqosflt' (10.0, ‎1990‎-‎03‎-‎04T19:48:49.000000000Z) has successfully loaded and registered with Filter Manager.
Information	11-11-2021 19:16:33	Microsoft-Windows-UserModePowerService	12	(10)	Process C:\Windows\System32\svchost.exe (process ID:1708) reset policy scheme from {48684d4a-8524-4093-8a63-ea7132b79c1c} to {48684d4a-8524-4093-8a63-ea7132b79c1c}
Information	11-11-2021 19:16:33	Microsoft-Windows-FilterManager	6	None	File System Filter 'CldFlt' (10.0, ‎1986‎-‎05‎-‎22T18:16:22.000000000Z) has successfully loaded and registered with Filter Manager.
Information	11-11-2021 19:16:33	Microsoft-Windows-FilterManager	1	None	File System Filter 'CldFlt' (Version 10.0, ‎1986‎-‎05‎-‎22T18:16:22.000000000Z) unloaded successfully.
Information	11-11-2021 19:16:33	Microsoft-Windows-FilterManager	6	None	File System Filter 'CldFlt' (10.0, ‎1986‎-‎05‎-‎22T18:16:22.000000000Z) has successfully loaded and registered with Filter Manager.
Information	11-11-2021 19:16:32	Microsoft-Windows-FilterManager	6	None	File System Filter 'wcifs' (10.0, ‎1970‎-‎02‎-‎13T21:42:24.000000000Z) has successfully loaded and registered with Filter Manager.
Information	11-11-2021 19:16:32	Microsoft-Windows-FilterManager	6	None	File System Filter 'luafv' (10.0, ‎2058‎-‎03‎-‎26T06:07:33.000000000Z) has successfully loaded and registered with Filter Manager.
Information	11-11-2021 19:16:30	Microsoft-Windows-Directory-Services-SAM	16983	None	"The security account manager is now logging periodic summary events for remote clients that call legacy password change or set RPC methods.

For more information please see https://go.microsoft.com/fwlink/?linkid=2150956.
"
Information	11-11-2021 19:16:30	Microsoft-Windows-Directory-Services-SAM	16977	None	"The domain is configured with the following minimum password length-related settings.

MinimumPasswordLength: 0

RelaxMinimumPasswordLengthLimits: 0

MinimumPasswordLengthAudit: -1

For more information see https://go.microsoft.com/fwlink/?LinkId=2097191.
"
Information	11-11-2021 19:16:30	Microsoft-Windows-Directory-Services-SAM	16962	None	"Remote calls to the SAM database are being restricted using the default security descriptor: O:SYG:SYD:(A;;RC;;;BA).
For more information please see http://go.microsoft.com/fwlink/?LinkId=787651."
Information	11-11-2021 19:16:29	Microsoft-Windows-Wininit	14	None	Credential Guard configuration: 0x0, 0
Information	11-11-2021 19:16:24	Microsoft-Windows-Kernel-General	24	(11)	The time zone information was refreshed with exit reason 0. Current time zone bias is -330.
Information	11-11-2021 19:16:14	Microsoft-Windows-Ntfs	98	None	Volume \\?\Volume{c386ec05-0800-406a-b64e-447dfac340c8} (\Device\HarddiskVolume4) is healthy.  No action is needed.
Information	11-11-2021 19:16:13	Microsoft-Windows-Ntfs	98	None	Volume E: (\Device\HarddiskVolume5) is healthy.  No action is needed.
Information	11-11-2021 19:16:11	Microsoft-Windows-Ntfs	98	None	Volume \\?\Volume{5db82c8c-c006-49d6-8c98-08debef57484} (\Device\HarddiskVolume6) is healthy.  No action is needed.
Information	11-11-2021 19:15:49	MEIx64	2	None	Intel(R) Management Engine Interface driver has started successfully.
Information	11-11-2021 19:15:49	Microsoft-Windows-Kernel-Power	521	(220)	Active battery count change.
Information	11-11-2021 19:15:49	Microsoft-Windows-Kernel-Power	521	(220)	Active battery count change.
Error	11-11-2021 19:15:49	VBoxNetLwf	12	None	The driver detected an internal driver error on \Device\VBoxNetLwf.
Information	11-11-2021 19:15:49	Microsoft-Windows-Kernel-Processor-Power	55	(47)	"Processor 7 in group 0 exposes the following power management capabilities:

Idle state type: ACPI Idle (C) States (3 state(s))

Performance state type: ACPI Collaborative Processor Performance Control
Nominal Frequency (MHz): 2112
Maximum performance percentage: 200
Minimum performance percentage: 42
Minimum throttle percentage: 4"
Information	11-11-2021 19:15:49	Microsoft-Windows-Kernel-Processor-Power	55	(47)	"Processor 5 in group 0 exposes the following power management capabilities:

Idle state type: ACPI Idle (C) States (3 state(s))

Performance state type: ACPI Collaborative Processor Performance Control
Nominal Frequency (MHz): 2112
Maximum performance percentage: 200
Minimum performance percentage: 38
Minimum throttle percentage: 4"
Information	11-11-2021 19:15:49	Microsoft-Windows-Kernel-Processor-Power	55	(47)	"Processor 3 in group 0 exposes the following power management capabilities:

Idle state type: ACPI Idle (C) States (3 state(s))

Performance state type: ACPI Collaborative Processor Performance Control
Nominal Frequency (MHz): 2112
Maximum performance percentage: 200
Minimum performance percentage: 38
Minimum throttle percentage: 4"
Information	11-11-2021 19:15:49	Microsoft-Windows-Kernel-Processor-Power	55	(47)	"Processor 1 in group 0 exposes the following power management capabilities:

Idle state type: ACPI Idle (C) States (3 state(s))

Performance state type: ACPI Collaborative Processor Performance Control
Nominal Frequency (MHz): 2112
Maximum performance percentage: 200
Minimum performance percentage: 38
Minimum throttle percentage: 4"
Information	11-11-2021 19:15:49	Microsoft-Windows-Kernel-Processor-Power	55	(47)	"Processor 6 in group 0 exposes the following power management capabilities:

Idle state type: ACPI Idle (C) States (3 state(s))

Performance state type: ACPI Collaborative Processor Performance Control
Nominal Frequency (MHz): 2112
Maximum performance percentage: 200
Minimum performance percentage: 38
Minimum throttle percentage: 4"
Information	11-11-2021 19:15:49	Microsoft-Windows-Kernel-Processor-Power	55	(47)	"Processor 4 in group 0 exposes the following power management capabilities:

Idle state type: ACPI Idle (C) States (3 state(s))

Performance state type: ACPI Collaborative Processor Performance Control
Nominal Frequency (MHz): 2112
Maximum performance percentage: 200
Minimum performance percentage: 38
Minimum throttle percentage: 4"
Information	11-11-2021 19:15:49	Microsoft-Windows-Kernel-Processor-Power	55	(47)	"Processor 2 in group 0 exposes the following power management capabilities:

Idle state type: ACPI Idle (C) States (3 state(s))

Performance state type: ACPI Collaborative Processor Performance Control
Nominal Frequency (MHz): 2112
Maximum performance percentage: 200
Minimum performance percentage: 38
Minimum throttle percentage: 4"
Information	11-11-2021 19:15:49	Microsoft-Windows-Kernel-Processor-Power	55	(47)	"Processor 0 in group 0 exposes the following power management capabilities:

Idle state type: ACPI Idle (C) States (3 state(s))

Performance state type: ACPI Collaborative Processor Performance Control
Nominal Frequency (MHz): 2112
Maximum performance percentage: 200
Minimum performance percentage: 19
Minimum throttle percentage: 4"
Information	11-11-2021 19:15:46	Microsoft-Windows-Kernel-Power	172	(203)	Connectivity state in standby: Disconnected, Reason: NIC compliance
Warning	11-11-2021 19:15:45	Microsoft-Windows-Kernel-PnP	219	(212)	The driver \Driver\WudfRd failed to load for the device PCI\VEN_8086&DEV_1903&SUBSYS_86B4103C&REV_0C\3&11583659&2&20.
Information	11-11-2021 19:15:45	Microsoft-Windows-DriverFrameworks-UserMode	10118	Startup of the UMDF reflector	UMDF reflector is unable to connect to service control manager (SCM). This is expected during boot, when SCM has not started yet. Will retry when it starts.
Information	11-11-2021 19:15:43	Microsoft-Windows-FilterManager	6	None	File System Filter 'npsvctrig' (10.0, ‎2104‎-‎06‎-‎16T05:01:44.000000000Z) has successfully loaded and registered with Filter Manager.
Information	11-11-2021 19:15:39	Microsoft-Windows-FilterManager	6	None	File System Filter 'FileCrypt' (10.0, ‎2102‎-‎10‎-‎25T08:50:26.000000000Z) has successfully loaded and registered with Filter Manager.
Information	11-11-2021 19:15:35	Microsoft-Windows-Ntfs	98	None	Volume C: (\Device\HarddiskVolume3) is healthy.  No action is needed.
Information	11-11-2021 19:15:30	Microsoft-Windows-FilterManager	6	None	File System Filter 'WdFilter' (10.0, ‎2043‎-‎02‎-‎28T19:25:46.000000000Z) has successfully loaded and registered with Filter Manager.
Information	11-11-2021 19:15:30	Microsoft-Windows-FilterManager	6	None	File System Filter 'Wof' (10.0, ‎2061‎-‎09‎-‎05T19:26:37.000000000Z) has successfully loaded and registered with Filter Manager.
Information	11-11-2021 19:15:30	Microsoft-Windows-FilterManager	6	None	File System Filter 'FileInfo' (10.0, ‎1970‎-‎09‎-‎04T04:26:45.000000000Z) has successfully loaded and registered with Filter Manager.
Information	11-11-2021 19:15:29	Microsoft-Windows-HAL	16	None	The iommu fault reporting has been initialized.
Information	11-11-2021 19:15:29	Microsoft-Windows-Kernel-General	20	(6)	"The leap second configuration has been updated.
Reason: Leap second data initialized from registry during boot
Leap seconds enabled: true
New leap second count: 0
Old leap second count: 0"
Information	11-11-2021 19:15:29	Microsoft-Windows-Kernel-Boot	30	(21)	The firmware reported boot metrics.
Information	11-11-2021 19:15:29	Microsoft-Windows-Kernel-Boot	27	(33)	The boot type was 0x0.
Information	11-11-2021 19:15:29	Microsoft-Windows-Kernel-Boot	25	(32)	The boot menu policy was 0x1.
Information	11-11-2021 19:15:29	Microsoft-Windows-Kernel-Boot	238	(101)	EFI time zone bias: 2047. Daylight flags: 0. Firmware time: ‎2021‎-‎11‎-‎11T19:15:27.000000000Z.
Information	11-11-2021 19:15:29	Microsoft-Windows-Kernel-Boot	20	(31)	The last shutdown's success status was true. The last boot's success status was true.
Information	11-11-2021 19:15:29	Microsoft-Windows-Kernel-Boot	32	(58)	The bootmgr spent 0 ms waiting for user input.
Information	11-11-2021 19:15:29	Microsoft-Windows-Kernel-Boot	18	(57)	There are 0x1 boot options on this system.
Information	11-11-2021 19:15:29	Microsoft-Windows-Kernel-Boot	153	(62)	Virtualization-based security (policies: 0) is disabled.
Information	11-11-2021 19:15:29	Microsoft-Windows-Kernel-General	12	(1)	The operating system started at system time ‎2021‎-‎11‎-‎11T13:45:28.500000000Z.
Information	11-11-2021 19:15:09	Microsoft-Windows-Kernel-General	13	(2)	The operating system is shutting down at system time ‎2021‎-‎11‎-‎11T13:45:09.026840200Z.
Information	11-11-2021 19:15:00	Microsoft-Windows-WLAN-AutoConfig	4001	None	"WLAN AutoConfig service has successfully stopped.
"
Information	11-11-2021 19:14:51	Microsoft-Windows-Kernel-Power	109	(103)	"The kernel power manager has initiated a shutdown transition.

Shutdown Reason: Kernel API"
Information	11-11-2021 19:16:50	EventLog	6013	None	The system uptime is 82 seconds.
Information	11-11-2021 19:16:50	EventLog	6005	None	The Event log service was started.
Information	11-11-2021 19:16:50	EventLog	6009	None	Microsoft (R) Windows (R) 10.00. 22000  Multiprocessor Free.
Information	11-11-2021 19:14:44	Microsoft-Windows-Dhcp-Client	50037	Service State Event	DHCPv4 client service is stopped. ShutDown Flag value is 1
Information	11-11-2021 19:14:44	Microsoft-Windows-Dhcp-Client	50106	Service State Event	DHCPv4 is waiting on DHCPv6 service to stop
Information	11-11-2021 19:14:44	Microsoft-Windows-DHCPv6-Client	51057	Service State Event	DHCPv6 client service stop is almost done.DHCP Context Ref count is 1
Information	11-11-2021 19:14:44	Microsoft-Windows-DHCPv6-Client	51047	Service State Event	DHCPv6 client service is stopped. ShutDown Flag value is 1
Information	11-11-2021 19:14:43	Microsoft-Windows-Dhcp-Client	50105	Service State Event	DHCPv4 client ProcessDHCPRequestForever received TERMINATE_EVENT
Information	11-11-2021 19:14:43	Microsoft-Windows-Dhcp-Client	50104	Service State Event	DHCPv4 client received shutdown notification
Information	11-11-2021 19:14:44	EventLog	6006	None	The Event log service was stopped.
Information	11-11-2021 19:11:32	Microsoft-Windows-Winlogon	7002	(1102)	User Logoff Notification for Customer Experience Improvement Program
Information	11-11-2021 19:11:10	User32	1074	None	"The process C:\WINDOWS\system32\MoNotificationUx.exe (LAPTOP-7EVMU4TQ) has initiated the restart of computer LAPTOP-7EVMU4TQ on behalf of user LAPTOP-7EVMU4TQ\mahendra for the following reason: Operating System: Service pack (Planned)
 Reason Code: 0x80020010
 Shutdown Type: restart
 Comment: "
Warning	11-11-2021 18:50:58	Microsoft-Windows-DistributedCOM	10016	None	"The application-specific permission settings do not grant Local Activation permission for the COM Server application with CLSID 
{2593F8B9-4EAF-457C-B68A-50F6B8EA6B54}
 and APPID 
{15C20B67-12E7-4BB6-92BB-7AFF07997402}
 to the user LAPTOP-7EVMU4TQ\mahendra SID (S-1-5-21-38077573-387163758-1783380300-1002) from address LocalHost (Using LRPC) running in the application container Unavailable SID (Unavailable). This security permission can be modified using the Component Services administrative tool."
Warning	11-11-2021 18:49:41	Microsoft-Windows-DistributedCOM	10016	None	"The application-specific permission settings do not grant Local Activation permission for the COM Server application with CLSID 
{2593F8B9-4EAF-457C-B68A-50F6B8EA6B54}
 and APPID 
{15C20B67-12E7-4BB6-92BB-7AFF07997402}
 to the user LAPTOP-7EVMU4TQ\mahendra SID (S-1-5-21-38077573-387163758-1783380300-1002) from address LocalHost (Using LRPC) running in the application container Unavailable SID (Unavailable). This security permission can be modified using the Component Services administrative tool."
Warning	11-11-2021 18:43:00	Microsoft-Windows-DistributedCOM	10016	None	"The application-specific permission settings do not grant Local Activation permission for the COM Server application with CLSID 
{2593F8B9-4EAF-457C-B68A-50F6B8EA6B54}
 and APPID 
{15C20B67-12E7-4BB6-92BB-7AFF07997402}
 to the user LAPTOP-7EVMU4TQ\mahendra SID (S-1-5-21-38077573-387163758-1783380300-1002) from address LocalHost (Using LRPC) running in the application container Unavailable SID (Unavailable). This security permission can be modified using the Component Services administrative tool."
Information	11-11-2021 18:15:12	Microsoft-Windows-WindowsUpdateClient	44	Windows Update Agent	Windows Update started downloading an update.
Information	11-11-2021 18:15:12	Microsoft-Windows-WindowsUpdateClient	44	Windows Update Agent	Windows Update started downloading an update.
Information	11-11-2021 18:15:12	Microsoft-Windows-WindowsUpdateClient	44	Windows Update Agent	Windows Update started downloading an update.
Information	11-11-2021 18:15:06	Microsoft-Windows-WindowsUpdateClient	44	Windows Update Agent	Windows Update started downloading an update.
Information	11-11-2021 18:15:06	Microsoft-Windows-WindowsUpdateClient	44	Windows Update Agent	Windows Update started downloading an update.
Information	11-11-2021 18:15:06	Microsoft-Windows-WindowsUpdateClient	44	Windows Update Agent	Windows Update started downloading an update.
Information	11-11-2021 18:15:00	Microsoft-Windows-WindowsUpdateClient	44	Windows Update Agent	Windows Update started downloading an update.
Information	11-11-2021 18:15:00	Microsoft-Windows-WindowsUpdateClient	44	Windows Update Agent	Windows Update started downloading an update.
Information	11-11-2021 18:11:29	Service Control Manager	7040	None	The start type of the Background Intelligent Transfer Service service was changed from auto start to demand start.
Information	11-11-2021 18:09:08	Service Control Manager	7040	None	The start type of the Background Intelligent Transfer Service service was changed from demand start to auto start.
Warning	11-11-2021 18:07:30	Microsoft-Windows-DistributedCOM	10016	None	"The application-specific permission settings do not grant Local Activation permission for the COM Server application with CLSID 
{2593F8B9-4EAF-457C-B68A-50F6B8EA6B54}
 and APPID 
{15C20B67-12E7-4BB6-92BB-7AFF07997402}
 to the user LAPTOP-7EVMU4TQ\mahendra SID (S-1-5-21-38077573-387163758-1783380300-1002) from address LocalHost (Using LRPC) running in the application container Unavailable SID (Unavailable). This security permission can be modified using the Component Services administrative tool."
Warning	11-11-2021 18:07:30	Microsoft-Windows-DistributedCOM	10016	None	"The application-specific permission settings do not grant Local Activation permission for the COM Server application with CLSID 
{2593F8B9-4EAF-457C-B68A-50F6B8EA6B54}
 and APPID 
{15C20B67-12E7-4BB6-92BB-7AFF07997402}
 to the user LAPTOP-7EVMU4TQ\mahendra SID (S-1-5-21-38077573-387163758-1783380300-1002) from address LocalHost (Using LRPC) running in the application container Unavailable SID (Unavailable). This security permission can be modified using the Component Services administrative tool."
Warning	11-11-2021 18:05:45	Microsoft-Windows-DistributedCOM	10016	None	"The application-specific permission settings do not grant Local Activation permission for the COM Server application with CLSID 
{2593F8B9-4EAF-457C-B68A-50F6B8EA6B54}
 and APPID 
{15C20B67-12E7-4BB6-92BB-7AFF07997402}
 to the user LAPTOP-7EVMU4TQ\mahendra SID (S-1-5-21-38077573-387163758-1783380300-1002) from address LocalHost (Using LRPC) running in the application container Unavailable SID (Unavailable). This security permission can be modified using the Component Services administrative tool."
Warning	11-11-2021 18:05:35	Microsoft-Windows-DistributedCOM	10016	None	"The application-specific permission settings do not grant Local Activation permission for the COM Server application with CLSID 
{2593F8B9-4EAF-457C-B68A-50F6B8EA6B54}
 and APPID 
{15C20B67-12E7-4BB6-92BB-7AFF07997402}
 to the user LAPTOP-7EVMU4TQ\mahendra SID (S-1-5-21-38077573-387163758-1783380300-1002) from address LocalHost (Using LRPC) running in the application container Unavailable SID (Unavailable). This security permission can be modified using the Component Services administrative tool."
Error	11-11-2021 18:04:20	Server	2505	None	The server could not bind to the transport \Device\NetBT_Tcpip_{9F961AE3-9423-4C8B-AB48-B1886999008B} because another computer on the network has the same name.  The server could not start.
Warning	11-11-2021 17:58:04	Microsoft-Windows-DNS-Client	1014	(1014)	Name resolution for the name ipv4only.arpa. timed out after none of the configured DNS servers responded. Client PID 2236.
Information	11-11-2021 17:42:44	Service Control Manager	7040	None	The start type of the Background Intelligent Transfer Service service was changed from auto start to demand start.
Information	11-11-2021 17:40:10	Service Control Manager	7040	None	The start type of the Background Intelligent Transfer Service service was changed from demand start to auto start.
Warning	11-11-2021 17:38:21	Microsoft-Windows-DistributedCOM	10016	None	"The application-specific permission settings do not grant Local Activation permission for the COM Server application with CLSID 
{2593F8B9-4EAF-457C-B68A-50F6B8EA6B54}
 and APPID 
{15C20B67-12E7-4BB6-92BB-7AFF07997402}
 to the user LAPTOP-7EVMU4TQ\mahendra SID (S-1-5-21-38077573-387163758-1783380300-1002) from address LocalHost (Using LRPC) running in the application container Unavailable SID (Unavailable). This security permission can be modified using the Component Services administrative tool."
Warning	11-11-2021 16:29:42	Microsoft-Windows-DistributedCOM	10016	None	"The application-specific permission settings do not grant Local Activation permission for the COM Server application with CLSID 
{2593F8B9-4EAF-457C-B68A-50F6B8EA6B54}
 and APPID 
{15C20B67-12E7-4BB6-92BB-7AFF07997402}
 to the user LAPTOP-7EVMU4TQ\mahendra SID (S-1-5-21-38077573-387163758-1783380300-1002) from address LocalHost (Using LRPC) running in the application container Unavailable SID (Unavailable). This security permission can be modified using the Component Services administrative tool."
Information	11-11-2021 15:56:55	Microsoft-Windows-Kernel-General	16	None	The access history in hive \??\C:\Users\mahendra\AppData\Local\Packages\AD2F1837.HPSupportAssistant_v10z8vjag6ke6\Settings\settings.dat was cleared updating 9 keys and creating 1 modified pages.
Information	11-11-2021 15:56:50	Microsoft-Windows-Kernel-General	16	None	The access history in hive \??\C:\Users\mahendra\AppData\Local\Packages\Microsoft.MicrosoftOfficeHub_8wekyb3d8bbwe\Settings\settings.dat was cleared updating 3 keys and creating 1 modified pages.
Information	11-11-2021 15:38:51	Microsoft-Windows-WindowsUpdateClient	19	Windows Update Agent	Installation Successful: Windows successfully installed the following update: Security Intelligence Update for Microsoft Defender Antivirus - KB2267602 (Version 1.353.804.0)
Information	11-11-2021 15:37:19	Microsoft-Windows-WindowsUpdateClient	43	Windows Update Agent	Installation Started: Windows has started installing the following update: Security Intelligence Update for Microsoft Defender Antivirus - KB2267602 (Version 1.353.804.0)
Information	11-11-2021 15:36:18	Microsoft-Windows-WindowsUpdateClient	44	Windows Update Agent	Windows Update started downloading an update.
Information	11-11-2021 15:33:46	Microsoft-Windows-Kernel-General	16	None	The access history in hive \??\C:\Users\mahendra\AppData\Local\Packages\MicrosoftTeams_8wekyb3d8bbwe\Settings\settings.dat was cleared updating 2 keys and creating 1 modified pages.
Information	11-11-2021 15:30:05	Microsoft-Windows-Kernel-General	16	None	The access history in hive \??\C:\ProgramData\Packages\Microsoft.WindowsTerminal_8wekyb3d8bbwe\S-1-5-21-38077573-387163758-1783380300-1002\SystemAppData\Helium\Cache\b33bc60424b98cae_COM15.dat was cleared updating 1 keys and creating 1 modified pages.
Information	11-11-2021 15:30:04	Microsoft-Windows-Kernel-General	16	None	The access history in hive \??\C:\Users\mahendra\AppData\Local\Packages\Microsoft.WindowsTerminal_8wekyb3d8bbwe\SystemAppData\Helium\UserClasses.dat was cleared updating 6 keys and creating 1 modified pages.
Information	11-11-2021 15:30:04	Microsoft-Windows-Kernel-General	16	None	The access history in hive \??\C:\Users\mahendra\AppData\Local\Packages\Microsoft.WindowsTerminal_8wekyb3d8bbwe\SystemAppData\Helium\User.dat was cleared updating 1 keys and creating 1 modified pages.
Information	11-11-2021 15:26:36	Microsoft-Windows-Winlogon	7001	(1101)	User Logon Notification for Customer Experience Improvement Program
Information	11-11-2021 15:26:27	Microsoft-Windows-Kernel-Power	566	(268)	"The system session has transitioned from 1 to 3.

Reason: 10"
Information	11-11-2021 15:14:49	Service Control Manager	7040	None	The start type of the Windows Modules Installer service was changed from demand start to auto start.
Information	11-11-2021 15:14:42	Service Control Manager	7040	None	The start type of the Windows Modules Installer service was changed from auto start to demand start.
Information	11-11-2021 15:13:31	Microsoft-Windows-Ntfs	98	None	Volume Windows (\Device\HarddiskVolumeShadowCopy12) is healthy.  No action is needed.
Information	11-11-2021 15:12:02	Service Control Manager	7040	None	The start type of the Windows Modules Installer service was changed from demand start to auto start.
Information	11-11-2021 15:11:10	Microsoft-Windows-WindowsUpdateClient	43	Windows Update Agent	Installation Started: Windows has started installing the following update: 2021-11 Cumulative Update for Windows 11 for x64-based Systems (KB5007215)
Information	11-11-2021 15:05:03	Service Control Manager	7045	None	"A service was installed in the system.

Service Name:  Intel(R) Driver & Support Assistant Updater
Service File Name:  ""C:\Program Files (x86)\Intel\Driver and Support Assistant\DSAUpdateService.exe""
Service Type:  user mode service
Service Start Type:  demand start
Service Account:  LocalSystem"
Information	11-11-2021 15:05:03	Service Control Manager	7045	None	"A service was installed in the system.

Service Name:  Intel(R) Driver & Support Assistant
Service File Name:  ""C:\Program Files (x86)\Intel\Driver and Support Assistant\DSAService.exe""
Service Type:  user mode service
Service Start Type:  auto start
Service Account:  LocalSystem"
Information	11-11-2021 15:04:37	Microsoft-Windows-Ntfs	98	None	Volume Windows (\Device\HarddiskVolumeShadowCopy11) is healthy.  No action is needed.
Information	11-11-2021 15:04:26	Volsnap	33	None	The oldest shadow copy of volume C: was deleted to keep disk space usage for shadow copies of volume C: below the user defined limit.
Information	11-11-2021 15:03:05	Microsoft-Windows-WindowsUpdateClient	19	Windows Update Agent	Installation Successful: Windows successfully installed the following update: Windows Malicious Software Removal Tool x64 - v5.95 (KB890830)
Information	11-11-2021 15:02:44	Service Control Manager	7040	None	The start type of the Background Intelligent Transfer Service service was changed from auto start to demand start.
Information	11-11-2021 15:00:40	Service Control Manager	7040	None	The start type of the Background Intelligent Transfer Service service was changed from demand start to auto start.
Error	11-11-2021 15:00:36	Service Control Manager	7009	None	A timeout was reached (30000 milliseconds) while waiting for the Intel(R) SUR QC Software Asset Manager service to connect.
Information	11-11-2021 14:59:53	Microsoft-Windows-Kernel-Power	566	(268)	"The system session has transitioned from 0 to 1.

Reason: 10"
Information	11-11-2021 14:58:04	Service Control Manager	7040	None	The start type of the Windows Modules Installer service was changed from auto start to demand start.
Information	11-11-2021 14:58:01	Service Control Manager	7040	None	The start type of the Windows Modules Installer service was changed from demand start to auto start.
Information	11-11-2021 14:56:52	Microsoft-Windows-WindowsUpdateClient	43	Windows Update Agent	Installation Started: Windows has started installing the following update: Windows Malicious Software Removal Tool x64 - v5.95 (KB890830)
Information	11-11-2021 14:56:40	Microsoft-Windows-WindowsUpdateClient	19	Windows Update Agent	Installation Successful: Windows successfully installed the following update: Security Intelligence Update for Microsoft Defender Antivirus - KB2267602 (Version 1.353.794.0)
Information	11-11-2021 14:56:40	Microsoft-Windows-WindowsUpdateClient	44	Windows Update Agent	Windows Update started downloading an update.
Information	11-11-2021 14:55:01	Microsoft-Windows-WindowsUpdateClient	43	Windows Update Agent	Installation Started: Windows has started installing the following update: Security Intelligence Update for Microsoft Defender Antivirus - KB2267602 (Version 1.353.794.0)
Information	11-11-2021 14:55:01	Microsoft-Windows-WindowsUpdateClient	44	Windows Update Agent	Windows Update started downloading an update.
Information	11-11-2021 14:55:01	Microsoft-Windows-WindowsUpdateClient	44	Windows Update Agent	Windows Update started downloading an update.
Information	11-11-2021 14:54:23	Service Control Manager	7040	None	The start type of the Background Intelligent Transfer Service service was changed from auto start to demand start.
Information	11-11-2021 14:53:47	Microsoft-Windows-Kernel-General	16	None	The access history in hive \??\C:\WINDOWS\System32\config\COMPONENTS was cleared updating 71183 keys and creating 8512 modified pages.
Error	11-11-2021 14:50:58	Service Control Manager	7009	None	A timeout was reached (45000 milliseconds) while waiting for the Intel(R) SUR QC Software Asset Manager service to connect.
Information	11-11-2021 14:50:51	Microsoft-Windows-TPM-WMI	1025	None	The TPM was successfully provisioned and is now ready for use.
Information	11-11-2021 14:50:50	Microsoft-Windows-TPM-WMI	1282	None	The TBS device identifier has been generated.
Warning	11-11-2021 14:50:24	Microsoft-Windows-Kernel-Processor-Power	37	(7)	The speed of processor 7 in group 0 is being limited by system firmware. The processor has been in this reduced performance state for 71 seconds since the last report.
Information	11-11-2021 14:50:18	TPM	18	None	This event triggers the Trusted Platform Module (TPM) provisioning/status check to run.
Information	11-11-2021 14:50:18	Service Control Manager	7026	None	"The following boot-start or system-start driver(s) did not load: 
dam
WinSetupMon"
Information	11-11-2021 14:50:06	Microsoft-Windows-WLAN-AutoConfig	4000	None	"WLAN AutoConfig service has successfully started.
"
Information	11-11-2021 14:49:59	Microsoft-Windows-UserModePowerService	12	(10)	Process C:\Windows\System32\DriverStore\FileRepository\dptf_cpu.inf_amd64_21306a77b30fd6e0\esif_uf.exe (process ID:2060) reset policy scheme from {48684d4a-8524-4093-8a63-ea7132b79c1c} to {48684d4a-8524-4093-8a63-ea7132b79c1c}
Information	11-11-2021 14:49:59	Microsoft-Windows-UserModePowerService	12	(10)	Process C:\Windows\System32\DriverStore\FileRepository\dptf_cpu.inf_amd64_21306a77b30fd6e0\esif_uf.exe (process ID:2060) reset policy scheme from {48684d4a-8524-4093-8a63-ea7132b79c1c} to {48684d4a-8524-4093-8a63-ea7132b79c1c}
Information	11-11-2021 14:49:50	Microsoft-Windows-FilterManager	6	None	File System Filter 'bindflt' (10.0, ‎1970‎-‎08‎-‎19T06:40:34.000000000Z) has successfully loaded and registered with Filter Manager.
Information	11-11-2021 14:49:50	Microsoft-Windows-FilterManager	6	None	File System Filter 'storqosflt' (10.0, ‎1990‎-‎03‎-‎04T19:48:49.000000000Z) has successfully loaded and registered with Filter Manager.
Information	11-11-2021 14:49:50	Microsoft-Windows-UserModePowerService	12	(10)	Process C:\Windows\System32\svchost.exe (process ID:1752) reset policy scheme from {48684d4a-8524-4093-8a63-ea7132b79c1c} to {48684d4a-8524-4093-8a63-ea7132b79c1c}
Information	11-11-2021 14:49:50	Microsoft-Windows-DHCPv6-Client	51046	Service State Event	DHCPv6 client service is started
Information	11-11-2021 14:49:50	Microsoft-Windows-Dhcp-Client	50036	Service State Event	DHCPv4 client service is started
Information	11-11-2021 14:49:50	Microsoft-Windows-Dhcp-Client	50103	Service State Event	DHCPv4 client registered for shutdown notification
Information	11-11-2021 14:49:50	Microsoft-Windows-Dhcp-Client	50036	Service State Event	DHCPv4 client service is started
Information	11-11-2021 14:49:49	Microsoft-Windows-FilterManager	6	None	File System Filter 'CldFlt' (10.0, ‎1986‎-‎05‎-‎22T18:16:22.000000000Z) has successfully loaded and registered with Filter Manager.
Information	11-11-2021 14:49:49	Microsoft-Windows-FilterManager	1	None	File System Filter 'CldFlt' (Version 10.0, ‎1986‎-‎05‎-‎22T18:16:22.000000000Z) unloaded successfully.
Information	11-11-2021 14:49:49	Microsoft-Windows-FilterManager	6	None	File System Filter 'CldFlt' (10.0, ‎1986‎-‎05‎-‎22T18:16:22.000000000Z) has successfully loaded and registered with Filter Manager.
Information	11-11-2021 14:49:49	Microsoft-Windows-FilterManager	6	None	File System Filter 'luafv' (10.0, ‎2058‎-‎03‎-‎26T06:07:33.000000000Z) has successfully loaded and registered with Filter Manager.
Information	11-11-2021 14:49:49	Microsoft-Windows-FilterManager	6	None	File System Filter 'wcifs' (10.0, ‎1991‎-‎06‎-‎21T12:00:29.000000000Z) has successfully loaded and registered with Filter Manager.
Information	11-11-2021 14:49:48	Microsoft-Windows-Directory-Services-SAM	16983	None	"The security account manager is now logging periodic summary events for remote clients that call legacy password change or set RPC methods.

For more information please see https://go.microsoft.com/fwlink/?linkid=2150956.
"
Information	11-11-2021 14:49:48	Microsoft-Windows-Directory-Services-SAM	16977	None	"The domain is configured with the following minimum password length-related settings.

MinimumPasswordLength: 0

RelaxMinimumPasswordLengthLimits: 0

MinimumPasswordLengthAudit: -1

For more information see https://go.microsoft.com/fwlink/?LinkId=2097191.
"
Information	11-11-2021 14:49:48	Microsoft-Windows-Directory-Services-SAM	16962	None	"Remote calls to the SAM database are being restricted using the default security descriptor: O:SYG:SYD:(A;;RC;;;BA).
For more information please see http://go.microsoft.com/fwlink/?LinkId=787651."
Information	11-11-2021 14:49:47	Microsoft-Windows-Wininit	14	None	Credential Guard configuration: 0x0, 0
Information	11-11-2021 14:49:44	Microsoft-Windows-Kernel-General	16	None	The access history in hive \Device\HarddiskVolume1\EFI\Microsoft\Boot\BCD was cleared updating 73 keys and creating 8 modified pages.
Information	11-11-2021 14:49:44	Microsoft-Windows-Kernel-General	24	(11)	The time zone information was refreshed with exit reason 0. Current time zone bias is -330.
Information	11-11-2021 14:49:37	Microsoft-Windows-Kernel-General	16	None	The access history in hive \Device\HarddiskVolume1\EFI\Microsoft\Boot\BCD was cleared updating 73 keys and creating 8 modified pages.
Information	11-11-2021 14:49:37	Microsoft-Windows-Kernel-General	16	None	The access history in hive \Device\HarddiskVolume1\EFI\Microsoft\Boot\BCD was cleared updating 73 keys and creating 8 modified pages.
Information	11-11-2021 14:49:36	Microsoft-Windows-Ntfs	98	None	Volume \\?\Volume{c386ec05-0800-406a-b64e-447dfac340c8} (\Device\HarddiskVolume4) is healthy.  No action is needed.
Information	11-11-2021 14:49:35	Microsoft-Windows-Kernel-General	16	None	The access history in hive \Device\HarddiskVolume1\EFI\Microsoft\Boot\BCD was cleared updating 73 keys and creating 8 modified pages.
Information	11-11-2021 14:49:35	Microsoft-Windows-Kernel-General	16	None	The access history in hive \Device\HarddiskVolume1\EFI\Microsoft\Boot\BCD was cleared updating 73 keys and creating 8 modified pages.
Information	11-11-2021 14:49:34	Microsoft-Windows-Ntfs	98	None	Volume E: (\Device\HarddiskVolume5) is healthy.  No action is needed.
Information	11-11-2021 14:49:33	Microsoft-Windows-Kernel-General	16	None	The access history in hive \Device\HarddiskVolume1\EFI\Microsoft\Boot\BCD was cleared updating 73 keys and creating 8 modified pages.
Information	11-11-2021 14:49:32	Microsoft-Windows-Ntfs	98	None	Volume \\?\Volume{5db82c8c-c006-49d6-8c98-08debef57484} (\Device\HarddiskVolume6) is healthy.  No action is needed.
Information	11-11-2021 14:49:13	MEIx64	2	None	Intel(R) Management Engine Interface driver has started successfully.
Information	11-11-2021 14:49:13	Microsoft-Windows-Kernel-Power	521	(220)	Active battery count change.
Information	11-11-2021 14:49:13	Microsoft-Windows-Kernel-Power	521	(220)	Active battery count change.
Error	11-11-2021 14:49:13	VBoxNetLwf	12	None	The driver detected an internal driver error on \Device\VBoxNetLwf.
Information	11-11-2021 14:49:13	Microsoft-Windows-Kernel-Processor-Power	55	(47)	"Processor 7 in group 0 exposes the following power management capabilities:

Idle state type: ACPI Idle (C) States (3 state(s))

Performance state type: ACPI Collaborative Processor Performance Control
Nominal Frequency (MHz): 2112
Maximum performance percentage: 200
Minimum performance percentage: 42
Minimum throttle percentage: 4"
Information	11-11-2021 14:49:12	Microsoft-Windows-Kernel-Processor-Power	55	(47)	"Processor 5 in group 0 exposes the following power management capabilities:

Idle state type: ACPI Idle (C) States (3 state(s))

Performance state type: ACPI Collaborative Processor Performance Control
Nominal Frequency (MHz): 2112
Maximum performance percentage: 200
Minimum performance percentage: 42
Minimum throttle percentage: 4"
Information	11-11-2021 14:49:12	Microsoft-Windows-Kernel-Processor-Power	55	(47)	"Processor 3 in group 0 exposes the following power management capabilities:

Idle state type: ACPI Idle (C) States (3 state(s))

Performance state type: ACPI Collaborative Processor Performance Control
Nominal Frequency (MHz): 2112
Maximum performance percentage: 200
Minimum performance percentage: 42
Minimum throttle percentage: 4"
Information	11-11-2021 14:49:12	Microsoft-Windows-Kernel-Processor-Power	55	(47)	"Processor 1 in group 0 exposes the following power management capabilities:

Idle state type: ACPI Idle (C) States (3 state(s))

Performance state type: ACPI Collaborative Processor Performance Control
Nominal Frequency (MHz): 2112
Maximum performance percentage: 200
Minimum performance percentage: 42
Minimum throttle percentage: 4"
Information	11-11-2021 14:49:12	Microsoft-Windows-Kernel-Processor-Power	55	(47)	"Processor 6 in group 0 exposes the following power management capabilities:

Idle state type: ACPI Idle (C) States (3 state(s))

Performance state type: ACPI Collaborative Processor Performance Control
Nominal Frequency (MHz): 2112
Maximum performance percentage: 200
Minimum performance percentage: 42
Minimum throttle percentage: 4"
Information	11-11-2021 14:49:12	Microsoft-Windows-Kernel-Processor-Power	55	(47)	"Processor 4 in group 0 exposes the following power management capabilities:

Idle state type: ACPI Idle (C) States (3 state(s))

Performance state type: ACPI Collaborative Processor Performance Control
Nominal Frequency (MHz): 2112
Maximum performance percentage: 200
Minimum performance percentage: 38
Minimum throttle percentage: 4"
Information	11-11-2021 14:49:12	Microsoft-Windows-Kernel-Processor-Power	55	(47)	"Processor 2 in group 0 exposes the following power management capabilities:

Idle state type: ACPI Idle (C) States (3 state(s))

Performance state type: ACPI Collaborative Processor Performance Control
Nominal Frequency (MHz): 2112
Maximum performance percentage: 200
Minimum performance percentage: 38
Minimum throttle percentage: 4"
Information	11-11-2021 14:49:12	Microsoft-Windows-Kernel-Processor-Power	55	(47)	"Processor 0 in group 0 exposes the following power management capabilities:

Idle state type: ACPI Idle (C) States (3 state(s))

Performance state type: ACPI Collaborative Processor Performance Control
Nominal Frequency (MHz): 2112
Maximum performance percentage: 200
Minimum performance percentage: 19
Minimum throttle percentage: 4"
Information	11-11-2021 14:49:11	Microsoft-Windows-Kernel-Power	172	(203)	Connectivity state in standby: Disconnected, Reason: NIC compliance
Information	11-11-2021 14:49:11	Microsoft-Windows-Kernel-General	16	None	The access history in hive \Device\HarddiskVolume1\EFI\Microsoft\Boot\BCD was cleared updating 73 keys and creating 8 modified pages.
Warning	11-11-2021 14:49:07	Microsoft-Windows-Kernel-PnP	219	(212)	The driver \Driver\WudfRd failed to load for the device PCI\VEN_8086&DEV_1903&SUBSYS_86B4103C&REV_0C\3&11583659&2&20.
Information	11-11-2021 14:49:07	Microsoft-Windows-DriverFrameworks-UserMode	10118	Startup of the UMDF reflector	UMDF reflector is unable to connect to service control manager (SCM). This is expected during boot, when SCM has not started yet. Will retry when it starts.
Information	11-11-2021 14:49:04	Microsoft-Windows-FilterManager	6	None	File System Filter 'npsvctrig' (10.0, ‎2104‎-‎06‎-‎16T05:01:44.000000000Z) has successfully loaded and registered with Filter Manager.
Information	11-11-2021 14:49:01	Microsoft-Windows-FilterManager	6	None	File System Filter 'FileCrypt' (10.0, ‎2102‎-‎10‎-‎25T08:50:26.000000000Z) has successfully loaded and registered with Filter Manager.
Information	11-11-2021 14:48:57	Microsoft-Windows-Ntfs	98	None	Volume C: (\Device\HarddiskVolume3) is healthy.  No action is needed.
Information	11-11-2021 14:48:54	Microsoft-Windows-FilterManager	6	None	File System Filter 'WdFilter' (10.0, ‎2043‎-‎02‎-‎28T19:25:46.000000000Z) has successfully loaded and registered with Filter Manager.
Information	11-11-2021 14:48:54	Microsoft-Windows-FilterManager	6	None	File System Filter 'Wof' (10.0, ‎2061‎-‎09‎-‎05T19:26:37.000000000Z) has successfully loaded and registered with Filter Manager.
Information	11-11-2021 14:48:54	Microsoft-Windows-FilterManager	6	None	File System Filter 'FileInfo' (10.0, ‎1970‎-‎09‎-‎04T04:26:45.000000000Z) has successfully loaded and registered with Filter Manager.
Information	11-11-2021 14:48:53	Microsoft-Windows-HAL	16	None	The iommu fault reporting has been initialized.
Information	11-11-2021 14:48:53	Microsoft-Windows-Kernel-General	20	(6)	"The leap second configuration has been updated.
Reason: Leap second data initialized from registry during boot
Leap seconds enabled: true
New leap second count: 0
Old leap second count: 0"
Information	11-11-2021 14:48:53	Microsoft-Windows-Kernel-Boot	30	(21)	The firmware reported boot metrics.
Information	11-11-2021 14:48:53	Microsoft-Windows-Kernel-Boot	27	(33)	The boot type was 0x0.
Information	11-11-2021 14:48:53	Microsoft-Windows-Kernel-Boot	25	(32)	The boot menu policy was 0x1.
Information	11-11-2021 14:48:53	Microsoft-Windows-Kernel-Boot	238	(101)	EFI time zone bias: 2047. Daylight flags: 0. Firmware time: ‎2021‎-‎11‎-‎11T14:48:51.000000000Z.
Information	11-11-2021 14:48:53	Microsoft-Windows-Kernel-Boot	20	(31)	The last shutdown's success status was true. The last boot's success status was true.
Information	11-11-2021 14:48:53	Microsoft-Windows-Kernel-Boot	32	(58)	The bootmgr spent 0 ms waiting for user input.
Information	11-11-2021 14:48:53	Microsoft-Windows-Kernel-Boot	18	(57)	There are 0x1 boot options on this system.
Information	11-11-2021 14:48:53	Microsoft-Windows-Kernel-Boot	153	(62)	Virtualization-based security (policies: 0) is disabled.
Information	11-11-2021 14:48:53	Microsoft-Windows-Kernel-General	12	(1)	The operating system started at system time ‎2021‎-‎11‎-‎11T09:18:52.500000000Z.
Information	11-11-2021 14:48:33	Microsoft-Windows-Kernel-General	13	(2)	The operating system is shutting down at system time ‎2021‎-‎11‎-‎11T09:18:33.006562100Z.
Information	11-11-2021 14:48:05	Microsoft-Windows-Kernel-Power	109	(103)	"The kernel power manager has initiated a shutdown transition.

Shutdown Reason: Kernel API"
Information	11-11-2021 14:48:03	Microsoft-Windows-WLAN-AutoConfig	4001	None	"WLAN AutoConfig service has successfully stopped.
"
Information	11-11-2021 14:49:59	RST Middleware	27	None	Found passthru disk: SCSI Port: 0, SCSI Bus: 0, SCSI Target: 1, SATA , 0 bytes, hp       DVDRW GUE1N                   
Information	11-11-2021 14:49:59	RST Middleware	27	None	Found passthru disk: SCSI Port: 0, SCSI Bus: 0, SCSI Target: 0, SATA HDD, 1000204886016 bytes, ST1000LM035-1RK172                     
Information	11-11-2021 14:49:58	EventLog	6013	None	The system uptime is 66 seconds.
Information	11-11-2021 14:49:58	EventLog	6005	None	The Event log service was started.
Information	11-11-2021 14:49:58	EventLog	6009	None	Microsoft (R) Windows (R) 10.00. 22000  Multiprocessor Free.
Information	11-11-2021 14:48:00	Microsoft-Windows-Dhcp-Client	50037	Service State Event	DHCPv4 client service is stopped. ShutDown Flag value is 1
Information	11-11-2021 14:48:00	Microsoft-Windows-Dhcp-Client	50106	Service State Event	DHCPv4 is waiting on DHCPv6 service to stop
Information	11-11-2021 14:47:59	Microsoft-Windows-DHCPv6-Client	51057	Service State Event	DHCPv6 client service stop is almost done.DHCP Context Ref count is 1
Information	11-11-2021 14:47:59	Microsoft-Windows-DHCPv6-Client	51047	Service State Event	DHCPv6 client service is stopped. ShutDown Flag value is 1
Information	11-11-2021 14:47:59	Microsoft-Windows-Dhcp-Client	50105	Service State Event	DHCPv4 client ProcessDHCPRequestForever received TERMINATE_EVENT
Information	11-11-2021 14:47:59	Microsoft-Windows-Dhcp-Client	50104	Service State Event	DHCPv4 client received shutdown notification
Information	11-11-2021 14:47:59	EventLog	6006	None	The Event log service was stopped.
Information	11-11-2021 14:47:43	Microsoft-Windows-Winlogon	7002	(1102)	User Logoff Notification for Customer Experience Improvement Program
Information	11-11-2021 14:47:43	User32	1074	None	"The process C:\WINDOWS\system32\winlogon.exe (LAPTOP-7EVMU4TQ) has initiated the restart of computer LAPTOP-7EVMU4TQ on behalf of user NT AUTHORITY\SYSTEM for the following reason: No title for this reason could be found
 Reason Code: 0x500ff
 Shutdown Type: restart
 Comment: "
Error	11-11-2021 14:47:27	Microsoft-Windows-DistributedCOM	10010	None	The server {FD06603A-2BDF-4BB1-B7DF-5DC68F353601} did not register with DCOM within the required timeout.
Information	11-11-2021 14:47:26	User32	1074	None	"The process Explorer.EXE has initiated the restart of computer LAPTOP-7EVMU4TQ on behalf of user LAPTOP-7EVMU4TQ\mahendra for the following reason: Other (Unplanned)
 Reason Code: 0x0
 Shutdown Type: restart
 Comment: "
Warning	11-11-2021 14:47:22	Microsoft-Windows-DistributedCOM	10016	None	"The application-specific permission settings do not grant Local Activation permission for the COM Server application with CLSID 
{2593F8B9-4EAF-457C-B68A-50F6B8EA6B54}
 and APPID 
{15C20B67-12E7-4BB6-92BB-7AFF07997402}
 to the user LAPTOP-7EVMU4TQ\mahendra SID (S-1-5-21-38077573-387163758-1783380300-1002) from address LocalHost (Using LRPC) running in the application container Unavailable SID (Unavailable). This security permission can be modified using the Component Services administrative tool."
